[2016.07.03-19.37.59:395][  0]Log file open, 07/03/16 12:37:59
[2016.07.03-19.37.59:395][  0]LogInit:Display: Running engine for game: Shooter
[2016.07.03-19.37.59:395][  0]LogPlatformFile: Not using cached read wrapper
[2016.07.03-19.37.59:395][  0]LogInit:Display: RandInit(192762330) SRandInit(192762332).
[2016.07.03-19.37.59:395][  0]LogTaskGraph: Started task graph with 4 named threads and 7 total threads.
[2016.07.03-19.37.59:395][  0]LogStats: Stats thread started at 0.079639
[2016.07.03-19.37.59:395][  0]LogInit: Version: 4.10.4-2872498+++depot+UE4-Releases+4.10
[2016.07.03-19.37.59:395][  0]LogInit: API Version: 2758231
[2016.07.03-19.37.59:395][  0]LogInit: Compiled (64-bit): Feb 18 2016 15:47:04
[2016.07.03-19.37.59:395][  0]LogInit: Compiled with Visual C++: 19.00.23026.00
[2016.07.03-19.37.59:395][  0]LogInit: Build Configuration: Development
[2016.07.03-19.37.59:395][  0]LogInit: Branch Name: ++depot+UE4-Releases+4.10
[2016.07.03-19.37.59:395][  0]LogInit: Command line: -EpicPortal 
[2016.07.03-19.37.59:395][  0]LogInit: Base directory: C:/Program Files (x86)/Epic Games/4.10/Engine/Binaries/Win64/
[2016.07.03-19.37.59:395][  0]LogInit: Rocket: 1
[2016.07.03-19.37.59:403][  0]LogInit: Using libcurl 7.41.0
[2016.07.03-19.37.59:403][  0]LogInit:  - built for x86_64-pc-win32
[2016.07.03-19.37.59:403][  0]LogInit:  - supports SSL with WinSSL
[2016.07.03-19.37.59:403][  0]LogInit:  - other features:
[2016.07.03-19.37.59:403][  0]LogInit:      CURL_VERSION_SSL
[2016.07.03-19.37.59:403][  0]LogInit:      CURL_VERSION_IPV6
[2016.07.03-19.37.59:403][  0]LogInit:      CURL_VERSION_ASYNCHDNS
[2016.07.03-19.37.59:403][  0]LogInit:      CURL_VERSION_LARGEFILE
[2016.07.03-19.37.59:403][  0]LogInit:      CURL_VERSION_IDN
[2016.07.03-19.37.59:403][  0]LogInit:  CurlRequestOptions (configurable via config and command line):
[2016.07.03-19.37.59:403][  0]LogInit:  - bVerifyPeer = true  - Libcurl will verify peer certificate
[2016.07.03-19.37.59:403][  0]LogInit:  - bUseHttpProxy = false  - Libcurl will NOT use HTTP proxy
[2016.07.03-19.37.59:403][  0]LogInit:  - bDontReuseConnections = false  - Libcurl will reuse connections
[2016.07.03-19.37.59:403][  0]LogInit:  - CertBundlePath = nullptr  - Libcurl will use whatever was configured at build time.
[2016.07.03-19.37.59:411][  0]LogInit: Presizing for 0 objects not considered by GC, pre-allocating 0 bytes.
[2016.07.03-19.37.59:418][  0]LogInit: Object subsystem initialized
[2016.07.03-19.37.59:419][  0]LogInit: Selected Device Profile: [Windows]
[2016.07.03-19.37.59:419][  0]LogInit: Applying CVar settings loaded from the selected device profile: [Windows]
[2016.07.03-19.37.59:431][  0]LogInit: Computer: DESKTOP-L2MBQP1
[2016.07.03-19.37.59:431][  0]LogInit: User: NewXB
[2016.07.03-19.37.59:431][  0]LogInit: CPU Page size=4096, Cores=4
[2016.07.03-19.37.59:431][  0]LogInit: High frequency timer resolution =3.263308 MHz
[2016.07.03-19.37.59:431][  0]LogMemory: Memory total: Physical=12.0GB (12GB approx)
[2016.07.03-19.37.59:431][  0]LogMemory: Platform Memory Stats for Windows
[2016.07.03-19.37.59:431][  0]LogMemory: Process Physical Memory: 55.95 MB used, 55.95 MB peak
[2016.07.03-19.37.59:431][  0]LogMemory: Process Virtual Memory: 56.81 MB used, 56.81 MB peak
[2016.07.03-19.37.59:431][  0]LogMemory: Physical Memory: 3683.68 MB used, 12278.98 MB total
[2016.07.03-19.37.59:431][  0]LogMemory: Virtual Memory: 383.57 MB used, 134217728.00 MB total
[2016.07.03-19.37.59:458][  0]LogTextLocalizationManager: No specific translations for ('en-US') exist, so ('en') translations will be used.
[2016.07.03-19.37.59:930][  0]LogD3D11RHI: Found D3D11 adapter 0: NVIDIA GeForce GTX 295 (Feature Level 10_0)
[2016.07.03-19.37.59:930][  0]LogD3D11RHI: Adapter has 863MB of dedicated video memory, 0MB of dedicated system memory, and 3199MB of shared system memory, 2 output[s]
[2016.07.03-19.37.59:932][  0]LogD3D11RHI: Found D3D11 adapter 1: Microsoft Basic Render Driver (Feature Level 11_0)
[2016.07.03-19.37.59:932][  0]LogD3D11RHI: Adapter has 0MB of dedicated video memory, 0MB of dedicated system memory, and 6139MB of shared system memory, 0 output[s]
[2016.07.03-19.37.59:932][  0]LogD3D11RHI: Chosen D3D11 Adapter Id = 0
[2016.07.03-19.37.59:935][  0]LogD3D11RHI: !Direct3DDevice
[2016.07.03-19.37.59:935][  0]LogRHI: Texture pool is 604 MB (70% of 863 MB)
[2016.07.03-19.37.59:944][  0]LogD3D11RHI: Async texture creation enabled
[2016.07.03-19.37.59:965][  0]LogShaderCompilers: Guid format shader working directory is 5 characters bigger than the processId version (../../../../../../Unreal Projects/Shooter/Intermediate/Shaders/WorkingDirectory/7424/).
[2016.07.03-19.37.59:965][  0]LogShaderCompilers: Cleaned the shader compiler working directory 'C:/Users/NewXB/AppData/Local/Temp/UnrealShaderWorkingDir/8EBEBF594A53FDCD5F123DAB7BD7475F/'.
[2016.07.03-19.37.59:965][  0]LogShaderCompilers:Display: Using Local Shader Compiler.
[2016.07.03-19.38.00:755][  0]LogTemp:Display: Loaded TP AllDesktopTargetPlatform
[2016.07.03-19.38.00:760][  0]LogTemp:Display: Loaded TP WindowsClientTargetPlatform
[2016.07.03-19.38.00:765][  0]LogTemp:Display: Loaded TP WindowsNoEditorTargetPlatform
[2016.07.03-19.38.00:770][  0]LogTemp:Display: Loaded TP WindowsServerTargetPlatform
[2016.07.03-19.38.00:775][  0]LogTemp:Display: Loaded TP WindowsTargetPlatform
[2016.07.03-19.38.00:778][  0]LogTemp:Display: Loaded TP AndroidTargetPlatform
[2016.07.03-19.38.00:781][  0]LogTemp:Display: Loaded TP Android_ASTCTargetPlatform
[2016.07.03-19.38.00:784][  0]LogTemp:Display: Loaded TP Android_ATCTargetPlatform
[2016.07.03-19.38.00:787][  0]LogTemp:Display: Loaded TP Android_DXTTargetPlatform
[2016.07.03-19.38.00:790][  0]LogTemp:Display: Loaded TP Android_ETC1TargetPlatform
[2016.07.03-19.38.00:793][  0]LogTemp:Display: Loaded TP Android_ETC2TargetPlatform
[2016.07.03-19.38.00:798][  0]LogTemp:Display: Loaded TP Android_MultiTargetPlatform
[2016.07.03-19.38.00:798][  0]LogTemp:Display: Loaded TP Android_PVRTCTargetPlatform
[2016.07.03-19.38.00:799][  0]LogTemp:Display: Loaded TP HTML5TargetPlatform
[2016.07.03-19.38.00:816][  0]LogTemp:Display: Loaded TP IOSTargetPlatform
[2016.07.03-19.38.00:818][  0]LogTemp:Display: Loaded TP LinuxNoEditorTargetPlatform
[2016.07.03-19.38.00:821][  0]LogTemp:Display: Loaded TP LinuxServerTargetPlatform
[2016.07.03-19.38.00:824][  0]LogTemp:Display: Loaded TP LinuxTargetPlatform
[2016.07.03-19.38.00:824][  0]LogTargetPlatformManager:Display: Building Assets For Windows
[2016.07.03-19.38.00:919][  0]LogDerivedDataCache:Display: Max Cache Size: 512 MB
[2016.07.03-19.38.00:957][  0]LogDerivedDataCache: Loaded boot cache 0.04s 36MB C:/Users/NewXB/AppData/Local/UnrealEngine/4.10/DerivedDataCache/Boot.ddc.
[2016.07.03-19.38.00:957][  0]LogDerivedDataCache:Display: Loaded Boot cache: C:/Users/NewXB/AppData/Local/UnrealEngine/4.10/DerivedDataCache/Boot.ddc
[2016.07.03-19.38.00:957][  0]LogDerivedDataCache: FDerivedDataBackendGraph:  Pak pak cache file ../../../../../../Unreal Projects/Shooter/DerivedDataCache/DDC.ddp not found, will not use a pak cache.
[2016.07.03-19.38.00:957][  0]LogDerivedDataCache: Unable to find inner node Pak for hierarchical cache Hierarchy.
[2016.07.03-19.38.00:957][  0]LogDerivedDataCache: FDerivedDataBackendGraph:  CompressedPak pak cache file ../../../../../../Unreal Projects/Shooter/DerivedDataCache/Compressed.ddp not found, will not use a pak cache.
[2016.07.03-19.38.00:957][  0]LogDerivedDataCache: Unable to find inner node CompressedPak for hierarchical cache Hierarchy.
[2016.07.03-19.38.01:023][  0]LogDerivedDataCache:Display: Pak cache opened for reading ../../../Engine/DerivedDataCache/Compressed.ddp.
[2016.07.03-19.38.01:035][  0]LogDerivedDataCache: Using Local data cache path C:/Users/NewXB/AppData/Local/UnrealEngine/Common/DerivedDataCache: Writable
[2016.07.03-19.38.01:234][  0]LogInit: Selected Device Profile: [Windows]
[2016.07.03-19.38.01:237][  0]LogContentStreaming: Texture pool size is 0.000000MB
[2016.07.03-19.38.01:343][  0]LogMeshUtilities: No automatic mesh reduction module available
[2016.07.03-19.38.01:343][  0]LogMeshUtilities: No automatic mesh merging module available
[2016.07.03-19.38.01:619][  0]LogInit: WinSock: version 1.1 (2.2), MaxSocks=32767, MaxUdp=65467
[2016.07.03-19.38.02:449][  0]UdpMessaging: Initializing bridge on interface 0.0.0.0:0 to multicast group 230.0.0.1:6666.
[2016.07.03-19.38.02:563][  0]LogAssetRegistry: FAssetRegistry took 0.0109 seconds to start up
[2016.07.03-19.38.02:741][  0]SourceControl: Info Source control is disabled
[2016.07.03-19.38.02:741][  0]SourceControl: Info Source control is disabled
[2016.07.03-19.38.02:756][  0]SourceControl: Info Source control is disabled
[2016.07.03-19.38.02:770][  0]SourceControl: Info Source control is disabled
[2016.07.03-19.38.03:066][  0]LogObj: 28633 objects as part of root set at end of initial load.
[2016.07.03-19.38.03:066][  0]LogUObjectAllocator: 6099752 out of 0 bytes used by permanent object pool.
[2016.07.03-19.38.03:124][  0]LogEngine: Initializing Engine...
[2016.07.03-19.38.03:126][  0]LogHMD: Can't find Oculus library dev build: is proper Runtime installed? Version: 0.8.0.0
[2016.07.03-19.38.03:127][  0]LogHMD: SteamVR failed to initialize.  Err: 110
[2016.07.03-19.38.03:240][  0]LogAIModule: Creating AISystem for world NewWorld
[2016.07.03-19.38.03:245][  0]LogInit: XAudio2 using 'Speakers (High Definition Audio Device)' : 2 channels at 44.1 kHz using 16 bits per sample (channel mask 0x3)
[2016.07.03-19.38.03:262][  0]LogInit: FAudioDevice initialized.
[2016.07.03-19.38.03:282][  0]LogDerivedDataCache: Saved boot cache 0.02s 36MB C:/Users/NewXB/AppData/Local/UnrealEngine/4.10/DerivedDataCache/Boot.ddc.
[2016.07.03-19.38.03:288][  0]LogInit: Texture streaming: Enabled
[2016.07.03-19.38.03:294][  0]LogAnalytics: Creating configured Analytics provider AnalyticsET
[2016.07.03-19.38.03:294][  0]LogAnalytics: [UEEditor.Rocket.Release] APIServer = http://et2.epicgames.com/ET2/. AppVersion = 4.10.4-2872498+++depot+UE4-Releases+4.10
[2016.07.03-19.38.03:294][  0]LogAnalytics: [UEEditor.Rocket.Release] SetUserId ece583814e9348fb62113dbfb66ef682|bccad1b3b1304992b6c7a115ad0c5f38|62b997dc-dbc2-4b17-ab0c-81ec4270b588
[2016.07.03-19.38.03:294][  0]LogAnalytics: [UEEditor.Rocket.Release] AnalyticsET::StartSession
[2016.07.03-19.38.03:334][  0]LogInit: Transaction tracking system initialized
[2016.07.03-19.38.03:385][  0]BlueprintLog: New page: Editor Load
[2016.07.03-19.38.03:471][  0]LocalizationService: Info Localization service is disabled
[2016.07.03-19.38.03:574][  0]LogConsoleResponse:Display: 
[2016.07.03-19.38.03:680][  0]LogCook:Display: Done creating registry. It took  0.00s.
[2016.07.03-19.38.03:745][  0]LogFileCache: Scanning file cache for directory 'C:/Unreal Projects/Shooter/Content/' took 0.02s
[2016.07.03-19.38.03:745][  0]SourceControl: Info Source control is disabled
[2016.07.03-19.38.03:745][  0]Cmd: MAP LOAD FILE="../../../../../../Unreal Projects/Shooter/Content/TwinStickBP/Maps/TwinStickExampleMap.umap" TEMPLATE=0 SHOWPROGRESS=1 FEATURELEVEL=2
[2016.07.03-19.38.03:748][  0]LightingResults: New page: Lighting Build
[2016.07.03-19.38.03:751][  0]MapCheck: New page: Map Check
[2016.07.03-19.38.03:751][  0]LightingResults: New page: Lighting Build
[2016.07.03-19.38.03:765][  0]LogParticles: Destroying 0 GPU particle simulations for FXSystem 0x0000023167486160
[2016.07.03-19.38.05:757][  0]LogAIModule: Creating AISystem for world TwinStickExampleMap
[2016.07.03-19.38.05:782][  0]LogEditorServer: Finished looking for orphan Actors (0.000 secs)
[2016.07.03-19.38.05:783][  0]Cmd: MAP CHECKDEP NOCLEARLOG
[2016.07.03-19.38.05:841][  0]MapCheck: Info Map check complete: 0 Error(s), 0 Warning(s), took 57.974ms to complete.
[2016.07.03-19.38.05:841][  0]LogFileHelpers: Loading map 'TwinStickExampleMap' took 2.096
[2016.07.03-19.38.06:133][  0]LogCollectionManager: Loaded 0 collections in 0.003066 seconds
[2016.07.03-19.38.06:172][  0]LogFileCache: Scanning file cache for directory 'C:/Unreal Projects/Shooter/Saved/Collections/' took 0.01s
[2016.07.03-19.38.06:172][  0]LogFileCache: Scanning file cache for directory 'C:/Unreal Projects/Shooter/Content/Developers/NewXB/Collections/' took 0.01s
[2016.07.03-19.38.06:172][  0]LogFileCache: Scanning file cache for directory 'C:/Unreal Projects/Shooter/Content/Collections/' took 0.01s
[2016.07.03-19.38.06:172][  0]LogCollectionManager: Rebuilt the GUID cache for 0 collections in 0.000002 seconds
[2016.07.03-19.38.06:181][  0]LogContentBrowser: Native class hierarchy populated in 0.0089 seconds. Added 1893 classes and 338 folders.
[2016.07.03-19.38.06:189][  0]LogContentBrowser: Native class hierarchy updated for 'WidgetCarousel' in 0.0004 seconds. Added 0 classes and 0 folders.
[2016.07.03-19.38.06:859][  0]LogContentBrowser: Native class hierarchy updated for 'AddContentDialog' in 0.0004 seconds. Added 0 classes and 0 folders.
[2016.07.03-19.38.06:864][  0]LogContentBrowser: Native class hierarchy updated for 'SceneOutliner' in 0.0004 seconds. Added 1 classes and 2 folders.
[2016.07.03-19.38.06:916][  0]LogCrashTracker: Crashtracker disabled due to settings.
[2016.07.03-19.38.06:923][  0]LogUObjectGlobals:Warning: Failed to find object 'Class None.'
[2016.07.03-19.38.06:946][  0]LogLoad: Full Startup: 8.04 seconds (BP compile: 0.21 seconds)
[2016.07.03-19.38.06:959][  0]LogOcInput: Can't find Oculus library dev build: is proper Runtime installed? Version: 0.8.0.0
[2016.07.03-19.38.07:078][  0]LogContentStreaming: Texture pool size now 1000 MB
[2016.07.03-19.38.07:290][  0]LogRenderer: Reallocating scene render targets to support 1208x572 (Frame:2).
[2016.07.03-19.38.08:433][  6]LogAssetRegistry: Asset discovery search completed in 5.8810 seconds
[2016.07.03-19.38.08:433][  6]LogCollectionManager: Rebuilt the object cache for 0 collections in 0.000001 seconds (found 0 objects)
[2016.07.03-19.38.08:433][  6]LogCollectionManager: Fixed up redirectors for 0 collections in 0.000020 seconds (updated 0 objects)
[2016.07.03-19.38.12:278][456]LogBlueprintUserMessages: Early PlayInEditor Detection: Level '/Game/TwinStickBP/Maps/TwinStickExampleMap.TwinStickExampleMap:PersistentLevel' has LevelScriptBlueprint '/Game/TwinStickBP/Maps/TwinStickExampleMap.TwinStickExampleMap:PersistentLevel.TwinStickExampleMap' with GeneratedClass '/Game/TwinStickBP/Maps/TwinStickExampleMap.TwinStickExampleMap_C' with ClassGeneratedBy '/Game/TwinStickBP/Maps/TwinStickExampleMap.TwinStickExampleMap:PersistentLevel.TwinStickExampleMap'
[2016.07.03-19.38.12:279][456]LogPlayLevel: PlayLevel: No blueprints needed recompiling
[2016.07.03-19.38.12:279][456]PIE: New page: PIE session: TwinStickExampleMap (Jul 3, 2016, 5:38:12 AM)
[2016.07.03-19.38.12:279][456]LogPlayLevel: Creating play world package: /Game/TwinStickBP/Maps/UEDPIE_0_TwinStickExampleMap
[2016.07.03-19.38.12:300][456]LogPlayLevel: PIE: StaticDuplicateObject took: (0.020839s)
[2016.07.03-19.38.12:300][456]LogAIModule: Creating AISystem for world TwinStickExampleMap
[2016.07.03-19.38.12:301][456]LogPlayLevel: PIE: World Init took: (0.000809s)
[2016.07.03-19.38.12:301][456]LogPlayLevel: PIE: Created PIE world by copying editor world from /Game/TwinStickBP/Maps/TwinStickExampleMap.TwinStickExampleMap to /Game/TwinStickBP/Maps/UEDPIE_0_TwinStickExampleMap.TwinStickExampleMap (0.021874s)
[2016.07.03-19.38.12:301][456]LogActorComponent: UnregisterComponent: (/Engine/Transient.CharMoveComp) Not registered. Aborting.
[2016.07.03-19.38.12:301][456]LogActorComponent: UnregisterComponent: (/Engine/Transient.PawnSensing_GEN_VARIABLE) Not registered. Aborting.
[2016.07.03-19.38.12:301][456]LogActorComponent: UnregisterComponent: (/Engine/Transient.ProjectileMovementComponent_8) Not registered. Aborting.
[2016.07.03-19.38.12:301][456]LogActorComponent: UnregisterComponent: (/Engine/Transient.ProjectileMovement_GEN_VARIABLE) Not registered. Aborting.
[2016.07.03-19.38.12:301][456]LogActorComponent: UnregisterComponent: (/Engine/Transient.CharacterMovementComponent_0) Not registered. Aborting.
[2016.07.03-19.38.12:301][456]LogActorComponent: UnregisterComponent: (/Engine/Transient.PawnSensingMoving_GEN_VARIABLE) Not registered. Aborting.
[2016.07.03-19.38.12:301][456]LogActorComponent: UnregisterComponent: (/Engine/Transient.PawnSensingShooting_GEN_VARIABLE) Not registered. Aborting.
[2016.07.03-19.38.12:301][456]LogActorComponent: UnregisterComponent: (/Engine/Transient.ProjectileMovementComponent_0) Not registered. Aborting.
[2016.07.03-19.38.12:301][456]LogActorComponent: UnregisterComponent: (/Engine/Transient.ProjectileMovementComponent_1) Not registered. Aborting.
[2016.07.03-19.38.12:334][456]LogInit: XAudio2 using 'Speakers (High Definition Audio Device)' : 2 channels at 44.1 kHz using 16 bits per sample (channel mask 0x3)
[2016.07.03-19.38.12:340][456]LogInit: FAudioDevice initialized.
[2016.07.03-19.38.12:431][456]LogWorld: Game class is 'TwinStickGameMode_C'
[2016.07.03-19.38.12:457][456]LogWorld: Bringing World /Game/TwinStickBP/Maps/UEDPIE_0_TwinStickExampleMap.TwinStickExampleMap up for play (max tick rate 0) at 2016.07.03-12.38.12
[2016.07.03-19.38.12:457][456]LogActor:Warning: GameSession /Game/TwinStickBP/Maps/UEDPIE_0_TwinStickExampleMap.TwinStickExampleMap:PersistentLevel.GameSession_0 has natively added scene component(s), but none of them were set as the actor's RootComponent - picking one arbitrarily
[2016.07.03-19.38.12:457][456]LogActor:Warning: GameNetworkManager /Game/TwinStickBP/Maps/UEDPIE_0_TwinStickExampleMap.TwinStickExampleMap:PersistentLevel.GameNetworkManager_0 has natively added scene component(s), but none of them were set as the actor's RootComponent - picking one arbitrarily
[2016.07.03-19.38.12:467][456]LogWorld: Bringing up level for play took: 0.033655
[2016.07.03-19.38.12:468][456]PIE: Info Play in editor start time for /Game/TwinStickBP/Maps/UEDPIE_0_TwinStickExampleMap 0.372
[2016.07.03-19.38.12:468][456]LogBlueprintUserMessages: Late PlayInEditor Detection: Level '/Game/TwinStickBP/Maps/TwinStickExampleMap.TwinStickExampleMap:PersistentLevel' has LevelScriptBlueprint '/Game/TwinStickBP/Maps/TwinStickExampleMap.TwinStickExampleMap:PersistentLevel.TwinStickExampleMap' with GeneratedClass '/Game/TwinStickBP/Maps/TwinStickExampleMap.TwinStickExampleMap_C' with ClassGeneratedBy '/Game/TwinStickBP/Maps/TwinStickExampleMap.TwinStickExampleMap:PersistentLevel.TwinStickExampleMap'
[2016.07.03-19.39.08:085][ 42]LogBlueprintUserMessages: Early EndPlayMap Detection: Level '/Game/TwinStickBP/Maps/TwinStickExampleMap.TwinStickExampleMap:PersistentLevel' has LevelScriptBlueprint '/Game/TwinStickBP/Maps/TwinStickExampleMap.TwinStickExampleMap:PersistentLevel.TwinStickExampleMap' with GeneratedClass '/Game/TwinStickBP/Maps/TwinStickExampleMap.TwinStickExampleMap_C' with ClassGeneratedBy '/Game/TwinStickBP/Maps/TwinStickExampleMap.TwinStickExampleMap:PersistentLevel.TwinStickExampleMap'
[2016.07.03-19.39.08:161][ 42]LogBlueprintUserMessages: Late EndPlayMap Detection: Level '/Game/TwinStickBP/Maps/TwinStickExampleMap.TwinStickExampleMap:PersistentLevel' has LevelScriptBlueprint '/Game/TwinStickBP/Maps/TwinStickExampleMap.TwinStickExampleMap:PersistentLevel.TwinStickExampleMap' with GeneratedClass '/Game/TwinStickBP/Maps/TwinStickExampleMap.TwinStickExampleMap_C' with ClassGeneratedBy '/Game/TwinStickBP/Maps/TwinStickExampleMap.TwinStickExampleMap:PersistentLevel.TwinStickExampleMap'
[2016.07.03-19.39.08:196][ 42]LogParticles: Destroying 0 GPU particle simulations for FXSystem 0x00000231715FCD60
[2016.07.03-19.41.27:740][274]LogActorComponent: UnregisterComponent: (/Engine/Transient.CharMoveComp) Not registered. Aborting.
[2016.07.03-19.41.27:740][274]LogActorComponent: UnregisterComponent: (/Engine/Transient.PawnSensingMoving_GEN_VARIABLE) Not registered. Aborting.
[2016.07.03-19.41.27:740][274]LogActorComponent: UnregisterComponent: (/Engine/Transient.PawnSensingShooting_GEN_VARIABLE) Not registered. Aborting.
[2016.07.03-19.41.27:740][274]LogActorComponent: UnregisterComponent: (/Engine/Transient.ProjectileMovement_GEN_VARIABLE) Not registered. Aborting.
[2016.07.03-19.41.27:740][274]LogActorComponent: UnregisterComponent: (/Engine/Transient.CharacterMovementComponent_1) Not registered. Aborting.
[2016.07.03-19.41.27:740][274]LogActorComponent: UnregisterComponent: (/Engine/Transient.PawnSensing_GEN_VARIABLE) Not registered. Aborting.
[2016.07.03-19.41.27:740][274]LogActorComponent: UnregisterComponent: (/Engine/Transient.ProjectileMovementComponent_2) Not registered. Aborting.
[2016.07.03-19.41.27:740][274]LogActorComponent: UnregisterComponent: (/Engine/Transient.ProjectileMovementComponent_3) Not registered. Aborting.
[2016.07.03-19.41.27:859][274]LogWindowsTextInputMethodSystem:Display: IME system now deactivated.
[2016.07.03-19.41.28:064][275]Cmd: QUIT_EDITOR
[2016.07.03-19.41.28:587][275]LogExit: Preparing to exit.
[2016.07.03-19.41.29:594][275]LogExit: Editor shut down
[2016.07.03-19.41.29:595][275]LogExit: Transaction tracking system shut down
[2016.07.03-19.41.29:598][275]LogParticles: Destroying 0 GPU particle simulations for FXSystem 0x00000231717CBF60
[2016.07.03-19.41.29:598][275]LogParticles: Destroying 0 GPU particle simulations for FXSystem 0x000002316FB70180
[2016.07.03-19.41.29:598][275]LogParticles: Destroying 0 GPU particle simulations for FXSystem 0x000002316FE7CEA0
[2016.07.03-19.41.29:750][275]LogParticles: Destroying 0 GPU particle simulations for FXSystem 0x000002310D52A5C0
[2016.07.03-19.41.29:750][275]LogParticles: Destroying 0 GPU particle simulations for FXSystem 0x000002310D52A3E0
[2016.07.03-19.41.29:750][275]LogExit: Object subsystem successfully closed.
[2016.07.03-19.41.29:761][275]LogD3D11RHI: Shutdown
[2016.07.03-19.41.29:761][275]LogD3D11RHI: CleanupD3DDevice
[2016.07.03-19.41.29:927][275]LogD3D11RHI: ~FD3D11DynamicRHI
[2016.07.03-19.41.29:943][275]LogModuleManager: Shutting down and abandoning module CrashTracker (198)
[2016.07.03-19.41.29:943][275]LogModuleManager: Shutting down and abandoning module SceneOutliner (197)
[2016.07.03-19.41.29:943][275]LogModuleManager: Shutting down and abandoning module SuperSearch (196)
[2016.07.03-19.41.29:943][275]LogModuleManager: Shutting down and abandoning module WidgetCarousel (195)
[2016.07.03-19.41.29:943][275]LogModuleManager: Shutting down and abandoning module AddContentDialog (194)
[2016.07.03-19.41.29:944][275]LogModuleManager: Shutting down and abandoning module EditorWidgets (193)
[2016.07.03-19.41.29:944][275]LogModuleManager: Shutting down and abandoning module CollectionManager (192)
[2016.07.03-19.41.29:944][275]LogModuleManager: Shutting down and abandoning module StatsViewer (191)
[2016.07.03-19.41.29:944][275]LogModuleManager: Shutting down and abandoning module FoliageEdit (190)
[2016.07.03-19.41.29:944][275]LogModuleManager: Shutting down and abandoning module LandscapeEditor (189)
[2016.07.03-19.41.29:944][275]LogModuleManager: Shutting down and abandoning module ActorPickerMode (188)
[2016.07.03-19.41.29:944][275]LogModuleManager: Shutting down and abandoning module GeometryMode (187)
[2016.07.03-19.41.29:944][275]LogModuleManager: Shutting down and abandoning module TextureAlignMode (186)
[2016.07.03-19.41.29:944][275]LogModuleManager: Shutting down and abandoning module BspMode (185)
[2016.07.03-19.41.29:944][275]LogModuleManager: Shutting down and abandoning module PlacementMode (184)
[2016.07.03-19.41.29:944][275]LogModuleManager: Shutting down and abandoning module AutomationWorker (183)
[2016.07.03-19.41.29:944][275]LogModuleManager: Shutting down and abandoning module CharacterAI (182)
[2016.07.03-19.41.29:944][275]LogModuleManager: Shutting down and abandoning module SmartSnapping (181)
[2016.07.03-19.41.29:944][275]LogModuleManager: Shutting down and abandoning module ViewportSnapping (180)
[2016.07.03-19.41.29:944][275]LogModuleManager: Shutting down and abandoning module LogVisualizer (179)
[2016.07.03-19.41.29:944][275]LogModuleManager: Shutting down and abandoning module GameProjectGeneration (178)
[2016.07.03-19.41.29:944][275]LogModuleManager: Shutting down and abandoning module IntroTutorials (177)
[2016.07.03-19.41.29:944][275]LogModuleManager: Shutting down and abandoning module EditorLiveStreaming (176)
[2016.07.03-19.41.29:944][275]LogModuleManager: Shutting down and abandoning module IOSPlatformEditor (175)
[2016.07.03-19.41.29:944][275]LogModuleManager: Shutting down and abandoning module HTML5PlatformEditor (174)
[2016.07.03-19.41.29:944][275]LogModuleManager: Shutting down and abandoning module AndroidDeviceDetection (173)
[2016.07.03-19.41.30:581][275]LogModuleManager: Shutting down and abandoning module AndroidPlatformEditor (172)
[2016.07.03-19.41.30:581][275]LogModuleManager: Shutting down and abandoning module IOSRuntimeSettings (171)
[2016.07.03-19.41.30:581][275]LogModuleManager: Shutting down and abandoning module AndroidRuntimeSettings (170)
[2016.07.03-19.41.30:581][275]LogModuleManager: Shutting down and abandoning module MergeActors (169)
[2016.07.03-19.41.30:581][275]LogModuleManager: Shutting down and abandoning module SizeMap (168)
[2016.07.03-19.41.30:581][275]LogModuleManager: Shutting down and abandoning module TreeMap (167)
[2016.07.03-19.41.30:581][275]LogModuleManager: Shutting down and abandoning module ReferenceViewer (166)
[2016.07.03-19.41.30:581][275]LogModuleManager: Shutting down and abandoning module LocalizationService (165)
[2016.07.03-19.41.30:581][275]LogModuleManager: Shutting down and abandoning module LocalizationDashboard (164)
[2016.07.03-19.41.30:581][275]LogModuleManager: Shutting down and abandoning module HardwareTargeting (163)
[2016.07.03-19.41.30:581][275]LogModuleManager: Shutting down and abandoning module DeviceProfileEditor (162)
[2016.07.03-19.41.30:581][275]LogModuleManager: Shutting down and abandoning module UndoHistory (161)
[2016.07.03-19.41.30:582][275]LogModuleManager: Shutting down and abandoning module GameplayTagsEditor (160)
[2016.07.03-19.41.30:582][275]LogModuleManager: Shutting down and abandoning module UserFeedback (159)
[2016.07.03-19.41.30:582][275]LogModuleManager: Shutting down and abandoning module XmlParser (158)
[2016.07.03-19.41.30:582][275]LogModuleManager: Shutting down and abandoning module Blutility (157)
[2016.07.03-19.41.30:582][275]LogModuleManager: Shutting down and abandoning module ProjectTargetPlatformEditor (156)
[2016.07.03-19.41.30:582][275]LogModuleManager: Shutting down and abandoning module ProjectSettingsViewer (155)
[2016.07.03-19.41.30:582][275]LogModuleManager: Shutting down and abandoning module InputBindingEditor (154)
[2016.07.03-19.41.30:582][275]LogModuleManager: Shutting down and abandoning module EditorSettingsViewer (153)
[2016.07.03-19.41.30:582][275]LogModuleManager: Shutting down and abandoning module SettingsEditor (152)
[2016.07.03-19.41.30:582][275]LogModuleManager: Shutting down and abandoning module ProjectLauncher (151)
[2016.07.03-19.41.30:582][275]LogModuleManager: Shutting down and abandoning module SessionFrontend (150)
[2016.07.03-19.41.30:582][275]LogModuleManager: Shutting down and abandoning module ProfilerClient (149)
[2016.07.03-19.41.30:582][275]LogModuleManager: Shutting down and abandoning module TargetDeviceServices (148)
[2016.07.03-19.41.30:582][275]LogModuleManager: Shutting down and abandoning module DeviceManager (147)
[2016.07.03-19.41.30:582][275]LogModuleManager: Shutting down and abandoning module AutomationController (146)
[2016.07.03-19.41.30:582][275]LogModuleManager: Shutting down and abandoning module AutomationWindow (145)
[2016.07.03-19.41.30:582][275]LogModuleManager: Shutting down and abandoning module Layers (144)
[2016.07.03-19.41.30:582][275]LogModuleManager: Shutting down and abandoning module ComponentVisualizers (143)
[2016.07.03-19.41.30:582][275]LogModuleManager: Shutting down and abandoning module DetailCustomizations (142)
[2016.07.03-19.41.30:583][275]LogModuleManager: Shutting down and abandoning module PackagesDialog (141)
[2016.07.03-19.41.30:583][275]LogModuleManager: Shutting down and abandoning module Persona (140)
[2016.07.03-19.41.30:583][275]LogModuleManager: Shutting down and abandoning module Kismet (139)
[2016.07.03-19.41.30:583][275]LogModuleManager: Shutting down and abandoning module GraphEditor (138)
[2016.07.03-19.41.30:583][275]LogModuleManager: Shutting down and abandoning module ClassViewer (137)
[2016.07.03-19.41.30:583][275]LogModuleManager: Shutting down and abandoning module Toolbox (136)
[2016.07.03-19.41.30:583][275]LogModuleManager: Shutting down and abandoning module ModuleUI (135)
[2016.07.03-19.41.30:583][275]LogModuleManager: Shutting down and abandoning module MovieSceneTools (134)
[2016.07.03-19.41.30:583][275]LogModuleManager: Shutting down and abandoning module OutputLog (133)
[2016.07.03-19.41.30:583][275]LogModuleManager: Shutting down and abandoning module GammaUI (132)
[2016.07.03-19.41.30:583][275]LogModuleManager: Shutting down and abandoning module Documentation (131)
[2016.07.03-19.41.30:583][275]LogModuleManager: Shutting down and abandoning module GameLiveStreaming (130)
[2016.07.03-19.41.30:583][275]LogModuleManager: Shutting down and abandoning module StreamingPauseRendering (129)
[2016.07.03-19.41.30:583][275]LogModuleManager: Shutting down and abandoning module AnalyticsET (128)
[2016.07.03-19.41.30:583][275]LogModuleManager: Shutting down and abandoning module Analytics (127)
[2016.07.03-19.41.30:583][275]LogModuleManager: Shutting down and abandoning module AITestSuite (126)
[2016.07.03-19.41.30:583][275]LogModuleManager: Shutting down and abandoning module GameplayDebugger (125)
[2016.07.03-19.41.30:583][275]LogModuleManager: Shutting down and abandoning module AIModule (124)
[2016.07.03-19.41.30:583][275]LogModuleManager: Shutting down and abandoning module ProfilerService (123)
[2016.07.03-19.41.30:805][275]LogModuleManager: Shutting down and abandoning module TaskGraph (122)
[2016.07.03-19.41.30:805][275]LogModuleManager: Shutting down and abandoning module SlateRemote (121)
[2016.07.03-19.41.30:805][275]LogModuleManager: Shutting down and abandoning module SteamVRController (120)
[2016.07.03-19.41.30:805][275]LogModuleManager: Shutting down and abandoning module SteamVR (119)
[2016.07.03-19.41.30:805][275]LogModuleManager: Shutting down and abandoning module ProceduralMeshComponent (118)
[2016.07.03-19.41.30:805][275]LogModuleManager: Shutting down and abandoning module OculusLibrary (117)
[2016.07.03-19.41.30:805][275]LogModuleManager: Shutting down and abandoning module OculusInput (116)
[2016.07.03-19.41.30:805][275]LogModuleManager: Shutting down and abandoning module LeapMotionController (115)
[2016.07.03-19.41.30:829][275]LogModuleManager: Shutting down and abandoning module CustomMeshComponent (114)
[2016.07.03-19.41.30:829][275]LogModuleManager: Shutting down and abandoning module CableComponent (113)
[2016.07.03-19.41.30:829][275]LogModuleManager: Shutting down and abandoning module ArchVisCharacter (112)
[2016.07.03-19.41.30:829][275]LogModuleManager: Shutting down and abandoning module MessagingDebugger (111)
[2016.07.03-19.41.30:830][275]LogModuleManager: Shutting down and abandoning module MediaPlayerEditor (110)
[2016.07.03-19.41.30:830][275]LogModuleManager: Shutting down and abandoning module HTML5Networking (109)
[2016.07.03-19.41.30:830][275]LogModuleManager: Shutting down and abandoning module SpeedTreeImporter (108)
[2016.07.03-19.41.30:830][275]LogModuleManager: Shutting down and abandoning module PluginBrowser (107)
[2016.07.03-19.41.30:830][275]LogModuleManager: Shutting down and abandoning module EpicSurvey (106)
[2016.07.03-19.41.30:830][275]LogModuleManager: Shutting down and abandoning module DesktopPlatform (105)
[2016.07.03-19.41.30:830][275]LogModuleManager: Shutting down and abandoning module VisualStudioSourceCodeAccess (104)
[2016.07.03-19.41.30:830][275]LogModuleManager: Shutting down and abandoning module UObjectPlugin (103)
[2016.07.03-19.41.30:830][275]LogModuleManager: Shutting down and abandoning module SubversionSourceControl (102)
[2016.07.03-19.41.30:830][275]LogModuleManager: Shutting down and abandoning module PerforceSourceControl (101)
[2016.07.03-19.41.30:830][275]LogModuleManager: Shutting down and abandoning module SourceControl (100)
[2016.07.03-19.41.30:830][275]LogModuleManager: Shutting down and abandoning module GitSourceControl (99)
[2016.07.03-19.41.30:830][275]LogModuleManager: Shutting down and abandoning module LightPropagationVolumeEditor (98)
[2016.07.03-19.41.30:830][275]LogModuleManager: Shutting down and abandoning module PaperTiledImporter (97)
[2016.07.03-19.41.30:830][275]LogModuleManager: Shutting down and abandoning module PaperSpriteSheetImporter (96)
[2016.07.03-19.41.30:830][275]LogModuleManager: Shutting down and abandoning module MeshPaint (95)
[2016.07.03-19.41.30:830][275]LogModuleManager: Shutting down and abandoning module SlateReflector (94)
[2016.07.03-19.41.30:830][275]LogModuleManager: Shutting down and abandoning module HotReload (93)
[2016.07.03-19.41.30:830][275]LogModuleManager: Shutting down and abandoning module MainFrame (92)
[2016.07.03-19.41.30:830][275]LogModuleManager: Shutting down and abandoning module LevelEditor (91)
[2016.07.03-19.41.30:832][275]LogModuleManager: Shutting down and abandoning module DirectoryWatcher (90)
[2016.07.03-19.41.30:833][275]LogModuleManager: Shutting down and abandoning module AssetRegistry (89)
[2016.07.03-19.41.30:927][275]LogModuleManager: Shutting down and abandoning module ContentBrowser (88)
[2016.07.03-19.41.30:928][275]LogModuleManager: Shutting down and abandoning module Paper2DEditor (87)
[2016.07.03-19.41.30:928][275]LogModuleManager: Shutting down and abandoning module UdpMessaging (86)
[2016.07.03-19.41.31:029][275]LogModuleManager: Shutting down and abandoning module LightPropagationVolumeRuntime (85)
[2016.07.03-19.41.31:029][275]LogModuleManager: Shutting down and abandoning module Paper2D (84)
[2016.07.03-19.41.31:029][275]LogModuleManager: Shutting down and abandoning module WindowsMoviePlayer (83)
[2016.07.03-19.41.31:031][275]LogModuleManager: Shutting down and abandoning module Media (82)
[2016.07.03-19.41.31:031][275]LogModuleManager: Shutting down and abandoning module WmfMedia (81)
[2016.07.03-19.41.31:032][275]LogModuleManager: Shutting down and abandoning module OnlineBlueprintSupport (80)
[2016.07.03-19.41.31:032][275]LogModuleManager: Shutting down and abandoning module GameplayTasksEditor (79)
[2016.07.03-19.41.31:032][275]LogModuleManager: Shutting down and abandoning module PropertyEditor (78)
[2016.07.03-19.41.31:032][275]LogModuleManager: Shutting down and abandoning module BehaviorTreeEditor (77)
[2016.07.03-19.41.31:032][275]LogModuleManager: Shutting down and abandoning module FunctionalTesting (76)
[2016.07.03-19.41.31:032][275]LogModuleManager: Shutting down and abandoning module CollisionAnalyzer (75)
[2016.07.03-19.41.31:032][275]LogModuleManager: Shutting down and abandoning module WorkspaceMenuStructure (74)
[2016.07.03-19.41.31:032][275]LogModuleManager: Shutting down and abandoning module MessageLog (73)
[2016.07.03-19.41.31:032][275]LogModuleManager: Shutting down and abandoning module Sequencer (72)
[2016.07.03-19.41.31:032][275]LogModuleManager: Shutting down and abandoning module AssetTools (71)
[2016.07.03-19.41.31:032][275]LogModuleManager: Shutting down and abandoning module UMGEditor (70)
[2016.07.03-19.41.31:032][275]LogModuleManager: Shutting down and abandoning module UMG (69)
[2016.07.03-19.41.31:032][275]LogModuleManager: Shutting down and abandoning module Slate (68)
[2016.07.03-19.41.31:032][275]LogModuleManager: Shutting down and abandoning module EditorStyle (67)
[2016.07.03-19.41.31:036][275]LogModuleManager: Shutting down and abandoning module SessionServices (66)
[2016.07.03-19.41.31:036][275]LogModuleManager: Shutting down and abandoning module SourceCodeAccess (65)
[2016.07.03-19.41.31:036][275]LogModuleManager: Shutting down and abandoning module HeadMountedDisplay (64)
[2016.07.03-19.41.31:036][275]LogModuleManager: Shutting down and abandoning module XAudio2 (63)
[2016.07.03-19.41.31:036][275]LogModuleManager: Shutting down and abandoning module Networking (61)
[2016.07.03-19.41.31:036][275]LogModuleManager: Shutting down and abandoning module Core (60)
[2016.07.03-19.41.31:037][275]LogModuleManager: Shutting down and abandoning module KismetCompiler (59)
[2016.07.03-19.41.31:037][275]LogModuleManager: Shutting down and abandoning module PhysXFormats (58)
[2016.07.03-19.41.31:037][275]LogModuleManager: Shutting down and abandoning module MeshUtilities (57)
[2016.07.03-19.41.31:037][275]LogModuleManager: Shutting down and abandoning module DerivedDataCache (56)
[2016.07.03-19.41.31:077][275]LogDerivedDataCache: Shutdown
[2016.07.03-19.41.31:077][275]LogModuleManager: Shutting down and abandoning module ShaderFormatOpenGL (55)
[2016.07.03-19.41.31:077][275]LogModuleManager: Shutting down and abandoning module ShaderFormatD3D (54)
[2016.07.03-19.41.31:077][275]LogModuleManager: Shutting down and abandoning module MetalShaderFormat (53)
[2016.07.03-19.41.31:077][275]LogModuleManager: Shutting down and abandoning module TextureFormatUncompressed (52)
[2016.07.03-19.41.31:077][275]LogModuleManager: Shutting down and abandoning module TextureFormatPVR (51)
[2016.07.03-19.41.31:077][275]LogModuleManager: Shutting down and abandoning module TextureFormatIntelISPCTexComp (50)
[2016.07.03-19.41.31:077][275]LogModuleManager: Shutting down and abandoning module TextureFormatDXT (49)
[2016.07.03-19.41.31:077][275]LogModuleManager: Shutting down and abandoning module ImageWrapper (48)
[2016.07.03-19.41.31:077][275]LogModuleManager: Shutting down and abandoning module TextureFormatASTC (47)
[2016.07.03-19.41.31:077][275]LogModuleManager: Shutting down and abandoning module TextureFormatAndroid (46)
[2016.07.03-19.41.31:077][275]LogModuleManager: Shutting down and abandoning module AudioFormatOpus (45)
[2016.07.03-19.41.31:077][275]LogModuleManager: Shutting down and abandoning module AudioFormatOgg (44)
[2016.07.03-19.41.31:077][275]LogModuleManager: Shutting down and abandoning module AudioFormatADPCM (43)
[2016.07.03-19.41.31:077][275]LogModuleManager: Shutting down and abandoning module LinuxTargetPlatform (42)
[2016.07.03-19.41.31:078][275]LogModuleManager: Shutting down and abandoning module LinuxServerTargetPlatform (41)
[2016.07.03-19.41.31:078][275]LogModuleManager: Shutting down and abandoning module LinuxNoEditorTargetPlatform (40)
[2016.07.03-19.41.31:078][275]LogModuleManager: Shutting down and abandoning module Messaging (39)
[2016.07.03-19.41.31:078][275]LogModuleManager: Shutting down and abandoning module IOSTargetPlatform (38)
[2016.07.03-19.41.31:078][275]LogModuleManager: Shutting down and abandoning module HTML5TargetPlatform (37)
[2016.07.03-19.41.31:078][275]LogModuleManager: Shutting down and abandoning module Android_PVRTCTargetPlatform (36)
[2016.07.03-19.41.31:078][275]LogModuleManager: Shutting down and abandoning module Android_MultiTargetPlatform (35)
[2016.07.03-19.41.31:078][275]LogModuleManager: Shutting down and abandoning module Android_ETC2TargetPlatform (34)
[2016.07.03-19.41.31:078][275]LogModuleManager: Shutting down and abandoning module Android_ETC1TargetPlatform (33)
[2016.07.03-19.41.31:078][275]LogModuleManager: Shutting down and abandoning module Android_DXTTargetPlatform (32)
[2016.07.03-19.41.31:078][275]LogModuleManager: Shutting down and abandoning module Android_ATCTargetPlatform (31)
[2016.07.03-19.41.31:078][275]LogModuleManager: Shutting down and abandoning module Android_ASTCTargetPlatform (30)
[2016.07.03-19.41.31:078][275]LogModuleManager: Shutting down and abandoning module AndroidTargetPlatform (29)
[2016.07.03-19.41.31:078][275]LogModuleManager: Shutting down and abandoning module WindowsTargetPlatform (28)
[2016.07.03-19.41.31:078][275]LogModuleManager: Shutting down and abandoning module WindowsServerTargetPlatform (27)
[2016.07.03-19.41.31:078][275]LogModuleManager: Shutting down and abandoning module WindowsNoEditorTargetPlatform (26)
[2016.07.03-19.41.31:078][275]LogModuleManager: Shutting down and abandoning module WindowsClientTargetPlatform (25)
[2016.07.03-19.41.31:078][275]LogModuleManager: Shutting down and abandoning module AllDesktopTargetPlatform (24)
[2016.07.03-19.41.31:078][275]LogModuleManager: Shutting down and abandoning module TargetPlatform (23)
[2016.07.03-19.41.31:078][275]LogModuleManager: Shutting down and abandoning module InputCore (22)
[2016.07.03-19.41.31:078][275]LogModuleManager: Shutting down and abandoning module Settings (21)
[2016.07.03-19.41.31:078][275]LogModuleManager: Shutting down and abandoning module OnlineSubsystem (19)
[2016.07.03-19.41.31:078][275]LogModuleManager: Shutting down and abandoning module HTTP (18)
[2016.07.03-19.41.33:081][275]LogModuleManager: Shutting down and abandoning module XMPP (17)
[2016.07.03-19.41.33:081][275]LogModuleManager: Shutting down and abandoning module OculusRift (16)
[2016.07.03-19.41.33:081][275]LogModuleManager: Shutting down and abandoning module ExampleDeviceProfileSelector (15)
[2016.07.03-19.41.33:081][275]LogModuleManager: Shutting down and abandoning module TextureCompressor (14)
[2016.07.03-19.41.33:081][275]LogModuleManager: Shutting down and abandoning module ShaderCore (13)
[2016.07.03-19.41.33:081][275]LogModuleManager: Shutting down and abandoning module Landscape (12)
[2016.07.03-19.41.33:081][275]LogModuleManager: Shutting down and abandoning module SlateRHIRenderer (11)
[2016.07.03-19.41.33:083][275]LogModuleManager: Shutting down and abandoning module OpenGLDrv (10)
[2016.07.03-19.41.33:083][275]LogModuleManager: Shutting down and abandoning module D3D11RHI (9)
[2016.07.03-19.41.33:083][275]LogModuleManager: Shutting down and abandoning module AnimGraphRuntime (8)
[2016.07.03-19.41.33:083][275]LogModuleManager: Shutting down and abandoning module Renderer (7)
[2016.07.03-19.41.33:083][275]LogModuleManager: Shutting down and abandoning module Engine (6)
[2016.07.03-19.41.33:083][275]LogModuleManager: Shutting down and abandoning module CoreUObject (5)
[2016.07.03-19.41.33:083][275]LogModuleManager: Shutting down and abandoning module NetworkFile (4)
[2016.07.03-19.41.33:083][275]LogModuleManager: Shutting down and abandoning module StreamingFile (3)
[2016.07.03-19.41.33:083][275]LogModuleManager: Shutting down and abandoning module SandboxFile (2)
[2016.07.03-19.41.33:083][275]LogModuleManager: Shutting down and abandoning module PakFile (1)
[2016.07.03-19.41.33:085][275]LogExit: Exiting.
[2016.07.03-19.41.33:087][275]Log file closed, 07/03/16 12:41:33
