[2016.02.15-19.03.32:192][  0]Log file open, 02/15/16 11:03:32
[2016.02.15-19.03.32:192][  0]LogInit:Display: Running engine for game: Shooter
[2016.02.15-19.03.32:192][  0]LogPlatformFile: Not using cached read wrapper
[2016.02.15-19.03.32:192][  0]LogInit:Display: RandInit(953705675) SRandInit(953705677).
[2016.02.15-19.03.32:192][  0]LogTaskGraph: Started task graph with 4 named threads and 7 total threads.
[2016.02.15-19.03.32:192][  0]LogStats: Stats thread started at 0.167179
[2016.02.15-19.03.32:192][  0]LogInit: Version: 4.10.2-2818068+++depot+UE4-Releases+4.10
[2016.02.15-19.03.32:192][  0]LogInit: API Version: 2758231
[2016.02.15-19.03.32:192][  0]LogInit: Compiled (64-bit): Jan  6 2016 17:36:42
[2016.02.15-19.03.32:192][  0]LogInit: Compiled with Visual C++: 19.00.23026.00
[2016.02.15-19.03.32:192][  0]LogInit: Build Configuration: Development
[2016.02.15-19.03.32:192][  0]LogInit: Branch Name: ++depot+UE4-Releases+4.10
[2016.02.15-19.03.32:192][  0]LogInit: Command line:  /Temp/Autosaves/Game/StarterContent/Maps/UEDPCStarterMap -game -PIEVIACONSOLE -ResX=1280 -ResY=720  -Multiprocess -featureleveles2 -faketouches 
[2016.02.15-19.03.32:192][  0]LogInit: Base directory: C:/Program Files (x86)/Epic Games/4.10/Engine/Binaries/Win64/
[2016.02.15-19.03.32:192][  0]LogInit: Rocket: 1
[2016.02.15-19.03.32:250][  0]LogInit: Using libcurl 7.41.0
[2016.02.15-19.03.32:250][  0]LogInit:  - built for x86_64-pc-win32
[2016.02.15-19.03.32:250][  0]LogInit:  - supports SSL with WinSSL
[2016.02.15-19.03.32:250][  0]LogInit:  - other features:
[2016.02.15-19.03.32:250][  0]LogInit:      CURL_VERSION_SSL
[2016.02.15-19.03.32:250][  0]LogInit:      CURL_VERSION_IPV6
[2016.02.15-19.03.32:250][  0]LogInit:      CURL_VERSION_ASYNCHDNS
[2016.02.15-19.03.32:250][  0]LogInit:      CURL_VERSION_LARGEFILE
[2016.02.15-19.03.32:250][  0]LogInit:      CURL_VERSION_IDN
[2016.02.15-19.03.32:250][  0]LogInit:  CurlRequestOptions (configurable via config and command line):
[2016.02.15-19.03.32:250][  0]LogInit:  - bVerifyPeer = true  - Libcurl will verify peer certificate
[2016.02.15-19.03.32:250][  0]LogInit:  - bUseHttpProxy = false  - Libcurl will NOT use HTTP proxy
[2016.02.15-19.03.32:250][  0]LogInit:  - bDontReuseConnections = false  - Libcurl will reuse connections
[2016.02.15-19.03.32:250][  0]LogInit:  - CertBundlePath = nullptr  - Libcurl will use whatever was configured at build time.
[2016.02.15-19.03.32:381][  0]LogInit: Presizing for 0 objects not considered by GC, pre-allocating 0 bytes.
[2016.02.15-19.03.32:388][  0]LogInit: Object subsystem initialized
[2016.02.15-19.03.32:402][  0]LogInit: Selected Device Profile: [Windows]
[2016.02.15-19.03.32:402][  0]LogInit: Applying CVar settings loaded from the selected device profile: [Windows]
[2016.02.15-19.03.32:437][  0]LogInit: Computer: DESKTOP-L2MBQP1
[2016.02.15-19.03.32:437][  0]LogInit: User: NewXB
[2016.02.15-19.03.32:437][  0]LogInit: CPU Page size=4096, Cores=4
[2016.02.15-19.03.32:437][  0]LogInit: High frequency timer resolution =3.263311 MHz
[2016.02.15-19.03.32:437][  0]LogMemory: Memory total: Physical=12.0GB (12GB approx)
[2016.02.15-19.03.32:437][  0]LogMemory: Platform Memory Stats for Windows
[2016.02.15-19.03.32:437][  0]LogMemory: Process Physical Memory: 55.59 MB used, 55.59 MB peak
[2016.02.15-19.03.32:437][  0]LogMemory: Process Virtual Memory: 58.83 MB used, 58.83 MB peak
[2016.02.15-19.03.32:437][  0]LogMemory: Physical Memory: 3840.59 MB used, 12278.98 MB total
[2016.02.15-19.03.32:437][  0]LogMemory: Virtual Memory: 385.41 MB used, 134217728.00 MB total
[2016.02.15-19.03.32:894][  0]LogTextLocalizationManager: No specific translations for ('en-US') exist, so ('en') translations will be used.
[2016.02.15-19.03.33:776][  0]LogD3D11RHI: Found D3D11 adapter 0: NVIDIA GeForce GTX 295 (Feature Level 10_0)
[2016.02.15-19.03.33:776][  0]LogD3D11RHI: Adapter has 863MB of dedicated video memory, 0MB of dedicated system memory, and 3199MB of shared system memory, 1 output[s]
[2016.02.15-19.03.33:778][  0]LogD3D11RHI: Found D3D11 adapter 1: Microsoft Basic Render Driver (Feature Level 11_0)
[2016.02.15-19.03.33:778][  0]LogD3D11RHI: Adapter has 0MB of dedicated video memory, 0MB of dedicated system memory, and 6139MB of shared system memory, 0 output[s]
[2016.02.15-19.03.33:778][  0]LogD3D11RHI: Chosen D3D11 Adapter Id = 0
[2016.02.15-19.03.33:781][  0]LogD3D11RHI: !Direct3DDevice
[2016.02.15-19.03.33:781][  0]LogRHI: Texture pool is 604 MB (70% of 863 MB)
[2016.02.15-19.03.33:790][  0]LogD3D11RHI: Async texture creation enabled
[2016.02.15-19.03.33:811][  0]LogShaderCompilers: Guid format shader working directory is -26 characters bigger than the processId version (../../../../../../Users/NewXB/OneDrive/Documents/Unreal Projects/Shooter/Intermediate/Shaders/WorkingDirectory/6208/).
[2016.02.15-19.03.33:812][  0]LogShaderCompilers: Cleaned the shader compiler working directory 'C:/Users/NewXB/AppData/Local/Temp/UnrealShaderWorkingDir/7A5706894B60E7D40084BC8B4F3FA3A9/'.
[2016.02.15-19.03.33:812][  0]LogShaderCompilers:Display: Using Local Shader Compiler.
[2016.02.15-19.03.36:363][  0]LogTemp:Display: Loaded TP AllDesktopTargetPlatform
[2016.02.15-19.03.36:369][  0]LogTemp:Display: Loaded TP WindowsClientTargetPlatform
[2016.02.15-19.03.36:374][  0]LogTemp:Display: Loaded TP WindowsNoEditorTargetPlatform
[2016.02.15-19.03.36:379][  0]LogTemp:Display: Loaded TP WindowsServerTargetPlatform
[2016.02.15-19.03.36:384][  0]LogTemp:Display: Loaded TP WindowsTargetPlatform
[2016.02.15-19.03.36:389][  0]LogTemp:Display: Loaded TP AndroidTargetPlatform
[2016.02.15-19.03.36:392][  0]LogTemp:Display: Loaded TP Android_ASTCTargetPlatform
[2016.02.15-19.03.36:395][  0]LogTemp:Display: Loaded TP Android_ATCTargetPlatform
[2016.02.15-19.03.36:398][  0]LogTemp:Display: Loaded TP Android_DXTTargetPlatform
[2016.02.15-19.03.36:401][  0]LogTemp:Display: Loaded TP Android_ETC1TargetPlatform
[2016.02.15-19.03.36:404][  0]LogTemp:Display: Loaded TP Android_ETC2TargetPlatform
[2016.02.15-19.03.36:410][  0]LogTemp:Display: Loaded TP Android_MultiTargetPlatform
[2016.02.15-19.03.36:410][  0]LogTemp:Display: Loaded TP Android_PVRTCTargetPlatform
[2016.02.15-19.03.36:412][  0]LogTemp:Display: Loaded TP HTML5TargetPlatform
[2016.02.15-19.03.36:555][  0]LogTemp:Display: Loaded TP IOSTargetPlatform
[2016.02.15-19.03.36:559][  0]LogTemp:Display: Loaded TP LinuxNoEditorTargetPlatform
[2016.02.15-19.03.36:563][  0]LogTemp:Display: Loaded TP LinuxServerTargetPlatform
[2016.02.15-19.03.36:596][  0]LogTemp:Display: Loaded TP LinuxTargetPlatform
[2016.02.15-19.03.36:596][  0]LogTargetPlatformManager:Display: Building Assets For Windows
[2016.02.15-19.03.37:311][  0]LogDerivedDataCache:Display: Max Cache Size: 512 MB
[2016.02.15-19.03.37:369][  0]LogDerivedDataCache: Loaded boot cache 0.06s 36MB C:/Users/NewXB/AppData/Local/UnrealEngine/4.10/DerivedDataCache/Boot.ddc.
[2016.02.15-19.03.37:369][  0]LogDerivedDataCache:Display: Loaded Boot cache: C:/Users/NewXB/AppData/Local/UnrealEngine/4.10/DerivedDataCache/Boot.ddc
[2016.02.15-19.03.37:369][  0]LogDerivedDataCache: FDerivedDataBackendGraph:  Pak pak cache file ../../../../../../Users/NewXB/OneDrive/Documents/Unreal Projects/Shooter/DerivedDataCache/DDC.ddp not found, will not use a pak cache.
[2016.02.15-19.03.37:369][  0]LogDerivedDataCache: Unable to find inner node Pak for hierarchical cache Hierarchy.
[2016.02.15-19.03.37:369][  0]LogDerivedDataCache: FDerivedDataBackendGraph:  CompressedPak pak cache file ../../../../../../Users/NewXB/OneDrive/Documents/Unreal Projects/Shooter/DerivedDataCache/Compressed.ddp not found, will not use a pak cache.
[2016.02.15-19.03.37:369][  0]LogDerivedDataCache: Unable to find inner node CompressedPak for hierarchical cache Hierarchy.
[2016.02.15-19.03.37:460][  0]LogDerivedDataCache:Display: Pak cache opened for reading ../../../Engine/DerivedDataCache/Compressed.ddp.
[2016.02.15-19.03.37:471][  0]LogDerivedDataCache: Using Local data cache path C:/Users/NewXB/AppData/Local/UnrealEngine/Common/DerivedDataCache: Writable
[2016.02.15-19.03.48:583][  0]LogInit: Selected Device Profile: [Windows]
[2016.02.15-19.03.48:585][  0]LogContentStreaming: Texture pool size is 1000.000000MB
[2016.02.15-19.03.48:608][  0]LogMaterial: Missing cached shader map for material WorldGridMaterial, compiling. Is special engine material.
[2016.02.15-19.04.32:004][  0]LogMaterial: Missing cached shader map for material DefaultDeferredDecalMaterial, compiling. 
[2016.02.15-19.04.32:465][  0]LogMaterial: Missing cached shader map for material DefaultLightFunctionMaterial, compiling. 
[2016.02.15-19.04.32:594][  0]LogMaterial: Missing cached shader map for material DefaultPostProcessMaterial, compiling. 
[2016.02.15-19.04.33:023][  0]LogMaterial: Missing cached shader map for material Widget3DPassThrough, compiling. 
[2016.02.15-19.04.33:028][  0]LogMaterial: Missing cached shader map for material Widget3DPassThrough, compiling. 
[2016.02.15-19.04.33:031][  0]LogMaterial: Missing cached shader map for material Widget3DPassThrough, compiling. 
[2016.02.15-19.04.33:035][  0]LogMaterial: Missing cached shader map for material Widget3DPassThrough, compiling. 
[2016.02.15-19.04.33:041][  0]LogMaterial: Missing cached shader map for material Widget3DPassThrough, compiling. 
[2016.02.15-19.04.33:045][  0]LogMaterial: Missing cached shader map for material Widget3DPassThrough, compiling. 
[2016.02.15-19.04.33:103][  0]LogMeshUtilities: No automatic mesh reduction module available
[2016.02.15-19.04.33:103][  0]LogMeshUtilities: No automatic mesh merging module available
[2016.02.15-19.04.33:194][  0]LogMaterial: Missing cached shader map for material SkySphereMaterial, compiling. 
[2016.02.15-19.04.33:206][  0]LogMaterial: Missing cached shader map for material FloorPlaneMaterial, compiling. 
[2016.02.15-19.04.33:315][  0]LogMaterial: Missing cached shader map for material LandscapeGizmo_Mat, compiling. 
[2016.02.15-19.04.33:333][  0]LogMaterial: Missing cached shader map for material LandscapeGizmoHeight_Mat, compiling. 
[2016.02.15-19.04.33:366][  0]LogMaterial: Missing cached shader map for material SplineEditorMeshMat, compiling. 
[2016.02.15-19.04.33:379][  0]LogMaterial: Missing cached shader map for material MatineeCam_mat, compiling. 
[2016.02.15-19.04.33:413][  0]LogMaterial: Missing cached shader map for material HelpActorMaterial, compiling. 
[2016.02.15-19.04.33:453][  0]LogMaterial: Missing cached shader map for material DefaultTextMaterialOpaque, compiling. 
[2016.02.15-19.04.33:515][  0]LogMaterial: Missing cached shader map for material DefaultMaterial, compiling. 
[2016.02.15-19.04.33:593][  0]LogInit: WinSock: version 1.1 (2.2), MaxSocks=32767, MaxUdp=65467
[2016.02.15-19.04.34:368][  0]LogWindowsMoviePlayer: Unable to load movie: ../../../../../../Users/NewXB/OneDrive/Documents/Unreal Projects/Shooter/Content/Movies/Default_Startup.mp4
[2016.02.15-19.04.34:433][  0]LogMaterial: Missing cached shader map for material DefaultSpriteMaterial, compiling. 
[2016.02.15-19.04.34:440][  0]LogMaterial: Missing cached shader map for material DefaultSpriteMaterial, compiling. 
[2016.02.15-19.04.34:589][  0]SourceControl: Info Source control is disabled
[2016.02.15-19.04.34:589][  0]SourceControl: Info Source control is disabled
[2016.02.15-19.04.34:612][  0]SourceControl: Info Source control is disabled
[2016.02.15-19.04.34:787][  0]LogMaterial: Missing cached shader map for material LM_HandColor, compiling. 
[2016.02.15-19.04.34:813][  0]LogMaterial: Missing cached shader map for material LM_PassthroughMaterial, compiling. 
[2016.02.15-19.04.35:137][  0]LogObj: 27935 objects as part of root set at end of initial load.
[2016.02.15-19.04.35:137][  0]LogUObjectAllocator: 5830072 out of 0 bytes used by permanent object pool.
[2016.02.15-19.04.35:248][  0]LogMaterial: Missing cached shader map for material HighResScreenshot, compiling. 
[2016.02.15-19.04.35:254][  0]LogMaterial: Missing cached shader map for material HighResScreenshotMask, compiling. 
[2016.02.15-19.04.35:264][  0]LogMaterial: Missing cached shader map for material HighResScreenshotCaptureRegion, compiling. 
[2016.02.15-19.04.35:306][  0]LogEngine: Initializing Engine...
[2016.02.15-19.04.35:310][  0]LogHMD: Can't find Oculus library dev build: is proper Runtime installed? Version: 0.8.0.0
[2016.02.15-19.04.35:378][  0]LogHMD: SteamVR failed to initialize.  Err: 110
[2016.02.15-19.04.35:392][  0]LogMaterial: Missing cached shader map for material WireframeMaterial, compiling. Is special engine material.
[2016.02.15-19.04.35:415][  0]LogMaterial: Missing cached shader map for material LevelColorationLitMaterial, compiling. Is special engine material.
[2016.02.15-19.04.35:584][  0]LogMaterial: Missing cached shader map for material LevelColorationUnlitMaterial, compiling. Is special engine material.
[2016.02.15-19.04.35:608][  0]LogMaterial: Missing cached shader map for material MAT_LevelColorationLitLightmapUV, compiling. Is special engine material.
[2016.02.15-19.04.35:609][  0]LogMaterial:Warning: Failed to compile Material /Engine/EngineDebugMaterials/MAT_LevelColorationLitLightmapUV.MAT_LevelColorationLitLightmapUV for platform PCD3D_ES2, Default Material will be used in game.
[2016.02.15-19.04.35:609][  0]LogMaterial:Warning: 	(Node LightmapUVs) Node not supported in feature level ES2
[2016.02.15-19.04.35:617][  0]LogMaterial: Missing cached shader map for material ShadedLevelColorationLitMaterial, compiling. Is special engine material.
[2016.02.15-19.04.35:790][  0]LogMaterial: Missing cached shader map for material ShadedLevelColorationUnlitMateri, compiling. Is special engine material.
[2016.02.15-19.04.35:808][  0]LogMaterial: Missing cached shader map for material VertexColorMaterial, compiling. 
[2016.02.15-19.04.35:839][  0]LogMaterial: Missing cached shader map for material VertexColorViewMode_ColorOnly, compiling. 
[2016.02.15-19.04.35:880][  0]LogMaterial: Missing cached shader map for material VertexColorViewMode_AlphaAsColor, compiling. 
[2016.02.15-19.04.35:888][  0]LogMaterial: Missing cached shader map for material VertexColorViewMode_RedOnly, compiling. 
[2016.02.15-19.04.35:893][  0]LogMaterial: Missing cached shader map for material VertexColorViewMode_GreenOnly, compiling. 
[2016.02.15-19.04.35:899][  0]LogMaterial: Missing cached shader map for material VertexColorViewMode_BlueOnly, compiling. 
[2016.02.15-19.04.35:905][  0]LogMaterial: Missing cached shader map for material RemoveSurfaceMaterial, compiling. 
[2016.02.15-19.04.35:910][  0]LogMaterial: Missing cached shader map for material DebugMeshMaterial, compiling. 
[2016.02.15-19.04.35:919][  0]LogMaterial: Missing cached shader map for material M_InvalidLightmapSettings, compiling. 
[2016.02.15-19.04.35:936][  0]LogMaterial: Missing cached shader map for material GizmoMaterial, compiling. 
[2016.02.15-19.04.35:952][  0]LogInit: XAudio2 using 'Speakers (High Definition Audio Device)' : 2 channels at 44.1 kHz using 16 bits per sample (channel mask 0x3)
[2016.02.15-19.04.35:962][  0]LogInit: FAudioDevice initialized.
[2016.02.15-19.04.35:968][  0]LogInit: Texture streaming: Enabled
[2016.02.15-19.04.35:971][  0]LogMaterial: Missing cached shader map for material BaseColor, compiling. 
[2016.02.15-19.04.35:977][  0]LogMaterial: Missing cached shader map for material CustomDepth, compiling. 
[2016.02.15-19.04.35:990][  0]LogMaterial: Missing cached shader map for material CustomStencil, compiling. 
[2016.02.15-19.04.35:991][  0]LogMaterial:Warning: Failed to compile Material /Engine/BufferVisualization/CustomStencil.CustomStencil for platform PCD3D_ES2, Default Material will be used in game.
[2016.02.15-19.04.35:991][  0]LogMaterial:Warning: 	(Node SceneTexture) Node not supported in feature level ES2
[2016.02.15-19.04.35:994][  0]LogMaterial: Missing cached shader map for material DecalMask, compiling. 
[2016.02.15-19.04.35:998][  0]LogMaterial: Missing cached shader map for material FinalImage, compiling. 
[2016.02.15-19.04.36:003][  0]LogMaterial: Missing cached shader map for material LightingModel, compiling. 
[2016.02.15-19.04.36:008][  0]LogMaterial: Missing cached shader map for material MaterialAO, compiling. 
[2016.02.15-19.04.36:014][  0]LogMaterial: Missing cached shader map for material Metallic, compiling. 
[2016.02.15-19.04.36:020][  0]LogMaterial: Missing cached shader map for material Opacity, compiling. 
[2016.02.15-19.04.36:026][  0]LogMaterial: Missing cached shader map for material Roughness, compiling. 
[2016.02.15-19.04.36:031][  0]LogMaterial: Missing cached shader map for material SceneColor, compiling. 
[2016.02.15-19.04.36:036][  0]LogMaterial: Missing cached shader map for material SceneDepth, compiling. 
[2016.02.15-19.04.36:041][  0]LogMaterial: Missing cached shader map for material SeparateTranslucencyRGB, compiling. 
[2016.02.15-19.04.36:047][  0]LogMaterial: Missing cached shader map for material SeparateTranslucencyA, compiling. 
[2016.02.15-19.04.36:053][  0]LogMaterial: Missing cached shader map for material Specular, compiling. 
[2016.02.15-19.04.36:058][  0]LogMaterial: Missing cached shader map for material SubsurfaceColor, compiling. 
[2016.02.15-19.04.36:063][  0]LogMaterial: Missing cached shader map for material WorldNormal, compiling. 
[2016.02.15-19.04.36:069][  0]LogMaterial: Missing cached shader map for material AmbientOcclusion, compiling. 
[2016.02.15-19.04.36:077][  0]LogMaterial: Missing cached shader map for material CustomDepthWorldUnits, compiling. 
[2016.02.15-19.04.36:083][  0]LogMaterial: Missing cached shader map for material SceneDepthWorldUnits, compiling. 
[2016.02.15-19.04.36:142][  0]LogNet: Browse: /Temp/Autosaves/Game/StarterContent/Maps/UEDPCStarterMap?Name=Player
[2016.02.15-19.04.36:142][  0]LogLoad: LoadMap: /Temp/Autosaves/Game/StarterContent/Maps/UEDPCStarterMap?Name=Player
[2016.02.15-19.04.36:160][  0]LogParticles: Destroying 0 GPU particle simulations for FXSystem 0x000002885DA2B880
[2016.02.15-19.04.36:177][  0]LogMemory: Platform Memory Stats for Windows
[2016.02.15-19.04.36:177][  0]LogMemory: Process Physical Memory: 557.47 MB used, 557.47 MB peak
[2016.02.15-19.04.36:177][  0]LogMemory: Process Virtual Memory: 576.59 MB used, 578.71 MB peak
[2016.02.15-19.04.36:177][  0]LogMemory: Physical Memory: 4284.07 MB used, 12278.98 MB total
[2016.02.15-19.04.36:177][  0]LogMemory: Virtual Memory: 1115.22 MB used, 134217728.00 MB total
[2016.02.15-19.04.36:177][  0]LogMemory: 
[2016.02.15-19.04.36:177][  0]Allocator Stats for TBB: (not implemented)
[2016.02.15-19.04.36:985][  0]LogMaterial: Missing cached shader map for material M_Radial_Gradient, compiling. 
[2016.02.15-19.04.36:995][  0]LogMaterial: Missing cached shader map for material M_smoke_subUV, compiling. 
[2016.02.15-19.04.37:027][  0]LogMaterial: Missing cached shader map for material M_Fire_SubUV, compiling. 
[2016.02.15-19.04.37:039][  0]LogMaterial: Missing cached shader map for material M_Heat_Distortion, compiling. 
[2016.02.15-19.04.37:083][  0]LogMaterial: Missing cached shader map for material M_Metal_Burnished_Steel, compiling. 
[2016.02.15-19.04.37:133][  0]LogMaterial: Missing cached shader map for material M_Metal_Brushed_Nickel, compiling. 
[2016.02.15-19.04.37:187][  0]LogMaterial: Missing cached shader map for material M_Metal_Gold, compiling. 
[2016.02.15-19.04.37:244][  0]LogMaterial: Missing cached shader map for material M_Metal_Copper, compiling. 
[2016.02.15-19.04.37:295][  0]LogMaterial: Missing cached shader map for material M_Metal_Chrome, compiling. 
[2016.02.15-19.04.37:344][  0]LogMaterial: Missing cached shader map for material M_Metal_Steel, compiling. 
[2016.02.15-19.04.37:394][  0]LogMaterial: Missing cached shader map for material M_Metal_Rust, compiling. 
[2016.02.15-19.04.37:421][  0]LogMaterial: Missing cached shader map for material M_Rock_Sandstone, compiling. 
[2016.02.15-19.04.37:474][  0]LogMaterial: Missing cached shader map for material M_Rock_Marble_Polished, compiling. 
[2016.02.15-19.04.37:527][  0]LogMaterial: Missing cached shader map for material M_Rock_Basalt, compiling. 
[2016.02.15-19.04.37:560][  0]LogMaterial: Missing cached shader map for material M_Tech_Hex_Tile, compiling. 
[2016.02.15-19.04.37:591][  0]LogMaterial: Missing cached shader map for material M_Tech_Checker_Dot, compiling. 
[2016.02.15-19.04.37:622][  0]LogMaterial: Missing cached shader map for material M_Rock_Slate, compiling. 
[2016.02.15-19.04.37:654][  0]LogMaterial: Missing cached shader map for material M_Tech_Panel, compiling. 
[2016.02.15-19.04.37:685][  0]LogMaterial: Missing cached shader map for material M_Tech_Hex_Tile_Pulse, compiling. 
[2016.02.15-19.04.37:721][  0]LogMaterial: Missing cached shader map for material M_Wood_Floor_Walnut_Polished, compiling. 
[2016.02.15-19.04.37:749][  0]LogMaterial: Missing cached shader map for material M_Water_Ocean, compiling. 
[2016.02.15-19.04.37:780][  0]LogMaterial: Missing cached shader map for material M_Water_Lake, compiling. 
[2016.02.15-19.04.37:807][  0]LogMaterial: Missing cached shader map for material M_Wood_Oak, compiling. 
[2016.02.15-19.04.37:857][  0]LogMaterial: Missing cached shader map for material M_Wood_Floor_Walnut_Worn, compiling. 
[2016.02.15-19.04.37:885][  0]LogMaterial: Missing cached shader map for material M_Chair, compiling. 
[2016.02.15-19.04.37:913][  0]LogMaterial: Missing cached shader map for material M_Wood_Walnut, compiling. 
[2016.02.15-19.04.37:964][  0]LogMaterial: Missing cached shader map for material M_Wood_Pine, compiling. 
[2016.02.15-19.04.38:018][  0]LogMaterial: Missing cached shader map for material M_Dust_Particle, compiling. 
[2016.02.15-19.04.38:205][  0]LogMaterial: Missing cached shader map for material M_Sky_Panning_Clouds2, compiling. 
[2016.02.15-19.04.38:215][  0]LogMaterial: Missing cached shader map for material M_Brick_Clay_Beveled, compiling. 
[2016.02.15-19.04.38:242][  0]LogMaterial: Missing cached shader map for material AntiAliasedTextMaterialTranslucent, compiling. 
[2016.02.15-19.04.38:261][  0]LogMaterial: Missing cached shader map for material M_Brick_Clay_Old, compiling. 
[2016.02.15-19.04.38:291][  0]LogMaterial: Missing cached shader map for material M_Brick_Clay_New, compiling. 
[2016.02.15-19.04.38:321][  0]LogMaterial: Missing cached shader map for material M_Brick_Hewn_Stone, compiling. 
[2016.02.15-19.04.38:352][  0]LogMaterial: Missing cached shader map for material M_Brick_Cut_Stone, compiling. 
[2016.02.15-19.04.38:406][  0]LogMaterial: Missing cached shader map for material M_CobbleStone_Rough, compiling. 
[2016.02.15-19.04.38:437][  0]LogMaterial: Missing cached shader map for material M_CobbleStone_Pebble, compiling. 
[2016.02.15-19.04.38:469][  0]LogMaterial: Missing cached shader map for material M_Ceramic_Tile_Checker, compiling. 
[2016.02.15-19.04.38:523][  0]LogMaterial: Missing cached shader map for material M_Concrete_Panels, compiling. 
[2016.02.15-19.04.38:579][  0]LogMaterial: Missing cached shader map for material M_Concrete_Grime, compiling. 
[2016.02.15-19.04.38:611][  0]LogMaterial: Missing cached shader map for material M_CobbleStone_Smooth, compiling. 
[2016.02.15-19.04.38:645][  0]LogMaterial: Missing cached shader map for material M_Concrete_Tiles, compiling. 
[2016.02.15-19.04.38:677][  0]LogMaterial: Missing cached shader map for material M_Concrete_Poured, compiling. 
[2016.02.15-19.04.38:734][  0]LogMaterial: Missing cached shader map for material M_Ground_Moss, compiling. 
[2016.02.15-19.04.38:784][  0]LogMaterial: Missing cached shader map for material M_Ground_Gravel, compiling. 
[2016.02.15-19.04.38:832][  0]LogMaterial: Missing cached shader map for material M_Ground_Grass, compiling. 
[2016.02.15-19.04.38:907][  0]LogMaterial: Missing cached shader map for material M_Spark, compiling. 
[2016.02.15-19.04.38:969][  0]LogMaterial: Missing cached shader map for material M_Lamp, compiling. 
[2016.02.15-19.04.39:021][  0]LogMaterial: Missing cached shader map for material M_Basic_Floor, compiling. 
[2016.02.15-19.04.39:051][  0]LogMaterial: Missing cached shader map for material M_Basic_Wall, compiling. 
[2016.02.15-19.04.39:082][  0]LogMaterial: Missing cached shader map for material M_Statue, compiling. 
[2016.02.15-19.04.39:113][  0]LogMaterial: Missing cached shader map for material M_StatueGlass, compiling. 
[2016.02.15-19.04.39:144][  0]LogMaterial: Missing cached shader map for material M_Frame, compiling. 
[2016.02.15-19.04.39:177][  0]LogMaterial: Missing cached shader map for material M_TableRound, compiling. 
[2016.02.15-19.04.39:205][  0]LogMaterial: Missing cached shader map for material M_Glass, compiling. 
[2016.02.15-19.04.39:250][  0]LogAIModule: Creating AISystem for world StarterMap
[2016.02.15-19.04.39:388][  0]LogMaterial: Missing cached shader map for material BaseMaterial, compiling. 
[2016.02.15-19.04.39:428][  0]LogWorld: Game class is 'TwinStickGameMode_C'
[2016.02.15-19.04.39:450][  0]LogWorld: Bringing World /Temp/Autosaves/Game/StarterContent/Maps/UEDPCStarterMap.StarterMap up for play (max tick rate 0) at 2016.02.15-11.04.39
[2016.02.15-19.04.39:452][  0]LogWorld: Bringing up level for play took: 0.022884
[2016.02.15-19.04.39:530][  0]LogInit:Display: Game Engine Initialized.
[2016.02.15-19.04.39:763][  0]LogLoad: Full Startup: 69.40 seconds (BP compile: 0.16 seconds)
[2016.02.15-19.04.39:784][  0]LogOcInput: Can't find Oculus library dev build: is proper Runtime installed? Version: 0.8.0.0
[2016.02.15-19.04.39:863][  1]LogRenderer: Reallocating scene render targets to support 1280x720 (Frame:2).
[2016.02.15-19.05.03:374][431]LogWindowsTextInputMethodSystem:Display: IME system now deactivated.
[2016.02.15-19.05.03:375][431]LogEngine: All Windows Closed
[2016.02.15-19.05.03:375][431]LogWindows: FPlatformMisc::RequestExit(0)
[2016.02.15-19.05.03:388][432]LogExit: Preparing to exit.
[2016.02.15-19.05.03:531][432]LogExit: Game engine shut down
[2016.02.15-19.05.03:533][432]LogParticles: Destroying 0 GPU particle simulations for FXSystem 0x0000028817B06340
[2016.02.15-19.05.03:741][432]LogExit: Object subsystem successfully closed.
[2016.02.15-19.05.03:748][432]LogD3D11RHI: Shutdown
[2016.02.15-19.05.03:748][432]LogD3D11RHI: CleanupD3DDevice
[2016.02.15-19.05.03:831][432]LogD3D11RHI: ~FD3D11DynamicRHI
[2016.02.15-19.05.03:854][432]LogModuleManager: Shutting down and abandoning module AndroidDeviceDetection (117)
[2016.02.15-19.05.04:779][432]LogModuleManager: Shutting down and abandoning module AutomationController (116)
[2016.02.15-19.05.04:780][432]LogModuleManager: Shutting down and abandoning module AutomationWorker (115)
[2016.02.15-19.05.04:780][432]LogModuleManager: Shutting down and abandoning module CharacterAI (114)
[2016.02.15-19.05.04:780][432]LogModuleManager: Shutting down and abandoning module AITestSuite (113)
[2016.02.15-19.05.04:780][432]LogModuleManager: Shutting down and abandoning module GameplayDebugger (112)
[2016.02.15-19.05.04:780][432]LogModuleManager: Shutting down and abandoning module AIModule (111)
[2016.02.15-19.05.04:780][432]LogModuleManager: Shutting down and abandoning module MovieSceneCapture (110)
[2016.02.15-19.05.04:780][432]LogModuleManager: Shutting down and abandoning module GameLiveStreaming (109)
[2016.02.15-19.05.04:780][432]LogModuleManager: Shutting down and abandoning module StreamingPauseRendering (108)
[2016.02.15-19.05.04:780][432]LogModuleManager: Shutting down and abandoning module ProfilerService (107)
[2016.02.15-19.05.05:000][432]LogModuleManager: Shutting down and abandoning module TaskGraph (106)
[2016.02.15-19.05.05:000][432]LogModuleManager: Shutting down and abandoning module SlateRemote (105)
[2016.02.15-19.05.05:000][432]LogModuleManager: Shutting down and abandoning module SteamVRController (104)
[2016.02.15-19.05.05:000][432]LogModuleManager: Shutting down and abandoning module SteamVR (103)
[2016.02.15-19.05.05:000][432]LogModuleManager: Shutting down and abandoning module ProceduralMeshComponent (102)
[2016.02.15-19.05.05:000][432]LogModuleManager: Shutting down and abandoning module OculusLibrary (101)
[2016.02.15-19.05.05:000][432]LogModuleManager: Shutting down and abandoning module OculusInput (100)
[2016.02.15-19.05.05:000][432]LogModuleManager: Shutting down and abandoning module LeapMotionController (99)
[2016.02.15-19.05.05:013][432]LogModuleManager: Shutting down and abandoning module CustomMeshComponent (98)
[2016.02.15-19.05.05:013][432]LogModuleManager: Shutting down and abandoning module CableComponent (97)
[2016.02.15-19.05.05:013][432]LogModuleManager: Shutting down and abandoning module ArchVisCharacter (96)
[2016.02.15-19.05.05:013][432]LogModuleManager: Shutting down and abandoning module HTML5Networking (95)
[2016.02.15-19.05.05:013][432]LogModuleManager: Shutting down and abandoning module DesktopPlatform (94)
[2016.02.15-19.05.05:013][432]LogModuleManager: Shutting down and abandoning module DirectoryWatcher (93)
[2016.02.15-19.05.05:013][432]LogModuleManager: Shutting down and abandoning module HotReload (92)
[2016.02.15-19.05.05:013][432]LogModuleManager: Shutting down and abandoning module VisualStudioSourceCodeAccess (91)
[2016.02.15-19.05.05:013][432]LogModuleManager: Shutting down and abandoning module UObjectPlugin (90)
[2016.02.15-19.05.05:013][432]LogModuleManager: Shutting down and abandoning module SubversionSourceControl (89)
[2016.02.15-19.05.05:014][432]LogModuleManager: Shutting down and abandoning module SourceControl (88)
[2016.02.15-19.05.05:014][432]LogModuleManager: Shutting down and abandoning module PerforceSourceControl (87)
[2016.02.15-19.05.05:014][432]LogModuleManager: Shutting down and abandoning module UdpMessaging (86)
[2016.02.15-19.05.05:014][432]LogModuleManager: Shutting down and abandoning module LightPropagationVolumeRuntime (85)
[2016.02.15-19.05.05:014][432]LogModuleManager: Shutting down and abandoning module Paper2D (84)
[2016.02.15-19.05.05:014][432]LogModuleManager: Shutting down and abandoning module WindowsMoviePlayer (83)
[2016.02.15-19.05.05:014][432]LogModuleManager: Shutting down and abandoning module Media (82)
[2016.02.15-19.05.05:014][432]LogModuleManager: Shutting down and abandoning module WmfMedia (81)
[2016.02.15-19.05.05:014][432]LogModuleManager: Shutting down and abandoning module OnlineBlueprintSupport (80)
[2016.02.15-19.05.05:014][432]LogModuleManager: Shutting down and abandoning module GameplayTasksEditor (79)
[2016.02.15-19.05.05:014][432]LogModuleManager: Shutting down and abandoning module PropertyEditor (78)
[2016.02.15-19.05.05:014][432]LogModuleManager: Shutting down and abandoning module BehaviorTreeEditor (77)
[2016.02.15-19.05.05:014][432]LogModuleManager: Shutting down and abandoning module FunctionalTesting (76)
[2016.02.15-19.05.05:014][432]LogModuleManager: Shutting down and abandoning module CollisionAnalyzer (75)
[2016.02.15-19.05.05:014][432]LogModuleManager: Shutting down and abandoning module WorkspaceMenuStructure (74)
[2016.02.15-19.05.05:014][432]LogModuleManager: Shutting down and abandoning module MessageLog (73)
[2016.02.15-19.05.05:014][432]LogModuleManager: Shutting down and abandoning module Sequencer (72)
[2016.02.15-19.05.05:014][432]LogModuleManager: Shutting down and abandoning module AssetTools (71)
[2016.02.15-19.05.05:014][432]LogModuleManager: Shutting down and abandoning module UMGEditor (70)
[2016.02.15-19.05.05:014][432]LogModuleManager: Shutting down and abandoning module UMG (69)
[2016.02.15-19.05.05:014][432]LogModuleManager: Shutting down and abandoning module Slate (68)
[2016.02.15-19.05.05:014][432]LogModuleManager: Shutting down and abandoning module EditorStyle (67)
[2016.02.15-19.05.05:016][432]LogModuleManager: Shutting down and abandoning module SessionServices (66)
[2016.02.15-19.05.05:016][432]LogModuleManager: Shutting down and abandoning module SourceCodeAccess (65)
[2016.02.15-19.05.05:016][432]LogModuleManager: Shutting down and abandoning module HeadMountedDisplay (64)
[2016.02.15-19.05.05:016][432]LogModuleManager: Shutting down and abandoning module XAudio2 (63)
[2016.02.15-19.05.05:016][432]LogModuleManager: Shutting down and abandoning module Networking (61)
[2016.02.15-19.05.05:016][432]LogModuleManager: Shutting down and abandoning module Core (60)
[2016.02.15-19.05.05:016][432]LogModuleManager: Shutting down and abandoning module KismetCompiler (59)
[2016.02.15-19.05.05:016][432]LogModuleManager: Shutting down and abandoning module PhysXFormats (58)
[2016.02.15-19.05.05:016][432]LogModuleManager: Shutting down and abandoning module MeshUtilities (57)
[2016.02.15-19.05.05:016][432]LogModuleManager: Shutting down and abandoning module DerivedDataCache (56)
[2016.02.15-19.05.05:501][432]LogDerivedDataCache: Shutdown
[2016.02.15-19.05.05:501][432]LogModuleManager: Shutting down and abandoning module ShaderFormatOpenGL (55)
[2016.02.15-19.05.05:501][432]LogModuleManager: Shutting down and abandoning module ShaderFormatD3D (54)
[2016.02.15-19.05.05:501][432]LogModuleManager: Shutting down and abandoning module MetalShaderFormat (53)
[2016.02.15-19.05.05:501][432]LogModuleManager: Shutting down and abandoning module TextureFormatUncompressed (52)
[2016.02.15-19.05.05:501][432]LogModuleManager: Shutting down and abandoning module TextureFormatPVR (51)
[2016.02.15-19.05.05:501][432]LogModuleManager: Shutting down and abandoning module TextureFormatIntelISPCTexComp (50)
[2016.02.15-19.05.05:501][432]LogModuleManager: Shutting down and abandoning module TextureFormatDXT (49)
[2016.02.15-19.05.05:501][432]LogModuleManager: Shutting down and abandoning module ImageWrapper (48)
[2016.02.15-19.05.05:501][432]LogModuleManager: Shutting down and abandoning module TextureFormatASTC (47)
[2016.02.15-19.05.05:501][432]LogModuleManager: Shutting down and abandoning module TextureFormatAndroid (46)
[2016.02.15-19.05.05:501][432]LogModuleManager: Shutting down and abandoning module AudioFormatOpus (45)
[2016.02.15-19.05.05:501][432]LogModuleManager: Shutting down and abandoning module AudioFormatOgg (44)
[2016.02.15-19.05.05:501][432]LogModuleManager: Shutting down and abandoning module AudioFormatADPCM (43)
[2016.02.15-19.05.05:501][432]LogModuleManager: Shutting down and abandoning module LinuxTargetPlatform (42)
[2016.02.15-19.05.05:501][432]LogModuleManager: Shutting down and abandoning module LinuxServerTargetPlatform (41)
[2016.02.15-19.05.05:501][432]LogModuleManager: Shutting down and abandoning module LinuxNoEditorTargetPlatform (40)
[2016.02.15-19.05.05:501][432]LogModuleManager: Shutting down and abandoning module Messaging (39)
[2016.02.15-19.05.05:501][432]LogModuleManager: Shutting down and abandoning module IOSTargetPlatform (38)
[2016.02.15-19.05.05:501][432]LogModuleManager: Shutting down and abandoning module HTML5TargetPlatform (37)
[2016.02.15-19.05.05:501][432]LogModuleManager: Shutting down and abandoning module Android_PVRTCTargetPlatform (36)
[2016.02.15-19.05.05:501][432]LogModuleManager: Shutting down and abandoning module Android_MultiTargetPlatform (35)
[2016.02.15-19.05.05:501][432]LogModuleManager: Shutting down and abandoning module Android_ETC2TargetPlatform (34)
[2016.02.15-19.05.05:501][432]LogModuleManager: Shutting down and abandoning module Android_ETC1TargetPlatform (33)
[2016.02.15-19.05.05:501][432]LogModuleManager: Shutting down and abandoning module Android_DXTTargetPlatform (32)
[2016.02.15-19.05.05:501][432]LogModuleManager: Shutting down and abandoning module Android_ATCTargetPlatform (31)
[2016.02.15-19.05.05:501][432]LogModuleManager: Shutting down and abandoning module Android_ASTCTargetPlatform (30)
[2016.02.15-19.05.05:501][432]LogModuleManager: Shutting down and abandoning module AndroidTargetPlatform (29)
[2016.02.15-19.05.05:501][432]LogModuleManager: Shutting down and abandoning module WindowsTargetPlatform (28)
[2016.02.15-19.05.05:501][432]LogModuleManager: Shutting down and abandoning module WindowsServerTargetPlatform (27)
[2016.02.15-19.05.05:501][432]LogModuleManager: Shutting down and abandoning module WindowsNoEditorTargetPlatform (26)
[2016.02.15-19.05.05:501][432]LogModuleManager: Shutting down and abandoning module WindowsClientTargetPlatform (25)
[2016.02.15-19.05.05:501][432]LogModuleManager: Shutting down and abandoning module AllDesktopTargetPlatform (24)
[2016.02.15-19.05.05:501][432]LogModuleManager: Shutting down and abandoning module TargetPlatform (23)
[2016.02.15-19.05.05:501][432]LogModuleManager: Shutting down and abandoning module InputCore (22)
[2016.02.15-19.05.05:501][432]LogModuleManager: Shutting down and abandoning module Settings (21)
[2016.02.15-19.05.05:501][432]LogModuleManager: Shutting down and abandoning module OnlineSubsystem (19)
[2016.02.15-19.05.05:501][432]LogModuleManager: Shutting down and abandoning module HTTP (18)
[2016.02.15-19.05.05:502][432]LogModuleManager: Shutting down and abandoning module XMPP (17)
[2016.02.15-19.05.05:502][432]LogModuleManager: Shutting down and abandoning module OculusRift (16)
[2016.02.15-19.05.05:502][432]LogModuleManager: Shutting down and abandoning module ExampleDeviceProfileSelector (15)
[2016.02.15-19.05.05:502][432]LogModuleManager: Shutting down and abandoning module TextureCompressor (14)
[2016.02.15-19.05.05:502][432]LogModuleManager: Shutting down and abandoning module ShaderCore (13)
[2016.02.15-19.05.05:502][432]LogModuleManager: Shutting down and abandoning module Landscape (12)
[2016.02.15-19.05.05:502][432]LogModuleManager: Shutting down and abandoning module SlateRHIRenderer (11)
[2016.02.15-19.05.05:502][432]LogModuleManager: Shutting down and abandoning module OpenGLDrv (10)
[2016.02.15-19.05.05:502][432]LogModuleManager: Shutting down and abandoning module D3D11RHI (9)
[2016.02.15-19.05.05:502][432]LogModuleManager: Shutting down and abandoning module AnimGraphRuntime (8)
[2016.02.15-19.05.05:502][432]LogModuleManager: Shutting down and abandoning module Renderer (7)
[2016.02.15-19.05.05:502][432]LogModuleManager: Shutting down and abandoning module Engine (6)
[2016.02.15-19.05.05:502][432]LogModuleManager: Shutting down and abandoning module CoreUObject (5)
[2016.02.15-19.05.05:502][432]LogModuleManager: Shutting down and abandoning module NetworkFile (4)
[2016.02.15-19.05.05:502][432]LogModuleManager: Shutting down and abandoning module StreamingFile (3)
[2016.02.15-19.05.05:502][432]LogModuleManager: Shutting down and abandoning module SandboxFile (2)
[2016.02.15-19.05.05:502][432]LogModuleManager: Shutting down and abandoning module PakFile (1)
[2016.02.15-19.05.05:503][432]LogExit: Exiting.
[2016.02.15-19.05.05:504][432]Log file closed, 02/15/16 11:05:05
