[2016.06.26-22.23.38:583][  0]Log file open, 06/26/16 15:23:38
[2016.06.26-22.23.38:583][  0]LogInit:Display: Running engine for game: Shooter
[2016.06.26-22.23.38:583][  0]LogPlatformFile: Not using cached read wrapper
[2016.06.26-22.23.38:583][  0]LogInit:Display: RandInit(299332688) SRandInit(299332690).
[2016.06.26-22.23.38:583][  0]LogTaskGraph: Started task graph with 4 named threads and 7 total threads.
[2016.06.26-22.23.38:583][  0]LogStats: Stats thread started at 0.079866
[2016.06.26-22.23.38:583][  0]LogInit: Version: 4.10.4-2872498+++depot+UE4-Releases+4.10
[2016.06.26-22.23.38:583][  0]LogInit: API Version: 2758231
[2016.06.26-22.23.38:583][  0]LogInit: Compiled (64-bit): Feb 18 2016 15:47:04
[2016.06.26-22.23.38:583][  0]LogInit: Compiled with Visual C++: 19.00.23026.00
[2016.06.26-22.23.38:583][  0]LogInit: Build Configuration: Development
[2016.06.26-22.23.38:583][  0]LogInit: Branch Name: ++depot+UE4-Releases+4.10
[2016.06.26-22.23.38:583][  0]LogInit: Command line:  
[2016.06.26-22.23.38:583][  0]LogInit: Base directory: C:/Program Files (x86)/Epic Games/4.10/Engine/Binaries/Win64/
[2016.06.26-22.23.38:583][  0]LogInit: Rocket: 1
[2016.06.26-22.23.38:590][  0]LogInit: Using libcurl 7.41.0
[2016.06.26-22.23.38:590][  0]LogInit:  - built for x86_64-pc-win32
[2016.06.26-22.23.38:590][  0]LogInit:  - supports SSL with WinSSL
[2016.06.26-22.23.38:590][  0]LogInit:  - other features:
[2016.06.26-22.23.38:590][  0]LogInit:      CURL_VERSION_SSL
[2016.06.26-22.23.38:590][  0]LogInit:      CURL_VERSION_IPV6
[2016.06.26-22.23.38:590][  0]LogInit:      CURL_VERSION_ASYNCHDNS
[2016.06.26-22.23.38:590][  0]LogInit:      CURL_VERSION_LARGEFILE
[2016.06.26-22.23.38:590][  0]LogInit:      CURL_VERSION_IDN
[2016.06.26-22.23.38:590][  0]LogInit:  CurlRequestOptions (configurable via config and command line):
[2016.06.26-22.23.38:590][  0]LogInit:  - bVerifyPeer = true  - Libcurl will verify peer certificate
[2016.06.26-22.23.38:590][  0]LogInit:  - bUseHttpProxy = false  - Libcurl will NOT use HTTP proxy
[2016.06.26-22.23.38:590][  0]LogInit:  - bDontReuseConnections = false  - Libcurl will reuse connections
[2016.06.26-22.23.38:590][  0]LogInit:  - CertBundlePath = nullptr  - Libcurl will use whatever was configured at build time.
[2016.06.26-22.23.38:599][  0]LogInit: Presizing for 0 objects not considered by GC, pre-allocating 0 bytes.
[2016.06.26-22.23.38:606][  0]LogInit: Object subsystem initialized
[2016.06.26-22.23.38:607][  0]LogInit: Selected Device Profile: [Windows]
[2016.06.26-22.23.38:607][  0]LogInit: Applying CVar settings loaded from the selected device profile: [Windows]
[2016.06.26-22.23.38:618][  0]LogInit: Computer: DESKTOP-L2MBQP1
[2016.06.26-22.23.38:618][  0]LogInit: User: NewXB
[2016.06.26-22.23.38:618][  0]LogInit: CPU Page size=4096, Cores=4
[2016.06.26-22.23.38:618][  0]LogInit: High frequency timer resolution =3.263308 MHz
[2016.06.26-22.23.38:618][  0]LogMemory: Memory total: Physical=12.0GB (12GB approx)
[2016.06.26-22.23.38:618][  0]LogMemory: Platform Memory Stats for Windows
[2016.06.26-22.23.38:618][  0]LogMemory: Process Physical Memory: 55.97 MB used, 55.97 MB peak
[2016.06.26-22.23.38:618][  0]LogMemory: Process Virtual Memory: 56.80 MB used, 56.80 MB peak
[2016.06.26-22.23.38:618][  0]LogMemory: Physical Memory: 2527.62 MB used, 12278.98 MB total
[2016.06.26-22.23.38:618][  0]LogMemory: Virtual Memory: 382.57 MB used, 134217728.00 MB total
[2016.06.26-22.23.38:647][  0]LogTextLocalizationManager: No specific translations for ('en-US') exist, so ('en') translations will be used.
[2016.06.26-22.23.39:124][  0]LogD3D11RHI: Found D3D11 adapter 0: NVIDIA GeForce GTX 295 (Feature Level 10_0)
[2016.06.26-22.23.39:124][  0]LogD3D11RHI: Adapter has 863MB of dedicated video memory, 0MB of dedicated system memory, and 3199MB of shared system memory, 2 output[s]
[2016.06.26-22.23.39:126][  0]LogD3D11RHI: Found D3D11 adapter 1: Microsoft Basic Render Driver (Feature Level 11_0)
[2016.06.26-22.23.39:126][  0]LogD3D11RHI: Adapter has 0MB of dedicated video memory, 0MB of dedicated system memory, and 6139MB of shared system memory, 0 output[s]
[2016.06.26-22.23.39:126][  0]LogD3D11RHI: Chosen D3D11 Adapter Id = 0
[2016.06.26-22.23.39:128][  0]LogD3D11RHI: !Direct3DDevice
[2016.06.26-22.23.39:128][  0]LogRHI: Texture pool is 604 MB (70% of 863 MB)
[2016.06.26-22.23.39:137][  0]LogD3D11RHI: Async texture creation enabled
[2016.06.26-22.23.39:161][  0]LogShaderCompilers: Guid format shader working directory is -26 characters bigger than the processId version (../../../../../../Users/NewXB/OneDrive/Documents/Unreal Projects/Shooter/Intermediate/Shaders/WorkingDirectory/4712/).
[2016.06.26-22.23.39:161][  0]LogShaderCompilers: Cleaned the shader compiler working directory 'C:/Users/NewXB/AppData/Local/Temp/UnrealShaderWorkingDir/4A69D1974C8A794BD91D83A1630BF42A/'.
[2016.06.26-22.23.39:161][  0]LogShaderCompilers:Display: Using Local Shader Compiler.
[2016.06.26-22.23.39:965][  0]LogTemp:Display: Loaded TP AllDesktopTargetPlatform
[2016.06.26-22.23.39:970][  0]LogTemp:Display: Loaded TP WindowsClientTargetPlatform
[2016.06.26-22.23.39:975][  0]LogTemp:Display: Loaded TP WindowsNoEditorTargetPlatform
[2016.06.26-22.23.39:980][  0]LogTemp:Display: Loaded TP WindowsServerTargetPlatform
[2016.06.26-22.23.39:985][  0]LogTemp:Display: Loaded TP WindowsTargetPlatform
[2016.06.26-22.23.39:988][  0]LogTemp:Display: Loaded TP AndroidTargetPlatform
[2016.06.26-22.23.39:991][  0]LogTemp:Display: Loaded TP Android_ASTCTargetPlatform
[2016.06.26-22.23.39:994][  0]LogTemp:Display: Loaded TP Android_ATCTargetPlatform
[2016.06.26-22.23.39:997][  0]LogTemp:Display: Loaded TP Android_DXTTargetPlatform
[2016.06.26-22.23.40:000][  0]LogTemp:Display: Loaded TP Android_ETC1TargetPlatform
[2016.06.26-22.23.40:003][  0]LogTemp:Display: Loaded TP Android_ETC2TargetPlatform
[2016.06.26-22.23.40:009][  0]LogTemp:Display: Loaded TP Android_MultiTargetPlatform
[2016.06.26-22.23.40:009][  0]LogTemp:Display: Loaded TP Android_PVRTCTargetPlatform
[2016.06.26-22.23.40:009][  0]LogTemp:Display: Loaded TP HTML5TargetPlatform
[2016.06.26-22.23.40:028][  0]LogTemp:Display: Loaded TP IOSTargetPlatform
[2016.06.26-22.23.40:031][  0]LogTemp:Display: Loaded TP LinuxNoEditorTargetPlatform
[2016.06.26-22.23.40:033][  0]LogTemp:Display: Loaded TP LinuxServerTargetPlatform
[2016.06.26-22.23.40:036][  0]LogTemp:Display: Loaded TP LinuxTargetPlatform
[2016.06.26-22.23.40:037][  0]LogTargetPlatformManager:Display: Building Assets For Windows
[2016.06.26-22.23.40:133][  0]LogDerivedDataCache:Display: Max Cache Size: 512 MB
[2016.06.26-22.23.40:174][  0]LogDerivedDataCache: Loaded boot cache 0.04s 36MB C:/Users/NewXB/AppData/Local/UnrealEngine/4.10/DerivedDataCache/Boot.ddc.
[2016.06.26-22.23.40:174][  0]LogDerivedDataCache:Display: Loaded Boot cache: C:/Users/NewXB/AppData/Local/UnrealEngine/4.10/DerivedDataCache/Boot.ddc
[2016.06.26-22.23.40:174][  0]LogDerivedDataCache: FDerivedDataBackendGraph:  Pak pak cache file ../../../../../../Users/NewXB/OneDrive/Documents/Unreal Projects/Shooter/DerivedDataCache/DDC.ddp not found, will not use a pak cache.
[2016.06.26-22.23.40:174][  0]LogDerivedDataCache: Unable to find inner node Pak for hierarchical cache Hierarchy.
[2016.06.26-22.23.40:174][  0]LogDerivedDataCache: FDerivedDataBackendGraph:  CompressedPak pak cache file ../../../../../../Users/NewXB/OneDrive/Documents/Unreal Projects/Shooter/DerivedDataCache/Compressed.ddp not found, will not use a pak cache.
[2016.06.26-22.23.40:174][  0]LogDerivedDataCache: Unable to find inner node CompressedPak for hierarchical cache Hierarchy.
[2016.06.26-22.23.40:243][  0]LogDerivedDataCache:Display: Pak cache opened for reading ../../../Engine/DerivedDataCache/Compressed.ddp.
[2016.06.26-22.23.40:255][  0]LogDerivedDataCache: Using Local data cache path C:/Users/NewXB/AppData/Local/UnrealEngine/Common/DerivedDataCache: Writable
[2016.06.26-22.23.40:464][  0]LogInit: Selected Device Profile: [Windows]
[2016.06.26-22.23.40:468][  0]LogContentStreaming: Texture pool size is 0.000000MB
[2016.06.26-22.23.40:585][  0]LogMeshUtilities: No automatic mesh reduction module available
[2016.06.26-22.23.40:585][  0]LogMeshUtilities: No automatic mesh merging module available
[2016.06.26-22.23.40:866][  0]LogInit: WinSock: version 1.1 (2.2), MaxSocks=32767, MaxUdp=65467
[2016.06.26-22.23.41:733][  0]UdpMessaging: Initializing bridge on interface 0.0.0.0:0 to multicast group 230.0.0.1:6666.
[2016.06.26-22.23.41:836][  0]LogAssetRegistry: FAssetRegistry took 0.0111 seconds to start up
[2016.06.26-22.23.42:015][  0]SourceControl: Info Source control is disabled
[2016.06.26-22.23.42:015][  0]SourceControl: Info Source control is disabled
[2016.06.26-22.23.42:030][  0]SourceControl: Info Source control is disabled
[2016.06.26-22.23.42:045][  0]SourceControl: Info Source control is disabled
[2016.06.26-22.23.42:332][  0]LogObj: 28633 objects as part of root set at end of initial load.
[2016.06.26-22.23.42:332][  0]LogUObjectAllocator: 6099744 out of 0 bytes used by permanent object pool.
[2016.06.26-22.23.42:392][  0]LogEngine: Initializing Engine...
[2016.06.26-22.23.42:394][  0]LogHMD: Can't find Oculus library dev build: is proper Runtime installed? Version: 0.8.0.0
[2016.06.26-22.23.42:395][  0]LogHMD: SteamVR failed to initialize.  Err: 110
[2016.06.26-22.23.42:510][  0]LogAIModule: Creating AISystem for world NewWorld
[2016.06.26-22.23.42:515][  0]LogInit: XAudio2 using 'Speakers (High Definition Audio Device)' : 2 channels at 44.1 kHz using 16 bits per sample (channel mask 0x3)
[2016.06.26-22.23.42:551][  0]LogInit: FAudioDevice initialized.
[2016.06.26-22.23.42:570][  0]LogDerivedDataCache: Saved boot cache 0.02s 36MB C:/Users/NewXB/AppData/Local/UnrealEngine/4.10/DerivedDataCache/Boot.ddc.
[2016.06.26-22.23.42:577][  0]LogInit: Texture streaming: Enabled
[2016.06.26-22.23.42:584][  0]LogAnalytics: Creating configured Analytics provider AnalyticsET
[2016.06.26-22.23.42:584][  0]LogAnalytics: [UEEditor.Rocket.Release] APIServer = http://et2.epicgames.com/ET2/. AppVersion = 4.10.4-2872498+++depot+UE4-Releases+4.10
[2016.06.26-22.23.42:584][  0]LogAnalytics: [UEEditor.Rocket.Release] SetUserId ece583814e9348fb62113dbfb66ef682|bccad1b3b1304992b6c7a115ad0c5f38|62b997dc-dbc2-4b17-ab0c-81ec4270b588
[2016.06.26-22.23.42:584][  0]LogAnalytics: [UEEditor.Rocket.Release] AnalyticsET::StartSession
[2016.06.26-22.23.42:593][  0]LogInit: Transaction tracking system initialized
[2016.06.26-22.23.42:625][  0]BlueprintLog: New page: Editor Load
[2016.06.26-22.23.42:716][  0]LocalizationService: Info Localization service is disabled
[2016.06.26-22.23.42:824][  0]LogConsoleResponse:Display: 
[2016.06.26-22.23.42:932][  0]LogCook:Display: Done creating registry. It took  0.00s.
[2016.06.26-22.23.42:999][  0]LogFileCache: Scanning file cache for directory 'C:/Users/NewXB/OneDrive/Documents/Unreal Projects/Shooter/Content/' took 0.01s
[2016.06.26-22.23.42:999][  0]SourceControl: Info Source control is disabled
[2016.06.26-22.23.42:999][  0]Cmd: MAP LOAD FILE="../../../../../../Users/NewXB/OneDrive/Documents/Unreal Projects/Shooter/Content/TwinStickBP/Maps/TwinStickExampleMap.umap" TEMPLATE=0 SHOWPROGRESS=1 FEATURELEVEL=2
[2016.06.26-22.23.42:999][  0]LightingResults: New page: Lighting Build
[2016.06.26-22.23.43:002][  0]MapCheck: New page: Map Check
[2016.06.26-22.23.43:002][  0]LightingResults: New page: Lighting Build
[2016.06.26-22.23.43:013][  0]LogParticles: Destroying 0 GPU particle simulations for FXSystem 0x000001DFF7B0A160
[2016.06.26-22.23.43:945][  0]LogAIModule: Creating AISystem for world TwinStickExampleMap
[2016.06.26-22.23.43:972][  0]LogEditorServer: Finished looking for orphan Actors (0.000 secs)
[2016.06.26-22.23.43:972][  0]Cmd: MAP CHECKDEP NOCLEARLOG
[2016.06.26-22.23.44:036][  0]MapCheck: Info Map check complete: 0 Error(s), 0 Warning(s), took 63.092ms to complete.
[2016.06.26-22.23.44:036][  0]LogFileHelpers: Loading map 'TwinStickExampleMap' took 1.037
[2016.06.26-22.23.44:170][  0]LogCollectionManager: Loaded 0 collections in 0.002418 seconds
[2016.06.26-22.23.44:209][  0]LogFileCache: Scanning file cache for directory 'C:/Users/NewXB/OneDrive/Documents/Unreal Projects/Shooter/Saved/Collections/' took 0.01s
[2016.06.26-22.23.44:209][  0]LogFileCache: Scanning file cache for directory 'C:/Users/NewXB/OneDrive/Documents/Unreal Projects/Shooter/Content/Developers/NewXB/Collections/' took 0.01s
[2016.06.26-22.23.44:209][  0]LogFileCache: Scanning file cache for directory 'C:/Users/NewXB/OneDrive/Documents/Unreal Projects/Shooter/Content/Collections/' took 0.01s
[2016.06.26-22.23.44:209][  0]LogCollectionManager: Rebuilt the GUID cache for 0 collections in 0.000002 seconds
[2016.06.26-22.23.44:217][  0]LogContentBrowser: Native class hierarchy populated in 0.0082 seconds. Added 1893 classes and 338 folders.
[2016.06.26-22.23.44:225][  0]LogContentBrowser: Native class hierarchy updated for 'WidgetCarousel' in 0.0003 seconds. Added 0 classes and 0 folders.
[2016.06.26-22.23.44:272][  0]LogContentBrowser: Native class hierarchy updated for 'AddContentDialog' in 0.0003 seconds. Added 0 classes and 0 folders.
[2016.06.26-22.23.44:277][  0]LogContentBrowser: Native class hierarchy updated for 'SceneOutliner' in 0.0003 seconds. Added 1 classes and 2 folders.
[2016.06.26-22.23.44:292][  0]LogCrashTracker: Crashtracker disabled due to settings.
[2016.06.26-22.23.44:295][  0]LogUObjectGlobals:Warning: Failed to find object 'Class None.'
[2016.06.26-22.23.44:318][  0]LogLoad: Full Startup: 6.19 seconds (BP compile: 0.22 seconds)
[2016.06.26-22.23.44:330][  0]LogOcInput: Can't find Oculus library dev build: is proper Runtime installed? Version: 0.8.0.0
[2016.06.26-22.23.44:398][  0]LogContentStreaming: Texture pool size now 1000 MB
[2016.06.26-22.23.44:537][  0]LogRenderer: Reallocating scene render targets to support 1208x572 (Frame:2).
[2016.06.26-22.23.45:654][  5]LogAssetRegistry: Asset discovery search completed in 3.8287 seconds
[2016.06.26-22.23.45:654][  5]LogCollectionManager: Rebuilt the object cache for 0 collections in 0.000001 seconds (found 0 objects)
[2016.06.26-22.23.45:654][  5]LogCollectionManager: Fixed up redirectors for 0 collections in 0.000020 seconds (updated 0 objects)
[2016.06.26-22.30.52:924][421]LogEditorViewport: Clicking on Actor (LMB): TwinStickPawn_C (TwinStickPawn)
[2016.06.26-22.31.08:870][206]LogLinker:Warning: Asset '../../../Engine/Content/ArtTools/RenderToTexture/Macros/RenderToTextureMacros.uasset' has been saved with empty engine version. The asset will be loaded but may be incompatible.
[2016.06.26-22.31.09:368][206]LogContentBrowser: Native class hierarchy updated for 'BlueprintGraph' in 0.0008 seconds. Added 107 classes and 0 folders.
[2016.06.26-22.31.24:654][553]LogActorComponent: UnregisterComponent: (/Engine/Transient.CharMoveComp) Not registered. Aborting.
[2016.06.26-22.31.24:654][553]LogActorComponent: UnregisterComponent: (/Engine/Transient.PawnSensing_GEN_VARIABLE) Not registered. Aborting.
[2016.06.26-22.31.24:654][553]LogActorComponent: UnregisterComponent: (/Engine/Transient.ProjectileMovementComponent_8) Not registered. Aborting.
[2016.06.26-22.31.24:654][553]LogActorComponent: UnregisterComponent: (/Engine/Transient.ProjectileMovement_GEN_VARIABLE) Not registered. Aborting.
[2016.06.26-22.31.24:654][553]LogActorComponent: UnregisterComponent: (/Engine/Transient.CharacterMovementComponent_0) Not registered. Aborting.
[2016.06.26-22.31.24:654][553]LogActorComponent: UnregisterComponent: (/Engine/Transient.PawnSensingMoving_GEN_VARIABLE) Not registered. Aborting.
[2016.06.26-22.31.24:655][553]LogActorComponent: UnregisterComponent: (/Engine/Transient.PawnSensingShooting_GEN_VARIABLE) Not registered. Aborting.
[2016.06.26-22.31.24:655][553]LogActorComponent: UnregisterComponent: (/Engine/Transient.ProjectileMovementComponent_0) Not registered. Aborting.
[2016.06.26-22.31.24:655][553]LogActorComponent: UnregisterComponent: (/Engine/Transient.ProjectileMovementComponent_1) Not registered. Aborting.
[2016.06.26-22.34.22:502][939]BlueprintLog: New page: Compile TwinStickPawn
[2016.06.26-22.34.22:705][939]LogActorComponent: UnregisterComponent: (/Engine/Transient.CharacterMovementComponent_1) Not registered. Aborting.
[2016.06.26-22.34.22:705][939]LogActorComponent: UnregisterComponent: (/Engine/Transient.PawnSensingComponent_0) Not registered. Aborting.
[2016.06.26-22.34.22:705][939]LogActorComponent: UnregisterComponent: (/Engine/Transient.PawnSensingComponent_1) Not registered. Aborting.
[2016.06.26-22.34.22:705][939]LogActorComponent: UnregisterComponent: (/Engine/Transient.ProjectileMovementComponent_2) Not registered. Aborting.
[2016.06.26-22.34.22:705][939]LogActorComponent: UnregisterComponent: (/Engine/Transient.CharacterMovementComponent_2) Not registered. Aborting.
[2016.06.26-22.34.22:705][939]LogActorComponent: UnregisterComponent: (/Engine/Transient.PawnSensingComponent_2) Not registered. Aborting.
[2016.06.26-22.34.22:705][939]LogActorComponent: UnregisterComponent: (/Engine/Transient.ProjectileMovementComponent_3) Not registered. Aborting.
[2016.06.26-22.34.22:705][939]LogActorComponent: UnregisterComponent: (/Engine/Transient.ProjectileMovementComponent_4) Not registered. Aborting.
[2016.06.26-22.34.22:765][939]BlueprintEditorCompileResults: Info [0644.63] Compile of TwinStickPawn successful! [in 263 ms]
[2016.06.26-22.35.03:656][963]LogActorComponent: UnregisterComponent: (/Engine/Transient.CharMoveComp) Not registered. Aborting.
[2016.06.26-22.35.03:656][963]LogActorComponent: UnregisterComponent: (/Engine/Transient.PawnSensingMoving_GEN_VARIABLE) Not registered. Aborting.
[2016.06.26-22.35.03:657][963]LogActorComponent: UnregisterComponent: (/Engine/Transient.PawnSensingShooting_GEN_VARIABLE) Not registered. Aborting.
[2016.06.26-22.35.03:657][963]LogActorComponent: UnregisterComponent: (/Engine/Transient.ProjectileMovement_GEN_VARIABLE) Not registered. Aborting.
[2016.06.26-22.35.03:657][963]LogActorComponent: UnregisterComponent: (/Engine/Transient.CharacterMovementComponent_3) Not registered. Aborting.
[2016.06.26-22.35.03:657][963]LogActorComponent: UnregisterComponent: (/Engine/Transient.PawnSensing_GEN_VARIABLE) Not registered. Aborting.
[2016.06.26-22.35.03:657][963]LogActorComponent: UnregisterComponent: (/Engine/Transient.ProjectileMovementComponent_5) Not registered. Aborting.
[2016.06.26-22.35.03:657][963]LogActorComponent: UnregisterComponent: (/Engine/Transient.ProjectileMovementComponent_6) Not registered. Aborting.
[2016.06.26-22.35.09:296][466]BlueprintLog: New page: Compile TwinStickPawn
[2016.06.26-22.35.09:519][466]BlueprintEditorCompileResults: Info [0691.39] Compile of TwinStickPawn successful! [in 223 ms]
[2016.06.26-22.35.27:277][154]LogClass:Warning: Type mismatch in Attack of SKEL_TwinStickPawn_C - Previous (StructProperty) Current(ArrayProperty) for package:  FObjectReader
[2016.06.26-22.35.27:285][154]LogActorComponent: UnregisterComponent: (/Engine/Transient.CharMoveComp) Not registered. Aborting.
[2016.06.26-22.35.27:285][154]LogActorComponent: UnregisterComponent: (/Engine/Transient.PawnSensingMoving_GEN_VARIABLE) Not registered. Aborting.
[2016.06.26-22.35.27:285][154]LogActorComponent: UnregisterComponent: (/Engine/Transient.PawnSensingShooting_GEN_VARIABLE) Not registered. Aborting.
[2016.06.26-22.35.27:285][154]LogActorComponent: UnregisterComponent: (/Engine/Transient.ProjectileMovement_GEN_VARIABLE) Not registered. Aborting.
[2016.06.26-22.35.27:285][154]LogActorComponent: UnregisterComponent: (/Engine/Transient.CharacterMovementComponent_4) Not registered. Aborting.
[2016.06.26-22.35.27:285][154]LogActorComponent: UnregisterComponent: (/Engine/Transient.PawnSensing_GEN_VARIABLE) Not registered. Aborting.
[2016.06.26-22.35.27:285][154]LogActorComponent: UnregisterComponent: (/Engine/Transient.ProjectileMovementComponent_7) Not registered. Aborting.
[2016.06.26-22.35.27:285][154]LogActorComponent: UnregisterComponent: (/Engine/Transient.ProjectileMovementComponent_8) Not registered. Aborting.
[2016.06.26-22.36.09:980][442]BlueprintLog: New page: Compile TwinStickPawn
[2016.06.26-22.36.10:173][442]LogActorComponent: UnregisterComponent: (/Engine/Transient.CharacterMovementComponent_5) Not registered. Aborting.
[2016.06.26-22.36.10:173][442]LogActorComponent: UnregisterComponent: (/Engine/Transient.PawnSensingComponent_3) Not registered. Aborting.
[2016.06.26-22.36.10:173][442]LogActorComponent: UnregisterComponent: (/Engine/Transient.PawnSensingComponent_4) Not registered. Aborting.
[2016.06.26-22.36.10:173][442]LogActorComponent: UnregisterComponent: (/Engine/Transient.ProjectileMovementComponent_9) Not registered. Aborting.
[2016.06.26-22.36.10:173][442]LogActorComponent: UnregisterComponent: (/Engine/Transient.CharacterMovementComponent_6) Not registered. Aborting.
[2016.06.26-22.36.10:173][442]LogActorComponent: UnregisterComponent: (/Engine/Transient.PawnSensingComponent_5) Not registered. Aborting.
[2016.06.26-22.36.10:173][442]LogActorComponent: UnregisterComponent: (/Engine/Transient.ProjectileMovementComponent_10) Not registered. Aborting.
[2016.06.26-22.36.10:173][442]LogActorComponent: UnregisterComponent: (/Engine/Transient.ProjectileMovementComponent_11) Not registered. Aborting.
[2016.06.26-22.36.10:213][442]BlueprintEditorCompileResults: Info [0752.08] Compile of TwinStickPawn successful! [in 232 ms]
[2016.06.26-22.36.23:592][577]LogActorComponent: UnregisterComponent: (/Engine/Transient.CharMoveComp) Not registered. Aborting.
[2016.06.26-22.36.23:592][577]LogActorComponent: UnregisterComponent: (/Engine/Transient.PawnSensingMoving_GEN_VARIABLE) Not registered. Aborting.
[2016.06.26-22.36.23:592][577]LogActorComponent: UnregisterComponent: (/Engine/Transient.PawnSensingShooting_GEN_VARIABLE) Not registered. Aborting.
[2016.06.26-22.36.23:592][577]LogActorComponent: UnregisterComponent: (/Engine/Transient.ProjectileMovement_GEN_VARIABLE) Not registered. Aborting.
[2016.06.26-22.36.23:592][577]LogActorComponent: UnregisterComponent: (/Engine/Transient.CharacterMovementComponent_7) Not registered. Aborting.
[2016.06.26-22.36.23:592][577]LogActorComponent: UnregisterComponent: (/Engine/Transient.PawnSensing_GEN_VARIABLE) Not registered. Aborting.
[2016.06.26-22.36.23:592][577]LogActorComponent: UnregisterComponent: (/Engine/Transient.ProjectileMovementComponent_12) Not registered. Aborting.
[2016.06.26-22.36.23:592][577]LogActorComponent: UnregisterComponent: (/Engine/Transient.ProjectileMovementComponent_13) Not registered. Aborting.
[2016.06.26-22.37.00:203][328]LogClass:Warning: Type mismatch in Attack of SKEL_TwinStickPawn_C - Previous (StructProperty) Current(ObjectProperty) for package:  FObjectReader
[2016.06.26-22.37.03:945][649]BlueprintLog: New page: Compile TwinStickPawn
[2016.06.26-22.37.04:191][649]BlueprintEditorCompileResults: Info [0806.06] Compile of TwinStickPawn successful! [in 245 ms]
[2016.06.26-22.37.16:536][673]BlueprintLog: New page: Compile TwinStickPawn
[2016.06.26-22.37.16:695][673]LogActorComponent: UnregisterComponent: (/Engine/Transient.CharMoveComp) Not registered. Aborting.
[2016.06.26-22.37.16:695][673]LogActorComponent: UnregisterComponent: (/Engine/Transient.PawnSensingMoving_GEN_VARIABLE) Not registered. Aborting.
[2016.06.26-22.37.16:695][673]LogActorComponent: UnregisterComponent: (/Engine/Transient.PawnSensingShooting_GEN_VARIABLE) Not registered. Aborting.
[2016.06.26-22.37.16:695][673]LogActorComponent: UnregisterComponent: (/Engine/Transient.ProjectileMovement_GEN_VARIABLE) Not registered. Aborting.
[2016.06.26-22.37.16:695][673]LogActorComponent: UnregisterComponent: (/Engine/Transient.CharacterMovementComponent_8) Not registered. Aborting.
[2016.06.26-22.37.16:695][673]LogActorComponent: UnregisterComponent: (/Engine/Transient.PawnSensing_GEN_VARIABLE) Not registered. Aborting.
[2016.06.26-22.37.16:695][673]LogActorComponent: UnregisterComponent: (/Engine/Transient.ProjectileMovementComponent_14) Not registered. Aborting.
[2016.06.26-22.37.16:695][673]LogActorComponent: UnregisterComponent: (/Engine/Transient.ProjectileMovementComponent_15) Not registered. Aborting.
[2016.06.26-22.37.16:738][673]BlueprintEditorCompileResults: Info [0818.61] Compile of TwinStickPawn successful! [in 201 ms]
[2016.06.26-22.37.43:888][340]LogEditorViewport: Clicking on Actor (LMB): BP_Sky_Sphere_C (SkyShereBlueprint)
[2016.06.26-22.37.53:771][233]LogEditorViewport: Clicking on Actor (LMB): StaticMeshActor (Floor)
[2016.06.26-22.37.55:171][337]LogEditorViewport: Clicking on Actor (LMB): TwinStickPawn_C (TwinStickPawn)
[2016.06.26-22.38.16:174][177]LogActorComponent: UnregisterComponent: (/Engine/Transient.CharMoveComp) Not registered. Aborting.
[2016.06.26-22.38.16:174][177]LogActorComponent: UnregisterComponent: (/Engine/Transient.PawnSensingMoving_GEN_VARIABLE) Not registered. Aborting.
[2016.06.26-22.38.16:174][177]LogActorComponent: UnregisterComponent: (/Engine/Transient.PawnSensingShooting_GEN_VARIABLE) Not registered. Aborting.
[2016.06.26-22.38.16:174][177]LogActorComponent: UnregisterComponent: (/Engine/Transient.ProjectileMovement_GEN_VARIABLE) Not registered. Aborting.
[2016.06.26-22.38.16:174][177]LogActorComponent: UnregisterComponent: (/Engine/Transient.CharacterMovementComponent_9) Not registered. Aborting.
[2016.06.26-22.38.16:174][177]LogActorComponent: UnregisterComponent: (/Engine/Transient.PawnSensing_GEN_VARIABLE) Not registered. Aborting.
[2016.06.26-22.38.16:174][177]LogActorComponent: UnregisterComponent: (/Engine/Transient.ProjectileMovementComponent_16) Not registered. Aborting.
[2016.06.26-22.38.16:174][177]LogActorComponent: UnregisterComponent: (/Engine/Transient.ProjectileMovementComponent_17) Not registered. Aborting.
[2016.06.26-22.39.05:490][723]BlueprintLog: New page: Compile TwinStickPawn
[2016.06.26-22.39.05:764][723]BlueprintEditorCompileResults: Info [0927.63] Compile of TwinStickPawn successful! [in 273 ms]
[2016.06.26-22.39.13:722][321]BlueprintLog: New page: Compile TwinStickPawn
[2016.06.26-22.39.13:929][321]BlueprintEditorCompileResults: Info [0935.80] Compile of TwinStickPawn successful! [in 206 ms]
[2016.06.26-22.39.34:512][890]LogBlueprintUserMessages: Early PlayInEditor Detection: Level '/Game/TwinStickBP/Maps/TwinStickExampleMap.TwinStickExampleMap:PersistentLevel' has LevelScriptBlueprint '/Game/TwinStickBP/Maps/TwinStickExampleMap.TwinStickExampleMap:PersistentLevel.TwinStickExampleMap' with GeneratedClass '/Game/TwinStickBP/Maps/TwinStickExampleMap.TwinStickExampleMap_C' with ClassGeneratedBy '/Game/TwinStickBP/Maps/TwinStickExampleMap.TwinStickExampleMap:PersistentLevel.TwinStickExampleMap'
[2016.06.26-22.39.34:512][890]LogPlayLevel: PlayLevel: No blueprints needed recompiling
[2016.06.26-22.39.34:512][890]PIE: New page: PIE session: TwinStickExampleMap (Jun 26, 2016, 8:39:34 AM)
[2016.06.26-22.39.34:512][890]LogPlayLevel: Creating play world package: /Game/TwinStickBP/Maps/UEDPIE_0_TwinStickExampleMap
[2016.06.26-22.39.34:534][890]LogPlayLevel: PIE: StaticDuplicateObject took: (0.021178s)
[2016.06.26-22.39.34:534][890]LogAIModule: Creating AISystem for world TwinStickExampleMap
[2016.06.26-22.39.34:534][890]LogPlayLevel: PIE: World Init took: (0.000759s)
[2016.06.26-22.39.34:534][890]LogPlayLevel: PIE: Created PIE world by copying editor world from /Game/TwinStickBP/Maps/TwinStickExampleMap.TwinStickExampleMap to /Game/TwinStickBP/Maps/UEDPIE_0_TwinStickExampleMap.TwinStickExampleMap (0.022175s)
[2016.06.26-22.39.34:535][890]LogActorComponent: UnregisterComponent: (/Engine/Transient.CharMoveComp) Not registered. Aborting.
[2016.06.26-22.39.34:535][890]LogActorComponent: UnregisterComponent: (/Engine/Transient.PawnSensingMoving_GEN_VARIABLE) Not registered. Aborting.
[2016.06.26-22.39.34:535][890]LogActorComponent: UnregisterComponent: (/Engine/Transient.PawnSensingShooting_GEN_VARIABLE) Not registered. Aborting.
[2016.06.26-22.39.34:535][890]LogActorComponent: UnregisterComponent: (/Engine/Transient.ProjectileMovement_GEN_VARIABLE) Not registered. Aborting.
[2016.06.26-22.39.34:535][890]LogActorComponent: UnregisterComponent: (/Engine/Transient.CharacterMovementComponent_10) Not registered. Aborting.
[2016.06.26-22.39.34:535][890]LogActorComponent: UnregisterComponent: (/Engine/Transient.PawnSensing_GEN_VARIABLE) Not registered. Aborting.
[2016.06.26-22.39.34:535][890]LogActorComponent: UnregisterComponent: (/Engine/Transient.ProjectileMovementComponent_18) Not registered. Aborting.
[2016.06.26-22.39.34:535][890]LogActorComponent: UnregisterComponent: (/Engine/Transient.ProjectileMovementComponent_19) Not registered. Aborting.
[2016.06.26-22.39.34:597][890]LogInit: XAudio2 using 'Speakers (High Definition Audio Device)' : 2 channels at 44.1 kHz using 16 bits per sample (channel mask 0x3)
[2016.06.26-22.39.34:603][890]LogInit: FAudioDevice initialized.
[2016.06.26-22.39.34:656][890]LogWorld: Game class is 'TwinStickGameMode_C'
[2016.06.26-22.39.34:670][890]LogWorld: Bringing World /Game/TwinStickBP/Maps/UEDPIE_0_TwinStickExampleMap.TwinStickExampleMap up for play (max tick rate 0) at 2016.06.26-15.39.34
[2016.06.26-22.39.34:670][890]LogActor:Warning: GameSession /Game/TwinStickBP/Maps/UEDPIE_0_TwinStickExampleMap.TwinStickExampleMap:PersistentLevel.GameSession_0 has natively added scene component(s), but none of them were set as the actor's RootComponent - picking one arbitrarily
[2016.06.26-22.39.34:670][890]LogActor:Warning: GameNetworkManager /Game/TwinStickBP/Maps/UEDPIE_0_TwinStickExampleMap.TwinStickExampleMap:PersistentLevel.GameNetworkManager_0 has natively added scene component(s), but none of them were set as the actor's RootComponent - picking one arbitrarily
[2016.06.26-22.39.34:678][890]LogWorld: Bringing up level for play took: 0.020438
[2016.06.26-22.39.34:679][890]PIE: Info Play in editor start time for /Game/TwinStickBP/Maps/UEDPIE_0_TwinStickExampleMap 1.141
[2016.06.26-22.39.34:680][890]LogBlueprintUserMessages: Late PlayInEditor Detection: Level '/Game/TwinStickBP/Maps/TwinStickExampleMap.TwinStickExampleMap:PersistentLevel' has LevelScriptBlueprint '/Game/TwinStickBP/Maps/TwinStickExampleMap.TwinStickExampleMap:PersistentLevel.TwinStickExampleMap' with GeneratedClass '/Game/TwinStickBP/Maps/TwinStickExampleMap.TwinStickExampleMap_C' with ClassGeneratedBy '/Game/TwinStickBP/Maps/TwinStickExampleMap.TwinStickExampleMap:PersistentLevel.TwinStickExampleMap'
[2016.06.26-22.39.35:406][892]LogCharacterMovement:Warning: GetSimulationTimeStep() - Max iterations 8 hit while remaining time 0.070937 > MaxSimulationTimeStep (0.050) for 'Runner_C_19'
[2016.06.26-22.39.59:237][102]LogBlueprintUserMessages: Early EndPlayMap Detection: Level '/Game/TwinStickBP/Maps/TwinStickExampleMap.TwinStickExampleMap:PersistentLevel' has LevelScriptBlueprint '/Game/TwinStickBP/Maps/TwinStickExampleMap.TwinStickExampleMap:PersistentLevel.TwinStickExampleMap' with GeneratedClass '/Game/TwinStickBP/Maps/TwinStickExampleMap.TwinStickExampleMap_C' with ClassGeneratedBy '/Game/TwinStickBP/Maps/TwinStickExampleMap.TwinStickExampleMap:PersistentLevel.TwinStickExampleMap'
[2016.06.26-22.39.59:304][102]LogBlueprintUserMessages: Late EndPlayMap Detection: Level '/Game/TwinStickBP/Maps/TwinStickExampleMap.TwinStickExampleMap:PersistentLevel' has LevelScriptBlueprint '/Game/TwinStickBP/Maps/TwinStickExampleMap.TwinStickExampleMap:PersistentLevel.TwinStickExampleMap' with GeneratedClass '/Game/TwinStickBP/Maps/TwinStickExampleMap.TwinStickExampleMap_C' with ClassGeneratedBy '/Game/TwinStickBP/Maps/TwinStickExampleMap.TwinStickExampleMap:PersistentLevel.TwinStickExampleMap'
[2016.06.26-22.39.59:343][102]LogParticles: Destroying 0 GPU particle simulations for FXSystem 0x000001DFFFDDF380
[2016.06.26-22.40.28:676][247]LogActorComponent: UnregisterComponent: (/Engine/Transient.CharMoveComp) Not registered. Aborting.
[2016.06.26-22.40.28:676][247]LogActorComponent: UnregisterComponent: (/Engine/Transient.PawnSensingMoving_GEN_VARIABLE) Not registered. Aborting.
[2016.06.26-22.40.28:676][247]LogActorComponent: UnregisterComponent: (/Engine/Transient.PawnSensingShooting_GEN_VARIABLE) Not registered. Aborting.
[2016.06.26-22.40.28:676][247]LogActorComponent: UnregisterComponent: (/Engine/Transient.ProjectileMovement_GEN_VARIABLE) Not registered. Aborting.
[2016.06.26-22.40.28:676][247]LogActorComponent: UnregisterComponent: (/Engine/Transient.CharacterMovementComponent_11) Not registered. Aborting.
[2016.06.26-22.40.28:676][247]LogActorComponent: UnregisterComponent: (/Engine/Transient.PawnSensing_GEN_VARIABLE) Not registered. Aborting.
[2016.06.26-22.40.28:676][247]LogActorComponent: UnregisterComponent: (/Engine/Transient.ProjectileMovementComponent_20) Not registered. Aborting.
[2016.06.26-22.40.28:676][247]LogActorComponent: UnregisterComponent: (/Engine/Transient.ProjectileMovementComponent_21) Not registered. Aborting.
[2016.06.26-22.40.29:153][247]LogSavePackage: Save=408.585083ms
[2016.06.26-22.40.29:153][247]LogSavePackage: Moving '../../../../../../Users/NewXB/OneDrive/Documents/Unreal Projects/Shooter/Saved/TwinStickExampleMap_Auto1AC585DB3428CAF0F12E9B494EAB680A7.tmp' to '../../../../../../Users/NewXB/OneDrive/Documents/Unreal Projects/Shooter/Saved/Autosaves/Game/TwinStickBP/Maps/TwinStickExampleMap_Auto1.umap'
[2016.06.26-22.40.29:155][247]LogSavePackage: Total save time: 439.345904ms
[2016.06.26-22.40.29:155][247]LogSavePackage:Display: Finished SavePackage ../../../../../../Users/NewXB/OneDrive/Documents/Unreal Projects/Shooter/Saved/Autosaves/Game/TwinStickBP/Maps/TwinStickExampleMap_Auto1.umap
[2016.06.26-22.40.29:156][247]LogFileHelpers: Editor autosave (incl. sublevels) for '/Game/TwinStickBP/Maps/TwinStickExampleMap' took 0.481
[2016.06.26-22.40.29:156][247]LogFileHelpers: Editor autosave (incl. sublevels) for all levels took 0.481
[2016.06.26-22.40.29:174][247]OBJ SavePackage: Generating thumbnails for [1] asset(s) in package [/Game/TwinStickBP/Blueprints/TwinStickPawn] ([1] browsable assets)...
[2016.06.26-22.40.29:197][247]OBJ SavePackage:     Rendered thumbnail for [Blueprint /Game/TwinStickBP/Blueprints/TwinStickPawn.TwinStickPawn]
[2016.06.26-22.40.29:197][247]OBJ SavePackage: Finished generating thumbnails for package [/Game/TwinStickBP/Blueprints/TwinStickPawn]
[2016.06.26-22.40.29:482][247]LogSavePackage: Save=264.417877ms
[2016.06.26-22.40.29:482][247]LogSavePackage: Moving '../../../../../../Users/NewXB/OneDrive/Documents/Unreal Projects/Shooter/Saved/TwinStickPawn_Auto15230154D42177F949C53A4AC4BDAE6A9.tmp' to '../../../../../../Users/NewXB/OneDrive/Documents/Unreal Projects/Shooter/Saved/Autosaves/Game/TwinStickBP/Blueprints/TwinStickPawn_Auto1.uasset'
[2016.06.26-22.40.29:484][247]LogSavePackage: Total save time: 285.357680ms
[2016.06.26-22.40.29:484][247]LogSavePackage:Display: Finished SavePackage ../../../../../../Users/NewXB/OneDrive/Documents/Unreal Projects/Shooter/Saved/Autosaves/Game/TwinStickBP/Blueprints/TwinStickPawn_Auto1.uasset
[2016.06.26-22.40.29:484][247]LogFileHelpers: Auto-saving content packages took 0.323
[2016.06.26-22.48.46:548][792]LogEditorViewport: Clicking on Actor (LMB): StaticMeshActor (Floor)
[2016.06.26-22.48.54:459][536]LogEditorViewport: Clicking on Actor (LMB): TwinStickPawn_C (TwinStickPawn)
[2016.06.26-22.49.22:805][ 96]LogUObjectHash:Warning: Ambiguous search, could be K2Node_VariableSet /Game/TwinStickBP/Blueprints/TwinStickPawn.TwinStickPawn:EventGraph.K2Node_VariableSet_88 or K2Node_VariableSet /Game/TheWallAttack.TheWallAttack:EventGraph.K2Node_VariableSet_88
[2016.06.26-22.49.22:805][ 96]LogProperty:Warning: Illegal TEXT reference to a private object in external package (EdGraphPin /Game/TwinStickBP/Blueprints/TwinStickPawn.TwinStickPawn:EventGraph.K2Node_VariableSet_88.EdGraphPin_4190) from referencer (EdGraphPin /Game/TheWallAttack.TheWallAttack:EventGraph.K2Node_InputAction_14.EdGraphPin_4064).  Import failed...
[2016.06.26-22.49.22:805][ 96]LogProperty:Warning: ObjectProperty /Script/Engine.EdGraphPin:LinkedTo.LinkedTo: unresolved reference to 'EdGraphPin'K2Node_VariableSet_88.EdGraphPin_4190''
[2016.06.26-22.49.22:805][ 96]LogUObjectHash:Warning: Ambiguous search, could be K2Node_VariableSet /Game/TwinStickBP/Blueprints/TwinStickPawn.TwinStickPawn:ExecuteUbergraph_TwinStickPawn.K2Node_VariableSet_126 or K2Node_VariableSet /Game/TwinStickBP/Blueprints/TwinStickPawn.TwinStickPawn:EventGraph.K2Node_VariableSet_126
[2016.06.26-22.49.22:805][ 96]LogUObjectHash:Warning: Ambiguous search, could be K2Node_VariableSet /Game/TwinStickBP/Blueprints/TwinStickPawn.TwinStickPawn:ExecuteUbergraph_TwinStickPawn.K2Node_VariableSet_126 or K2Node_VariableSet /Game/TheWallAttack.TheWallAttack:EventGraph.K2Node_VariableSet_126
[2016.06.26-22.49.22:805][ 96]LogProperty:Warning: Illegal TEXT reference to a private object in external package (EdGraphPin /Game/TwinStickBP/Blueprints/TwinStickPawn.TwinStickPawn:EventGraph.K2Node_VariableSet_126.EdGraphPin_4244) from referencer (EdGraphPin /Game/TheWallAttack.TheWallAttack:EventGraph.K2Node_InputAction_14.EdGraphPin_4065).  Import failed...
[2016.06.26-22.49.22:805][ 96]LogProperty:Warning: ObjectProperty /Script/Engine.EdGraphPin:LinkedTo.LinkedTo: unresolved reference to 'EdGraphPin'K2Node_VariableSet_126.EdGraphPin_4244''
[2016.06.26-22.49.22:807][ 96]LogUObjectHash:Warning: Ambiguous search, could be K2Node_VariableSet /Game/TwinStickBP/Blueprints/TwinStickPawn.TwinStickPawn:EventGraph.K2Node_VariableSet_80 or K2Node_VariableSet /Game/TheWallAttack.TheWallAttack:EventGraph.K2Node_VariableSet_80
[2016.06.26-22.49.22:807][ 96]LogUObjectHash:Warning: Ambiguous search, could be K2Node_VariableSet /Game/TwinStickBP/Blueprints/TwinStickPawn.TwinStickPawn:EventGraph.K2Node_VariableSet_80 or K2Node_VariableSet /Game/TwinStickBP/Blueprints/TwinStickPawn.TwinStickPawn:ExecuteUbergraph_TwinStickPawn.K2Node_VariableSet_80
[2016.06.26-22.49.22:807][ 96]LogProperty:Warning: Illegal TEXT reference to a private object in external package (EdGraphPin /Game/TwinStickBP/Blueprints/TwinStickPawn.TwinStickPawn:EventGraph.K2Node_VariableSet_80.EdGraphPin_4175) from referencer (EdGraphPin /Game/TheWallAttack.TheWallAttack:EventGraph.K2Node_ComponentBoundEvent_154.EdGraphPin_2846).  Import failed...
[2016.06.26-22.49.22:807][ 96]LogProperty:Warning: ObjectProperty /Script/Engine.EdGraphPin:LinkedTo.LinkedTo: unresolved reference to 'EdGraphPin'K2Node_VariableSet_80.EdGraphPin_4175''
[2016.06.26-22.49.22:807][ 96]LogUObjectHash:Warning: Ambiguous search, could be K2Node_CallFunction /Game/TwinStickBP/Blueprints/TwinStickPawn.TwinStickPawn:EventGraph.K2Node_CallFunction_3008 or K2Node_CallFunction /Game/TheWallAttack.TheWallAttack:EventGraph.K2Node_CallFunction_3008
[2016.06.26-22.49.22:807][ 96]LogProperty:Warning: Illegal TEXT reference to a private object in external package (EdGraphPin /Game/TwinStickBP/Blueprints/TwinStickPawn.TwinStickPawn:EventGraph.K2Node_CallFunction_3008.EdGraphPin_6370) from referencer (EdGraphPin /Game/TheWallAttack.TheWallAttack:EventGraph.K2Node_ComponentBoundEvent_154.EdGraphPin_2847).  Import failed...
[2016.06.26-22.49.22:807][ 96]LogProperty:Warning: ObjectProperty /Script/Engine.EdGraphPin:LinkedTo.LinkedTo: unresolved reference to 'EdGraphPin'K2Node_CallFunction_3008.EdGraphPin_6370''
[2016.06.26-22.49.22:807][ 96]LogUObjectHash:Warning: Ambiguous search, could be K2Node_CallFunction /Game/TwinStickBP/Blueprints/TwinStickPawn.TwinStickPawn:EventGraph.K2Node_CallFunction_2736 or K2Node_CallFunction /Game/TheWallAttack.TheWallAttack:EventGraph.K2Node_CallFunction_2736
[2016.06.26-22.49.22:807][ 96]LogProperty:Warning: Illegal TEXT reference to a private object in external package (EdGraphPin /Game/TwinStickBP/Blueprints/TwinStickPawn.TwinStickPawn:EventGraph.K2Node_CallFunction_2736.EdGraphPin_6436) from referencer (EdGraphPin /Game/TheWallAttack.TheWallAttack:EventGraph.K2Node_ComponentBoundEvent_154.EdGraphPin_2847).  Import failed...
[2016.06.26-22.49.22:807][ 96]LogProperty:Warning: ObjectProperty /Script/Engine.EdGraphPin:LinkedTo.LinkedTo: unresolved reference to 'EdGraphPin'K2Node_CallFunction_2736.EdGraphPin_6436''
[2016.06.26-22.49.22:809][ 96]LogUObjectHash:Warning: Ambiguous search, could be K2Node_VariableSet /Game/TwinStickBP/Blueprints/TwinStickPawn.TwinStickPawn:ExecuteUbergraph_TwinStickPawn.K2Node_VariableSet_110 or K2Node_VariableSet /Game/TwinStickBP/Blueprints/TwinStickPawn.TwinStickPawn:EventGraph.K2Node_VariableSet_110
[2016.06.26-22.49.22:809][ 96]LogUObjectHash:Warning: Ambiguous search, could be K2Node_VariableSet /Game/TwinStickBP/Blueprints/TwinStickPawn.TwinStickPawn:ExecuteUbergraph_TwinStickPawn.K2Node_VariableSet_110 or K2Node_VariableSet /Game/TheWallAttack.TheWallAttack:EventGraph.K2Node_VariableSet_110
[2016.06.26-22.49.22:809][ 96]LogProperty:Warning: Illegal TEXT reference to a private object in external package (EdGraphPin /Game/TwinStickBP/Blueprints/TwinStickPawn.TwinStickPawn:EventGraph.K2Node_VariableSet_110.EdGraphPin_4217) from referencer (EdGraphPin /Game/TheWallAttack.TheWallAttack:EventGraph.K2Node_ComponentBoundEvent_160.EdGraphPin_2823).  Import failed...
[2016.06.26-22.49.22:809][ 96]LogProperty:Warning: ObjectProperty /Script/Engine.EdGraphPin:LinkedTo.LinkedTo: unresolved reference to 'EdGraphPin'K2Node_VariableSet_110.EdGraphPin_4217''
[2016.06.26-22.49.22:809][ 96]LogUObjectHash:Warning: Ambiguous search, could be K2Node_CallFunction /Game/TwinStickBP/Blueprints/TwinStickPawn.TwinStickPawn:EventGraph.K2Node_CallFunction_3428 or K2Node_CallFunction /Game/TwinStickBP/Blueprints/TwinStickPawn.TwinStickPawn:ExecuteUbergraph_TwinStickPawn.K2Node_CallFunction_3428
[2016.06.26-22.49.22:809][ 96]LogUObjectHash:Warning: Ambiguous search, could be K2Node_CallFunction /Game/TwinStickBP/Blueprints/TwinStickPawn.TwinStickPawn:EventGraph.K2Node_CallFunction_3428 or K2Node_CallFunction /Game/TheWallAttack.TheWallAttack:EventGraph.K2Node_CallFunction_3428
[2016.06.26-22.49.22:809][ 96]LogProperty:Warning: Illegal TEXT reference to a private object in external package (EdGraphPin /Game/TwinStickBP/Blueprints/TwinStickPawn.TwinStickPawn:EventGraph.K2Node_CallFunction_3428.EdGraphPin_6391) from referencer (EdGraphPin /Game/TheWallAttack.TheWallAttack:EventGraph.K2Node_ComponentBoundEvent_160.EdGraphPin_2824).  Import failed...
[2016.06.26-22.49.22:809][ 96]LogProperty:Warning: ObjectProperty /Script/Engine.EdGraphPin:LinkedTo.LinkedTo: unresolved reference to 'EdGraphPin'K2Node_CallFunction_3428.EdGraphPin_6391''
[2016.06.26-22.49.22:810][ 96]LogUObjectHash:Warning: Ambiguous search, could be K2Node_CallFunction /Game/TwinStickBP/Blueprints/TwinStickPawn.TwinStickPawn:EventGraph.K2Node_CallFunction_2930 or K2Node_CallFunction /Game/TwinStickBP/Blueprints/TwinStickPawn.TwinStickPawn:ExecuteUbergraph_TwinStickPawn.K2Node_CallFunction_2930
[2016.06.26-22.49.22:810][ 96]LogUObjectHash:Warning: Ambiguous search, could be K2Node_CallFunction /Game/TwinStickBP/Blueprints/TwinStickPawn.TwinStickPawn:EventGraph.K2Node_CallFunction_2930 or K2Node_CallFunction /Game/TheWallAttack.TheWallAttack:EventGraph.K2Node_CallFunction_2930
[2016.06.26-22.49.22:810][ 96]LogProperty:Warning: Illegal TEXT reference to a private object in external package (EdGraphPin /Game/TwinStickBP/Blueprints/TwinStickPawn.TwinStickPawn:EventGraph.K2Node_CallFunction_2930.EdGraphPin_6402) from referencer (EdGraphPin /Game/TheWallAttack.TheWallAttack:EventGraph.K2Node_CallFunction_3008.EdGraphPin_6371).  Import failed...
[2016.06.26-22.49.22:810][ 96]LogProperty:Warning: ObjectProperty /Script/Engine.EdGraphPin:LinkedTo.LinkedTo: unresolved reference to 'EdGraphPin'K2Node_CallFunction_2930.EdGraphPin_6402''
[2016.06.26-22.49.22:811][ 96]LogUObjectHash:Warning: Ambiguous search, could be K2Node_IfThenElse /Game/TwinStickBP/Blueprints/TwinStickPawn.TwinStickPawn:EventGraph.K2Node_IfThenElse_72 or K2Node_IfThenElse /Game/TwinStickBP/Blueprints/TwinStickPawn.TwinStickPawn:ExecuteUbergraph_TwinStickPawn.K2Node_IfThenElse_72
[2016.06.26-22.49.22:811][ 96]LogUObjectHash:Warning: Ambiguous search, could be K2Node_IfThenElse /Game/TwinStickBP/Blueprints/TwinStickPawn.TwinStickPawn:EventGraph.K2Node_IfThenElse_72 or K2Node_IfThenElse /Game/TheWallAttack.TheWallAttack:EventGraph.K2Node_IfThenElse_72
[2016.06.26-22.49.22:811][ 96]LogProperty:Warning: Illegal TEXT reference to a private object in external package (EdGraphPin /Game/TwinStickBP/Blueprints/TwinStickPawn.TwinStickPawn:EventGraph.K2Node_IfThenElse_72.EdGraphPin_4205) from referencer (EdGraphPin /Game/TheWallAttack.TheWallAttack:EventGraph.K2Node_VariableSet_80.EdGraphPin_4176).  Import failed...
[2016.06.26-22.49.22:811][ 96]LogProperty:Warning: ObjectProperty /Script/Engine.EdGraphPin:LinkedTo.LinkedTo: unresolved reference to 'EdGraphPin'K2Node_IfThenElse_72.EdGraphPin_4205''
[2016.06.26-22.49.22:812][ 96]LogUObjectHash:Warning: Ambiguous search, could be K2Node_CallFunction /Game/TwinStickBP/Blueprints/TwinStickPawn.TwinStickPawn:EventGraph.K2Node_CallFunction_2833 or K2Node_CallFunction /Engine/Transient.EdGraph_216:K2Node_CallFunction_2833
[2016.06.26-22.49.22:812][ 96]LogUObjectHash:Warning: Ambiguous search, could be K2Node_CallFunction /Game/TwinStickBP/Blueprints/TwinStickPawn.TwinStickPawn:EventGraph.K2Node_CallFunction_2833 or K2Node_CallFunction /Game/TheWallAttack.TheWallAttack:EventGraph.K2Node_CallFunction_2833
[2016.06.26-22.49.22:812][ 96]LogProperty:Warning: Illegal TEXT reference to a private object in external package (EdGraphPin /Game/TwinStickBP/Blueprints/TwinStickPawn.TwinStickPawn:EventGraph.K2Node_CallFunction_2833.EdGraphPin_6381) from referencer (EdGraphPin /Game/TheWallAttack.TheWallAttack:EventGraph.K2Node_VariableSet_80.EdGraphPin_4178).  Import failed...
[2016.06.26-22.49.22:812][ 96]LogProperty:Warning: ObjectProperty /Script/Engine.EdGraphPin:LinkedTo.LinkedTo: unresolved reference to 'EdGraphPin'K2Node_CallFunction_2833.EdGraphPin_6381''
[2016.06.26-22.49.22:813][ 96]LogProperty:Warning: Illegal TEXT reference to a private object in external package (EdGraphPin /Game/TwinStickBP/Blueprints/TwinStickPawn.TwinStickPawn:EventGraph.K2Node_InputAction_14.EdGraphPin_4064) from referencer (EdGraphPin /Game/TheWallAttack.TheWallAttack:EventGraph.K2Node_VariableSet_88.EdGraphPin_4190).  Import failed...
[2016.06.26-22.49.22:813][ 96]LogProperty:Warning: ObjectProperty /Script/Engine.EdGraphPin:LinkedTo.LinkedTo: unresolved reference to 'EdGraphPin'K2Node_InputAction_14.EdGraphPin_4064''
[2016.06.26-22.49.22:813][ 96]LogUObjectHash:Warning: Ambiguous search, could be K2Node_IfThenElse /Game/TwinStickBP/Blueprints/TwinStickPawn.TwinStickPawn:EventGraph.K2Node_IfThenElse_72 or K2Node_IfThenElse /Game/TwinStickBP/Blueprints/TwinStickPawn.TwinStickPawn:ExecuteUbergraph_TwinStickPawn.K2Node_IfThenElse_72
[2016.06.26-22.49.22:813][ 96]LogUObjectHash:Warning: Ambiguous search, could be K2Node_IfThenElse /Game/TwinStickBP/Blueprints/TwinStickPawn.TwinStickPawn:EventGraph.K2Node_IfThenElse_72 or K2Node_IfThenElse /Game/TheWallAttack.TheWallAttack:EventGraph.K2Node_IfThenElse_72
[2016.06.26-22.49.22:813][ 96]LogProperty:Warning: Illegal TEXT reference to a private object in external package (EdGraphPin /Game/TwinStickBP/Blueprints/TwinStickPawn.TwinStickPawn:EventGraph.K2Node_IfThenElse_72.EdGraphPin_4205) from referencer (EdGraphPin /Game/TheWallAttack.TheWallAttack:EventGraph.K2Node_VariableSet_88.EdGraphPin_4191).  Import failed...
[2016.06.26-22.49.22:813][ 96]LogProperty:Warning: ObjectProperty /Script/Engine.EdGraphPin:LinkedTo.LinkedTo: unresolved reference to 'EdGraphPin'K2Node_IfThenElse_72.EdGraphPin_4205''
[2016.06.26-22.49.22:813][ 96]LogUObjectHash:Warning: Ambiguous search, could be K2Node_CallFunction /Game/TwinStickBP/Blueprints/TwinStickPawn.TwinStickPawn:EventGraph.K2Node_CallFunction_2833 or K2Node_CallFunction /Engine/Transient.EdGraph_216:K2Node_CallFunction_2833
[2016.06.26-22.49.22:813][ 96]LogUObjectHash:Warning: Ambiguous search, could be K2Node_CallFunction /Game/TwinStickBP/Blueprints/TwinStickPawn.TwinStickPawn:EventGraph.K2Node_CallFunction_2833 or K2Node_CallFunction /Game/TheWallAttack.TheWallAttack:EventGraph.K2Node_CallFunction_2833
[2016.06.26-22.49.22:813][ 96]LogProperty:Warning: Illegal TEXT reference to a private object in external package (EdGraphPin /Game/TwinStickBP/Blueprints/TwinStickPawn.TwinStickPawn:EventGraph.K2Node_CallFunction_2833.EdGraphPin_6380) from referencer (EdGraphPin /Game/TheWallAttack.TheWallAttack:EventGraph.K2Node_VariableSet_88.EdGraphPin_4193).  Import failed...
[2016.06.26-22.49.22:813][ 96]LogProperty:Warning: ObjectProperty /Script/Engine.EdGraphPin:LinkedTo.LinkedTo: unresolved reference to 'EdGraphPin'K2Node_CallFunction_2833.EdGraphPin_6380''
[2016.06.26-22.49.22:814][ 96]LogUObjectHash:Warning: Ambiguous search, could be K2Node_CallFunction /Game/TwinStickBP/Blueprints/TwinStickPawn.TwinStickPawn:EventGraph.K2Node_CallFunction_2833 or K2Node_CallFunction /Engine/Transient.EdGraph_216:K2Node_CallFunction_2833
[2016.06.26-22.49.22:814][ 96]LogUObjectHash:Warning: Ambiguous search, could be K2Node_CallFunction /Game/TwinStickBP/Blueprints/TwinStickPawn.TwinStickPawn:EventGraph.K2Node_CallFunction_2833 or K2Node_CallFunction /Game/TheWallAttack.TheWallAttack:EventGraph.K2Node_CallFunction_2833
[2016.06.26-22.49.22:814][ 96]LogProperty:Warning: Illegal TEXT reference to a private object in external package (EdGraphPin /Game/TwinStickBP/Blueprints/TwinStickPawn.TwinStickPawn:EventGraph.K2Node_CallFunction_2833.EdGraphPin_6382) from referencer (EdGraphPin /Game/TheWallAttack.TheWallAttack:EventGraph.K2Node_IfThenElse_72.EdGraphPin_4206).  Import failed...
[2016.06.26-22.49.22:814][ 96]LogProperty:Warning: ObjectProperty /Script/Engine.EdGraphPin:LinkedTo.LinkedTo: unresolved reference to 'EdGraphPin'K2Node_CallFunction_2833.EdGraphPin_6382''
[2016.06.26-22.49.22:815][ 96]LogUObjectHash:Warning: Ambiguous search, could be K2Node_CallFunction /Game/TwinStickBP/Blueprints/TwinStickPawn.TwinStickPawn:EventGraph.K2Node_CallFunction_2608 or K2Node_CallFunction /Game/TheWallAttack.TheWallAttack:EventGraph.K2Node_CallFunction_2608
[2016.06.26-22.49.22:815][ 96]LogProperty:Warning: Illegal TEXT reference to a private object in external package (EdGraphPin /Game/TwinStickBP/Blueprints/TwinStickPawn.TwinStickPawn:EventGraph.K2Node_CallFunction_2608.EdGraphPin_6409) from referencer (EdGraphPin /Game/TheWallAttack.TheWallAttack:EventGraph.K2Node_IfThenElse_72.EdGraphPin_4207).  Import failed...
[2016.06.26-22.49.22:815][ 96]LogProperty:Warning: ObjectProperty /Script/Engine.EdGraphPin:LinkedTo.LinkedTo: unresolved reference to 'EdGraphPin'K2Node_CallFunction_2608.EdGraphPin_6409''
[2016.06.26-22.49.22:818][ 96]LogProperty:Warning: Illegal TEXT reference to a private object in external package (EdGraphPin /Game/TwinStickBP/Blueprints/TwinStickPawn.TwinStickPawn:EventGraph.K2Node_InputAction_14.EdGraphPin_4065) from referencer (EdGraphPin /Game/TheWallAttack.TheWallAttack:EventGraph.K2Node_VariableSet_126.EdGraphPin_4244).  Import failed...
[2016.06.26-22.49.22:818][ 96]LogProperty:Warning: ObjectProperty /Script/Engine.EdGraphPin:LinkedTo.LinkedTo: unresolved reference to 'EdGraphPin'K2Node_InputAction_14.EdGraphPin_4065''
[2016.06.26-22.49.22:820][ 96]LogUObjectHash:Warning: Ambiguous search, could be K2Node_CallFunction /Game/TwinStickBP/Blueprints/TwinStickPawn.TwinStickPawn:EventGraph.K2Node_CallFunction_2608 or K2Node_CallFunction /Game/TheWallAttack.TheWallAttack:EventGraph.K2Node_CallFunction_2608
[2016.06.26-22.49.22:820][ 96]LogProperty:Warning: Illegal TEXT reference to a private object in external package (EdGraphPin /Game/TwinStickBP/Blueprints/TwinStickPawn.TwinStickPawn:EventGraph.K2Node_CallFunction_2608.EdGraphPin_6410) from referencer (EdGraphPin /Game/TheWallAttack.TheWallAttack:EventGraph.K2Node_CallFunction_2930.EdGraphPin_6400).  Import failed...
[2016.06.26-22.49.22:820][ 96]LogProperty:Warning: ObjectProperty /Script/Engine.EdGraphPin:LinkedTo.LinkedTo: unresolved reference to 'EdGraphPin'K2Node_CallFunction_2608.EdGraphPin_6410''
[2016.06.26-22.49.22:820][ 96]LogProperty:Warning: Illegal TEXT reference to a private object in external package (EdGraphPin /Game/TwinStickBP/Blueprints/TwinStickPawn.TwinStickPawn:EventGraph.K2Node_CallFunction_3008.EdGraphPin_6371) from referencer (EdGraphPin /Game/TheWallAttack.TheWallAttack:EventGraph.K2Node_CallFunction_2930.EdGraphPin_6402).  Import failed...
[2016.06.26-22.49.22:820][ 96]LogProperty:Warning: ObjectProperty /Script/Engine.EdGraphPin:LinkedTo.LinkedTo: unresolved reference to 'EdGraphPin'K2Node_CallFunction_3008.EdGraphPin_6371''
[2016.06.26-22.49.22:822][ 96]LogUObjectHash:Warning: Ambiguous search, could be K2Node_CallFunction /Game/TwinStickBP/Blueprints/TwinStickPawn.TwinStickPawn:EventGraph.K2Node_CallFunction_2930 or K2Node_CallFunction /Game/TwinStickBP/Blueprints/TwinStickPawn.TwinStickPawn:ExecuteUbergraph_TwinStickPawn.K2Node_CallFunction_2930
[2016.06.26-22.49.22:822][ 96]LogProperty:Warning: Illegal TEXT reference to a private object in external package (EdGraphPin /Game/TwinStickBP/Blueprints/TwinStickPawn.TwinStickPawn:EventGraph.K2Node_CallFunction_2930.EdGraphPin_6400) from referencer (EdGraphPin /Game/TheWallAttack.TheWallAttack:EventGraph.K2Node_CallFunction_2608.EdGraphPin_6410).  Import failed...
[2016.06.26-22.49.22:822][ 96]LogProperty:Warning: ObjectProperty /Script/Engine.EdGraphPin:LinkedTo.LinkedTo: unresolved reference to 'EdGraphPin'K2Node_CallFunction_2930.EdGraphPin_6400''
[2016.06.26-22.49.22:823][ 96]LogUObjectHash:Warning: Ambiguous search, could be K2Node_CallFunction /Game/TwinStickBP/Blueprints/TwinStickPawn.TwinStickPawn:EventGraph.K2Node_CallFunction_2736 or K2Node_CallFunction /Game/TheWallAttack.TheWallAttack:EventGraph.K2Node_CallFunction_2736
[2016.06.26-22.49.22:823][ 96]LogProperty:Warning: Illegal TEXT reference to a private object in external package (EdGraphPin /Game/TwinStickBP/Blueprints/TwinStickPawn.TwinStickPawn:EventGraph.K2Node_CallFunction_2736.EdGraphPin_6437) from referencer (EdGraphPin /Game/TheWallAttack.TheWallAttack:EventGraph.K2Node_CallFunction_2608.EdGraphPin_6414).  Import failed...
[2016.06.26-22.49.22:823][ 96]LogProperty:Warning: ObjectProperty /Script/Engine.EdGraphPin:LinkedTo.LinkedTo: unresolved reference to 'EdGraphPin'K2Node_CallFunction_2736.EdGraphPin_6437''
[2016.06.26-22.49.22:829][ 96]LogBlueprint:Warning: [TheWallAttack] CreatePinForVariable: 'EnemyInside' variable not found. Base class was probably changed.
[2016.06.26-22.49.22:829][ 96]LogBlueprint:Warning: [TheWallAttack] CreatePinForVariable: 'EnemyInside' variable not found. Base class was probably changed.
[2016.06.26-22.49.22:829][ 96]LogBlueprint:Warning: [TheWallAttack] CreatePinForVariable: 'ButtonPressed' variable not found. Base class was probably changed.
[2016.06.26-22.49.22:829][ 96]LogBlueprint:Warning: [TheWallAttack] CreatePinForVariable: 'ButtonPressed' variable not found. Base class was probably changed.
[2016.06.26-22.49.22:830][ 96]LogBlueprint:Warning: [TheWallAttack] CreatePinForVariable: 'EnemyInside' variable not found. Base class was probably changed.
[2016.06.26-22.49.22:830][ 96]LogBlueprint:Warning: [TheWallAttack] CreatePinForVariable: 'EnemyInside' variable not found. Base class was probably changed.
[2016.06.26-22.49.22:830][ 96]LogBlueprint:Warning: [TheWallAttack] CreatePinForVariable: 'ButtonPressed' variable not found. Base class was probably changed.
[2016.06.26-22.49.22:830][ 96]LogBlueprint:Warning: [TheWallAttack] CreatePinForVariable: 'ButtonPressed' variable not found. Base class was probably changed.
[2016.06.26-22.51.59:026][ 19]BlueprintLog: New page: Compile TheWallAttack
[2016.06.26-22.51.59:038][ 19]LogBlueprint:Warning: [compiler TheWallAttack] Warning Could not find a variable named "ButtonPressed" in 'TheWallAttack_C'.
Make sure 'TheWallAttack_C' has been compiled for  Set ButtonPressed 
[2016.06.26-22.51.59:039][ 19]LogBlueprint:Warning: [compiler TheWallAttack] Warning Could not find a variable named "EnemyInside" in 'TheWallAttack_C'.
Make sure 'TheWallAttack_C' has been compiled for  Set EnemyInside 
[2016.06.26-22.51.59:039][ 19]LogBlueprint:Warning: [compiler TheWallAttack] Warning Could not find a variable named "ButtonPressed" in 'TheWallAttack_C'.
Make sure 'TheWallAttack_C' has been compiled for  Set ButtonPressed 
[2016.06.26-22.51.59:039][ 19]LogBlueprint:Warning: [compiler TheWallAttack] Warning Could not find a variable named "EnemyInside" in 'TheWallAttack_C'.
Make sure 'TheWallAttack_C' has been compiled for  Set EnemyInside 
[2016.06.26-22.51.59:041][ 19]LogBlueprint:Error: [compiler TheWallAttack] Error Dependency cycle detected, preventing node  Equal Boolean  from being scheduled
[2016.06.26-22.51.59:041][ 19]LogBlueprint:Error: [compiler TheWallAttack] Error Dependency cycle detected, preventing node  Branch  from being scheduled
[2016.06.26-22.51.59:041][ 19]LogBlueprint:Error: [compiler TheWallAttack] Error The property associated with  Enemy Inside  could not be found
[2016.06.26-22.51.59:041][ 19]LogBlueprint:Error: [compiler TheWallAttack] Error The property associated with  Button Pressed  could not be found
[2016.06.26-22.51.59:041][ 19]LogBlueprint:Error: [compiler TheWallAttack] Error The property associated with  Enemy Inside  could not be found
[2016.06.26-22.51.59:041][ 19]LogBlueprint:Error: [compiler TheWallAttack] Error The property associated with  Button Pressed  could not be found
[2016.06.26-22.51.59:165][ 19]LogActorComponent: UnregisterComponent: (/Engine/Transient.CharMoveComp) Not registered. Aborting.
[2016.06.26-22.51.59:165][ 19]LogActorComponent: UnregisterComponent: (/Engine/Transient.PawnSensingMoving_GEN_VARIABLE) Not registered. Aborting.
[2016.06.26-22.51.59:166][ 19]LogActorComponent: UnregisterComponent: (/Engine/Transient.PawnSensingShooting_GEN_VARIABLE) Not registered. Aborting.
[2016.06.26-22.51.59:166][ 19]LogActorComponent: UnregisterComponent: (/Engine/Transient.ProjectileMovement_GEN_VARIABLE) Not registered. Aborting.
[2016.06.26-22.51.59:166][ 19]LogActorComponent: UnregisterComponent: (/Engine/Transient.CharacterMovementComponent_12) Not registered. Aborting.
[2016.06.26-22.51.59:166][ 19]LogActorComponent: UnregisterComponent: (/Engine/Transient.PawnSensing_GEN_VARIABLE) Not registered. Aborting.
[2016.06.26-22.51.59:166][ 19]LogActorComponent: UnregisterComponent: (/Engine/Transient.ProjectileMovementComponent_22) Not registered. Aborting.
[2016.06.26-22.51.59:166][ 19]LogActorComponent: UnregisterComponent: (/Engine/Transient.ProjectileMovementComponent_23) Not registered. Aborting.
[2016.06.26-22.51.59:204][ 19]LogBlueprint:Warning: [compiler TheWallAttack] Warning [1701.07] Compile of TheWallAttack failed. 6 Fatal Issue(s) 4 Warning(s) [in 177 ms]
[2016.06.26-22.51.59:204][ 19]BlueprintEditorCompileResults:Warning: Warning Could not find a variable named "ButtonPressed" in 'TheWallAttack_C'.
Make sure 'TheWallAttack_C' has been compiled for  Set ButtonPressed 
[2016.06.26-22.51.59:204][ 19]BlueprintEditorCompileResults:Warning: Warning Could not find a variable named "EnemyInside" in 'TheWallAttack_C'.
Make sure 'TheWallAttack_C' has been compiled for  Set EnemyInside 
[2016.06.26-22.51.59:204][ 19]BlueprintEditorCompileResults:Warning: Warning Could not find a variable named "ButtonPressed" in 'TheWallAttack_C'.
Make sure 'TheWallAttack_C' has been compiled for  Set ButtonPressed 
[2016.06.26-22.51.59:204][ 19]BlueprintEditorCompileResults:Warning: Warning Could not find a variable named "EnemyInside" in 'TheWallAttack_C'.
Make sure 'TheWallAttack_C' has been compiled for  Set EnemyInside 
[2016.06.26-22.51.59:204][ 19]BlueprintEditorCompileResults:Error: Error Dependency cycle detected, preventing node  Equal Boolean  from being scheduled
[2016.06.26-22.51.59:204][ 19]BlueprintEditorCompileResults:Error: Error Dependency cycle detected, preventing node  Branch  from being scheduled
[2016.06.26-22.51.59:204][ 19]BlueprintEditorCompileResults:Error: Error The property associated with  Enemy Inside  could not be found
[2016.06.26-22.51.59:204][ 19]BlueprintEditorCompileResults:Error: Error The property associated with  Button Pressed  could not be found
[2016.06.26-22.51.59:204][ 19]BlueprintEditorCompileResults:Error: Error The property associated with  Enemy Inside  could not be found
[2016.06.26-22.51.59:204][ 19]BlueprintEditorCompileResults:Error: Error The property associated with  Button Pressed  could not be found
[2016.06.26-22.51.59:204][ 19]BlueprintEditorCompileResults:Warning: Warning [1701.07] Compile of TheWallAttack failed. 6 Fatal Issue(s) 4 Warning(s) [in 177 ms]
[2016.06.26-22.53.07:811][566]LogActorComponent: UnregisterComponent: (/Engine/Transient.CharMoveComp) Not registered. Aborting.
[2016.06.26-22.53.07:811][566]LogActorComponent: UnregisterComponent: (/Engine/Transient.PawnSensingMoving_GEN_VARIABLE) Not registered. Aborting.
[2016.06.26-22.53.07:811][566]LogActorComponent: UnregisterComponent: (/Engine/Transient.PawnSensingShooting_GEN_VARIABLE) Not registered. Aborting.
[2016.06.26-22.53.07:811][566]LogActorComponent: UnregisterComponent: (/Engine/Transient.ProjectileMovement_GEN_VARIABLE) Not registered. Aborting.
[2016.06.26-22.53.07:811][566]LogActorComponent: UnregisterComponent: (/Engine/Transient.CharacterMovementComponent_13) Not registered. Aborting.
[2016.06.26-22.53.07:811][566]LogActorComponent: UnregisterComponent: (/Engine/Transient.PawnSensing_GEN_VARIABLE) Not registered. Aborting.
[2016.06.26-22.53.07:811][566]LogActorComponent: UnregisterComponent: (/Engine/Transient.ProjectileMovementComponent_24) Not registered. Aborting.
[2016.06.26-22.53.07:811][566]LogActorComponent: UnregisterComponent: (/Engine/Transient.ProjectileMovementComponent_25) Not registered. Aborting.
[2016.06.26-22.53.15:064][566]LogObjectTools:Warning: ForceReplaceReferences replaced references for a transient object 'EdGraphPin_35209' or package '/Game/TheWallAttack'.
[2016.06.26-22.53.15:064][566]LogObjectTools:Warning: ForceReplaceReferences replaced references for a transient object 'EdGraphPin_35230' or package '/Game/TheWallAttack'.
[2016.06.26-22.53.15:065][566]LogObjectTools:Warning: ForceReplaceReferences replaced references for a transient object 'EdGraphPin_35404' or package '/Game/TheWallAttack'.
[2016.06.26-22.53.15:065][566]LogObjectTools:Warning: ForceReplaceReferences replaced references for a transient object 'EdGraphPin_35526' or package '/Game/TheWallAttack'.
[2016.06.26-22.53.15:065][566]LogObjectTools:Warning: ForceReplaceReferences replaced references for a transient object 'EdGraphPin_35209' or package '/Game/TheWallAttack'.
[2016.06.26-22.53.15:065][566]LogObjectTools:Warning: ForceReplaceReferences replaced references for a transient object 'EdGraphPin_35230' or package '/Game/TheWallAttack'.
[2016.06.26-22.53.15:065][566]LogObjectTools:Warning: ForceReplaceReferences replaced references for a transient object 'EdGraphPin_35404' or package '/Game/TheWallAttack'.
[2016.06.26-22.53.15:065][566]LogObjectTools:Warning: ForceReplaceReferences replaced references for a transient object 'EdGraphPin_35526' or package '/Game/TheWallAttack'.
[2016.06.26-22.53.15:065][566]LogObjectTools:Warning: ForceReplaceReferences replaced references for a transient object 'K2Node_Event_501' or package '/Engine/Transient'.
[2016.06.26-22.53.15:065][566]LogObjectTools:Warning: ForceReplaceReferences replaced references for a transient object 'K2Node_Event_500' or package '/Engine/Transient'.
[2016.06.26-22.53.15:065][566]LogObjectTools:Warning: ForceReplaceReferences replaced references for a transient object 'EdGraphPin_35209' or package '/Game/TheWallAttack'.
[2016.06.26-22.53.15:065][566]LogObjectTools:Warning: ForceReplaceReferences replaced references for a transient object 'EdGraphPin_35230' or package '/Game/TheWallAttack'.
[2016.06.26-22.53.15:065][566]LogObjectTools:Warning: ForceReplaceReferences replaced references for a transient object 'EdGraphPin_35404' or package '/Game/TheWallAttack'.
[2016.06.26-22.53.15:065][566]LogObjectTools:Warning: ForceReplaceReferences replaced references for a transient object 'K2Node_Event_501' or package '/Engine/Transient'.
[2016.06.26-22.53.15:066][566]LogObjectTools:Warning: ForceReplaceReferences replaced references for a transient object 'K2Node_Event_500' or package '/Engine/Transient'.
[2016.06.26-22.53.15:066][566]LogObjectTools:Warning: ForceReplaceReferences replaced references for a transient object 'EdGraphPin_35209' or package '/Game/TheWallAttack'.
[2016.06.26-22.53.15:066][566]LogObjectTools:Warning: ForceReplaceReferences replaced references for a transient object 'EdGraphPin_35230' or package '/Game/TheWallAttack'.
[2016.06.26-22.53.15:066][566]LogObjectTools:Warning: ForceReplaceReferences replaced references for a transient object 'EdGraphPin_35404' or package '/Game/TheWallAttack'.
[2016.06.26-22.53.15:066][566]LogObjectTools:Warning: ForceReplaceReferences replaced references for a transient object 'K2Node_Event_501' or package '/Engine/Transient'.
[2016.06.26-22.53.15:066][566]LogObjectTools:Warning: ForceReplaceReferences replaced references for a transient object 'K2Node_Event_500' or package '/Engine/Transient'.
[2016.06.26-22.53.15:066][566]LogObjectTools:Warning: ForceReplaceReferences replaced references for a transient object 'EdGraphPin_35209' or package '/Game/TheWallAttack'.
[2016.06.26-22.53.15:066][566]LogObjectTools:Warning: ForceReplaceReferences replaced references for a transient object 'EdGraphPin_35230' or package '/Game/TheWallAttack'.
[2016.06.26-22.53.15:066][566]LogObjectTools:Warning: ForceReplaceReferences replaced references for a transient object 'K2Node_Event_501' or package '/Engine/Transient'.
[2016.06.26-22.53.15:066][566]LogObjectTools:Warning: ForceReplaceReferences replaced references for a transient object 'K2Node_Event_500' or package '/Engine/Transient'.
[2016.06.26-22.53.15:067][566]LogObjectTools:Warning: ForceReplaceReferences replaced references for a transient object 'K2Node_Event_501' or package '/Engine/Transient'.
[2016.06.26-22.53.15:067][566]LogObjectTools:Warning: ForceReplaceReferences replaced references for a transient object 'K2Node_Event_500' or package '/Engine/Transient'.
[2016.06.26-22.53.15:067][566]LogObjectTools:Warning: ForceReplaceReferences replaced references for a transient object 'BlueprintComponentNodeSpawner_124' or package '/Engine/Transient'.
[2016.06.26-22.53.15:067][566]LogObjectTools:Warning: ForceReplaceReferences replaced references for a transient object 'DEADCLASS_TheWallAttack_C_0' or package '/Engine/Transient'.
[2016.06.26-22.53.15:067][566]LogObjectTools:Warning: ForceReplaceReferences replaced references for a transient object 'DEADCLASS_TheWallAttack_C_1' or package '/Engine/Transient'.
[2016.06.26-22.53.15:067][566]LogObjectTools:Warning: ForceReplaceReferences replaced references for a transient object 'REINST_SKEL_TheWallAttack_C_249' or package '/Engine/Transient'.
[2016.06.26-22.53.15:067][566]LogObjectTools:Warning: ForceReplaceReferences replaced references for a transient object 'BlueprintComponentNodeSpawner_502' or package '/Engine/Transient'.
[2016.06.26-22.53.15:067][566]LogObjectTools:Warning: ForceReplaceReferences replaced references for a transient object 'REINST_TheWallAttack_C_248' or package '/Engine/Transient'.
[2016.06.26-22.53.15:508][566]LogParticles: Destroying 0 GPU particle simulations for FXSystem 0x000001DFBA2F5C60
[2016.06.26-22.53.15:511][566]LogParticles: Destroying 0 GPU particle simulations for FXSystem 0x000001DFB6CE6660
[2016.06.26-22.53.17:746][689]LogBlueprintUserMessages: Early PlayInEditor Detection: Level '/Game/TwinStickBP/Maps/TwinStickExampleMap.TwinStickExampleMap:PersistentLevel' has LevelScriptBlueprint '/Game/TwinStickBP/Maps/TwinStickExampleMap.TwinStickExampleMap:PersistentLevel.TwinStickExampleMap' with GeneratedClass '/Game/TwinStickBP/Maps/TwinStickExampleMap.TwinStickExampleMap_C' with ClassGeneratedBy '/Game/TwinStickBP/Maps/TwinStickExampleMap.TwinStickExampleMap:PersistentLevel.TwinStickExampleMap'
[2016.06.26-22.53.17:746][689]LogPlayLevel: PlayLevel: No blueprints needed recompiling
[2016.06.26-22.53.17:746][689]PIE: New page: PIE session: TwinStickExampleMap (Jun 26, 2016, 8:53:17 AM)
[2016.06.26-22.53.17:747][689]LogPlayLevel: Creating play world package: /Game/TwinStickBP/Maps/UEDPIE_0_TwinStickExampleMap
[2016.06.26-22.53.17:765][689]LogPlayLevel: PIE: StaticDuplicateObject took: (0.018779s)
[2016.06.26-22.53.17:766][689]LogAIModule: Creating AISystem for world TwinStickExampleMap
[2016.06.26-22.53.17:766][689]LogPlayLevel: PIE: World Init took: (0.000714s)
[2016.06.26-22.53.17:766][689]LogPlayLevel: PIE: Created PIE world by copying editor world from /Game/TwinStickBP/Maps/TwinStickExampleMap.TwinStickExampleMap to /Game/TwinStickBP/Maps/UEDPIE_0_TwinStickExampleMap.TwinStickExampleMap (0.019693s)
[2016.06.26-22.53.17:766][689]LogActorComponent: UnregisterComponent: (/Engine/Transient.CharMoveComp) Not registered. Aborting.
[2016.06.26-22.53.17:766][689]LogActorComponent: UnregisterComponent: (/Engine/Transient.PawnSensing_GEN_VARIABLE) Not registered. Aborting.
[2016.06.26-22.53.17:766][689]LogActorComponent: UnregisterComponent: (/Engine/Transient.ProjectileMovementComponent_8) Not registered. Aborting.
[2016.06.26-22.53.17:766][689]LogActorComponent: UnregisterComponent: (/Engine/Transient.ProjectileMovement_GEN_VARIABLE) Not registered. Aborting.
[2016.06.26-22.53.17:766][689]LogActorComponent: UnregisterComponent: (/Engine/Transient.CharacterMovementComponent_14) Not registered. Aborting.
[2016.06.26-22.53.17:766][689]LogActorComponent: UnregisterComponent: (/Engine/Transient.PawnSensingMoving_GEN_VARIABLE) Not registered. Aborting.
[2016.06.26-22.53.17:766][689]LogActorComponent: UnregisterComponent: (/Engine/Transient.PawnSensingShooting_GEN_VARIABLE) Not registered. Aborting.
[2016.06.26-22.53.17:766][689]LogActorComponent: UnregisterComponent: (/Engine/Transient.ProjectileMovementComponent_26) Not registered. Aborting.
[2016.06.26-22.53.17:766][689]LogActorComponent: UnregisterComponent: (/Engine/Transient.ProjectileMovementComponent_27) Not registered. Aborting.
[2016.06.26-22.53.17:820][689]LogInit: XAudio2 using 'Speakers (High Definition Audio Device)' : 2 channels at 44.1 kHz using 16 bits per sample (channel mask 0x3)
[2016.06.26-22.53.17:825][689]LogInit: FAudioDevice initialized.
[2016.06.26-22.53.17:857][689]LogWorld: Game class is 'TwinStickGameMode_C'
[2016.06.26-22.53.17:872][689]LogWorld: Bringing World /Game/TwinStickBP/Maps/UEDPIE_0_TwinStickExampleMap.TwinStickExampleMap up for play (max tick rate 0) at 2016.06.26-15.53.17
[2016.06.26-22.53.17:872][689]LogActor:Warning: GameSession /Game/TwinStickBP/Maps/UEDPIE_0_TwinStickExampleMap.TwinStickExampleMap:PersistentLevel.GameSession_1 has natively added scene component(s), but none of them were set as the actor's RootComponent - picking one arbitrarily
[2016.06.26-22.53.17:872][689]LogActor:Warning: GameNetworkManager /Game/TwinStickBP/Maps/UEDPIE_0_TwinStickExampleMap.TwinStickExampleMap:PersistentLevel.GameNetworkManager_1 has natively added scene component(s), but none of them were set as the actor's RootComponent - picking one arbitrarily
[2016.06.26-22.53.17:880][689]LogWorld: Bringing up level for play took: 0.021851
[2016.06.26-22.53.17:881][689]PIE: Info Play in editor start time for /Game/TwinStickBP/Maps/UEDPIE_0_TwinStickExampleMap 0.343
[2016.06.26-22.53.17:881][689]LogBlueprintUserMessages: Late PlayInEditor Detection: Level '/Game/TwinStickBP/Maps/TwinStickExampleMap.TwinStickExampleMap:PersistentLevel' has LevelScriptBlueprint '/Game/TwinStickBP/Maps/TwinStickExampleMap.TwinStickExampleMap:PersistentLevel.TwinStickExampleMap' with GeneratedClass '/Game/TwinStickBP/Maps/TwinStickExampleMap.TwinStickExampleMap_C' with ClassGeneratedBy '/Game/TwinStickBP/Maps/TwinStickExampleMap.TwinStickExampleMap:PersistentLevel.TwinStickExampleMap'
[2016.06.26-22.53.38:294][961]LogBlueprintUserMessages: Early EndPlayMap Detection: Level '/Game/TwinStickBP/Maps/TwinStickExampleMap.TwinStickExampleMap:PersistentLevel' has LevelScriptBlueprint '/Game/TwinStickBP/Maps/TwinStickExampleMap.TwinStickExampleMap:PersistentLevel.TwinStickExampleMap' with GeneratedClass '/Game/TwinStickBP/Maps/TwinStickExampleMap.TwinStickExampleMap_C' with ClassGeneratedBy '/Game/TwinStickBP/Maps/TwinStickExampleMap.TwinStickExampleMap:PersistentLevel.TwinStickExampleMap'
[2016.06.26-22.53.38:344][961]LogBlueprintUserMessages: Late EndPlayMap Detection: Level '/Game/TwinStickBP/Maps/TwinStickExampleMap.TwinStickExampleMap:PersistentLevel' has LevelScriptBlueprint '/Game/TwinStickBP/Maps/TwinStickExampleMap.TwinStickExampleMap:PersistentLevel.TwinStickExampleMap' with GeneratedClass '/Game/TwinStickBP/Maps/TwinStickExampleMap.TwinStickExampleMap_C' with ClassGeneratedBy '/Game/TwinStickBP/Maps/TwinStickExampleMap.TwinStickExampleMap:PersistentLevel.TwinStickExampleMap'
[2016.06.26-22.53.38:372][961]LogParticles: Destroying 0 GPU particle simulations for FXSystem 0x000001DFEB788720
[2016.06.26-22.53.50:456][148]LogActorComponent: UnregisterComponent: (/Engine/Transient.CharMoveComp) Not registered. Aborting.
[2016.06.26-22.53.50:456][148]LogActorComponent: UnregisterComponent: (/Engine/Transient.PawnSensingMoving_GEN_VARIABLE) Not registered. Aborting.
[2016.06.26-22.53.50:456][148]LogActorComponent: UnregisterComponent: (/Engine/Transient.PawnSensingShooting_GEN_VARIABLE) Not registered. Aborting.
[2016.06.26-22.53.50:456][148]LogActorComponent: UnregisterComponent: (/Engine/Transient.ProjectileMovement_GEN_VARIABLE) Not registered. Aborting.
[2016.06.26-22.53.50:456][148]LogActorComponent: UnregisterComponent: (/Engine/Transient.CharacterMovementComponent_15) Not registered. Aborting.
[2016.06.26-22.53.50:456][148]LogActorComponent: UnregisterComponent: (/Engine/Transient.PawnSensing_GEN_VARIABLE) Not registered. Aborting.
[2016.06.26-22.53.50:456][148]LogActorComponent: UnregisterComponent: (/Engine/Transient.ProjectileMovementComponent_28) Not registered. Aborting.
[2016.06.26-22.53.50:456][148]LogActorComponent: UnregisterComponent: (/Engine/Transient.ProjectileMovementComponent_29) Not registered. Aborting.
[2016.06.26-22.53.50:831][148]LogSavePackage: Save=327.160034ms
[2016.06.26-22.53.50:831][148]LogSavePackage: Moving '../../../../../../Users/NewXB/OneDrive/Documents/Unreal Projects/Shooter/Saved/TwinStickExampleMap99683B214B5A71C95F248DB936A85993.tmp' to '../../../../../../Users/NewXB/OneDrive/Documents/Unreal Projects/Shooter/Content/TwinStickBP/Maps/TwinStickExampleMap.umap'
[2016.06.26-22.53.50:836][148]LogSavePackage: Total save time: 357.503183ms
[2016.06.26-22.53.50:836][148]LogSavePackage:Display: Finished SavePackage ../../../../../../Users/NewXB/OneDrive/Documents/Unreal Projects/Shooter/Content/TwinStickBP/Maps/TwinStickExampleMap.umap
[2016.06.26-22.53.50:877][148]LogFileHelpers: Saving map 'TwinStickExampleMap' took 0.499
[2016.06.26-22.54.17:961][331]LogEditorViewport: Clicking on Actor (LMB): BP_Sky_Sphere_C (SkyShereBlueprint)
[2016.06.26-22.54.21:321][720]LogEditorViewport: Clicking on Actor (LMB): TwinStickPawn_C (TwinStickPawn)
[2016.06.26-23.12.00:498][629]LogActorComponent: UnregisterComponent: (/Engine/Transient.CharMoveComp) Not registered. Aborting.
[2016.06.26-23.12.00:498][629]LogActorComponent: UnregisterComponent: (/Engine/Transient.PawnSensingMoving_GEN_VARIABLE) Not registered. Aborting.
[2016.06.26-23.12.00:498][629]LogActorComponent: UnregisterComponent: (/Engine/Transient.PawnSensingShooting_GEN_VARIABLE) Not registered. Aborting.
[2016.06.26-23.12.00:498][629]LogActorComponent: UnregisterComponent: (/Engine/Transient.ProjectileMovement_GEN_VARIABLE) Not registered. Aborting.
[2016.06.26-23.12.00:498][629]LogActorComponent: UnregisterComponent: (/Engine/Transient.CharacterMovementComponent_16) Not registered. Aborting.
[2016.06.26-23.12.00:498][629]LogActorComponent: UnregisterComponent: (/Engine/Transient.PawnSensing_GEN_VARIABLE) Not registered. Aborting.
[2016.06.26-23.12.00:498][629]LogActorComponent: UnregisterComponent: (/Engine/Transient.ProjectileMovementComponent_30) Not registered. Aborting.
[2016.06.26-23.12.00:498][629]LogActorComponent: UnregisterComponent: (/Engine/Transient.ProjectileMovementComponent_31) Not registered. Aborting.
[2016.06.26-23.12.02:647][629]LogSavePackage: Save=244.398010ms
[2016.06.26-23.12.02:647][629]LogSavePackage: Moving '../../../../../../Users/NewXB/OneDrive/Documents/Unreal Projects/Shooter/Saved/TwinStickPawnBAAD95404796F3C974EB9E998D21DE33.tmp' to '../../../../../../Users/NewXB/OneDrive/Documents/Unreal Projects/Shooter/Content/TwinStickBP/Blueprints/TwinStickPawn.uasset'
[2016.06.26-23.12.02:650][629]LogSavePackage: Total save time: 272.035308ms
[2016.06.26-23.12.02:650][629]LogSavePackage:Display: Finished SavePackage ../../../../../../Users/NewXB/OneDrive/Documents/Unreal Projects/Shooter/Content/TwinStickBP/Blueprints/TwinStickPawn.uasset
[2016.06.26-23.12.03:002][630]Cmd: QUIT_EDITOR
[2016.06.26-23.12.04:060][630]LogWindowsTextInputMethodSystem:Display: IME system now deactivated.
[2016.06.26-23.12.04:146][630]LogExit: Preparing to exit.
[2016.06.26-23.12.04:639][630]LogExit: Editor shut down
[2016.06.26-23.12.04:640][630]LogExit: Transaction tracking system shut down
[2016.06.26-23.12.04:645][630]LogParticles: Destroying 0 GPU particle simulations for FXSystem 0x000001DF805FB560
[2016.06.26-23.12.04:645][630]LogParticles: Destroying 0 GPU particle simulations for FXSystem 0x000001DF8CAB7880
[2016.06.26-23.12.04:645][630]LogParticles: Destroying 0 GPU particle simulations for FXSystem 0x000001DFFEEA4720
[2016.06.26-23.12.04:647][630]LogParticles: Destroying 0 GPU particle simulations for FXSystem 0x000001DFAF5D1A80
[2016.06.26-23.12.04:647][630]LogParticles: Destroying 0 GPU particle simulations for FXSystem 0x000001DFAF5D1940
[2016.06.26-23.12.04:879][630]LogExit: Object subsystem successfully closed.
[2016.06.26-23.12.04:901][630]LogD3D11RHI: Shutdown
[2016.06.26-23.12.04:901][630]LogD3D11RHI: CleanupD3DDevice
[2016.06.26-23.12.05:120][630]LogD3D11RHI: ~FD3D11DynamicRHI
[2016.06.26-23.12.05:142][630]LogModuleManager: Shutting down and abandoning module CookingStats (200)
[2016.06.26-23.12.05:142][630]LogModuleManager: Shutting down and abandoning module BlueprintGraph (199)
[2016.06.26-23.12.05:142][630]LogModuleManager: Shutting down and abandoning module CrashTracker (198)
[2016.06.26-23.12.05:142][630]LogModuleManager: Shutting down and abandoning module SceneOutliner (197)
[2016.06.26-23.12.05:142][630]LogModuleManager: Shutting down and abandoning module SuperSearch (196)
[2016.06.26-23.12.05:142][630]LogModuleManager: Shutting down and abandoning module WidgetCarousel (195)
[2016.06.26-23.12.05:142][630]LogModuleManager: Shutting down and abandoning module AddContentDialog (194)
[2016.06.26-23.12.05:145][630]LogModuleManager: Shutting down and abandoning module EditorWidgets (193)
[2016.06.26-23.12.05:145][630]LogModuleManager: Shutting down and abandoning module CollectionManager (192)
[2016.06.26-23.12.05:145][630]LogModuleManager: Shutting down and abandoning module StatsViewer (191)
[2016.06.26-23.12.05:145][630]LogModuleManager: Shutting down and abandoning module FoliageEdit (190)
[2016.06.26-23.12.05:145][630]LogModuleManager: Shutting down and abandoning module LandscapeEditor (189)
[2016.06.26-23.12.05:145][630]LogModuleManager: Shutting down and abandoning module ActorPickerMode (188)
[2016.06.26-23.12.05:145][630]LogModuleManager: Shutting down and abandoning module GeometryMode (187)
[2016.06.26-23.12.05:145][630]LogModuleManager: Shutting down and abandoning module TextureAlignMode (186)
[2016.06.26-23.12.05:145][630]LogModuleManager: Shutting down and abandoning module BspMode (185)
[2016.06.26-23.12.05:145][630]LogModuleManager: Shutting down and abandoning module PlacementMode (184)
[2016.06.26-23.12.05:145][630]LogModuleManager: Shutting down and abandoning module AutomationWorker (183)
[2016.06.26-23.12.05:145][630]LogModuleManager: Shutting down and abandoning module CharacterAI (182)
[2016.06.26-23.12.05:145][630]LogModuleManager: Shutting down and abandoning module SmartSnapping (181)
[2016.06.26-23.12.05:145][630]LogModuleManager: Shutting down and abandoning module ViewportSnapping (180)
[2016.06.26-23.12.05:145][630]LogModuleManager: Shutting down and abandoning module LogVisualizer (179)
[2016.06.26-23.12.05:146][630]LogModuleManager: Shutting down and abandoning module GameProjectGeneration (178)
[2016.06.26-23.12.05:146][630]LogModuleManager: Shutting down and abandoning module IntroTutorials (177)
[2016.06.26-23.12.05:146][630]LogModuleManager: Shutting down and abandoning module EditorLiveStreaming (176)
[2016.06.26-23.12.05:146][630]LogModuleManager: Shutting down and abandoning module IOSPlatformEditor (175)
[2016.06.26-23.12.05:146][630]LogModuleManager: Shutting down and abandoning module HTML5PlatformEditor (174)
[2016.06.26-23.12.05:146][630]LogModuleManager: Shutting down and abandoning module AndroidDeviceDetection (173)
[2016.06.26-23.12.05:717][630]LogModuleManager: Shutting down and abandoning module AndroidPlatformEditor (172)
[2016.06.26-23.12.05:717][630]LogModuleManager: Shutting down and abandoning module IOSRuntimeSettings (171)
[2016.06.26-23.12.05:717][630]LogModuleManager: Shutting down and abandoning module AndroidRuntimeSettings (170)
[2016.06.26-23.12.05:717][630]LogModuleManager: Shutting down and abandoning module MergeActors (169)
[2016.06.26-23.12.05:717][630]LogModuleManager: Shutting down and abandoning module SizeMap (168)
[2016.06.26-23.12.05:717][630]LogModuleManager: Shutting down and abandoning module TreeMap (167)
[2016.06.26-23.12.05:717][630]LogModuleManager: Shutting down and abandoning module ReferenceViewer (166)
[2016.06.26-23.12.05:717][630]LogModuleManager: Shutting down and abandoning module LocalizationService (165)
[2016.06.26-23.12.05:717][630]LogModuleManager: Shutting down and abandoning module LocalizationDashboard (164)
[2016.06.26-23.12.05:718][630]LogModuleManager: Shutting down and abandoning module HardwareTargeting (163)
[2016.06.26-23.12.05:718][630]LogModuleManager: Shutting down and abandoning module DeviceProfileEditor (162)
[2016.06.26-23.12.05:718][630]LogModuleManager: Shutting down and abandoning module UndoHistory (161)
[2016.06.26-23.12.05:718][630]LogModuleManager: Shutting down and abandoning module GameplayTagsEditor (160)
[2016.06.26-23.12.05:718][630]LogModuleManager: Shutting down and abandoning module UserFeedback (159)
[2016.06.26-23.12.05:718][630]LogModuleManager: Shutting down and abandoning module XmlParser (158)
[2016.06.26-23.12.05:718][630]LogModuleManager: Shutting down and abandoning module Blutility (157)
[2016.06.26-23.12.05:718][630]LogModuleManager: Shutting down and abandoning module ProjectTargetPlatformEditor (156)
[2016.06.26-23.12.05:718][630]LogModuleManager: Shutting down and abandoning module ProjectSettingsViewer (155)
[2016.06.26-23.12.05:718][630]LogModuleManager: Shutting down and abandoning module InputBindingEditor (154)
[2016.06.26-23.12.05:718][630]LogModuleManager: Shutting down and abandoning module EditorSettingsViewer (153)
[2016.06.26-23.12.05:718][630]LogModuleManager: Shutting down and abandoning module SettingsEditor (152)
[2016.06.26-23.12.05:718][630]LogModuleManager: Shutting down and abandoning module ProjectLauncher (151)
[2016.06.26-23.12.05:718][630]LogModuleManager: Shutting down and abandoning module SessionFrontend (150)
[2016.06.26-23.12.05:718][630]LogModuleManager: Shutting down and abandoning module ProfilerClient (149)
[2016.06.26-23.12.05:718][630]LogModuleManager: Shutting down and abandoning module TargetDeviceServices (148)
[2016.06.26-23.12.05:718][630]LogModuleManager: Shutting down and abandoning module DeviceManager (147)
[2016.06.26-23.12.05:718][630]LogModuleManager: Shutting down and abandoning module AutomationController (146)
[2016.06.26-23.12.05:718][630]LogModuleManager: Shutting down and abandoning module AutomationWindow (145)
[2016.06.26-23.12.05:719][630]LogModuleManager: Shutting down and abandoning module Layers (144)
[2016.06.26-23.12.05:719][630]LogModuleManager: Shutting down and abandoning module ComponentVisualizers (143)
[2016.06.26-23.12.05:719][630]LogModuleManager: Shutting down and abandoning module DetailCustomizations (142)
[2016.06.26-23.12.05:719][630]LogModuleManager: Shutting down and abandoning module PackagesDialog (141)
[2016.06.26-23.12.05:719][630]LogModuleManager: Shutting down and abandoning module Persona (140)
[2016.06.26-23.12.05:719][630]LogModuleManager: Shutting down and abandoning module Kismet (139)
[2016.06.26-23.12.05:719][630]LogModuleManager: Shutting down and abandoning module GraphEditor (138)
[2016.06.26-23.12.05:719][630]LogModuleManager: Shutting down and abandoning module ClassViewer (137)
[2016.06.26-23.12.05:721][630]LogModuleManager: Shutting down and abandoning module Toolbox (136)
[2016.06.26-23.12.05:721][630]LogModuleManager: Shutting down and abandoning module ModuleUI (135)
[2016.06.26-23.12.05:721][630]LogModuleManager: Shutting down and abandoning module MovieSceneTools (134)
[2016.06.26-23.12.05:721][630]LogModuleManager: Shutting down and abandoning module OutputLog (133)
[2016.06.26-23.12.05:721][630]LogModuleManager: Shutting down and abandoning module GammaUI (132)
[2016.06.26-23.12.05:721][630]LogModuleManager: Shutting down and abandoning module Documentation (131)
[2016.06.26-23.12.05:721][630]LogModuleManager: Shutting down and abandoning module GameLiveStreaming (130)
[2016.06.26-23.12.05:721][630]LogModuleManager: Shutting down and abandoning module StreamingPauseRendering (129)
[2016.06.26-23.12.05:721][630]LogModuleManager: Shutting down and abandoning module AnalyticsET (128)
[2016.06.26-23.12.05:721][630]LogModuleManager: Shutting down and abandoning module Analytics (127)
[2016.06.26-23.12.05:721][630]LogModuleManager: Shutting down and abandoning module AITestSuite (126)
[2016.06.26-23.12.05:721][630]LogModuleManager: Shutting down and abandoning module GameplayDebugger (125)
[2016.06.26-23.12.05:722][630]LogModuleManager: Shutting down and abandoning module AIModule (124)
[2016.06.26-23.12.05:722][630]LogModuleManager: Shutting down and abandoning module ProfilerService (123)
[2016.06.26-23.12.05:783][630]LogModuleManager: Shutting down and abandoning module TaskGraph (122)
[2016.06.26-23.12.05:783][630]LogModuleManager: Shutting down and abandoning module SlateRemote (121)
[2016.06.26-23.12.05:783][630]LogModuleManager: Shutting down and abandoning module SteamVRController (120)
[2016.06.26-23.12.05:783][630]LogModuleManager: Shutting down and abandoning module SteamVR (119)
[2016.06.26-23.12.05:783][630]LogModuleManager: Shutting down and abandoning module ProceduralMeshComponent (118)
[2016.06.26-23.12.05:783][630]LogModuleManager: Shutting down and abandoning module OculusLibrary (117)
[2016.06.26-23.12.05:783][630]LogModuleManager: Shutting down and abandoning module OculusInput (116)
[2016.06.26-23.12.05:783][630]LogModuleManager: Shutting down and abandoning module LeapMotionController (115)
[2016.06.26-23.12.05:801][630]LogModuleManager: Shutting down and abandoning module CustomMeshComponent (114)
[2016.06.26-23.12.05:801][630]LogModuleManager: Shutting down and abandoning module CableComponent (113)
[2016.06.26-23.12.05:801][630]LogModuleManager: Shutting down and abandoning module ArchVisCharacter (112)
[2016.06.26-23.12.05:801][630]LogModuleManager: Shutting down and abandoning module MessagingDebugger (111)
[2016.06.26-23.12.05:801][630]LogModuleManager: Shutting down and abandoning module MediaPlayerEditor (110)
[2016.06.26-23.12.05:801][630]LogModuleManager: Shutting down and abandoning module HTML5Networking (109)
[2016.06.26-23.12.05:801][630]LogModuleManager: Shutting down and abandoning module SpeedTreeImporter (108)
[2016.06.26-23.12.05:801][630]LogModuleManager: Shutting down and abandoning module PluginBrowser (107)
[2016.06.26-23.12.05:801][630]LogModuleManager: Shutting down and abandoning module EpicSurvey (106)
[2016.06.26-23.12.05:801][630]LogModuleManager: Shutting down and abandoning module DesktopPlatform (105)
[2016.06.26-23.12.05:801][630]LogModuleManager: Shutting down and abandoning module VisualStudioSourceCodeAccess (104)
[2016.06.26-23.12.05:801][630]LogModuleManager: Shutting down and abandoning module UObjectPlugin (103)
[2016.06.26-23.12.05:801][630]LogModuleManager: Shutting down and abandoning module SubversionSourceControl (102)
[2016.06.26-23.12.05:801][630]LogModuleManager: Shutting down and abandoning module PerforceSourceControl (101)
[2016.06.26-23.12.05:801][630]LogModuleManager: Shutting down and abandoning module SourceControl (100)
[2016.06.26-23.12.05:801][630]LogModuleManager: Shutting down and abandoning module GitSourceControl (99)
[2016.06.26-23.12.05:801][630]LogModuleManager: Shutting down and abandoning module LightPropagationVolumeEditor (98)
[2016.06.26-23.12.05:801][630]LogModuleManager: Shutting down and abandoning module PaperTiledImporter (97)
[2016.06.26-23.12.05:801][630]LogModuleManager: Shutting down and abandoning module PaperSpriteSheetImporter (96)
[2016.06.26-23.12.05:801][630]LogModuleManager: Shutting down and abandoning module MeshPaint (95)
[2016.06.26-23.12.05:801][630]LogModuleManager: Shutting down and abandoning module SlateReflector (94)
[2016.06.26-23.12.05:801][630]LogModuleManager: Shutting down and abandoning module HotReload (93)
[2016.06.26-23.12.05:801][630]LogModuleManager: Shutting down and abandoning module MainFrame (92)
[2016.06.26-23.12.05:801][630]LogModuleManager: Shutting down and abandoning module LevelEditor (91)
[2016.06.26-23.12.05:802][630]LogModuleManager: Shutting down and abandoning module DirectoryWatcher (90)
[2016.06.26-23.12.05:805][630]LogModuleManager: Shutting down and abandoning module AssetRegistry (89)
[2016.06.26-23.12.05:897][630]LogModuleManager: Shutting down and abandoning module ContentBrowser (88)
[2016.06.26-23.12.05:898][630]LogModuleManager: Shutting down and abandoning module Paper2DEditor (87)
[2016.06.26-23.12.05:898][630]LogModuleManager: Shutting down and abandoning module UdpMessaging (86)
[2016.06.26-23.12.06:000][630]LogModuleManager: Shutting down and abandoning module LightPropagationVolumeRuntime (85)
[2016.06.26-23.12.06:000][630]LogModuleManager: Shutting down and abandoning module Paper2D (84)
[2016.06.26-23.12.06:000][630]LogModuleManager: Shutting down and abandoning module WindowsMoviePlayer (83)
[2016.06.26-23.12.06:004][630]LogModuleManager: Shutting down and abandoning module Media (82)
[2016.06.26-23.12.06:004][630]LogModuleManager: Shutting down and abandoning module WmfMedia (81)
[2016.06.26-23.12.06:004][630]LogModuleManager: Shutting down and abandoning module OnlineBlueprintSupport (80)
[2016.06.26-23.12.06:004][630]LogModuleManager: Shutting down and abandoning module GameplayTasksEditor (79)
[2016.06.26-23.12.06:004][630]LogModuleManager: Shutting down and abandoning module PropertyEditor (78)
[2016.06.26-23.12.06:004][630]LogModuleManager: Shutting down and abandoning module BehaviorTreeEditor (77)
[2016.06.26-23.12.06:004][630]LogModuleManager: Shutting down and abandoning module FunctionalTesting (76)
[2016.06.26-23.12.06:004][630]LogModuleManager: Shutting down and abandoning module CollisionAnalyzer (75)
[2016.06.26-23.12.06:004][630]LogModuleManager: Shutting down and abandoning module WorkspaceMenuStructure (74)
[2016.06.26-23.12.06:004][630]LogModuleManager: Shutting down and abandoning module MessageLog (73)
[2016.06.26-23.12.06:004][630]LogModuleManager: Shutting down and abandoning module Sequencer (72)
[2016.06.26-23.12.06:005][630]LogModuleManager: Shutting down and abandoning module AssetTools (71)
[2016.06.26-23.12.06:005][630]LogModuleManager: Shutting down and abandoning module UMGEditor (70)
[2016.06.26-23.12.06:005][630]LogModuleManager: Shutting down and abandoning module UMG (69)
[2016.06.26-23.12.06:005][630]LogModuleManager: Shutting down and abandoning module Slate (68)
[2016.06.26-23.12.06:005][630]LogModuleManager: Shutting down and abandoning module EditorStyle (67)
[2016.06.26-23.12.06:009][630]LogModuleManager: Shutting down and abandoning module SessionServices (66)
[2016.06.26-23.12.06:009][630]LogModuleManager: Shutting down and abandoning module SourceCodeAccess (65)
[2016.06.26-23.12.06:009][630]LogModuleManager: Shutting down and abandoning module HeadMountedDisplay (64)
[2016.06.26-23.12.06:009][630]LogModuleManager: Shutting down and abandoning module XAudio2 (63)
[2016.06.26-23.12.06:009][630]LogModuleManager: Shutting down and abandoning module Networking (61)
[2016.06.26-23.12.06:009][630]LogModuleManager: Shutting down and abandoning module Core (60)
[2016.06.26-23.12.06:009][630]LogModuleManager: Shutting down and abandoning module KismetCompiler (59)
[2016.06.26-23.12.06:009][630]LogModuleManager: Shutting down and abandoning module PhysXFormats (58)
[2016.06.26-23.12.06:009][630]LogModuleManager: Shutting down and abandoning module MeshUtilities (57)
[2016.06.26-23.12.06:009][630]LogModuleManager: Shutting down and abandoning module DerivedDataCache (56)
[2016.06.26-23.12.06:091][630]LogDerivedDataCache: Shutdown
[2016.06.26-23.12.06:091][630]LogModuleManager: Shutting down and abandoning module ShaderFormatOpenGL (55)
[2016.06.26-23.12.06:091][630]LogModuleManager: Shutting down and abandoning module ShaderFormatD3D (54)
[2016.06.26-23.12.06:091][630]LogModuleManager: Shutting down and abandoning module MetalShaderFormat (53)
[2016.06.26-23.12.06:091][630]LogModuleManager: Shutting down and abandoning module TextureFormatUncompressed (52)
[2016.06.26-23.12.06:091][630]LogModuleManager: Shutting down and abandoning module TextureFormatPVR (51)
[2016.06.26-23.12.06:091][630]LogModuleManager: Shutting down and abandoning module TextureFormatIntelISPCTexComp (50)
[2016.06.26-23.12.06:091][630]LogModuleManager: Shutting down and abandoning module TextureFormatDXT (49)
[2016.06.26-23.12.06:091][630]LogModuleManager: Shutting down and abandoning module ImageWrapper (48)
[2016.06.26-23.12.06:092][630]LogModuleManager: Shutting down and abandoning module TextureFormatASTC (47)
[2016.06.26-23.12.06:092][630]LogModuleManager: Shutting down and abandoning module TextureFormatAndroid (46)
[2016.06.26-23.12.06:092][630]LogModuleManager: Shutting down and abandoning module AudioFormatOpus (45)
[2016.06.26-23.12.06:092][630]LogModuleManager: Shutting down and abandoning module AudioFormatOgg (44)
[2016.06.26-23.12.06:092][630]LogModuleManager: Shutting down and abandoning module AudioFormatADPCM (43)
[2016.06.26-23.12.06:092][630]LogModuleManager: Shutting down and abandoning module LinuxTargetPlatform (42)
[2016.06.26-23.12.06:092][630]LogModuleManager: Shutting down and abandoning module LinuxServerTargetPlatform (41)
[2016.06.26-23.12.06:092][630]LogModuleManager: Shutting down and abandoning module LinuxNoEditorTargetPlatform (40)
[2016.06.26-23.12.06:092][630]LogModuleManager: Shutting down and abandoning module Messaging (39)
[2016.06.26-23.12.06:092][630]LogModuleManager: Shutting down and abandoning module IOSTargetPlatform (38)
[2016.06.26-23.12.06:092][630]LogModuleManager: Shutting down and abandoning module HTML5TargetPlatform (37)
[2016.06.26-23.12.06:092][630]LogModuleManager: Shutting down and abandoning module Android_PVRTCTargetPlatform (36)
[2016.06.26-23.12.06:092][630]LogModuleManager: Shutting down and abandoning module Android_MultiTargetPlatform (35)
[2016.06.26-23.12.06:092][630]LogModuleManager: Shutting down and abandoning module Android_ETC2TargetPlatform (34)
[2016.06.26-23.12.06:092][630]LogModuleManager: Shutting down and abandoning module Android_ETC1TargetPlatform (33)
[2016.06.26-23.12.06:092][630]LogModuleManager: Shutting down and abandoning module Android_DXTTargetPlatform (32)
[2016.06.26-23.12.06:092][630]LogModuleManager: Shutting down and abandoning module Android_ATCTargetPlatform (31)
[2016.06.26-23.12.06:092][630]LogModuleManager: Shutting down and abandoning module Android_ASTCTargetPlatform (30)
[2016.06.26-23.12.06:092][630]LogModuleManager: Shutting down and abandoning module AndroidTargetPlatform (29)
[2016.06.26-23.12.06:092][630]LogModuleManager: Shutting down and abandoning module WindowsTargetPlatform (28)
[2016.06.26-23.12.06:092][630]LogModuleManager: Shutting down and abandoning module WindowsServerTargetPlatform (27)
[2016.06.26-23.12.06:092][630]LogModuleManager: Shutting down and abandoning module WindowsNoEditorTargetPlatform (26)
[2016.06.26-23.12.06:092][630]LogModuleManager: Shutting down and abandoning module WindowsClientTargetPlatform (25)
[2016.06.26-23.12.06:092][630]LogModuleManager: Shutting down and abandoning module AllDesktopTargetPlatform (24)
[2016.06.26-23.12.06:092][630]LogModuleManager: Shutting down and abandoning module TargetPlatform (23)
[2016.06.26-23.12.06:092][630]LogModuleManager: Shutting down and abandoning module InputCore (22)
[2016.06.26-23.12.06:092][630]LogModuleManager: Shutting down and abandoning module Settings (21)
[2016.06.26-23.12.06:092][630]LogModuleManager: Shutting down and abandoning module OnlineSubsystem (19)
[2016.06.26-23.12.06:092][630]LogModuleManager: Shutting down and abandoning module HTTP (18)
[2016.06.26-23.12.08:094][630]LogModuleManager: Shutting down and abandoning module XMPP (17)
[2016.06.26-23.12.08:094][630]LogModuleManager: Shutting down and abandoning module OculusRift (16)
[2016.06.26-23.12.08:094][630]LogModuleManager: Shutting down and abandoning module ExampleDeviceProfileSelector (15)
[2016.06.26-23.12.08:094][630]LogModuleManager: Shutting down and abandoning module TextureCompressor (14)
[2016.06.26-23.12.08:094][630]LogModuleManager: Shutting down and abandoning module ShaderCore (13)
[2016.06.26-23.12.08:094][630]LogModuleManager: Shutting down and abandoning module Landscape (12)
[2016.06.26-23.12.08:094][630]LogModuleManager: Shutting down and abandoning module SlateRHIRenderer (11)
[2016.06.26-23.12.08:100][630]LogModuleManager: Shutting down and abandoning module OpenGLDrv (10)
[2016.06.26-23.12.08:100][630]LogModuleManager: Shutting down and abandoning module D3D11RHI (9)
[2016.06.26-23.12.08:100][630]LogModuleManager: Shutting down and abandoning module AnimGraphRuntime (8)
[2016.06.26-23.12.08:100][630]LogModuleManager: Shutting down and abandoning module Renderer (7)
[2016.06.26-23.12.08:100][630]LogModuleManager: Shutting down and abandoning module Engine (6)
[2016.06.26-23.12.08:100][630]LogModuleManager: Shutting down and abandoning module CoreUObject (5)
[2016.06.26-23.12.08:100][630]LogModuleManager: Shutting down and abandoning module NetworkFile (4)
[2016.06.26-23.12.08:100][630]LogModuleManager: Shutting down and abandoning module StreamingFile (3)
[2016.06.26-23.12.08:100][630]LogModuleManager: Shutting down and abandoning module SandboxFile (2)
[2016.06.26-23.12.08:100][630]LogModuleManager: Shutting down and abandoning module PakFile (1)
[2016.06.26-23.12.08:102][630]LogExit: Exiting.
[2016.06.26-23.12.08:103][630]Log file closed, 06/26/16 16:12:08
