Log file open, 07/12/17 23:54:01
LogInit:Display: Running engine for game: Supers
LogPlatformFile: Not using cached read wrapper
LogInit:Display: RandInit(-1729313052) SRandInit(-1729313052).
LogTaskGraph: Started task graph with 5 named threads and 8 total threads with 1 sets of task threads.
LogStats: Stats thread started at 0.094840
LogInit: Using libcurl 7.47.1
LogInit:  - built for x86_64-pc-win32
LogInit:  - supports SSL with OpenSSL/1.0.2g
LogInit:  - supports HTTP deflate (compression) using libz 1.2.8
LogInit:  - other features:
LogInit:      CURL_VERSION_SSL
LogInit:      CURL_VERSION_LIBZ
LogInit:      CURL_VERSION_IPV6
LogInit:      CURL_VERSION_ASYNCHDNS
LogInit:      CURL_VERSION_LARGEFILE
LogInit:      CURL_VERSION_IDN
LogInit:  CurlRequestOptions (configurable via config and command line):
LogInit:  - bVerifyPeer = false  - Libcurl will NOT verify peer certificate
LogInit:  - bUseHttpProxy = false  - Libcurl will NOT use HTTP proxy
LogInit:  - bDontReuseConnections = false  - Libcurl will reuse connections
LogInit:  - CertBundlePath = nullptr  - Libcurl will use whatever was configured at build time.
LogInit: Build: ++UE4+Release-4.16-CL-3514769
LogInit: Engine Version: 4.16.2-3514769+++UE4+Release-4.16
LogInit: Compatible Engine Version: 4.16.0-3452394+++UE4+Release-4.16
LogInit: Net CL: 3452394
LogDevObjectVersion: Number of dev versions registered: 16
LogDevObjectVersion:   Dev-Blueprints (B0D832E4-1F89-4F0D-ACCF-7EB736FD4AA2): 9
LogDevObjectVersion:   Dev-Build (E1C64328-A22C-4D53-A36C-8E866417BD8C): 0
LogDevObjectVersion:   Dev-Core (375EC13C-06E4-48FB-B500-84F0262A717E): 2
LogDevObjectVersion:   Dev-Editor (E4B068ED-F494-42E9-A231-DA0B2E46BB41): 17
LogDevObjectVersion:   Dev-Framework (CFFC743F-43B0-4480-9391-14DF171D2073): 23
LogDevObjectVersion:   Dev-Mobile (B02B49B5-BB20-44E9-A304-32B752E40360): 0
LogDevObjectVersion:   Dev-Networking (A4E4105C-59A1-49B5-A7C5-40C4547EDFEE): 0
LogDevObjectVersion:   Dev-Online (39C831C9-5AE6-47DC-9A44-9C173E1C8E7C): 0
LogDevObjectVersion:   Dev-Physics (78F01B33-EBEA-4F98-B9B4-84EACCB95AA2): 0
LogDevObjectVersion:   Dev-Platform (6631380F-2D4D-43E0-8009-CF276956A95A): 0
LogDevObjectVersion:   Dev-Rendering (12F88B9F-8875-4AFC-A67C-D90C383ABD29): 15
LogDevObjectVersion:   Dev-Sequencer (7B5AE74C-D270-4C10-A958-57980B212A5A): 4
LogDevObjectVersion:   Dev-VR (D7296918-1DD6-4BDD-9DE2-64A83CC13884): 0
LogDevObjectVersion:   Dev-LoadTimes (C2A15278-BFE7-4AFE-6C17-90FF531DF755): 1
LogDevObjectVersion:   Private-Geometry (6EACA3D4-40EC-4CC1-B786-8BED09428FC5): 1
LogDevObjectVersion:   Dev-AnimPhys (29E575DD-E0A3-4627-9D10-D276232CDCEA): 3
LogInit: Compiled (64-bit): Jun 29 2017 02:03:24
LogInit: Compiled with Visual C++: 19.00.24215.01
LogInit: Build Configuration: Development
LogInit: Branch Name: ++UE4+Release-4.16
LogInit: Command line:  
LogInit: Base directory: C:/Program Files/Epic Games/UE_4.16/Engine/Binaries/Win64/
LogInit: Installed Engine Build: 1
LogInit: Presizing for max 8388607 objects, including 0 objects not considered by GC, pre-allocating 0 bytes for permanent pool.
LogInit: Object subsystem initialized
[2017.07.13-06.54.02:145][  0]LogInit: Selected Device Profile: [Windows]
[2017.07.13-06.54.02:145][  0]LogInit: Applying CVar settings loaded from the selected device profile: [Windows]
[2017.07.13-06.54.02:156][  0]LogInit: Computer: DESKTOP-2T88I18
[2017.07.13-06.54.02:156][  0]LogInit: User: NewXB
[2017.07.13-06.54.02:156][  0]LogInit: CPU Page size=4096, Cores=4
[2017.07.13-06.54.02:156][  0]LogInit: High frequency timer resolution =2.648439 MHz
[2017.07.13-06.54.02:156][  0]LogMemory: Memory total: Physical=31.9GB (32GB approx)
[2017.07.13-06.54.02:156][  0]LogMemory: Platform Memory Stats for Windows
[2017.07.13-06.54.02:156][  0]LogMemory: Process Physical Memory: 274.09 MB used, 274.09 MB peak
[2017.07.13-06.54.02:156][  0]LogMemory: Process Virtual Memory: 260.93 MB used, 260.93 MB peak
[2017.07.13-06.54.02:156][  0]LogMemory: Physical Memory: 12221.95 MB used,  20481.80 MB free, 32703.74 MB total
[2017.07.13-06.54.02:156][  0]LogMemory: Virtual Memory: 638.47 MB used,  20481.80 MB free, 134217728.00 MB total
[2017.07.13-06.54.02:602][  0]LogInit: Using OS detected language (en-US).
[2017.07.13-06.54.02:602][  0]LogInit: Using OS detected locale (en-US).
[2017.07.13-06.54.02:605][  0]LogTextLocalizationManager: No specific localization for 'en-US' exists, so the 'en' localization will be used.
[2017.07.13-06.54.03:494][  0]LogD3D11RHI: D3D11 adapters:
[2017.07.13-06.54.03:548][  0]LogD3D11RHI:    0. 'NVIDIA GeForce GTX 1070' (Feature Level 11_0)
[2017.07.13-06.54.03:548][  0]LogD3D11RHI:       8113/0/16351 MB DedicatedVideo/DedicatedSystem/SharedSystem, Outputs:1, VendorId:0x10de
[2017.07.13-06.54.03:549][  0]LogD3D11RHI:    1. 'Microsoft Basic Render Driver' (Feature Level 11_0)
[2017.07.13-06.54.03:549][  0]LogD3D11RHI:       0/0/16351 MB DedicatedVideo/DedicatedSystem/SharedSystem, Outputs:0, VendorId:0x1414
[2017.07.13-06.54.03:549][  0]LogD3D11RHI: Chosen D3D11 Adapter: 0
[2017.07.13-06.54.03:556][  0]LogD3D11RHI: Creating new Direct3DDevice
[2017.07.13-06.54.03:556][  0]LogD3D11RHI:     GPU DeviceId: 0x1be1 (for the marketing name, search the web for "GPU Device Id")
[2017.07.13-06.54.03:556][  0]LogWindows: EnumDisplayDevices:
[2017.07.13-06.54.03:556][  0]LogWindows:    0. 'NVIDIA GeForce GTX 1070' (P:1 D:1)
[2017.07.13-06.54.03:556][  0]LogWindows:    1. 'NVIDIA GeForce GTX 1070' (P:0 D:0)
[2017.07.13-06.54.03:556][  0]LogWindows:    2. 'NVIDIA GeForce GTX 1070' (P:0 D:0)
[2017.07.13-06.54.03:557][  0]LogWindows:    3. 'NVIDIA GeForce GTX 1070' (P:0 D:0)
[2017.07.13-06.54.03:557][  0]LogWindows: DebugString: FoundDriverCount:4 
[2017.07.13-06.54.03:557][  0]LogD3D11RHI:     Adapter Name: NVIDIA GeForce GTX 1070
[2017.07.13-06.54.03:557][  0]LogD3D11RHI:   Driver Version: 382.33 (internal:22.21.13.8233, unified:382.33)
[2017.07.13-06.54.03:557][  0]LogD3D11RHI:      Driver Date: 5-17-2017
[2017.07.13-06.54.03:557][  0]LogRHI: Texture pool is 1361 MB (70% of 1945 MB)
[2017.07.13-06.54.03:585][  0]LogD3D11RHI: Async texture creation enabled
[2017.07.13-06.54.03:595][  0]LogD3D11RHI: GPU Timing Frequency: 1000.000000 (Debug: 2 1)
[2017.07.13-06.54.03:637][  0]LogShaderCompilers: Guid format shader working directory is -11 characters bigger than the processId version (../../../../../../supers-master/supers-master 4.16/supers/Intermediate/Shaders/WorkingDirectory/9712/).
[2017.07.13-06.54.03:637][  0]LogShaderCompilers: Cleaned the shader compiler working directory 'C:/Users/NewXB/AppData/Local/Temp/UnrealShaderWorkingDir/F1B4286D473FB84D6D9E02888EF68517/'.
[2017.07.13-06.54.03:637][  0]LogShaderCompilers:Display: Using Local Shader Compiler.
[2017.07.13-06.54.04:610][  0]LogTemp:Display: Loaded TP AllDesktopTargetPlatform
[2017.07.13-06.54.04:665][  0]LogTemp:Display: Loaded TP MacClientTargetPlatform
[2017.07.13-06.54.04:719][  0]LogTemp:Display: Loaded TP MacNoEditorTargetPlatform
[2017.07.13-06.54.04:775][  0]LogTemp:Display: Loaded TP MacServerTargetPlatform
[2017.07.13-06.54.04:831][  0]LogTemp:Display: Loaded TP MacTargetPlatform
[2017.07.13-06.54.04:887][  0]LogTemp:Display: Loaded TP WindowsClientTargetPlatform
[2017.07.13-06.54.04:942][  0]LogTemp:Display: Loaded TP WindowsNoEditorTargetPlatform
[2017.07.13-06.54.04:994][  0]LogTemp:Display: Loaded TP WindowsServerTargetPlatform
[2017.07.13-06.54.05:046][  0]LogTemp:Display: Loaded TP WindowsTargetPlatform
[2017.07.13-06.54.05:105][  0]LogTemp:Display: Loaded TP AndroidTargetPlatform
[2017.07.13-06.54.05:160][  0]LogTemp:Display: Loaded TP Android_ASTCTargetPlatform
[2017.07.13-06.54.05:213][  0]LogTemp:Display: Loaded TP Android_ATCTargetPlatform
[2017.07.13-06.54.05:268][  0]LogTemp:Display: Loaded TP Android_DXTTargetPlatform
[2017.07.13-06.54.05:324][  0]LogTemp:Display: Loaded TP Android_ETC1TargetPlatform
[2017.07.13-06.54.05:379][  0]LogTemp:Display: Loaded TP Android_ETC2TargetPlatform
[2017.07.13-06.54.05:485][  0]LogTemp:Display: Loaded TP Android_MultiTargetPlatform
[2017.07.13-06.54.05:485][  0]LogTemp:Display: Loaded TP Android_PVRTCTargetPlatform
[2017.07.13-06.54.05:531][  0]LogTemp:Display: Loaded TP HTML5TargetPlatform
[2017.07.13-06.54.05:630][  0]LogTemp:Display: Loaded TP IOSTargetPlatform
[2017.07.13-06.54.05:660][  0]LogTemp:Display: Loaded TP TVOSTargetPlatform
[2017.07.13-06.54.05:713][  0]LogTemp:Display: Loaded TP LinuxClientTargetPlatform
[2017.07.13-06.54.05:766][  0]LogTemp:Display: Loaded TP LinuxNoEditorTargetPlatform
[2017.07.13-06.54.05:819][  0]LogTemp:Display: Loaded TP LinuxServerTargetPlatform
[2017.07.13-06.54.05:873][  0]LogTemp:Display: Loaded TP LinuxTargetPlatform
[2017.07.13-06.54.05:873][  0]LogTargetPlatformManager:Display: Building Assets For Windows
[2017.07.13-06.54.06:410][  0]LogDerivedDataCache:Display: Max Cache Size: 512 MB
[2017.07.13-06.54.06:493][  0]LogDerivedDataCache: Loaded boot cache 0.08s 89MB C:/Users/NewXB/AppData/Local/UnrealEngine/4.16/DerivedDataCache/Boot.ddc.
[2017.07.13-06.54.06:493][  0]LogDerivedDataCache:Display: Loaded Boot cache: C:/Users/NewXB/AppData/Local/UnrealEngine/4.16/DerivedDataCache/Boot.ddc
[2017.07.13-06.54.06:493][  0]LogDerivedDataCache: FDerivedDataBackendGraph:  Pak pak cache file ../../../../../../supers-master/supers-master 4.16/supers/DerivedDataCache/DDC.ddp not found, will not use a pak cache.
[2017.07.13-06.54.06:493][  0]LogDerivedDataCache: Unable to find inner node Pak for hierarchical cache Hierarchy.
[2017.07.13-06.54.06:493][  0]LogDerivedDataCache: FDerivedDataBackendGraph:  CompressedPak pak cache file ../../../../../../supers-master/supers-master 4.16/supers/DerivedDataCache/Compressed.ddp not found, will not use a pak cache.
[2017.07.13-06.54.06:493][  0]LogDerivedDataCache: Unable to find inner node CompressedPak for hierarchical cache Hierarchy.
[2017.07.13-06.54.06:508][  0]LogDerivedDataCache:Display: Pak cache opened for reading ../../../Engine/DerivedDataCache/Compressed.ddp.
[2017.07.13-06.54.06:521][  0]LogDerivedDataCache: Using Local data cache path C:/Users/NewXB/AppData/Local/UnrealEngine/Common/DerivedDataCache: Writable
[2017.07.13-06.54.06:530][  0]LogMaterial: Verifying Global Shaders for PCD3D_SM5
[2017.07.13-06.54.06:531][  0]LogSlate: Using Freetype 2.6.0
[2017.07.13-06.54.06:531][  0]LogSlate: SlateFontCache - WITH_FREETYPE: 1, WITH_HARFBUZZ: 1
[2017.07.13-06.54.06:531][  0]LogSlate: SlateFontCache - WITH_FREETYPE: 1, WITH_HARFBUZZ: 1
[2017.07.13-06.54.06:838][  0]LogInit: Selected Device Profile: [Windows]
[2017.07.13-06.54.06:906][  0]LogContentStreaming: Texture pool size is 0.00 MB
[2017.07.13-06.54.07:072][  0]LogMeshUtilities: Using QuadricMeshReduction for automatic static mesh reduction
[2017.07.13-06.54.07:121][  0]LogSimplygon: Simplygon DLL not present - disabling.
[2017.07.13-06.54.07:176][  0]LogMeshUtilities: Using SimplygonSwarm for distributed automatic mesh merging
[2017.07.13-06.54.07:176][  0]LogMeshUtilities: No automatic skeletal mesh reduction module available
[2017.07.13-06.54.07:176][  0]LogMeshUtilities: No automatic mesh merging module available
[2017.07.13-06.54.07:740][  0]LogNetVersion: Supers , NetCL: 3452394, EngineNetVer: 2, GameNetVer: 0 (Checksum: 3304520363)
[2017.07.13-06.54.07:803][  0]LogAssetRegistry: FAssetRegistry took 0.0267 seconds to start up
[2017.07.13-06.54.07:872][  0]LogPackageLocalizationCache: Processed 4 localized package path(s) for 2 prioritized culture(s) in 0.045280 seconds
[2017.07.13-06.54.07:877][  0]LogUObjectArray: 34194 objects as part of root set at end of initial load.
[2017.07.13-06.54.07:877][  0]LogUObjectAllocator: 7260424 out of 0 bytes used by permanent object pool.
[2017.07.13-06.54.07:877][  0]LogUObjectArray: CloseDisregardForGC: 0/0 objects in disregard for GC pool
[2017.07.13-06.54.07:946][  0]LogInit: WinSock: version 1.1 (2.2), MaxSocks=32767, MaxUdp=65467
[2017.07.13-06.54.10:416][  0]LogTcpMessaging: Initializing TcpMessaging bridge
[2017.07.13-06.54.10:460][  0]LogUdpMessaging: Initializing bridge on interface 0.0.0.0:0 to multicast group 230.0.0.1:6666.
[2017.07.13-06.54.11:034][  0]LogMaterial: Uniform references updated for custom material expression Custom.
[2017.07.13-06.54.11:473][  0]SourceControl: Info Source control is disabled
[2017.07.13-06.54.11:526][  0]SourceControl: Info Source control is disabled
[2017.07.13-06.54.11:580][  0]SourceControl: Info Source control is disabled
[2017.07.13-06.54.11:633][  0]SourceControl: Info Source control is disabled
[2017.07.13-06.54.12:389][  0]LogAndroidPermission: UAndroidPermissionCallbackProxy::GetInstance
[2017.07.13-06.54.13:051][  0]LogEngine: Initializing Engine...
[2017.07.13-06.54.13:074][  0]LogHMD: Failed to initialize OpenVR with code 126
[2017.07.13-06.54.13:288][  0]LogStats: UGameplayTagsManager::ConstructGameplayTagTree: Construct from data asset -  0.000 s
[2017.07.13-06.54.13:288][  0]LogStats: UGameplayTagsManager::ConstructGameplayTagTree: GameplayTagTreeChangedEvent.Broadcast -  0.000 s
[2017.07.13-06.54.13:428][  0]LogAIModule: Creating AISystem for world Untitled
[2017.07.13-06.54.13:440][  0]LogInit: XAudio2 using 'Speakers (Realtek High Definition Audio)' : 6 channels at 48 kHz using 32 bits per sample (channel mask 0x3f)
[2017.07.13-06.54.13:617][  0]LogInit: FAudioDevice initialized.
[2017.07.13-06.54.13:661][  0]LogDerivedDataCache: Saved boot cache 0.04s 89MB C:/Users/NewXB/AppData/Local/UnrealEngine/4.16/DerivedDataCache/Boot.ddc.
[2017.07.13-06.54.13:674][  0]LogInit: Texture streaming: Enabled
[2017.07.13-06.54.13:776][  0]LogEngineSessionManager: EngineSessionManager initialized
[2017.07.13-06.54.14:029][  0]LogInit: Transaction tracking system initialized
[2017.07.13-06.54.14:395][  0]BlueprintLog: New page: Editor Load
[2017.07.13-06.54.15:446][  0]LocalizationService: Info Localization service is disabled
[2017.07.13-06.54.16:209][  0]LogConsoleResponse:Display: 
[2017.07.13-06.54.16:358][  0]LogCook:Display: Max memory allowance for cook 16384mb min free memory 0mb
[2017.07.13-06.54.16:358][  0]LogCook:Display: Mobile HDR setting 1
[2017.07.13-06.54.16:747][  0]LogFileCache: Scanning file cache for directory 'C:/supers-master/supers-master 4.16/supers/Content/' took 0.01s
[2017.07.13-06.54.17:511][  0]SourceControl: Info Source control is disabled
[2017.07.13-06.54.17:511][  0]Cmd: MAP LOAD FILE="../../../../../../supers-master/supers-master 4.16/supers/Content/TwinStickBP/Maps/TwinStickExampleMap.umap" TEMPLATE=0 SHOWPROGRESS=1 FEATURELEVEL=3
[2017.07.13-06.54.17:511][  0]LightingResults: New page: Lighting Build
[2017.07.13-06.54.17:556][  0]MapCheck: New page: Map Check
[2017.07.13-06.54.17:556][  0]LightingResults: New page: Lighting Build
[2017.07.13-06.54.17:844][  0]LogBlueprint:Warning: Node '/Game/StarterContent/Blueprints/Blueprint_Effect_Sparks.Blueprint_Effect_Sparks:EdGraph_0.K2Node_FunctionEntry_37' missing NodeGuid because of upgrade from old package version, this can cause deterministic cooking issues please resave package.
[2017.07.13-06.54.17:845][  0]LogBlueprint:Warning: Node '/Game/StarterContent/Blueprints/Blueprint_Effect_Sparks.Blueprint_Effect_Sparks:EdGraph_1.K2Node_FunctionEntry_37' missing NodeGuid because of upgrade from old package version, this can cause deterministic cooking issues please resave package.
[2017.07.13-06.54.18:539][  0]LogBlueprint:Warning: Node '/Game/StarterContent/Blueprints/Blueprint_Effect_Sparks.Blueprint_Effect_Sparks:EdGraph_2.K2Node_FunctionEntry_37' missing NodeGuid because of upgrade from old package version, this can cause deterministic cooking issues please resave package.
[2017.07.13-06.54.19:258][  0]LogBlueprint:Warning: Node '/Game/StarterContent/Audio/Fire_Sparks01_Cue.Fire_Sparks01_Cue:SoundCueGraph_7.SoundCueGraphNode_6' missing NodeGuid because of upgrade from old package version, this can cause deterministic cooking issues please resave package.
[2017.07.13-06.54.19:258][  0]LogBlueprint:Warning: Node '/Game/StarterContent/Audio/Fire_Sparks01_Cue.Fire_Sparks01_Cue:SoundCueGraph_7.SoundCueGraphNode_Root_7' missing NodeGuid because of upgrade from old package version, this can cause deterministic cooking issues please resave package.
[2017.07.13-06.54.19:277][  0]LogBlueprint:Warning: Node '/Game/StarterContent/Blueprints/Blueprint_Effect_Sparks.Blueprint_Effect_Sparks:UserConstructionScript.K2Node_FunctionEntry_37' missing NodeGuid because of upgrade from old package version, this can cause deterministic cooking issues please resave package.
[2017.07.13-06.54.19:524][  0]LogAIModule: Creating AISystem for world TwinStickExampleMap
[2017.07.13-06.54.19:542][  0]LogEditorServer: Finished looking for orphan Actors (0.000 secs)
[2017.07.13-06.54.19:575][  0]Cmd: MAP CHECKDEP NOCLEARLOG
[2017.07.13-06.54.19:677][  0]MapCheck:Warning: Warning player6_1522 player6_C /Game/TwinStickBP/Maps/TwinStickExampleMap.TwinStickExampleMap:PersistentLevel.player6_1522 : Externally referenced 
[2017.07.13-06.54.19:677][  0]MapCheck:Warning: Warning player5_6470 player5_C /Game/TwinStickBP/Maps/TwinStickExampleMap.TwinStickExampleMap:PersistentLevel.player5_6470 : Externally referenced 
[2017.07.13-06.54.19:677][  0]MapCheck:Warning: Warning player4_2142 player4_C /Game/TwinStickBP/Maps/TwinStickExampleMap.TwinStickExampleMap:PersistentLevel.player4_2142 : Externally referenced 
[2017.07.13-06.54.19:677][  0]MapCheck:Warning: Warning player3_1752 player3_C /Game/TwinStickBP/Maps/TwinStickExampleMap.TwinStickExampleMap:PersistentLevel.player3_1752 : Externally referenced 
[2017.07.13-06.54.19:677][  0]MapCheck:Warning: Warning player2_2572 player2_C /Game/TwinStickBP/Maps/TwinStickExampleMap.TwinStickExampleMap:PersistentLevel.player2_2572 : Externally referenced 
[2017.07.13-06.54.19:677][  0]MapCheck:Warning: Warning player1_1352 player1_C /Game/TwinStickBP/Maps/TwinStickExampleMap.TwinStickExampleMap:PersistentLevel.player1_1352 : Externally referenced 
[2017.07.13-06.54.19:677][  0]MapCheck:Warning: Warning TwinStickExampleMap_C_0 TwinStickExampleMap_C /Game/TwinStickBP/Maps/TwinStickExampleMap.TwinStickExampleMap:PersistentLevel.TwinStickExampleMap_C_0 : Externally referenced 
[2017.07.13-06.54.19:678][  0]MapCheck:Warning: Warning ShipMeshComponent StaticMeshComponent /Game/TwinStickBP/Maps/TwinStickExampleMap.TwinStickExampleMap:PersistentLevel.player6_1522.ShipMeshComponent : Externally referenced 
[2017.07.13-06.54.19:678][  0]MapCheck:Warning: Warning EnergyShield StaticMeshComponent /Game/TwinStickBP/Maps/TwinStickExampleMap.TwinStickExampleMap:PersistentLevel.player6_1522.EnergyShield : Externally referenced 
[2017.07.13-06.54.19:678][  0]MapCheck:Warning: Warning Shield StaticMeshComponent /Game/TwinStickBP/Maps/TwinStickExampleMap.TwinStickExampleMap:PersistentLevel.player6_1522.Shield : Externally referenced 
[2017.07.13-06.54.19:678][  0]MapCheck:Warning: Warning ShipMeshComponent StaticMeshComponent /Game/TwinStickBP/Maps/TwinStickExampleMap.TwinStickExampleMap:PersistentLevel.player5_6470.ShipMeshComponent : Externally referenced 
[2017.07.13-06.54.19:678][  0]MapCheck:Warning: Warning EnergyShield StaticMeshComponent /Game/TwinStickBP/Maps/TwinStickExampleMap.TwinStickExampleMap:PersistentLevel.player5_6470.EnergyShield : Externally referenced 
[2017.07.13-06.54.19:678][  0]MapCheck:Warning: Warning Shield StaticMeshComponent /Game/TwinStickBP/Maps/TwinStickExampleMap.TwinStickExampleMap:PersistentLevel.player5_6470.Shield : Externally referenced 
[2017.07.13-06.54.19:678][  0]MapCheck:Warning: Warning ShipMeshComponent StaticMeshComponent /Game/TwinStickBP/Maps/TwinStickExampleMap.TwinStickExampleMap:PersistentLevel.player4_2142.ShipMeshComponent : Externally referenced 
[2017.07.13-06.54.19:678][  0]MapCheck:Warning: Warning EnergyShield StaticMeshComponent /Game/TwinStickBP/Maps/TwinStickExampleMap.TwinStickExampleMap:PersistentLevel.player4_2142.EnergyShield : Externally referenced 
[2017.07.13-06.54.19:678][  0]MapCheck:Warning: Warning Shield StaticMeshComponent /Game/TwinStickBP/Maps/TwinStickExampleMap.TwinStickExampleMap:PersistentLevel.player4_2142.Shield : Externally referenced 
[2017.07.13-06.54.19:678][  0]MapCheck:Warning: Warning ShipMeshComponent StaticMeshComponent /Game/TwinStickBP/Maps/TwinStickExampleMap.TwinStickExampleMap:PersistentLevel.player3_1752.ShipMeshComponent : Externally referenced 
[2017.07.13-06.54.19:678][  0]MapCheck:Warning: Warning EnergyShield StaticMeshComponent /Game/TwinStickBP/Maps/TwinStickExampleMap.TwinStickExampleMap:PersistentLevel.player3_1752.EnergyShield : Externally referenced 
[2017.07.13-06.54.19:678][  0]MapCheck:Warning: Warning Shield StaticMeshComponent /Game/TwinStickBP/Maps/TwinStickExampleMap.TwinStickExampleMap:PersistentLevel.player3_1752.Shield : Externally referenced 
[2017.07.13-06.54.19:678][  0]MapCheck:Warning: Warning ShipMeshComponent StaticMeshComponent /Game/TwinStickBP/Maps/TwinStickExampleMap.TwinStickExampleMap:PersistentLevel.player2_2572.ShipMeshComponent : Externally referenced 
[2017.07.13-06.54.19:678][  0]MapCheck:Warning: Warning EnergyShield StaticMeshComponent /Game/TwinStickBP/Maps/TwinStickExampleMap.TwinStickExampleMap:PersistentLevel.player2_2572.EnergyShield : Externally referenced 
[2017.07.13-06.54.19:678][  0]MapCheck:Warning: Warning Shield StaticMeshComponent /Game/TwinStickBP/Maps/TwinStickExampleMap.TwinStickExampleMap:PersistentLevel.player2_2572.Shield : Externally referenced 
[2017.07.13-06.54.19:678][  0]MapCheck:Warning: Warning ShipMeshComponent StaticMeshComponent /Game/TwinStickBP/Maps/TwinStickExampleMap.TwinStickExampleMap:PersistentLevel.player1_1352.ShipMeshComponent : Externally referenced 
[2017.07.13-06.54.19:678][  0]MapCheck:Warning: Warning EnergyShield StaticMeshComponent /Game/TwinStickBP/Maps/TwinStickExampleMap.TwinStickExampleMap:PersistentLevel.player1_1352.EnergyShield : Externally referenced 
[2017.07.13-06.54.19:678][  0]MapCheck:Warning: Warning Shield StaticMeshComponent /Game/TwinStickBP/Maps/TwinStickExampleMap.TwinStickExampleMap:PersistentLevel.player1_1352.Shield : Externally referenced 
[2017.07.13-06.54.19:678][  0]MapCheck:Warning: Warning StaticMeshComponent0 StaticMeshComponent /Game/TwinStickBP/Maps/TwinStickExampleMap.TwinStickExampleMap:PersistentLevel.Floor_18.StaticMeshComponent0 : Externally referenced 
[2017.07.13-06.54.19:678][  0]MapCheck:Warning: Warning StaticMeshComponent0 StaticMeshComponent /Game/TwinStickBP/Maps/TwinStickExampleMap.TwinStickExampleMap:PersistentLevel.Wall1_17.StaticMeshComponent0 : Externally referenced 
[2017.07.13-06.54.19:678][  0]MapCheck:Warning: Warning StaticMeshComponent0 StaticMeshComponent /Game/TwinStickBP/Maps/TwinStickExampleMap.TwinStickExampleMap:PersistentLevel.Wall5.StaticMeshComponent0 : Externally referenced 
[2017.07.13-06.54.19:678][  0]MapCheck:Warning: Warning StaticMeshComponent0 StaticMeshComponent /Game/TwinStickBP/Maps/TwinStickExampleMap.TwinStickExampleMap:PersistentLevel.Wall6.StaticMeshComponent0 : Externally referenced 
[2017.07.13-06.54.19:678][  0]MapCheck:Warning: Warning StaticMeshComponent0 StaticMeshComponent /Game/TwinStickBP/Maps/TwinStickExampleMap.TwinStickExampleMap:PersistentLevel.Wall7.StaticMeshComponent0 : Externally referenced 
[2017.07.13-06.54.19:678][  0]MapCheck:Warning: Warning K2Node_CallFunction_2339 K2Node_CallFunction /Game/TwinStickBP/Maps/TwinStickExampleMap.TwinStickExampleMap:PersistentLevel.TwinStickExampleMap.EventGraph.K2Node_CallFunction_2339 : Externally referenced 
[2017.07.13-06.54.19:678][  0]MapCheck:Warning: Warning K2Node_CallFunction_134 K2Node_CallFunction /Game/TwinStickBP/Maps/TwinStickExampleMap.TwinStickExampleMap:PersistentLevel.TwinStickExampleMap.EventGraph.K2Node_CallFunction_134 : Externally referenced 
[2017.07.13-06.54.19:678][  0]MapCheck: Info Map check complete: 0 Error(s), 32 Warning(s), took 103.227ms to complete.
[2017.07.13-06.54.19:687][  0]LogFileHelpers: Loading map 'TwinStickExampleMap' took 2.176
[2017.07.13-06.54.19:833][  0]LogCollectionManager: Loaded 0 collections in 0.001443 seconds
[2017.07.13-06.54.19:918][  0]LogFileCache: Scanning file cache for directory 'C:/supers-master/supers-master 4.16/supers/Saved/Collections/' took 0.01s
[2017.07.13-06.54.19:918][  0]LogFileCache: Scanning file cache for directory 'C:/supers-master/supers-master 4.16/supers/Content/Developers/NewXB/Collections/' took 0.01s
[2017.07.13-06.54.19:918][  0]LogFileCache: Scanning file cache for directory 'C:/supers-master/supers-master 4.16/supers/Content/Collections/' took 0.01s
[2017.07.13-06.54.19:918][  0]LogCollectionManager: Rebuilt the GUID cache for 0 collections in 0.000001 seconds
[2017.07.13-06.54.19:927][  0]LogContentBrowser: Native class hierarchy populated in 0.0078 seconds. Added 2329 classes and 491 folders.
[2017.07.13-06.54.19:999][  0]LogContentBrowser: Native class hierarchy updated for 'WidgetCarousel' in 0.0005 seconds. Added 0 classes and 0 folders.
[2017.07.13-06.54.20:042][  0]LogContentBrowser: Native class hierarchy updated for 'AddContentDialog' in 0.0005 seconds. Added 0 classes and 0 folders.
[2017.07.13-06.54.20:089][  0]LogContentBrowser: Native class hierarchy updated for 'SceneOutliner' in 0.0005 seconds. Added 1 classes and 2 folders.
[2017.07.13-06.54.20:131][  0]LogCrashTracker: Crashtracker disabled due to settings.
[2017.07.13-06.54.20:139][  0]LogSlate: Took 0.000199 seconds to synchronously load lazily loaded font '../../../Engine/Content/Slate/Fonts/Roboto-Regular.ttf' (155K)
[2017.07.13-06.54.20:141][  0]LogSlate: Took 0.000245 seconds to synchronously load lazily loaded font '../../../Engine/Content/Slate/Fonts/Roboto-Bold.ttf' (160K)
[2017.07.13-06.54.20:145][  0]LogSlate: Took 0.000222 seconds to synchronously load lazily loaded font '../../../Engine/Content/Editor/Slate/Fonts/FontAwesome.ttf' (139K)
[2017.07.13-06.54.20:232][  0]LogRenderer: Reallocating scene render targets to support 1208x576 NumSamples 1 (Frame:1).
[2017.07.13-06.54.20:271][  0]LogSlate: Took 0.000215 seconds to synchronously load lazily loaded font '../../../Engine/Content/Slate/Fonts/Roboto-Light.ttf' (159K)
[2017.07.13-06.54.20:401][  0]LogUObjectGlobals:Warning: Failed to find object 'Class None.'
[2017.07.13-06.54.20:472][  0]LogContentBrowser: Native class hierarchy updated for 'HierarchicalLODOutliner' in 0.0005 seconds. Added 1 classes and 2 folders.
[2017.07.13-06.54.20:473][  0]LogLoad: (Engine Initialization) Total time: 20.04 seconds
[2017.07.13-06.54.20:473][  0]LogLoad: (Engine Initialization) Total Blueprint compile time: 0.75 seconds
[2017.07.13-06.54.20:473][  0]LogExternalProfiler: Found external profiler: VSPerf
[2017.07.13-06.54.20:473][  0]LogExternalProfiler: Using external profiler: VSPerf
[2017.07.13-06.54.20:494][  0]LogWindowsTextInputMethodSystem:Display: IME system now deactivated.
[2017.07.13-06.54.20:495][  0]LogOcInput: OculusInput pre-init called
[2017.07.13-06.54.20:495][  0]LogHMD: Starting GearVRController plugin
[2017.07.13-06.54.20:546][  0]LogAssetRegistry: Asset discovery search completed in 12.7658 seconds
[2017.07.13-06.54.20:548][  0]LogCollectionManager: Rebuilt the object cache for 0 collections in 0.000000 seconds (found 0 objects)
[2017.07.13-06.54.20:548][  0]LogCollectionManager: Fixed up redirectors for 0 collections in 0.000021 seconds (updated 0 objects)
[2017.07.13-06.54.20:548][  0]LogContentStreaming: Texture pool size now 1000 MB
[2017.07.13-06.54.24:001][199]LogSlate: Took 0.000140 seconds to synchronously load lazily loaded font '../../../Engine/Content/Slate/Fonts/Roboto-Light.ttf' (159K)
[2017.07.13-06.54.24:359][199]LogContentBrowser: Native class hierarchy updated for 'BlueprintGraph' in 0.0008 seconds. Added 112 classes and 0 folders.
[2017.07.13-06.54.24:882][199]LogSlate: Took 0.000131 seconds to synchronously load lazily loaded font '../../../Engine/Content/Slate/Fonts/Roboto-Regular.ttf' (155K)
[2017.07.13-06.54.24:955][199]LogSlate: Took 0.000289 seconds to synchronously load lazily loaded font '../../../Engine/Content/Editor/Slate/Fonts/Roboto-BoldCondensed.ttf' (158K)
[2017.07.13-06.54.25:337][200]LogSlate: Took 0.000249 seconds to synchronously load lazily loaded font '../../../Engine/Content/Editor/Slate/Fonts/Roboto-Italic.ttf' (157K)
[2017.07.13-07.02.08:149][604]LogUObjectBase:Warning: Object is not registered
[2017.07.13-07.02.08:387][604]LogStats: FPlatformStackWalk::StackWalkAndDump -  0.237 s
[2017.07.13-07.02.08:387][604]LogOutputDevice:Error: === Handled ensure: ===
[2017.07.13-07.02.08:387][604]LogOutputDevice:Error: 
[2017.07.13-07.02.08:387][604]LogOutputDevice:Error: Ensure condition failed: false [File:D:\Build\++UE4+Release-4.16+Compile\Sync\Engine\Source\Editor\UnrealEd\Private\Kismet2\KismetDebugUtilities.cpp] [Line: 1037]
[2017.07.13-07.02.08:387][604]LogOutputDevice:Error: Error: Invalid (but non-null) property associated with pin; cannot get variable value
[2017.07.13-07.02.08:387][604]LogOutputDevice:Error: Stack: 
[2017.07.13-07.02.08:387][604]LogOutputDevice:Error: UE4Editor-Core.dll!0x00000000BFD6E256
[2017.07.13-07.02.08:387][604]LogOutputDevice:Error: UE4Editor-Core.dll!0x00000000BFB1B862
[2017.07.13-07.02.08:387][604]LogOutputDevice:Error: UE4Editor-Core.dll!0x00000000BFB31E26
[2017.07.13-07.02.08:387][604]LogOutputDevice:Error: UE4Editor-UnrealEd.dll!0x00000000A7287556
[2017.07.13-07.02.08:387][604]LogOutputDevice:Error: UE4Editor-BlueprintGraph.dll!0x00000000A5C0D27B
[2017.07.13-07.02.08:387][604]LogOutputDevice:Error: UE4Editor-GraphEditor.dll!0x00000000A4F924AA
[2017.07.13-07.02.08:387][604]LogOutputDevice:Error: UE4Editor-GraphEditor.dll!0x00000000A4E372CC
[2017.07.13-07.02.08:387][604]LogOutputDevice:Error: UE4Editor-GraphEditor.dll!0x00000000A4E3A6D9
[2017.07.13-07.02.08:387][604]LogOutputDevice:Error: UE4Editor-GraphEditor.dll!0x00000000A4F58035
[2017.07.13-07.02.08:387][604]LogOutputDevice:Error: UE4Editor-Slate.dll!0x00000000A823DB57
[2017.07.13-07.02.08:387][604]LogOutputDevice:Error: UE4Editor-Slate.dll!0x00000000A8244B61
[2017.07.13-07.02.08:387][604]LogOutputDevice:Error: UE4Editor-Slate.dll!0x00000000A84648D3
[2017.07.13-07.02.08:387][604]LogOutputDevice:Error: UE4Editor-Slate.dll!0x00000000A829F604
[2017.07.13-07.02.08:387][604]LogOutputDevice:Error: UE4Editor-Slate.dll!0x00000000A82777FC
[2017.07.13-07.02.08:387][604]LogOutputDevice:Error: UE4Editor-Slate.dll!0x00000000A826814C
[2017.07.13-07.02.08:387][604]LogOutputDevice:Error: UE4Editor-Core.dll!0x00000000BFD61550
[2017.07.13-07.02.08:387][604]LogOutputDevice:Error: UE4Editor-Core.dll!0x00000000BFD4B771
[2017.07.13-07.02.08:387][604]LogOutputDevice:Error: UE4Editor-Core.dll!0x00000000BFD6337B
[2017.07.13-07.02.08:387][604]LogOutputDevice:Error: UE4Editor-Core.dll!0x00000000BFD47AC2
[2017.07.13-07.02.08:387][604]LogOutputDevice:Error: USER32.dll!0x000000000AF5BC50
[2017.07.13-07.02.08:387][604]LogOutputDevice:Error: USER32.dll!0x000000000AF5B5CF
[2017.07.13-07.02.08:387][604]LogOutputDevice:Error: UE4Editor-Core.dll!0x00000000BFD63C86
[2017.07.13-07.02.08:387][604]LogOutputDevice:Error: UE4Editor.exe!0x00000000B5D3DB44
[2017.07.13-07.02.08:387][604]LogOutputDevice:Error: UE4Editor.exe!0x00000000B5D2F0B0
[2017.07.13-07.02.08:387][604]LogOutputDevice:Error: UE4Editor.exe!0x00000000B5D2F12A
[2017.07.13-07.02.08:387][604]LogOutputDevice:Error: UE4Editor.exe!0x00000000B5D40CF9
[2017.07.13-07.02.08:387][604]LogOutputDevice:Error: UE4Editor.exe!0x00000000B5D425F7
[2017.07.13-07.02.08:387][604]LogOutputDevice:Error: KERNEL32.DLL!0x000000000A942774
[2017.07.13-07.02.08:387][604]LogOutputDevice:Error: ntdll.dll!0x000000000BB00D61
[2017.07.13-07.02.08:387][604]LogOutputDevice:Error: 
[2017.07.13-07.02.08:398][604]LogStats:                SubmitErrorReport -  0.000 s
[2017.07.13-07.02.08:666][604]LogStats:                    SendNewReport -  0.269 s
[2017.07.13-07.02.08:666][604]LogStats:             FDebug::EnsureFailed -  0.517 s
[2017.07.13-07.02.08:667][604]LogUObjectBase:Warning: Object is not registered
[2017.07.13-07.02.09:921][679]LogUObjectBase:Warning: Object is not registered
[2017.07.13-07.02.09:922][679]LogUObjectBase:Warning: Object is not registered
[2017.07.13-07.04.18:295][211]Cmd: TRANSACTION UNDO
[2017.07.13-07.04.18:295][211]LogEditorTransaction: Undo Move Node
[2017.07.13-07.04.18:358][211]LogSlate: Took 0.000202 seconds to synchronously load lazily loaded font '../../../Engine/Content/Slate/Fonts/Roboto-Light.ttf' (159K)
[2017.07.13-07.04.21:267][352]Cmd: TRANSACTION UNDO
[2017.07.13-07.04.21:267][352]LogEditorTransaction: Undo Paste clipboard contents
[2017.07.13-07.04.27:462][683]LogUObjectHash:Warning: Ambiguous search, could be K2Node_VariableSet /Game/TwinStickBP/Blueprints/player1.player1:EventGraph.K2Node_VariableSet_283 or K2Node_VariableSet /Game/TwinStickBP/Blueprints/player1.player1:EventGraph.K2Node_VariableSet_283
[2017.07.13-07.04.27:462][683]LogUObjectHash:Warning: Ambiguous search, could be K2Node_VariableGet /Game/TwinStickBP/Blueprints/player1.player1:EventGraph.K2Node_VariableGet_360 or K2Node_VariableGet /Game/TwinStickBP/Blueprints/player1.player1:EventGraph.K2Node_VariableGet_360
[2017.07.13-07.04.27:462][683]LogUObjectHash:Warning: Ambiguous search, could be K2Node_CallFunction /Game/TwinStickBP/Blueprints/player1.player1:EventGraph.K2Node_CallFunction_735 or K2Node_CallFunction /Game/TwinStickBP/Blueprints/player1.player1:EventGraph.K2Node_CallFunction_735
[2017.07.13-07.04.27:462][683]LogUObjectHash:Warning: Ambiguous search, could be K2Node_VariableGet /Game/TwinStickBP/Blueprints/player1.player1:EventGraph.K2Node_VariableGet_629 or K2Node_VariableGet /Game/TwinStickBP/Blueprints/player1.player1:EventGraph.K2Node_VariableGet_629
[2017.07.13-07.04.27:462][683]LogUObjectHash:Warning: Ambiguous search, could be K2Node_MacroInstance /Game/TwinStickBP/Blueprints/player1.player1:EventGraph.K2Node_MacroInstance_8 or K2Node_MacroInstance /Game/TwinStickBP/Blueprints/player1.player1:EventGraph.K2Node_MacroInstance_8
[2017.07.13-07.04.27:462][683]LogUObjectHash:Warning: Ambiguous search, could be K2Node_VariableSet /Game/TwinStickBP/Blueprints/player1.player1:EventGraph.K2Node_VariableSet_284 or K2Node_VariableSet /Game/TwinStickBP/Blueprints/player1.player1:EventGraph.K2Node_VariableSet_284
[2017.07.13-07.04.27:463][683]LogUObjectHash:Warning: Ambiguous search, could be K2Node_CallFunction /Game/TwinStickBP/Blueprints/player1.player1:EventGraph.K2Node_CallFunction_744 or K2Node_CallFunction /Game/TwinStickBP/Blueprints/player1.player1:EventGraph.K2Node_CallFunction_744
[2017.07.13-07.04.27:463][683]LogUObjectHash:Warning: Ambiguous search, could be K2Node_VariableGet /Game/TwinStickBP/Blueprints/player1.player1:EventGraph.K2Node_VariableGet_361 or K2Node_VariableGet /Game/TwinStickBP/Blueprints/player1.player1:EventGraph.K2Node_VariableGet_361
[2017.07.13-07.04.27:463][683]LogUObjectHash:Warning: Ambiguous search, could be K2Node_VariableSet /Game/TwinStickBP/Blueprints/player1.player1:EventGraph.K2Node_VariableSet_595 or K2Node_VariableSet /Game/TwinStickBP/Blueprints/player1.player1:EventGraph.K2Node_VariableSet_595
[2017.07.13-07.04.27:463][683]LogUObjectHash:Warning: Ambiguous search, could be EdGraphNode_Comment /Game/TwinStickBP/Blueprints/player1.player1:EventGraph.EdGraphNode_Comment_120 or EdGraphNode_Comment /Game/TwinStickBP/Blueprints/player1.player1:EventGraph.EdGraphNode_Comment_120
[2017.07.13-07.04.27:463][683]LogUObjectHash:Warning: Ambiguous search, could be K2Node_DynamicCast /Game/TwinStickBP/Blueprints/player1.player1:EventGraph.K2Node_DynamicCast_74 or K2Node_DynamicCast /Game/TwinStickBP/Blueprints/player1.player1:EventGraph.K2Node_DynamicCast_74
[2017.07.13-07.05.46:252][319]LogSavePackage: Save=324.89ms
[2017.07.13-07.05.46:252][319]LogSavePackage: Moving '../../../../../../supers-master/supers-master 4.16/supers/Saved/TwinStickExampleMap_Auto1EDEFAF1C47A62D68FEF02D99E3AE868D.tmp' to '../../../../../../supers-master/supers-master 4.16/supers/Saved/Autosaves/Game/TwinStickBP/Maps/TwinStickExampleMap_Auto1.umap'
[2017.07.13-07.05.46:255][319]LogSavePackage:Display: Finished SavePackage ../../../../../../supers-master/supers-master 4.16/supers/Saved/Autosaves/Game/TwinStickBP/Maps/TwinStickExampleMap_Auto1.umap
[2017.07.13-07.05.46:260][319]LogFileHelpers: Editor autosave (incl. sublevels) for '/Game/TwinStickBP/Maps/TwinStickExampleMap' took 0.382
[2017.07.13-07.05.46:260][319]LogFileHelpers: Editor autosave (incl. sublevels) for all levels took 0.382
[2017.07.13-07.05.46:265][319]OBJ SavePackage: Generating thumbnails for [1] asset(s) in package [/Game/TwinStickBP/Blueprints/player1] ([1] browsable assets)...
[2017.07.13-07.05.46:283][319]OBJ SavePackage:     Rendered thumbnail for [Blueprint /Game/TwinStickBP/Blueprints/player1.player1]
[2017.07.13-07.05.46:283][319]OBJ SavePackage: Finished generating thumbnails for package [/Game/TwinStickBP/Blueprints/player1]
[2017.07.13-07.05.46:642][319]LogSavePackage: Save=341.59ms
[2017.07.13-07.05.46:642][319]LogSavePackage: Moving '../../../../../../supers-master/supers-master 4.16/supers/Saved/player1_Auto1A8EEF934485C336C6A3CCF91D987F388.tmp' to '../../../../../../supers-master/supers-master 4.16/supers/Saved/Autosaves/Game/TwinStickBP/Blueprints/player1_Auto1.uasset'
[2017.07.13-07.05.46:645][319]LogSavePackage:Display: Finished SavePackage ../../../../../../supers-master/supers-master 4.16/supers/Saved/Autosaves/Game/TwinStickBP/Blueprints/player1_Auto1.uasset
[2017.07.13-07.05.46:645][319]LogFileHelpers: Auto-saving content packages took 0.382
[2017.07.13-07.08.13:880][ 12]BlueprintLog: New page: Compile player1
[2017.07.13-07.08.19:176][257]Cmd: OBJ SAVEPACKAGE PACKAGE="/Game/TwinStickBP/Blueprints/player1" FILE="../../../../../../supers-master/supers-master 4.16/supers/Content/TwinStickBP/Blueprints/player1.uasset" SILENT=true
[2017.07.13-07.08.19:513][257]LogSavePackage: Save=320.76ms
[2017.07.13-07.08.19:513][257]LogSavePackage: Moving '../../../../../../supers-master/supers-master 4.16/supers/Saved/player12B92EDB04057D865D9E852B088E093FE.tmp' to '../../../../../../supers-master/supers-master 4.16/supers/Content/TwinStickBP/Blueprints/player1.uasset'
[2017.07.13-07.08.19:521][257]LogSavePackage:Display: Finished SavePackage ../../../../../../supers-master/supers-master 4.16/supers/Content/TwinStickBP/Blueprints/player1.uasset
[2017.07.13-07.18.12:276][241]Cmd: QUIT_EDITOR
[2017.07.13-07.18.12:299][241]LogWindowsTextInputMethodSystem:Display: IME system now deactivated.
[2017.07.13-07.18.12:313][241]LogExit: Preparing to exit.
[2017.07.13-07.18.13:084][241]LogDirectoryWatcher: A directory notification for 'C:/supers-master/supers-master 4.16/supers/Content/' was aborted.
[2017.07.13-07.18.13:123][241]LogExit: Editor shut down
[2017.07.13-07.18.13:126][241]LogExit: Transaction tracking system shut down
[2017.07.13-07.18.13:211][241]LogObj: Freed 0b from 0 cluster array pools.
[2017.07.13-07.18.13:211][241]LogExit: Object subsystem successfully closed.
[2017.07.13-07.18.13:237][241]LogD3D11RHI: Shutdown
[2017.07.13-07.18.13:237][241]LogD3D11RHI: CleanupD3DDevice
[2017.07.13-07.18.13:239][241]LogD3D11RHI: ~FD3D11DynamicRHI
[2017.07.13-07.18.13:257][241]LogModuleManager: Shutting down and abandoning module BlueprintGraph (528)
[2017.07.13-07.18.13:257][241]LogModuleManager: Shutting down and abandoning module BlueprintProfiler (526)
[2017.07.13-07.18.13:257][241]LogModuleManager: Shutting down and abandoning module HierarchicalLODOutliner (524)
[2017.07.13-07.18.13:257][241]LogModuleManager: Shutting down and abandoning module CrashTracker (522)
[2017.07.13-07.18.13:257][241]LogModuleManager: Shutting down and abandoning module SceneOutliner (520)
[2017.07.13-07.18.13:257][241]LogModuleManager: Shutting down and abandoning module AddContentDialog (518)
[2017.07.13-07.18.13:257][241]LogDirectoryWatcher: A directory notification for 'C:/Program Files/Epic Games/UE_4.16/FeaturePacks/' was aborted.
[2017.07.13-07.18.13:258][241]LogModuleManager: Shutting down and abandoning module WidgetCarousel (517)
[2017.07.13-07.18.13:258][241]LogModuleManager: Shutting down and abandoning module EditorWidgets (514)
[2017.07.13-07.18.13:258][241]LogModuleManager: Shutting down and abandoning module CollectionManager (512)
[2017.07.13-07.18.13:258][241]LogDirectoryWatcher: A directory notification for 'C:/supers-master/supers-master 4.16/supers/Content/Collections/' was aborted.
[2017.07.13-07.18.13:258][241]LogDirectoryWatcher: A directory notification for 'C:/supers-master/supers-master 4.16/supers/Content/Developers/NewXB/Collections/' was aborted.
[2017.07.13-07.18.13:258][241]LogDirectoryWatcher: A directory notification for 'C:/supers-master/supers-master 4.16/supers/Saved/Collections/' was aborted.
[2017.07.13-07.18.13:258][241]LogModuleManager: Shutting down and abandoning module StatsViewer (510)
[2017.07.13-07.18.13:258][241]LogModuleManager: Shutting down and abandoning module FoliageEdit (508)
[2017.07.13-07.18.13:258][241]LogModuleManager: Shutting down and abandoning module LandscapeEditor (506)
[2017.07.13-07.18.13:258][241]LogModuleManager: Shutting down and abandoning module MeshPaintMode (504)
[2017.07.13-07.18.13:258][241]LogModuleManager: Shutting down and abandoning module SceneDepthPickerMode (502)
[2017.07.13-07.18.13:258][241]LogModuleManager: Shutting down and abandoning module ActorPickerMode (500)
[2017.07.13-07.18.13:258][241]LogModuleManager: Shutting down and abandoning module GeometryMode (498)
[2017.07.13-07.18.13:258][241]LogModuleManager: Shutting down and abandoning module TextureAlignMode (496)
[2017.07.13-07.18.13:258][241]LogModuleManager: Shutting down and abandoning module BspMode (494)
[2017.07.13-07.18.13:258][241]LogModuleManager: Shutting down and abandoning module HardwareSurvey (492)
[2017.07.13-07.18.13:258][241]LogModuleManager: Shutting down and abandoning module SequenceRecorderSections (490)
[2017.07.13-07.18.13:258][241]LogModuleManager: Shutting down and abandoning module AutomationWorker (488)
[2017.07.13-07.18.13:258][241]LogModuleManager: Shutting down and abandoning module MatineeToLevelSequence (486)
[2017.07.13-07.18.13:258][241]LogModuleManager: Shutting down and abandoning module LevelSequenceEditor (484)
[2017.07.13-07.18.13:259][241]LogModuleManager: Shutting down and abandoning module PlacementMode (483)
[2017.07.13-07.18.13:259][241]LogModuleManager: Shutting down and abandoning module WmfMediaFactory (480)
[2017.07.13-07.18.13:259][241]LogModuleManager: Shutting down and abandoning module WmfMediaEditor (478)
[2017.07.13-07.18.13:259][241]LogModuleManager: Shutting down and abandoning module AvfMediaFactory (476)
[2017.07.13-07.18.13:259][241]LogModuleManager: Shutting down and abandoning module AvfMediaEditor (474)
[2017.07.13-07.18.13:259][241]LogModuleManager: Shutting down and abandoning module AndroidMediaFactory (472)
[2017.07.13-07.18.13:259][241]LogModuleManager: Shutting down and abandoning module Media (471)
[2017.07.13-07.18.13:259][241]LogModuleManager: Shutting down and abandoning module AndroidMediaEditor (468)
[2017.07.13-07.18.13:259][241]LogModuleManager: Shutting down and abandoning module CharacterAI (466)
[2017.07.13-07.18.13:259][241]LogModuleManager: Shutting down and abandoning module AudioCapture (464)
[2017.07.13-07.18.13:259][241]LogModuleManager: Shutting down and abandoning module SequenceRecorder (463)
[2017.07.13-07.18.13:259][241]LogModuleManager: Shutting down and abandoning module SmartSnapping (460)
[2017.07.13-07.18.13:259][241]LogModuleManager: Shutting down and abandoning module SessionServices (458)
[2017.07.13-07.18.13:259][241]LogModuleManager: Shutting down and abandoning module ViewportSnapping (456)
[2017.07.13-07.18.13:259][241]LogModuleManager: Shutting down and abandoning module ViewportInteraction (454)
[2017.07.13-07.18.13:259][241]LogModuleManager: Shutting down and abandoning module ClothPainter (452)
[2017.07.13-07.18.13:259][241]LogModuleManager: Shutting down and abandoning module LogVisualizer (450)
[2017.07.13-07.18.13:259][241]LogModuleManager: Shutting down and abandoning module IntroTutorials (448)
[2017.07.13-07.18.13:259][241]LogModuleManager: Shutting down and abandoning module GameProjectGeneration (447)
[2017.07.13-07.18.13:259][241]LogModuleManager: Shutting down and abandoning module EditorLiveStreaming (444)
[2017.07.13-07.18.13:259][241]LogModuleManager: Shutting down and abandoning module IOSPlatformEditor (442)
[2017.07.13-07.18.13:259][241]LogModuleManager: Shutting down and abandoning module HTML5PlatformEditor (440)
[2017.07.13-07.18.13:259][241]LogModuleManager: Shutting down and abandoning module AndroidPlatformEditor (438)
[2017.07.13-07.18.13:259][241]LogModuleManager: Shutting down and abandoning module AndroidDeviceDetection (437)
[2017.07.13-07.18.13:335][241]LogModuleManager: Shutting down and abandoning module IOSRuntimeSettings (434)
[2017.07.13-07.18.13:335][241]LogModuleManager: Shutting down and abandoning module AndroidRuntimeSettings (432)
[2017.07.13-07.18.13:335][241]LogModuleManager: Shutting down and abandoning module InputBindingEditor (430)
[2017.07.13-07.18.13:335][241]LogModuleManager: Shutting down and abandoning module MergeActors (428)
[2017.07.13-07.18.13:335][241]LogModuleManager: Shutting down and abandoning module SizeMap (426)
[2017.07.13-07.18.13:335][241]LogModuleManager: Shutting down and abandoning module TreeMap (424)
[2017.07.13-07.18.13:335][241]LogModuleManager: Shutting down and abandoning module ReferenceViewer (422)
[2017.07.13-07.18.13:335][241]LogModuleManager: Shutting down and abandoning module LocalizationDashboard (420)
[2017.07.13-07.18.13:335][241]LogModuleManager: Shutting down and abandoning module LocalizationService (419)
[2017.07.13-07.18.13:335][241]LogModuleManager: Shutting down and abandoning module HardwareTargeting (416)
[2017.07.13-07.18.13:335][241]LogModuleManager: Shutting down and abandoning module DeviceProfileEditor (414)
[2017.07.13-07.18.13:335][241]LogModuleManager: Shutting down and abandoning module UndoHistory (412)
[2017.07.13-07.18.13:335][241]LogModuleManager: Shutting down and abandoning module UserFeedback (410)
[2017.07.13-07.18.13:335][241]LogModuleManager: Shutting down and abandoning module XmlParser (408)
[2017.07.13-07.18.13:335][241]LogModuleManager: Shutting down and abandoning module Blutility (406)
[2017.07.13-07.18.13:335][241]LogModuleManager: Shutting down and abandoning module ProjectSettingsViewer (404)
[2017.07.13-07.18.13:335][241]LogModuleManager: Shutting down and abandoning module ProjectTargetPlatformEditor (403)
[2017.07.13-07.18.13:335][241]LogModuleManager: Shutting down and abandoning module EditorSettingsViewer (400)
[2017.07.13-07.18.13:336][241]LogModuleManager: Shutting down and abandoning module SettingsEditor (398)
[2017.07.13-07.18.13:336][241]LogModuleManager: Shutting down and abandoning module ProjectLauncher (396)
[2017.07.13-07.18.13:336][241]LogModuleManager: Shutting down and abandoning module SessionFrontend (394)
[2017.07.13-07.18.13:336][241]LogModuleManager: Shutting down and abandoning module ProfilerClient (392)
[2017.07.13-07.18.13:336][241]LogModuleManager: Shutting down and abandoning module DeviceManager (390)
[2017.07.13-07.18.13:336][241]LogModuleManager: Shutting down and abandoning module TargetDeviceServices (389)
[2017.07.13-07.18.13:391][241]LogModuleManager: Shutting down and abandoning module AutomationController (386)
[2017.07.13-07.18.13:391][241]LogModuleManager: Shutting down and abandoning module AutomationWindow (384)
[2017.07.13-07.18.13:391][241]LogModuleManager: Shutting down and abandoning module Layers (382)
[2017.07.13-07.18.13:391][241]LogModuleManager: Shutting down and abandoning module ComponentVisualizers (380)
[2017.07.13-07.18.13:391][241]LogModuleManager: Shutting down and abandoning module DetailCustomizations (378)
[2017.07.13-07.18.13:391][241]LogModuleManager: Shutting down and abandoning module PackagesDialog (376)
[2017.07.13-07.18.13:391][241]LogModuleManager: Shutting down and abandoning module Persona (374)
[2017.07.13-07.18.13:391][241]LogModuleManager: Shutting down and abandoning module AdvancedPreviewScene (373)
[2017.07.13-07.18.13:391][241]LogModuleManager: Shutting down and abandoning module AnimGraph (371)
[2017.07.13-07.18.13:391][241]LogModuleManager: Shutting down and abandoning module Kismet (368)
[2017.07.13-07.18.13:400][241]LogModuleManager: Shutting down and abandoning module ClassViewer (366)
[2017.07.13-07.18.13:400][241]LogModuleManager: Shutting down and abandoning module Toolbox (364)
[2017.07.13-07.18.13:400][241]LogModuleManager: Shutting down and abandoning module ModuleUI (362)
[2017.07.13-07.18.13:400][241]LogModuleManager: Shutting down and abandoning module MovieSceneTools (360)
[2017.07.13-07.18.13:400][241]LogModuleManager: Shutting down and abandoning module OutputLog (358)
[2017.07.13-07.18.13:400][241]LogModuleManager: Shutting down and abandoning module GammaUI (356)
[2017.07.13-07.18.13:400][241]LogModuleManager: Shutting down and abandoning module Documentation (354)
[2017.07.13-07.18.13:400][241]LogModuleManager: Shutting down and abandoning module MovieSceneTracks (352)
[2017.07.13-07.18.13:400][241]LogModuleManager: Shutting down and abandoning module MovieScene (350)
[2017.07.13-07.18.13:400][241]LogModuleManager: Shutting down and abandoning module Niagara (348)
[2017.07.13-07.18.13:400][241]LogModuleManager: Shutting down and abandoning module NiagaraEditor (347)
[2017.07.13-07.18.13:400][241]LogModuleManager: Shutting down and abandoning module StreamingPauseRendering (344)
[2017.07.13-07.18.13:400][241]LogModuleManager: Shutting down and abandoning module AnalyticsET (342)
[2017.07.13-07.18.13:400][241]LogModuleManager: Shutting down and abandoning module PortalServices (340)
[2017.07.13-07.18.13:400][241]LogModuleManager: Shutting down and abandoning module PortalRpc (338)
[2017.07.13-07.18.13:400][241]LogModuleManager: Shutting down and abandoning module MessagingRpc (336)
[2017.07.13-07.18.13:400][241]LogModuleManager: Shutting down and abandoning module AIModule (334)
[2017.07.13-07.18.13:400][241]LogModuleManager: Shutting down and abandoning module GameplayDebugger (333)
[2017.07.13-07.18.13:400][241]LogModuleManager: Shutting down and abandoning module AITestSuite (331)
[2017.07.13-07.18.13:400][241]LogModuleManager: Shutting down and abandoning module ProfilerService (328)
[2017.07.13-07.18.13:596][241]LogModuleManager: Shutting down and abandoning module TaskGraph (326)
[2017.07.13-07.18.13:596][241]LogModuleManager: Shutting down and abandoning module SteamVRController (324)
[2017.07.13-07.18.13:596][241]LogModuleManager: Shutting down and abandoning module SteamVR (322)
[2017.07.13-07.18.13:596][241]LogModuleManager: Shutting down and abandoning module ProceduralMeshComponentEditor (320)
[2017.07.13-07.18.13:596][241]LogModuleManager: Shutting down and abandoning module ProceduralMeshComponent (318)
[2017.07.13-07.18.13:596][241]LogModuleManager: Shutting down and abandoning module OculusLibrary (316)
[2017.07.13-07.18.13:596][241]LogModuleManager: Shutting down and abandoning module OculusInput (314)
[2017.07.13-07.18.13:596][241]LogModuleManager: Shutting down and abandoning module MobilePatchingUtils (312)
[2017.07.13-07.18.13:596][241]LogModuleManager: Shutting down and abandoning module CustomMeshComponent (310)
[2017.07.13-07.18.13:596][241]LogModuleManager: Shutting down and abandoning module CableComponent (308)
[2017.07.13-07.18.13:596][241]LogModuleManager: Shutting down and abandoning module ArchVisCharacter (306)
[2017.07.13-07.18.13:596][241]LogModuleManager: Shutting down and abandoning module AndroidPermission (304)
[2017.07.13-07.18.13:596][241]LogModuleManager: Shutting down and abandoning module MediaPlayerEditor (300)
[2017.07.13-07.18.13:596][241]LogModuleManager: Shutting down and abandoning module HTML5Networking (298)
[2017.07.13-07.18.13:596][241]LogModuleManager: Shutting down and abandoning module AlembicImporter (296)
[2017.07.13-07.18.13:596][241]LogModuleManager: Shutting down and abandoning module AlembicLibrary (295)
[2017.07.13-07.18.13:597][241]LogModuleManager: Shutting down and abandoning module GeometryCache (294)
[2017.07.13-07.18.13:597][241]LogModuleManager: Shutting down and abandoning module GeometryCacheEd (293)
[2017.07.13-07.18.13:597][241]LogModuleManager: Shutting down and abandoning module SuperSearchEditor (288)
[2017.07.13-07.18.13:597][241]LogModuleManager: Shutting down and abandoning module SuperSearch (287)
[2017.07.13-07.18.13:597][241]LogModuleManager: Shutting down and abandoning module SpeedTreeImporter (284)
[2017.07.13-07.18.13:597][241]LogModuleManager: Shutting down and abandoning module PluginBrowser (282)
[2017.07.13-07.18.13:597][241]LogModuleManager: Shutting down and abandoning module MobileLauncherProfileWizard (280)
[2017.07.13-07.18.13:597][241]LogModuleManager: Shutting down and abandoning module VisualStudioSourceCodeAccess (278)
[2017.07.13-07.18.13:597][241]LogModuleManager: Shutting down and abandoning module DesktopPlatform (277)
[2017.07.13-07.18.13:597][241]LogModuleManager: Shutting down and abandoning module UObjectPlugin (274)
[2017.07.13-07.18.13:597][241]LogModuleManager: Shutting down and abandoning module SubversionSourceControl (272)
[2017.07.13-07.18.13:597][241]LogModuleManager: Shutting down and abandoning module PerforceSourceControl (270)
[2017.07.13-07.18.13:597][241]LogModuleManager: Shutting down and abandoning module GitSourceControl (268)
[2017.07.13-07.18.13:597][241]LogModuleManager: Shutting down and abandoning module SourceControl (267)
[2017.07.13-07.18.13:597][241]LogModuleManager: Shutting down and abandoning module LightPropagationVolumeEditor (264)
[2017.07.13-07.18.13:597][241]LogModuleManager: Shutting down and abandoning module PaperTiledImporter (262)
[2017.07.13-07.18.13:597][241]LogModuleManager: Shutting down and abandoning module PaperSpriteSheetImporter (260)
[2017.07.13-07.18.13:597][241]LogModuleManager: Shutting down and abandoning module Paper2DEditor (258)
[2017.07.13-07.18.13:597][241]LogModuleManager: Shutting down and abandoning module MeshPaint (257)
[2017.07.13-07.18.13:597][241]LogModuleManager: Shutting down and abandoning module LevelEditor (255)
[2017.07.13-07.18.13:597][241]LogModuleManager: Shutting down and abandoning module PixelInspectorModule (254)
[2017.07.13-07.18.13:597][241]LogModuleManager: Shutting down and abandoning module MainFrame (252)
[2017.07.13-07.18.13:597][241]LogModuleManager: Shutting down and abandoning module HotReload (251)
[2017.07.13-07.18.13:598][241]LogModuleManager: Shutting down and abandoning module PhysXVehiclesEditor (246)
[2017.07.13-07.18.13:598][241]LogModuleManager: Shutting down and abandoning module PhysXVehicles (244)
[2017.07.13-07.18.13:598][241]LogModuleManager: Shutting down and abandoning module LocationServicesBPLibrary (242)
[2017.07.13-07.18.13:598][241]LogModuleManager: Shutting down and abandoning module ImmediatePhysicsEditor (240)
[2017.07.13-07.18.13:598][241]LogModuleManager: Shutting down and abandoning module ImmediatePhysics (238)
[2017.07.13-07.18.13:598][241]LogModuleManager: Shutting down and abandoning module UdpMessaging (236)
[2017.07.13-07.18.13:699][241]LogModuleManager: Shutting down and abandoning module TcpMessaging (234)
[2017.07.13-07.18.13:800][241]LogModuleManager: Shutting down and abandoning module GameplayTagsEditor (232)
[2017.07.13-07.18.13:800][241]LogModuleManager: Shutting down and abandoning module FacialAnimationEditor (230)
[2017.07.13-07.18.13:800][241]LogModuleManager: Shutting down and abandoning module FacialAnimation (228)
[2017.07.13-07.18.13:800][241]LogModuleManager: Shutting down and abandoning module AssetManagerEditor (226)
[2017.07.13-07.18.13:800][241]LogModuleManager: Shutting down and abandoning module GraphEditor (225)
[2017.07.13-07.18.13:800][241]LogModuleManager: Shutting down and abandoning module ContentBrowser (223)
[2017.07.13-07.18.13:800][241]LogModuleManager: Shutting down and abandoning module LightPropagationVolumeRuntime (220)
[2017.07.13-07.18.13:800][241]LogModuleManager: Shutting down and abandoning module Paper2D (218)
[2017.07.13-07.18.13:801][241]LogModuleManager: Shutting down and abandoning module WindowsMoviePlayer (216)
[2017.07.13-07.18.13:801][241]LogModuleManager: Shutting down and abandoning module WmfMedia (214)
[2017.07.13-07.18.13:801][241]LogModuleManager: Shutting down and abandoning module ClothingSystemEditor (212)
[2017.07.13-07.18.13:801][241]LogModuleManager: Shutting down and abandoning module ClothingSystemRuntime (210)
[2017.07.13-07.18.13:801][241]LogModuleManager: Shutting down and abandoning module MediaAssets (208)
[2017.07.13-07.18.13:801][241]LogModuleManager: Shutting down and abandoning module GameLiveStreaming (206)
[2017.07.13-07.18.13:801][241]LogModuleManager: Shutting down and abandoning module VREditor (204)
[2017.07.13-07.18.13:801][241]LogModuleManager: Shutting down and abandoning module StringTableEditor (202)
[2017.07.13-07.18.13:801][241]LogModuleManager: Shutting down and abandoning module GameplayTasksEditor (200)
[2017.07.13-07.18.13:801][241]LogModuleManager: Shutting down and abandoning module BehaviorTreeEditor (198)
[2017.07.13-07.18.13:801][241]LogModuleManager: Shutting down and abandoning module FunctionalTesting (196)
[2017.07.13-07.18.13:801][241]LogModuleManager: Shutting down and abandoning module CollisionAnalyzer (194)
[2017.07.13-07.18.13:801][241]LogModuleManager: Shutting down and abandoning module UMG (192)
[2017.07.13-07.18.13:801][241]LogModuleManager: Shutting down and abandoning module UMGEditor (191)
[2017.07.13-07.18.13:801][241]LogModuleManager: Shutting down and abandoning module Sequencer (190)
[2017.07.13-07.18.13:801][241]LogModuleManager: Shutting down and abandoning module AssetTools (188)
[2017.07.13-07.18.13:801][241]LogModuleManager: Shutting down and abandoning module MessageLog (187)
[2017.07.13-07.18.13:801][241]LogModuleManager: Shutting down and abandoning module WorkspaceMenuStructure (186)
[2017.07.13-07.18.13:801][241]LogModuleManager: Shutting down and abandoning module SlateReflector (180)
[2017.07.13-07.18.13:801][241]LogModuleManager: Shutting down and abandoning module Slate (178)
[2017.07.13-07.18.13:801][241]LogModuleManager: Shutting down and abandoning module EditorStyle (176)
[2017.07.13-07.18.13:803][241]LogModuleManager: Shutting down and abandoning module SourceCodeAccess (174)
[2017.07.13-07.18.13:803][241]LogModuleManager: Shutting down and abandoning module HeadMountedDisplay (172)
[2017.07.13-07.18.13:803][241]LogModuleManager: Shutting down and abandoning module XAudio2 (170)
[2017.07.13-07.18.13:803][241]LogModuleManager: Shutting down and abandoning module Networking (168)
[2017.07.13-07.18.13:803][241]LogModuleManager: Shutting down and abandoning module Core (164)
[2017.07.13-07.18.13:803][241]LogModuleManager: Shutting down and abandoning module AssetRegistry (162)
[2017.07.13-07.18.13:992][241]LogDirectoryWatcher: A directory notification for '../../../Engine/Content/' was aborted.
[2017.07.13-07.18.13:992][241]LogDirectoryWatcher: A directory notification for '../../../../../../supers-master/supers-master 4.16/supers/Content/' was aborted.
[2017.07.13-07.18.13:992][241]LogDirectoryWatcher: A directory notification for '../../../Engine/Plugins/2D/Paper2D/Content/' was aborted.
[2017.07.13-07.18.13:992][241]LogDirectoryWatcher: A directory notification for '../../../Engine/Plugins/Runtime/GearVR/Content/' was aborted.
[2017.07.13-07.18.13:994][241]LogModuleManager: Shutting down and abandoning module DirectoryWatcher (161)
[2017.07.13-07.18.13:995][241]LogModuleManager: Shutting down and abandoning module KismetCompiler (158)
[2017.07.13-07.18.13:995][241]LogModuleManager: Shutting down and abandoning module LevelSequence (156)
[2017.07.13-07.18.13:995][241]LogModuleManager: Shutting down and abandoning module PhysXFormats (154)
[2017.07.13-07.18.13:995][241]LogModuleManager: Shutting down and abandoning module MeshUtilities (152)
[2017.07.13-07.18.13:995][241]LogModuleManager: Shutting down and abandoning module SimplygonSwarm (151)
[2017.07.13-07.18.13:995][241]LogModuleManager: Shutting down and abandoning module SimplygonMeshReduction (149)
[2017.07.13-07.18.13:995][241]LogModuleManager: Shutting down and abandoning module QuadricMeshReduction (147)
[2017.07.13-07.18.13:995][241]LogModuleManager: Shutting down and abandoning module DerivedDataCache (144)
[2017.07.13-07.18.14:085][241]LogDerivedDataCache: Shutdown
[2017.07.13-07.18.14:085][241]LogModuleManager: Shutting down and abandoning module TargetPlatform (142)
[2017.07.13-07.18.14:085][241]LogModuleManager: Shutting down and abandoning module VulkanShaderFormat (141)
[2017.07.13-07.18.14:085][241]LogModuleManager: Shutting down and abandoning module ShaderFormatVectorVM (139)
[2017.07.13-07.18.14:085][241]LogModuleManager: Shutting down and abandoning module ShaderFormatOpenGL (137)
[2017.07.13-07.18.14:085][241]LogModuleManager: Shutting down and abandoning module ShaderFormatD3D (135)
[2017.07.13-07.18.14:085][241]LogModuleManager: Shutting down and abandoning module MetalShaderFormat (133)
[2017.07.13-07.18.14:085][241]LogModuleManager: Shutting down and abandoning module TextureFormatUncompressed (131)
[2017.07.13-07.18.14:085][241]LogModuleManager: Shutting down and abandoning module TextureFormatPVR (129)
[2017.07.13-07.18.14:085][241]LogModuleManager: Shutting down and abandoning module TextureFormatDXT (127)
[2017.07.13-07.18.14:085][241]LogModuleManager: Shutting down and abandoning module TextureFormatIntelISPCTexComp (125)
[2017.07.13-07.18.14:085][241]LogModuleManager: Shutting down and abandoning module TextureFormatASTC (123)
[2017.07.13-07.18.14:085][241]LogModuleManager: Shutting down and abandoning module ImageWrapper (122)
[2017.07.13-07.18.14:085][241]LogModuleManager: Shutting down and abandoning module TextureFormatAndroid (119)
[2017.07.13-07.18.14:085][241]LogModuleManager: Shutting down and abandoning module AudioFormatOpus (117)
[2017.07.13-07.18.14:085][241]LogModuleManager: Shutting down and abandoning module AudioFormatOgg (115)
[2017.07.13-07.18.14:085][241]LogModuleManager: Shutting down and abandoning module AudioFormatADPCM (113)
[2017.07.13-07.18.14:085][241]LogModuleManager: Shutting down and abandoning module LinuxTargetPlatform (111)
[2017.07.13-07.18.14:085][241]LogModuleManager: Shutting down and abandoning module LinuxServerTargetPlatform (109)
[2017.07.13-07.18.14:085][241]LogModuleManager: Shutting down and abandoning module LinuxNoEditorTargetPlatform (107)
[2017.07.13-07.18.14:085][241]LogModuleManager: Shutting down and abandoning module LinuxClientTargetPlatform (105)
[2017.07.13-07.18.14:085][241]LogModuleManager: Shutting down and abandoning module TVOSTargetPlatform (103)
[2017.07.13-07.18.14:085][241]LogModuleManager: Shutting down and abandoning module Messaging (101)
[2017.07.13-07.18.14:085][241]LogModuleManager: Shutting down and abandoning module IOSTargetPlatform (99)
[2017.07.13-07.18.14:085][241]LogModuleManager: Shutting down and abandoning module HTML5TargetPlatform (97)
[2017.07.13-07.18.14:085][241]LogModuleManager: Shutting down and abandoning module Android_PVRTCTargetPlatform (95)
[2017.07.13-07.18.14:085][241]LogModuleManager: Shutting down and abandoning module Android_MultiTargetPlatform (93)
[2017.07.13-07.18.14:085][241]LogModuleManager: Shutting down and abandoning module Android_ETC2TargetPlatform (91)
[2017.07.13-07.18.14:085][241]LogModuleManager: Shutting down and abandoning module Android_ETC1TargetPlatform (89)
[2017.07.13-07.18.14:085][241]LogModuleManager: Shutting down and abandoning module Android_DXTTargetPlatform (87)
[2017.07.13-07.18.14:085][241]LogModuleManager: Shutting down and abandoning module Android_ATCTargetPlatform (85)
[2017.07.13-07.18.14:085][241]LogModuleManager: Shutting down and abandoning module Android_ASTCTargetPlatform (83)
[2017.07.13-07.18.14:085][241]LogModuleManager: Shutting down and abandoning module AndroidTargetPlatform (81)
[2017.07.13-07.18.14:085][241]LogModuleManager: Shutting down and abandoning module WindowsTargetPlatform (79)
[2017.07.13-07.18.14:085][241]LogModuleManager: Shutting down and abandoning module WindowsServerTargetPlatform (77)
[2017.07.13-07.18.14:085][241]LogModuleManager: Shutting down and abandoning module WindowsNoEditorTargetPlatform (75)
[2017.07.13-07.18.14:085][241]LogModuleManager: Shutting down and abandoning module WindowsClientTargetPlatform (73)
[2017.07.13-07.18.14:085][241]LogModuleManager: Shutting down and abandoning module MacTargetPlatform (71)
[2017.07.13-07.18.14:085][241]LogModuleManager: Shutting down and abandoning module MacServerTargetPlatform (69)
[2017.07.13-07.18.14:085][241]LogModuleManager: Shutting down and abandoning module MacNoEditorTargetPlatform (67)
[2017.07.13-07.18.14:086][241]LogModuleManager: Shutting down and abandoning module MacClientTargetPlatform (65)
[2017.07.13-07.18.14:086][241]LogModuleManager: Shutting down and abandoning module AllDesktopTargetPlatform (63)
[2017.07.13-07.18.14:086][241]LogModuleManager: Shutting down and abandoning module InputCore (60)
[2017.07.13-07.18.14:086][241]LogModuleManager: Shutting down and abandoning module Settings (58)
[2017.07.13-07.18.14:086][241]LogModuleManager: Shutting down and abandoning module OculusRift (56)
[2017.07.13-07.18.14:086][241]LogModuleManager: Shutting down and abandoning module GearVRController (54)
[2017.07.13-07.18.14:086][241]LogModuleManager: Shutting down and abandoning module GearVR (52)
[2017.07.13-07.18.14:086][241]LogModuleManager: Shutting down and abandoning module ExampleDeviceProfileSelector (50)
[2017.07.13-07.18.14:086][241]LogModuleManager: Shutting down and abandoning module OnlineBlueprintSupport (48)
[2017.07.13-07.18.14:086][241]LogModuleManager: Shutting down and abandoning module OnlineSubsystem (44)
[2017.07.13-07.18.14:086][241]LogOnline:Display: Unloading online subsystem: NULL
[2017.07.13-07.18.14:086][241]LogModuleManager: Shutting down and abandoning module XMPP (43)
[2017.07.13-07.18.14:086][241]LogModuleManager: Shutting down and abandoning module HTTP (41)
[2017.07.13-07.18.14:086][241]LogHttp:Display: Http module shutting down, but needs to wait on 1 outstanding Http requests:
[2017.07.13-07.18.14:086][241]LogHttp:Display: 	verb=[POST] url=[https://datarouter.ol.epicgames.com/datarouter/api/v1/public/data?SessionID=%7B031B930C-4D36-959C-8496-3EBD1458F502%7D&AppID=UEEditor.Rocket.Release&AppVersion=4.16.2-3514769%2B%2B%2BUE4%2BRelease-4.16&UserID=ccbd696a430c42306ac6d1845b8e8cc2%7Cbccad1b3b1304992b6c7a115ad0c5f38%7C64686fe7-a4cd-47f8-aa0b-7720796a3ca2&AppEnvironment=datacollector-binary&UploadType=eteventstream] status=Processing
[2017.07.13-07.18.14:103][241]LogModuleManager: Shutting down and abandoning module SSL (40)
[2017.07.13-07.18.14:103][241]LogModuleManager: Shutting down and abandoning module HTTPChunkInstaller (36)
[2017.07.13-07.18.14:103][241]LogModuleManager: Shutting down and abandoning module AnimationModifiers (34)
[2017.07.13-07.18.14:103][241]LogModuleManager: Shutting down and abandoning module PropertyEditor (33)
[2017.07.13-07.18.14:103][241]LogModuleManager: Shutting down and abandoning module AudioEditor (30)
[2017.07.13-07.18.14:103][241]LogModuleManager: Shutting down and abandoning module TextureCompressor (28)
[2017.07.13-07.18.14:103][241]LogModuleManager: Shutting down and abandoning module ShaderCore (26)
[2017.07.13-07.18.14:103][241]LogModuleManager: Shutting down and abandoning module Landscape (24)
[2017.07.13-07.18.14:103][241]LogModuleManager: Shutting down and abandoning module SlateRHIRenderer (22)
[2017.07.13-07.18.14:104][241]LogModuleManager: Shutting down and abandoning module OpenGLDrv (20)
[2017.07.13-07.18.14:104][241]LogModuleManager: Shutting down and abandoning module D3D11RHI (18)
[2017.07.13-07.18.14:104][241]LogModuleManager: Shutting down and abandoning module AnimGraphRuntime (16)
[2017.07.13-07.18.14:104][241]LogModuleManager: Shutting down and abandoning module Renderer (14)
[2017.07.13-07.18.14:104][241]LogModuleManager: Shutting down and abandoning module Engine (12)
[2017.07.13-07.18.14:104][241]LogModuleManager: Shutting down and abandoning module CoreUObject (10)
[2017.07.13-07.18.14:104][241]LogModuleManager: Shutting down and abandoning module NetworkFile (8)
[2017.07.13-07.18.14:104][241]LogModuleManager: Shutting down and abandoning module StreamingFile (6)
[2017.07.13-07.18.14:104][241]LogModuleManager: Shutting down and abandoning module SandboxFile (4)
[2017.07.13-07.18.14:104][241]LogModuleManager: Shutting down and abandoning module PakFile (2)
[2017.07.13-07.18.14:106][241]LogExit: Exiting.
[2017.07.13-07.18.14:123][241]Log file closed, 07/13/17 00:18:14
