Log file open, 07/11/17 22:32:43
LogInit:Display: Running engine for game: Supers
LogPlatformFile: Not using cached read wrapper
LogInit:Display: RandInit(1339703601) SRandInit(1339703601).
LogTaskGraph: Started task graph with 5 named threads and 8 total threads with 1 sets of task threads.
LogStats: Stats thread started at 0.086773
LogInit: Using libcurl 7.47.1
LogInit:  - built for x86_64-pc-win32
LogInit:  - supports SSL with OpenSSL/1.0.2g
LogInit:  - supports HTTP deflate (compression) using libz 1.2.8
LogInit:  - other features:
LogInit:      CURL_VERSION_SSL
LogInit:      CURL_VERSION_LIBZ
LogInit:      CURL_VERSION_IPV6
LogInit:      CURL_VERSION_ASYNCHDNS
LogInit:      CURL_VERSION_LARGEFILE
LogInit:      CURL_VERSION_IDN
LogInit:  CurlRequestOptions (configurable via config and command line):
LogInit:  - bVerifyPeer = false  - Libcurl will NOT verify peer certificate
LogInit:  - bUseHttpProxy = false  - Libcurl will NOT use HTTP proxy
LogInit:  - bDontReuseConnections = false  - Libcurl will reuse connections
LogInit:  - CertBundlePath = nullptr  - Libcurl will use whatever was configured at build time.
LogInit: Build: ++UE4+Release-4.16-CL-3514769
LogInit: Engine Version: 4.16.2-3514769+++UE4+Release-4.16
LogInit: Compatible Engine Version: 4.16.0-3452394+++UE4+Release-4.16
LogInit: Net CL: 3452394
LogDevObjectVersion: Number of dev versions registered: 16
LogDevObjectVersion:   Dev-Blueprints (B0D832E4-1F89-4F0D-ACCF-7EB736FD4AA2): 9
LogDevObjectVersion:   Dev-Build (E1C64328-A22C-4D53-A36C-8E866417BD8C): 0
LogDevObjectVersion:   Dev-Core (375EC13C-06E4-48FB-B500-84F0262A717E): 2
LogDevObjectVersion:   Dev-Editor (E4B068ED-F494-42E9-A231-DA0B2E46BB41): 17
LogDevObjectVersion:   Dev-Framework (CFFC743F-43B0-4480-9391-14DF171D2073): 23
LogDevObjectVersion:   Dev-Mobile (B02B49B5-BB20-44E9-A304-32B752E40360): 0
LogDevObjectVersion:   Dev-Networking (A4E4105C-59A1-49B5-A7C5-40C4547EDFEE): 0
LogDevObjectVersion:   Dev-Online (39C831C9-5AE6-47DC-9A44-9C173E1C8E7C): 0
LogDevObjectVersion:   Dev-Physics (78F01B33-EBEA-4F98-B9B4-84EACCB95AA2): 0
LogDevObjectVersion:   Dev-Platform (6631380F-2D4D-43E0-8009-CF276956A95A): 0
LogDevObjectVersion:   Dev-Rendering (12F88B9F-8875-4AFC-A67C-D90C383ABD29): 15
LogDevObjectVersion:   Dev-Sequencer (7B5AE74C-D270-4C10-A958-57980B212A5A): 4
LogDevObjectVersion:   Dev-VR (D7296918-1DD6-4BDD-9DE2-64A83CC13884): 0
LogDevObjectVersion:   Dev-LoadTimes (C2A15278-BFE7-4AFE-6C17-90FF531DF755): 1
LogDevObjectVersion:   Private-Geometry (6EACA3D4-40EC-4CC1-B786-8BED09428FC5): 1
LogDevObjectVersion:   Dev-AnimPhys (29E575DD-E0A3-4627-9D10-D276232CDCEA): 3
LogInit: Compiled (64-bit): Jun 29 2017 02:03:24
LogInit: Compiled with Visual C++: 19.00.24215.01
LogInit: Build Configuration: Development
LogInit: Branch Name: ++UE4+Release-4.16
LogInit: Command line:  
LogInit: Base directory: C:/Program Files/Epic Games/UE_4.16/Engine/Binaries/Win64/
LogInit: Installed Engine Build: 1
LogInit: Presizing for max 8388607 objects, including 0 objects not considered by GC, pre-allocating 0 bytes for permanent pool.
LogInit: Object subsystem initialized
[2017.07.12-05.32.44:238][  0]LogInit: Selected Device Profile: [Windows]
[2017.07.12-05.32.44:238][  0]LogInit: Applying CVar settings loaded from the selected device profile: [Windows]
[2017.07.12-05.32.44:250][  0]LogInit: Computer: DESKTOP-2T88I18
[2017.07.12-05.32.44:250][  0]LogInit: User: NewXB
[2017.07.12-05.32.44:250][  0]LogInit: CPU Page size=4096, Cores=4
[2017.07.12-05.32.44:250][  0]LogInit: High frequency timer resolution =2.648439 MHz
[2017.07.12-05.32.44:250][  0]LogMemory: Memory total: Physical=31.9GB (32GB approx)
[2017.07.12-05.32.44:250][  0]LogMemory: Platform Memory Stats for Windows
[2017.07.12-05.32.44:250][  0]LogMemory: Process Physical Memory: 274.13 MB used, 274.13 MB peak
[2017.07.12-05.32.44:250][  0]LogMemory: Process Virtual Memory: 260.92 MB used, 260.92 MB peak
[2017.07.12-05.32.44:250][  0]LogMemory: Physical Memory: 11734.71 MB used,  20969.04 MB free, 32703.74 MB total
[2017.07.12-05.32.44:250][  0]LogMemory: Virtual Memory: 638.47 MB used,  20969.04 MB free, 134217728.00 MB total
[2017.07.12-05.32.44:698][  0]LogInit: Using OS detected language (en-US).
[2017.07.12-05.32.44:698][  0]LogInit: Using OS detected locale (en-US).
[2017.07.12-05.32.44:701][  0]LogTextLocalizationManager: No specific localization for 'en-US' exists, so the 'en' localization will be used.
[2017.07.12-05.32.45:604][  0]LogD3D11RHI: D3D11 adapters:
[2017.07.12-05.32.45:648][  0]LogD3D11RHI:    0. 'NVIDIA GeForce GTX 1070' (Feature Level 11_0)
[2017.07.12-05.32.45:648][  0]LogD3D11RHI:       8113/0/16351 MB DedicatedVideo/DedicatedSystem/SharedSystem, Outputs:1, VendorId:0x10de
[2017.07.12-05.32.45:649][  0]LogD3D11RHI:    1. 'Microsoft Basic Render Driver' (Feature Level 11_0)
[2017.07.12-05.32.45:649][  0]LogD3D11RHI:       0/0/16351 MB DedicatedVideo/DedicatedSystem/SharedSystem, Outputs:0, VendorId:0x1414
[2017.07.12-05.32.45:649][  0]LogD3D11RHI: Chosen D3D11 Adapter: 0
[2017.07.12-05.32.45:656][  0]LogD3D11RHI: Creating new Direct3DDevice
[2017.07.12-05.32.45:656][  0]LogD3D11RHI:     GPU DeviceId: 0x1be1 (for the marketing name, search the web for "GPU Device Id")
[2017.07.12-05.32.45:656][  0]LogWindows: EnumDisplayDevices:
[2017.07.12-05.32.45:657][  0]LogWindows:    0. 'NVIDIA GeForce GTX 1070' (P:1 D:1)
[2017.07.12-05.32.45:657][  0]LogWindows:    1. 'NVIDIA GeForce GTX 1070' (P:0 D:0)
[2017.07.12-05.32.45:657][  0]LogWindows:    2. 'NVIDIA GeForce GTX 1070' (P:0 D:0)
[2017.07.12-05.32.45:657][  0]LogWindows:    3. 'NVIDIA GeForce GTX 1070' (P:0 D:0)
[2017.07.12-05.32.45:657][  0]LogWindows: DebugString: FoundDriverCount:4 
[2017.07.12-05.32.45:657][  0]LogD3D11RHI:     Adapter Name: NVIDIA GeForce GTX 1070
[2017.07.12-05.32.45:657][  0]LogD3D11RHI:   Driver Version: 382.33 (internal:22.21.13.8233, unified:382.33)
[2017.07.12-05.32.45:657][  0]LogD3D11RHI:      Driver Date: 5-17-2017
[2017.07.12-05.32.45:657][  0]LogRHI: Texture pool is 1361 MB (70% of 1945 MB)
[2017.07.12-05.32.45:686][  0]LogD3D11RHI: Async texture creation enabled
[2017.07.12-05.32.45:696][  0]LogD3D11RHI: GPU Timing Frequency: 1000.000000 (Debug: 2 1)
[2017.07.12-05.32.45:738][  0]LogShaderCompilers: Guid format shader working directory is -11 characters bigger than the processId version (../../../../../../supers-master/supers-master 4.16/supers/Intermediate/Shaders/WorkingDirectory/3944/).
[2017.07.12-05.32.45:738][  0]LogShaderCompilers: Cleaned the shader compiler working directory 'C:/Users/NewXB/AppData/Local/Temp/UnrealShaderWorkingDir/7AE7F87C418DB91791D5138B1123CB40/'.
[2017.07.12-05.32.45:738][  0]LogShaderCompilers:Display: Using Local Shader Compiler.
[2017.07.12-05.32.46:725][  0]LogTemp:Display: Loaded TP AllDesktopTargetPlatform
[2017.07.12-05.32.46:783][  0]LogTemp:Display: Loaded TP MacClientTargetPlatform
[2017.07.12-05.32.46:840][  0]LogTemp:Display: Loaded TP MacNoEditorTargetPlatform
[2017.07.12-05.32.46:897][  0]LogTemp:Display: Loaded TP MacServerTargetPlatform
[2017.07.12-05.32.46:953][  0]LogTemp:Display: Loaded TP MacTargetPlatform
[2017.07.12-05.32.47:007][  0]LogTemp:Display: Loaded TP WindowsClientTargetPlatform
[2017.07.12-05.32.47:064][  0]LogTemp:Display: Loaded TP WindowsNoEditorTargetPlatform
[2017.07.12-05.32.47:121][  0]LogTemp:Display: Loaded TP WindowsServerTargetPlatform
[2017.07.12-05.32.47:170][  0]LogTemp:Display: Loaded TP WindowsTargetPlatform
[2017.07.12-05.32.47:228][  0]LogTemp:Display: Loaded TP AndroidTargetPlatform
[2017.07.12-05.32.47:293][  0]LogTemp:Display: Loaded TP Android_ASTCTargetPlatform
[2017.07.12-05.32.47:349][  0]LogTemp:Display: Loaded TP Android_ATCTargetPlatform
[2017.07.12-05.32.47:403][  0]LogTemp:Display: Loaded TP Android_DXTTargetPlatform
[2017.07.12-05.32.47:456][  0]LogTemp:Display: Loaded TP Android_ETC1TargetPlatform
[2017.07.12-05.32.47:513][  0]LogTemp:Display: Loaded TP Android_ETC2TargetPlatform
[2017.07.12-05.32.47:627][  0]LogTemp:Display: Loaded TP Android_MultiTargetPlatform
[2017.07.12-05.32.47:627][  0]LogTemp:Display: Loaded TP Android_PVRTCTargetPlatform
[2017.07.12-05.32.47:672][  0]LogTemp:Display: Loaded TP HTML5TargetPlatform
[2017.07.12-05.32.47:771][  0]LogTemp:Display: Loaded TP IOSTargetPlatform
[2017.07.12-05.32.47:804][  0]LogTemp:Display: Loaded TP TVOSTargetPlatform
[2017.07.12-05.32.47:860][  0]LogTemp:Display: Loaded TP LinuxClientTargetPlatform
[2017.07.12-05.32.47:920][  0]LogTemp:Display: Loaded TP LinuxNoEditorTargetPlatform
[2017.07.12-05.32.47:974][  0]LogTemp:Display: Loaded TP LinuxServerTargetPlatform
[2017.07.12-05.32.48:031][  0]LogTemp:Display: Loaded TP LinuxTargetPlatform
[2017.07.12-05.32.48:031][  0]LogTargetPlatformManager:Display: Building Assets For Windows
[2017.07.12-05.32.48:590][  0]LogDerivedDataCache:Display: Max Cache Size: 512 MB
[2017.07.12-05.32.48:676][  0]LogDerivedDataCache: Loaded boot cache 0.09s 89MB C:/Users/NewXB/AppData/Local/UnrealEngine/4.16/DerivedDataCache/Boot.ddc.
[2017.07.12-05.32.48:676][  0]LogDerivedDataCache:Display: Loaded Boot cache: C:/Users/NewXB/AppData/Local/UnrealEngine/4.16/DerivedDataCache/Boot.ddc
[2017.07.12-05.32.48:676][  0]LogDerivedDataCache: FDerivedDataBackendGraph:  Pak pak cache file ../../../../../../supers-master/supers-master 4.16/supers/DerivedDataCache/DDC.ddp not found, will not use a pak cache.
[2017.07.12-05.32.48:676][  0]LogDerivedDataCache: Unable to find inner node Pak for hierarchical cache Hierarchy.
[2017.07.12-05.32.48:676][  0]LogDerivedDataCache: FDerivedDataBackendGraph:  CompressedPak pak cache file ../../../../../../supers-master/supers-master 4.16/supers/DerivedDataCache/Compressed.ddp not found, will not use a pak cache.
[2017.07.12-05.32.48:676][  0]LogDerivedDataCache: Unable to find inner node CompressedPak for hierarchical cache Hierarchy.
[2017.07.12-05.32.48:690][  0]LogDerivedDataCache:Display: Pak cache opened for reading ../../../Engine/DerivedDataCache/Compressed.ddp.
[2017.07.12-05.32.48:703][  0]LogDerivedDataCache: Using Local data cache path C:/Users/NewXB/AppData/Local/UnrealEngine/Common/DerivedDataCache: Writable
[2017.07.12-05.32.48:712][  0]LogMaterial: Verifying Global Shaders for PCD3D_SM5
[2017.07.12-05.32.48:713][  0]LogSlate: Using Freetype 2.6.0
[2017.07.12-05.32.48:713][  0]LogSlate: SlateFontCache - WITH_FREETYPE: 1, WITH_HARFBUZZ: 1
[2017.07.12-05.32.48:713][  0]LogSlate: SlateFontCache - WITH_FREETYPE: 1, WITH_HARFBUZZ: 1
[2017.07.12-05.32.49:035][  0]LogInit: Selected Device Profile: [Windows]
[2017.07.12-05.32.49:098][  0]LogContentStreaming: Texture pool size is 0.00 MB
[2017.07.12-05.32.49:272][  0]LogMeshUtilities: Using QuadricMeshReduction for automatic static mesh reduction
[2017.07.12-05.32.49:339][  0]LogSimplygon: Simplygon DLL not present - disabling.
[2017.07.12-05.32.49:405][  0]LogMeshUtilities: Using SimplygonSwarm for distributed automatic mesh merging
[2017.07.12-05.32.49:405][  0]LogMeshUtilities: No automatic skeletal mesh reduction module available
[2017.07.12-05.32.49:405][  0]LogMeshUtilities: No automatic mesh merging module available
[2017.07.12-05.32.50:060][  0]LogNetVersion: Supers , NetCL: 3452394, EngineNetVer: 2, GameNetVer: 0 (Checksum: 3304520363)
[2017.07.12-05.32.50:127][  0]LogAssetRegistry: FAssetRegistry took 0.0260 seconds to start up
[2017.07.12-05.32.50:200][  0]LogPackageLocalizationCache: Processed 4 localized package path(s) for 2 prioritized culture(s) in 0.046224 seconds
[2017.07.12-05.32.50:206][  0]LogUObjectArray: 34194 objects as part of root set at end of initial load.
[2017.07.12-05.32.50:206][  0]LogUObjectAllocator: 7260424 out of 0 bytes used by permanent object pool.
[2017.07.12-05.32.50:206][  0]LogUObjectArray: CloseDisregardForGC: 0/0 objects in disregard for GC pool
[2017.07.12-05.32.50:286][  0]LogInit: WinSock: version 1.1 (2.2), MaxSocks=32767, MaxUdp=65467
[2017.07.12-05.32.53:003][  0]LogTcpMessaging: Initializing TcpMessaging bridge
[2017.07.12-05.32.53:050][  0]LogUdpMessaging: Initializing bridge on interface 0.0.0.0:0 to multicast group 230.0.0.1:6666.
[2017.07.12-05.32.53:691][  0]LogMaterial: Uniform references updated for custom material expression Custom.
[2017.07.12-05.32.54:194][  0]SourceControl: Info Source control is disabled
[2017.07.12-05.32.54:250][  0]SourceControl: Info Source control is disabled
[2017.07.12-05.32.54:314][  0]SourceControl: Info Source control is disabled
[2017.07.12-05.32.54:375][  0]SourceControl: Info Source control is disabled
[2017.07.12-05.32.55:226][  0]LogAndroidPermission: UAndroidPermissionCallbackProxy::GetInstance
[2017.07.12-05.32.56:023][  0]LogEngine: Initializing Engine...
[2017.07.12-05.32.56:047][  0]LogHMD: Failed to initialize OpenVR with code 126
[2017.07.12-05.32.56:245][  0]LogStats: UGameplayTagsManager::ConstructGameplayTagTree: Construct from data asset -  0.000 s
[2017.07.12-05.32.56:245][  0]LogStats: UGameplayTagsManager::ConstructGameplayTagTree: GameplayTagTreeChangedEvent.Broadcast -  0.000 s
[2017.07.12-05.32.56:424][  0]LogAIModule: Creating AISystem for world Untitled
[2017.07.12-05.32.56:437][  0]LogInit: XAudio2 using 'Speakers (Realtek High Definition Audio)' : 6 channels at 48 kHz using 32 bits per sample (channel mask 0x3f)
[2017.07.12-05.32.56:516][  0]LogInit: FAudioDevice initialized.
[2017.07.12-05.32.56:562][  0]LogDerivedDataCache: Saved boot cache 0.05s 89MB C:/Users/NewXB/AppData/Local/UnrealEngine/4.16/DerivedDataCache/Boot.ddc.
[2017.07.12-05.32.56:572][  0]LogInit: Texture streaming: Enabled
[2017.07.12-05.32.56:682][  0]LogEngineSessionManager: EngineSessionManager initialized
[2017.07.12-05.32.56:952][  0]LogInit: Transaction tracking system initialized
[2017.07.12-05.32.57:377][  0]BlueprintLog: New page: Editor Load
[2017.07.12-05.32.58:556][  0]LocalizationService: Info Localization service is disabled
[2017.07.12-05.32.59:408][  0]LogConsoleResponse:Display: 
[2017.07.12-05.32.59:559][  0]LogCook:Display: Max memory allowance for cook 16384mb min free memory 0mb
[2017.07.12-05.32.59:559][  0]LogCook:Display: Mobile HDR setting 1
[2017.07.12-05.33.00:393][  0]LogFileCache: Scanning file cache for directory 'C:/supers-master/supers-master 4.16/supers/Content/' took 0.02s
[2017.07.12-05.33.00:811][  0]SourceControl: Info Source control is disabled
[2017.07.12-05.33.00:811][  0]Cmd: MAP LOAD FILE="../../../../../../supers-master/supers-master 4.16/supers/Content/TwinStickBP/Maps/TwinStickExampleMap.umap" TEMPLATE=0 SHOWPROGRESS=1 FEATURELEVEL=3
[2017.07.12-05.33.00:812][  0]LightingResults: New page: Lighting Build
[2017.07.12-05.33.00:858][  0]MapCheck: New page: Map Check
[2017.07.12-05.33.00:858][  0]LightingResults: New page: Lighting Build
[2017.07.12-05.33.01:175][  0]LogBlueprint:Warning: Node '/Game/StarterContent/Blueprints/Blueprint_Effect_Sparks.Blueprint_Effect_Sparks:EdGraph_0.K2Node_FunctionEntry_37' missing NodeGuid because of upgrade from old package version, this can cause deterministic cooking issues please resave package.
[2017.07.12-05.33.01:175][  0]LogBlueprint:Warning: Node '/Game/StarterContent/Blueprints/Blueprint_Effect_Sparks.Blueprint_Effect_Sparks:EdGraph_1.K2Node_FunctionEntry_37' missing NodeGuid because of upgrade from old package version, this can cause deterministic cooking issues please resave package.
[2017.07.12-05.33.01:875][  0]LogBlueprint:Warning: Node '/Game/StarterContent/Blueprints/Blueprint_Effect_Sparks.Blueprint_Effect_Sparks:EdGraph_2.K2Node_FunctionEntry_37' missing NodeGuid because of upgrade from old package version, this can cause deterministic cooking issues please resave package.
[2017.07.12-05.33.02:373][  0]LogBlueprint:Warning: Node '/Game/StarterContent/Audio/Fire_Sparks01_Cue.Fire_Sparks01_Cue:SoundCueGraph_7.SoundCueGraphNode_6' missing NodeGuid because of upgrade from old package version, this can cause deterministic cooking issues please resave package.
[2017.07.12-05.33.02:373][  0]LogBlueprint:Warning: Node '/Game/StarterContent/Audio/Fire_Sparks01_Cue.Fire_Sparks01_Cue:SoundCueGraph_7.SoundCueGraphNode_Root_7' missing NodeGuid because of upgrade from old package version, this can cause deterministic cooking issues please resave package.
[2017.07.12-05.33.02:608][  0]LogBlueprint:Warning: Node '/Game/StarterContent/Blueprints/Blueprint_Effect_Sparks.Blueprint_Effect_Sparks:UserConstructionScript.K2Node_FunctionEntry_37' missing NodeGuid because of upgrade from old package version, this can cause deterministic cooking issues please resave package.
[2017.07.12-05.33.02:835][  0]LogAIModule: Creating AISystem for world TwinStickExampleMap
[2017.07.12-05.33.02:852][  0]LogEditorServer: Finished looking for orphan Actors (0.000 secs)
[2017.07.12-05.33.02:886][  0]Cmd: MAP CHECKDEP NOCLEARLOG
[2017.07.12-05.33.02:987][  0]MapCheck:Warning: Warning player6_1522 player6_C /Game/TwinStickBP/Maps/TwinStickExampleMap.TwinStickExampleMap:PersistentLevel.player6_1522 : Externally referenced 
[2017.07.12-05.33.02:987][  0]MapCheck:Warning: Warning player5_6470 player5_C /Game/TwinStickBP/Maps/TwinStickExampleMap.TwinStickExampleMap:PersistentLevel.player5_6470 : Externally referenced 
[2017.07.12-05.33.02:987][  0]MapCheck:Warning: Warning player4_2142 player4_C /Game/TwinStickBP/Maps/TwinStickExampleMap.TwinStickExampleMap:PersistentLevel.player4_2142 : Externally referenced 
[2017.07.12-05.33.02:987][  0]MapCheck:Warning: Warning player3_1752 player3_C /Game/TwinStickBP/Maps/TwinStickExampleMap.TwinStickExampleMap:PersistentLevel.player3_1752 : Externally referenced 
[2017.07.12-05.33.02:987][  0]MapCheck:Warning: Warning player2_2572 player2_C /Game/TwinStickBP/Maps/TwinStickExampleMap.TwinStickExampleMap:PersistentLevel.player2_2572 : Externally referenced 
[2017.07.12-05.33.02:987][  0]MapCheck:Warning: Warning player1_1352 player1_C /Game/TwinStickBP/Maps/TwinStickExampleMap.TwinStickExampleMap:PersistentLevel.player1_1352 : Externally referenced 
[2017.07.12-05.33.02:987][  0]MapCheck:Warning: Warning TwinStickExampleMap_C_0 TwinStickExampleMap_C /Game/TwinStickBP/Maps/TwinStickExampleMap.TwinStickExampleMap:PersistentLevel.TwinStickExampleMap_C_0 : Externally referenced 
[2017.07.12-05.33.02:987][  0]MapCheck:Warning: Warning ShipMeshComponent StaticMeshComponent /Game/TwinStickBP/Maps/TwinStickExampleMap.TwinStickExampleMap:PersistentLevel.player6_1522.ShipMeshComponent : Externally referenced 
[2017.07.12-05.33.02:987][  0]MapCheck:Warning: Warning EnergyShield StaticMeshComponent /Game/TwinStickBP/Maps/TwinStickExampleMap.TwinStickExampleMap:PersistentLevel.player6_1522.EnergyShield : Externally referenced 
[2017.07.12-05.33.02:987][  0]MapCheck:Warning: Warning Shield StaticMeshComponent /Game/TwinStickBP/Maps/TwinStickExampleMap.TwinStickExampleMap:PersistentLevel.player6_1522.Shield : Externally referenced 
[2017.07.12-05.33.02:988][  0]MapCheck:Warning: Warning ShipMeshComponent StaticMeshComponent /Game/TwinStickBP/Maps/TwinStickExampleMap.TwinStickExampleMap:PersistentLevel.player5_6470.ShipMeshComponent : Externally referenced 
[2017.07.12-05.33.02:988][  0]MapCheck:Warning: Warning EnergyShield StaticMeshComponent /Game/TwinStickBP/Maps/TwinStickExampleMap.TwinStickExampleMap:PersistentLevel.player5_6470.EnergyShield : Externally referenced 
[2017.07.12-05.33.02:988][  0]MapCheck:Warning: Warning Shield StaticMeshComponent /Game/TwinStickBP/Maps/TwinStickExampleMap.TwinStickExampleMap:PersistentLevel.player5_6470.Shield : Externally referenced 
[2017.07.12-05.33.02:988][  0]MapCheck:Warning: Warning ShipMeshComponent StaticMeshComponent /Game/TwinStickBP/Maps/TwinStickExampleMap.TwinStickExampleMap:PersistentLevel.player4_2142.ShipMeshComponent : Externally referenced 
[2017.07.12-05.33.02:988][  0]MapCheck:Warning: Warning EnergyShield StaticMeshComponent /Game/TwinStickBP/Maps/TwinStickExampleMap.TwinStickExampleMap:PersistentLevel.player4_2142.EnergyShield : Externally referenced 
[2017.07.12-05.33.02:988][  0]MapCheck:Warning: Warning Shield StaticMeshComponent /Game/TwinStickBP/Maps/TwinStickExampleMap.TwinStickExampleMap:PersistentLevel.player4_2142.Shield : Externally referenced 
[2017.07.12-05.33.02:988][  0]MapCheck:Warning: Warning ShipMeshComponent StaticMeshComponent /Game/TwinStickBP/Maps/TwinStickExampleMap.TwinStickExampleMap:PersistentLevel.player3_1752.ShipMeshComponent : Externally referenced 
[2017.07.12-05.33.02:988][  0]MapCheck:Warning: Warning EnergyShield StaticMeshComponent /Game/TwinStickBP/Maps/TwinStickExampleMap.TwinStickExampleMap:PersistentLevel.player3_1752.EnergyShield : Externally referenced 
[2017.07.12-05.33.02:988][  0]MapCheck:Warning: Warning Shield StaticMeshComponent /Game/TwinStickBP/Maps/TwinStickExampleMap.TwinStickExampleMap:PersistentLevel.player3_1752.Shield : Externally referenced 
[2017.07.12-05.33.02:988][  0]MapCheck:Warning: Warning ShipMeshComponent StaticMeshComponent /Game/TwinStickBP/Maps/TwinStickExampleMap.TwinStickExampleMap:PersistentLevel.player2_2572.ShipMeshComponent : Externally referenced 
[2017.07.12-05.33.02:988][  0]MapCheck:Warning: Warning EnergyShield StaticMeshComponent /Game/TwinStickBP/Maps/TwinStickExampleMap.TwinStickExampleMap:PersistentLevel.player2_2572.EnergyShield : Externally referenced 
[2017.07.12-05.33.02:988][  0]MapCheck:Warning: Warning Shield StaticMeshComponent /Game/TwinStickBP/Maps/TwinStickExampleMap.TwinStickExampleMap:PersistentLevel.player2_2572.Shield : Externally referenced 
[2017.07.12-05.33.02:988][  0]MapCheck:Warning: Warning Cone StaticMeshComponent /Game/TwinStickBP/Maps/TwinStickExampleMap.TwinStickExampleMap:PersistentLevel.player2_2572.Cone : Externally referenced 
[2017.07.12-05.33.02:988][  0]MapCheck:Warning: Warning ShipMeshComponent StaticMeshComponent /Game/TwinStickBP/Maps/TwinStickExampleMap.TwinStickExampleMap:PersistentLevel.player1_1352.ShipMeshComponent : Externally referenced 
[2017.07.12-05.33.02:988][  0]MapCheck:Warning: Warning EnergyShield StaticMeshComponent /Game/TwinStickBP/Maps/TwinStickExampleMap.TwinStickExampleMap:PersistentLevel.player1_1352.EnergyShield : Externally referenced 
[2017.07.12-05.33.02:988][  0]MapCheck:Warning: Warning Shield StaticMeshComponent /Game/TwinStickBP/Maps/TwinStickExampleMap.TwinStickExampleMap:PersistentLevel.player1_1352.Shield : Externally referenced 
[2017.07.12-05.33.02:988][  0]MapCheck:Warning: Warning StaticMeshComponent0 StaticMeshComponent /Game/TwinStickBP/Maps/TwinStickExampleMap.TwinStickExampleMap:PersistentLevel.Floor_18.StaticMeshComponent0 : Externally referenced 
[2017.07.12-05.33.02:988][  0]MapCheck:Warning: Warning StaticMeshComponent0 StaticMeshComponent /Game/TwinStickBP/Maps/TwinStickExampleMap.TwinStickExampleMap:PersistentLevel.Wall1_17.StaticMeshComponent0 : Externally referenced 
[2017.07.12-05.33.02:988][  0]MapCheck:Warning: Warning StaticMeshComponent0 StaticMeshComponent /Game/TwinStickBP/Maps/TwinStickExampleMap.TwinStickExampleMap:PersistentLevel.Wall5.StaticMeshComponent0 : Externally referenced 
[2017.07.12-05.33.02:988][  0]MapCheck:Warning: Warning StaticMeshComponent0 StaticMeshComponent /Game/TwinStickBP/Maps/TwinStickExampleMap.TwinStickExampleMap:PersistentLevel.Wall6.StaticMeshComponent0 : Externally referenced 
[2017.07.12-05.33.02:988][  0]MapCheck:Warning: Warning StaticMeshComponent0 StaticMeshComponent /Game/TwinStickBP/Maps/TwinStickExampleMap.TwinStickExampleMap:PersistentLevel.Wall7.StaticMeshComponent0 : Externally referenced 
[2017.07.12-05.33.02:988][  0]MapCheck:Warning: Warning K2Node_CallFunction_2339 K2Node_CallFunction /Game/TwinStickBP/Maps/TwinStickExampleMap.TwinStickExampleMap:PersistentLevel.TwinStickExampleMap.EventGraph.K2Node_CallFunction_2339 : Externally referenced 
[2017.07.12-05.33.02:988][  0]MapCheck:Warning: Warning K2Node_CallFunction_134 K2Node_CallFunction /Game/TwinStickBP/Maps/TwinStickExampleMap.TwinStickExampleMap:PersistentLevel.TwinStickExampleMap.EventGraph.K2Node_CallFunction_134 : Externally referenced 
[2017.07.12-05.33.02:988][  0]MapCheck: Info Map check complete: 0 Error(s), 33 Warning(s), took 102.215ms to complete.
[2017.07.12-05.33.02:996][  0]LogFileHelpers: Loading map 'TwinStickExampleMap' took 2.185
[2017.07.12-05.33.03:135][  0]LogCollectionManager: Loaded 0 collections in 0.001454 seconds
[2017.07.12-05.33.03:220][  0]LogFileCache: Scanning file cache for directory 'C:/supers-master/supers-master 4.16/supers/Saved/Collections/' took 0.01s
[2017.07.12-05.33.03:220][  0]LogFileCache: Scanning file cache for directory 'C:/supers-master/supers-master 4.16/supers/Content/Developers/NewXB/Collections/' took 0.01s
[2017.07.12-05.33.03:220][  0]LogFileCache: Scanning file cache for directory 'C:/supers-master/supers-master 4.16/supers/Content/Collections/' took 0.01s
[2017.07.12-05.33.03:220][  0]LogCollectionManager: Rebuilt the GUID cache for 0 collections in 0.000002 seconds
[2017.07.12-05.33.03:228][  0]LogContentBrowser: Native class hierarchy populated in 0.0074 seconds. Added 2329 classes and 491 folders.
[2017.07.12-05.33.03:299][  0]LogContentBrowser: Native class hierarchy updated for 'WidgetCarousel' in 0.0005 seconds. Added 0 classes and 0 folders.
[2017.07.12-05.33.03:339][  0]LogContentBrowser: Native class hierarchy updated for 'AddContentDialog' in 0.0005 seconds. Added 0 classes and 0 folders.
[2017.07.12-05.33.03:387][  0]LogContentBrowser: Native class hierarchy updated for 'SceneOutliner' in 0.0005 seconds. Added 1 classes and 2 folders.
[2017.07.12-05.33.03:429][  0]LogCrashTracker: Crashtracker disabled due to settings.
[2017.07.12-05.33.03:435][  0]LogSlate: Took 0.000201 seconds to synchronously load lazily loaded font '../../../Engine/Content/Slate/Fonts/Roboto-Regular.ttf' (155K)
[2017.07.12-05.33.03:437][  0]LogSlate: Took 0.000186 seconds to synchronously load lazily loaded font '../../../Engine/Content/Slate/Fonts/Roboto-Bold.ttf' (160K)
[2017.07.12-05.33.03:442][  0]LogSlate: Took 0.000201 seconds to synchronously load lazily loaded font '../../../Engine/Content/Editor/Slate/Fonts/FontAwesome.ttf' (139K)
[2017.07.12-05.33.03:528][  0]LogRenderer: Reallocating scene render targets to support 1208x576 NumSamples 1 (Frame:1).
[2017.07.12-05.33.03:562][  0]LogSlate: Took 0.000174 seconds to synchronously load lazily loaded font '../../../Engine/Content/Slate/Fonts/Roboto-Light.ttf' (159K)
[2017.07.12-05.33.03:671][  0]LogUObjectGlobals:Warning: Failed to find object 'Class None.'
[2017.07.12-05.33.03:744][  0]LogContentBrowser: Native class hierarchy updated for 'HierarchicalLODOutliner' in 0.0008 seconds. Added 1 classes and 2 folders.
[2017.07.12-05.33.03:745][  0]LogLoad: (Engine Initialization) Total time: 21.27 seconds
[2017.07.12-05.33.03:745][  0]LogLoad: (Engine Initialization) Total Blueprint compile time: 0.75 seconds
[2017.07.12-05.33.03:745][  0]LogExternalProfiler: Found external profiler: VSPerf
[2017.07.12-05.33.03:745][  0]LogExternalProfiler: Using external profiler: VSPerf
[2017.07.12-05.33.03:767][  0]LogWindowsTextInputMethodSystem:Display: IME system now deactivated.
[2017.07.12-05.33.03:767][  0]LogOcInput: OculusInput pre-init called
[2017.07.12-05.33.03:767][  0]LogHMD: Starting GearVRController plugin
[2017.07.12-05.33.03:819][  0]LogAssetRegistry: Asset discovery search completed in 13.7152 seconds
[2017.07.12-05.33.03:821][  0]LogCollectionManager: Rebuilt the object cache for 0 collections in 0.000000 seconds (found 0 objects)
[2017.07.12-05.33.03:822][  0]LogCollectionManager: Fixed up redirectors for 0 collections in 0.000083 seconds (updated 0 objects)
[2017.07.12-05.33.03:822][  0]LogContentStreaming: Texture pool size now 1000 MB
[2017.07.12-05.33.11:604][441]LogSlate: Took 0.000171 seconds to synchronously load lazily loaded font '../../../Engine/Content/Slate/Fonts/Roboto-Light.ttf' (159K)
[2017.07.12-05.33.11:959][441]LogContentBrowser: Native class hierarchy updated for 'BlueprintGraph' in 0.0008 seconds. Added 112 classes and 0 folders.
[2017.07.12-05.33.12:491][441]LogSlate: Took 0.000140 seconds to synchronously load lazily loaded font '../../../Engine/Content/Slate/Fonts/Roboto-Regular.ttf' (155K)
[2017.07.12-05.33.12:558][441]LogSlate: Took 0.000201 seconds to synchronously load lazily loaded font '../../../Engine/Content/Editor/Slate/Fonts/Roboto-BoldCondensed.ttf' (158K)
[2017.07.12-05.33.12:561][441]LogSlate: Took 0.000181 seconds to synchronously load lazily loaded font '../../../Engine/Content/Slate/Fonts/Roboto-Light.ttf' (159K)
[2017.07.12-05.33.12:627][442]LogSlate: Took 0.000180 seconds to synchronously load lazily loaded font '../../../Engine/Content/Editor/Slate/Fonts/Roboto-Italic.ttf' (157K)
[2017.07.12-05.34.23:608][652]LogTemp: Repeting last play command: New Editor Window (PIE)
[2017.07.12-05.34.23:665][652]LogBlueprintUserMessages: Early PlayInEditor Detection: Level '/Game/TwinStickBP/Maps/TwinStickExampleMap.TwinStickExampleMap:PersistentLevel' has LevelScriptBlueprint '/Game/TwinStickBP/Maps/TwinStickExampleMap.TwinStickExampleMap:PersistentLevel.TwinStickExampleMap' with GeneratedClass '/Game/TwinStickBP/Maps/TwinStickExampleMap.TwinStickExampleMap_C' with ClassGeneratedBy '/Game/TwinStickBP/Maps/TwinStickExampleMap.TwinStickExampleMap:PersistentLevel.TwinStickExampleMap'
[2017.07.12-05.34.23:665][652]BlueprintLog: New page: Pre-Play auto-recompile
[2017.07.12-05.34.23:665][652]LogPlayLevel: [PlayLevel] Compiling ShieldProjectile before play...
[2017.07.12-05.34.23:848][652]LogPlayLevel: PlayLevel: Blueprint regeneration took 182 ms (1 blueprints)
[2017.07.12-05.34.23:848][652]PIE: New page: PIE session: TwinStickExampleMap (Jul 11, 2017, 3:34:23 PM)
[2017.07.12-05.34.23:848][652]LogPlayLevel: Creating play world package: /Game/TwinStickBP/Maps/UEDPIE_0_TwinStickExampleMap
[2017.07.12-05.34.23:856][652]LogPlayLevel: PIE: StaticDuplicateObject took: (0.007946s)
[2017.07.12-05.34.23:857][652]LogAIModule: Creating AISystem for world TwinStickExampleMap
[2017.07.12-05.34.23:857][652]LogPlayLevel: PIE: World Init took: (0.001029s)
[2017.07.12-05.34.23:858][652]LogPlayLevel: PIE: Created PIE world by copying editor world from /Game/TwinStickBP/Maps/TwinStickExampleMap.TwinStickExampleMap to /Game/TwinStickBP/Maps/UEDPIE_0_TwinStickExampleMap.TwinStickExampleMap (0.009408s)
[2017.07.12-05.34.23:881][652]LogInit: XAudio2 using 'Speakers (Realtek High Definition Audio)' : 6 channels at 48 kHz using 32 bits per sample (channel mask 0x3f)
[2017.07.12-05.34.23:952][652]LogInit: FAudioDevice initialized.
[2017.07.12-05.34.24:013][652]LogLoad: Game class is 'TwinStickGameMode_C'
[2017.07.12-05.34.24:018][652]LogWorld: Bringing World /Game/TwinStickBP/Maps/UEDPIE_0_TwinStickExampleMap.TwinStickExampleMap up for play (max tick rate 60) at 2017.07.11-22.34.24
[2017.07.12-05.34.24:019][652]LogWorld: Bringing up level for play took: 0.003016
[2017.07.12-05.34.24:066][652]LogContentBrowser: Native class hierarchy updated for 'MovieSceneCapture' in 0.0005 seconds. Added 11 classes and 0 folders.
[2017.07.12-05.34.24:066][652]LogGameMode:Display: Match State Changed from EnteringMap to WaitingToStart
[2017.07.12-05.34.24:066][652]LogGameState: Match State Changed from EnteringMap to WaitingToStart
[2017.07.12-05.34.24:066][652]LogGameMode:Display: Match State Changed from WaitingToStart to InProgress
[2017.07.12-05.34.24:068][652]LogPlayerManagement:Error: Failed to Create Player: Maximum number of players (4) already created.  Unable to create more.
[2017.07.12-05.34.24:068][652]LogPlayerManagement:Error: Failed to Create Player: Maximum number of players (4) already created.  Unable to create more.
[2017.07.12-05.34.24:068][652]LogScript:Warning: Accessed None trying to read property CallFunc_GetPlayerController_ReturnValue4
	TwinStickExampleMap_C /Game/TwinStickBP/Maps/UEDPIE_0_TwinStickExampleMap.TwinStickExampleMap:PersistentLevel.TwinStickExampleMap_C_0
	Function /Game/TwinStickBP/Maps/TwinStickExampleMap.TwinStickExampleMap_C:ExecuteUbergraph_TwinStickExampleMap:01AA
[2017.07.12-05.34.24:068][652]PIE:Error: Error Blueprint Runtime Error: Accessed None trying to read property CallFunc_GetPlayerController_ReturnValue4 from function: 'ExecuteUbergraph_TwinStickExampleMap' from node: Possess in graph: EventGraph in object: TwinStickExampleMap with description: Accessed None trying to read property CallFunc_GetPlayerController_ReturnValue4
[2017.07.12-05.34.24:068][652]LogScript:Warning: Accessed None trying to read property CallFunc_GetPlayerController_ReturnValue3
	TwinStickExampleMap_C /Game/TwinStickBP/Maps/UEDPIE_0_TwinStickExampleMap.TwinStickExampleMap:PersistentLevel.TwinStickExampleMap_C_0
	Function /Game/TwinStickBP/Maps/TwinStickExampleMap.TwinStickExampleMap_C:ExecuteUbergraph_TwinStickExampleMap:014A
[2017.07.12-05.34.24:068][652]PIE:Error: Error Blueprint Runtime Error: Accessed None trying to read property CallFunc_GetPlayerController_ReturnValue3 from function: 'ExecuteUbergraph_TwinStickExampleMap' from node: Possess in graph: EventGraph in object: TwinStickExampleMap with description: Accessed None trying to read property CallFunc_GetPlayerController_ReturnValue3
[2017.07.12-05.34.24:068][652]LogGameState: Match State Changed from WaitingToStart to InProgress
[2017.07.12-05.34.24:075][652]PIE: Info Play in editor start time for /Game/TwinStickBP/Maps/UEDPIE_0_TwinStickExampleMap 0.774
[2017.07.12-05.34.24:075][652]LogBlueprintUserMessages: Late PlayInEditor Detection: Level '/Game/TwinStickBP/Maps/TwinStickExampleMap.TwinStickExampleMap:PersistentLevel' has LevelScriptBlueprint '/Game/TwinStickBP/Maps/TwinStickExampleMap.TwinStickExampleMap:PersistentLevel.TwinStickExampleMap' with GeneratedClass '/Game/TwinStickBP/Maps/TwinStickExampleMap.TwinStickExampleMap_C' with ClassGeneratedBy '/Game/TwinStickBP/Maps/TwinStickExampleMap.TwinStickExampleMap:PersistentLevel.TwinStickExampleMap'
[2017.07.12-05.34.24:124][652]LogRenderer: Reallocating scene render targets to support 1292x756 NumSamples 1 (Frame:1).
[2017.07.12-05.34.57:926][676]LogBlueprintUserMessages: Early EndPlayMap Detection: Level '/Game/TwinStickBP/Maps/TwinStickExampleMap.TwinStickExampleMap:PersistentLevel' has LevelScriptBlueprint '/Game/TwinStickBP/Maps/TwinStickExampleMap.TwinStickExampleMap:PersistentLevel.TwinStickExampleMap' with GeneratedClass '/Game/TwinStickBP/Maps/TwinStickExampleMap.TwinStickExampleMap_C' with ClassGeneratedBy '/Game/TwinStickBP/Maps/TwinStickExampleMap.TwinStickExampleMap:PersistentLevel.TwinStickExampleMap'
[2017.07.12-05.34.57:980][676]LogBlueprintUserMessages: Late EndPlayMap Detection: Level '/Game/TwinStickBP/Maps/TwinStickExampleMap.TwinStickExampleMap:PersistentLevel' has LevelScriptBlueprint '/Game/TwinStickBP/Maps/TwinStickExampleMap.TwinStickExampleMap:PersistentLevel.TwinStickExampleMap' with GeneratedClass '/Game/TwinStickBP/Maps/TwinStickExampleMap.TwinStickExampleMap_C' with ClassGeneratedBy '/Game/TwinStickBP/Maps/TwinStickExampleMap.TwinStickExampleMap:PersistentLevel.TwinStickExampleMap'
[2017.07.12-05.35.03:576][  7]Cmd: OBJ SAVEPACKAGE PACKAGE="/Game/ShieldProjectile" FILE="../../../../../../supers-master/supers-master 4.16/supers/Content/ShieldProjectile.uasset" SILENT=true
[2017.07.12-05.35.03:683][  7]LogSavePackage: Save=82.04ms
[2017.07.12-05.35.03:683][  7]LogSavePackage: Moving '../../../../../../supers-master/supers-master 4.16/supers/Saved/ShieldProjectileE285605C43DD5A66EC87648B9C738FD1.tmp' to '../../../../../../supers-master/supers-master 4.16/supers/Content/ShieldProjectile.uasset'
[2017.07.12-05.35.03:687][  7]LogSavePackage:Display: Finished SavePackage ../../../../../../supers-master/supers-master 4.16/supers/Content/ShieldProjectile.uasset
[2017.07.12-05.36.30:694][945]LogTemp: Repeting last play command: New Editor Window (PIE)
[2017.07.12-05.36.30:713][945]LogBlueprintUserMessages: Early PlayInEditor Detection: Level '/Game/TwinStickBP/Maps/TwinStickExampleMap.TwinStickExampleMap:PersistentLevel' has LevelScriptBlueprint '/Game/TwinStickBP/Maps/TwinStickExampleMap.TwinStickExampleMap:PersistentLevel.TwinStickExampleMap' with GeneratedClass '/Game/TwinStickBP/Maps/TwinStickExampleMap.TwinStickExampleMap_C' with ClassGeneratedBy '/Game/TwinStickBP/Maps/TwinStickExampleMap.TwinStickExampleMap:PersistentLevel.TwinStickExampleMap'
[2017.07.12-05.36.30:713][945]LogPlayLevel: PlayLevel: No blueprints needed recompiling
[2017.07.12-05.36.30:713][945]PIE: New page: PIE session: TwinStickExampleMap (Jul 11, 2017, 3:36:30 PM)
[2017.07.12-05.36.30:713][945]LogPlayLevel: Creating play world package: /Game/TwinStickBP/Maps/UEDPIE_0_TwinStickExampleMap
[2017.07.12-05.36.30:724][945]LogPlayLevel: PIE: StaticDuplicateObject took: (0.011011s)
[2017.07.12-05.36.30:724][945]LogAIModule: Creating AISystem for world TwinStickExampleMap
[2017.07.12-05.36.30:724][945]LogPlayLevel: PIE: World Init took: (0.000614s)
[2017.07.12-05.36.30:725][945]LogPlayLevel: PIE: Created PIE world by copying editor world from /Game/TwinStickBP/Maps/TwinStickExampleMap.TwinStickExampleMap to /Game/TwinStickBP/Maps/UEDPIE_0_TwinStickExampleMap.TwinStickExampleMap (0.011808s)
[2017.07.12-05.36.30:749][945]LogInit: XAudio2 using 'Speakers (Realtek High Definition Audio)' : 6 channels at 48 kHz using 32 bits per sample (channel mask 0x3f)
[2017.07.12-05.36.30:816][945]LogInit: FAudioDevice initialized.
[2017.07.12-05.36.30:858][945]LogLoad: Game class is 'TwinStickGameMode_C'
[2017.07.12-05.36.30:862][945]LogWorld: Bringing World /Game/TwinStickBP/Maps/UEDPIE_0_TwinStickExampleMap.TwinStickExampleMap up for play (max tick rate 60) at 2017.07.11-22.36.30
[2017.07.12-05.36.30:863][945]LogWorld: Bringing up level for play took: 0.003401
[2017.07.12-05.36.30:863][945]LogGameMode:Display: Match State Changed from EnteringMap to WaitingToStart
[2017.07.12-05.36.30:863][945]LogGameState: Match State Changed from EnteringMap to WaitingToStart
[2017.07.12-05.36.30:863][945]LogGameMode:Display: Match State Changed from WaitingToStart to InProgress
[2017.07.12-05.36.30:865][945]LogPlayerManagement:Error: Failed to Create Player: Maximum number of players (4) already created.  Unable to create more.
[2017.07.12-05.36.30:865][945]LogPlayerManagement:Error: Failed to Create Player: Maximum number of players (4) already created.  Unable to create more.
[2017.07.12-05.36.30:865][945]LogScript:Warning: Accessed None trying to read property CallFunc_GetPlayerController_ReturnValue4
	TwinStickExampleMap_C /Game/TwinStickBP/Maps/UEDPIE_0_TwinStickExampleMap.TwinStickExampleMap:PersistentLevel.TwinStickExampleMap_C_0
	Function /Game/TwinStickBP/Maps/TwinStickExampleMap.TwinStickExampleMap_C:ExecuteUbergraph_TwinStickExampleMap:01AA
[2017.07.12-05.36.30:865][945]PIE:Error: Error Blueprint Runtime Error: Accessed None trying to read property CallFunc_GetPlayerController_ReturnValue4 from function: 'ExecuteUbergraph_TwinStickExampleMap' from node: Possess in graph: EventGraph in object: TwinStickExampleMap with description: Accessed None trying to read property CallFunc_GetPlayerController_ReturnValue4
[2017.07.12-05.36.30:865][945]LogScript:Warning: Accessed None trying to read property CallFunc_GetPlayerController_ReturnValue3
	TwinStickExampleMap_C /Game/TwinStickBP/Maps/UEDPIE_0_TwinStickExampleMap.TwinStickExampleMap:PersistentLevel.TwinStickExampleMap_C_0
	Function /Game/TwinStickBP/Maps/TwinStickExampleMap.TwinStickExampleMap_C:ExecuteUbergraph_TwinStickExampleMap:014A
[2017.07.12-05.36.30:865][945]PIE:Error: Error Blueprint Runtime Error: Accessed None trying to read property CallFunc_GetPlayerController_ReturnValue3 from function: 'ExecuteUbergraph_TwinStickExampleMap' from node: Possess in graph: EventGraph in object: TwinStickExampleMap with description: Accessed None trying to read property CallFunc_GetPlayerController_ReturnValue3
[2017.07.12-05.36.30:865][945]LogGameState: Match State Changed from WaitingToStart to InProgress
[2017.07.12-05.36.30:870][945]PIE: Info Play in editor start time for /Game/TwinStickBP/Maps/UEDPIE_0_TwinStickExampleMap -0.431
[2017.07.12-05.36.30:871][945]LogBlueprintUserMessages: Late PlayInEditor Detection: Level '/Game/TwinStickBP/Maps/TwinStickExampleMap.TwinStickExampleMap:PersistentLevel' has LevelScriptBlueprint '/Game/TwinStickBP/Maps/TwinStickExampleMap.TwinStickExampleMap:PersistentLevel.TwinStickExampleMap' with GeneratedClass '/Game/TwinStickBP/Maps/TwinStickExampleMap.TwinStickExampleMap_C' with ClassGeneratedBy '/Game/TwinStickBP/Maps/TwinStickExampleMap.TwinStickExampleMap:PersistentLevel.TwinStickExampleMap'
[2017.07.12-05.36.39:455][456]LogBlueprintUserMessages: Early EndPlayMap Detection: Level '/Game/TwinStickBP/Maps/TwinStickExampleMap.TwinStickExampleMap:PersistentLevel' has LevelScriptBlueprint '/Game/TwinStickBP/Maps/TwinStickExampleMap.TwinStickExampleMap:PersistentLevel.TwinStickExampleMap' with GeneratedClass '/Game/TwinStickBP/Maps/TwinStickExampleMap.TwinStickExampleMap_C' with ClassGeneratedBy '/Game/TwinStickBP/Maps/TwinStickExampleMap.TwinStickExampleMap:PersistentLevel.TwinStickExampleMap'
[2017.07.12-05.36.39:529][456]LogBlueprintUserMessages: Late EndPlayMap Detection: Level '/Game/TwinStickBP/Maps/TwinStickExampleMap.TwinStickExampleMap:PersistentLevel' has LevelScriptBlueprint '/Game/TwinStickBP/Maps/TwinStickExampleMap.TwinStickExampleMap:PersistentLevel.TwinStickExampleMap' with GeneratedClass '/Game/TwinStickBP/Maps/TwinStickExampleMap.TwinStickExampleMap_C' with ClassGeneratedBy '/Game/TwinStickBP/Maps/TwinStickExampleMap.TwinStickExampleMap:PersistentLevel.TwinStickExampleMap'
[2017.07.12-05.43.47:446][ 70]LogFileHelpers: Editor autosave (incl. sublevels) for '/Game/TwinStickBP/Maps/TwinStickExampleMap' took 0.019
[2017.07.12-05.43.47:448][ 70]OBJ SavePackage: Generating thumbnails for [1] asset(s) in package [/Game/TwinStickBP/Blueprints/player4] ([1] browsable assets)...
[2017.07.12-05.43.47:465][ 70]OBJ SavePackage:     Rendered thumbnail for [Blueprint /Game/TwinStickBP/Blueprints/player4.player4]
[2017.07.12-05.43.47:465][ 70]OBJ SavePackage: Finished generating thumbnails for package [/Game/TwinStickBP/Blueprints/player4]
[2017.07.12-05.43.47:772][ 70]LogSavePackage: Save=284.86ms
[2017.07.12-05.43.47:772][ 70]LogSavePackage: Moving '../../../../../../supers-master/supers-master 4.16/supers/Saved/player4_Auto18AAB6FA84884EDCFEAD072BADAC48625.tmp' to '../../../../../../supers-master/supers-master 4.16/supers/Saved/Autosaves/Game/TwinStickBP/Blueprints/player4_Auto1.uasset'
[2017.07.12-05.43.47:775][ 70]LogSavePackage:Display: Finished SavePackage ../../../../../../supers-master/supers-master 4.16/supers/Saved/Autosaves/Game/TwinStickBP/Blueprints/player4_Auto1.uasset
[2017.07.12-05.43.47:775][ 70]LogFileHelpers: Auto-saving content packages took 0.329
[2017.07.12-05.58.07:853][316]LogActorComponent: UnregisterComponent: (/Engine/Transient.EditorFloorComp) Not registered. Aborting.
[2017.07.12-05.58.07:931][316]LogActorComponent: UnregisterComponent: (/Engine/Transient.EditorFloorComp) Not registered. Aborting.
[2017.07.12-05.58.08:157][317]Cmd: QUIT_EDITOR
[2017.07.12-05.58.08:673][317]LogWindowsTextInputMethodSystem:Display: IME system now deactivated.
[2017.07.12-05.58.08:685][317]LogExit: Preparing to exit.
[2017.07.12-05.58.09:714][317]LogDirectoryWatcher: A directory notification for 'C:/supers-master/supers-master 4.16/supers/Content/' was aborted.
[2017.07.12-05.58.09:756][317]LogExit: Editor shut down
[2017.07.12-05.58.09:758][317]LogExit: Transaction tracking system shut down
[2017.07.12-05.58.09:845][317]LogObj: Freed 0b from 0 cluster array pools.
[2017.07.12-05.58.09:845][317]LogExit: Object subsystem successfully closed.
[2017.07.12-05.58.09:864][317]LogD3D11RHI: Shutdown
[2017.07.12-05.58.09:864][317]LogD3D11RHI: CleanupD3DDevice
[2017.07.12-05.58.09:866][317]LogD3D11RHI: ~FD3D11DynamicRHI
[2017.07.12-05.58.09:884][317]LogModuleManager: Shutting down and abandoning module MovieSceneCapture (530)
[2017.07.12-05.58.09:884][317]LogModuleManager: Shutting down and abandoning module BlueprintGraph (528)
[2017.07.12-05.58.09:884][317]LogModuleManager: Shutting down and abandoning module BlueprintProfiler (526)
[2017.07.12-05.58.09:884][317]LogModuleManager: Shutting down and abandoning module HierarchicalLODOutliner (524)
[2017.07.12-05.58.09:884][317]LogModuleManager: Shutting down and abandoning module CrashTracker (522)
[2017.07.12-05.58.09:884][317]LogModuleManager: Shutting down and abandoning module SceneOutliner (520)
[2017.07.12-05.58.09:884][317]LogModuleManager: Shutting down and abandoning module AddContentDialog (518)
[2017.07.12-05.58.09:884][317]LogDirectoryWatcher: A directory notification for 'C:/Program Files/Epic Games/UE_4.16/FeaturePacks/' was aborted.
[2017.07.12-05.58.09:884][317]LogModuleManager: Shutting down and abandoning module WidgetCarousel (517)
[2017.07.12-05.58.09:884][317]LogModuleManager: Shutting down and abandoning module EditorWidgets (514)
[2017.07.12-05.58.09:884][317]LogModuleManager: Shutting down and abandoning module CollectionManager (512)
[2017.07.12-05.58.09:884][317]LogDirectoryWatcher: A directory notification for 'C:/supers-master/supers-master 4.16/supers/Content/Collections/' was aborted.
[2017.07.12-05.58.09:884][317]LogDirectoryWatcher: A directory notification for 'C:/supers-master/supers-master 4.16/supers/Content/Developers/NewXB/Collections/' was aborted.
[2017.07.12-05.58.09:884][317]LogDirectoryWatcher: A directory notification for 'C:/supers-master/supers-master 4.16/supers/Saved/Collections/' was aborted.
[2017.07.12-05.58.09:885][317]LogModuleManager: Shutting down and abandoning module StatsViewer (510)
[2017.07.12-05.58.09:885][317]LogModuleManager: Shutting down and abandoning module FoliageEdit (508)
[2017.07.12-05.58.09:885][317]LogModuleManager: Shutting down and abandoning module LandscapeEditor (506)
[2017.07.12-05.58.09:885][317]LogModuleManager: Shutting down and abandoning module MeshPaintMode (504)
[2017.07.12-05.58.09:885][317]LogModuleManager: Shutting down and abandoning module SceneDepthPickerMode (502)
[2017.07.12-05.58.09:885][317]LogModuleManager: Shutting down and abandoning module ActorPickerMode (500)
[2017.07.12-05.58.09:885][317]LogModuleManager: Shutting down and abandoning module GeometryMode (498)
[2017.07.12-05.58.09:885][317]LogModuleManager: Shutting down and abandoning module TextureAlignMode (496)
[2017.07.12-05.58.09:885][317]LogModuleManager: Shutting down and abandoning module BspMode (494)
[2017.07.12-05.58.09:885][317]LogModuleManager: Shutting down and abandoning module HardwareSurvey (492)
[2017.07.12-05.58.09:885][317]LogModuleManager: Shutting down and abandoning module SequenceRecorderSections (490)
[2017.07.12-05.58.09:885][317]LogModuleManager: Shutting down and abandoning module AutomationWorker (488)
[2017.07.12-05.58.09:885][317]LogModuleManager: Shutting down and abandoning module MatineeToLevelSequence (486)
[2017.07.12-05.58.09:885][317]LogModuleManager: Shutting down and abandoning module LevelSequenceEditor (484)
[2017.07.12-05.58.09:885][317]LogModuleManager: Shutting down and abandoning module PlacementMode (483)
[2017.07.12-05.58.09:885][317]LogModuleManager: Shutting down and abandoning module WmfMediaFactory (480)
[2017.07.12-05.58.09:885][317]LogModuleManager: Shutting down and abandoning module WmfMediaEditor (478)
[2017.07.12-05.58.09:885][317]LogModuleManager: Shutting down and abandoning module AvfMediaFactory (476)
[2017.07.12-05.58.09:885][317]LogModuleManager: Shutting down and abandoning module AvfMediaEditor (474)
[2017.07.12-05.58.09:885][317]LogModuleManager: Shutting down and abandoning module AndroidMediaFactory (472)
[2017.07.12-05.58.09:885][317]LogModuleManager: Shutting down and abandoning module Media (471)
[2017.07.12-05.58.09:885][317]LogModuleManager: Shutting down and abandoning module AndroidMediaEditor (468)
[2017.07.12-05.58.09:885][317]LogModuleManager: Shutting down and abandoning module CharacterAI (466)
[2017.07.12-05.58.09:885][317]LogModuleManager: Shutting down and abandoning module AudioCapture (464)
[2017.07.12-05.58.09:885][317]LogModuleManager: Shutting down and abandoning module SequenceRecorder (463)
[2017.07.12-05.58.09:885][317]LogModuleManager: Shutting down and abandoning module SmartSnapping (460)
[2017.07.12-05.58.09:885][317]LogModuleManager: Shutting down and abandoning module SessionServices (458)
[2017.07.12-05.58.09:885][317]LogModuleManager: Shutting down and abandoning module ViewportSnapping (456)
[2017.07.12-05.58.09:885][317]LogModuleManager: Shutting down and abandoning module ViewportInteraction (454)
[2017.07.12-05.58.09:885][317]LogModuleManager: Shutting down and abandoning module ClothPainter (452)
[2017.07.12-05.58.09:885][317]LogModuleManager: Shutting down and abandoning module LogVisualizer (450)
[2017.07.12-05.58.09:885][317]LogModuleManager: Shutting down and abandoning module IntroTutorials (448)
[2017.07.12-05.58.09:885][317]LogModuleManager: Shutting down and abandoning module GameProjectGeneration (447)
[2017.07.12-05.58.09:885][317]LogModuleManager: Shutting down and abandoning module EditorLiveStreaming (444)
[2017.07.12-05.58.09:885][317]LogModuleManager: Shutting down and abandoning module IOSPlatformEditor (442)
[2017.07.12-05.58.09:885][317]LogModuleManager: Shutting down and abandoning module HTML5PlatformEditor (440)
[2017.07.12-05.58.09:885][317]LogModuleManager: Shutting down and abandoning module AndroidPlatformEditor (438)
[2017.07.12-05.58.09:885][317]LogModuleManager: Shutting down and abandoning module AndroidDeviceDetection (437)
[2017.07.12-05.58.10:561][317]LogModuleManager: Shutting down and abandoning module IOSRuntimeSettings (434)
[2017.07.12-05.58.10:561][317]LogModuleManager: Shutting down and abandoning module AndroidRuntimeSettings (432)
[2017.07.12-05.58.10:561][317]LogModuleManager: Shutting down and abandoning module InputBindingEditor (430)
[2017.07.12-05.58.10:561][317]LogModuleManager: Shutting down and abandoning module MergeActors (428)
[2017.07.12-05.58.10:561][317]LogModuleManager: Shutting down and abandoning module SizeMap (426)
[2017.07.12-05.58.10:561][317]LogModuleManager: Shutting down and abandoning module TreeMap (424)
[2017.07.12-05.58.10:561][317]LogModuleManager: Shutting down and abandoning module ReferenceViewer (422)
[2017.07.12-05.58.10:561][317]LogModuleManager: Shutting down and abandoning module LocalizationDashboard (420)
[2017.07.12-05.58.10:561][317]LogModuleManager: Shutting down and abandoning module LocalizationService (419)
[2017.07.12-05.58.10:561][317]LogModuleManager: Shutting down and abandoning module HardwareTargeting (416)
[2017.07.12-05.58.10:561][317]LogModuleManager: Shutting down and abandoning module DeviceProfileEditor (414)
[2017.07.12-05.58.10:561][317]LogModuleManager: Shutting down and abandoning module UndoHistory (412)
[2017.07.12-05.58.10:561][317]LogModuleManager: Shutting down and abandoning module UserFeedback (410)
[2017.07.12-05.58.10:561][317]LogModuleManager: Shutting down and abandoning module XmlParser (408)
[2017.07.12-05.58.10:561][317]LogModuleManager: Shutting down and abandoning module Blutility (406)
[2017.07.12-05.58.10:561][317]LogModuleManager: Shutting down and abandoning module ProjectSettingsViewer (404)
[2017.07.12-05.58.10:561][317]LogModuleManager: Shutting down and abandoning module ProjectTargetPlatformEditor (403)
[2017.07.12-05.58.10:561][317]LogModuleManager: Shutting down and abandoning module EditorSettingsViewer (400)
[2017.07.12-05.58.10:561][317]LogModuleManager: Shutting down and abandoning module SettingsEditor (398)
[2017.07.12-05.58.10:561][317]LogModuleManager: Shutting down and abandoning module ProjectLauncher (396)
[2017.07.12-05.58.10:561][317]LogModuleManager: Shutting down and abandoning module SessionFrontend (394)
[2017.07.12-05.58.10:561][317]LogModuleManager: Shutting down and abandoning module ProfilerClient (392)
[2017.07.12-05.58.10:561][317]LogModuleManager: Shutting down and abandoning module DeviceManager (390)
[2017.07.12-05.58.10:561][317]LogModuleManager: Shutting down and abandoning module TargetDeviceServices (389)
[2017.07.12-05.58.10:615][317]LogModuleManager: Shutting down and abandoning module AutomationController (386)
[2017.07.12-05.58.10:615][317]LogModuleManager: Shutting down and abandoning module AutomationWindow (384)
[2017.07.12-05.58.10:615][317]LogModuleManager: Shutting down and abandoning module Layers (382)
[2017.07.12-05.58.10:615][317]LogModuleManager: Shutting down and abandoning module ComponentVisualizers (380)
[2017.07.12-05.58.10:615][317]LogModuleManager: Shutting down and abandoning module DetailCustomizations (378)
[2017.07.12-05.58.10:615][317]LogModuleManager: Shutting down and abandoning module PackagesDialog (376)
[2017.07.12-05.58.10:615][317]LogModuleManager: Shutting down and abandoning module Persona (374)
[2017.07.12-05.58.10:615][317]LogModuleManager: Shutting down and abandoning module AdvancedPreviewScene (373)
[2017.07.12-05.58.10:615][317]LogModuleManager: Shutting down and abandoning module AnimGraph (371)
[2017.07.12-05.58.10:615][317]LogModuleManager: Shutting down and abandoning module Kismet (368)
[2017.07.12-05.58.10:621][317]LogModuleManager: Shutting down and abandoning module ClassViewer (366)
[2017.07.12-05.58.10:621][317]LogModuleManager: Shutting down and abandoning module Toolbox (364)
[2017.07.12-05.58.10:621][317]LogModuleManager: Shutting down and abandoning module ModuleUI (362)
[2017.07.12-05.58.10:621][317]LogModuleManager: Shutting down and abandoning module MovieSceneTools (360)
[2017.07.12-05.58.10:621][317]LogModuleManager: Shutting down and abandoning module OutputLog (358)
[2017.07.12-05.58.10:621][317]LogModuleManager: Shutting down and abandoning module GammaUI (356)
[2017.07.12-05.58.10:621][317]LogModuleManager: Shutting down and abandoning module Documentation (354)
[2017.07.12-05.58.10:622][317]LogModuleManager: Shutting down and abandoning module MovieSceneTracks (352)
[2017.07.12-05.58.10:622][317]LogModuleManager: Shutting down and abandoning module MovieScene (350)
[2017.07.12-05.58.10:622][317]LogModuleManager: Shutting down and abandoning module Niagara (348)
[2017.07.12-05.58.10:622][317]LogModuleManager: Shutting down and abandoning module NiagaraEditor (347)
[2017.07.12-05.58.10:622][317]LogModuleManager: Shutting down and abandoning module StreamingPauseRendering (344)
[2017.07.12-05.58.10:622][317]LogModuleManager: Shutting down and abandoning module AnalyticsET (342)
[2017.07.12-05.58.10:622][317]LogModuleManager: Shutting down and abandoning module PortalServices (340)
[2017.07.12-05.58.10:622][317]LogModuleManager: Shutting down and abandoning module PortalRpc (338)
[2017.07.12-05.58.10:622][317]LogModuleManager: Shutting down and abandoning module MessagingRpc (336)
[2017.07.12-05.58.10:622][317]LogModuleManager: Shutting down and abandoning module AIModule (334)
[2017.07.12-05.58.10:622][317]LogModuleManager: Shutting down and abandoning module GameplayDebugger (333)
[2017.07.12-05.58.10:622][317]LogModuleManager: Shutting down and abandoning module AITestSuite (331)
[2017.07.12-05.58.10:622][317]LogModuleManager: Shutting down and abandoning module ProfilerService (328)
[2017.07.12-05.58.10:779][317]LogModuleManager: Shutting down and abandoning module TaskGraph (326)
[2017.07.12-05.58.10:779][317]LogModuleManager: Shutting down and abandoning module SteamVRController (324)
[2017.07.12-05.58.10:779][317]LogModuleManager: Shutting down and abandoning module SteamVR (322)
[2017.07.12-05.58.10:779][317]LogModuleManager: Shutting down and abandoning module ProceduralMeshComponentEditor (320)
[2017.07.12-05.58.10:779][317]LogModuleManager: Shutting down and abandoning module ProceduralMeshComponent (318)
[2017.07.12-05.58.10:779][317]LogModuleManager: Shutting down and abandoning module OculusLibrary (316)
[2017.07.12-05.58.10:779][317]LogModuleManager: Shutting down and abandoning module OculusInput (314)
[2017.07.12-05.58.10:779][317]LogModuleManager: Shutting down and abandoning module MobilePatchingUtils (312)
[2017.07.12-05.58.10:779][317]LogModuleManager: Shutting down and abandoning module CustomMeshComponent (310)
[2017.07.12-05.58.10:779][317]LogModuleManager: Shutting down and abandoning module CableComponent (308)
[2017.07.12-05.58.10:779][317]LogModuleManager: Shutting down and abandoning module ArchVisCharacter (306)
[2017.07.12-05.58.10:779][317]LogModuleManager: Shutting down and abandoning module AndroidPermission (304)
[2017.07.12-05.58.10:779][317]LogModuleManager: Shutting down and abandoning module MediaPlayerEditor (300)
[2017.07.12-05.58.10:779][317]LogModuleManager: Shutting down and abandoning module HTML5Networking (298)
[2017.07.12-05.58.10:779][317]LogModuleManager: Shutting down and abandoning module AlembicImporter (296)
[2017.07.12-05.58.10:779][317]LogModuleManager: Shutting down and abandoning module AlembicLibrary (295)
[2017.07.12-05.58.10:779][317]LogModuleManager: Shutting down and abandoning module GeometryCache (294)
[2017.07.12-05.58.10:779][317]LogModuleManager: Shutting down and abandoning module GeometryCacheEd (293)
[2017.07.12-05.58.10:779][317]LogModuleManager: Shutting down and abandoning module SuperSearchEditor (288)
[2017.07.12-05.58.10:779][317]LogModuleManager: Shutting down and abandoning module SuperSearch (287)
[2017.07.12-05.58.10:779][317]LogModuleManager: Shutting down and abandoning module SpeedTreeImporter (284)
[2017.07.12-05.58.10:779][317]LogModuleManager: Shutting down and abandoning module PluginBrowser (282)
[2017.07.12-05.58.10:779][317]LogModuleManager: Shutting down and abandoning module MobileLauncherProfileWizard (280)
[2017.07.12-05.58.10:779][317]LogModuleManager: Shutting down and abandoning module VisualStudioSourceCodeAccess (278)
[2017.07.12-05.58.10:779][317]LogModuleManager: Shutting down and abandoning module DesktopPlatform (277)
[2017.07.12-05.58.10:779][317]LogModuleManager: Shutting down and abandoning module UObjectPlugin (274)
[2017.07.12-05.58.10:779][317]LogModuleManager: Shutting down and abandoning module SubversionSourceControl (272)
[2017.07.12-05.58.10:779][317]LogModuleManager: Shutting down and abandoning module PerforceSourceControl (270)
[2017.07.12-05.58.10:779][317]LogModuleManager: Shutting down and abandoning module GitSourceControl (268)
[2017.07.12-05.58.10:779][317]LogModuleManager: Shutting down and abandoning module SourceControl (267)
[2017.07.12-05.58.10:779][317]LogModuleManager: Shutting down and abandoning module LightPropagationVolumeEditor (264)
[2017.07.12-05.58.10:779][317]LogModuleManager: Shutting down and abandoning module PaperTiledImporter (262)
[2017.07.12-05.58.10:779][317]LogModuleManager: Shutting down and abandoning module PaperSpriteSheetImporter (260)
[2017.07.12-05.58.10:779][317]LogModuleManager: Shutting down and abandoning module Paper2DEditor (258)
[2017.07.12-05.58.10:780][317]LogModuleManager: Shutting down and abandoning module MeshPaint (257)
[2017.07.12-05.58.10:780][317]LogModuleManager: Shutting down and abandoning module LevelEditor (255)
[2017.07.12-05.58.10:780][317]LogModuleManager: Shutting down and abandoning module PixelInspectorModule (254)
[2017.07.12-05.58.10:780][317]LogModuleManager: Shutting down and abandoning module MainFrame (252)
[2017.07.12-05.58.10:780][317]LogModuleManager: Shutting down and abandoning module HotReload (251)
[2017.07.12-05.58.10:781][317]LogModuleManager: Shutting down and abandoning module PhysXVehiclesEditor (246)
[2017.07.12-05.58.10:781][317]LogModuleManager: Shutting down and abandoning module PhysXVehicles (244)
[2017.07.12-05.58.10:781][317]LogModuleManager: Shutting down and abandoning module LocationServicesBPLibrary (242)
[2017.07.12-05.58.10:781][317]LogModuleManager: Shutting down and abandoning module ImmediatePhysicsEditor (240)
[2017.07.12-05.58.10:781][317]LogModuleManager: Shutting down and abandoning module ImmediatePhysics (238)
[2017.07.12-05.58.10:781][317]LogModuleManager: Shutting down and abandoning module UdpMessaging (236)
[2017.07.12-05.58.10:882][317]LogModuleManager: Shutting down and abandoning module TcpMessaging (234)
[2017.07.12-05.58.10:983][317]LogModuleManager: Shutting down and abandoning module GameplayTagsEditor (232)
[2017.07.12-05.58.10:983][317]LogModuleManager: Shutting down and abandoning module FacialAnimationEditor (230)
[2017.07.12-05.58.10:983][317]LogModuleManager: Shutting down and abandoning module FacialAnimation (228)
[2017.07.12-05.58.10:983][317]LogModuleManager: Shutting down and abandoning module AssetManagerEditor (226)
[2017.07.12-05.58.10:983][317]LogModuleManager: Shutting down and abandoning module GraphEditor (225)
[2017.07.12-05.58.10:983][317]LogModuleManager: Shutting down and abandoning module ContentBrowser (223)
[2017.07.12-05.58.10:983][317]LogModuleManager: Shutting down and abandoning module LightPropagationVolumeRuntime (220)
[2017.07.12-05.58.10:983][317]LogModuleManager: Shutting down and abandoning module Paper2D (218)
[2017.07.12-05.58.10:984][317]LogModuleManager: Shutting down and abandoning module WindowsMoviePlayer (216)
[2017.07.12-05.58.10:984][317]LogModuleManager: Shutting down and abandoning module WmfMedia (214)
[2017.07.12-05.58.10:984][317]LogModuleManager: Shutting down and abandoning module ClothingSystemEditor (212)
[2017.07.12-05.58.10:984][317]LogModuleManager: Shutting down and abandoning module ClothingSystemRuntime (210)
[2017.07.12-05.58.10:984][317]LogModuleManager: Shutting down and abandoning module MediaAssets (208)
[2017.07.12-05.58.10:984][317]LogModuleManager: Shutting down and abandoning module GameLiveStreaming (206)
[2017.07.12-05.58.10:984][317]LogModuleManager: Shutting down and abandoning module VREditor (204)
[2017.07.12-05.58.10:984][317]LogModuleManager: Shutting down and abandoning module StringTableEditor (202)
[2017.07.12-05.58.10:984][317]LogModuleManager: Shutting down and abandoning module GameplayTasksEditor (200)
[2017.07.12-05.58.10:984][317]LogModuleManager: Shutting down and abandoning module BehaviorTreeEditor (198)
[2017.07.12-05.58.10:984][317]LogModuleManager: Shutting down and abandoning module FunctionalTesting (196)
[2017.07.12-05.58.10:984][317]LogModuleManager: Shutting down and abandoning module CollisionAnalyzer (194)
[2017.07.12-05.58.10:984][317]LogModuleManager: Shutting down and abandoning module UMG (192)
[2017.07.12-05.58.10:984][317]LogModuleManager: Shutting down and abandoning module UMGEditor (191)
[2017.07.12-05.58.10:984][317]LogModuleManager: Shutting down and abandoning module Sequencer (190)
[2017.07.12-05.58.10:984][317]LogModuleManager: Shutting down and abandoning module AssetTools (188)
[2017.07.12-05.58.10:984][317]LogModuleManager: Shutting down and abandoning module MessageLog (187)
[2017.07.12-05.58.10:984][317]LogModuleManager: Shutting down and abandoning module WorkspaceMenuStructure (186)
[2017.07.12-05.58.10:984][317]LogModuleManager: Shutting down and abandoning module SlateReflector (180)
[2017.07.12-05.58.10:984][317]LogModuleManager: Shutting down and abandoning module Slate (178)
[2017.07.12-05.58.10:984][317]LogModuleManager: Shutting down and abandoning module EditorStyle (176)
[2017.07.12-05.58.10:986][317]LogModuleManager: Shutting down and abandoning module SourceCodeAccess (174)
[2017.07.12-05.58.10:986][317]LogModuleManager: Shutting down and abandoning module HeadMountedDisplay (172)
[2017.07.12-05.58.10:986][317]LogModuleManager: Shutting down and abandoning module XAudio2 (170)
[2017.07.12-05.58.10:986][317]LogModuleManager: Shutting down and abandoning module Networking (168)
[2017.07.12-05.58.10:986][317]LogModuleManager: Shutting down and abandoning module Core (164)
[2017.07.12-05.58.10:986][317]LogModuleManager: Shutting down and abandoning module AssetRegistry (162)
[2017.07.12-05.58.11:091][317]LogDirectoryWatcher: A directory notification for '../../../Engine/Content/' was aborted.
[2017.07.12-05.58.11:091][317]LogDirectoryWatcher: A directory notification for '../../../../../../supers-master/supers-master 4.16/supers/Content/' was aborted.
[2017.07.12-05.58.11:091][317]LogDirectoryWatcher: A directory notification for '../../../Engine/Plugins/2D/Paper2D/Content/' was aborted.
[2017.07.12-05.58.11:091][317]LogDirectoryWatcher: A directory notification for '../../../Engine/Plugins/Runtime/GearVR/Content/' was aborted.
[2017.07.12-05.58.11:095][317]LogModuleManager: Shutting down and abandoning module DirectoryWatcher (161)
[2017.07.12-05.58.11:095][317]LogModuleManager: Shutting down and abandoning module KismetCompiler (158)
[2017.07.12-05.58.11:095][317]LogModuleManager: Shutting down and abandoning module LevelSequence (156)
[2017.07.12-05.58.11:095][317]LogModuleManager: Shutting down and abandoning module PhysXFormats (154)
[2017.07.12-05.58.11:095][317]LogModuleManager: Shutting down and abandoning module MeshUtilities (152)
[2017.07.12-05.58.11:095][317]LogModuleManager: Shutting down and abandoning module SimplygonSwarm (151)
[2017.07.12-05.58.11:095][317]LogModuleManager: Shutting down and abandoning module SimplygonMeshReduction (149)
[2017.07.12-05.58.11:095][317]LogModuleManager: Shutting down and abandoning module QuadricMeshReduction (147)
[2017.07.12-05.58.11:095][317]LogModuleManager: Shutting down and abandoning module DerivedDataCache (144)
[2017.07.12-05.58.11:098][317]LogDerivedDataCache: Shutdown
[2017.07.12-05.58.11:098][317]LogModuleManager: Shutting down and abandoning module TargetPlatform (142)
[2017.07.12-05.58.11:098][317]LogModuleManager: Shutting down and abandoning module VulkanShaderFormat (141)
[2017.07.12-05.58.11:098][317]LogModuleManager: Shutting down and abandoning module ShaderFormatVectorVM (139)
[2017.07.12-05.58.11:098][317]LogModuleManager: Shutting down and abandoning module ShaderFormatOpenGL (137)
[2017.07.12-05.58.11:098][317]LogModuleManager: Shutting down and abandoning module ShaderFormatD3D (135)
[2017.07.12-05.58.11:098][317]LogModuleManager: Shutting down and abandoning module MetalShaderFormat (133)
[2017.07.12-05.58.11:098][317]LogModuleManager: Shutting down and abandoning module TextureFormatUncompressed (131)
[2017.07.12-05.58.11:098][317]LogModuleManager: Shutting down and abandoning module TextureFormatPVR (129)
[2017.07.12-05.58.11:098][317]LogModuleManager: Shutting down and abandoning module TextureFormatDXT (127)
[2017.07.12-05.58.11:098][317]LogModuleManager: Shutting down and abandoning module TextureFormatIntelISPCTexComp (125)
[2017.07.12-05.58.11:098][317]LogModuleManager: Shutting down and abandoning module TextureFormatASTC (123)
[2017.07.12-05.58.11:098][317]LogModuleManager: Shutting down and abandoning module ImageWrapper (122)
[2017.07.12-05.58.11:098][317]LogModuleManager: Shutting down and abandoning module TextureFormatAndroid (119)
[2017.07.12-05.58.11:098][317]LogModuleManager: Shutting down and abandoning module AudioFormatOpus (117)
[2017.07.12-05.58.11:098][317]LogModuleManager: Shutting down and abandoning module AudioFormatOgg (115)
[2017.07.12-05.58.11:098][317]LogModuleManager: Shutting down and abandoning module AudioFormatADPCM (113)
[2017.07.12-05.58.11:098][317]LogModuleManager: Shutting down and abandoning module LinuxTargetPlatform (111)
[2017.07.12-05.58.11:098][317]LogModuleManager: Shutting down and abandoning module LinuxServerTargetPlatform (109)
[2017.07.12-05.58.11:098][317]LogModuleManager: Shutting down and abandoning module LinuxNoEditorTargetPlatform (107)
[2017.07.12-05.58.11:098][317]LogModuleManager: Shutting down and abandoning module LinuxClientTargetPlatform (105)
[2017.07.12-05.58.11:098][317]LogModuleManager: Shutting down and abandoning module TVOSTargetPlatform (103)
[2017.07.12-05.58.11:098][317]LogModuleManager: Shutting down and abandoning module Messaging (101)
[2017.07.12-05.58.11:098][317]LogModuleManager: Shutting down and abandoning module IOSTargetPlatform (99)
[2017.07.12-05.58.11:098][317]LogModuleManager: Shutting down and abandoning module HTML5TargetPlatform (97)
[2017.07.12-05.58.11:098][317]LogModuleManager: Shutting down and abandoning module Android_PVRTCTargetPlatform (95)
[2017.07.12-05.58.11:098][317]LogModuleManager: Shutting down and abandoning module Android_MultiTargetPlatform (93)
[2017.07.12-05.58.11:098][317]LogModuleManager: Shutting down and abandoning module Android_ETC2TargetPlatform (91)
[2017.07.12-05.58.11:098][317]LogModuleManager: Shutting down and abandoning module Android_ETC1TargetPlatform (89)
[2017.07.12-05.58.11:098][317]LogModuleManager: Shutting down and abandoning module Android_DXTTargetPlatform (87)
[2017.07.12-05.58.11:098][317]LogModuleManager: Shutting down and abandoning module Android_ATCTargetPlatform (85)
[2017.07.12-05.58.11:098][317]LogModuleManager: Shutting down and abandoning module Android_ASTCTargetPlatform (83)
[2017.07.12-05.58.11:098][317]LogModuleManager: Shutting down and abandoning module AndroidTargetPlatform (81)
[2017.07.12-05.58.11:098][317]LogModuleManager: Shutting down and abandoning module WindowsTargetPlatform (79)
[2017.07.12-05.58.11:098][317]LogModuleManager: Shutting down and abandoning module WindowsServerTargetPlatform (77)
[2017.07.12-05.58.11:098][317]LogModuleManager: Shutting down and abandoning module WindowsNoEditorTargetPlatform (75)
[2017.07.12-05.58.11:098][317]LogModuleManager: Shutting down and abandoning module WindowsClientTargetPlatform (73)
[2017.07.12-05.58.11:098][317]LogModuleManager: Shutting down and abandoning module MacTargetPlatform (71)
[2017.07.12-05.58.11:098][317]LogModuleManager: Shutting down and abandoning module MacServerTargetPlatform (69)
[2017.07.12-05.58.11:098][317]LogModuleManager: Shutting down and abandoning module MacNoEditorTargetPlatform (67)
[2017.07.12-05.58.11:098][317]LogModuleManager: Shutting down and abandoning module MacClientTargetPlatform (65)
[2017.07.12-05.58.11:098][317]LogModuleManager: Shutting down and abandoning module AllDesktopTargetPlatform (63)
[2017.07.12-05.58.11:098][317]LogModuleManager: Shutting down and abandoning module InputCore (60)
[2017.07.12-05.58.11:098][317]LogModuleManager: Shutting down and abandoning module Settings (58)
[2017.07.12-05.58.11:098][317]LogModuleManager: Shutting down and abandoning module OculusRift (56)
[2017.07.12-05.58.11:098][317]LogModuleManager: Shutting down and abandoning module GearVRController (54)
[2017.07.12-05.58.11:098][317]LogModuleManager: Shutting down and abandoning module GearVR (52)
[2017.07.12-05.58.11:098][317]LogModuleManager: Shutting down and abandoning module ExampleDeviceProfileSelector (50)
[2017.07.12-05.58.11:098][317]LogModuleManager: Shutting down and abandoning module OnlineBlueprintSupport (48)
[2017.07.12-05.58.11:098][317]LogModuleManager: Shutting down and abandoning module OnlineSubsystem (44)
[2017.07.12-05.58.11:098][317]LogOnline:Display: Unloading online subsystem: NULL
[2017.07.12-05.58.11:098][317]LogModuleManager: Shutting down and abandoning module XMPP (43)
[2017.07.12-05.58.11:098][317]LogModuleManager: Shutting down and abandoning module HTTP (41)
[2017.07.12-05.58.11:098][317]LogHttp:Display: Http module shutting down, but needs to wait on 1 outstanding Http requests:
[2017.07.12-05.58.11:098][317]LogHttp:Display: 	verb=[POST] url=[https://datarouter.ol.epicgames.com/datarouter/api/v1/public/data?SessionID=%7BF29BA467-4C5C-AB0B-7DD5-20900991EBEC%7D&AppID=UEEditor.Rocket.Release&AppVersion=4.16.2-3514769%2B%2B%2BUE4%2BRelease-4.16&UserID=ccbd696a430c42306ac6d1845b8e8cc2%7Cbccad1b3b1304992b6c7a115ad0c5f38%7C64686fe7-a4cd-47f8-aa0b-7720796a3ca2&AppEnvironment=datacollector-binary&UploadType=eteventstream] status=Processing
[2017.07.12-05.58.11:114][317]LogModuleManager: Shutting down and abandoning module SSL (40)
[2017.07.12-05.58.11:115][317]LogModuleManager: Shutting down and abandoning module HTTPChunkInstaller (36)
[2017.07.12-05.58.11:115][317]LogModuleManager: Shutting down and abandoning module AnimationModifiers (34)
[2017.07.12-05.58.11:115][317]LogModuleManager: Shutting down and abandoning module PropertyEditor (33)
[2017.07.12-05.58.11:115][317]LogModuleManager: Shutting down and abandoning module AudioEditor (30)
[2017.07.12-05.58.11:115][317]LogModuleManager: Shutting down and abandoning module TextureCompressor (28)
[2017.07.12-05.58.11:115][317]LogModuleManager: Shutting down and abandoning module ShaderCore (26)
[2017.07.12-05.58.11:115][317]LogModuleManager: Shutting down and abandoning module Landscape (24)
[2017.07.12-05.58.11:116][317]LogModuleManager: Shutting down and abandoning module SlateRHIRenderer (22)
[2017.07.12-05.58.11:116][317]LogModuleManager: Shutting down and abandoning module OpenGLDrv (20)
[2017.07.12-05.58.11:116][317]LogModuleManager: Shutting down and abandoning module D3D11RHI (18)
[2017.07.12-05.58.11:116][317]LogModuleManager: Shutting down and abandoning module AnimGraphRuntime (16)
[2017.07.12-05.58.11:116][317]LogModuleManager: Shutting down and abandoning module Renderer (14)
[2017.07.12-05.58.11:116][317]LogModuleManager: Shutting down and abandoning module Engine (12)
[2017.07.12-05.58.11:116][317]LogModuleManager: Shutting down and abandoning module CoreUObject (10)
[2017.07.12-05.58.11:116][317]LogModuleManager: Shutting down and abandoning module NetworkFile (8)
[2017.07.12-05.58.11:116][317]LogModuleManager: Shutting down and abandoning module StreamingFile (6)
[2017.07.12-05.58.11:116][317]LogModuleManager: Shutting down and abandoning module SandboxFile (4)
[2017.07.12-05.58.11:116][317]LogModuleManager: Shutting down and abandoning module PakFile (2)
[2017.07.12-05.58.11:118][317]LogExit: Exiting.
[2017.07.12-05.58.11:133][317]Log file closed, 07/11/17 22:58:11
