Log file open, 06/16/17 20:40:31
LogInit:Display: Running engine for game: Supers
LogPlatformFile: Not using cached read wrapper
LogInit:Display: RandInit(1804331007) SRandInit(1804331008).
LogTaskGraph: Started task graph with 5 named threads and 8 total threads with 1 sets of task threads.
LogStats: Stats thread started at 0.087467
LogInit: Using libcurl 7.47.1
LogInit:  - built for x86_64-pc-win32
LogInit:  - supports SSL with OpenSSL/1.0.2g
LogInit:  - supports HTTP deflate (compression) using libz 1.2.8
LogInit:  - other features:
LogInit:      CURL_VERSION_SSL
LogInit:      CURL_VERSION_LIBZ
LogInit:      CURL_VERSION_IPV6
LogInit:      CURL_VERSION_ASYNCHDNS
LogInit:      CURL_VERSION_LARGEFILE
LogInit:      CURL_VERSION_IDN
LogInit:  CurlRequestOptions (configurable via config and command line):
LogInit:  - bVerifyPeer = false  - Libcurl will NOT verify peer certificate
LogInit:  - bUseHttpProxy = false  - Libcurl will NOT use HTTP proxy
LogInit:  - bDontReuseConnections = false  - Libcurl will reuse connections
LogInit:  - CertBundlePath = nullptr  - Libcurl will use whatever was configured at build time.
LogInit: Build: ++UE4+Release-4.16-CL-3466753
LogInit: Engine Version: 4.16.1-3466753+++UE4+Release-4.16
LogInit: Compatible Engine Version: 4.16.0-3452394+++UE4+Release-4.16
LogInit: Net CL: 3452394
LogDevObjectVersion: Number of dev versions registered: 16
LogDevObjectVersion:   Dev-Blueprints (B0D832E4-1F89-4F0D-ACCF-7EB736FD4AA2): 9
LogDevObjectVersion:   Dev-Build (E1C64328-A22C-4D53-A36C-8E866417BD8C): 0
LogDevObjectVersion:   Dev-Core (375EC13C-06E4-48FB-B500-84F0262A717E): 2
LogDevObjectVersion:   Dev-Editor (E4B068ED-F494-42E9-A231-DA0B2E46BB41): 17
LogDevObjectVersion:   Dev-Framework (CFFC743F-43B0-4480-9391-14DF171D2073): 23
LogDevObjectVersion:   Dev-Mobile (B02B49B5-BB20-44E9-A304-32B752E40360): 0
LogDevObjectVersion:   Dev-Networking (A4E4105C-59A1-49B5-A7C5-40C4547EDFEE): 0
LogDevObjectVersion:   Dev-Online (39C831C9-5AE6-47DC-9A44-9C173E1C8E7C): 0
LogDevObjectVersion:   Dev-Physics (78F01B33-EBEA-4F98-B9B4-84EACCB95AA2): 0
LogDevObjectVersion:   Dev-Platform (6631380F-2D4D-43E0-8009-CF276956A95A): 0
LogDevObjectVersion:   Dev-Rendering (12F88B9F-8875-4AFC-A67C-D90C383ABD29): 15
LogDevObjectVersion:   Dev-Sequencer (7B5AE74C-D270-4C10-A958-57980B212A5A): 4
LogDevObjectVersion:   Dev-VR (D7296918-1DD6-4BDD-9DE2-64A83CC13884): 0
LogDevObjectVersion:   Dev-LoadTimes (C2A15278-BFE7-4AFE-6C17-90FF531DF755): 1
LogDevObjectVersion:   Private-Geometry (6EACA3D4-40EC-4CC1-B786-8BED09428FC5): 1
LogDevObjectVersion:   Dev-AnimPhys (29E575DD-E0A3-4627-9D10-D276232CDCEA): 3
LogInit: Compiled (64-bit): May 31 2017 02:03:30
LogInit: Compiled with Visual C++: 19.00.24215.01
LogInit: Build Configuration: Development
LogInit: Branch Name: ++UE4+Release-4.16
LogInit: Command line:  
LogInit: Base directory: C:/Program Files/Epic Games/UE_4.16/Engine/Binaries/Win64/
LogInit: Installed Engine Build: 1
LogInit: Presizing for max 8388607 objects, including 0 objects not considered by GC, pre-allocating 0 bytes for permanent pool.
LogInit: Object subsystem initialized
[2017.06.17-03.40.31:499][  0]LogInit: Selected Device Profile: [Windows]
[2017.06.17-03.40.31:499][  0]LogInit: Applying CVar settings loaded from the selected device profile: [Windows]
[2017.06.17-03.40.31:524][  0]LogInit: Computer: DESKTOP-2T88I18
[2017.06.17-03.40.31:524][  0]LogInit: User: NewXB
[2017.06.17-03.40.31:524][  0]LogInit: CPU Page size=4096, Cores=4
[2017.06.17-03.40.31:524][  0]LogInit: High frequency timer resolution =2.648439 MHz
[2017.06.17-03.40.31:524][  0]LogMemory: Memory total: Physical=31.9GB (32GB approx)
[2017.06.17-03.40.31:524][  0]LogMemory: Platform Memory Stats for Windows
[2017.06.17-03.40.31:524][  0]LogMemory: Process Physical Memory: 273.54 MB used, 273.54 MB peak
[2017.06.17-03.40.31:524][  0]LogMemory: Process Virtual Memory: 260.89 MB used, 260.89 MB peak
[2017.06.17-03.40.31:524][  0]LogMemory: Physical Memory: 8847.14 MB used,  23856.60 MB free, 32703.74 MB total
[2017.06.17-03.40.31:524][  0]LogMemory: Virtual Memory: 638.44 MB used,  23856.60 MB free, 134217728.00 MB total
[2017.06.17-03.40.32:045][  0]LogInit: Using OS detected language (en-US).
[2017.06.17-03.40.32:045][  0]LogInit: Using OS detected locale (en-US).
[2017.06.17-03.40.32:077][  0]LogTextLocalizationManager: No specific localization for 'en-US' exists, so the 'en' localization will be used.
[2017.06.17-03.40.34:444][  0]LogD3D11RHI: D3D11 adapters:
[2017.06.17-03.40.34:966][  0]LogD3D11RHI:    0. 'NVIDIA GeForce GTX 1070' (Feature Level 11_0)
[2017.06.17-03.40.34:966][  0]LogD3D11RHI:       8113/0/16351 MB DedicatedVideo/DedicatedSystem/SharedSystem, Outputs:1, VendorId:0x10de
[2017.06.17-03.40.34:967][  0]LogD3D11RHI:    1. 'Microsoft Basic Render Driver' (Feature Level 11_0)
[2017.06.17-03.40.34:968][  0]LogD3D11RHI:       0/0/16351 MB DedicatedVideo/DedicatedSystem/SharedSystem, Outputs:0, VendorId:0x1414
[2017.06.17-03.40.34:968][  0]LogD3D11RHI: Chosen D3D11 Adapter: 0
[2017.06.17-03.40.34:974][  0]LogD3D11RHI: Creating new Direct3DDevice
[2017.06.17-03.40.34:974][  0]LogD3D11RHI:     GPU DeviceId: 0x1be1 (for the marketing name, search the web for "GPU Device Id")
[2017.06.17-03.40.34:974][  0]LogWindows: EnumDisplayDevices:
[2017.06.17-03.40.34:974][  0]LogWindows:    0. 'NVIDIA GeForce GTX 1070' (P:1 D:1)
[2017.06.17-03.40.34:974][  0]LogWindows:    1. 'NVIDIA GeForce GTX 1070' (P:0 D:0)
[2017.06.17-03.40.34:974][  0]LogWindows:    2. 'NVIDIA GeForce GTX 1070' (P:0 D:0)
[2017.06.17-03.40.34:974][  0]LogWindows:    3. 'NVIDIA GeForce GTX 1070' (P:0 D:0)
[2017.06.17-03.40.34:974][  0]LogWindows: DebugString: FoundDriverCount:4 
[2017.06.17-03.40.34:974][  0]LogD3D11RHI:     Adapter Name: NVIDIA GeForce GTX 1070
[2017.06.17-03.40.34:974][  0]LogD3D11RHI:   Driver Version: 382.33 (internal:22.21.13.8233, unified:382.33)
[2017.06.17-03.40.34:974][  0]LogD3D11RHI:      Driver Date: 5-17-2017
[2017.06.17-03.40.34:974][  0]LogRHI: Texture pool is 1361 MB (70% of 1945 MB)
[2017.06.17-03.40.35:464][  0]LogD3D11RHI: Async texture creation enabled
[2017.06.17-03.40.35:503][  0]LogD3D11RHI: GPU Timing Frequency: 1000.000000 (Debug: 2 1)
[2017.06.17-03.40.35:547][  0]LogShaderCompilers: Guid format shader working directory is -11 characters bigger than the processId version (../../../../../../supers-master/supers-master 4.16/supers/Intermediate/Shaders/WorkingDirectory/2560/).
[2017.06.17-03.40.35:547][  0]LogShaderCompilers: Cleaned the shader compiler working directory 'C:/Users/NewXB/AppData/Local/Temp/UnrealShaderWorkingDir/EAA5B7CA45A06B979214E999217EF033/'.
[2017.06.17-03.40.35:547][  0]LogShaderCompilers:Display: Using Local Shader Compiler.
[2017.06.17-03.40.37:196][  0]LogTemp:Display: Loaded TP AllDesktopTargetPlatform
[2017.06.17-03.40.37:251][  0]LogTemp:Display: Loaded TP MacClientTargetPlatform
[2017.06.17-03.40.37:303][  0]LogTemp:Display: Loaded TP MacNoEditorTargetPlatform
[2017.06.17-03.40.37:351][  0]LogTemp:Display: Loaded TP MacServerTargetPlatform
[2017.06.17-03.40.37:405][  0]LogTemp:Display: Loaded TP MacTargetPlatform
[2017.06.17-03.40.37:455][  0]LogTemp:Display: Loaded TP WindowsClientTargetPlatform
[2017.06.17-03.40.37:504][  0]LogTemp:Display: Loaded TP WindowsNoEditorTargetPlatform
[2017.06.17-03.40.37:554][  0]LogTemp:Display: Loaded TP WindowsServerTargetPlatform
[2017.06.17-03.40.37:599][  0]LogTemp:Display: Loaded TP WindowsTargetPlatform
[2017.06.17-03.40.37:650][  0]LogTemp:Display: Loaded TP AndroidTargetPlatform
[2017.06.17-03.40.37:699][  0]LogTemp:Display: Loaded TP Android_ASTCTargetPlatform
[2017.06.17-03.40.37:747][  0]LogTemp:Display: Loaded TP Android_ATCTargetPlatform
[2017.06.17-03.40.37:796][  0]LogTemp:Display: Loaded TP Android_DXTTargetPlatform
[2017.06.17-03.40.37:843][  0]LogTemp:Display: Loaded TP Android_ETC1TargetPlatform
[2017.06.17-03.40.37:893][  0]LogTemp:Display: Loaded TP Android_ETC2TargetPlatform
[2017.06.17-03.40.37:988][  0]LogTemp:Display: Loaded TP Android_MultiTargetPlatform
[2017.06.17-03.40.37:988][  0]LogTemp:Display: Loaded TP Android_PVRTCTargetPlatform
[2017.06.17-03.40.38:027][  0]LogTemp:Display: Loaded TP HTML5TargetPlatform
[2017.06.17-03.40.38:122][  0]LogTemp:Display: Loaded TP IOSTargetPlatform
[2017.06.17-03.40.38:152][  0]LogTemp:Display: Loaded TP TVOSTargetPlatform
[2017.06.17-03.40.38:205][  0]LogTemp:Display: Loaded TP LinuxClientTargetPlatform
[2017.06.17-03.40.38:253][  0]LogTemp:Display: Loaded TP LinuxNoEditorTargetPlatform
[2017.06.17-03.40.38:300][  0]LogTemp:Display: Loaded TP LinuxServerTargetPlatform
[2017.06.17-03.40.38:352][  0]LogTemp:Display: Loaded TP LinuxTargetPlatform
[2017.06.17-03.40.38:352][  0]LogTargetPlatformManager:Display: Building Assets For Windows
[2017.06.17-03.40.38:869][  0]LogDerivedDataCache:Display: Max Cache Size: 512 MB
[2017.06.17-03.40.38:955][  0]LogDerivedDataCache: Loaded boot cache 0.09s 89MB C:/Users/NewXB/AppData/Local/UnrealEngine/4.16/DerivedDataCache/Boot.ddc.
[2017.06.17-03.40.38:955][  0]LogDerivedDataCache:Display: Loaded Boot cache: C:/Users/NewXB/AppData/Local/UnrealEngine/4.16/DerivedDataCache/Boot.ddc
[2017.06.17-03.40.38:956][  0]LogDerivedDataCache: FDerivedDataBackendGraph:  Pak pak cache file ../../../../../../supers-master/supers-master 4.16/supers/DerivedDataCache/DDC.ddp not found, will not use a pak cache.
[2017.06.17-03.40.38:956][  0]LogDerivedDataCache: Unable to find inner node Pak for hierarchical cache Hierarchy.
[2017.06.17-03.40.38:956][  0]LogDerivedDataCache: FDerivedDataBackendGraph:  CompressedPak pak cache file ../../../../../../supers-master/supers-master 4.16/supers/DerivedDataCache/Compressed.ddp not found, will not use a pak cache.
[2017.06.17-03.40.38:956][  0]LogDerivedDataCache: Unable to find inner node CompressedPak for hierarchical cache Hierarchy.
[2017.06.17-03.40.38:973][  0]LogDerivedDataCache:Display: Pak cache opened for reading ../../../Engine/DerivedDataCache/Compressed.ddp.
[2017.06.17-03.40.38:985][  0]LogDerivedDataCache: Using Local data cache path C:/Users/NewXB/AppData/Local/UnrealEngine/Common/DerivedDataCache: Writable
[2017.06.17-03.40.38:993][  0]LogMaterial: Verifying Global Shaders for PCD3D_SM5
[2017.06.17-03.40.38:994][  0]LogSlate: Using Freetype 2.6.0
[2017.06.17-03.40.39:003][  0]LogSlate: SlateFontCache - WITH_FREETYPE: 1, WITH_HARFBUZZ: 1
[2017.06.17-03.40.39:003][  0]LogSlate: SlateFontCache - WITH_FREETYPE: 1, WITH_HARFBUZZ: 1
[2017.06.17-03.40.39:404][  0]LogInit: Selected Device Profile: [Windows]
[2017.06.17-03.40.39:514][  0]LogContentStreaming: Texture pool size is 0.00 MB
[2017.06.17-03.40.39:690][  0]LogMeshUtilities: Using QuadricMeshReduction for automatic static mesh reduction
[2017.06.17-03.40.39:734][  0]LogSimplygon: Simplygon DLL not present - disabling.
[2017.06.17-03.40.39:785][  0]LogMeshUtilities: Using SimplygonSwarm for distributed automatic mesh merging
[2017.06.17-03.40.39:785][  0]LogMeshUtilities: No automatic skeletal mesh reduction module available
[2017.06.17-03.40.39:785][  0]LogMeshUtilities: No automatic mesh merging module available
[2017.06.17-03.40.40:783][  0]LogNetVersion: Supers , NetCL: 3452394, EngineNetVer: 2, GameNetVer: 0 (Checksum: 3304520363)
[2017.06.17-03.40.40:858][  0]LogAssetRegistry: FAssetRegistry took 0.0254 seconds to start up
[2017.06.17-03.40.40:923][  0]LogPackageLocalizationCache: Processed 4 localized package path(s) for 2 prioritized culture(s) in 0.043921 seconds
[2017.06.17-03.40.40:927][  0]LogUObjectArray: 34194 objects as part of root set at end of initial load.
[2017.06.17-03.40.40:927][  0]LogUObjectAllocator: 7260416 out of 0 bytes used by permanent object pool.
[2017.06.17-03.40.40:927][  0]LogUObjectArray: CloseDisregardForGC: 0/0 objects in disregard for GC pool
[2017.06.17-03.40.40:987][  0]LogInit: WinSock: version 1.1 (2.2), MaxSocks=32767, MaxUdp=65467
[2017.06.17-03.40.44:539][  0]LogTcpMessaging: Initializing TcpMessaging bridge
[2017.06.17-03.40.44:578][  0]LogUdpMessaging: Initializing bridge on interface 0.0.0.0:0 to multicast group 230.0.0.1:6666.
[2017.06.17-03.40.45:180][  0]LogMaterial: Uniform references updated for custom material expression Custom.
[2017.06.17-03.40.45:660][  0]SourceControl: Info Source control is disabled
[2017.06.17-03.40.45:720][  0]SourceControl: Info Source control is disabled
[2017.06.17-03.40.45:769][  0]SourceControl: Info Source control is disabled
[2017.06.17-03.40.45:818][  0]SourceControl: Info Source control is disabled
[2017.06.17-03.40.46:523][  0]LogAndroidPermission: UAndroidPermissionCallbackProxy::GetInstance
[2017.06.17-03.40.47:143][  0]LogEngine: Initializing Engine...
[2017.06.17-03.40.47:172][  0]LogHMD: Failed to initialize OpenVR with code 126
[2017.06.17-03.40.47:482][  0]LogStats: UGameplayTagsManager::ConstructGameplayTagTree: Construct from data asset -  0.000 s
[2017.06.17-03.40.47:482][  0]LogStats: UGameplayTagsManager::ConstructGameplayTagTree: GameplayTagTreeChangedEvent.Broadcast -  0.000 s
[2017.06.17-03.40.47:618][  0]LogAIModule: Creating AISystem for world Untitled
[2017.06.17-03.40.47:632][  0]LogInit: XAudio2 using 'Headset Earphone (HyperX 7.1 Audio)' : 2 channels at 44.1 kHz using 16 bits per sample (channel mask 0x3)
[2017.06.17-03.40.47:668][  0]LogInit: FAudioDevice initialized.
[2017.06.17-03.40.47:707][  0]LogDerivedDataCache: Saved boot cache 0.04s 89MB C:/Users/NewXB/AppData/Local/UnrealEngine/4.16/DerivedDataCache/Boot.ddc.
[2017.06.17-03.40.47:718][  0]LogInit: Texture streaming: Enabled
[2017.06.17-03.40.47:814][  0]LogEngineSessionManager: EngineSessionManager initialized
[2017.06.17-03.40.48:065][  0]LogInit: Transaction tracking system initialized
[2017.06.17-03.40.48:419][  0]BlueprintLog: New page: Editor Load
[2017.06.17-03.40.49:381][  0]LocalizationService: Info Localization service is disabled
[2017.06.17-03.40.50:086][  0]LogConsoleResponse:Display: 
[2017.06.17-03.40.50:435][  0]LogCook:Display: Max memory allowance for cook 16384mb min free memory 0mb
[2017.06.17-03.40.50:436][  0]LogCook:Display: Mobile HDR setting 1
[2017.06.17-03.40.50:581][  0]LogFileCache: Scanning file cache for directory 'C:/supers-master/supers-master 4.16/supers/Content/' took 0.02s
[2017.06.17-03.40.51:510][  0]SourceControl: Info Source control is disabled
[2017.06.17-03.40.51:510][  0]Cmd: MAP LOAD FILE="../../../../../../supers-master/supers-master 4.16/supers/Content/TwinStickBP/Maps/TwinStickExampleMap.umap" TEMPLATE=0 SHOWPROGRESS=1 FEATURELEVEL=3
[2017.06.17-03.40.51:514][  0]LightingResults: New page: Lighting Build
[2017.06.17-03.40.51:561][  0]MapCheck: New page: Map Check
[2017.06.17-03.40.51:561][  0]LightingResults: New page: Lighting Build
[2017.06.17-03.40.51:839][  0]LogBlueprint:Warning: Node '/Game/StarterContent/Blueprints/Blueprint_Effect_Sparks.Blueprint_Effect_Sparks:EdGraph_0.K2Node_FunctionEntry_37' missing NodeGuid because of upgrade from old package version, this can cause deterministic cooking issues please resave package.
[2017.06.17-03.40.51:840][  0]LogBlueprint:Warning: Node '/Game/StarterContent/Blueprints/Blueprint_Effect_Sparks.Blueprint_Effect_Sparks:EdGraph_1.K2Node_FunctionEntry_37' missing NodeGuid because of upgrade from old package version, this can cause deterministic cooking issues please resave package.
[2017.06.17-03.40.52:019][  0]LogBlueprint:Warning: Node '/Game/StarterContent/Blueprints/Blueprint_Effect_Sparks.Blueprint_Effect_Sparks:EdGraph_2.K2Node_FunctionEntry_37' missing NodeGuid because of upgrade from old package version, this can cause deterministic cooking issues please resave package.
[2017.06.17-03.40.52:341][  0]LogBlueprint:Warning: Node '/Game/StarterContent/Audio/Fire_Sparks01_Cue.Fire_Sparks01_Cue:SoundCueGraph_7.SoundCueGraphNode_6' missing NodeGuid because of upgrade from old package version, this can cause deterministic cooking issues please resave package.
[2017.06.17-03.40.52:341][  0]LogBlueprint:Warning: Node '/Game/StarterContent/Audio/Fire_Sparks01_Cue.Fire_Sparks01_Cue:SoundCueGraph_7.SoundCueGraphNode_Root_7' missing NodeGuid because of upgrade from old package version, this can cause deterministic cooking issues please resave package.
[2017.06.17-03.40.52:341][  0]LogBlueprint:Warning: Node '/Game/StarterContent/Blueprints/Blueprint_Effect_Sparks.Blueprint_Effect_Sparks:UserConstructionScript.K2Node_FunctionEntry_37' missing NodeGuid because of upgrade from old package version, this can cause deterministic cooking issues please resave package.
[2017.06.17-03.40.52:559][  0]LogAIModule: Creating AISystem for world TwinStickExampleMap
[2017.06.17-03.40.52:582][  0]LogEditorServer: Finished looking for orphan Actors (0.000 secs)
[2017.06.17-03.40.52:602][  0]Cmd: MAP CHECKDEP NOCLEARLOG
[2017.06.17-03.40.52:686][  0]MapCheck:Warning: Warning TwinStickPawn_C_0 TwinStickPawn_C /Game/TwinStickBP/Maps/TwinStickExampleMap.TwinStickExampleMap:PersistentLevel.TwinStickPawn_C_0 : Externally referenced 
[2017.06.17-03.40.52:686][  0]MapCheck:Warning: Warning BlueEnemy StaticMeshComponent /Game/TwinStickBP/Maps/TwinStickExampleMap.TwinStickExampleMap:PersistentLevel.Runner_C_38.BlueEnemy : Externally referenced 
[2017.06.17-03.40.52:686][  0]MapCheck:Warning: Warning BlueEnemy StaticMeshComponent /Game/TwinStickBP/Maps/TwinStickExampleMap.TwinStickExampleMap:PersistentLevel.Runner_C_39.BlueEnemy : Externally referenced 
[2017.06.17-03.40.52:686][  0]MapCheck:Warning: Warning BlueEnemy StaticMeshComponent /Game/TwinStickBP/Maps/TwinStickExampleMap.TwinStickExampleMap:PersistentLevel.Runner_C_40.BlueEnemy : Externally referenced 
[2017.06.17-03.40.52:686][  0]MapCheck:Warning: Warning BlueEnemy StaticMeshComponent /Game/TwinStickBP/Maps/TwinStickExampleMap.TwinStickExampleMap:PersistentLevel.Runner_C_41.BlueEnemy : Externally referenced 
[2017.06.17-03.40.52:686][  0]MapCheck:Warning: Warning BlueEnemy StaticMeshComponent /Game/TwinStickBP/Maps/TwinStickExampleMap.TwinStickExampleMap:PersistentLevel.Runner_C_42.BlueEnemy : Externally referenced 
[2017.06.17-03.40.52:686][  0]MapCheck:Warning: Warning BlueEnemy StaticMeshComponent /Game/TwinStickBP/Maps/TwinStickExampleMap.TwinStickExampleMap:PersistentLevel.Runner_C_43.BlueEnemy : Externally referenced 
[2017.06.17-03.40.52:686][  0]MapCheck:Warning: Warning BlueEnemy StaticMeshComponent /Game/TwinStickBP/Maps/TwinStickExampleMap.TwinStickExampleMap:PersistentLevel.Runner_C_44.BlueEnemy : Externally referenced 
[2017.06.17-03.40.52:686][  0]MapCheck:Warning: Warning BlueEnemy StaticMeshComponent /Game/TwinStickBP/Maps/TwinStickExampleMap.TwinStickExampleMap:PersistentLevel.Runner_C_45.BlueEnemy : Externally referenced 
[2017.06.17-03.40.52:686][  0]MapCheck:Warning: Warning BlueEnemy StaticMeshComponent /Game/TwinStickBP/Maps/TwinStickExampleMap.TwinStickExampleMap:PersistentLevel.Runner_C_46.BlueEnemy : Externally referenced 
[2017.06.17-03.40.52:686][  0]MapCheck:Warning: Warning BlueEnemy StaticMeshComponent /Game/TwinStickBP/Maps/TwinStickExampleMap.TwinStickExampleMap:PersistentLevel.Runner_C_47.BlueEnemy : Externally referenced 
[2017.06.17-03.40.52:686][  0]MapCheck:Warning: Warning BlueEnemy StaticMeshComponent /Game/TwinStickBP/Maps/TwinStickExampleMap.TwinStickExampleMap:PersistentLevel.Runner_C_48.BlueEnemy : Externally referenced 
[2017.06.17-03.40.52:686][  0]MapCheck:Warning: Warning BlueEnemy StaticMeshComponent /Game/TwinStickBP/Maps/TwinStickExampleMap.TwinStickExampleMap:PersistentLevel.Runner_C_49.BlueEnemy : Externally referenced 
[2017.06.17-03.40.52:686][  0]MapCheck:Warning: Warning BlueEnemy StaticMeshComponent /Game/TwinStickBP/Maps/TwinStickExampleMap.TwinStickExampleMap:PersistentLevel.Runner_C_50.BlueEnemy : Externally referenced 
[2017.06.17-03.40.52:686][  0]MapCheck:Warning: Warning BlueEnemy StaticMeshComponent /Game/TwinStickBP/Maps/TwinStickExampleMap.TwinStickExampleMap:PersistentLevel.Runner_C_51.BlueEnemy : Externally referenced 
[2017.06.17-03.40.52:686][  0]MapCheck:Warning: Warning BlueEnemy StaticMeshComponent /Game/TwinStickBP/Maps/TwinStickExampleMap.TwinStickExampleMap:PersistentLevel.Runner_C_52.BlueEnemy : Externally referenced 
[2017.06.17-03.40.52:686][  0]MapCheck:Warning: Warning BlueEnemy StaticMeshComponent /Game/TwinStickBP/Maps/TwinStickExampleMap.TwinStickExampleMap:PersistentLevel.Runner_C_53.BlueEnemy : Externally referenced 
[2017.06.17-03.40.52:686][  0]MapCheck:Warning: Warning BlueEnemy StaticMeshComponent /Game/TwinStickBP/Maps/TwinStickExampleMap.TwinStickExampleMap:PersistentLevel.Runner_C_54.BlueEnemy : Externally referenced 
[2017.06.17-03.40.52:686][  0]MapCheck:Warning: Warning BlueEnemy StaticMeshComponent /Game/TwinStickBP/Maps/TwinStickExampleMap.TwinStickExampleMap:PersistentLevel.Runner_C_55.BlueEnemy : Externally referenced 
[2017.06.17-03.40.52:686][  0]MapCheck:Warning: Warning BlueEnemy StaticMeshComponent /Game/TwinStickBP/Maps/TwinStickExampleMap.TwinStickExampleMap:PersistentLevel.Runner_C_56.BlueEnemy : Externally referenced 
[2017.06.17-03.40.52:686][  0]MapCheck:Warning: Warning ShipMeshComponent StaticMeshComponent /Game/TwinStickBP/Maps/TwinStickExampleMap.TwinStickExampleMap:PersistentLevel.TwinStickPawn_C_0.ShipMeshComponent : Externally referenced 
[2017.06.17-03.40.52:686][  0]MapCheck:Warning: Warning EnergyShield StaticMeshComponent /Game/TwinStickBP/Maps/TwinStickExampleMap.TwinStickExampleMap:PersistentLevel.TwinStickPawn_C_0.EnergyShield : Externally referenced 
[2017.06.17-03.40.52:686][  0]MapCheck:Warning: Warning Shield StaticMeshComponent /Game/TwinStickBP/Maps/TwinStickExampleMap.TwinStickExampleMap:PersistentLevel.TwinStickPawn_C_0.Shield : Externally referenced 
[2017.06.17-03.40.52:686][  0]MapCheck:Warning: Warning Sphere1 StaticMeshComponent /Game/TwinStickBP/Maps/TwinStickExampleMap.TwinStickExampleMap:PersistentLevel.ShieldProjectile_572.Sphere1 : Externally referenced 
[2017.06.17-03.40.52:686][  0]MapCheck:Warning: Warning ProjectileMesh StaticMeshComponent /Game/TwinStickBP/Maps/TwinStickExampleMap.TwinStickExampleMap:PersistentLevel.TwinStickProjectile_108.ProjectileMesh : Externally referenced 
[2017.06.17-03.40.52:686][  0]MapCheck:Warning: Warning StaticMeshComponent0 StaticMeshComponent /Game/TwinStickBP/Maps/TwinStickExampleMap.TwinStickExampleMap:PersistentLevel.SpawnerBlueprint_C_0.StaticMeshComponent0 : Externally referenced 
[2017.06.17-03.40.52:686][  0]MapCheck:Warning: Warning StaticMeshComponent0 StaticMeshComponent /Game/TwinStickBP/Maps/TwinStickExampleMap.TwinStickExampleMap:PersistentLevel.Floor_18.StaticMeshComponent0 : Externally referenced 
[2017.06.17-03.40.52:686][  0]MapCheck:Warning: Warning StaticMeshComponent0 StaticMeshComponent /Game/TwinStickBP/Maps/TwinStickExampleMap.TwinStickExampleMap:PersistentLevel.Obstacle2_3.StaticMeshComponent0 : Externally referenced 
[2017.06.17-03.40.52:686][  0]MapCheck:Warning: Warning StaticMeshComponent0 StaticMeshComponent /Game/TwinStickBP/Maps/TwinStickExampleMap.TwinStickExampleMap:PersistentLevel.Wall1_17.StaticMeshComponent0 : Externally referenced 
[2017.06.17-03.40.52:686][  0]MapCheck:Warning: Warning StaticMeshComponent0 StaticMeshComponent /Game/TwinStickBP/Maps/TwinStickExampleMap.TwinStickExampleMap:PersistentLevel.Wall5.StaticMeshComponent0 : Externally referenced 
[2017.06.17-03.40.52:686][  0]MapCheck:Warning: Warning StaticMeshComponent0 StaticMeshComponent /Game/TwinStickBP/Maps/TwinStickExampleMap.TwinStickExampleMap:PersistentLevel.Wall6.StaticMeshComponent0 : Externally referenced 
[2017.06.17-03.40.52:686][  0]MapCheck:Warning: Warning StaticMeshComponent0 StaticMeshComponent /Game/TwinStickBP/Maps/TwinStickExampleMap.TwinStickExampleMap:PersistentLevel.Wall7.StaticMeshComponent0 : Externally referenced 
[2017.06.17-03.40.52:686][  0]MapCheck:Warning: Warning K2Node_CallFunction_2339 K2Node_CallFunction /Game/TwinStickBP/Maps/TwinStickExampleMap.TwinStickExampleMap:PersistentLevel.TwinStickExampleMap.EventGraph.K2Node_CallFunction_2339 : Externally referenced 
[2017.06.17-03.40.52:686][  0]MapCheck: Info Map check complete: 0 Error(s), 33 Warning(s), took 84.809ms to complete.
[2017.06.17-03.40.52:693][  0]LogFileHelpers: Loading map 'TwinStickExampleMap' took 1.183
[2017.06.17-03.40.52:841][  0]LogCollectionManager: Loaded 0 collections in 0.001840 seconds
[2017.06.17-03.40.52:922][  0]LogFileCache: Scanning file cache for directory 'C:/supers-master/supers-master 4.16/supers/Saved/Collections/' took 0.01s
[2017.06.17-03.40.52:922][  0]LogFileCache: Scanning file cache for directory 'C:/supers-master/supers-master 4.16/supers/Content/Developers/NewXB/Collections/' took 0.01s
[2017.06.17-03.40.52:922][  0]LogFileCache: Scanning file cache for directory 'C:/supers-master/supers-master 4.16/supers/Content/Collections/' took 0.01s
[2017.06.17-03.40.52:922][  0]LogCollectionManager: Rebuilt the GUID cache for 0 collections in 0.000001 seconds
[2017.06.17-03.40.52:930][  0]LogContentBrowser: Native class hierarchy populated in 0.0077 seconds. Added 2329 classes and 491 folders.
[2017.06.17-03.40.52:994][  0]LogContentBrowser: Native class hierarchy updated for 'WidgetCarousel' in 0.0005 seconds. Added 0 classes and 0 folders.
[2017.06.17-03.40.53:250][  0]LogContentBrowser: Native class hierarchy updated for 'AddContentDialog' in 0.0007 seconds. Added 0 classes and 0 folders.
[2017.06.17-03.40.53:294][  0]LogContentBrowser: Native class hierarchy updated for 'SceneOutliner' in 0.0005 seconds. Added 1 classes and 2 folders.
[2017.06.17-03.40.53:334][  0]LogCrashTracker: Crashtracker disabled due to settings.
[2017.06.17-03.40.53:346][  0]LogSlate: Took 0.003922 seconds to synchronously load lazily loaded font '../../../Engine/Content/Slate/Fonts/Roboto-Regular.ttf' (155K)
[2017.06.17-03.40.53:351][  0]LogSlate: Took 0.003785 seconds to synchronously load lazily loaded font '../../../Engine/Content/Slate/Fonts/Roboto-Bold.ttf' (160K)
[2017.06.17-03.40.53:358][  0]LogSlate: Took 0.003346 seconds to synchronously load lazily loaded font '../../../Engine/Content/Editor/Slate/Fonts/FontAwesome.ttf' (139K)
[2017.06.17-03.40.53:502][  0]LogRenderer: Reallocating scene render targets to support 1208x576 NumSamples 1 (Frame:1).
[2017.06.17-03.40.53:557][  0]LogSlate: Took 0.002981 seconds to synchronously load lazily loaded font '../../../Engine/Content/Slate/Fonts/Roboto-Light.ttf' (159K)
[2017.06.17-03.40.53:661][  0]LogUObjectGlobals:Warning: Failed to find object 'Class None.'
[2017.06.17-03.40.53:729][  0]LogContentBrowser: Native class hierarchy updated for 'HierarchicalLODOutliner' in 0.0005 seconds. Added 1 classes and 2 folders.
[2017.06.17-03.40.53:729][  0]LogLoad: (Engine Initialization) Total time: 24.32 seconds
[2017.06.17-03.40.53:729][  0]LogLoad: (Engine Initialization) Total Blueprint compile time: 0.22 seconds
[2017.06.17-03.40.53:729][  0]LogExternalProfiler: Found external profiler: VSPerf
[2017.06.17-03.40.53:729][  0]LogExternalProfiler: Using external profiler: VSPerf
[2017.06.17-03.40.53:751][  0]LogOcInput: OculusInput pre-init called
[2017.06.17-03.40.53:751][  0]LogHMD: Starting GearVRController plugin
[2017.06.17-03.40.53:775][  0]LogContentStreaming: Texture pool size now 1000 MB
[2017.06.17-03.40.53:837][  1]LogAssetRegistry: Asset discovery search completed in 13.0003 seconds
[2017.06.17-03.40.53:838][  1]LogCollectionManager: Rebuilt the object cache for 0 collections in 0.000000 seconds (found 0 objects)
[2017.06.17-03.40.53:838][  1]LogCollectionManager: Fixed up redirectors for 0 collections in 0.000029 seconds (updated 0 objects)
[2017.06.17-03.41.00:235][380]LogSlate: Took 0.000134 seconds to synchronously load lazily loaded font '../../../Engine/Content/Slate/Fonts/Roboto-Light.ttf' (159K)
[2017.06.17-03.41.00:626][380]LogContentBrowser: Native class hierarchy updated for 'BlueprintGraph' in 0.0009 seconds. Added 112 classes and 0 folders.
[2017.06.17-03.41.01:134][380]LogSlate: Took 0.000295 seconds to synchronously load lazily loaded font '../../../Engine/Content/Slate/Fonts/Roboto-Regular.ttf' (155K)
[2017.06.17-03.41.01:249][380]LogSlate: Took 0.002932 seconds to synchronously load lazily loaded font '../../../Engine/Content/Editor/Slate/Fonts/Roboto-BoldCondensed.ttf' (158K)
[2017.06.17-03.41.01:538][381]LogSlate: Took 0.003068 seconds to synchronously load lazily loaded font '../../../Engine/Content/Editor/Slate/Fonts/Roboto-Italic.ttf' (157K)
[2017.06.17-03.41.46:815][ 94]LogUObjectArray:Warning: Other object in slot
[2017.06.17-03.41.47:050][ 94]LogStats: FPlatformStackWalk::StackWalkAndDump -  0.235 s
[2017.06.17-03.41.47:050][ 94]LogOutputDevice:Error: === Handled ensure: ===
[2017.06.17-03.41.47:050][ 94]LogOutputDevice:Error: 
[2017.06.17-03.41.47:050][ 94]LogOutputDevice:Error: Ensure condition failed: false [File:D:\Build\++UE4+Release-4.16+Compile\Sync\Engine\Source\Editor\UnrealEd\Private\Kismet2\KismetDebugUtilities.cpp] [Line: 1037]
[2017.06.17-03.41.47:050][ 94]LogOutputDevice:Error: Error: Invalid (but non-null) property associated with pin; cannot get variable value
[2017.06.17-03.41.47:050][ 94]LogOutputDevice:Error: Stack: 
[2017.06.17-03.41.47:050][ 94]LogOutputDevice:Error: UE4Editor-Core.dll!0x000000007CA9E1C6
[2017.06.17-03.41.47:050][ 94]LogOutputDevice:Error: UE4Editor-Core.dll!0x000000007C84B7D2
[2017.06.17-03.41.47:050][ 94]LogOutputDevice:Error: UE4Editor-Core.dll!0x000000007C861D96
[2017.06.17-03.41.47:050][ 94]LogOutputDevice:Error: UE4Editor-UnrealEd.dll!0x00000000783072D6
[2017.06.17-03.41.47:050][ 94]LogOutputDevice:Error: UE4Editor-BlueprintGraph.dll!0x000000007707D27B
[2017.06.17-03.41.47:050][ 94]LogOutputDevice:Error: UE4Editor-GraphEditor.dll!0x00000000764024EA
[2017.06.17-03.41.47:050][ 94]LogOutputDevice:Error: UE4Editor-GraphEditor.dll!0x00000000762A72CC
[2017.06.17-03.41.47:050][ 94]LogOutputDevice:Error: UE4Editor-GraphEditor.dll!0x00000000762AA6D9
[2017.06.17-03.41.47:050][ 94]LogOutputDevice:Error: UE4Editor-GraphEditor.dll!0x00000000763C80A5
[2017.06.17-03.41.47:050][ 94]LogOutputDevice:Error: UE4Editor-Slate.dll!0x000000007DD5DB57
[2017.06.17-03.41.47:050][ 94]LogOutputDevice:Error: UE4Editor-Slate.dll!0x000000007DD64B61
[2017.06.17-03.41.47:050][ 94]LogOutputDevice:Error: UE4Editor-Slate.dll!0x000000007DF848D3
[2017.06.17-03.41.47:050][ 94]LogOutputDevice:Error: UE4Editor-Slate.dll!0x000000007DDBF604
[2017.06.17-03.41.47:050][ 94]LogOutputDevice:Error: UE4Editor-Slate.dll!0x000000007DD977FC
[2017.06.17-03.41.47:050][ 94]LogOutputDevice:Error: UE4Editor-Slate.dll!0x000000007DD8814C
[2017.06.17-03.41.47:050][ 94]LogOutputDevice:Error: UE4Editor-Core.dll!0x000000007CA914C0
[2017.06.17-03.41.47:050][ 94]LogOutputDevice:Error: UE4Editor-Core.dll!0x000000007CA7B6E1
[2017.06.17-03.41.47:050][ 94]LogOutputDevice:Error: UE4Editor-Core.dll!0x000000007CA932EB
[2017.06.17-03.41.47:050][ 94]LogOutputDevice:Error: UE4Editor-Core.dll!0x000000007CA77A32
[2017.06.17-03.41.47:050][ 94]LogOutputDevice:Error: USER32.dll!0x00000000DCAFBC50
[2017.06.17-03.41.47:050][ 94]LogOutputDevice:Error: USER32.dll!0x00000000DCAFB5CF
[2017.06.17-03.41.47:050][ 94]LogOutputDevice:Error: UE4Editor-Core.dll!0x000000007CA93BF6
[2017.06.17-03.41.47:050][ 94]LogOutputDevice:Error: UE4Editor.exe!0x00000000E03EDB44
[2017.06.17-03.41.47:050][ 94]LogOutputDevice:Error: UE4Editor.exe!0x00000000E03DF0B0
[2017.06.17-03.41.47:050][ 94]LogOutputDevice:Error: UE4Editor.exe!0x00000000E03DF12A
[2017.06.17-03.41.47:050][ 94]LogOutputDevice:Error: UE4Editor.exe!0x00000000E03F0CF9
[2017.06.17-03.41.47:050][ 94]LogOutputDevice:Error: UE4Editor.exe!0x00000000E03F25F7
[2017.06.17-03.41.47:050][ 94]LogOutputDevice:Error: KERNEL32.DLL!0x00000000DBF22774
[2017.06.17-03.41.47:050][ 94]LogOutputDevice:Error: ntdll.dll!0x00000000DE890D61
[2017.06.17-03.41.47:050][ 94]LogOutputDevice:Error: 
[2017.06.17-03.41.47:051][ 94]LogStats:                SubmitErrorReport -  0.000 s
[2017.06.17-03.41.47:330][ 94]LogStats:                    SendNewReport -  0.279 s
[2017.06.17-03.41.47:330][ 94]LogStats:             FDebug::EnsureFailed -  0.515 s
[2017.06.17-03.41.47:333][ 94]LogUObjectArray:Warning: Other object in slot
[2017.06.17-03.44.23:615][115]BlueprintLog: New page: Compile TwinStickPawn
[2017.06.17-03.44.29:452][437]LogTemp: Repeting last play command: New Editor Window (PIE)
[2017.06.17-03.44.29:503][437]LogBlueprintUserMessages: Early PlayInEditor Detection: Level '/Game/TwinStickBP/Maps/TwinStickExampleMap.TwinStickExampleMap:PersistentLevel' has LevelScriptBlueprint '/Game/TwinStickBP/Maps/TwinStickExampleMap.TwinStickExampleMap:PersistentLevel.TwinStickExampleMap' with GeneratedClass '/Game/TwinStickBP/Maps/TwinStickExampleMap.TwinStickExampleMap_C' with ClassGeneratedBy '/Game/TwinStickBP/Maps/TwinStickExampleMap.TwinStickExampleMap:PersistentLevel.TwinStickExampleMap'
[2017.06.17-03.44.29:503][437]LogPlayLevel: PlayLevel: No blueprints needed recompiling
[2017.06.17-03.44.29:503][437]PIE: New page: PIE session: TwinStickExampleMap (Jun 16, 2017, 1:44:29 PM)
[2017.06.17-03.44.29:503][437]LogPlayLevel: Creating play world package: /Game/TwinStickBP/Maps/UEDPIE_0_TwinStickExampleMap
[2017.06.17-03.44.29:514][437]LogPlayLevel: PIE: StaticDuplicateObject took: (0.010732s)
[2017.06.17-03.44.29:515][437]LogAIModule: Creating AISystem for world TwinStickExampleMap
[2017.06.17-03.44.29:515][437]LogPlayLevel: PIE: World Init took: (0.000712s)
[2017.06.17-03.44.29:515][437]LogPlayLevel: PIE: Created PIE world by copying editor world from /Game/TwinStickBP/Maps/TwinStickExampleMap.TwinStickExampleMap to /Game/TwinStickBP/Maps/UEDPIE_0_TwinStickExampleMap.TwinStickExampleMap (0.011722s)
[2017.06.17-03.44.29:540][437]LogInit: XAudio2 using 'Headset Earphone (HyperX 7.1 Audio)' : 2 channels at 44.1 kHz using 16 bits per sample (channel mask 0x3)
[2017.06.17-03.44.29:548][437]LogInit: FAudioDevice initialized.
[2017.06.17-03.44.29:614][437]LogLoad: Game class is 'TwinStickGameMode_C'
[2017.06.17-03.44.29:618][437]LogWorld: Bringing World /Game/TwinStickBP/Maps/UEDPIE_0_TwinStickExampleMap.TwinStickExampleMap up for play (max tick rate 60) at 2017.06.16-20.44.29
[2017.06.17-03.44.29:621][437]LogWorld: Bringing up level for play took: 0.005011
[2017.06.17-03.44.29:666][437]LogContentBrowser: Native class hierarchy updated for 'MovieSceneCapture' in 0.0006 seconds. Added 11 classes and 0 folders.
[2017.06.17-03.44.29:666][437]LogGameMode:Display: Match State Changed from EnteringMap to WaitingToStart
[2017.06.17-03.44.29:666][437]LogGameState: Match State Changed from EnteringMap to WaitingToStart
[2017.06.17-03.44.29:666][437]LogGameMode:Display: Match State Changed from WaitingToStart to InProgress
[2017.06.17-03.44.29:668][437]LogGameState: Match State Changed from WaitingToStart to InProgress
[2017.06.17-03.44.29:678][437]PIE: Info Play in editor start time for /Game/TwinStickBP/Maps/UEDPIE_0_TwinStickExampleMap 0.545
[2017.06.17-03.44.29:678][437]LogBlueprintUserMessages: Late PlayInEditor Detection: Level '/Game/TwinStickBP/Maps/TwinStickExampleMap.TwinStickExampleMap:PersistentLevel' has LevelScriptBlueprint '/Game/TwinStickBP/Maps/TwinStickExampleMap.TwinStickExampleMap:PersistentLevel.TwinStickExampleMap' with GeneratedClass '/Game/TwinStickBP/Maps/TwinStickExampleMap.TwinStickExampleMap_C' with ClassGeneratedBy '/Game/TwinStickBP/Maps/TwinStickExampleMap.TwinStickExampleMap:PersistentLevel.TwinStickExampleMap'
[2017.06.17-03.44.29:744][437]LogRenderer: Reallocating scene render targets to support 1292x756 NumSamples 1 (Frame:1).
[2017.06.17-03.44.46:898][303]LogCharacterMovement: Runner_C_0 is stuck and failed to move! Velocity: X=-1048.89 Y=1744.70 Z=0.00 Location: X=-247.44 Y=-143.13 Z=250.15 Normal: X=0.62 Y=-0.79 Z=0.00 PenetrationDepth:80.943 Actor:TwinStickPawn_C_0 Component:EnergyShield BoneName:None (0 other events since notify)
[2017.06.17-03.44.46:898][303]LogCharacterMovement: Runner_C_16 is stuck and failed to move! Velocity: X=-730.56 Y=2286.11 Z=0.00 Location: X=-455.18 Y=-8.97 Z=250.15 Normal: X=0.30 Y=-0.95 Z=0.00 PenetrationDepth:300.062 Actor:TwinStickPawn_C_0 Component:EnergyShield BoneName:None (0 other events since notify)
[2017.06.17-03.44.46:899][303]LogCharacterMovement: Runner_C_12 is stuck and failed to move! Velocity: X=-1492.47 Y=842.22 Z=0.00 Location: X=-191.99 Y=28.23 Z=250.15 Normal: X=0.87 Y=-0.49 Z=0.00 PenetrationDepth:151.532 Actor:TwinStickPawn_C_0 Component:EnergyShield BoneName:None (0 other events since notify)
[2017.06.17-03.44.46:900][303]LogCharacterMovement: Runner_C_29 is stuck and failed to move! Velocity: X=-1040.14 Y=1823.71 Z=0.00 Location: X=-257.21 Y=-230.73 Z=250.16 Normal: X=0.52 Y=-0.86 Z=0.00 PenetrationDepth:14.263 Actor:TwinStickPawn_C_0 Component:EnergyShield BoneName:None (0 other events since notify)
[2017.06.17-03.44.46:900][303]LogCharacterMovement: Runner_C_33 is stuck and failed to move! Velocity: X=-1847.65 Y=1444.42 Z=0.00 Location: X=-129.28 Y=-94.67 Z=250.15 Normal: X=0.79 Y=-0.61 Z=0.00 PenetrationDepth:31.111 Actor:TwinStickPawn_C_0 Component:EnergyShield BoneName:None (0 other events since notify)
[2017.06.17-03.44.46:901][303]LogCharacterMovement: Runner_C_61 is stuck and failed to move! Velocity: X=-1184.64 Y=1467.79 Z=0.00 Location: X=-181.44 Y=-172.50 Z=250.15 Normal: X=0.67 Y=-0.75 Z=0.00 PenetrationDepth:16.052 Actor:TwinStickPawn_C_0 Component:EnergyShield BoneName:None (0 other events since notify)
[2017.06.17-03.44.46:901][303]LogCharacterMovement: Runner_C_63 is stuck and failed to move! Velocity: X=-629.96 Y=2128.96 Z=0.00 Location: X=-431.68 Y=-264.04 Z=250.15 Normal: X=0.19 Y=-0.98 Z=-0.00 PenetrationDepth:46.795 Actor:TwinStickPawn_C_0 Component:EnergyShield BoneName:None (0 other events since notify)
[2017.06.17-03.44.46:902][303]LogCharacterMovement: Runner_C_82 is stuck and failed to move! Velocity: X=-840.69 Y=2237.54 Z=0.00 Location: X=-403.82 Y=-112.21 Z=250.15 Normal: X=0.35 Y=-0.94 Z=0.00 PenetrationDepth:185.650 Actor:TwinStickPawn_C_0 Component:EnergyShield BoneName:None (0 other events since notify)
[2017.06.17-03.44.46:902][303]LogCharacterMovement: Runner_C_91 is stuck and failed to move! Velocity: X=-1024.96 Y=1909.72 Z=0.00 Location: X=-312.45 Y=-163.78 Z=250.15 Normal: X=0.49 Y=-0.87 Z=0.00 PenetrationDepth:99.963 Actor:TwinStickPawn_C_0 Component:EnergyShield BoneName:None (0 other events since notify)
[2017.06.17-03.44.46:903][303]LogCharacterMovement: Runner_C_97 is stuck and failed to move! Velocity: X=-191.11 Y=-1098.10 Z=0.00 Location: X=-455.46 Y=666.99 Z=250.15 Normal: X=0.15 Y=0.99 Z=0.00 PenetrationDepth:75.368 Actor:TwinStickPawn_C_0 Component:EnergyShield BoneName:None (0 other events since notify)
[2017.06.17-03.44.51:000][512]LogBlueprintUserMessages: Early EndPlayMap Detection: Level '/Game/TwinStickBP/Maps/TwinStickExampleMap.TwinStickExampleMap:PersistentLevel' has LevelScriptBlueprint '/Game/TwinStickBP/Maps/TwinStickExampleMap.TwinStickExampleMap:PersistentLevel.TwinStickExampleMap' with GeneratedClass '/Game/TwinStickBP/Maps/TwinStickExampleMap.TwinStickExampleMap_C' with ClassGeneratedBy '/Game/TwinStickBP/Maps/TwinStickExampleMap.TwinStickExampleMap:PersistentLevel.TwinStickExampleMap'
[2017.06.17-03.44.51:069][512]LogBlueprintUserMessages: Late EndPlayMap Detection: Level '/Game/TwinStickBP/Maps/TwinStickExampleMap.TwinStickExampleMap:PersistentLevel' has LevelScriptBlueprint '/Game/TwinStickBP/Maps/TwinStickExampleMap.TwinStickExampleMap:PersistentLevel.TwinStickExampleMap' with GeneratedClass '/Game/TwinStickBP/Maps/TwinStickExampleMap.TwinStickExampleMap_C' with ClassGeneratedBy '/Game/TwinStickBP/Maps/TwinStickExampleMap.TwinStickExampleMap:PersistentLevel.TwinStickExampleMap'
[2017.06.17-03.46.49:894][588]LogUObjectBase:Warning: Object is not registered
[2017.06.17-03.46.49:897][588]LogUObjectBase:Warning: Object is not registered
[2017.06.17-03.46.49:899][588]LogUObjectBase:Warning: Object is not registered
[2017.06.17-03.46.49:903][588]LogUObjectBase:Warning: Object is not registered
[2017.06.17-03.46.49:912][589]LogUObjectBase:Warning: Object is not registered
[2017.06.17-03.46.49:917][589]LogUObjectBase:Warning: Object is not registered
[2017.06.17-03.46.49:928][590]LogUObjectBase:Warning: Object is not registered
[2017.06.17-03.46.49:929][590]LogUObjectBase:Warning: Object is not registered
[2017.06.17-03.46.49:934][590]LogUObjectBase:Warning: Object is not registered
[2017.06.17-03.46.49:945][591]LogUObjectBase:Warning: Object is not registered
[2017.06.17-03.46.49:945][591]LogUObjectBase:Warning: Object is not registered
[2017.06.17-03.46.49:950][591]LogUObjectBase:Warning: Object is not registered
[2017.06.17-03.46.49:962][592]LogUObjectBase:Warning: Object is not registered
[2017.06.17-03.46.49:966][592]LogUObjectBase:Warning: Object is not registered
[2017.06.17-03.46.49:977][593]LogUObjectBase:Warning: Object is not registered
[2017.06.17-03.46.49:978][593]LogUObjectBase:Warning: Object is not registered
[2017.06.17-03.46.49:982][593]LogUObjectBase:Warning: Object is not registered
[2017.06.17-03.46.50:477][623]LogUObjectBase:Warning: Object is not registered
[2017.06.17-03.46.50:481][623]LogUObjectBase:Warning: Object is not registered
[2017.06.17-03.46.50:482][623]LogUObjectBase:Warning: Object is not registered
[2017.06.17-03.46.50:482][623]LogUObjectBase:Warning: Object is not registered
[2017.06.17-03.46.50:486][623]LogUObjectBase:Warning: Object is not registered
[2017.06.17-03.46.50:494][624]LogUObjectBase:Warning: Object is not registered
[2017.06.17-03.46.50:495][624]LogUObjectBase:Warning: Object is not registered
[2017.06.17-03.46.50:501][624]LogUObjectBase:Warning: Object is not registered
[2017.06.17-03.47.40:577][620]BlueprintLog: New page: Compile TwinStickPawn
[2017.06.17-03.49.18:559][408]BlueprintLog: New page: Compile TwinStickPawn
[2017.06.17-03.50.49:435][822]BlueprintLog: New page: Compile TwinStickPawn
[2017.06.17-03.55.39:851][ 90]BlueprintLog: New page: Compile TwinStickPawn
[2017.06.17-03.56.30:817][119]LogSlate: Took 0.000193 seconds to synchronously load lazily loaded font '../../../Engine/Content/Slate/Fonts/Roboto-Light.ttf' (159K)
[2017.06.17-03.56.40:328][146]LogSavePackage: Save=453.95ms
[2017.06.17-03.56.40:328][146]LogSavePackage: Moving '../../../../../../supers-master/supers-master 4.16/supers/Saved/TwinStickExampleMap_Auto1546187CA4976513D76BBDD99447A17A3.tmp' to '../../../../../../supers-master/supers-master 4.16/supers/Saved/Autosaves/Game/TwinStickBP/Maps/TwinStickExampleMap_Auto1.umap'
[2017.06.17-03.56.40:330][146]LogSavePackage:Display: Finished SavePackage ../../../../../../supers-master/supers-master 4.16/supers/Saved/Autosaves/Game/TwinStickBP/Maps/TwinStickExampleMap_Auto1.umap
[2017.06.17-03.56.40:332][146]LogFileHelpers: Editor autosave (incl. sublevels) for '/Game/TwinStickBP/Maps/TwinStickExampleMap' took 0.501
[2017.06.17-03.56.40:332][146]LogFileHelpers: Editor autosave (incl. sublevels) for all levels took 0.501
[2017.06.17-03.56.40:337][146]OBJ SavePackage: Generating thumbnails for [1] asset(s) in package [/Game/TwinStickBP/Blueprints/TwinStickPawn] ([1] browsable assets)...
[2017.06.17-03.56.40:349][146]OBJ SavePackage:     Rendered thumbnail for [Blueprint /Game/TwinStickBP/Blueprints/TwinStickPawn.TwinStickPawn]
[2017.06.17-03.56.40:349][146]OBJ SavePackage: Finished generating thumbnails for package [/Game/TwinStickBP/Blueprints/TwinStickPawn]
[2017.06.17-03.56.40:589][146]LogSavePackage: Save=220.31ms
[2017.06.17-03.56.40:589][146]LogSavePackage: Moving '../../../../../../supers-master/supers-master 4.16/supers/Saved/TwinStickPawn_Auto175EA659A474ADCB64C80608E87C8CDAD.tmp' to '../../../../../../supers-master/supers-master 4.16/supers/Saved/Autosaves/Game/TwinStickBP/Blueprints/TwinStickPawn_Auto1.uasset'
[2017.06.17-03.56.40:592][146]LogSavePackage:Display: Finished SavePackage ../../../../../../supers-master/supers-master 4.16/supers/Saved/Autosaves/Game/TwinStickBP/Blueprints/TwinStickPawn_Auto1.uasset
[2017.06.17-03.56.40:592][146]LogFileHelpers: Auto-saving content packages took 0.257
[2017.06.17-03.57.46:024][596]LogTemp: Repeting last play command: New Editor Window (PIE)
[2017.06.17-03.57.46:040][596]LogBlueprintUserMessages: Early PlayInEditor Detection: Level '/Game/TwinStickBP/Maps/TwinStickExampleMap.TwinStickExampleMap:PersistentLevel' has LevelScriptBlueprint '/Game/TwinStickBP/Maps/TwinStickExampleMap.TwinStickExampleMap:PersistentLevel.TwinStickExampleMap' with GeneratedClass '/Game/TwinStickBP/Maps/TwinStickExampleMap.TwinStickExampleMap_C' with ClassGeneratedBy '/Game/TwinStickBP/Maps/TwinStickExampleMap.TwinStickExampleMap:PersistentLevel.TwinStickExampleMap'
[2017.06.17-03.57.46:040][596]LogPlayLevel: PlayLevel: No blueprints needed recompiling
[2017.06.17-03.57.46:040][596]PIE: New page: PIE session: TwinStickExampleMap (Jun 16, 2017, 1:57:46 PM)
[2017.06.17-03.57.46:040][596]LogPlayLevel: Creating play world package: /Game/TwinStickBP/Maps/UEDPIE_0_TwinStickExampleMap
[2017.06.17-03.57.46:050][596]LogPlayLevel: PIE: StaticDuplicateObject took: (0.009737s)
[2017.06.17-03.57.46:051][596]LogAIModule: Creating AISystem for world TwinStickExampleMap
[2017.06.17-03.57.46:051][596]LogPlayLevel: PIE: World Init took: (0.000846s)
[2017.06.17-03.57.46:051][596]LogPlayLevel: PIE: Created PIE world by copying editor world from /Game/TwinStickBP/Maps/TwinStickExampleMap.TwinStickExampleMap to /Game/TwinStickBP/Maps/UEDPIE_0_TwinStickExampleMap.TwinStickExampleMap (0.010883s)
[2017.06.17-03.57.46:079][596]LogInit: XAudio2 using 'Headset Earphone (HyperX 7.1 Audio)' : 2 channels at 44.1 kHz using 16 bits per sample (channel mask 0x3)
[2017.06.17-03.57.46:085][596]LogInit: FAudioDevice initialized.
[2017.06.17-03.57.46:139][596]LogLoad: Game class is 'TwinStickGameMode_C'
[2017.06.17-03.57.46:143][596]LogWorld: Bringing World /Game/TwinStickBP/Maps/UEDPIE_0_TwinStickExampleMap.TwinStickExampleMap up for play (max tick rate 60) at 2017.06.16-20.57.46
[2017.06.17-03.57.46:145][596]LogWorld: Bringing up level for play took: 0.005047
[2017.06.17-03.57.46:146][596]LogGameMode:Display: Match State Changed from EnteringMap to WaitingToStart
[2017.06.17-03.57.46:146][596]LogGameState: Match State Changed from EnteringMap to WaitingToStart
[2017.06.17-03.57.46:146][596]LogGameMode:Display: Match State Changed from WaitingToStart to InProgress
[2017.06.17-03.57.46:147][596]LogGameState: Match State Changed from WaitingToStart to InProgress
[2017.06.17-03.57.46:157][596]PIE: Info Play in editor start time for /Game/TwinStickBP/Maps/UEDPIE_0_TwinStickExampleMap 1.024
[2017.06.17-03.57.46:157][596]LogBlueprintUserMessages: Late PlayInEditor Detection: Level '/Game/TwinStickBP/Maps/TwinStickExampleMap.TwinStickExampleMap:PersistentLevel' has LevelScriptBlueprint '/Game/TwinStickBP/Maps/TwinStickExampleMap.TwinStickExampleMap:PersistentLevel.TwinStickExampleMap' with GeneratedClass '/Game/TwinStickBP/Maps/TwinStickExampleMap.TwinStickExampleMap_C' with ClassGeneratedBy '/Game/TwinStickBP/Maps/TwinStickExampleMap.TwinStickExampleMap:PersistentLevel.TwinStickExampleMap'
[2017.06.17-03.58.03:651][641]LogCharacterMovement: Runner_C_94 is stuck and failed to move! Velocity: X=-221.77 Y=1820.84 Z=0.00 Location: X=754.25 Y=-271.44 Z=250.15 Normal: X=0.14 Y=-0.99 Z=0.00 PenetrationDepth:152.296 Actor:TwinStickPawn_C_0 Component:EnergyShield BoneName:None (0 other events since notify)
[2017.06.17-03.58.10:570][ 56]LogBlueprintUserMessages: Early EndPlayMap Detection: Level '/Game/TwinStickBP/Maps/TwinStickExampleMap.TwinStickExampleMap:PersistentLevel' has LevelScriptBlueprint '/Game/TwinStickBP/Maps/TwinStickExampleMap.TwinStickExampleMap:PersistentLevel.TwinStickExampleMap' with GeneratedClass '/Game/TwinStickBP/Maps/TwinStickExampleMap.TwinStickExampleMap_C' with ClassGeneratedBy '/Game/TwinStickBP/Maps/TwinStickExampleMap.TwinStickExampleMap:PersistentLevel.TwinStickExampleMap'
[2017.06.17-03.58.10:643][ 56]LogBlueprintUserMessages: Late EndPlayMap Detection: Level '/Game/TwinStickBP/Maps/TwinStickExampleMap.TwinStickExampleMap:PersistentLevel' has LevelScriptBlueprint '/Game/TwinStickBP/Maps/TwinStickExampleMap.TwinStickExampleMap:PersistentLevel.TwinStickExampleMap' with GeneratedClass '/Game/TwinStickBP/Maps/TwinStickExampleMap.TwinStickExampleMap_C' with ClassGeneratedBy '/Game/TwinStickBP/Maps/TwinStickExampleMap.TwinStickExampleMap:PersistentLevel.TwinStickExampleMap'
[2017.06.17-03.58.26:051][969]LogTemp: Repeting last play command: New Editor Window (PIE)
[2017.06.17-03.58.26:068][969]LogBlueprintUserMessages: Early PlayInEditor Detection: Level '/Game/TwinStickBP/Maps/TwinStickExampleMap.TwinStickExampleMap:PersistentLevel' has LevelScriptBlueprint '/Game/TwinStickBP/Maps/TwinStickExampleMap.TwinStickExampleMap:PersistentLevel.TwinStickExampleMap' with GeneratedClass '/Game/TwinStickBP/Maps/TwinStickExampleMap.TwinStickExampleMap_C' with ClassGeneratedBy '/Game/TwinStickBP/Maps/TwinStickExampleMap.TwinStickExampleMap:PersistentLevel.TwinStickExampleMap'
[2017.06.17-03.58.26:068][969]LogPlayLevel: PlayLevel: No blueprints needed recompiling
[2017.06.17-03.58.26:068][969]PIE: New page: PIE session: TwinStickExampleMap (Jun 16, 2017, 1:58:26 PM)
[2017.06.17-03.58.26:068][969]LogPlayLevel: Creating play world package: /Game/TwinStickBP/Maps/UEDPIE_0_TwinStickExampleMap
[2017.06.17-03.58.26:078][969]LogPlayLevel: PIE: StaticDuplicateObject took: (0.009677s)
[2017.06.17-03.58.26:078][969]LogAIModule: Creating AISystem for world TwinStickExampleMap
[2017.06.17-03.58.26:078][969]LogPlayLevel: PIE: World Init took: (0.000720s)
[2017.06.17-03.58.26:078][969]LogPlayLevel: PIE: Created PIE world by copying editor world from /Game/TwinStickBP/Maps/TwinStickExampleMap.TwinStickExampleMap to /Game/TwinStickBP/Maps/UEDPIE_0_TwinStickExampleMap.TwinStickExampleMap (0.010597s)
[2017.06.17-03.58.26:102][969]LogInit: XAudio2 using 'Headset Earphone (HyperX 7.1 Audio)' : 2 channels at 44.1 kHz using 16 bits per sample (channel mask 0x3)
[2017.06.17-03.58.26:109][969]LogInit: FAudioDevice initialized.
[2017.06.17-03.58.26:160][969]LogLoad: Game class is 'TwinStickGameMode_C'
[2017.06.17-03.58.26:165][969]LogWorld: Bringing World /Game/TwinStickBP/Maps/UEDPIE_0_TwinStickExampleMap.TwinStickExampleMap up for play (max tick rate 60) at 2017.06.16-20.58.26
[2017.06.17-03.58.26:167][969]LogWorld: Bringing up level for play took: 0.005182
[2017.06.17-03.58.26:167][969]LogGameMode:Display: Match State Changed from EnteringMap to WaitingToStart
[2017.06.17-03.58.26:167][969]LogGameState: Match State Changed from EnteringMap to WaitingToStart
[2017.06.17-03.58.26:167][969]LogGameMode:Display: Match State Changed from WaitingToStart to InProgress
[2017.06.17-03.58.26:169][969]LogGameState: Match State Changed from WaitingToStart to InProgress
[2017.06.17-03.58.26:178][969]PIE: Info Play in editor start time for /Game/TwinStickBP/Maps/UEDPIE_0_TwinStickExampleMap 1.046
[2017.06.17-03.58.26:179][969]LogBlueprintUserMessages: Late PlayInEditor Detection: Level '/Game/TwinStickBP/Maps/TwinStickExampleMap.TwinStickExampleMap:PersistentLevel' has LevelScriptBlueprint '/Game/TwinStickBP/Maps/TwinStickExampleMap.TwinStickExampleMap:PersistentLevel.TwinStickExampleMap' with GeneratedClass '/Game/TwinStickBP/Maps/TwinStickExampleMap.TwinStickExampleMap_C' with ClassGeneratedBy '/Game/TwinStickBP/Maps/TwinStickExampleMap.TwinStickExampleMap:PersistentLevel.TwinStickExampleMap'
[2017.06.17-03.58.35:836][544]LogBlueprintUserMessages: Early EndPlayMap Detection: Level '/Game/TwinStickBP/Maps/TwinStickExampleMap.TwinStickExampleMap:PersistentLevel' has LevelScriptBlueprint '/Game/TwinStickBP/Maps/TwinStickExampleMap.TwinStickExampleMap:PersistentLevel.TwinStickExampleMap' with GeneratedClass '/Game/TwinStickBP/Maps/TwinStickExampleMap.TwinStickExampleMap_C' with ClassGeneratedBy '/Game/TwinStickBP/Maps/TwinStickExampleMap.TwinStickExampleMap:PersistentLevel.TwinStickExampleMap'
[2017.06.17-03.58.35:905][544]LogBlueprintUserMessages: Late EndPlayMap Detection: Level '/Game/TwinStickBP/Maps/TwinStickExampleMap.TwinStickExampleMap:PersistentLevel' has LevelScriptBlueprint '/Game/TwinStickBP/Maps/TwinStickExampleMap.TwinStickExampleMap:PersistentLevel.TwinStickExampleMap' with GeneratedClass '/Game/TwinStickBP/Maps/TwinStickExampleMap.TwinStickExampleMap_C' with ClassGeneratedBy '/Game/TwinStickBP/Maps/TwinStickExampleMap.TwinStickExampleMap:PersistentLevel.TwinStickExampleMap'
[2017.06.17-03.58.40:512][812]LogTemp: Repeting last play command: New Editor Window (PIE)
[2017.06.17-03.58.40:529][812]LogBlueprintUserMessages: Early PlayInEditor Detection: Level '/Game/TwinStickBP/Maps/TwinStickExampleMap.TwinStickExampleMap:PersistentLevel' has LevelScriptBlueprint '/Game/TwinStickBP/Maps/TwinStickExampleMap.TwinStickExampleMap:PersistentLevel.TwinStickExampleMap' with GeneratedClass '/Game/TwinStickBP/Maps/TwinStickExampleMap.TwinStickExampleMap_C' with ClassGeneratedBy '/Game/TwinStickBP/Maps/TwinStickExampleMap.TwinStickExampleMap:PersistentLevel.TwinStickExampleMap'
[2017.06.17-03.58.40:529][812]LogPlayLevel: PlayLevel: No blueprints needed recompiling
[2017.06.17-03.58.40:529][812]PIE: New page: PIE session: TwinStickExampleMap (Jun 16, 2017, 1:58:40 PM)
[2017.06.17-03.58.40:529][812]LogPlayLevel: Creating play world package: /Game/TwinStickBP/Maps/UEDPIE_0_TwinStickExampleMap
[2017.06.17-03.58.40:538][812]LogPlayLevel: PIE: StaticDuplicateObject took: (0.008340s)
[2017.06.17-03.58.40:538][812]LogAIModule: Creating AISystem for world TwinStickExampleMap
[2017.06.17-03.58.40:538][812]LogPlayLevel: PIE: World Init took: (0.000687s)
[2017.06.17-03.58.40:539][812]LogPlayLevel: PIE: Created PIE world by copying editor world from /Game/TwinStickBP/Maps/TwinStickExampleMap.TwinStickExampleMap to /Game/TwinStickBP/Maps/UEDPIE_0_TwinStickExampleMap.TwinStickExampleMap (0.009248s)
[2017.06.17-03.58.40:565][812]LogInit: XAudio2 using 'Headset Earphone (HyperX 7.1 Audio)' : 2 channels at 44.1 kHz using 16 bits per sample (channel mask 0x3)
[2017.06.17-03.58.40:571][812]LogInit: FAudioDevice initialized.
[2017.06.17-03.58.40:628][812]LogLoad: Game class is 'TwinStickGameMode_C'
[2017.06.17-03.58.40:633][812]LogWorld: Bringing World /Game/TwinStickBP/Maps/UEDPIE_0_TwinStickExampleMap.TwinStickExampleMap up for play (max tick rate 60) at 2017.06.16-20.58.40
[2017.06.17-03.58.40:635][812]LogWorld: Bringing up level for play took: 0.005013
[2017.06.17-03.58.40:635][812]LogGameMode:Display: Match State Changed from EnteringMap to WaitingToStart
[2017.06.17-03.58.40:635][812]LogGameState: Match State Changed from EnteringMap to WaitingToStart
[2017.06.17-03.58.40:635][812]LogGameMode:Display: Match State Changed from WaitingToStart to InProgress
[2017.06.17-03.58.40:637][812]LogGameState: Match State Changed from WaitingToStart to InProgress
[2017.06.17-03.58.40:646][812]PIE: Info Play in editor start time for /Game/TwinStickBP/Maps/UEDPIE_0_TwinStickExampleMap -0.487
[2017.06.17-03.58.40:647][812]LogBlueprintUserMessages: Late PlayInEditor Detection: Level '/Game/TwinStickBP/Maps/TwinStickExampleMap.TwinStickExampleMap:PersistentLevel' has LevelScriptBlueprint '/Game/TwinStickBP/Maps/TwinStickExampleMap.TwinStickExampleMap:PersistentLevel.TwinStickExampleMap' with GeneratedClass '/Game/TwinStickBP/Maps/TwinStickExampleMap.TwinStickExampleMap_C' with ClassGeneratedBy '/Game/TwinStickBP/Maps/TwinStickExampleMap.TwinStickExampleMap:PersistentLevel.TwinStickExampleMap'
[2017.06.17-04.00.00:263][580]LogBlueprintUserMessages: Early EndPlayMap Detection: Level '/Game/TwinStickBP/Maps/TwinStickExampleMap.TwinStickExampleMap:PersistentLevel' has LevelScriptBlueprint '/Game/TwinStickBP/Maps/TwinStickExampleMap.TwinStickExampleMap:PersistentLevel.TwinStickExampleMap' with GeneratedClass '/Game/TwinStickBP/Maps/TwinStickExampleMap.TwinStickExampleMap_C' with ClassGeneratedBy '/Game/TwinStickBP/Maps/TwinStickExampleMap.TwinStickExampleMap:PersistentLevel.TwinStickExampleMap'
[2017.06.17-04.00.00:337][580]LogBlueprintUserMessages: Late EndPlayMap Detection: Level '/Game/TwinStickBP/Maps/TwinStickExampleMap.TwinStickExampleMap:PersistentLevel' has LevelScriptBlueprint '/Game/TwinStickBP/Maps/TwinStickExampleMap.TwinStickExampleMap:PersistentLevel.TwinStickExampleMap' with GeneratedClass '/Game/TwinStickBP/Maps/TwinStickExampleMap.TwinStickExampleMap_C' with ClassGeneratedBy '/Game/TwinStickBP/Maps/TwinStickExampleMap.TwinStickExampleMap:PersistentLevel.TwinStickExampleMap'
[2017.06.17-04.00.04:479][819]Cmd: OBJ SAVEPACKAGE PACKAGE="/Game/TwinStickBP/Blueprints/TwinStickPawn" FILE="../../../../../../supers-master/supers-master 4.16/supers/Content/TwinStickBP/Blueprints/TwinStickPawn.uasset" SILENT=true
[2017.06.17-04.00.04:710][819]LogSavePackage: Save=213.60ms
[2017.06.17-04.00.04:710][819]LogSavePackage: Moving '../../../../../../supers-master/supers-master 4.16/supers/Saved/TwinStickPawn33070EB8452064313245C19004809350.tmp' to '../../../../../../supers-master/supers-master 4.16/supers/Content/TwinStickBP/Blueprints/TwinStickPawn.uasset'
[2017.06.17-04.00.04:717][819]LogSavePackage:Display: Finished SavePackage ../../../../../../supers-master/supers-master 4.16/supers/Content/TwinStickBP/Blueprints/TwinStickPawn.uasset
[2017.06.17-04.00.25:775][678]LogSavePackage: Save=455.52ms
[2017.06.17-04.00.25:775][678]LogSavePackage: Moving '../../../../../../supers-master/supers-master 4.16/supers/Saved/TwinStickExampleMapEF089AA348B9F0B53EFD9CBDD17AC16B.tmp' to '../../../../../../supers-master/supers-master 4.16/supers/Content/TwinStickBP/Maps/TwinStickExampleMap.umap'
[2017.06.17-04.00.25:780][678]LogSavePackage:Display: Finished SavePackage ../../../../../../supers-master/supers-master 4.16/supers/Content/TwinStickBP/Maps/TwinStickExampleMap.umap
[2017.06.17-04.00.25:811][678]LogFileHelpers: Saving map 'TwinStickExampleMap' took 5.193
[2017.06.17-04.00.25:900][678]LogWindowsTextInputMethodSystem:Display: IME system now deactivated.
[2017.06.17-04.00.26:073][679]Cmd: QUIT_EDITOR
[2017.06.17-04.00.27:008][679]LogExit: Preparing to exit.
[2017.06.17-04.00.28:108][679]LogDirectoryWatcher: A directory notification for 'C:/supers-master/supers-master 4.16/supers/Content/' was aborted.
[2017.06.17-04.00.28:139][679]LogExit: Editor shut down
[2017.06.17-04.00.28:143][679]LogExit: Transaction tracking system shut down
[2017.06.17-04.00.28:222][679]LogObj: Freed 0b from 0 cluster array pools.
[2017.06.17-04.00.28:222][679]LogExit: Object subsystem successfully closed.
[2017.06.17-04.00.28:241][679]LogD3D11RHI: Shutdown
[2017.06.17-04.00.28:241][679]LogD3D11RHI: CleanupD3DDevice
[2017.06.17-04.00.28:309][679]LogD3D11RHI: ~FD3D11DynamicRHI
[2017.06.17-04.00.28:329][679]LogModuleManager: Shutting down and abandoning module MovieSceneCapture (530)
[2017.06.17-04.00.28:329][679]LogModuleManager: Shutting down and abandoning module BlueprintGraph (528)
[2017.06.17-04.00.28:329][679]LogModuleManager: Shutting down and abandoning module BlueprintProfiler (526)
[2017.06.17-04.00.28:329][679]LogModuleManager: Shutting down and abandoning module HierarchicalLODOutliner (524)
[2017.06.17-04.00.28:329][679]LogModuleManager: Shutting down and abandoning module CrashTracker (522)
[2017.06.17-04.00.28:329][679]LogModuleManager: Shutting down and abandoning module SceneOutliner (520)
[2017.06.17-04.00.28:329][679]LogModuleManager: Shutting down and abandoning module AddContentDialog (518)
[2017.06.17-04.00.28:329][679]LogDirectoryWatcher: A directory notification for 'C:/Program Files/Epic Games/UE_4.16/FeaturePacks/' was aborted.
[2017.06.17-04.00.28:330][679]LogModuleManager: Shutting down and abandoning module WidgetCarousel (517)
[2017.06.17-04.00.28:330][679]LogModuleManager: Shutting down and abandoning module EditorWidgets (514)
[2017.06.17-04.00.28:330][679]LogModuleManager: Shutting down and abandoning module CollectionManager (512)
[2017.06.17-04.00.28:330][679]LogDirectoryWatcher: A directory notification for 'C:/supers-master/supers-master 4.16/supers/Content/Collections/' was aborted.
[2017.06.17-04.00.28:330][679]LogDirectoryWatcher: A directory notification for 'C:/supers-master/supers-master 4.16/supers/Content/Developers/NewXB/Collections/' was aborted.
[2017.06.17-04.00.28:330][679]LogDirectoryWatcher: A directory notification for 'C:/supers-master/supers-master 4.16/supers/Saved/Collections/' was aborted.
[2017.06.17-04.00.28:330][679]LogModuleManager: Shutting down and abandoning module StatsViewer (510)
[2017.06.17-04.00.28:330][679]LogModuleManager: Shutting down and abandoning module FoliageEdit (508)
[2017.06.17-04.00.28:330][679]LogModuleManager: Shutting down and abandoning module LandscapeEditor (506)
[2017.06.17-04.00.28:330][679]LogModuleManager: Shutting down and abandoning module MeshPaintMode (504)
[2017.06.17-04.00.28:330][679]LogModuleManager: Shutting down and abandoning module SceneDepthPickerMode (502)
[2017.06.17-04.00.28:330][679]LogModuleManager: Shutting down and abandoning module ActorPickerMode (500)
[2017.06.17-04.00.28:330][679]LogModuleManager: Shutting down and abandoning module GeometryMode (498)
[2017.06.17-04.00.28:330][679]LogModuleManager: Shutting down and abandoning module TextureAlignMode (496)
[2017.06.17-04.00.28:330][679]LogModuleManager: Shutting down and abandoning module BspMode (494)
[2017.06.17-04.00.28:330][679]LogModuleManager: Shutting down and abandoning module HardwareSurvey (492)
[2017.06.17-04.00.28:330][679]LogModuleManager: Shutting down and abandoning module SequenceRecorderSections (490)
[2017.06.17-04.00.28:330][679]LogModuleManager: Shutting down and abandoning module AutomationWorker (488)
[2017.06.17-04.00.28:330][679]LogModuleManager: Shutting down and abandoning module MatineeToLevelSequence (486)
[2017.06.17-04.00.28:330][679]LogModuleManager: Shutting down and abandoning module LevelSequenceEditor (484)
[2017.06.17-04.00.28:330][679]LogModuleManager: Shutting down and abandoning module PlacementMode (483)
[2017.06.17-04.00.28:330][679]LogModuleManager: Shutting down and abandoning module WmfMediaFactory (480)
[2017.06.17-04.00.28:330][679]LogModuleManager: Shutting down and abandoning module WmfMediaEditor (478)
[2017.06.17-04.00.28:330][679]LogModuleManager: Shutting down and abandoning module AvfMediaFactory (476)
[2017.06.17-04.00.28:330][679]LogModuleManager: Shutting down and abandoning module AvfMediaEditor (474)
[2017.06.17-04.00.28:330][679]LogModuleManager: Shutting down and abandoning module AndroidMediaFactory (472)
[2017.06.17-04.00.28:330][679]LogModuleManager: Shutting down and abandoning module Media (471)
[2017.06.17-04.00.28:330][679]LogModuleManager: Shutting down and abandoning module AndroidMediaEditor (468)
[2017.06.17-04.00.28:330][679]LogModuleManager: Shutting down and abandoning module CharacterAI (466)
[2017.06.17-04.00.28:330][679]LogModuleManager: Shutting down and abandoning module AudioCapture (464)
[2017.06.17-04.00.28:330][679]LogModuleManager: Shutting down and abandoning module SequenceRecorder (463)
[2017.06.17-04.00.28:330][679]LogModuleManager: Shutting down and abandoning module SmartSnapping (460)
[2017.06.17-04.00.28:330][679]LogModuleManager: Shutting down and abandoning module SessionServices (458)
[2017.06.17-04.00.28:330][679]LogModuleManager: Shutting down and abandoning module ViewportSnapping (456)
[2017.06.17-04.00.28:330][679]LogModuleManager: Shutting down and abandoning module ViewportInteraction (454)
[2017.06.17-04.00.28:330][679]LogModuleManager: Shutting down and abandoning module ClothPainter (452)
[2017.06.17-04.00.28:330][679]LogModuleManager: Shutting down and abandoning module LogVisualizer (450)
[2017.06.17-04.00.28:331][679]LogModuleManager: Shutting down and abandoning module IntroTutorials (448)
[2017.06.17-04.00.28:331][679]LogModuleManager: Shutting down and abandoning module GameProjectGeneration (447)
[2017.06.17-04.00.28:331][679]LogModuleManager: Shutting down and abandoning module EditorLiveStreaming (444)
[2017.06.17-04.00.28:331][679]LogModuleManager: Shutting down and abandoning module IOSPlatformEditor (442)
[2017.06.17-04.00.28:331][679]LogModuleManager: Shutting down and abandoning module HTML5PlatformEditor (440)
[2017.06.17-04.00.28:331][679]LogModuleManager: Shutting down and abandoning module AndroidPlatformEditor (438)
[2017.06.17-04.00.28:331][679]LogModuleManager: Shutting down and abandoning module AndroidDeviceDetection (437)
[2017.06.17-04.00.29:149][679]LogModuleManager: Shutting down and abandoning module IOSRuntimeSettings (434)
[2017.06.17-04.00.29:149][679]LogModuleManager: Shutting down and abandoning module AndroidRuntimeSettings (432)
[2017.06.17-04.00.29:149][679]LogModuleManager: Shutting down and abandoning module InputBindingEditor (430)
[2017.06.17-04.00.29:149][679]LogModuleManager: Shutting down and abandoning module MergeActors (428)
[2017.06.17-04.00.29:149][679]LogModuleManager: Shutting down and abandoning module SizeMap (426)
[2017.06.17-04.00.29:149][679]LogModuleManager: Shutting down and abandoning module TreeMap (424)
[2017.06.17-04.00.29:149][679]LogModuleManager: Shutting down and abandoning module ReferenceViewer (422)
[2017.06.17-04.00.29:149][679]LogModuleManager: Shutting down and abandoning module LocalizationDashboard (420)
[2017.06.17-04.00.29:149][679]LogModuleManager: Shutting down and abandoning module LocalizationService (419)
[2017.06.17-04.00.29:149][679]LogModuleManager: Shutting down and abandoning module HardwareTargeting (416)
[2017.06.17-04.00.29:149][679]LogModuleManager: Shutting down and abandoning module DeviceProfileEditor (414)
[2017.06.17-04.00.29:149][679]LogModuleManager: Shutting down and abandoning module UndoHistory (412)
[2017.06.17-04.00.29:149][679]LogModuleManager: Shutting down and abandoning module UserFeedback (410)
[2017.06.17-04.00.29:149][679]LogModuleManager: Shutting down and abandoning module XmlParser (408)
[2017.06.17-04.00.29:149][679]LogModuleManager: Shutting down and abandoning module Blutility (406)
[2017.06.17-04.00.29:149][679]LogModuleManager: Shutting down and abandoning module ProjectSettingsViewer (404)
[2017.06.17-04.00.29:149][679]LogModuleManager: Shutting down and abandoning module ProjectTargetPlatformEditor (403)
[2017.06.17-04.00.29:149][679]LogModuleManager: Shutting down and abandoning module EditorSettingsViewer (400)
[2017.06.17-04.00.29:149][679]LogModuleManager: Shutting down and abandoning module SettingsEditor (398)
[2017.06.17-04.00.29:149][679]LogModuleManager: Shutting down and abandoning module ProjectLauncher (396)
[2017.06.17-04.00.29:149][679]LogModuleManager: Shutting down and abandoning module SessionFrontend (394)
[2017.06.17-04.00.29:149][679]LogModuleManager: Shutting down and abandoning module ProfilerClient (392)
[2017.06.17-04.00.29:149][679]LogModuleManager: Shutting down and abandoning module DeviceManager (390)
[2017.06.17-04.00.29:149][679]LogModuleManager: Shutting down and abandoning module TargetDeviceServices (389)
[2017.06.17-04.00.29:203][679]LogModuleManager: Shutting down and abandoning module AutomationController (386)
[2017.06.17-04.00.29:203][679]LogModuleManager: Shutting down and abandoning module AutomationWindow (384)
[2017.06.17-04.00.29:203][679]LogModuleManager: Shutting down and abandoning module Layers (382)
[2017.06.17-04.00.29:203][679]LogModuleManager: Shutting down and abandoning module ComponentVisualizers (380)
[2017.06.17-04.00.29:203][679]LogModuleManager: Shutting down and abandoning module DetailCustomizations (378)
[2017.06.17-04.00.29:203][679]LogModuleManager: Shutting down and abandoning module PackagesDialog (376)
[2017.06.17-04.00.29:203][679]LogModuleManager: Shutting down and abandoning module Persona (374)
[2017.06.17-04.00.29:203][679]LogModuleManager: Shutting down and abandoning module AdvancedPreviewScene (373)
[2017.06.17-04.00.29:203][679]LogModuleManager: Shutting down and abandoning module AnimGraph (371)
[2017.06.17-04.00.29:203][679]LogModuleManager: Shutting down and abandoning module Kismet (368)
[2017.06.17-04.00.29:208][679]LogModuleManager: Shutting down and abandoning module ClassViewer (366)
[2017.06.17-04.00.29:208][679]LogModuleManager: Shutting down and abandoning module Toolbox (364)
[2017.06.17-04.00.29:208][679]LogModuleManager: Shutting down and abandoning module ModuleUI (362)
[2017.06.17-04.00.29:208][679]LogModuleManager: Shutting down and abandoning module MovieSceneTools (360)
[2017.06.17-04.00.29:208][679]LogModuleManager: Shutting down and abandoning module OutputLog (358)
[2017.06.17-04.00.29:208][679]LogModuleManager: Shutting down and abandoning module GammaUI (356)
[2017.06.17-04.00.29:208][679]LogModuleManager: Shutting down and abandoning module Documentation (354)
[2017.06.17-04.00.29:208][679]LogModuleManager: Shutting down and abandoning module MovieSceneTracks (352)
[2017.06.17-04.00.29:208][679]LogModuleManager: Shutting down and abandoning module MovieScene (350)
[2017.06.17-04.00.29:208][679]LogModuleManager: Shutting down and abandoning module Niagara (348)
[2017.06.17-04.00.29:208][679]LogModuleManager: Shutting down and abandoning module NiagaraEditor (347)
[2017.06.17-04.00.29:209][679]LogModuleManager: Shutting down and abandoning module StreamingPauseRendering (344)
[2017.06.17-04.00.29:209][679]LogModuleManager: Shutting down and abandoning module AnalyticsET (342)
[2017.06.17-04.00.29:209][679]LogModuleManager: Shutting down and abandoning module PortalServices (340)
[2017.06.17-04.00.29:209][679]LogModuleManager: Shutting down and abandoning module PortalRpc (338)
[2017.06.17-04.00.29:209][679]LogModuleManager: Shutting down and abandoning module MessagingRpc (336)
[2017.06.17-04.00.29:209][679]LogModuleManager: Shutting down and abandoning module AIModule (334)
[2017.06.17-04.00.29:209][679]LogModuleManager: Shutting down and abandoning module GameplayDebugger (333)
[2017.06.17-04.00.29:209][679]LogModuleManager: Shutting down and abandoning module AITestSuite (331)
[2017.06.17-04.00.29:209][679]LogModuleManager: Shutting down and abandoning module ProfilerService (328)
[2017.06.17-04.00.29:247][679]LogModuleManager: Shutting down and abandoning module TaskGraph (326)
[2017.06.17-04.00.29:247][679]LogModuleManager: Shutting down and abandoning module SteamVRController (324)
[2017.06.17-04.00.29:247][679]LogModuleManager: Shutting down and abandoning module SteamVR (322)
[2017.06.17-04.00.29:247][679]LogModuleManager: Shutting down and abandoning module ProceduralMeshComponentEditor (320)
[2017.06.17-04.00.29:247][679]LogModuleManager: Shutting down and abandoning module ProceduralMeshComponent (318)
[2017.06.17-04.00.29:247][679]LogModuleManager: Shutting down and abandoning module OculusLibrary (316)
[2017.06.17-04.00.29:247][679]LogModuleManager: Shutting down and abandoning module OculusInput (314)
[2017.06.17-04.00.29:247][679]LogModuleManager: Shutting down and abandoning module MobilePatchingUtils (312)
[2017.06.17-04.00.29:247][679]LogModuleManager: Shutting down and abandoning module CustomMeshComponent (310)
[2017.06.17-04.00.29:247][679]LogModuleManager: Shutting down and abandoning module CableComponent (308)
[2017.06.17-04.00.29:247][679]LogModuleManager: Shutting down and abandoning module ArchVisCharacter (306)
[2017.06.17-04.00.29:247][679]LogModuleManager: Shutting down and abandoning module AndroidPermission (304)
[2017.06.17-04.00.29:247][679]LogModuleManager: Shutting down and abandoning module MediaPlayerEditor (300)
[2017.06.17-04.00.29:247][679]LogModuleManager: Shutting down and abandoning module HTML5Networking (298)
[2017.06.17-04.00.29:247][679]LogModuleManager: Shutting down and abandoning module AlembicImporter (296)
[2017.06.17-04.00.29:247][679]LogModuleManager: Shutting down and abandoning module AlembicLibrary (295)
[2017.06.17-04.00.29:247][679]LogModuleManager: Shutting down and abandoning module GeometryCache (294)
[2017.06.17-04.00.29:247][679]LogModuleManager: Shutting down and abandoning module GeometryCacheEd (293)
[2017.06.17-04.00.29:247][679]LogModuleManager: Shutting down and abandoning module SuperSearchEditor (288)
[2017.06.17-04.00.29:247][679]LogModuleManager: Shutting down and abandoning module SuperSearch (287)
[2017.06.17-04.00.29:247][679]LogModuleManager: Shutting down and abandoning module SpeedTreeImporter (284)
[2017.06.17-04.00.29:247][679]LogModuleManager: Shutting down and abandoning module PluginBrowser (282)
[2017.06.17-04.00.29:247][679]LogModuleManager: Shutting down and abandoning module MobileLauncherProfileWizard (280)
[2017.06.17-04.00.29:247][679]LogModuleManager: Shutting down and abandoning module VisualStudioSourceCodeAccess (278)
[2017.06.17-04.00.29:247][679]LogModuleManager: Shutting down and abandoning module DesktopPlatform (277)
[2017.06.17-04.00.29:247][679]LogModuleManager: Shutting down and abandoning module UObjectPlugin (274)
[2017.06.17-04.00.29:247][679]LogModuleManager: Shutting down and abandoning module SubversionSourceControl (272)
[2017.06.17-04.00.29:247][679]LogModuleManager: Shutting down and abandoning module PerforceSourceControl (270)
[2017.06.17-04.00.29:247][679]LogModuleManager: Shutting down and abandoning module GitSourceControl (268)
[2017.06.17-04.00.29:247][679]LogModuleManager: Shutting down and abandoning module SourceControl (267)
[2017.06.17-04.00.29:247][679]LogModuleManager: Shutting down and abandoning module LightPropagationVolumeEditor (264)
[2017.06.17-04.00.29:247][679]LogModuleManager: Shutting down and abandoning module PaperTiledImporter (262)
[2017.06.17-04.00.29:247][679]LogModuleManager: Shutting down and abandoning module PaperSpriteSheetImporter (260)
[2017.06.17-04.00.29:247][679]LogModuleManager: Shutting down and abandoning module Paper2DEditor (258)
[2017.06.17-04.00.29:247][679]LogModuleManager: Shutting down and abandoning module MeshPaint (257)
[2017.06.17-04.00.29:247][679]LogModuleManager: Shutting down and abandoning module LevelEditor (255)
[2017.06.17-04.00.29:248][679]LogModuleManager: Shutting down and abandoning module PixelInspectorModule (254)
[2017.06.17-04.00.29:248][679]LogModuleManager: Shutting down and abandoning module MainFrame (252)
[2017.06.17-04.00.29:248][679]LogModuleManager: Shutting down and abandoning module HotReload (251)
[2017.06.17-04.00.29:249][679]LogModuleManager: Shutting down and abandoning module PhysXVehiclesEditor (246)
[2017.06.17-04.00.29:249][679]LogModuleManager: Shutting down and abandoning module PhysXVehicles (244)
[2017.06.17-04.00.29:249][679]LogModuleManager: Shutting down and abandoning module LocationServicesBPLibrary (242)
[2017.06.17-04.00.29:249][679]LogModuleManager: Shutting down and abandoning module ImmediatePhysicsEditor (240)
[2017.06.17-04.00.29:249][679]LogModuleManager: Shutting down and abandoning module ImmediatePhysics (238)
[2017.06.17-04.00.29:249][679]LogModuleManager: Shutting down and abandoning module UdpMessaging (236)
[2017.06.17-04.00.29:349][679]LogModuleManager: Shutting down and abandoning module TcpMessaging (234)
[2017.06.17-04.00.29:450][679]LogModuleManager: Shutting down and abandoning module GameplayTagsEditor (232)
[2017.06.17-04.00.29:450][679]LogModuleManager: Shutting down and abandoning module FacialAnimationEditor (230)
[2017.06.17-04.00.29:450][679]LogModuleManager: Shutting down and abandoning module FacialAnimation (228)
[2017.06.17-04.00.29:450][679]LogModuleManager: Shutting down and abandoning module AssetManagerEditor (226)
[2017.06.17-04.00.29:450][679]LogModuleManager: Shutting down and abandoning module GraphEditor (225)
[2017.06.17-04.00.29:450][679]LogModuleManager: Shutting down and abandoning module ContentBrowser (223)
[2017.06.17-04.00.29:451][679]LogModuleManager: Shutting down and abandoning module LightPropagationVolumeRuntime (220)
[2017.06.17-04.00.29:451][679]LogModuleManager: Shutting down and abandoning module Paper2D (218)
[2017.06.17-04.00.29:451][679]LogModuleManager: Shutting down and abandoning module WindowsMoviePlayer (216)
[2017.06.17-04.00.29:451][679]LogModuleManager: Shutting down and abandoning module WmfMedia (214)
[2017.06.17-04.00.29:451][679]LogModuleManager: Shutting down and abandoning module ClothingSystemEditor (212)
[2017.06.17-04.00.29:451][679]LogModuleManager: Shutting down and abandoning module ClothingSystemRuntime (210)
[2017.06.17-04.00.29:451][679]LogModuleManager: Shutting down and abandoning module MediaAssets (208)
[2017.06.17-04.00.29:451][679]LogModuleManager: Shutting down and abandoning module GameLiveStreaming (206)
[2017.06.17-04.00.29:451][679]LogModuleManager: Shutting down and abandoning module VREditor (204)
[2017.06.17-04.00.29:451][679]LogModuleManager: Shutting down and abandoning module StringTableEditor (202)
[2017.06.17-04.00.29:451][679]LogModuleManager: Shutting down and abandoning module GameplayTasksEditor (200)
[2017.06.17-04.00.29:451][679]LogModuleManager: Shutting down and abandoning module BehaviorTreeEditor (198)
[2017.06.17-04.00.29:451][679]LogModuleManager: Shutting down and abandoning module FunctionalTesting (196)
[2017.06.17-04.00.29:451][679]LogModuleManager: Shutting down and abandoning module CollisionAnalyzer (194)
[2017.06.17-04.00.29:451][679]LogModuleManager: Shutting down and abandoning module UMG (192)
[2017.06.17-04.00.29:451][679]LogModuleManager: Shutting down and abandoning module UMGEditor (191)
[2017.06.17-04.00.29:451][679]LogModuleManager: Shutting down and abandoning module Sequencer (190)
[2017.06.17-04.00.29:451][679]LogModuleManager: Shutting down and abandoning module AssetTools (188)
[2017.06.17-04.00.29:451][679]LogModuleManager: Shutting down and abandoning module MessageLog (187)
[2017.06.17-04.00.29:451][679]LogModuleManager: Shutting down and abandoning module WorkspaceMenuStructure (186)
[2017.06.17-04.00.29:451][679]LogModuleManager: Shutting down and abandoning module SlateReflector (180)
[2017.06.17-04.00.29:451][679]LogModuleManager: Shutting down and abandoning module Slate (178)
[2017.06.17-04.00.29:451][679]LogModuleManager: Shutting down and abandoning module EditorStyle (176)
[2017.06.17-04.00.29:453][679]LogModuleManager: Shutting down and abandoning module SourceCodeAccess (174)
[2017.06.17-04.00.29:453][679]LogModuleManager: Shutting down and abandoning module HeadMountedDisplay (172)
[2017.06.17-04.00.29:453][679]LogModuleManager: Shutting down and abandoning module XAudio2 (170)
[2017.06.17-04.00.29:453][679]LogModuleManager: Shutting down and abandoning module Networking (168)
[2017.06.17-04.00.29:453][679]LogModuleManager: Shutting down and abandoning module Core (164)
[2017.06.17-04.00.29:453][679]LogModuleManager: Shutting down and abandoning module AssetRegistry (162)
[2017.06.17-04.00.29:638][679]LogDirectoryWatcher: A directory notification for '../../../Engine/Content/' was aborted.
[2017.06.17-04.00.29:638][679]LogDirectoryWatcher: A directory notification for '../../../../../../supers-master/supers-master 4.16/supers/Content/' was aborted.
[2017.06.17-04.00.29:638][679]LogDirectoryWatcher: A directory notification for '../../../Engine/Plugins/2D/Paper2D/Content/' was aborted.
[2017.06.17-04.00.29:638][679]LogDirectoryWatcher: A directory notification for '../../../Engine/Plugins/Runtime/GearVR/Content/' was aborted.
[2017.06.17-04.00.29:640][679]LogModuleManager: Shutting down and abandoning module DirectoryWatcher (161)
[2017.06.17-04.00.29:640][679]LogModuleManager: Shutting down and abandoning module KismetCompiler (158)
[2017.06.17-04.00.29:640][679]LogModuleManager: Shutting down and abandoning module LevelSequence (156)
[2017.06.17-04.00.29:640][679]LogModuleManager: Shutting down and abandoning module PhysXFormats (154)
[2017.06.17-04.00.29:641][679]LogModuleManager: Shutting down and abandoning module MeshUtilities (152)
[2017.06.17-04.00.29:641][679]LogModuleManager: Shutting down and abandoning module SimplygonSwarm (151)
[2017.06.17-04.00.29:641][679]LogModuleManager: Shutting down and abandoning module SimplygonMeshReduction (149)
[2017.06.17-04.00.29:641][679]LogModuleManager: Shutting down and abandoning module QuadricMeshReduction (147)
[2017.06.17-04.00.29:641][679]LogModuleManager: Shutting down and abandoning module DerivedDataCache (144)
[2017.06.17-04.00.29:732][679]LogDerivedDataCache: Shutdown
[2017.06.17-04.00.29:732][679]LogModuleManager: Shutting down and abandoning module TargetPlatform (142)
[2017.06.17-04.00.29:732][679]LogModuleManager: Shutting down and abandoning module VulkanShaderFormat (141)
[2017.06.17-04.00.29:732][679]LogModuleManager: Shutting down and abandoning module ShaderFormatVectorVM (139)
[2017.06.17-04.00.29:732][679]LogModuleManager: Shutting down and abandoning module ShaderFormatOpenGL (137)
[2017.06.17-04.00.29:732][679]LogModuleManager: Shutting down and abandoning module ShaderFormatD3D (135)
[2017.06.17-04.00.29:732][679]LogModuleManager: Shutting down and abandoning module MetalShaderFormat (133)
[2017.06.17-04.00.29:732][679]LogModuleManager: Shutting down and abandoning module TextureFormatUncompressed (131)
[2017.06.17-04.00.29:732][679]LogModuleManager: Shutting down and abandoning module TextureFormatPVR (129)
[2017.06.17-04.00.29:732][679]LogModuleManager: Shutting down and abandoning module TextureFormatDXT (127)
[2017.06.17-04.00.29:732][679]LogModuleManager: Shutting down and abandoning module TextureFormatIntelISPCTexComp (125)
[2017.06.17-04.00.29:732][679]LogModuleManager: Shutting down and abandoning module TextureFormatASTC (123)
[2017.06.17-04.00.29:732][679]LogModuleManager: Shutting down and abandoning module ImageWrapper (122)
[2017.06.17-04.00.29:732][679]LogModuleManager: Shutting down and abandoning module TextureFormatAndroid (119)
[2017.06.17-04.00.29:732][679]LogModuleManager: Shutting down and abandoning module AudioFormatOpus (117)
[2017.06.17-04.00.29:732][679]LogModuleManager: Shutting down and abandoning module AudioFormatOgg (115)
[2017.06.17-04.00.29:732][679]LogModuleManager: Shutting down and abandoning module AudioFormatADPCM (113)
[2017.06.17-04.00.29:732][679]LogModuleManager: Shutting down and abandoning module LinuxTargetPlatform (111)
[2017.06.17-04.00.29:732][679]LogModuleManager: Shutting down and abandoning module LinuxServerTargetPlatform (109)
[2017.06.17-04.00.29:732][679]LogModuleManager: Shutting down and abandoning module LinuxNoEditorTargetPlatform (107)
[2017.06.17-04.00.29:732][679]LogModuleManager: Shutting down and abandoning module LinuxClientTargetPlatform (105)
[2017.06.17-04.00.29:732][679]LogModuleManager: Shutting down and abandoning module TVOSTargetPlatform (103)
[2017.06.17-04.00.29:732][679]LogModuleManager: Shutting down and abandoning module Messaging (101)
[2017.06.17-04.00.29:732][679]LogModuleManager: Shutting down and abandoning module IOSTargetPlatform (99)
[2017.06.17-04.00.29:732][679]LogModuleManager: Shutting down and abandoning module HTML5TargetPlatform (97)
[2017.06.17-04.00.29:732][679]LogModuleManager: Shutting down and abandoning module Android_PVRTCTargetPlatform (95)
[2017.06.17-04.00.29:732][679]LogModuleManager: Shutting down and abandoning module Android_MultiTargetPlatform (93)
[2017.06.17-04.00.29:732][679]LogModuleManager: Shutting down and abandoning module Android_ETC2TargetPlatform (91)
[2017.06.17-04.00.29:732][679]LogModuleManager: Shutting down and abandoning module Android_ETC1TargetPlatform (89)
[2017.06.17-04.00.29:732][679]LogModuleManager: Shutting down and abandoning module Android_DXTTargetPlatform (87)
[2017.06.17-04.00.29:732][679]LogModuleManager: Shutting down and abandoning module Android_ATCTargetPlatform (85)
[2017.06.17-04.00.29:732][679]LogModuleManager: Shutting down and abandoning module Android_ASTCTargetPlatform (83)
[2017.06.17-04.00.29:732][679]LogModuleManager: Shutting down and abandoning module AndroidTargetPlatform (81)
[2017.06.17-04.00.29:732][679]LogModuleManager: Shutting down and abandoning module WindowsTargetPlatform (79)
[2017.06.17-04.00.29:732][679]LogModuleManager: Shutting down and abandoning module WindowsServerTargetPlatform (77)
[2017.06.17-04.00.29:732][679]LogModuleManager: Shutting down and abandoning module WindowsNoEditorTargetPlatform (75)
[2017.06.17-04.00.29:732][679]LogModuleManager: Shutting down and abandoning module WindowsClientTargetPlatform (73)
[2017.06.17-04.00.29:732][679]LogModuleManager: Shutting down and abandoning module MacTargetPlatform (71)
[2017.06.17-04.00.29:732][679]LogModuleManager: Shutting down and abandoning module MacServerTargetPlatform (69)
[2017.06.17-04.00.29:732][679]LogModuleManager: Shutting down and abandoning module MacNoEditorTargetPlatform (67)
[2017.06.17-04.00.29:733][679]LogModuleManager: Shutting down and abandoning module MacClientTargetPlatform (65)
[2017.06.17-04.00.29:733][679]LogModuleManager: Shutting down and abandoning module AllDesktopTargetPlatform (63)
[2017.06.17-04.00.29:733][679]LogModuleManager: Shutting down and abandoning module InputCore (60)
[2017.06.17-04.00.29:733][679]LogModuleManager: Shutting down and abandoning module Settings (58)
[2017.06.17-04.00.29:733][679]LogModuleManager: Shutting down and abandoning module OculusRift (56)
[2017.06.17-04.00.29:733][679]LogModuleManager: Shutting down and abandoning module GearVRController (54)
[2017.06.17-04.00.29:733][679]LogModuleManager: Shutting down and abandoning module GearVR (52)
[2017.06.17-04.00.29:733][679]LogModuleManager: Shutting down and abandoning module ExampleDeviceProfileSelector (50)
[2017.06.17-04.00.29:733][679]LogModuleManager: Shutting down and abandoning module OnlineBlueprintSupport (48)
[2017.06.17-04.00.29:733][679]LogModuleManager: Shutting down and abandoning module OnlineSubsystem (44)
[2017.06.17-04.00.29:733][679]LogOnline:Display: Unloading online subsystem: NULL
[2017.06.17-04.00.29:733][679]LogModuleManager: Shutting down and abandoning module XMPP (43)
[2017.06.17-04.00.29:733][679]LogModuleManager: Shutting down and abandoning module HTTP (41)
[2017.06.17-04.00.29:733][679]LogHttp:Display: Http module shutting down, but needs to wait on 1 outstanding Http requests:
[2017.06.17-04.00.29:733][679]LogHttp:Display: 	verb=[POST] url=[https://datarouter.ol.epicgames.com/datarouter/api/v1/public/data?SessionID=%7BACDD9083-4A9F-A8CD-E7AF-D6A8EA116E77%7D&AppID=UEEditor.Rocket.Release&AppVersion=4.16.1-3466753%2B%2B%2BUE4%2BRelease-4.16&UserID=ccbd696a430c42306ac6d1845b8e8cc2%7Cbccad1b3b1304992b6c7a115ad0c5f38%7C64686fe7-a4cd-47f8-aa0b-7720796a3ca2&AppEnvironment=datacollector-binary&UploadType=eteventstream] status=Processing
[2017.06.17-04.00.29:746][679]LogModuleManager: Shutting down and abandoning module SSL (40)
[2017.06.17-04.00.29:747][679]LogModuleManager: Shutting down and abandoning module HTTPChunkInstaller (36)
[2017.06.17-04.00.29:747][679]LogModuleManager: Shutting down and abandoning module AnimationModifiers (34)
[2017.06.17-04.00.29:747][679]LogModuleManager: Shutting down and abandoning module PropertyEditor (33)
[2017.06.17-04.00.29:747][679]LogModuleManager: Shutting down and abandoning module AudioEditor (30)
[2017.06.17-04.00.29:747][679]LogModuleManager: Shutting down and abandoning module TextureCompressor (28)
[2017.06.17-04.00.29:747][679]LogModuleManager: Shutting down and abandoning module ShaderCore (26)
[2017.06.17-04.00.29:747][679]LogModuleManager: Shutting down and abandoning module Landscape (24)
[2017.06.17-04.00.29:747][679]LogModuleManager: Shutting down and abandoning module SlateRHIRenderer (22)
[2017.06.17-04.00.29:748][679]LogModuleManager: Shutting down and abandoning module OpenGLDrv (20)
[2017.06.17-04.00.29:748][679]LogModuleManager: Shutting down and abandoning module D3D11RHI (18)
[2017.06.17-04.00.29:748][679]LogModuleManager: Shutting down and abandoning module AnimGraphRuntime (16)
[2017.06.17-04.00.29:748][679]LogModuleManager: Shutting down and abandoning module Renderer (14)
[2017.06.17-04.00.29:748][679]LogModuleManager: Shutting down and abandoning module Engine (12)
[2017.06.17-04.00.29:748][679]LogModuleManager: Shutting down and abandoning module CoreUObject (10)
[2017.06.17-04.00.29:748][679]LogModuleManager: Shutting down and abandoning module NetworkFile (8)
[2017.06.17-04.00.29:748][679]LogModuleManager: Shutting down and abandoning module StreamingFile (6)
[2017.06.17-04.00.29:748][679]LogModuleManager: Shutting down and abandoning module SandboxFile (4)
[2017.06.17-04.00.29:748][679]LogModuleManager: Shutting down and abandoning module PakFile (2)
[2017.06.17-04.00.29:750][679]LogExit: Exiting.
[2017.06.17-04.00.29:766][679]Log file closed, 06/16/17 21:00:29
