Log file open, 06/28/17 12:44:08
LogInit:Display: Running engine for game: Supers
LogPlatformFile: Not using cached read wrapper
LogInit:Display: RandInit(-354882570) SRandInit(-354882570).
LogTaskGraph: Started task graph with 5 named threads and 8 total threads with 1 sets of task threads.
LogStats: Stats thread started at 0.090491
LogInit: Using libcurl 7.47.1
LogInit:  - built for x86_64-pc-win32
LogInit:  - supports SSL with OpenSSL/1.0.2g
LogInit:  - supports HTTP deflate (compression) using libz 1.2.8
LogInit:  - other features:
LogInit:      CURL_VERSION_SSL
LogInit:      CURL_VERSION_LIBZ
LogInit:      CURL_VERSION_IPV6
LogInit:      CURL_VERSION_ASYNCHDNS
LogInit:      CURL_VERSION_LARGEFILE
LogInit:      CURL_VERSION_IDN
LogInit:  CurlRequestOptions (configurable via config and command line):
LogInit:  - bVerifyPeer = false  - Libcurl will NOT verify peer certificate
LogInit:  - bUseHttpProxy = false  - Libcurl will NOT use HTTP proxy
LogInit:  - bDontReuseConnections = false  - Libcurl will reuse connections
LogInit:  - CertBundlePath = nullptr  - Libcurl will use whatever was configured at build time.
LogInit: Build: ++UE4+Release-4.16-CL-3466753
LogInit: Engine Version: 4.16.1-3466753+++UE4+Release-4.16
LogInit: Compatible Engine Version: 4.16.0-3452394+++UE4+Release-4.16
LogInit: Net CL: 3452394
LogDevObjectVersion: Number of dev versions registered: 16
LogDevObjectVersion:   Dev-Blueprints (B0D832E4-1F89-4F0D-ACCF-7EB736FD4AA2): 9
LogDevObjectVersion:   Dev-Build (E1C64328-A22C-4D53-A36C-8E866417BD8C): 0
LogDevObjectVersion:   Dev-Core (375EC13C-06E4-48FB-B500-84F0262A717E): 2
LogDevObjectVersion:   Dev-Editor (E4B068ED-F494-42E9-A231-DA0B2E46BB41): 17
LogDevObjectVersion:   Dev-Framework (CFFC743F-43B0-4480-9391-14DF171D2073): 23
LogDevObjectVersion:   Dev-Mobile (B02B49B5-BB20-44E9-A304-32B752E40360): 0
LogDevObjectVersion:   Dev-Networking (A4E4105C-59A1-49B5-A7C5-40C4547EDFEE): 0
LogDevObjectVersion:   Dev-Online (39C831C9-5AE6-47DC-9A44-9C173E1C8E7C): 0
LogDevObjectVersion:   Dev-Physics (78F01B33-EBEA-4F98-B9B4-84EACCB95AA2): 0
LogDevObjectVersion:   Dev-Platform (6631380F-2D4D-43E0-8009-CF276956A95A): 0
LogDevObjectVersion:   Dev-Rendering (12F88B9F-8875-4AFC-A67C-D90C383ABD29): 15
LogDevObjectVersion:   Dev-Sequencer (7B5AE74C-D270-4C10-A958-57980B212A5A): 4
LogDevObjectVersion:   Dev-VR (D7296918-1DD6-4BDD-9DE2-64A83CC13884): 0
LogDevObjectVersion:   Dev-LoadTimes (C2A15278-BFE7-4AFE-6C17-90FF531DF755): 1
LogDevObjectVersion:   Private-Geometry (6EACA3D4-40EC-4CC1-B786-8BED09428FC5): 1
LogDevObjectVersion:   Dev-AnimPhys (29E575DD-E0A3-4627-9D10-D276232CDCEA): 3
LogInit: Compiled (64-bit): May 31 2017 02:03:30
LogInit: Compiled with Visual C++: 19.00.24215.01
LogInit: Build Configuration: Development
LogInit: Branch Name: ++UE4+Release-4.16
LogInit: Command line:  
LogInit: Base directory: C:/Program Files/Epic Games/UE_4.16/Engine/Binaries/Win64/
LogInit: Installed Engine Build: 1
LogInit: Presizing for max 8388607 objects, including 0 objects not considered by GC, pre-allocating 0 bytes for permanent pool.
LogInit: Object subsystem initialized
[2017.06.28-19.44.08:982][  0]LogInit: Selected Device Profile: [Windows]
[2017.06.28-19.44.08:982][  0]LogInit: Applying CVar settings loaded from the selected device profile: [Windows]
[2017.06.28-19.44.08:990][  0]LogInit: Computer: DESKTOP-2T88I18
[2017.06.28-19.44.08:990][  0]LogInit: User: NewXB
[2017.06.28-19.44.08:990][  0]LogInit: CPU Page size=4096, Cores=4
[2017.06.28-19.44.08:990][  0]LogInit: High frequency timer resolution =2.648439 MHz
[2017.06.28-19.44.08:990][  0]LogMemory: Memory total: Physical=31.9GB (32GB approx)
[2017.06.28-19.44.08:990][  0]LogMemory: Platform Memory Stats for Windows
[2017.06.28-19.44.08:990][  0]LogMemory: Process Physical Memory: 274.13 MB used, 274.13 MB peak
[2017.06.28-19.44.08:990][  0]LogMemory: Process Virtual Memory: 260.87 MB used, 260.87 MB peak
[2017.06.28-19.44.08:990][  0]LogMemory: Physical Memory: 7954.80 MB used,  24748.94 MB free, 32703.74 MB total
[2017.06.28-19.44.08:990][  0]LogMemory: Virtual Memory: 638.44 MB used,  24748.94 MB free, 134217728.00 MB total
[2017.06.28-19.44.09:463][  0]LogInit: Using OS detected language (en-US).
[2017.06.28-19.44.09:463][  0]LogInit: Using OS detected locale (en-US).
[2017.06.28-19.44.09:467][  0]LogTextLocalizationManager: No specific localization for 'en-US' exists, so the 'en' localization will be used.
[2017.06.28-19.44.10:397][  0]LogD3D11RHI: D3D11 adapters:
[2017.06.28-19.44.10:930][  0]LogD3D11RHI:    0. 'NVIDIA GeForce GTX 1070' (Feature Level 11_0)
[2017.06.28-19.44.10:930][  0]LogD3D11RHI:       8113/0/16351 MB DedicatedVideo/DedicatedSystem/SharedSystem, Outputs:1, VendorId:0x10de
[2017.06.28-19.44.10:931][  0]LogD3D11RHI:    1. 'Microsoft Basic Render Driver' (Feature Level 11_0)
[2017.06.28-19.44.10:931][  0]LogD3D11RHI:       0/0/16351 MB DedicatedVideo/DedicatedSystem/SharedSystem, Outputs:0, VendorId:0x1414
[2017.06.28-19.44.10:931][  0]LogD3D11RHI: Chosen D3D11 Adapter: 0
[2017.06.28-19.44.10:944][  0]LogD3D11RHI: Creating new Direct3DDevice
[2017.06.28-19.44.10:944][  0]LogD3D11RHI:     GPU DeviceId: 0x1be1 (for the marketing name, search the web for "GPU Device Id")
[2017.06.28-19.44.10:944][  0]LogWindows: EnumDisplayDevices:
[2017.06.28-19.44.10:944][  0]LogWindows:    0. 'NVIDIA GeForce GTX 1070' (P:1 D:1)
[2017.06.28-19.44.10:945][  0]LogWindows:    1. 'NVIDIA GeForce GTX 1070' (P:0 D:0)
[2017.06.28-19.44.10:945][  0]LogWindows:    2. 'NVIDIA GeForce GTX 1070' (P:0 D:0)
[2017.06.28-19.44.10:945][  0]LogWindows:    3. 'NVIDIA GeForce GTX 1070' (P:0 D:0)
[2017.06.28-19.44.10:945][  0]LogWindows: DebugString: FoundDriverCount:4 
[2017.06.28-19.44.10:945][  0]LogD3D11RHI:     Adapter Name: NVIDIA GeForce GTX 1070
[2017.06.28-19.44.10:945][  0]LogD3D11RHI:   Driver Version: 382.33 (internal:22.21.13.8233, unified:382.33)
[2017.06.28-19.44.10:945][  0]LogD3D11RHI:      Driver Date: 5-17-2017
[2017.06.28-19.44.10:945][  0]LogRHI: Texture pool is 1361 MB (70% of 1945 MB)
[2017.06.28-19.44.11:445][  0]LogD3D11RHI: Async texture creation enabled
[2017.06.28-19.44.11:475][  0]LogD3D11RHI: GPU Timing Frequency: 1000.000000 (Debug: 2 1)
[2017.06.28-19.44.11:517][  0]LogShaderCompilers: Guid format shader working directory is -11 characters bigger than the processId version (../../../../../../supers-master/supers-master 4.16/supers/Intermediate/Shaders/WorkingDirectory/4516/).
[2017.06.28-19.44.11:517][  0]LogShaderCompilers: Cleaned the shader compiler working directory 'C:/Users/NewXB/AppData/Local/Temp/UnrealShaderWorkingDir/F2FE5BD345D68A9B36440BA47E3E404F/'.
[2017.06.28-19.44.11:517][  0]LogShaderCompilers:Display: Using Local Shader Compiler.
[2017.06.28-19.44.12:495][  0]LogTemp:Display: Loaded TP AllDesktopTargetPlatform
[2017.06.28-19.44.12:546][  0]LogTemp:Display: Loaded TP MacClientTargetPlatform
[2017.06.28-19.44.12:598][  0]LogTemp:Display: Loaded TP MacNoEditorTargetPlatform
[2017.06.28-19.44.12:648][  0]LogTemp:Display: Loaded TP MacServerTargetPlatform
[2017.06.28-19.44.12:700][  0]LogTemp:Display: Loaded TP MacTargetPlatform
[2017.06.28-19.44.12:751][  0]LogTemp:Display: Loaded TP WindowsClientTargetPlatform
[2017.06.28-19.44.12:804][  0]LogTemp:Display: Loaded TP WindowsNoEditorTargetPlatform
[2017.06.28-19.44.12:857][  0]LogTemp:Display: Loaded TP WindowsServerTargetPlatform
[2017.06.28-19.44.12:902][  0]LogTemp:Display: Loaded TP WindowsTargetPlatform
[2017.06.28-19.44.12:951][  0]LogTemp:Display: Loaded TP AndroidTargetPlatform
[2017.06.28-19.44.13:002][  0]LogTemp:Display: Loaded TP Android_ASTCTargetPlatform
[2017.06.28-19.44.13:052][  0]LogTemp:Display: Loaded TP Android_ATCTargetPlatform
[2017.06.28-19.44.13:103][  0]LogTemp:Display: Loaded TP Android_DXTTargetPlatform
[2017.06.28-19.44.13:155][  0]LogTemp:Display: Loaded TP Android_ETC1TargetPlatform
[2017.06.28-19.44.13:206][  0]LogTemp:Display: Loaded TP Android_ETC2TargetPlatform
[2017.06.28-19.44.13:306][  0]LogTemp:Display: Loaded TP Android_MultiTargetPlatform
[2017.06.28-19.44.13:306][  0]LogTemp:Display: Loaded TP Android_PVRTCTargetPlatform
[2017.06.28-19.44.13:348][  0]LogTemp:Display: Loaded TP HTML5TargetPlatform
[2017.06.28-19.44.13:448][  0]LogTemp:Display: Loaded TP IOSTargetPlatform
[2017.06.28-19.44.13:475][  0]LogTemp:Display: Loaded TP TVOSTargetPlatform
[2017.06.28-19.44.13:524][  0]LogTemp:Display: Loaded TP LinuxClientTargetPlatform
[2017.06.28-19.44.13:577][  0]LogTemp:Display: Loaded TP LinuxNoEditorTargetPlatform
[2017.06.28-19.44.13:627][  0]LogTemp:Display: Loaded TP LinuxServerTargetPlatform
[2017.06.28-19.44.13:678][  0]LogTemp:Display: Loaded TP LinuxTargetPlatform
[2017.06.28-19.44.13:678][  0]LogTargetPlatformManager:Display: Building Assets For Windows
[2017.06.28-19.44.14:141][  0]LogDerivedDataCache:Display: Max Cache Size: 512 MB
[2017.06.28-19.44.14:223][  0]LogDerivedDataCache: Loaded boot cache 0.08s 89MB C:/Users/NewXB/AppData/Local/UnrealEngine/4.16/DerivedDataCache/Boot.ddc.
[2017.06.28-19.44.14:223][  0]LogDerivedDataCache:Display: Loaded Boot cache: C:/Users/NewXB/AppData/Local/UnrealEngine/4.16/DerivedDataCache/Boot.ddc
[2017.06.28-19.44.14:223][  0]LogDerivedDataCache: FDerivedDataBackendGraph:  Pak pak cache file ../../../../../../supers-master/supers-master 4.16/supers/DerivedDataCache/DDC.ddp not found, will not use a pak cache.
[2017.06.28-19.44.14:223][  0]LogDerivedDataCache: Unable to find inner node Pak for hierarchical cache Hierarchy.
[2017.06.28-19.44.14:223][  0]LogDerivedDataCache: FDerivedDataBackendGraph:  CompressedPak pak cache file ../../../../../../supers-master/supers-master 4.16/supers/DerivedDataCache/Compressed.ddp not found, will not use a pak cache.
[2017.06.28-19.44.14:223][  0]LogDerivedDataCache: Unable to find inner node CompressedPak for hierarchical cache Hierarchy.
[2017.06.28-19.44.14:238][  0]LogDerivedDataCache:Display: Pak cache opened for reading ../../../Engine/DerivedDataCache/Compressed.ddp.
[2017.06.28-19.44.14:252][  0]LogDerivedDataCache: Using Local data cache path C:/Users/NewXB/AppData/Local/UnrealEngine/Common/DerivedDataCache: Writable
[2017.06.28-19.44.14:261][  0]LogMaterial: Verifying Global Shaders for PCD3D_SM5
[2017.06.28-19.44.14:261][  0]LogSlate: Using Freetype 2.6.0
[2017.06.28-19.44.14:262][  0]LogSlate: SlateFontCache - WITH_FREETYPE: 1, WITH_HARFBUZZ: 1
[2017.06.28-19.44.14:262][  0]LogSlate: SlateFontCache - WITH_FREETYPE: 1, WITH_HARFBUZZ: 1
[2017.06.28-19.44.14:579][  0]LogInit: Selected Device Profile: [Windows]
[2017.06.28-19.44.14:642][  0]LogContentStreaming: Texture pool size is 0.00 MB
[2017.06.28-19.44.14:791][  0]LogMeshUtilities: Using QuadricMeshReduction for automatic static mesh reduction
[2017.06.28-19.44.14:836][  0]LogSimplygon: Simplygon DLL not present - disabling.
[2017.06.28-19.44.14:887][  0]LogMeshUtilities: Using SimplygonSwarm for distributed automatic mesh merging
[2017.06.28-19.44.14:887][  0]LogMeshUtilities: No automatic skeletal mesh reduction module available
[2017.06.28-19.44.14:887][  0]LogMeshUtilities: No automatic mesh merging module available
[2017.06.28-19.44.15:420][  0]LogNetVersion: Supers , NetCL: 3452394, EngineNetVer: 2, GameNetVer: 0 (Checksum: 3304520363)
[2017.06.28-19.44.15:478][  0]LogAssetRegistry: FAssetRegistry took 0.0258 seconds to start up
[2017.06.28-19.44.15:558][  0]LogPackageLocalizationCache: Processed 4 localized package path(s) for 2 prioritized culture(s) in 0.059677 seconds
[2017.06.28-19.44.15:563][  0]LogUObjectArray: 34194 objects as part of root set at end of initial load.
[2017.06.28-19.44.15:563][  0]LogUObjectAllocator: 7260416 out of 0 bytes used by permanent object pool.
[2017.06.28-19.44.15:563][  0]LogUObjectArray: CloseDisregardForGC: 0/0 objects in disregard for GC pool
[2017.06.28-19.44.15:625][  0]LogInit: WinSock: version 1.1 (2.2), MaxSocks=32767, MaxUdp=65467
[2017.06.28-19.44.18:105][  0]LogTcpMessaging: Initializing TcpMessaging bridge
[2017.06.28-19.44.18:143][  0]LogUdpMessaging: Initializing bridge on interface 0.0.0.0:0 to multicast group 230.0.0.1:6666.
[2017.06.28-19.44.18:702][  0]LogMaterial: Uniform references updated for custom material expression Custom.
[2017.06.28-19.44.19:121][  0]SourceControl: Info Source control is disabled
[2017.06.28-19.44.19:186][  0]SourceControl: Info Source control is disabled
[2017.06.28-19.44.19:237][  0]SourceControl: Info Source control is disabled
[2017.06.28-19.44.19:285][  0]SourceControl: Info Source control is disabled
[2017.06.28-19.44.19:988][  0]LogAndroidPermission: UAndroidPermissionCallbackProxy::GetInstance
[2017.06.28-19.44.20:603][  0]LogEngine: Initializing Engine...
[2017.06.28-19.44.20:623][  0]LogHMD: Failed to initialize OpenVR with code 126
[2017.06.28-19.44.20:831][  0]LogStats: UGameplayTagsManager::ConstructGameplayTagTree: Construct from data asset -  0.000 s
[2017.06.28-19.44.20:831][  0]LogStats: UGameplayTagsManager::ConstructGameplayTagTree: GameplayTagTreeChangedEvent.Broadcast -  0.000 s
[2017.06.28-19.44.20:959][  0]LogAIModule: Creating AISystem for world Untitled
[2017.06.28-19.44.20:968][  0]LogInit: XAudio2 using 'Speakers (Realtek High Definition Audio)' : 6 channels at 48 kHz using 32 bits per sample (channel mask 0x3f)
[2017.06.28-19.44.21:159][  0]LogInit: FAudioDevice initialized.
[2017.06.28-19.44.21:201][  0]LogDerivedDataCache: Saved boot cache 0.04s 89MB C:/Users/NewXB/AppData/Local/UnrealEngine/4.16/DerivedDataCache/Boot.ddc.
[2017.06.28-19.44.21:210][  0]LogInit: Texture streaming: Enabled
[2017.06.28-19.44.21:297][  0]LogEngineSessionManager: EngineSessionManager initialized
[2017.06.28-19.44.21:526][  0]LogInit: Transaction tracking system initialized
[2017.06.28-19.44.21:859][  0]BlueprintLog: New page: Editor Load
[2017.06.28-19.44.22:825][  0]LocalizationService: Info Localization service is disabled
[2017.06.28-19.44.23:535][  0]LogConsoleResponse:Display: 
[2017.06.28-19.44.23:681][  0]LogCook:Display: Max memory allowance for cook 16384mb min free memory 0mb
[2017.06.28-19.44.23:681][  0]LogCook:Display: Mobile HDR setting 1
[2017.06.28-19.44.24:695][  0]LogFileCache: Scanning file cache for directory 'C:/supers-master/supers-master 4.16/supers/Content/' took 0.01s
[2017.06.28-19.44.24:744][  0]SourceControl: Info Source control is disabled
[2017.06.28-19.44.24:744][  0]Cmd: MAP LOAD FILE="../../../../../../supers-master/supers-master 4.16/supers/Content/TwinStickBP/Maps/TwinStickExampleMap.umap" TEMPLATE=0 SHOWPROGRESS=1 FEATURELEVEL=3
[2017.06.28-19.44.24:745][  0]LightingResults: New page: Lighting Build
[2017.06.28-19.44.24:790][  0]MapCheck: New page: Map Check
[2017.06.28-19.44.24:790][  0]LightingResults: New page: Lighting Build
[2017.06.28-19.44.25:067][  0]LogBlueprint:Warning: Node '/Game/StarterContent/Blueprints/Blueprint_Effect_Sparks.Blueprint_Effect_Sparks:EdGraph_0.K2Node_FunctionEntry_37' missing NodeGuid because of upgrade from old package version, this can cause deterministic cooking issues please resave package.
[2017.06.28-19.44.25:068][  0]LogBlueprint:Warning: Node '/Game/StarterContent/Blueprints/Blueprint_Effect_Sparks.Blueprint_Effect_Sparks:EdGraph_1.K2Node_FunctionEntry_37' missing NodeGuid because of upgrade from old package version, this can cause deterministic cooking issues please resave package.
[2017.06.28-19.44.25:684][  0]LogBlueprint:Warning: Node '/Game/StarterContent/Blueprints/Blueprint_Effect_Sparks.Blueprint_Effect_Sparks:EdGraph_2.K2Node_FunctionEntry_37' missing NodeGuid because of upgrade from old package version, this can cause deterministic cooking issues please resave package.
[2017.06.28-19.44.26:207][  0]LogBlueprint:Warning: Node '/Game/StarterContent/Blueprints/Blueprint_Effect_Sparks.Blueprint_Effect_Sparks:UserConstructionScript.K2Node_FunctionEntry_37' missing NodeGuid because of upgrade from old package version, this can cause deterministic cooking issues please resave package.
[2017.06.28-19.44.26:380][  0]LogBlueprint:Warning: Node '/Game/StarterContent/Audio/Fire_Sparks01_Cue.Fire_Sparks01_Cue:SoundCueGraph_7.SoundCueGraphNode_6' missing NodeGuid because of upgrade from old package version, this can cause deterministic cooking issues please resave package.
[2017.06.28-19.44.26:380][  0]LogBlueprint:Warning: Node '/Game/StarterContent/Audio/Fire_Sparks01_Cue.Fire_Sparks01_Cue:SoundCueGraph_7.SoundCueGraphNode_Root_7' missing NodeGuid because of upgrade from old package version, this can cause deterministic cooking issues please resave package.
[2017.06.28-19.44.26:499][  0]LogAIModule: Creating AISystem for world TwinStickExampleMap
[2017.06.28-19.44.26:515][  0]LogEditorServer: Finished looking for orphan Actors (0.000 secs)
[2017.06.28-19.44.26:541][  0]Cmd: MAP CHECKDEP NOCLEARLOG
[2017.06.28-19.44.26:644][  0]MapCheck:Warning: Warning player1_1352 player1_C /Game/TwinStickBP/Maps/TwinStickExampleMap.TwinStickExampleMap:PersistentLevel.player1_1352 : Externally referenced 
[2017.06.28-19.44.26:644][  0]MapCheck:Warning: Warning player2_2572 player2_C /Game/TwinStickBP/Maps/TwinStickExampleMap.TwinStickExampleMap:PersistentLevel.player2_2572 : Externally referenced 
[2017.06.28-19.44.26:644][  0]MapCheck:Warning: Warning player3_1752 player3_C /Game/TwinStickBP/Maps/TwinStickExampleMap.TwinStickExampleMap:PersistentLevel.player3_1752 : Externally referenced 
[2017.06.28-19.44.26:644][  0]MapCheck:Warning: Warning player4_2142 player4_C /Game/TwinStickBP/Maps/TwinStickExampleMap.TwinStickExampleMap:PersistentLevel.player4_2142 : Externally referenced 
[2017.06.28-19.44.26:645][  0]MapCheck:Warning: Warning player5_6470 player5_C /Game/TwinStickBP/Maps/TwinStickExampleMap.TwinStickExampleMap:PersistentLevel.player5_6470 : Externally referenced 
[2017.06.28-19.44.26:645][  0]MapCheck:Warning: Warning player6_1522 player6_C /Game/TwinStickBP/Maps/TwinStickExampleMap.TwinStickExampleMap:PersistentLevel.player6_1522 : Externally referenced 
[2017.06.28-19.44.26:645][  0]MapCheck:Warning: Warning ShipMeshComponent StaticMeshComponent /Game/TwinStickBP/Maps/TwinStickExampleMap.TwinStickExampleMap:PersistentLevel.player1_1352.ShipMeshComponent : Externally referenced 
[2017.06.28-19.44.26:645][  0]MapCheck:Warning: Warning EnergyShield StaticMeshComponent /Game/TwinStickBP/Maps/TwinStickExampleMap.TwinStickExampleMap:PersistentLevel.player1_1352.EnergyShield : Externally referenced 
[2017.06.28-19.44.26:645][  0]MapCheck:Warning: Warning Shield StaticMeshComponent /Game/TwinStickBP/Maps/TwinStickExampleMap.TwinStickExampleMap:PersistentLevel.player1_1352.Shield : Externally referenced 
[2017.06.28-19.44.26:645][  0]MapCheck:Warning: Warning ShipMeshComponent StaticMeshComponent /Game/TwinStickBP/Maps/TwinStickExampleMap.TwinStickExampleMap:PersistentLevel.player2_2572.ShipMeshComponent : Externally referenced 
[2017.06.28-19.44.26:645][  0]MapCheck:Warning: Warning EnergyShield StaticMeshComponent /Game/TwinStickBP/Maps/TwinStickExampleMap.TwinStickExampleMap:PersistentLevel.player2_2572.EnergyShield : Externally referenced 
[2017.06.28-19.44.26:645][  0]MapCheck:Warning: Warning Shield StaticMeshComponent /Game/TwinStickBP/Maps/TwinStickExampleMap.TwinStickExampleMap:PersistentLevel.player2_2572.Shield : Externally referenced 
[2017.06.28-19.44.26:645][  0]MapCheck:Warning: Warning ShipMeshComponent StaticMeshComponent /Game/TwinStickBP/Maps/TwinStickExampleMap.TwinStickExampleMap:PersistentLevel.player3_1752.ShipMeshComponent : Externally referenced 
[2017.06.28-19.44.26:645][  0]MapCheck:Warning: Warning EnergyShield StaticMeshComponent /Game/TwinStickBP/Maps/TwinStickExampleMap.TwinStickExampleMap:PersistentLevel.player3_1752.EnergyShield : Externally referenced 
[2017.06.28-19.44.26:645][  0]MapCheck:Warning: Warning Shield StaticMeshComponent /Game/TwinStickBP/Maps/TwinStickExampleMap.TwinStickExampleMap:PersistentLevel.player3_1752.Shield : Externally referenced 
[2017.06.28-19.44.26:645][  0]MapCheck:Warning: Warning ShipMeshComponent StaticMeshComponent /Game/TwinStickBP/Maps/TwinStickExampleMap.TwinStickExampleMap:PersistentLevel.player4_2142.ShipMeshComponent : Externally referenced 
[2017.06.28-19.44.26:645][  0]MapCheck:Warning: Warning EnergyShield StaticMeshComponent /Game/TwinStickBP/Maps/TwinStickExampleMap.TwinStickExampleMap:PersistentLevel.player4_2142.EnergyShield : Externally referenced 
[2017.06.28-19.44.26:645][  0]MapCheck:Warning: Warning Shield StaticMeshComponent /Game/TwinStickBP/Maps/TwinStickExampleMap.TwinStickExampleMap:PersistentLevel.player4_2142.Shield : Externally referenced 
[2017.06.28-19.44.26:645][  0]MapCheck:Warning: Warning ShipMeshComponent StaticMeshComponent /Game/TwinStickBP/Maps/TwinStickExampleMap.TwinStickExampleMap:PersistentLevel.player5_6470.ShipMeshComponent : Externally referenced 
[2017.06.28-19.44.26:645][  0]MapCheck:Warning: Warning EnergyShield StaticMeshComponent /Game/TwinStickBP/Maps/TwinStickExampleMap.TwinStickExampleMap:PersistentLevel.player5_6470.EnergyShield : Externally referenced 
[2017.06.28-19.44.26:645][  0]MapCheck:Warning: Warning Shield StaticMeshComponent /Game/TwinStickBP/Maps/TwinStickExampleMap.TwinStickExampleMap:PersistentLevel.player5_6470.Shield : Externally referenced 
[2017.06.28-19.44.26:645][  0]MapCheck:Warning: Warning ShipMeshComponent StaticMeshComponent /Game/TwinStickBP/Maps/TwinStickExampleMap.TwinStickExampleMap:PersistentLevel.player6_1522.ShipMeshComponent : Externally referenced 
[2017.06.28-19.44.26:645][  0]MapCheck:Warning: Warning EnergyShield StaticMeshComponent /Game/TwinStickBP/Maps/TwinStickExampleMap.TwinStickExampleMap:PersistentLevel.player6_1522.EnergyShield : Externally referenced 
[2017.06.28-19.44.26:645][  0]MapCheck:Warning: Warning Shield StaticMeshComponent /Game/TwinStickBP/Maps/TwinStickExampleMap.TwinStickExampleMap:PersistentLevel.player6_1522.Shield : Externally referenced 
[2017.06.28-19.44.26:645][  0]MapCheck:Warning: Warning StaticMeshComponent0 StaticMeshComponent /Game/TwinStickBP/Maps/TwinStickExampleMap.TwinStickExampleMap:PersistentLevel.Floor_18.StaticMeshComponent0 : Externally referenced 
[2017.06.28-19.44.26:645][  0]MapCheck:Warning: Warning StaticMeshComponent0 StaticMeshComponent /Game/TwinStickBP/Maps/TwinStickExampleMap.TwinStickExampleMap:PersistentLevel.Obstacle2_3.StaticMeshComponent0 : Externally referenced 
[2017.06.28-19.44.26:645][  0]MapCheck:Warning: Warning StaticMeshComponent0 StaticMeshComponent /Game/TwinStickBP/Maps/TwinStickExampleMap.TwinStickExampleMap:PersistentLevel.Wall1_17.StaticMeshComponent0 : Externally referenced 
[2017.06.28-19.44.26:645][  0]MapCheck:Warning: Warning StaticMeshComponent0 StaticMeshComponent /Game/TwinStickBP/Maps/TwinStickExampleMap.TwinStickExampleMap:PersistentLevel.Wall5.StaticMeshComponent0 : Externally referenced 
[2017.06.28-19.44.26:645][  0]MapCheck:Warning: Warning StaticMeshComponent0 StaticMeshComponent /Game/TwinStickBP/Maps/TwinStickExampleMap.TwinStickExampleMap:PersistentLevel.Wall6.StaticMeshComponent0 : Externally referenced 
[2017.06.28-19.44.26:645][  0]MapCheck:Warning: Warning StaticMeshComponent0 StaticMeshComponent /Game/TwinStickBP/Maps/TwinStickExampleMap.TwinStickExampleMap:PersistentLevel.Wall7.StaticMeshComponent0 : Externally referenced 
[2017.06.28-19.44.26:645][  0]MapCheck:Warning: Warning K2Node_CallFunction_2339 K2Node_CallFunction /Game/TwinStickBP/Maps/TwinStickExampleMap.TwinStickExampleMap:PersistentLevel.TwinStickExampleMap.EventGraph.K2Node_CallFunction_2339 : Externally referenced 
[2017.06.28-19.44.26:645][  0]MapCheck: Info Map check complete: 0 Error(s), 31 Warning(s), took 103.685ms to complete.
[2017.06.28-19.44.26:655][  0]LogFileHelpers: Loading map 'TwinStickExampleMap' took 1.911
[2017.06.28-19.44.26:784][  0]LogCollectionManager: Loaded 0 collections in 0.001432 seconds
[2017.06.28-19.44.26:865][  0]LogFileCache: Scanning file cache for directory 'C:/supers-master/supers-master 4.16/supers/Saved/Collections/' took 0.01s
[2017.06.28-19.44.26:865][  0]LogFileCache: Scanning file cache for directory 'C:/supers-master/supers-master 4.16/supers/Content/Developers/NewXB/Collections/' took 0.01s
[2017.06.28-19.44.26:865][  0]LogFileCache: Scanning file cache for directory 'C:/supers-master/supers-master 4.16/supers/Content/Collections/' took 0.01s
[2017.06.28-19.44.26:865][  0]LogCollectionManager: Rebuilt the GUID cache for 0 collections in 0.000002 seconds
[2017.06.28-19.44.26:873][  0]LogContentBrowser: Native class hierarchy populated in 0.0076 seconds. Added 2329 classes and 491 folders.
[2017.06.28-19.44.26:939][  0]LogContentBrowser: Native class hierarchy updated for 'WidgetCarousel' in 0.0005 seconds. Added 0 classes and 0 folders.
[2017.06.28-19.44.26:988][  0]LogContentBrowser: Native class hierarchy updated for 'AddContentDialog' in 0.0005 seconds. Added 0 classes and 0 folders.
[2017.06.28-19.44.27:034][  0]LogContentBrowser: Native class hierarchy updated for 'SceneOutliner' in 0.0006 seconds. Added 1 classes and 2 folders.
[2017.06.28-19.44.27:070][  0]LogCrashTracker: Crashtracker disabled due to settings.
[2017.06.28-19.44.27:079][  0]LogSlate: Took 0.000255 seconds to synchronously load lazily loaded font '../../../Engine/Content/Slate/Fonts/Roboto-Regular.ttf' (155K)
[2017.06.28-19.44.27:081][  0]LogSlate: Took 0.000321 seconds to synchronously load lazily loaded font '../../../Engine/Content/Slate/Fonts/Roboto-Bold.ttf' (160K)
[2017.06.28-19.44.27:085][  0]LogSlate: Took 0.000276 seconds to synchronously load lazily loaded font '../../../Engine/Content/Editor/Slate/Fonts/FontAwesome.ttf' (139K)
[2017.06.28-19.44.27:184][  0]LogRenderer: Reallocating scene render targets to support 1208x576 NumSamples 1 (Frame:1).
[2017.06.28-19.44.27:236][  0]LogSlate: Took 0.000220 seconds to synchronously load lazily loaded font '../../../Engine/Content/Slate/Fonts/Roboto-Light.ttf' (159K)
[2017.06.28-19.44.27:331][  0]LogUObjectGlobals:Warning: Failed to find object 'Class None.'
[2017.06.28-19.44.27:405][  0]LogContentBrowser: Native class hierarchy updated for 'HierarchicalLODOutliner' in 0.0008 seconds. Added 1 classes and 2 folders.
[2017.06.28-19.44.27:405][  0]LogLoad: (Engine Initialization) Total time: 20.04 seconds
[2017.06.28-19.44.27:405][  0]LogLoad: (Engine Initialization) Total Blueprint compile time: 0.64 seconds
[2017.06.28-19.44.27:405][  0]LogExternalProfiler: Found external profiler: VSPerf
[2017.06.28-19.44.27:405][  0]LogExternalProfiler: Using external profiler: VSPerf
[2017.06.28-19.44.27:429][  0]LogOcInput: OculusInput pre-init called
[2017.06.28-19.44.27:429][  0]LogHMD: Starting GearVRController plugin
[2017.06.28-19.44.27:458][  0]LogContentStreaming: Texture pool size now 1000 MB
[2017.06.28-19.44.27:509][  1]LogAssetRegistry: Asset discovery search completed in 12.0536 seconds
[2017.06.28-19.44.27:511][  1]LogCollectionManager: Rebuilt the object cache for 0 collections in 0.000001 seconds (found 0 objects)
[2017.06.28-19.44.27:512][  1]LogCollectionManager: Fixed up redirectors for 0 collections in 0.000053 seconds (updated 0 objects)
[2017.06.28-19.44.30:961][204]LogTemp: Repeting last play command: New Editor Window (PIE)
[2017.06.28-19.44.31:012][204]LogBlueprintUserMessages: Early PlayInEditor Detection: Level '/Game/TwinStickBP/Maps/TwinStickExampleMap.TwinStickExampleMap:PersistentLevel' has LevelScriptBlueprint '/Game/TwinStickBP/Maps/TwinStickExampleMap.TwinStickExampleMap:PersistentLevel.TwinStickExampleMap' with GeneratedClass '/Game/TwinStickBP/Maps/TwinStickExampleMap.TwinStickExampleMap_C' with ClassGeneratedBy '/Game/TwinStickBP/Maps/TwinStickExampleMap.TwinStickExampleMap:PersistentLevel.TwinStickExampleMap'
[2017.06.28-19.44.31:012][204]LogPlayLevel: PlayLevel: No blueprints needed recompiling
[2017.06.28-19.44.31:012][204]PIE: New page: PIE session: TwinStickExampleMap (Jun 28, 2017, 5:44:31 AM)
[2017.06.28-19.44.31:013][204]LogPlayLevel: Creating play world package: /Game/TwinStickBP/Maps/UEDPIE_0_TwinStickExampleMap
[2017.06.28-19.44.31:021][204]LogPlayLevel: PIE: StaticDuplicateObject took: (0.008411s)
[2017.06.28-19.44.31:021][204]LogAIModule: Creating AISystem for world TwinStickExampleMap
[2017.06.28-19.44.31:022][204]LogPlayLevel: PIE: World Init took: (0.000678s)
[2017.06.28-19.44.31:022][204]LogPlayLevel: PIE: Created PIE world by copying editor world from /Game/TwinStickBP/Maps/TwinStickExampleMap.TwinStickExampleMap to /Game/TwinStickBP/Maps/UEDPIE_0_TwinStickExampleMap.TwinStickExampleMap (0.009375s)
[2017.06.28-19.44.31:043][204]LogInit: XAudio2 using 'Speakers (Realtek High Definition Audio)' : 6 channels at 48 kHz using 32 bits per sample (channel mask 0x3f)
[2017.06.28-19.44.31:122][204]LogInit: FAudioDevice initialized.
[2017.06.28-19.44.31:180][204]LogLoad: Game class is 'TwinStickGameMode_C'
[2017.06.28-19.44.31:184][204]LogWorld: Bringing World /Game/TwinStickBP/Maps/UEDPIE_0_TwinStickExampleMap.TwinStickExampleMap up for play (max tick rate 60) at 2017.06.28-12.44.31
[2017.06.28-19.44.31:185][204]LogWorld: Bringing up level for play took: 0.002634
[2017.06.28-19.44.31:229][204]LogContentBrowser: Native class hierarchy updated for 'MovieSceneCapture' in 0.0008 seconds. Added 11 classes and 0 folders.
[2017.06.28-19.44.31:229][204]LogGameMode:Display: Match State Changed from EnteringMap to WaitingToStart
[2017.06.28-19.44.31:229][204]LogGameState: Match State Changed from EnteringMap to WaitingToStart
[2017.06.28-19.44.31:229][204]LogGameMode:Display: Match State Changed from WaitingToStart to InProgress
[2017.06.28-19.44.31:231][204]LogPlayerManagement:Error: Failed to Create Player: Maximum number of players (4) already created.  Unable to create more.
[2017.06.28-19.44.31:231][204]LogPlayerManagement:Error: Failed to Create Player: Maximum number of players (4) already created.  Unable to create more.
[2017.06.28-19.44.31:231][204]LogScript:Warning: Accessed None trying to read property CallFunc_GetPlayerController_ReturnValue3
	TwinStickExampleMap_C /Game/TwinStickBP/Maps/UEDPIE_0_TwinStickExampleMap.TwinStickExampleMap:PersistentLevel.TwinStickExampleMap_C_0
	Function /Game/TwinStickBP/Maps/TwinStickExampleMap.TwinStickExampleMap_C:ExecuteUbergraph_TwinStickExampleMap:03AA
[2017.06.28-19.44.31:232][204]PIE:Error: Error Blueprint Runtime Error: Accessed None trying to read property CallFunc_GetPlayerController_ReturnValue3 from function: 'ExecuteUbergraph_TwinStickExampleMap' from node: Possess in graph: EventGraph in object: TwinStickExampleMap with description: Accessed None trying to read property CallFunc_GetPlayerController_ReturnValue3
[2017.06.28-19.44.31:232][204]LogScript:Warning: Accessed None trying to read property CallFunc_GetPlayerController_ReturnValue6
	TwinStickExampleMap_C /Game/TwinStickBP/Maps/UEDPIE_0_TwinStickExampleMap.TwinStickExampleMap:PersistentLevel.TwinStickExampleMap_C_0
	Function /Game/TwinStickBP/Maps/TwinStickExampleMap.TwinStickExampleMap_C:ExecuteUbergraph_TwinStickExampleMap:00C6
[2017.06.28-19.44.31:232][204]PIE:Error: Error Blueprint Runtime Error: Accessed None trying to read property CallFunc_GetPlayerController_ReturnValue6 from function: 'ExecuteUbergraph_TwinStickExampleMap' from node: Possess in graph: EventGraph in object: TwinStickExampleMap with description: Accessed None trying to read property CallFunc_GetPlayerController_ReturnValue6
[2017.06.28-19.44.31:232][204]LogGameState: Match State Changed from WaitingToStart to InProgress
[2017.06.28-19.44.31:236][204]PIE: Info Play in editor start time for /Game/TwinStickBP/Maps/UEDPIE_0_TwinStickExampleMap 1.078
[2017.06.28-19.44.31:236][204]LogBlueprintUserMessages: Late PlayInEditor Detection: Level '/Game/TwinStickBP/Maps/TwinStickExampleMap.TwinStickExampleMap:PersistentLevel' has LevelScriptBlueprint '/Game/TwinStickBP/Maps/TwinStickExampleMap.TwinStickExampleMap:PersistentLevel.TwinStickExampleMap' with GeneratedClass '/Game/TwinStickBP/Maps/TwinStickExampleMap.TwinStickExampleMap_C' with ClassGeneratedBy '/Game/TwinStickBP/Maps/TwinStickExampleMap.TwinStickExampleMap:PersistentLevel.TwinStickExampleMap'
[2017.06.28-19.44.31:259][204]LogRenderer: Reallocating scene render targets to support 1292x756 NumSamples 1 (Frame:1).
[2017.06.28-19.44.36:094][491]LogCharacterMovement: Runner_C_8 is stuck and failed to move! Velocity: X=-2096.15 Y=-292.35 Z=0.00 Location: X=-392.45 Y=658.80 Z=248.55 Normal: X=0.77 Y=-0.43 Z=-0.48 PenetrationDepth:138.135 Actor:GrenadeProjectile_C_0 Component:ExplosiveDamageSphere BoneName:None (0 other events since notify)
[2017.06.28-19.44.40:412][750]LogCharacterMovement: Runner_C_29 is stuck and failed to move! Velocity: X=34.12 Y=0.90 Z=0.00 Location: X=-699.11 Y=637.55 Z=248.70 Normal: X=-0.37 Y=0.71 Z=-0.60 PenetrationDepth:169.456 Actor:GrenadeProjectile_C_4 Component:ExplosiveDamageSphere BoneName:None (0 other events since notify)
[2017.06.28-19.44.41:645][824]LogCharacterMovement: Runner_C_35 is stuck and failed to move! Velocity: X=-1205.85 Y=-1084.30 Z=0.00 Location: X=-289.83 Y=863.07 Z=248.41 Normal: X=0.90 Y=0.21 Z=-0.39 PenetrationDepth:66.611 Actor:GrenadeProjectile_C_5 Component:ExplosiveDamageSphere BoneName:None (0 other events since notify)
[2017.06.28-19.44.41:645][824]LogCharacterMovement: Runner_C_33 is stuck and failed to move! Velocity: X=-1001.10 Y=421.25 Z=0.00 Location: X=-419.45 Y=704.62 Z=248.65 Normal: X=0.77 Y=-0.31 Z=-0.55 PenetrationDepth:176.018 Actor:GrenadeProjectile_C_5 Component:ExplosiveDamageSphere BoneName:None (0 other events since notify)
[2017.06.28-19.44.47:978][204]LogCharacterMovement: Runner_C_26 is stuck and failed to move! Velocity: X=-13.42 Y=31.38 Z=0.00 Location: X=-481.32 Y=502.80 Z=250.15 Normal: X=0.40 Y=-0.82 Z=-0.41 PenetrationDepth:90.101 Actor:GrenadeProjectile_C_9 Component:ExplosiveDamageSphere BoneName:None (0 other events since notify)
[2017.06.28-19.44.47:978][204]LogCharacterMovement: Runner_C_52 is stuck and failed to move! Velocity: X=19.10 Y=28.29 Z=0.00 Location: X=-607.50 Y=540.02 Z=250.15 Normal: X=0.04 Y=-0.87 Z=-0.50 PenetrationDepth:151.549 Actor:GrenadeProjectile_C_9 Component:ExplosiveDamageSphere BoneName:None (0 other events since notify)
[2017.06.28-19.44.47:979][204]LogCharacterMovement: Runner_C_55 is stuck and failed to move! Velocity: X=-0.83 Y=34.12 Z=0.00 Location: X=-535.68 Y=461.86 Z=250.15 Normal: X=0.23 Y=-0.89 Z=-0.39 PenetrationDepth:72.092 Actor:GrenadeProjectile_C_9 Component:ExplosiveDamageSphere BoneName:None (0 other events since notify)
[2017.06.28-19.44.47:980][204]LogCharacterMovement: Runner_C_45 is stuck and failed to move! Velocity: X=5.56 Y=33.68 Z=0.00 Location: X=-577.66 Y=403.89 Z=248.36 Normal: X=0.10 Y=-0.93 Z=-0.35 PenetrationDepth:25.333 Actor:GrenadeProjectile_C_9 Component:ExplosiveDamageSphere BoneName:None (0 other events since notify)
[2017.06.28-19.44.47:980][204]LogCharacterMovement: Runner_C_46 is stuck and failed to move! Velocity: X=-24.46 Y=23.81 Z=0.00 Location: X=-415.10 Y=518.40 Z=250.15 Normal: X=0.56 Y=-0.73 Z=-0.39 PenetrationDepth:70.169 Actor:GrenadeProjectile_C_9 Component:ExplosiveDamageSphere BoneName:None (0 other events since notify)
[2017.06.28-19.44.49:129][273]LogCharacterMovement: Runner_C_65 is stuck and failed to move! Velocity: X=-134.56 Y=960.50 Z=0.00 Location: X=-608.83 Y=518.77 Z=248.53 Normal: X=0.03 Y=-0.88 Z=-0.47 PenetrationDepth:132.244 Actor:GrenadeProjectile_C_10 Component:ExplosiveDamageSphere BoneName:None (0 other events since notify)
[2017.06.28-19.44.49:129][273]LogCharacterMovement: Runner_C_66 is stuck and failed to move! Velocity: X=-1211.64 Y=1153.13 Z=0.00 Location: X=-388.42 Y=494.86 Z=248.37 Normal: X=0.58 Y=-0.73 Z=-0.36 PenetrationDepth:37.017 Actor:GrenadeProjectile_C_10 Component:ExplosiveDamageSphere BoneName:None (0 other events since notify)
[2017.06.28-19.44.50:345][346]LogCharacterMovement: Runner_C_64 is stuck and failed to move! Velocity: X=-18.70 Y=28.69 Z=0.00 Location: X=-463.99 Y=523.10 Z=248.46 Normal: X=0.46 Y=-0.78 Z=-0.42 PenetrationDepth:98.157 Actor:GrenadeProjectile_C_11 Component:ExplosiveDamageSphere BoneName:None (0 other events since notify)
[2017.06.28-19.44.51:363][407]LogCharacterMovement: Runner_C_68 is stuck and failed to move! Velocity: X=-54.13 Y=3.46 Z=0.00 Location: X=-410.26 Y=530.12 Z=248.42 Normal: X=0.59 Y=-0.71 Z=-0.40 PenetrationDepth:73.683 Actor:GrenadeProjectile_C_12 Component:ExplosiveDamageSphere BoneName:None (0 other events since notify)
[2017.06.28-19.44.52:379][468]LogCharacterMovement: Runner_C_69 is stuck and failed to move! Velocity: X=-11.45 Y=2389.35 Z=0.00 Location: X=-537.40 Y=308.05 Z=248.38 Normal: X=0.21 Y=-0.90 Z=-0.37 PenetrationDepth:33.670 Actor:GrenadeProjectile_C_13 Component:ExplosiveDamageSphere BoneName:None (0 other events since notify)
[2017.06.28-19.44.57:163][755]LogCharacterMovement: Runner_C_85 is stuck and failed to move! Velocity: X=-27.08 Y=20.78 Z=0.00 Location: X=1394.64 Y=110.29 Z=250.16 Normal: X=-0.64 Y=-0.50 Z=-0.58 PenetrationDepth:111.119 Actor:GrenadeProjectile_C_17 Component:ExplosiveDamageSphere BoneName:None (0 other events since notify)
[2017.06.28-19.45.02:614][ 82]LogCharacterMovement: Runner_C_41 is stuck and failed to move! Velocity: X=-224.66 Y=-81.39 Z=0.00 Location: X=1331.32 Y=646.65 Z=249.98 Normal: X=0.85 Y=0.51 Z=-0.09 PenetrationDepth:30.507 Actor:player1_1352 Component:EnergyShield BoneName:None (0 other events since notify)
[2017.06.28-19.45.02:614][ 82]LogCharacterMovement: Runner_C_106 is stuck and failed to move! Velocity: X=-40.82 Y=-235.43 Z=0.00 Location: X=965.60 Y=873.13 Z=248.10 Normal: X=0.13 Y=0.99 Z=-0.10 PenetrationDepth:43.278 Actor:player1_1352 Component:EnergyShield BoneName:None (0 other events since notify)
[2017.06.28-19.45.02:614][ 82]LogCharacterMovement: Runner_C_93 is stuck and failed to move! Velocity: X=-172.92 Y=-161.90 Z=0.00 Location: X=1216.38 Y=783.43 Z=248.10 Normal: X=0.62 Y=0.78 Z=-0.09 PenetrationDepth:26.846 Actor:player1_1352 Component:EnergyShield BoneName:None (0 other events since notify)
[2017.06.28-19.45.02:615][ 82]LogCharacterMovement: Runner_C_74 is stuck and failed to move! Velocity: X=-90.23 Y=-221.25 Z=0.00 Location: X=1048.38 Y=858.50 Z=248.10 Normal: X=0.30 Y=0.95 Z=-0.10 PenetrationDepth:39.656 Actor:player1_1352 Component:EnergyShield BoneName:None (0 other events since notify)
[2017.06.28-19.45.02:615][ 82]LogCharacterMovement: Runner_C_118 is stuck and failed to move! Velocity: X=216.09 Y=-101.95 Z=0.00 Location: X=497.96 Y=684.17 Z=248.10 Normal: X=-0.80 Y=0.59 Z=-0.10 PenetrationDepth:32.003 Actor:player1_1352 Component:EnergyShield BoneName:None (0 other events since notify)
[2017.06.28-19.45.02:630][ 83]LogCharacterMovement: Runner_C_6 is stuck and failed to move! Velocity: X=-269.47 Y=-44.09 Z=0.00 Location: X=854.35 Y=885.17 Z=248.04 Normal: X=-0.09 Y=0.99 Z=-0.10 PenetrationDepth:33.344 Actor:player1_1352 Component:EnergyShield BoneName:None (0 other events since notify)
[2017.06.28-19.45.02:631][ 83]LogCharacterMovement: Runner_C_38 is stuck and failed to move! Velocity: X=-271.62 Y=-27.99 Z=0.00 Location: X=1148.66 Y=828.76 Z=248.02 Normal: X=0.49 Y=0.87 Z=-0.09 PenetrationDepth:27.127 Actor:player1_1352 Component:EnergyShield BoneName:None (0 other events since notify)
[2017.06.28-19.45.03:631][143]LogCharacterMovement: Runner_C_74 is stuck and failed to move! Velocity: X=-866.41 Y=-2153.34 Z=0.00 Location: X=1048.75 Y=859.70 Z=248.05 Normal: X=0.30 Y=0.95 Z=-0.10 PenetrationDepth:38.404 Actor:player1_1352 Component:EnergyShield BoneName:None (60 other events since notify)
[2017.06.28-19.45.03:631][143]LogCharacterMovement: Runner_C_118 is stuck and failed to move! Velocity: X=2089.13 Y=-1011.45 Z=0.00 Location: X=496.01 Y=685.59 Z=248.03 Normal: X=-0.80 Y=0.59 Z=-0.10 PenetrationDepth:29.595 Actor:player1_1352 Component:EnergyShield BoneName:None (60 other events since notify)
[2017.06.28-19.45.03:646][144]LogCharacterMovement: Runner_C_6 is stuck and failed to move! Velocity: X=219.06 Y=-1899.00 Z=0.00 Location: X=854.34 Y=885.27 Z=248.04 Normal: X=-0.09 Y=0.99 Z=-0.10 PenetrationDepth:33.241 Actor:player1_1352 Component:EnergyShield BoneName:None (60 other events since notify)
[2017.06.28-19.45.03:647][144]LogCharacterMovement: Runner_C_38 is stuck and failed to move! Velocity: X=-2340.63 Y=-261.72 Z=0.00 Location: X=1148.70 Y=828.82 Z=248.02 Normal: X=0.49 Y=0.87 Z=-0.09 PenetrationDepth:27.056 Actor:player1_1352 Component:EnergyShield BoneName:None (60 other events since notify)
[2017.06.28-19.45.04:631][203]LogCharacterMovement: Runner_C_74 is stuck and failed to move! Velocity: X=-895.86 Y=-2226.53 Z=0.00 Location: X=1048.75 Y=859.70 Z=248.05 Normal: X=0.30 Y=0.95 Z=-0.10 PenetrationDepth:38.404 Actor:player1_1352 Component:EnergyShield BoneName:None (59 other events since notify)
[2017.06.28-19.45.04:631][203]LogCharacterMovement: Runner_C_118 is stuck and failed to move! Velocity: X=105.77 Y=-447.56 Z=0.00 Location: X=496.01 Y=685.59 Z=248.03 Normal: X=-0.80 Y=0.59 Z=-0.10 PenetrationDepth:29.594 Actor:player1_1352 Component:EnergyShield BoneName:None (59 other events since notify)
[2017.06.28-19.45.04:647][204]LogCharacterMovement: Runner_C_6 is stuck and failed to move! Velocity: X=-2363.71 Y=-415.78 Z=0.00 Location: X=854.34 Y=885.27 Z=248.04 Normal: X=-0.09 Y=0.99 Z=-0.10 PenetrationDepth:33.241 Actor:player1_1352 Component:EnergyShield BoneName:None (59 other events since notify)
[2017.06.28-19.45.04:647][204]LogCharacterMovement: Runner_C_38 is stuck and failed to move! Velocity: X=-2385.14 Y=-266.70 Z=0.00 Location: X=1148.70 Y=828.82 Z=248.02 Normal: X=0.49 Y=0.87 Z=-0.09 PenetrationDepth:27.056 Actor:player1_1352 Component:EnergyShield BoneName:None (59 other events since notify)
[2017.06.28-19.45.05:631][263]LogCharacterMovement: Runner_C_118 is stuck and failed to move! Velocity: X=-204.99 Y=-311.91 Z=0.00 Location: X=496.01 Y=685.59 Z=248.03 Normal: X=-0.80 Y=0.59 Z=-0.10 PenetrationDepth:29.594 Actor:player1_1352 Component:EnergyShield BoneName:None (59 other events since notify)
[2017.06.28-19.45.05:646][264]LogCharacterMovement: Runner_C_6 is stuck and failed to move! Velocity: X=-2363.71 Y=-415.78 Z=0.00 Location: X=854.34 Y=885.27 Z=248.04 Normal: X=-0.09 Y=0.99 Z=-0.10 PenetrationDepth:33.241 Actor:player1_1352 Component:EnergyShield BoneName:None (59 other events since notify)
[2017.06.28-19.45.06:631][323]LogCharacterMovement: Runner_C_118 is stuck and failed to move! Velocity: X=63.25 Y=-364.54 Z=0.00 Location: X=496.01 Y=685.59 Z=248.03 Normal: X=-0.80 Y=0.59 Z=-0.10 PenetrationDepth:29.594 Actor:player1_1352 Component:EnergyShield BoneName:None (59 other events since notify)
[2017.06.28-19.45.06:647][324]LogCharacterMovement: Runner_C_6 is stuck and failed to move! Velocity: X=-2363.71 Y=-415.78 Z=0.00 Location: X=854.34 Y=885.27 Z=248.04 Normal: X=-0.09 Y=0.99 Z=-0.10 PenetrationDepth:33.241 Actor:player1_1352 Component:EnergyShield BoneName:None (59 other events since notify)
[2017.06.28-19.45.07:332][365]LogCharacterMovement: Runner_C_110 is stuck and failed to move! Velocity: X=4.59 Y=33.82 Z=0.00 Location: X=-565.89 Y=449.25 Z=250.15 Normal: X=0.29 Y=-0.83 Z=-0.48 PenetrationDepth:34.565 Actor:GrenadeProjectile_C_20 Component:ExplosiveDamageSphere BoneName:None (0 other events since notify)
[2017.06.28-19.45.07:332][365]LogCharacterMovement: Runner_C_97 is stuck and failed to move! Velocity: X=-29.23 Y=17.62 Z=0.00 Location: X=-391.00 Y=550.21 Z=250.15 Normal: X=0.70 Y=-0.55 Z=-0.45 PenetrationDepth:16.362 Actor:GrenadeProjectile_C_20 Component:ExplosiveDamageSphere BoneName:None (0 other events since notify)
[2017.06.28-19.45.07:333][365]LogCharacterMovement: Runner_C_121 is stuck and failed to move! Velocity: X=22.70 Y=-25.49 Z=0.00 Location: X=-643.42 Y=756.16 Z=250.15 Normal: X=0.20 Y=-0.13 Z=-0.97 PenetrationDepth:238.608 Actor:GrenadeProjectile_C_20 Component:ExplosiveDamageSphere BoneName:None (0 other events since notify)
[2017.06.28-19.45.07:334][365]LogCharacterMovement: Runner_C_132 is stuck and failed to move! Velocity: X=-26.73 Y=-21.23 Z=0.00 Location: X=-377.47 Y=769.06 Z=250.15 Normal: X=0.85 Y=-0.03 Z=-0.53 PenetrationDepth:74.060 Actor:GrenadeProjectile_C_20 Component:ExplosiveDamageSphere BoneName:None (0 other events since notify)
[2017.06.28-19.45.07:334][365]LogCharacterMovement: Runner_C_134 is stuck and failed to move! Velocity: X=45.21 Y=26.68 Z=0.00 Location: X=-823.88 Y=670.06 Z=248.85 Normal: X=-0.54 Y=-0.42 Z=-0.73 PenetrationDepth:172.220 Actor:GrenadeProjectile_C_20 Component:ExplosiveDamageSphere BoneName:None (0 other events since notify)
[2017.06.28-19.45.07:632][383]LogCharacterMovement: Runner_C_118 is stuck and failed to move! Velocity: X=-2157.96 Y=-94.97 Z=0.00 Location: X=496.01 Y=685.59 Z=248.03 Normal: X=-0.80 Y=0.59 Z=-0.10 PenetrationDepth:29.594 Actor:player1_1352 Component:EnergyShield BoneName:None (59 other events since notify)
[2017.06.28-19.45.07:647][384]LogCharacterMovement: Runner_C_6 is stuck and failed to move! Velocity: X=275.42 Y=-2384.14 Z=0.00 Location: X=854.34 Y=885.27 Z=248.04 Normal: X=-0.09 Y=0.99 Z=-0.10 PenetrationDepth:33.241 Actor:player1_1352 Component:EnergyShield BoneName:None (59 other events since notify)
[2017.06.28-19.45.08:648][444]LogCharacterMovement: Runner_C_118 is stuck and failed to move! Velocity: X=-149.80 Y=-356.42 Z=0.00 Location: X=496.01 Y=685.59 Z=248.03 Normal: X=-0.80 Y=0.59 Z=-0.10 PenetrationDepth:29.594 Actor:player1_1352 Component:EnergyShield BoneName:None (60 other events since notify)
[2017.06.28-19.45.08:663][445]LogCharacterMovement: Runner_C_6 is stuck and failed to move! Velocity: X=-2363.71 Y=-415.78 Z=0.00 Location: X=854.34 Y=885.27 Z=248.04 Normal: X=-0.09 Y=0.99 Z=-0.10 PenetrationDepth:33.241 Actor:player1_1352 Component:EnergyShield BoneName:None (60 other events since notify)
[2017.06.28-19.45.09:664][505]LogCharacterMovement: Runner_C_118 is stuck and failed to move! Velocity: X=-100.39 Y=-274.70 Z=0.00 Location: X=496.01 Y=685.59 Z=248.03 Normal: X=-0.80 Y=0.59 Z=-0.10 PenetrationDepth:29.594 Actor:player1_1352 Component:EnergyShield BoneName:None (60 other events since notify)
[2017.06.28-19.45.09:680][506]LogCharacterMovement: Runner_C_6 is stuck and failed to move! Velocity: X=275.42 Y=-2384.14 Z=0.00 Location: X=854.34 Y=885.27 Z=248.04 Normal: X=-0.09 Y=0.99 Z=-0.10 PenetrationDepth:33.241 Actor:player1_1352 Component:EnergyShield BoneName:None (60 other events since notify)
[2017.06.28-19.45.10:664][565]LogCharacterMovement: Runner_C_118 is stuck and failed to move! Velocity: X=-15.21 Y=-290.13 Z=0.00 Location: X=496.01 Y=685.59 Z=248.03 Normal: X=-0.80 Y=0.59 Z=-0.10 PenetrationDepth:29.594 Actor:player1_1352 Component:EnergyShield BoneName:None (59 other events since notify)
[2017.06.28-19.45.10:680][566]LogCharacterMovement: Runner_C_6 is stuck and failed to move! Velocity: X=219.36 Y=-1898.89 Z=0.00 Location: X=854.34 Y=885.27 Z=248.04 Normal: X=-0.09 Y=0.99 Z=-0.10 PenetrationDepth:33.241 Actor:player1_1352 Component:EnergyShield BoneName:None (58 other events since notify)
[2017.06.28-19.45.11:398][609]LogCharacterMovement: Runner_C_145 is stuck and failed to move! Velocity: X=-290.05 Y=14.05 Z=0.00 Location: X=-382.90 Y=785.35 Z=250.15 Normal: X=0.75 Y=-0.43 Z=-0.50 PenetrationDepth:69.613 Actor:GrenadeProjectile_C_24 Component:ExplosiveDamageSphere BoneName:None (0 other events since notify)
[2017.06.28-19.45.11:665][625]LogCharacterMovement: Runner_C_118 is stuck and failed to move! Velocity: X=-100.88 Y=-272.38 Z=0.00 Location: X=496.01 Y=685.59 Z=248.03 Normal: X=-0.80 Y=0.59 Z=-0.10 PenetrationDepth:29.594 Actor:player1_1352 Component:EnergyShield BoneName:None (59 other events since notify)
[2017.06.28-19.45.11:680][626]LogCharacterMovement: Runner_C_6 is stuck and failed to move! Velocity: X=-2363.71 Y=-415.78 Z=0.00 Location: X=854.34 Y=885.27 Z=248.04 Normal: X=-0.09 Y=0.99 Z=-0.10 PenetrationDepth:33.241 Actor:player1_1352 Component:EnergyShield BoneName:None (59 other events since notify)
[2017.06.28-19.45.12:665][685]LogCharacterMovement: Runner_C_118 is stuck and failed to move! Velocity: X=-15.17 Y=-290.07 Z=0.00 Location: X=496.01 Y=685.59 Z=248.03 Normal: X=-0.80 Y=0.59 Z=-0.10 PenetrationDepth:29.594 Actor:player1_1352 Component:EnergyShield BoneName:None (59 other events since notify)
[2017.06.28-19.45.12:680][686]LogCharacterMovement: Runner_C_6 is stuck and failed to move! Velocity: X=-2363.71 Y=-415.78 Z=0.00 Location: X=854.34 Y=885.27 Z=248.04 Normal: X=-0.09 Y=0.99 Z=-0.10 PenetrationDepth:33.241 Actor:player1_1352 Component:EnergyShield BoneName:None (59 other events since notify)
[2017.06.28-19.45.13:665][745]LogCharacterMovement: Runner_C_118 is stuck and failed to move! Velocity: X=-100.88 Y=-272.38 Z=0.00 Location: X=496.01 Y=685.59 Z=248.03 Normal: X=-0.80 Y=0.59 Z=-0.10 PenetrationDepth:29.594 Actor:player1_1352 Component:EnergyShield BoneName:None (59 other events since notify)
[2017.06.28-19.45.13:680][746]LogCharacterMovement: Runner_C_6 is stuck and failed to move! Velocity: X=275.42 Y=-2384.14 Z=0.00 Location: X=854.34 Y=885.27 Z=248.04 Normal: X=-0.09 Y=0.99 Z=-0.10 PenetrationDepth:33.241 Actor:player1_1352 Component:EnergyShield BoneName:None (59 other events since notify)
[2017.06.28-19.45.14:547][798]LogCharacterMovement: Runner_C_103 is stuck and failed to move! Velocity: X=-32.63 Y=10.02 Z=0.00 Location: X=-381.25 Y=591.26 Z=250.15 Normal: X=0.66 Y=0.55 Z=-0.52 PenetrationDepth:7.903 Actor:GrenadeProjectile_C_27 Component:ExplosiveDamageSphere BoneName:None (0 other events since notify)
[2017.06.28-19.45.14:549][798]LogCharacterMovement: Runner_C_161 is stuck and failed to move! Velocity: X=-0.93 Y=34.12 Z=0.00 Location: X=-529.28 Y=245.47 Z=250.15 Normal: X=0.47 Y=-0.40 Z=-0.78 PenetrationDepth:152.897 Actor:GrenadeProjectile_C_27 Component:ExplosiveDamageSphere BoneName:None (0 other events since notify)
[2017.06.28-19.45.14:665][805]LogCharacterMovement: Runner_C_118 is stuck and failed to move! Velocity: X=-2225.80 Y=-97.96 Z=0.00 Location: X=496.01 Y=685.59 Z=248.03 Normal: X=-0.80 Y=0.59 Z=-0.10 PenetrationDepth:29.594 Actor:player1_1352 Component:EnergyShield BoneName:None (59 other events since notify)
[2017.06.28-19.45.14:680][806]LogCharacterMovement: Runner_C_6 is stuck and failed to move! Velocity: X=-2363.71 Y=-415.78 Z=0.00 Location: X=854.34 Y=885.27 Z=248.04 Normal: X=-0.09 Y=0.99 Z=-0.10 PenetrationDepth:33.241 Actor:player1_1352 Component:EnergyShield BoneName:None (59 other events since notify)
[2017.06.28-19.45.15:664][865]LogCharacterMovement: Runner_C_118 is stuck and failed to move! Velocity: X=-2397.68 Y=-105.52 Z=0.00 Location: X=496.01 Y=685.59 Z=248.03 Normal: X=-0.80 Y=0.59 Z=-0.10 PenetrationDepth:29.594 Actor:player1_1352 Component:EnergyShield BoneName:None (59 other events since notify)
[2017.06.28-19.45.15:681][866]LogCharacterMovement: Runner_C_6 is stuck and failed to move! Velocity: X=275.42 Y=-2384.14 Z=0.00 Location: X=854.34 Y=885.27 Z=248.04 Normal: X=-0.09 Y=0.99 Z=-0.10 PenetrationDepth:33.241 Actor:player1_1352 Component:EnergyShield BoneName:None (59 other events since notify)
[2017.06.28-19.45.16:665][925]LogCharacterMovement: Runner_C_118 is stuck and failed to move! Velocity: X=-50.91 Y=-341.72 Z=0.00 Location: X=496.01 Y=685.59 Z=248.03 Normal: X=-0.80 Y=0.59 Z=-0.10 PenetrationDepth:29.594 Actor:player1_1352 Component:EnergyShield BoneName:None (59 other events since notify)
[2017.06.28-19.45.16:681][926]LogCharacterMovement: Runner_C_6 is stuck and failed to move! Velocity: X=275.42 Y=-2384.14 Z=0.00 Location: X=854.34 Y=885.27 Z=248.04 Normal: X=-0.09 Y=0.99 Z=-0.10 PenetrationDepth:33.241 Actor:player1_1352 Component:EnergyShield BoneName:None (59 other events since notify)
[2017.06.28-19.45.17:665][985]LogCharacterMovement: Runner_C_118 is stuck and failed to move! Velocity: X=-100.39 Y=-274.71 Z=0.00 Location: X=496.01 Y=685.59 Z=248.03 Normal: X=-0.80 Y=0.59 Z=-0.10 PenetrationDepth:29.594 Actor:player1_1352 Component:EnergyShield BoneName:None (59 other events since notify)
[2017.06.28-19.45.17:681][986]LogCharacterMovement: Runner_C_6 is stuck and failed to move! Velocity: X=-2363.71 Y=-415.78 Z=0.00 Location: X=854.34 Y=885.27 Z=248.04 Normal: X=-0.09 Y=0.99 Z=-0.10 PenetrationDepth:33.241 Actor:player1_1352 Component:EnergyShield BoneName:None (59 other events since notify)
[2017.06.28-19.45.18:665][ 45]LogCharacterMovement: Runner_C_118 is stuck and failed to move! Velocity: X=-2226.49 Y=-97.99 Z=0.00 Location: X=496.01 Y=685.59 Z=248.03 Normal: X=-0.80 Y=0.59 Z=-0.10 PenetrationDepth:29.594 Actor:player1_1352 Component:EnergyShield BoneName:None (59 other events since notify)
[2017.06.28-19.45.18:680][ 46]LogCharacterMovement: Runner_C_6 is stuck and failed to move! Velocity: X=275.42 Y=-2384.14 Z=0.00 Location: X=854.34 Y=885.27 Z=248.04 Normal: X=-0.09 Y=0.99 Z=-0.10 PenetrationDepth:33.241 Actor:player1_1352 Component:EnergyShield BoneName:None (59 other events since notify)
[2017.06.28-19.45.19:666][105]LogCharacterMovement: Runner_C_118 is stuck and failed to move! Velocity: X=-50.85 Y=-341.71 Z=0.00 Location: X=496.01 Y=685.59 Z=248.03 Normal: X=-0.80 Y=0.59 Z=-0.10 PenetrationDepth:29.594 Actor:player1_1352 Component:EnergyShield BoneName:None (59 other events since notify)
[2017.06.28-19.45.19:681][106]LogCharacterMovement: Runner_C_6 is stuck and failed to move! Velocity: X=-2363.71 Y=-415.78 Z=0.00 Location: X=854.34 Y=885.27 Z=248.04 Normal: X=-0.09 Y=0.99 Z=-0.10 PenetrationDepth:33.241 Actor:player1_1352 Component:EnergyShield BoneName:None (59 other events since notify)
[2017.06.28-19.45.26:583][520]LogBlueprintUserMessages: Early EndPlayMap Detection: Level '/Game/TwinStickBP/Maps/TwinStickExampleMap.TwinStickExampleMap:PersistentLevel' has LevelScriptBlueprint '/Game/TwinStickBP/Maps/TwinStickExampleMap.TwinStickExampleMap:PersistentLevel.TwinStickExampleMap' with GeneratedClass '/Game/TwinStickBP/Maps/TwinStickExampleMap.TwinStickExampleMap_C' with ClassGeneratedBy '/Game/TwinStickBP/Maps/TwinStickExampleMap.TwinStickExampleMap:PersistentLevel.TwinStickExampleMap'
[2017.06.28-19.45.26:643][520]LogBlueprintUserMessages: Late EndPlayMap Detection: Level '/Game/TwinStickBP/Maps/TwinStickExampleMap.TwinStickExampleMap:PersistentLevel' has LevelScriptBlueprint '/Game/TwinStickBP/Maps/TwinStickExampleMap.TwinStickExampleMap:PersistentLevel.TwinStickExampleMap' with GeneratedClass '/Game/TwinStickBP/Maps/TwinStickExampleMap.TwinStickExampleMap_C' with ClassGeneratedBy '/Game/TwinStickBP/Maps/TwinStickExampleMap.TwinStickExampleMap:PersistentLevel.TwinStickExampleMap'
[2017.06.28-19.46.10:934][133]LogSlate: Took 0.000217 seconds to synchronously load lazily loaded font '../../../Engine/Content/Slate/Fonts/Roboto-Light.ttf' (159K)
[2017.06.28-19.46.11:295][133]LogContentBrowser: Native class hierarchy updated for 'BlueprintGraph' in 0.0008 seconds. Added 112 classes and 0 folders.
[2017.06.28-19.46.11:833][133]LogSlate: Took 0.000171 seconds to synchronously load lazily loaded font '../../../Engine/Content/Slate/Fonts/Roboto-Regular.ttf' (155K)
[2017.06.28-19.46.11:923][133]LogSlate: Took 0.000361 seconds to synchronously load lazily loaded font '../../../Engine/Content/Editor/Slate/Fonts/Roboto-BoldCondensed.ttf' (158K)
[2017.06.28-19.46.12:288][134]LogSlate: Took 0.000241 seconds to synchronously load lazily loaded font '../../../Engine/Content/Editor/Slate/Fonts/Roboto-Italic.ttf' (157K)
[2017.06.28-19.46.37:697][651]BlueprintLog: New page: Compile player1
[2017.06.28-19.46.41:569][752]Cmd: OBJ SAVEPACKAGE PACKAGE="/Game/TwinStickBP/Blueprints/player1" FILE="../../../../../../supers-master/supers-master 4.16/supers/Content/TwinStickBP/Blueprints/player1.uasset" SILENT=true
[2017.06.28-19.46.41:877][752]LogSavePackage: Save=286.73ms
[2017.06.28-19.46.41:877][752]LogSavePackage: Moving '../../../../../../supers-master/supers-master 4.16/supers/Saved/player10164DB5E4020285729DA00947CD3428D.tmp' to '../../../../../../supers-master/supers-master 4.16/supers/Content/TwinStickBP/Blueprints/player1.uasset'
[2017.06.28-19.46.41:880][752]LogSavePackage:Display: Finished SavePackage ../../../../../../supers-master/supers-master 4.16/supers/Content/TwinStickBP/Blueprints/player1.uasset
[2017.06.28-19.46.46:152][  8]LogTemp: Repeting last play command: New Editor Window (PIE)
[2017.06.28-19.46.46:171][  8]LogBlueprintUserMessages: Early PlayInEditor Detection: Level '/Game/TwinStickBP/Maps/TwinStickExampleMap.TwinStickExampleMap:PersistentLevel' has LevelScriptBlueprint '/Game/TwinStickBP/Maps/TwinStickExampleMap.TwinStickExampleMap:PersistentLevel.TwinStickExampleMap' with GeneratedClass '/Game/TwinStickBP/Maps/TwinStickExampleMap.TwinStickExampleMap_C' with ClassGeneratedBy '/Game/TwinStickBP/Maps/TwinStickExampleMap.TwinStickExampleMap:PersistentLevel.TwinStickExampleMap'
[2017.06.28-19.46.46:171][  8]LogPlayLevel: PlayLevel: No blueprints needed recompiling
[2017.06.28-19.46.46:171][  8]PIE: New page: PIE session: TwinStickExampleMap (Jun 28, 2017, 5:46:46 AM)
[2017.06.28-19.46.46:171][  8]LogPlayLevel: Creating play world package: /Game/TwinStickBP/Maps/UEDPIE_0_TwinStickExampleMap
[2017.06.28-19.46.46:178][  8]LogPlayLevel: PIE: StaticDuplicateObject took: (0.007214s)
[2017.06.28-19.46.46:179][  8]LogAIModule: Creating AISystem for world TwinStickExampleMap
[2017.06.28-19.46.46:179][  8]LogPlayLevel: PIE: World Init took: (0.001009s)
[2017.06.28-19.46.46:179][  8]LogPlayLevel: PIE: Created PIE world by copying editor world from /Game/TwinStickBP/Maps/TwinStickExampleMap.TwinStickExampleMap to /Game/TwinStickBP/Maps/UEDPIE_0_TwinStickExampleMap.TwinStickExampleMap (0.008476s)
[2017.06.28-19.46.46:202][  8]LogInit: XAudio2 using 'Speakers (Realtek High Definition Audio)' : 6 channels at 48 kHz using 32 bits per sample (channel mask 0x3f)
[2017.06.28-19.46.46:265][  8]LogInit: FAudioDevice initialized.
[2017.06.28-19.46.46:319][  8]LogLoad: Game class is 'TwinStickGameMode_C'
[2017.06.28-19.46.46:322][  8]LogWorld: Bringing World /Game/TwinStickBP/Maps/UEDPIE_0_TwinStickExampleMap.TwinStickExampleMap up for play (max tick rate 60) at 2017.06.28-12.46.46
[2017.06.28-19.46.46:323][  8]LogWorld: Bringing up level for play took: 0.002797
[2017.06.28-19.46.46:323][  8]LogGameMode:Display: Match State Changed from EnteringMap to WaitingToStart
[2017.06.28-19.46.46:323][  8]LogGameState: Match State Changed from EnteringMap to WaitingToStart
[2017.06.28-19.46.46:323][  8]LogGameMode:Display: Match State Changed from WaitingToStart to InProgress
[2017.06.28-19.46.46:324][  8]LogPlayerManagement:Error: Failed to Create Player: Maximum number of players (4) already created.  Unable to create more.
[2017.06.28-19.46.46:325][  8]LogPlayerManagement:Error: Failed to Create Player: Maximum number of players (4) already created.  Unable to create more.
[2017.06.28-19.46.46:325][  8]LogScript:Warning: Accessed None trying to read property CallFunc_GetPlayerController_ReturnValue3
	TwinStickExampleMap_C /Game/TwinStickBP/Maps/UEDPIE_0_TwinStickExampleMap.TwinStickExampleMap:PersistentLevel.TwinStickExampleMap_C_0
	Function /Game/TwinStickBP/Maps/TwinStickExampleMap.TwinStickExampleMap_C:ExecuteUbergraph_TwinStickExampleMap:03AA
[2017.06.28-19.46.46:325][  8]PIE:Error: Error Blueprint Runtime Error: Accessed None trying to read property CallFunc_GetPlayerController_ReturnValue3 from function: 'ExecuteUbergraph_TwinStickExampleMap' from node: Possess in graph: EventGraph in object: TwinStickExampleMap with description: Accessed None trying to read property CallFunc_GetPlayerController_ReturnValue3
[2017.06.28-19.46.46:325][  8]LogScript:Warning: Accessed None trying to read property CallFunc_GetPlayerController_ReturnValue6
	TwinStickExampleMap_C /Game/TwinStickBP/Maps/UEDPIE_0_TwinStickExampleMap.TwinStickExampleMap:PersistentLevel.TwinStickExampleMap_C_0
	Function /Game/TwinStickBP/Maps/TwinStickExampleMap.TwinStickExampleMap_C:ExecuteUbergraph_TwinStickExampleMap:00C6
[2017.06.28-19.46.46:325][  8]PIE:Error: Error Blueprint Runtime Error: Accessed None trying to read property CallFunc_GetPlayerController_ReturnValue6 from function: 'ExecuteUbergraph_TwinStickExampleMap' from node: Possess in graph: EventGraph in object: TwinStickExampleMap with description: Accessed None trying to read property CallFunc_GetPlayerController_ReturnValue6
[2017.06.28-19.46.46:326][  8]LogGameState: Match State Changed from WaitingToStart to InProgress
[2017.06.28-19.46.46:336][  8]PIE: Info Play in editor start time for /Game/TwinStickBP/Maps/UEDPIE_0_TwinStickExampleMap 0.179
[2017.06.28-19.46.46:337][  8]LogBlueprintUserMessages: Late PlayInEditor Detection: Level '/Game/TwinStickBP/Maps/TwinStickExampleMap.TwinStickExampleMap:PersistentLevel' has LevelScriptBlueprint '/Game/TwinStickBP/Maps/TwinStickExampleMap.TwinStickExampleMap:PersistentLevel.TwinStickExampleMap' with GeneratedClass '/Game/TwinStickBP/Maps/TwinStickExampleMap.TwinStickExampleMap_C' with ClassGeneratedBy '/Game/TwinStickBP/Maps/TwinStickExampleMap.TwinStickExampleMap:PersistentLevel.TwinStickExampleMap'
[2017.06.28-19.46.49:197][175]LogCharacterMovement: Runner_C_1 is stuck and failed to move! Velocity: X=-293.99 Y=234.12 Z=0.00 Location: X=781.55 Y=-402.60 Z=248.23 Normal: X=0.94 Y=0.29 Z=-0.20 PenetrationDepth:298.329 Actor:player1_1352 Component:EnergyShield BoneName:None (0 other events since notify)
[2017.06.28-19.47.02:156][950]LogBlueprintUserMessages: Early EndPlayMap Detection: Level '/Game/TwinStickBP/Maps/TwinStickExampleMap.TwinStickExampleMap:PersistentLevel' has LevelScriptBlueprint '/Game/TwinStickBP/Maps/TwinStickExampleMap.TwinStickExampleMap:PersistentLevel.TwinStickExampleMap' with GeneratedClass '/Game/TwinStickBP/Maps/TwinStickExampleMap.TwinStickExampleMap_C' with ClassGeneratedBy '/Game/TwinStickBP/Maps/TwinStickExampleMap.TwinStickExampleMap:PersistentLevel.TwinStickExampleMap'
[2017.06.28-19.47.02:235][950]LogBlueprintUserMessages: Late EndPlayMap Detection: Level '/Game/TwinStickBP/Maps/TwinStickExampleMap.TwinStickExampleMap:PersistentLevel' has LevelScriptBlueprint '/Game/TwinStickBP/Maps/TwinStickExampleMap.TwinStickExampleMap:PersistentLevel.TwinStickExampleMap' with GeneratedClass '/Game/TwinStickBP/Maps/TwinStickExampleMap.TwinStickExampleMap_C' with ClassGeneratedBy '/Game/TwinStickBP/Maps/TwinStickExampleMap.TwinStickExampleMap:PersistentLevel.TwinStickExampleMap'
[2017.06.28-19.47.29:350][342]LogSavePackage: Save=407.23ms
[2017.06.28-19.47.29:350][342]LogSavePackage: Moving '../../../../../../supers-master/supers-master 4.16/supers/Saved/TwinStickExampleMap1B5C5ADB4423D111418558ABCE85B1BB.tmp' to '../../../../../../supers-master/supers-master 4.16/supers/Content/TwinStickBP/Maps/TwinStickExampleMap.umap'
[2017.06.28-19.47.29:354][342]LogSavePackage:Display: Finished SavePackage ../../../../../../supers-master/supers-master 4.16/supers/Content/TwinStickBP/Maps/TwinStickExampleMap.umap
[2017.06.28-19.47.29:382][342]LogFileHelpers: Saving map 'TwinStickExampleMap' took 2.127
[2017.06.28-19.47.29:464][342]LogWindowsTextInputMethodSystem:Display: IME system now deactivated.
[2017.06.28-19.47.29:639][343]Cmd: QUIT_EDITOR
[2017.06.28-19.47.30:439][343]LogExit: Preparing to exit.
[2017.06.28-19.47.31:340][343]LogDirectoryWatcher: A directory notification for 'C:/supers-master/supers-master 4.16/supers/Content/' was aborted.
[2017.06.28-19.47.31:374][343]LogExit: Editor shut down
[2017.06.28-19.47.31:378][343]LogExit: Transaction tracking system shut down
[2017.06.28-19.47.31:466][343]LogObj: Freed 0b from 0 cluster array pools.
[2017.06.28-19.47.31:466][343]LogExit: Object subsystem successfully closed.
[2017.06.28-19.47.31:487][343]LogD3D11RHI: Shutdown
[2017.06.28-19.47.31:487][343]LogD3D11RHI: CleanupD3DDevice
[2017.06.28-19.47.31:565][343]LogD3D11RHI: ~FD3D11DynamicRHI
[2017.06.28-19.47.31:584][343]LogModuleManager: Shutting down and abandoning module BlueprintGraph (530)
[2017.06.28-19.47.31:584][343]LogModuleManager: Shutting down and abandoning module BlueprintProfiler (528)
[2017.06.28-19.47.31:584][343]LogModuleManager: Shutting down and abandoning module MovieSceneCapture (526)
[2017.06.28-19.47.31:584][343]LogModuleManager: Shutting down and abandoning module HierarchicalLODOutliner (524)
[2017.06.28-19.47.31:584][343]LogModuleManager: Shutting down and abandoning module CrashTracker (522)
[2017.06.28-19.47.31:584][343]LogModuleManager: Shutting down and abandoning module SceneOutliner (520)
[2017.06.28-19.47.31:584][343]LogModuleManager: Shutting down and abandoning module AddContentDialog (518)
[2017.06.28-19.47.31:584][343]LogDirectoryWatcher: A directory notification for 'C:/Program Files/Epic Games/UE_4.16/FeaturePacks/' was aborted.
[2017.06.28-19.47.31:584][343]LogModuleManager: Shutting down and abandoning module WidgetCarousel (517)
[2017.06.28-19.47.31:584][343]LogModuleManager: Shutting down and abandoning module EditorWidgets (514)
[2017.06.28-19.47.31:584][343]LogModuleManager: Shutting down and abandoning module CollectionManager (512)
[2017.06.28-19.47.31:585][343]LogDirectoryWatcher: A directory notification for 'C:/supers-master/supers-master 4.16/supers/Content/Collections/' was aborted.
[2017.06.28-19.47.31:585][343]LogDirectoryWatcher: A directory notification for 'C:/supers-master/supers-master 4.16/supers/Content/Developers/NewXB/Collections/' was aborted.
[2017.06.28-19.47.31:585][343]LogDirectoryWatcher: A directory notification for 'C:/supers-master/supers-master 4.16/supers/Saved/Collections/' was aborted.
[2017.06.28-19.47.31:585][343]LogModuleManager: Shutting down and abandoning module StatsViewer (510)
[2017.06.28-19.47.31:585][343]LogModuleManager: Shutting down and abandoning module FoliageEdit (508)
[2017.06.28-19.47.31:585][343]LogModuleManager: Shutting down and abandoning module LandscapeEditor (506)
[2017.06.28-19.47.31:585][343]LogModuleManager: Shutting down and abandoning module MeshPaintMode (504)
[2017.06.28-19.47.31:585][343]LogModuleManager: Shutting down and abandoning module SceneDepthPickerMode (502)
[2017.06.28-19.47.31:585][343]LogModuleManager: Shutting down and abandoning module ActorPickerMode (500)
[2017.06.28-19.47.31:585][343]LogModuleManager: Shutting down and abandoning module GeometryMode (498)
[2017.06.28-19.47.31:585][343]LogModuleManager: Shutting down and abandoning module TextureAlignMode (496)
[2017.06.28-19.47.31:585][343]LogModuleManager: Shutting down and abandoning module BspMode (494)
[2017.06.28-19.47.31:585][343]LogModuleManager: Shutting down and abandoning module HardwareSurvey (492)
[2017.06.28-19.47.31:585][343]LogModuleManager: Shutting down and abandoning module SequenceRecorderSections (490)
[2017.06.28-19.47.31:585][343]LogModuleManager: Shutting down and abandoning module AutomationWorker (488)
[2017.06.28-19.47.31:585][343]LogModuleManager: Shutting down and abandoning module MatineeToLevelSequence (486)
[2017.06.28-19.47.31:585][343]LogModuleManager: Shutting down and abandoning module LevelSequenceEditor (484)
[2017.06.28-19.47.31:585][343]LogModuleManager: Shutting down and abandoning module PlacementMode (483)
[2017.06.28-19.47.31:585][343]LogModuleManager: Shutting down and abandoning module WmfMediaFactory (480)
[2017.06.28-19.47.31:585][343]LogModuleManager: Shutting down and abandoning module WmfMediaEditor (478)
[2017.06.28-19.47.31:585][343]LogModuleManager: Shutting down and abandoning module AvfMediaFactory (476)
[2017.06.28-19.47.31:585][343]LogModuleManager: Shutting down and abandoning module AvfMediaEditor (474)
[2017.06.28-19.47.31:585][343]LogModuleManager: Shutting down and abandoning module AndroidMediaFactory (472)
[2017.06.28-19.47.31:585][343]LogModuleManager: Shutting down and abandoning module Media (471)
[2017.06.28-19.47.31:585][343]LogModuleManager: Shutting down and abandoning module AndroidMediaEditor (468)
[2017.06.28-19.47.31:585][343]LogModuleManager: Shutting down and abandoning module CharacterAI (466)
[2017.06.28-19.47.31:585][343]LogModuleManager: Shutting down and abandoning module AudioCapture (464)
[2017.06.28-19.47.31:585][343]LogModuleManager: Shutting down and abandoning module SequenceRecorder (463)
[2017.06.28-19.47.31:585][343]LogModuleManager: Shutting down and abandoning module SmartSnapping (460)
[2017.06.28-19.47.31:585][343]LogModuleManager: Shutting down and abandoning module SessionServices (458)
[2017.06.28-19.47.31:585][343]LogModuleManager: Shutting down and abandoning module ViewportSnapping (456)
[2017.06.28-19.47.31:585][343]LogModuleManager: Shutting down and abandoning module ViewportInteraction (454)
[2017.06.28-19.47.31:585][343]LogModuleManager: Shutting down and abandoning module ClothPainter (452)
[2017.06.28-19.47.31:585][343]LogModuleManager: Shutting down and abandoning module LogVisualizer (450)
[2017.06.28-19.47.31:585][343]LogModuleManager: Shutting down and abandoning module IntroTutorials (448)
[2017.06.28-19.47.31:585][343]LogModuleManager: Shutting down and abandoning module GameProjectGeneration (447)
[2017.06.28-19.47.31:585][343]LogModuleManager: Shutting down and abandoning module EditorLiveStreaming (444)
[2017.06.28-19.47.31:585][343]LogModuleManager: Shutting down and abandoning module IOSPlatformEditor (442)
[2017.06.28-19.47.31:585][343]LogModuleManager: Shutting down and abandoning module HTML5PlatformEditor (440)
[2017.06.28-19.47.31:585][343]LogModuleManager: Shutting down and abandoning module AndroidPlatformEditor (438)
[2017.06.28-19.47.31:585][343]LogModuleManager: Shutting down and abandoning module AndroidDeviceDetection (437)
[2017.06.28-19.47.32:235][343]LogModuleManager: Shutting down and abandoning module IOSRuntimeSettings (434)
[2017.06.28-19.47.32:235][343]LogModuleManager: Shutting down and abandoning module AndroidRuntimeSettings (432)
[2017.06.28-19.47.32:235][343]LogModuleManager: Shutting down and abandoning module InputBindingEditor (430)
[2017.06.28-19.47.32:235][343]LogModuleManager: Shutting down and abandoning module MergeActors (428)
[2017.06.28-19.47.32:235][343]LogModuleManager: Shutting down and abandoning module SizeMap (426)
[2017.06.28-19.47.32:235][343]LogModuleManager: Shutting down and abandoning module TreeMap (424)
[2017.06.28-19.47.32:235][343]LogModuleManager: Shutting down and abandoning module ReferenceViewer (422)
[2017.06.28-19.47.32:235][343]LogModuleManager: Shutting down and abandoning module LocalizationDashboard (420)
[2017.06.28-19.47.32:235][343]LogModuleManager: Shutting down and abandoning module LocalizationService (419)
[2017.06.28-19.47.32:235][343]LogModuleManager: Shutting down and abandoning module HardwareTargeting (416)
[2017.06.28-19.47.32:235][343]LogModuleManager: Shutting down and abandoning module DeviceProfileEditor (414)
[2017.06.28-19.47.32:235][343]LogModuleManager: Shutting down and abandoning module UndoHistory (412)
[2017.06.28-19.47.32:235][343]LogModuleManager: Shutting down and abandoning module UserFeedback (410)
[2017.06.28-19.47.32:235][343]LogModuleManager: Shutting down and abandoning module XmlParser (408)
[2017.06.28-19.47.32:235][343]LogModuleManager: Shutting down and abandoning module Blutility (406)
[2017.06.28-19.47.32:235][343]LogModuleManager: Shutting down and abandoning module ProjectSettingsViewer (404)
[2017.06.28-19.47.32:235][343]LogModuleManager: Shutting down and abandoning module ProjectTargetPlatformEditor (403)
[2017.06.28-19.47.32:235][343]LogModuleManager: Shutting down and abandoning module EditorSettingsViewer (400)
[2017.06.28-19.47.32:235][343]LogModuleManager: Shutting down and abandoning module SettingsEditor (398)
[2017.06.28-19.47.32:235][343]LogModuleManager: Shutting down and abandoning module ProjectLauncher (396)
[2017.06.28-19.47.32:235][343]LogModuleManager: Shutting down and abandoning module SessionFrontend (394)
[2017.06.28-19.47.32:235][343]LogModuleManager: Shutting down and abandoning module ProfilerClient (392)
[2017.06.28-19.47.32:235][343]LogModuleManager: Shutting down and abandoning module DeviceManager (390)
[2017.06.28-19.47.32:236][343]LogModuleManager: Shutting down and abandoning module TargetDeviceServices (389)
[2017.06.28-19.47.32:289][343]LogModuleManager: Shutting down and abandoning module AutomationController (386)
[2017.06.28-19.47.32:289][343]LogModuleManager: Shutting down and abandoning module AutomationWindow (384)
[2017.06.28-19.47.32:289][343]LogModuleManager: Shutting down and abandoning module Layers (382)
[2017.06.28-19.47.32:289][343]LogModuleManager: Shutting down and abandoning module ComponentVisualizers (380)
[2017.06.28-19.47.32:289][343]LogModuleManager: Shutting down and abandoning module DetailCustomizations (378)
[2017.06.28-19.47.32:289][343]LogModuleManager: Shutting down and abandoning module PackagesDialog (376)
[2017.06.28-19.47.32:289][343]LogModuleManager: Shutting down and abandoning module Persona (374)
[2017.06.28-19.47.32:289][343]LogModuleManager: Shutting down and abandoning module AdvancedPreviewScene (373)
[2017.06.28-19.47.32:289][343]LogModuleManager: Shutting down and abandoning module AnimGraph (371)
[2017.06.28-19.47.32:289][343]LogModuleManager: Shutting down and abandoning module Kismet (368)
[2017.06.28-19.47.32:297][343]LogModuleManager: Shutting down and abandoning module ClassViewer (366)
[2017.06.28-19.47.32:297][343]LogModuleManager: Shutting down and abandoning module Toolbox (364)
[2017.06.28-19.47.32:297][343]LogModuleManager: Shutting down and abandoning module ModuleUI (362)
[2017.06.28-19.47.32:297][343]LogModuleManager: Shutting down and abandoning module MovieSceneTools (360)
[2017.06.28-19.47.32:297][343]LogModuleManager: Shutting down and abandoning module OutputLog (358)
[2017.06.28-19.47.32:297][343]LogModuleManager: Shutting down and abandoning module GammaUI (356)
[2017.06.28-19.47.32:297][343]LogModuleManager: Shutting down and abandoning module Documentation (354)
[2017.06.28-19.47.32:297][343]LogModuleManager: Shutting down and abandoning module MovieSceneTracks (352)
[2017.06.28-19.47.32:297][343]LogModuleManager: Shutting down and abandoning module MovieScene (350)
[2017.06.28-19.47.32:297][343]LogModuleManager: Shutting down and abandoning module Niagara (348)
[2017.06.28-19.47.32:297][343]LogModuleManager: Shutting down and abandoning module NiagaraEditor (347)
[2017.06.28-19.47.32:297][343]LogModuleManager: Shutting down and abandoning module StreamingPauseRendering (344)
[2017.06.28-19.47.32:297][343]LogModuleManager: Shutting down and abandoning module AnalyticsET (342)
[2017.06.28-19.47.32:297][343]LogModuleManager: Shutting down and abandoning module PortalServices (340)
[2017.06.28-19.47.32:297][343]LogModuleManager: Shutting down and abandoning module PortalRpc (338)
[2017.06.28-19.47.32:297][343]LogModuleManager: Shutting down and abandoning module MessagingRpc (336)
[2017.06.28-19.47.32:297][343]LogModuleManager: Shutting down and abandoning module AIModule (334)
[2017.06.28-19.47.32:297][343]LogModuleManager: Shutting down and abandoning module GameplayDebugger (333)
[2017.06.28-19.47.32:297][343]LogModuleManager: Shutting down and abandoning module AITestSuite (331)
[2017.06.28-19.47.32:297][343]LogModuleManager: Shutting down and abandoning module ProfilerService (328)
[2017.06.28-19.47.32:306][343]LogModuleManager: Shutting down and abandoning module TaskGraph (326)
[2017.06.28-19.47.32:306][343]LogModuleManager: Shutting down and abandoning module SteamVRController (324)
[2017.06.28-19.47.32:306][343]LogModuleManager: Shutting down and abandoning module SteamVR (322)
[2017.06.28-19.47.32:306][343]LogModuleManager: Shutting down and abandoning module ProceduralMeshComponentEditor (320)
[2017.06.28-19.47.32:306][343]LogModuleManager: Shutting down and abandoning module ProceduralMeshComponent (318)
[2017.06.28-19.47.32:306][343]LogModuleManager: Shutting down and abandoning module OculusLibrary (316)
[2017.06.28-19.47.32:306][343]LogModuleManager: Shutting down and abandoning module OculusInput (314)
[2017.06.28-19.47.32:306][343]LogModuleManager: Shutting down and abandoning module MobilePatchingUtils (312)
[2017.06.28-19.47.32:306][343]LogModuleManager: Shutting down and abandoning module CustomMeshComponent (310)
[2017.06.28-19.47.32:306][343]LogModuleManager: Shutting down and abandoning module CableComponent (308)
[2017.06.28-19.47.32:306][343]LogModuleManager: Shutting down and abandoning module ArchVisCharacter (306)
[2017.06.28-19.47.32:306][343]LogModuleManager: Shutting down and abandoning module AndroidPermission (304)
[2017.06.28-19.47.32:306][343]LogModuleManager: Shutting down and abandoning module MediaPlayerEditor (300)
[2017.06.28-19.47.32:306][343]LogModuleManager: Shutting down and abandoning module HTML5Networking (298)
[2017.06.28-19.47.32:306][343]LogModuleManager: Shutting down and abandoning module AlembicImporter (296)
[2017.06.28-19.47.32:306][343]LogModuleManager: Shutting down and abandoning module AlembicLibrary (295)
[2017.06.28-19.47.32:306][343]LogModuleManager: Shutting down and abandoning module GeometryCache (294)
[2017.06.28-19.47.32:306][343]LogModuleManager: Shutting down and abandoning module GeometryCacheEd (293)
[2017.06.28-19.47.32:306][343]LogModuleManager: Shutting down and abandoning module SuperSearchEditor (288)
[2017.06.28-19.47.32:306][343]LogModuleManager: Shutting down and abandoning module SuperSearch (287)
[2017.06.28-19.47.32:306][343]LogModuleManager: Shutting down and abandoning module SpeedTreeImporter (284)
[2017.06.28-19.47.32:306][343]LogModuleManager: Shutting down and abandoning module PluginBrowser (282)
[2017.06.28-19.47.32:306][343]LogModuleManager: Shutting down and abandoning module MobileLauncherProfileWizard (280)
[2017.06.28-19.47.32:306][343]LogModuleManager: Shutting down and abandoning module VisualStudioSourceCodeAccess (278)
[2017.06.28-19.47.32:306][343]LogModuleManager: Shutting down and abandoning module DesktopPlatform (277)
[2017.06.28-19.47.32:306][343]LogModuleManager: Shutting down and abandoning module UObjectPlugin (274)
[2017.06.28-19.47.32:306][343]LogModuleManager: Shutting down and abandoning module SubversionSourceControl (272)
[2017.06.28-19.47.32:306][343]LogModuleManager: Shutting down and abandoning module PerforceSourceControl (270)
[2017.06.28-19.47.32:306][343]LogModuleManager: Shutting down and abandoning module GitSourceControl (268)
[2017.06.28-19.47.32:306][343]LogModuleManager: Shutting down and abandoning module SourceControl (267)
[2017.06.28-19.47.32:306][343]LogModuleManager: Shutting down and abandoning module LightPropagationVolumeEditor (264)
[2017.06.28-19.47.32:306][343]LogModuleManager: Shutting down and abandoning module PaperTiledImporter (262)
[2017.06.28-19.47.32:306][343]LogModuleManager: Shutting down and abandoning module PaperSpriteSheetImporter (260)
[2017.06.28-19.47.32:306][343]LogModuleManager: Shutting down and abandoning module Paper2DEditor (258)
[2017.06.28-19.47.32:307][343]LogModuleManager: Shutting down and abandoning module MeshPaint (257)
[2017.06.28-19.47.32:307][343]LogModuleManager: Shutting down and abandoning module LevelEditor (255)
[2017.06.28-19.47.32:307][343]LogModuleManager: Shutting down and abandoning module PixelInspectorModule (254)
[2017.06.28-19.47.32:307][343]LogModuleManager: Shutting down and abandoning module MainFrame (252)
[2017.06.28-19.47.32:307][343]LogModuleManager: Shutting down and abandoning module HotReload (251)
[2017.06.28-19.47.32:308][343]LogModuleManager: Shutting down and abandoning module PhysXVehiclesEditor (246)
[2017.06.28-19.47.32:308][343]LogModuleManager: Shutting down and abandoning module PhysXVehicles (244)
[2017.06.28-19.47.32:308][343]LogModuleManager: Shutting down and abandoning module LocationServicesBPLibrary (242)
[2017.06.28-19.47.32:308][343]LogModuleManager: Shutting down and abandoning module ImmediatePhysicsEditor (240)
[2017.06.28-19.47.32:308][343]LogModuleManager: Shutting down and abandoning module ImmediatePhysics (238)
[2017.06.28-19.47.32:308][343]LogModuleManager: Shutting down and abandoning module UdpMessaging (236)
[2017.06.28-19.47.32:408][343]LogModuleManager: Shutting down and abandoning module TcpMessaging (234)
[2017.06.28-19.47.32:509][343]LogModuleManager: Shutting down and abandoning module GameplayTagsEditor (232)
[2017.06.28-19.47.32:509][343]LogModuleManager: Shutting down and abandoning module FacialAnimationEditor (230)
[2017.06.28-19.47.32:509][343]LogModuleManager: Shutting down and abandoning module FacialAnimation (228)
[2017.06.28-19.47.32:509][343]LogModuleManager: Shutting down and abandoning module AssetManagerEditor (226)
[2017.06.28-19.47.32:509][343]LogModuleManager: Shutting down and abandoning module GraphEditor (225)
[2017.06.28-19.47.32:509][343]LogModuleManager: Shutting down and abandoning module ContentBrowser (223)
[2017.06.28-19.47.32:510][343]LogModuleManager: Shutting down and abandoning module LightPropagationVolumeRuntime (220)
[2017.06.28-19.47.32:510][343]LogModuleManager: Shutting down and abandoning module Paper2D (218)
[2017.06.28-19.47.32:510][343]LogModuleManager: Shutting down and abandoning module WindowsMoviePlayer (216)
[2017.06.28-19.47.32:510][343]LogModuleManager: Shutting down and abandoning module WmfMedia (214)
[2017.06.28-19.47.32:510][343]LogModuleManager: Shutting down and abandoning module ClothingSystemEditor (212)
[2017.06.28-19.47.32:510][343]LogModuleManager: Shutting down and abandoning module ClothingSystemRuntime (210)
[2017.06.28-19.47.32:510][343]LogModuleManager: Shutting down and abandoning module MediaAssets (208)
[2017.06.28-19.47.32:510][343]LogModuleManager: Shutting down and abandoning module GameLiveStreaming (206)
[2017.06.28-19.47.32:510][343]LogModuleManager: Shutting down and abandoning module VREditor (204)
[2017.06.28-19.47.32:510][343]LogModuleManager: Shutting down and abandoning module StringTableEditor (202)
[2017.06.28-19.47.32:510][343]LogModuleManager: Shutting down and abandoning module GameplayTasksEditor (200)
[2017.06.28-19.47.32:510][343]LogModuleManager: Shutting down and abandoning module BehaviorTreeEditor (198)
[2017.06.28-19.47.32:510][343]LogModuleManager: Shutting down and abandoning module FunctionalTesting (196)
[2017.06.28-19.47.32:510][343]LogModuleManager: Shutting down and abandoning module CollisionAnalyzer (194)
[2017.06.28-19.47.32:510][343]LogModuleManager: Shutting down and abandoning module UMG (192)
[2017.06.28-19.47.32:510][343]LogModuleManager: Shutting down and abandoning module UMGEditor (191)
[2017.06.28-19.47.32:510][343]LogModuleManager: Shutting down and abandoning module Sequencer (190)
[2017.06.28-19.47.32:510][343]LogModuleManager: Shutting down and abandoning module AssetTools (188)
[2017.06.28-19.47.32:510][343]LogModuleManager: Shutting down and abandoning module MessageLog (187)
[2017.06.28-19.47.32:510][343]LogModuleManager: Shutting down and abandoning module WorkspaceMenuStructure (186)
[2017.06.28-19.47.32:510][343]LogModuleManager: Shutting down and abandoning module SlateReflector (180)
[2017.06.28-19.47.32:510][343]LogModuleManager: Shutting down and abandoning module Slate (178)
[2017.06.28-19.47.32:510][343]LogModuleManager: Shutting down and abandoning module EditorStyle (176)
[2017.06.28-19.47.32:512][343]LogModuleManager: Shutting down and abandoning module SourceCodeAccess (174)
[2017.06.28-19.47.32:513][343]LogModuleManager: Shutting down and abandoning module HeadMountedDisplay (172)
[2017.06.28-19.47.32:513][343]LogModuleManager: Shutting down and abandoning module XAudio2 (170)
[2017.06.28-19.47.32:513][343]LogModuleManager: Shutting down and abandoning module Networking (168)
[2017.06.28-19.47.32:513][343]LogModuleManager: Shutting down and abandoning module Core (164)
[2017.06.28-19.47.32:513][343]LogModuleManager: Shutting down and abandoning module AssetRegistry (162)
[2017.06.28-19.47.32:591][343]LogDirectoryWatcher: A directory notification for '../../../Engine/Content/' was aborted.
[2017.06.28-19.47.32:591][343]LogDirectoryWatcher: A directory notification for '../../../../../../supers-master/supers-master 4.16/supers/Content/' was aborted.
[2017.06.28-19.47.32:591][343]LogDirectoryWatcher: A directory notification for '../../../Engine/Plugins/2D/Paper2D/Content/' was aborted.
[2017.06.28-19.47.32:591][343]LogDirectoryWatcher: A directory notification for '../../../Engine/Plugins/Runtime/GearVR/Content/' was aborted.
[2017.06.28-19.47.32:594][343]LogModuleManager: Shutting down and abandoning module DirectoryWatcher (161)
[2017.06.28-19.47.32:594][343]LogModuleManager: Shutting down and abandoning module KismetCompiler (158)
[2017.06.28-19.47.32:594][343]LogModuleManager: Shutting down and abandoning module LevelSequence (156)
[2017.06.28-19.47.32:594][343]LogModuleManager: Shutting down and abandoning module PhysXFormats (154)
[2017.06.28-19.47.32:594][343]LogModuleManager: Shutting down and abandoning module MeshUtilities (152)
[2017.06.28-19.47.32:594][343]LogModuleManager: Shutting down and abandoning module SimplygonSwarm (151)
[2017.06.28-19.47.32:594][343]LogModuleManager: Shutting down and abandoning module SimplygonMeshReduction (149)
[2017.06.28-19.47.32:594][343]LogModuleManager: Shutting down and abandoning module QuadricMeshReduction (147)
[2017.06.28-19.47.32:594][343]LogModuleManager: Shutting down and abandoning module DerivedDataCache (144)
[2017.06.28-19.47.32:648][343]LogDerivedDataCache: Shutdown
[2017.06.28-19.47.32:648][343]LogModuleManager: Shutting down and abandoning module TargetPlatform (142)
[2017.06.28-19.47.32:648][343]LogModuleManager: Shutting down and abandoning module VulkanShaderFormat (141)
[2017.06.28-19.47.32:648][343]LogModuleManager: Shutting down and abandoning module ShaderFormatVectorVM (139)
[2017.06.28-19.47.32:648][343]LogModuleManager: Shutting down and abandoning module ShaderFormatOpenGL (137)
[2017.06.28-19.47.32:648][343]LogModuleManager: Shutting down and abandoning module ShaderFormatD3D (135)
[2017.06.28-19.47.32:648][343]LogModuleManager: Shutting down and abandoning module MetalShaderFormat (133)
[2017.06.28-19.47.32:648][343]LogModuleManager: Shutting down and abandoning module TextureFormatUncompressed (131)
[2017.06.28-19.47.32:648][343]LogModuleManager: Shutting down and abandoning module TextureFormatPVR (129)
[2017.06.28-19.47.32:648][343]LogModuleManager: Shutting down and abandoning module TextureFormatDXT (127)
[2017.06.28-19.47.32:648][343]LogModuleManager: Shutting down and abandoning module TextureFormatIntelISPCTexComp (125)
[2017.06.28-19.47.32:648][343]LogModuleManager: Shutting down and abandoning module TextureFormatASTC (123)
[2017.06.28-19.47.32:648][343]LogModuleManager: Shutting down and abandoning module ImageWrapper (122)
[2017.06.28-19.47.32:648][343]LogModuleManager: Shutting down and abandoning module TextureFormatAndroid (119)
[2017.06.28-19.47.32:648][343]LogModuleManager: Shutting down and abandoning module AudioFormatOpus (117)
[2017.06.28-19.47.32:648][343]LogModuleManager: Shutting down and abandoning module AudioFormatOgg (115)
[2017.06.28-19.47.32:648][343]LogModuleManager: Shutting down and abandoning module AudioFormatADPCM (113)
[2017.06.28-19.47.32:648][343]LogModuleManager: Shutting down and abandoning module LinuxTargetPlatform (111)
[2017.06.28-19.47.32:648][343]LogModuleManager: Shutting down and abandoning module LinuxServerTargetPlatform (109)
[2017.06.28-19.47.32:648][343]LogModuleManager: Shutting down and abandoning module LinuxNoEditorTargetPlatform (107)
[2017.06.28-19.47.32:648][343]LogModuleManager: Shutting down and abandoning module LinuxClientTargetPlatform (105)
[2017.06.28-19.47.32:648][343]LogModuleManager: Shutting down and abandoning module TVOSTargetPlatform (103)
[2017.06.28-19.47.32:648][343]LogModuleManager: Shutting down and abandoning module Messaging (101)
[2017.06.28-19.47.32:648][343]LogModuleManager: Shutting down and abandoning module IOSTargetPlatform (99)
[2017.06.28-19.47.32:648][343]LogModuleManager: Shutting down and abandoning module HTML5TargetPlatform (97)
[2017.06.28-19.47.32:648][343]LogModuleManager: Shutting down and abandoning module Android_PVRTCTargetPlatform (95)
[2017.06.28-19.47.32:648][343]LogModuleManager: Shutting down and abandoning module Android_MultiTargetPlatform (93)
[2017.06.28-19.47.32:648][343]LogModuleManager: Shutting down and abandoning module Android_ETC2TargetPlatform (91)
[2017.06.28-19.47.32:648][343]LogModuleManager: Shutting down and abandoning module Android_ETC1TargetPlatform (89)
[2017.06.28-19.47.32:648][343]LogModuleManager: Shutting down and abandoning module Android_DXTTargetPlatform (87)
[2017.06.28-19.47.32:648][343]LogModuleManager: Shutting down and abandoning module Android_ATCTargetPlatform (85)
[2017.06.28-19.47.32:649][343]LogModuleManager: Shutting down and abandoning module Android_ASTCTargetPlatform (83)
[2017.06.28-19.47.32:649][343]LogModuleManager: Shutting down and abandoning module AndroidTargetPlatform (81)
[2017.06.28-19.47.32:649][343]LogModuleManager: Shutting down and abandoning module WindowsTargetPlatform (79)
[2017.06.28-19.47.32:649][343]LogModuleManager: Shutting down and abandoning module WindowsServerTargetPlatform (77)
[2017.06.28-19.47.32:649][343]LogModuleManager: Shutting down and abandoning module WindowsNoEditorTargetPlatform (75)
[2017.06.28-19.47.32:649][343]LogModuleManager: Shutting down and abandoning module WindowsClientTargetPlatform (73)
[2017.06.28-19.47.32:649][343]LogModuleManager: Shutting down and abandoning module MacTargetPlatform (71)
[2017.06.28-19.47.32:649][343]LogModuleManager: Shutting down and abandoning module MacServerTargetPlatform (69)
[2017.06.28-19.47.32:649][343]LogModuleManager: Shutting down and abandoning module MacNoEditorTargetPlatform (67)
[2017.06.28-19.47.32:649][343]LogModuleManager: Shutting down and abandoning module MacClientTargetPlatform (65)
[2017.06.28-19.47.32:649][343]LogModuleManager: Shutting down and abandoning module AllDesktopTargetPlatform (63)
[2017.06.28-19.47.32:649][343]LogModuleManager: Shutting down and abandoning module InputCore (60)
[2017.06.28-19.47.32:649][343]LogModuleManager: Shutting down and abandoning module Settings (58)
[2017.06.28-19.47.32:649][343]LogModuleManager: Shutting down and abandoning module OculusRift (56)
[2017.06.28-19.47.32:649][343]LogModuleManager: Shutting down and abandoning module GearVRController (54)
[2017.06.28-19.47.32:649][343]LogModuleManager: Shutting down and abandoning module GearVR (52)
[2017.06.28-19.47.32:649][343]LogModuleManager: Shutting down and abandoning module ExampleDeviceProfileSelector (50)
[2017.06.28-19.47.32:649][343]LogModuleManager: Shutting down and abandoning module OnlineBlueprintSupport (48)
[2017.06.28-19.47.32:649][343]LogModuleManager: Shutting down and abandoning module OnlineSubsystem (44)
[2017.06.28-19.47.32:649][343]LogOnline:Display: Unloading online subsystem: NULL
[2017.06.28-19.47.32:649][343]LogModuleManager: Shutting down and abandoning module XMPP (43)
[2017.06.28-19.47.32:649][343]LogModuleManager: Shutting down and abandoning module HTTP (41)
[2017.06.28-19.47.32:649][343]LogHttp:Display: Http module shutting down, but needs to wait on 1 outstanding Http requests:
[2017.06.28-19.47.32:649][343]LogHttp:Display: 	verb=[POST] url=[https://datarouter.ol.epicgames.com/datarouter/api/v1/public/data?SessionID=%7BF332555E-4163-9869-2386-1B9037F2B251%7D&AppID=UEEditor.Rocket.Release&AppVersion=4.16.1-3466753%2B%2B%2BUE4%2BRelease-4.16&UserID=ccbd696a430c42306ac6d1845b8e8cc2%7Cbccad1b3b1304992b6c7a115ad0c5f38%7C64686fe7-a4cd-47f8-aa0b-7720796a3ca2&AppEnvironment=datacollector-binary&UploadType=eteventstream] status=Processing
[2017.06.28-19.47.32:678][343]LogModuleManager: Shutting down and abandoning module SSL (40)
[2017.06.28-19.47.32:679][343]LogModuleManager: Shutting down and abandoning module HTTPChunkInstaller (36)
[2017.06.28-19.47.32:679][343]LogModuleManager: Shutting down and abandoning module AnimationModifiers (34)
[2017.06.28-19.47.32:679][343]LogModuleManager: Shutting down and abandoning module PropertyEditor (33)
[2017.06.28-19.47.32:679][343]LogModuleManager: Shutting down and abandoning module AudioEditor (30)
[2017.06.28-19.47.32:679][343]LogModuleManager: Shutting down and abandoning module TextureCompressor (28)
[2017.06.28-19.47.32:679][343]LogModuleManager: Shutting down and abandoning module ShaderCore (26)
[2017.06.28-19.47.32:679][343]LogModuleManager: Shutting down and abandoning module Landscape (24)
[2017.06.28-19.47.32:679][343]LogModuleManager: Shutting down and abandoning module SlateRHIRenderer (22)
[2017.06.28-19.47.32:679][343]LogModuleManager: Shutting down and abandoning module OpenGLDrv (20)
[2017.06.28-19.47.32:679][343]LogModuleManager: Shutting down and abandoning module D3D11RHI (18)
[2017.06.28-19.47.32:679][343]LogModuleManager: Shutting down and abandoning module AnimGraphRuntime (16)
[2017.06.28-19.47.32:679][343]LogModuleManager: Shutting down and abandoning module Renderer (14)
[2017.06.28-19.47.32:679][343]LogModuleManager: Shutting down and abandoning module Engine (12)
[2017.06.28-19.47.32:679][343]LogModuleManager: Shutting down and abandoning module CoreUObject (10)
[2017.06.28-19.47.32:679][343]LogModuleManager: Shutting down and abandoning module NetworkFile (8)
[2017.06.28-19.47.32:679][343]LogModuleManager: Shutting down and abandoning module StreamingFile (6)
[2017.06.28-19.47.32:679][343]LogModuleManager: Shutting down and abandoning module SandboxFile (4)
[2017.06.28-19.47.32:679][343]LogModuleManager: Shutting down and abandoning module PakFile (2)
[2017.06.28-19.47.32:681][343]LogExit: Exiting.
[2017.06.28-19.47.32:695][343]Log file closed, 06/28/17 12:47:32
