Log file open, 06/26/17 09:58:50
LogInit:Display: Running engine for game: Supers
LogPlatformFile: Not using cached read wrapper
LogInit:Display: RandInit(1061003779) SRandInit(1061003779).
LogTaskGraph: Started task graph with 5 named threads and 8 total threads with 1 sets of task threads.
LogStats: Stats thread started at 0.106897
LogInit: Using libcurl 7.47.1
LogInit:  - built for x86_64-pc-win32
LogInit:  - supports SSL with OpenSSL/1.0.2g
LogInit:  - supports HTTP deflate (compression) using libz 1.2.8
LogInit:  - other features:
LogInit:      CURL_VERSION_SSL
LogInit:      CURL_VERSION_LIBZ
LogInit:      CURL_VERSION_IPV6
LogInit:      CURL_VERSION_ASYNCHDNS
LogInit:      CURL_VERSION_LARGEFILE
LogInit:      CURL_VERSION_IDN
LogInit:  CurlRequestOptions (configurable via config and command line):
LogInit:  - bVerifyPeer = false  - Libcurl will NOT verify peer certificate
LogInit:  - bUseHttpProxy = false  - Libcurl will NOT use HTTP proxy
LogInit:  - bDontReuseConnections = false  - Libcurl will reuse connections
LogInit:  - CertBundlePath = nullptr  - Libcurl will use whatever was configured at build time.
LogInit: Build: ++UE4+Release-4.16-CL-3466753
LogInit: Engine Version: 4.16.1-3466753+++UE4+Release-4.16
LogInit: Compatible Engine Version: 4.16.0-3452394+++UE4+Release-4.16
LogInit: Net CL: 3452394
LogDevObjectVersion: Number of dev versions registered: 16
LogDevObjectVersion:   Dev-Blueprints (B0D832E4-1F89-4F0D-ACCF-7EB736FD4AA2): 9
LogDevObjectVersion:   Dev-Build (E1C64328-A22C-4D53-A36C-8E866417BD8C): 0
LogDevObjectVersion:   Dev-Core (375EC13C-06E4-48FB-B500-84F0262A717E): 2
LogDevObjectVersion:   Dev-Editor (E4B068ED-F494-42E9-A231-DA0B2E46BB41): 17
LogDevObjectVersion:   Dev-Framework (CFFC743F-43B0-4480-9391-14DF171D2073): 23
LogDevObjectVersion:   Dev-Mobile (B02B49B5-BB20-44E9-A304-32B752E40360): 0
LogDevObjectVersion:   Dev-Networking (A4E4105C-59A1-49B5-A7C5-40C4547EDFEE): 0
LogDevObjectVersion:   Dev-Online (39C831C9-5AE6-47DC-9A44-9C173E1C8E7C): 0
LogDevObjectVersion:   Dev-Physics (78F01B33-EBEA-4F98-B9B4-84EACCB95AA2): 0
LogDevObjectVersion:   Dev-Platform (6631380F-2D4D-43E0-8009-CF276956A95A): 0
LogDevObjectVersion:   Dev-Rendering (12F88B9F-8875-4AFC-A67C-D90C383ABD29): 15
LogDevObjectVersion:   Dev-Sequencer (7B5AE74C-D270-4C10-A958-57980B212A5A): 4
LogDevObjectVersion:   Dev-VR (D7296918-1DD6-4BDD-9DE2-64A83CC13884): 0
LogDevObjectVersion:   Dev-LoadTimes (C2A15278-BFE7-4AFE-6C17-90FF531DF755): 1
LogDevObjectVersion:   Private-Geometry (6EACA3D4-40EC-4CC1-B786-8BED09428FC5): 1
LogDevObjectVersion:   Dev-AnimPhys (29E575DD-E0A3-4627-9D10-D276232CDCEA): 3
LogInit: Compiled (64-bit): May 31 2017 02:03:30
LogInit: Compiled with Visual C++: 19.00.24215.01
LogInit: Build Configuration: Development
LogInit: Branch Name: ++UE4+Release-4.16
LogInit: Command line:  
LogInit: Base directory: C:/Program Files/Epic Games/UE_4.16/Engine/Binaries/Win64/
LogInit: Installed Engine Build: 1
LogInit: Presizing for max 8388607 objects, including 0 objects not considered by GC, pre-allocating 0 bytes for permanent pool.
LogInit: Object subsystem initialized
[2017.06.26-16.58.50:974][  0]LogInit: Selected Device Profile: [Windows]
[2017.06.26-16.58.50:974][  0]LogInit: Applying CVar settings loaded from the selected device profile: [Windows]
[2017.06.26-16.58.50:998][  0]LogInit: Computer: DESKTOP-2T88I18
[2017.06.26-16.58.50:998][  0]LogInit: User: NewXB
[2017.06.26-16.58.50:998][  0]LogInit: CPU Page size=4096, Cores=4
[2017.06.26-16.58.50:998][  0]LogInit: High frequency timer resolution =2.648439 MHz
[2017.06.26-16.58.50:998][  0]LogMemory: Memory total: Physical=31.9GB (32GB approx)
[2017.06.26-16.58.50:998][  0]LogMemory: Platform Memory Stats for Windows
[2017.06.26-16.58.50:998][  0]LogMemory: Process Physical Memory: 273.50 MB used, 273.50 MB peak
[2017.06.26-16.58.50:998][  0]LogMemory: Process Virtual Memory: 260.84 MB used, 260.84 MB peak
[2017.06.26-16.58.50:998][  0]LogMemory: Physical Memory: 9456.26 MB used,  23247.48 MB free, 32703.74 MB total
[2017.06.26-16.58.50:998][  0]LogMemory: Virtual Memory: 638.44 MB used,  23247.48 MB free, 134217728.00 MB total
[2017.06.26-16.58.51:565][  0]LogInit: Using OS detected language (en-US).
[2017.06.26-16.58.51:565][  0]LogInit: Using OS detected locale (en-US).
[2017.06.26-16.58.51:633][  0]LogTextLocalizationManager: No specific localization for 'en-US' exists, so the 'en' localization will be used.
[2017.06.26-16.58.56:110][  0]LogD3D11RHI: D3D11 adapters:
[2017.06.26-16.58.56:657][  0]LogD3D11RHI:    0. 'NVIDIA GeForce GTX 1070' (Feature Level 11_0)
[2017.06.26-16.58.56:657][  0]LogD3D11RHI:       8113/0/16351 MB DedicatedVideo/DedicatedSystem/SharedSystem, Outputs:1, VendorId:0x10de
[2017.06.26-16.58.56:659][  0]LogD3D11RHI:    1. 'Microsoft Basic Render Driver' (Feature Level 11_0)
[2017.06.26-16.58.56:659][  0]LogD3D11RHI:       0/0/16351 MB DedicatedVideo/DedicatedSystem/SharedSystem, Outputs:0, VendorId:0x1414
[2017.06.26-16.58.56:659][  0]LogD3D11RHI: Chosen D3D11 Adapter: 0
[2017.06.26-16.58.56:668][  0]LogD3D11RHI: Creating new Direct3DDevice
[2017.06.26-16.58.56:668][  0]LogD3D11RHI:     GPU DeviceId: 0x1be1 (for the marketing name, search the web for "GPU Device Id")
[2017.06.26-16.58.56:668][  0]LogWindows: EnumDisplayDevices:
[2017.06.26-16.58.56:668][  0]LogWindows:    0. 'NVIDIA GeForce GTX 1070' (P:1 D:1)
[2017.06.26-16.58.56:668][  0]LogWindows:    1. 'NVIDIA GeForce GTX 1070' (P:0 D:0)
[2017.06.26-16.58.56:668][  0]LogWindows:    2. 'NVIDIA GeForce GTX 1070' (P:0 D:0)
[2017.06.26-16.58.56:669][  0]LogWindows:    3. 'NVIDIA GeForce GTX 1070' (P:0 D:0)
[2017.06.26-16.58.56:669][  0]LogWindows: DebugString: FoundDriverCount:4 
[2017.06.26-16.58.56:669][  0]LogD3D11RHI:     Adapter Name: NVIDIA GeForce GTX 1070
[2017.06.26-16.58.56:669][  0]LogD3D11RHI:   Driver Version: 382.33 (internal:22.21.13.8233, unified:382.33)
[2017.06.26-16.58.56:669][  0]LogD3D11RHI:      Driver Date: 5-17-2017
[2017.06.26-16.58.56:669][  0]LogRHI: Texture pool is 1361 MB (70% of 1945 MB)
[2017.06.26-16.58.57:173][  0]LogD3D11RHI: Async texture creation enabled
[2017.06.26-16.58.57:257][  0]LogD3D11RHI: GPU Timing Frequency: 1000.000000 (Debug: 2 1)
[2017.06.26-16.58.57:308][  0]LogShaderCompilers: Guid format shader working directory is -12 characters bigger than the processId version (../../../../../../supers-master/supers-master 4.16/supers/Intermediate/Shaders/WorkingDirectory/18484/).
[2017.06.26-16.58.57:308][  0]LogShaderCompilers: Cleaned the shader compiler working directory 'C:/Users/NewXB/AppData/Local/Temp/UnrealShaderWorkingDir/111902724399160877DE44B77409071E/'.
[2017.06.26-16.58.57:308][  0]LogShaderCompilers:Display: Using Local Shader Compiler.
[2017.06.26-16.59.00:139][  0]LogTemp:Display: Loaded TP AllDesktopTargetPlatform
[2017.06.26-16.59.00:193][  0]LogTemp:Display: Loaded TP MacClientTargetPlatform
[2017.06.26-16.59.00:246][  0]LogTemp:Display: Loaded TP MacNoEditorTargetPlatform
[2017.06.26-16.59.00:298][  0]LogTemp:Display: Loaded TP MacServerTargetPlatform
[2017.06.26-16.59.00:360][  0]LogTemp:Display: Loaded TP MacTargetPlatform
[2017.06.26-16.59.00:414][  0]LogTemp:Display: Loaded TP WindowsClientTargetPlatform
[2017.06.26-16.59.00:469][  0]LogTemp:Display: Loaded TP WindowsNoEditorTargetPlatform
[2017.06.26-16.59.00:522][  0]LogTemp:Display: Loaded TP WindowsServerTargetPlatform
[2017.06.26-16.59.00:569][  0]LogTemp:Display: Loaded TP WindowsTargetPlatform
[2017.06.26-16.59.00:629][  0]LogTemp:Display: Loaded TP AndroidTargetPlatform
[2017.06.26-16.59.00:683][  0]LogTemp:Display: Loaded TP Android_ASTCTargetPlatform
[2017.06.26-16.59.00:739][  0]LogTemp:Display: Loaded TP Android_ATCTargetPlatform
[2017.06.26-16.59.00:797][  0]LogTemp:Display: Loaded TP Android_DXTTargetPlatform
[2017.06.26-16.59.00:847][  0]LogTemp:Display: Loaded TP Android_ETC1TargetPlatform
[2017.06.26-16.59.00:899][  0]LogTemp:Display: Loaded TP Android_ETC2TargetPlatform
[2017.06.26-16.59.01:005][  0]LogTemp:Display: Loaded TP Android_MultiTargetPlatform
[2017.06.26-16.59.01:005][  0]LogTemp:Display: Loaded TP Android_PVRTCTargetPlatform
[2017.06.26-16.59.01:049][  0]LogTemp:Display: Loaded TP HTML5TargetPlatform
[2017.06.26-16.59.01:151][  0]LogTemp:Display: Loaded TP IOSTargetPlatform
[2017.06.26-16.59.01:177][  0]LogTemp:Display: Loaded TP TVOSTargetPlatform
[2017.06.26-16.59.01:228][  0]LogTemp:Display: Loaded TP LinuxClientTargetPlatform
[2017.06.26-16.59.01:277][  0]LogTemp:Display: Loaded TP LinuxNoEditorTargetPlatform
[2017.06.26-16.59.01:329][  0]LogTemp:Display: Loaded TP LinuxServerTargetPlatform
[2017.06.26-16.59.01:380][  0]LogTemp:Display: Loaded TP LinuxTargetPlatform
[2017.06.26-16.59.01:381][  0]LogTargetPlatformManager:Display: Building Assets For Windows
[2017.06.26-16.59.02:066][  0]LogDerivedDataCache:Display: Max Cache Size: 512 MB
[2017.06.26-16.59.02:344][  0]LogDerivedDataCache: Loaded boot cache 0.28s 89MB C:/Users/NewXB/AppData/Local/UnrealEngine/4.16/DerivedDataCache/Boot.ddc.
[2017.06.26-16.59.02:344][  0]LogDerivedDataCache:Display: Loaded Boot cache: C:/Users/NewXB/AppData/Local/UnrealEngine/4.16/DerivedDataCache/Boot.ddc
[2017.06.26-16.59.02:344][  0]LogDerivedDataCache: FDerivedDataBackendGraph:  Pak pak cache file ../../../../../../supers-master/supers-master 4.16/supers/DerivedDataCache/DDC.ddp not found, will not use a pak cache.
[2017.06.26-16.59.02:344][  0]LogDerivedDataCache: Unable to find inner node Pak for hierarchical cache Hierarchy.
[2017.06.26-16.59.02:344][  0]LogDerivedDataCache: FDerivedDataBackendGraph:  CompressedPak pak cache file ../../../../../../supers-master/supers-master 4.16/supers/DerivedDataCache/Compressed.ddp not found, will not use a pak cache.
[2017.06.26-16.59.02:344][  0]LogDerivedDataCache: Unable to find inner node CompressedPak for hierarchical cache Hierarchy.
[2017.06.26-16.59.02:367][  0]LogDerivedDataCache:Display: Pak cache opened for reading ../../../Engine/DerivedDataCache/Compressed.ddp.
[2017.06.26-16.59.02:381][  0]LogDerivedDataCache: Using Local data cache path C:/Users/NewXB/AppData/Local/UnrealEngine/Common/DerivedDataCache: Writable
[2017.06.26-16.59.02:395][  0]LogMaterial: Verifying Global Shaders for PCD3D_SM5
[2017.06.26-16.59.02:399][  0]LogSlate: Using Freetype 2.6.0
[2017.06.26-16.59.02:423][  0]LogSlate: SlateFontCache - WITH_FREETYPE: 1, WITH_HARFBUZZ: 1
[2017.06.26-16.59.02:423][  0]LogSlate: SlateFontCache - WITH_FREETYPE: 1, WITH_HARFBUZZ: 1
[2017.06.26-16.59.04:558][  0]LogInit: Selected Device Profile: [Windows]
[2017.06.26-16.59.04:757][  0]LogContentStreaming: Texture pool size is 0.00 MB
[2017.06.26-16.59.04:944][  0]LogMeshUtilities: Using QuadricMeshReduction for automatic static mesh reduction
[2017.06.26-16.59.05:032][  0]LogSimplygon: Simplygon DLL not present - disabling.
[2017.06.26-16.59.05:085][  0]LogMeshUtilities: Using SimplygonSwarm for distributed automatic mesh merging
[2017.06.26-16.59.05:085][  0]LogMeshUtilities: No automatic skeletal mesh reduction module available
[2017.06.26-16.59.05:085][  0]LogMeshUtilities: No automatic mesh merging module available
[2017.06.26-16.59.06:604][  0]LogNetVersion: Supers , NetCL: 3452394, EngineNetVer: 2, GameNetVer: 0 (Checksum: 3304520363)
[2017.06.26-16.59.06:705][  0]LogAssetRegistry: FAssetRegistry took 0.0271 seconds to start up
[2017.06.26-16.59.06:805][  0]LogPackageLocalizationCache: Processed 4 localized package path(s) for 2 prioritized culture(s) in 0.075909 seconds
[2017.06.26-16.59.06:810][  0]LogUObjectArray: 34194 objects as part of root set at end of initial load.
[2017.06.26-16.59.06:810][  0]LogUObjectAllocator: 7260416 out of 0 bytes used by permanent object pool.
[2017.06.26-16.59.06:810][  0]LogUObjectArray: CloseDisregardForGC: 0/0 objects in disregard for GC pool
[2017.06.26-16.59.06:872][  0]LogInit: WinSock: version 1.1 (2.2), MaxSocks=32767, MaxUdp=65467
[2017.06.26-16.59.16:923][  0]LogTcpMessaging: Initializing TcpMessaging bridge
[2017.06.26-16.59.16:964][  0]LogUdpMessaging: Initializing bridge on interface 0.0.0.0:0 to multicast group 230.0.0.1:6666.
[2017.06.26-16.59.17:814][  0]LogMaterial: Uniform references updated for custom material expression Custom.
[2017.06.26-16.59.18:415][  0]SourceControl: Info Source control is disabled
[2017.06.26-16.59.18:546][  0]SourceControl: Info Source control is disabled
[2017.06.26-16.59.18:606][  0]SourceControl: Info Source control is disabled
[2017.06.26-16.59.18:665][  0]SourceControl: Info Source control is disabled
[2017.06.26-16.59.19:589][  0]LogAndroidPermission: UAndroidPermissionCallbackProxy::GetInstance
[2017.06.26-16.59.20:349][  0]LogEngine: Initializing Engine...
[2017.06.26-16.59.20:438][  0]LogHMD: Failed to initialize OpenVR with code 126
[2017.06.26-16.59.20:820][  0]LogStats: UGameplayTagsManager::ConstructGameplayTagTree: Construct from data asset -  0.000 s
[2017.06.26-16.59.20:821][  0]LogStats: UGameplayTagsManager::ConstructGameplayTagTree: GameplayTagTreeChangedEvent.Broadcast -  0.000 s
[2017.06.26-16.59.20:988][  0]LogAIModule: Creating AISystem for world Untitled
[2017.06.26-16.59.21:033][  0]LogInit: XAudio2 using 'Speakers (Realtek High Definition Audio)' : 6 channels at 48 kHz using 32 bits per sample (channel mask 0x3f)
[2017.06.26-16.59.21:176][  0]LogInit: FAudioDevice initialized.
[2017.06.26-16.59.21:217][  0]LogDerivedDataCache: Saved boot cache 0.04s 89MB C:/Users/NewXB/AppData/Local/UnrealEngine/4.16/DerivedDataCache/Boot.ddc.
[2017.06.26-16.59.21:226][  0]LogInit: Texture streaming: Enabled
[2017.06.26-16.59.21:323][  0]LogEngineSessionManager: EngineSessionManager initialized
[2017.06.26-16.59.21:647][  0]LogInit: Transaction tracking system initialized
[2017.06.26-16.59.22:081][  0]BlueprintLog: New page: Editor Load
[2017.06.26-16.59.23:182][  0]LocalizationService: Info Localization service is disabled
[2017.06.26-16.59.24:012][  0]LogConsoleResponse:Display: 
[2017.06.26-16.59.24:516][  0]LogCook:Display: Max memory allowance for cook 16384mb min free memory 0mb
[2017.06.26-16.59.24:517][  0]LogCook:Display: Mobile HDR setting 1
[2017.06.26-16.59.25:760][  0]LogFileCache: Scanning file cache for directory 'C:/supers-master/supers-master 4.16/supers/Content/' took 0.02s
[2017.06.26-16.59.25:829][  0]SourceControl: Info Source control is disabled
[2017.06.26-16.59.25:830][  0]Cmd: MAP LOAD FILE="../../../../../../supers-master/supers-master 4.16/supers/Content/TwinStickBP/Maps/TwinStickExampleMap.umap" TEMPLATE=0 SHOWPROGRESS=1 FEATURELEVEL=3
[2017.06.26-16.59.25:832][  0]LightingResults: New page: Lighting Build
[2017.06.26-16.59.25:881][  0]MapCheck: New page: Map Check
[2017.06.26-16.59.25:882][  0]LightingResults: New page: Lighting Build
[2017.06.26-16.59.26:412][  0]LogBlueprint:Warning: Node '/Game/StarterContent/Blueprints/Blueprint_Effect_Sparks.Blueprint_Effect_Sparks:EdGraph_0.K2Node_FunctionEntry_37' missing NodeGuid because of upgrade from old package version, this can cause deterministic cooking issues please resave package.
[2017.06.26-16.59.26:413][  0]LogBlueprint:Warning: Node '/Game/StarterContent/Blueprints/Blueprint_Effect_Sparks.Blueprint_Effect_Sparks:EdGraph_1.K2Node_FunctionEntry_37' missing NodeGuid because of upgrade from old package version, this can cause deterministic cooking issues please resave package.
[2017.06.26-16.59.27:106][  0]LogBlueprint:Warning: Node '/Game/StarterContent/Blueprints/Blueprint_Effect_Sparks.Blueprint_Effect_Sparks:EdGraph_2.K2Node_FunctionEntry_37' missing NodeGuid because of upgrade from old package version, this can cause deterministic cooking issues please resave package.
[2017.06.26-16.59.27:628][  0]LogBlueprint:Warning: Node '/Game/StarterContent/Audio/Fire_Sparks01_Cue.Fire_Sparks01_Cue:SoundCueGraph_7.SoundCueGraphNode_6' missing NodeGuid because of upgrade from old package version, this can cause deterministic cooking issues please resave package.
[2017.06.26-16.59.27:628][  0]LogBlueprint:Warning: Node '/Game/StarterContent/Audio/Fire_Sparks01_Cue.Fire_Sparks01_Cue:SoundCueGraph_7.SoundCueGraphNode_Root_7' missing NodeGuid because of upgrade from old package version, this can cause deterministic cooking issues please resave package.
[2017.06.26-16.59.27:629][  0]LogBlueprint:Warning: Node '/Game/StarterContent/Blueprints/Blueprint_Effect_Sparks.Blueprint_Effect_Sparks:UserConstructionScript.K2Node_FunctionEntry_37' missing NodeGuid because of upgrade from old package version, this can cause deterministic cooking issues please resave package.
[2017.06.26-16.59.28:025][  0]LogAIModule: Creating AISystem for world TwinStickExampleMap
[2017.06.26-16.59.28:077][  0]LogEditorServer: Finished looking for orphan Actors (0.000 secs)
[2017.06.26-16.59.28:113][  0]Cmd: MAP CHECKDEP NOCLEARLOG
[2017.06.26-16.59.28:232][  0]MapCheck:Warning: Warning player1_1352 player1_C /Game/TwinStickBP/Maps/TwinStickExampleMap.TwinStickExampleMap:PersistentLevel.player1_1352 : Externally referenced 
[2017.06.26-16.59.28:232][  0]MapCheck:Warning: Warning player2_2572 player2_C /Game/TwinStickBP/Maps/TwinStickExampleMap.TwinStickExampleMap:PersistentLevel.player2_2572 : Externally referenced 
[2017.06.26-16.59.28:232][  0]MapCheck:Warning: Warning player3_1752 player3_C /Game/TwinStickBP/Maps/TwinStickExampleMap.TwinStickExampleMap:PersistentLevel.player3_1752 : Externally referenced 
[2017.06.26-16.59.28:232][  0]MapCheck:Warning: Warning player4_2142 player4_C /Game/TwinStickBP/Maps/TwinStickExampleMap.TwinStickExampleMap:PersistentLevel.player4_2142 : Externally referenced 
[2017.06.26-16.59.28:232][  0]MapCheck:Warning: Warning player5_6470 player5_C /Game/TwinStickBP/Maps/TwinStickExampleMap.TwinStickExampleMap:PersistentLevel.player5_6470 : Externally referenced 
[2017.06.26-16.59.28:232][  0]MapCheck:Warning: Warning player6_1522 player6_C /Game/TwinStickBP/Maps/TwinStickExampleMap.TwinStickExampleMap:PersistentLevel.player6_1522 : Externally referenced 
[2017.06.26-16.59.28:232][  0]MapCheck:Warning: Warning ShipMeshComponent StaticMeshComponent /Game/TwinStickBP/Maps/TwinStickExampleMap.TwinStickExampleMap:PersistentLevel.player1_1352.ShipMeshComponent : Externally referenced 
[2017.06.26-16.59.28:233][  0]MapCheck:Warning: Warning EnergyShield StaticMeshComponent /Game/TwinStickBP/Maps/TwinStickExampleMap.TwinStickExampleMap:PersistentLevel.player1_1352.EnergyShield : Externally referenced 
[2017.06.26-16.59.28:233][  0]MapCheck:Warning: Warning Shield StaticMeshComponent /Game/TwinStickBP/Maps/TwinStickExampleMap.TwinStickExampleMap:PersistentLevel.player1_1352.Shield : Externally referenced 
[2017.06.26-16.59.28:233][  0]MapCheck:Warning: Warning ShipMeshComponent StaticMeshComponent /Game/TwinStickBP/Maps/TwinStickExampleMap.TwinStickExampleMap:PersistentLevel.player2_2572.ShipMeshComponent : Externally referenced 
[2017.06.26-16.59.28:233][  0]MapCheck:Warning: Warning EnergyShield StaticMeshComponent /Game/TwinStickBP/Maps/TwinStickExampleMap.TwinStickExampleMap:PersistentLevel.player2_2572.EnergyShield : Externally referenced 
[2017.06.26-16.59.28:233][  0]MapCheck:Warning: Warning Shield StaticMeshComponent /Game/TwinStickBP/Maps/TwinStickExampleMap.TwinStickExampleMap:PersistentLevel.player2_2572.Shield : Externally referenced 
[2017.06.26-16.59.28:233][  0]MapCheck:Warning: Warning ShipMeshComponent StaticMeshComponent /Game/TwinStickBP/Maps/TwinStickExampleMap.TwinStickExampleMap:PersistentLevel.player3_1752.ShipMeshComponent : Externally referenced 
[2017.06.26-16.59.28:233][  0]MapCheck:Warning: Warning EnergyShield StaticMeshComponent /Game/TwinStickBP/Maps/TwinStickExampleMap.TwinStickExampleMap:PersistentLevel.player3_1752.EnergyShield : Externally referenced 
[2017.06.26-16.59.28:233][  0]MapCheck:Warning: Warning Shield StaticMeshComponent /Game/TwinStickBP/Maps/TwinStickExampleMap.TwinStickExampleMap:PersistentLevel.player3_1752.Shield : Externally referenced 
[2017.06.26-16.59.28:233][  0]MapCheck:Warning: Warning ShipMeshComponent StaticMeshComponent /Game/TwinStickBP/Maps/TwinStickExampleMap.TwinStickExampleMap:PersistentLevel.player4_2142.ShipMeshComponent : Externally referenced 
[2017.06.26-16.59.28:233][  0]MapCheck:Warning: Warning EnergyShield StaticMeshComponent /Game/TwinStickBP/Maps/TwinStickExampleMap.TwinStickExampleMap:PersistentLevel.player4_2142.EnergyShield : Externally referenced 
[2017.06.26-16.59.28:233][  0]MapCheck:Warning: Warning Shield StaticMeshComponent /Game/TwinStickBP/Maps/TwinStickExampleMap.TwinStickExampleMap:PersistentLevel.player4_2142.Shield : Externally referenced 
[2017.06.26-16.59.28:233][  0]MapCheck:Warning: Warning ShipMeshComponent StaticMeshComponent /Game/TwinStickBP/Maps/TwinStickExampleMap.TwinStickExampleMap:PersistentLevel.player5_6470.ShipMeshComponent : Externally referenced 
[2017.06.26-16.59.28:233][  0]MapCheck:Warning: Warning EnergyShield StaticMeshComponent /Game/TwinStickBP/Maps/TwinStickExampleMap.TwinStickExampleMap:PersistentLevel.player5_6470.EnergyShield : Externally referenced 
[2017.06.26-16.59.28:233][  0]MapCheck:Warning: Warning Shield StaticMeshComponent /Game/TwinStickBP/Maps/TwinStickExampleMap.TwinStickExampleMap:PersistentLevel.player5_6470.Shield : Externally referenced 
[2017.06.26-16.59.28:233][  0]MapCheck:Warning: Warning ShipMeshComponent StaticMeshComponent /Game/TwinStickBP/Maps/TwinStickExampleMap.TwinStickExampleMap:PersistentLevel.player6_1522.ShipMeshComponent : Externally referenced 
[2017.06.26-16.59.28:233][  0]MapCheck:Warning: Warning EnergyShield StaticMeshComponent /Game/TwinStickBP/Maps/TwinStickExampleMap.TwinStickExampleMap:PersistentLevel.player6_1522.EnergyShield : Externally referenced 
[2017.06.26-16.59.28:233][  0]MapCheck:Warning: Warning Shield StaticMeshComponent /Game/TwinStickBP/Maps/TwinStickExampleMap.TwinStickExampleMap:PersistentLevel.player6_1522.Shield : Externally referenced 
[2017.06.26-16.59.28:233][  0]MapCheck:Warning: Warning StaticMeshComponent0 StaticMeshComponent /Game/TwinStickBP/Maps/TwinStickExampleMap.TwinStickExampleMap:PersistentLevel.Floor_18.StaticMeshComponent0 : Externally referenced 
[2017.06.26-16.59.28:233][  0]MapCheck:Warning: Warning StaticMeshComponent0 StaticMeshComponent /Game/TwinStickBP/Maps/TwinStickExampleMap.TwinStickExampleMap:PersistentLevel.Obstacle2_3.StaticMeshComponent0 : Externally referenced 
[2017.06.26-16.59.28:233][  0]MapCheck:Warning: Warning StaticMeshComponent0 StaticMeshComponent /Game/TwinStickBP/Maps/TwinStickExampleMap.TwinStickExampleMap:PersistentLevel.Wall1_17.StaticMeshComponent0 : Externally referenced 
[2017.06.26-16.59.28:233][  0]MapCheck:Warning: Warning StaticMeshComponent0 StaticMeshComponent /Game/TwinStickBP/Maps/TwinStickExampleMap.TwinStickExampleMap:PersistentLevel.Wall5.StaticMeshComponent0 : Externally referenced 
[2017.06.26-16.59.28:233][  0]MapCheck:Warning: Warning StaticMeshComponent0 StaticMeshComponent /Game/TwinStickBP/Maps/TwinStickExampleMap.TwinStickExampleMap:PersistentLevel.Wall6.StaticMeshComponent0 : Externally referenced 
[2017.06.26-16.59.28:233][  0]MapCheck:Warning: Warning StaticMeshComponent0 StaticMeshComponent /Game/TwinStickBP/Maps/TwinStickExampleMap.TwinStickExampleMap:PersistentLevel.Wall7.StaticMeshComponent0 : Externally referenced 
[2017.06.26-16.59.28:233][  0]MapCheck:Warning: Warning K2Node_CallFunction_2339 K2Node_CallFunction /Game/TwinStickBP/Maps/TwinStickExampleMap.TwinStickExampleMap:PersistentLevel.TwinStickExampleMap.EventGraph.K2Node_CallFunction_2339 : Externally referenced 
[2017.06.26-16.59.28:233][  0]MapCheck: Info Map check complete: 0 Error(s), 31 Warning(s), took 119.676ms to complete.
[2017.06.26-16.59.28:245][  0]LogFileHelpers: Loading map 'TwinStickExampleMap' took 2.416
[2017.06.26-16.59.28:465][  0]LogCollectionManager: Loaded 0 collections in 0.001942 seconds
[2017.06.26-16.59.28:563][  0]LogFileCache: Scanning file cache for directory 'C:/supers-master/supers-master 4.16/supers/Saved/Collections/' took 0.01s
[2017.06.26-16.59.28:563][  0]LogFileCache: Scanning file cache for directory 'C:/supers-master/supers-master 4.16/supers/Content/Developers/NewXB/Collections/' took 0.01s
[2017.06.26-16.59.28:563][  0]LogFileCache: Scanning file cache for directory 'C:/supers-master/supers-master 4.16/supers/Content/Collections/' took 0.01s
[2017.06.26-16.59.28:563][  0]LogCollectionManager: Rebuilt the GUID cache for 0 collections in 0.000002 seconds
[2017.06.26-16.59.28:572][  0]LogContentBrowser: Native class hierarchy populated in 0.0086 seconds. Added 2329 classes and 491 folders.
[2017.06.26-16.59.28:646][  0]LogContentBrowser: Native class hierarchy updated for 'WidgetCarousel' in 0.0005 seconds. Added 0 classes and 0 folders.
[2017.06.26-16.59.29:100][  0]LogContentBrowser: Native class hierarchy updated for 'AddContentDialog' in 0.0006 seconds. Added 0 classes and 0 folders.
[2017.06.26-16.59.29:147][  0]LogContentBrowser: Native class hierarchy updated for 'SceneOutliner' in 0.0005 seconds. Added 1 classes and 2 folders.
[2017.06.26-16.59.29:230][  0]LogCrashTracker: Crashtracker disabled due to settings.
[2017.06.26-16.59.29:258][  0]LogSlate: Took 0.006263 seconds to synchronously load lazily loaded font '../../../Engine/Content/Slate/Fonts/Roboto-Regular.ttf' (155K)
[2017.06.26-16.59.29:266][  0]LogSlate: Took 0.006166 seconds to synchronously load lazily loaded font '../../../Engine/Content/Slate/Fonts/Roboto-Bold.ttf' (160K)
[2017.06.26-16.59.29:281][  0]LogSlate: Took 0.006345 seconds to synchronously load lazily loaded font '../../../Engine/Content/Editor/Slate/Fonts/FontAwesome.ttf' (139K)
[2017.06.26-16.59.29:481][  0]LogRenderer: Reallocating scene render targets to support 1208x576 NumSamples 1 (Frame:1).
[2017.06.26-16.59.29:561][  0]LogSlate: Took 0.007177 seconds to synchronously load lazily loaded font '../../../Engine/Content/Slate/Fonts/Roboto-Light.ttf' (159K)
[2017.06.26-16.59.29:699][  0]LogUObjectGlobals:Warning: Failed to find object 'Class None.'
[2017.06.26-16.59.29:778][  0]LogContentBrowser: Native class hierarchy updated for 'HierarchicalLODOutliner' in 0.0006 seconds. Added 1 classes and 2 folders.
[2017.06.26-16.59.29:779][  0]LogLoad: (Engine Initialization) Total time: 41.89 seconds
[2017.06.26-16.59.29:779][  0]LogLoad: (Engine Initialization) Total Blueprint compile time: 0.62 seconds
[2017.06.26-16.59.29:779][  0]LogExternalProfiler: Found external profiler: VSPerf
[2017.06.26-16.59.29:779][  0]LogExternalProfiler: Using external profiler: VSPerf
[2017.06.26-16.59.29:800][  0]LogOcInput: OculusInput pre-init called
[2017.06.26-16.59.29:801][  0]LogHMD: Starting GearVRController plugin
[2017.06.26-16.59.29:833][  0]LogContentStreaming: Texture pool size now 1000 MB
[2017.06.26-16.59.29:919][  1]LogAssetRegistry: Asset discovery search completed in 23.2359 seconds
[2017.06.26-16.59.29:923][  1]LogCollectionManager: Rebuilt the object cache for 0 collections in 0.000001 seconds (found 0 objects)
[2017.06.26-16.59.29:923][  1]LogCollectionManager: Fixed up redirectors for 0 collections in 0.000045 seconds (updated 0 objects)
[2017.06.26-16.59.57:180][630]LogSlate: Took 0.000184 seconds to synchronously load lazily loaded font '../../../Engine/Content/Slate/Fonts/Roboto-Light.ttf' (159K)
[2017.06.26-16.59.57:621][630]LogContentBrowser: Native class hierarchy updated for 'BlueprintGraph' in 0.0016 seconds. Added 112 classes and 0 folders.
[2017.06.26-16.59.58:227][630]LogSlate: Took 0.000202 seconds to synchronously load lazily loaded font '../../../Engine/Content/Slate/Fonts/Roboto-Regular.ttf' (155K)
[2017.06.26-16.59.58:397][630]LogSlate: Took 0.005235 seconds to synchronously load lazily loaded font '../../../Engine/Content/Editor/Slate/Fonts/Roboto-BoldCondensed.ttf' (158K)
[2017.06.26-17.00.00:024][697]LogSlate: Took 0.007736 seconds to synchronously load lazily loaded font '../../../Engine/Content/Editor/Slate/Fonts/Roboto-Italic.ttf' (157K)
[2017.06.26-17.00.53:849][816]LogBlueprint:Warning: [Compiler ] Warning Pasted node  CustomEvent   conflicted with  OnComponentBeginOverlap (Capsule)  and was replaced as a Custom Event!
[2017.06.26-17.00.53:849][816]LogBlueprint:Warning: [Compiler ] Warning Pasted node  CustomEvent_1   conflicted with  On Component End Overlap (Capsule)  and was replaced as a Custom Event!
[2017.06.26-17.00.53:900][816]BlueprintEditorCompileResults:Warning: Warning Pasted node  CustomEvent   conflicted with  OnComponentBeginOverlap (Capsule)  and was replaced as a Custom Event!
[2017.06.26-17.00.53:900][816]BlueprintEditorCompileResults:Warning: Warning Pasted node  CustomEvent_1   conflicted with  On Component End Overlap (Capsule)  and was replaced as a Custom Event!
[2017.06.26-17.00.53:908][816]LogSlate: Took 0.000224 seconds to synchronously load lazily loaded font '../../../Engine/Content/Slate/Fonts/Roboto-Light.ttf' (159K)
[2017.06.26-17.04.13:704][646]BlueprintEditorCompileResults:Warning: Warning Pasted node  CustomEvent   conflicted with  OnComponentBeginOverlap (Capsule)  and was replaced as a Custom Event!
[2017.06.26-17.04.13:704][646]BlueprintEditorCompileResults:Warning: Warning Pasted node  CustomEvent_1   conflicted with  On Component End Overlap (Capsule)  and was replaced as a Custom Event!
[2017.06.26-17.04.56:072][172]BlueprintEditorCompileResults:Warning: Warning Pasted node  CustomEvent   conflicted with  OnComponentBeginOverlap (Capsule)  and was replaced as a Custom Event!
[2017.06.26-17.04.56:072][172]BlueprintEditorCompileResults:Warning: Warning Pasted node  CustomEvent_1   conflicted with  On Component End Overlap (Capsule)  and was replaced as a Custom Event!
[2017.06.26-17.06.57:156][416]BlueprintEditorCompileResults:Warning: Warning Pasted node  CustomEvent   conflicted with  OnComponentBeginOverlap (Capsule)  and was replaced as a Custom Event!
[2017.06.26-17.06.57:156][416]BlueprintEditorCompileResults:Warning: Warning Pasted node  CustomEvent_1   conflicted with  On Component End Overlap (Capsule)  and was replaced as a Custom Event!
[2017.06.26-17.07.56:929][977]BlueprintLog: New page: Compile player2
[2017.06.26-17.08.20:000][303]BlueprintLog: New page: Compile player2
[2017.06.26-17.08.22:000][371]Cmd: OBJ SAVEPACKAGE PACKAGE="/Game/TwinStickBP/Blueprints/player2" FILE="../../../../../../supers-master/supers-master 4.16/supers/Content/TwinStickBP/Blueprints/player2.uasset" SILENT=true
[2017.06.26-17.08.22:329][371]LogSavePackage: Save=285.88ms
[2017.06.26-17.08.22:329][371]LogSavePackage: Moving '../../../../../../supers-master/supers-master 4.16/supers/Saved/player212E029764B7DC8543D8E998802F467BA.tmp' to '../../../../../../supers-master/supers-master 4.16/supers/Content/TwinStickBP/Blueprints/player2.uasset'
[2017.06.26-17.08.22:333][371]LogSavePackage:Display: Finished SavePackage ../../../../../../supers-master/supers-master 4.16/supers/Content/TwinStickBP/Blueprints/player2.uasset
[2017.06.26-17.09.30:425][427]LogSavePackage: Save=402.46ms
[2017.06.26-17.09.30:425][427]LogSavePackage: Moving '../../../../../../supers-master/supers-master 4.16/supers/Saved/TwinStickExampleMap_Auto174D947F345BD5060585D80B07354EACE.tmp' to '../../../../../../supers-master/supers-master 4.16/supers/Saved/Autosaves/Game/TwinStickBP/Maps/TwinStickExampleMap_Auto1.umap'
[2017.06.26-17.09.30:427][427]LogSavePackage:Display: Finished SavePackage ../../../../../../supers-master/supers-master 4.16/supers/Saved/Autosaves/Game/TwinStickBP/Maps/TwinStickExampleMap_Auto1.umap
[2017.06.26-17.09.30:429][427]LogFileHelpers: Editor autosave (incl. sublevels) for '/Game/TwinStickBP/Maps/TwinStickExampleMap' took 0.458
[2017.06.26-17.09.30:430][427]LogFileHelpers: Editor autosave (incl. sublevels) for all levels took 0.458
[2017.06.26-17.12.43:300][954]LogUObjectArray:Warning: Other object in slot
[2017.06.26-17.12.43:459][954]LogStats: FPlatformStackWalk::StackWalkAndDump -  0.158 s
[2017.06.26-17.12.43:459][954]LogOutputDevice:Error: === Handled ensure: ===
[2017.06.26-17.12.43:459][954]LogOutputDevice:Error: 
[2017.06.26-17.12.43:459][954]LogOutputDevice:Error: Ensure condition failed: false [File:D:\Build\++UE4+Release-4.16+Compile\Sync\Engine\Source\Editor\UnrealEd\Private\Kismet2\KismetDebugUtilities.cpp] [Line: 1037]
[2017.06.26-17.12.43:459][954]LogOutputDevice:Error: Error: Invalid (but non-null) property associated with pin; cannot get variable value
[2017.06.26-17.12.43:459][954]LogOutputDevice:Error: Stack: 
[2017.06.26-17.12.43:459][954]LogOutputDevice:Error: UE4Editor-Core.dll!0x00000000ACB1E1C6
[2017.06.26-17.12.43:459][954]LogOutputDevice:Error: UE4Editor-Core.dll!0x00000000AC8CB7D2
[2017.06.26-17.12.43:459][954]LogOutputDevice:Error: UE4Editor-Core.dll!0x00000000AC8E1D96
[2017.06.26-17.12.43:459][954]LogOutputDevice:Error: UE4Editor-UnrealEd.dll!0x00000000A66572D6
[2017.06.26-17.12.43:459][954]LogOutputDevice:Error: UE4Editor-BlueprintGraph.dll!0x00000000A404D27B
[2017.06.26-17.12.43:459][954]LogOutputDevice:Error: UE4Editor-GraphEditor.dll!0x00000000A36F24EA
[2017.06.26-17.12.43:459][954]LogOutputDevice:Error: UE4Editor-GraphEditor.dll!0x00000000A35972CC
[2017.06.26-17.12.43:459][954]LogOutputDevice:Error: UE4Editor-GraphEditor.dll!0x00000000A359A6D9
[2017.06.26-17.12.43:459][954]LogOutputDevice:Error: UE4Editor-GraphEditor.dll!0x00000000A36B80A5
[2017.06.26-17.12.43:459][954]LogOutputDevice:Error: UE4Editor-Slate.dll!0x00000000A59EDB57
[2017.06.26-17.12.43:459][954]LogOutputDevice:Error: UE4Editor-Slate.dll!0x00000000A59F4B61
[2017.06.26-17.12.43:459][954]LogOutputDevice:Error: UE4Editor-Slate.dll!0x00000000A5C148D3
[2017.06.26-17.12.43:459][954]LogOutputDevice:Error: UE4Editor-Slate.dll!0x00000000A5A4F604
[2017.06.26-17.12.43:459][954]LogOutputDevice:Error: UE4Editor-Slate.dll!0x00000000A5A277FC
[2017.06.26-17.12.43:459][954]LogOutputDevice:Error: UE4Editor-Slate.dll!0x00000000A5A1814C
[2017.06.26-17.12.43:459][954]LogOutputDevice:Error: UE4Editor-Core.dll!0x00000000ACB114C0
[2017.06.26-17.12.43:459][954]LogOutputDevice:Error: UE4Editor-Core.dll!0x00000000ACAFB6E1
[2017.06.26-17.12.43:459][954]LogOutputDevice:Error: UE4Editor-Core.dll!0x00000000ACB132EB
[2017.06.26-17.12.43:459][954]LogOutputDevice:Error: UE4Editor-Core.dll!0x00000000ACAF7A32
[2017.06.26-17.12.43:459][954]LogOutputDevice:Error: USER32.dll!0x000000000AF5BC50
[2017.06.26-17.12.43:459][954]LogOutputDevice:Error: USER32.dll!0x000000000AF5B5CF
[2017.06.26-17.12.43:459][954]LogOutputDevice:Error: UE4Editor-Core.dll!0x00000000ACB13BF6
[2017.06.26-17.12.43:459][954]LogOutputDevice:Error: UE4Editor.exe!0x0000000072D2DB44
[2017.06.26-17.12.43:459][954]LogOutputDevice:Error: UE4Editor.exe!0x0000000072D1F0B0
[2017.06.26-17.12.43:459][954]LogOutputDevice:Error: UE4Editor.exe!0x0000000072D1F12A
[2017.06.26-17.12.43:459][954]LogOutputDevice:Error: UE4Editor.exe!0x0000000072D30CF9
[2017.06.26-17.12.43:459][954]LogOutputDevice:Error: UE4Editor.exe!0x0000000072D325F7
[2017.06.26-17.12.43:459][954]LogOutputDevice:Error: KERNEL32.DLL!0x000000000A942774
[2017.06.26-17.12.43:459][954]LogOutputDevice:Error: ntdll.dll!0x000000000BB00D61
[2017.06.26-17.12.43:459][954]LogOutputDevice:Error: 
[2017.06.26-17.12.43:467][954]LogStats:                SubmitErrorReport -  0.000 s
[2017.06.26-17.12.45:038][954]LogStats:                    SendNewReport -  1.571 s
[2017.06.26-17.12.45:038][954]LogStats:             FDebug::EnsureFailed -  1.737 s
[2017.06.26-17.12.45:040][954]LogUObjectArray:Warning: Other object in slot
[2017.06.26-17.19.18:364][268]BlueprintLog: New page: Compile player3
[2017.06.26-17.19.20:070][324]Cmd: OBJ SAVEPACKAGE PACKAGE="/Game/TwinStickBP/Blueprints/player3" FILE="../../../../../../supers-master/supers-master 4.16/supers/Content/TwinStickBP/Blueprints/player3.uasset" SILENT=true
[2017.06.26-17.19.20:368][324]LogSavePackage: Save=270.91ms
[2017.06.26-17.19.20:368][324]LogSavePackage: Moving '../../../../../../supers-master/supers-master 4.16/supers/Saved/player33C4C3A3E4F8D02D0717EA6BF0C3A4BE0.tmp' to '../../../../../../supers-master/supers-master 4.16/supers/Content/TwinStickBP/Blueprints/player3.uasset'
[2017.06.26-17.19.20:373][324]LogSavePackage:Display: Finished SavePackage ../../../../../../supers-master/supers-master 4.16/supers/Content/TwinStickBP/Blueprints/player3.uasset
[2017.06.26-17.19.49:274][ 25]LogSavePackage: Save=395.09ms
[2017.06.26-17.19.49:274][ 25]LogSavePackage: Moving '../../../../../../supers-master/supers-master 4.16/supers/Saved/TwinStickExampleMap_Auto244C32D01494AE61EF2A8D3B0D04892EC.tmp' to '../../../../../../supers-master/supers-master 4.16/supers/Saved/Autosaves/Game/TwinStickBP/Maps/TwinStickExampleMap_Auto2.umap'
[2017.06.26-17.19.49:276][ 25]LogSavePackage:Display: Finished SavePackage ../../../../../../supers-master/supers-master 4.16/supers/Saved/Autosaves/Game/TwinStickBP/Maps/TwinStickExampleMap_Auto2.umap
[2017.06.26-17.19.49:279][ 25]LogFileHelpers: Editor autosave (incl. sublevels) for '/Game/TwinStickBP/Maps/TwinStickExampleMap' took 0.445
[2017.06.26-17.19.49:279][ 25]LogFileHelpers: Editor autosave (incl. sublevels) for all levels took 0.445
[2017.06.26-17.20.22:847][ 29]Cmd: OBJ SAVEPACKAGE PACKAGE="/Game/TwinStickBP/Blueprints/player3" FILE="../../../../../../supers-master/supers-master 4.16/supers/Content/TwinStickBP/Blueprints/player3.uasset" SILENT=true
[2017.06.26-17.20.23:134][ 29]LogSavePackage: Save=263.63ms
[2017.06.26-17.20.23:134][ 29]LogSavePackage: Moving '../../../../../../supers-master/supers-master 4.16/supers/Saved/player30CC3C01D4E77556428E2BBA29BC4FF96.tmp' to '../../../../../../supers-master/supers-master 4.16/supers/Content/TwinStickBP/Blueprints/player3.uasset'
[2017.06.26-17.20.23:138][ 29]LogSavePackage:Display: Finished SavePackage ../../../../../../supers-master/supers-master 4.16/supers/Content/TwinStickBP/Blueprints/player3.uasset
[2017.06.26-17.28.22:849][900]BlueprintLog: New page: Compile player4
[2017.06.26-17.28.24:877][971]Cmd: OBJ SAVEPACKAGE PACKAGE="/Game/TwinStickBP/Blueprints/player4" FILE="../../../../../../supers-master/supers-master 4.16/supers/Content/TwinStickBP/Blueprints/player4.uasset" SILENT=true
[2017.06.26-17.28.25:176][971]LogSavePackage: Save=270.80ms
[2017.06.26-17.28.25:176][971]LogSavePackage: Moving '../../../../../../supers-master/supers-master 4.16/supers/Saved/player4816ACD99476845CA8F1566A4B149BB39.tmp' to '../../../../../../supers-master/supers-master 4.16/supers/Content/TwinStickBP/Blueprints/player4.uasset'
[2017.06.26-17.28.25:180][971]LogSavePackage:Display: Finished SavePackage ../../../../../../supers-master/supers-master 4.16/supers/Content/TwinStickBP/Blueprints/player4.uasset
[2017.06.26-17.29.50:008][  1]LogSavePackage: Save=404.63ms
[2017.06.26-17.29.50:008][  1]LogSavePackage: Moving '../../../../../../supers-master/supers-master 4.16/supers/Saved/TwinStickExampleMap_Auto366108B1D45B7EFA27980349386F6F838.tmp' to '../../../../../../supers-master/supers-master 4.16/supers/Saved/Autosaves/Game/TwinStickBP/Maps/TwinStickExampleMap_Auto3.umap'
[2017.06.26-17.29.50:010][  1]LogSavePackage:Display: Finished SavePackage ../../../../../../supers-master/supers-master 4.16/supers/Saved/Autosaves/Game/TwinStickBP/Maps/TwinStickExampleMap_Auto3.umap
[2017.06.26-17.29.50:011][  1]LogFileHelpers: Editor autosave (incl. sublevels) for '/Game/TwinStickBP/Maps/TwinStickExampleMap' took 0.461
[2017.06.26-17.29.50:012][  1]LogFileHelpers: Editor autosave (incl. sublevels) for all levels took 0.461
[2017.06.26-17.29.50:017][  1]OBJ SavePackage: Generating thumbnails for [1] asset(s) in package [/Game/TwinStickBP/Blueprints/player4] ([1] browsable assets)...
[2017.06.26-17.29.50:027][  1]OBJ SavePackage:     Rendered thumbnail for [Blueprint /Game/TwinStickBP/Blueprints/player4.player4]
[2017.06.26-17.29.50:027][  1]OBJ SavePackage: Finished generating thumbnails for package [/Game/TwinStickBP/Blueprints/player4]
[2017.06.26-17.29.50:323][  1]LogSavePackage: Save=272.92ms
[2017.06.26-17.29.50:323][  1]LogSavePackage: Moving '../../../../../../supers-master/supers-master 4.16/supers/Saved/player4_Auto3C35495444F917489CBA241AE4768062C.tmp' to '../../../../../../supers-master/supers-master 4.16/supers/Saved/Autosaves/Game/TwinStickBP/Blueprints/player4_Auto3.uasset'
[2017.06.26-17.29.50:326][  1]LogSavePackage:Display: Finished SavePackage ../../../../../../supers-master/supers-master 4.16/supers/Saved/Autosaves/Game/TwinStickBP/Blueprints/player4_Auto3.uasset
[2017.06.26-17.29.50:326][  1]LogFileHelpers: Auto-saving content packages took 0.312
[2017.06.26-17.36.02:713][279]BlueprintLog: New page: Compile player4
[2017.06.26-17.36.05:165][365]Cmd: OBJ SAVEPACKAGE PACKAGE="/Game/TwinStickBP/Blueprints/player4" FILE="../../../../../../supers-master/supers-master 4.16/supers/Content/TwinStickBP/Blueprints/player4.uasset" SILENT=true
[2017.06.26-17.36.05:465][365]LogSavePackage: Save=274.82ms
[2017.06.26-17.36.05:465][365]LogSavePackage: Moving '../../../../../../supers-master/supers-master 4.16/supers/Saved/player4E98B63AB438DB8D0F96EE286FAC033F1.tmp' to '../../../../../../supers-master/supers-master 4.16/supers/Content/TwinStickBP/Blueprints/player4.uasset'
[2017.06.26-17.36.05:469][365]LogSavePackage:Display: Finished SavePackage ../../../../../../supers-master/supers-master 4.16/supers/Content/TwinStickBP/Blueprints/player4.uasset
[2017.06.26-17.36.45:439][693]BlueprintLog: New page: Compile player4
[2017.06.26-17.36.47:294][744]Cmd: OBJ SAVEPACKAGE PACKAGE="/Game/TwinStickBP/Blueprints/player4" FILE="../../../../../../supers-master/supers-master 4.16/supers/Content/TwinStickBP/Blueprints/player4.uasset" SILENT=true
[2017.06.26-17.36.47:592][744]LogSavePackage: Save=273.36ms
[2017.06.26-17.36.47:592][744]LogSavePackage: Moving '../../../../../../supers-master/supers-master 4.16/supers/Saved/player40AC0E27C48DF1B088C66B48FC507896B.tmp' to '../../../../../../supers-master/supers-master 4.16/supers/Content/TwinStickBP/Blueprints/player4.uasset'
[2017.06.26-17.36.47:595][744]LogSavePackage:Display: Finished SavePackage ../../../../../../supers-master/supers-master 4.16/supers/Content/TwinStickBP/Blueprints/player4.uasset
[2017.06.26-17.37.03:546][425]LogSavePackage: Save=392.56ms
[2017.06.26-17.37.03:546][425]LogSavePackage: Moving '../../../../../../supers-master/supers-master 4.16/supers/Saved/TwinStickExampleMap4246B6574914B76BDBBFAC894E0E9EC1.tmp' to '../../../../../../supers-master/supers-master 4.16/supers/Content/TwinStickBP/Maps/TwinStickExampleMap.umap'
[2017.06.26-17.37.03:550][425]LogSavePackage:Display: Finished SavePackage ../../../../../../supers-master/supers-master 4.16/supers/Content/TwinStickBP/Maps/TwinStickExampleMap.umap
[2017.06.26-17.37.03:578][425]LogFileHelpers: Saving map 'TwinStickExampleMap' took 2.217
[2017.06.26-17.37.03:661][425]LogWindowsTextInputMethodSystem:Display: IME system now deactivated.
[2017.06.26-17.37.03:856][426]Cmd: QUIT_EDITOR
[2017.06.26-17.37.03:903][426]LogExit: Preparing to exit.
[2017.06.26-17.37.04:515][426]LogDirectoryWatcher: A directory notification for 'C:/supers-master/supers-master 4.16/supers/Content/' was aborted.
[2017.06.26-17.37.04:563][426]LogExit: Editor shut down
[2017.06.26-17.37.04:567][426]LogExit: Transaction tracking system shut down
[2017.06.26-17.37.04:699][426]LogObj: Freed 0b from 0 cluster array pools.
[2017.06.26-17.37.04:699][426]LogExit: Object subsystem successfully closed.
[2017.06.26-17.37.04:723][426]LogD3D11RHI: Shutdown
[2017.06.26-17.37.04:723][426]LogD3D11RHI: CleanupD3DDevice
[2017.06.26-17.37.04:838][426]LogD3D11RHI: ~FD3D11DynamicRHI
[2017.06.26-17.37.04:873][426]LogModuleManager: Shutting down and abandoning module BlueprintGraph (528)
[2017.06.26-17.37.04:873][426]LogModuleManager: Shutting down and abandoning module BlueprintProfiler (526)
[2017.06.26-17.37.04:874][426]LogModuleManager: Shutting down and abandoning module HierarchicalLODOutliner (524)
[2017.06.26-17.37.04:874][426]LogModuleManager: Shutting down and abandoning module CrashTracker (522)
[2017.06.26-17.37.04:874][426]LogModuleManager: Shutting down and abandoning module SceneOutliner (520)
[2017.06.26-17.37.04:874][426]LogModuleManager: Shutting down and abandoning module AddContentDialog (518)
[2017.06.26-17.37.04:874][426]LogDirectoryWatcher: A directory notification for 'C:/Program Files/Epic Games/UE_4.16/FeaturePacks/' was aborted.
[2017.06.26-17.37.04:875][426]LogModuleManager: Shutting down and abandoning module WidgetCarousel (517)
[2017.06.26-17.37.04:875][426]LogModuleManager: Shutting down and abandoning module EditorWidgets (514)
[2017.06.26-17.37.04:875][426]LogModuleManager: Shutting down and abandoning module CollectionManager (512)
[2017.06.26-17.37.04:875][426]LogDirectoryWatcher: A directory notification for 'C:/supers-master/supers-master 4.16/supers/Content/Collections/' was aborted.
[2017.06.26-17.37.04:875][426]LogDirectoryWatcher: A directory notification for 'C:/supers-master/supers-master 4.16/supers/Content/Developers/NewXB/Collections/' was aborted.
[2017.06.26-17.37.04:875][426]LogDirectoryWatcher: A directory notification for 'C:/supers-master/supers-master 4.16/supers/Saved/Collections/' was aborted.
[2017.06.26-17.37.04:875][426]LogModuleManager: Shutting down and abandoning module StatsViewer (510)
[2017.06.26-17.37.04:875][426]LogModuleManager: Shutting down and abandoning module FoliageEdit (508)
[2017.06.26-17.37.04:875][426]LogModuleManager: Shutting down and abandoning module LandscapeEditor (506)
[2017.06.26-17.37.04:876][426]LogModuleManager: Shutting down and abandoning module MeshPaintMode (504)
[2017.06.26-17.37.04:876][426]LogModuleManager: Shutting down and abandoning module SceneDepthPickerMode (502)
[2017.06.26-17.37.04:876][426]LogModuleManager: Shutting down and abandoning module ActorPickerMode (500)
[2017.06.26-17.37.04:876][426]LogModuleManager: Shutting down and abandoning module GeometryMode (498)
[2017.06.26-17.37.04:876][426]LogModuleManager: Shutting down and abandoning module TextureAlignMode (496)
[2017.06.26-17.37.04:876][426]LogModuleManager: Shutting down and abandoning module BspMode (494)
[2017.06.26-17.37.04:876][426]LogModuleManager: Shutting down and abandoning module HardwareSurvey (492)
[2017.06.26-17.37.04:876][426]LogModuleManager: Shutting down and abandoning module SequenceRecorderSections (490)
[2017.06.26-17.37.04:876][426]LogModuleManager: Shutting down and abandoning module AutomationWorker (488)
[2017.06.26-17.37.04:876][426]LogModuleManager: Shutting down and abandoning module MatineeToLevelSequence (486)
[2017.06.26-17.37.04:876][426]LogModuleManager: Shutting down and abandoning module LevelSequenceEditor (484)
[2017.06.26-17.37.04:878][426]LogModuleManager: Shutting down and abandoning module PlacementMode (483)
[2017.06.26-17.37.04:878][426]LogModuleManager: Shutting down and abandoning module WmfMediaFactory (480)
[2017.06.26-17.37.04:878][426]LogModuleManager: Shutting down and abandoning module WmfMediaEditor (478)
[2017.06.26-17.37.04:878][426]LogModuleManager: Shutting down and abandoning module AvfMediaFactory (476)
[2017.06.26-17.37.04:878][426]LogModuleManager: Shutting down and abandoning module AvfMediaEditor (474)
[2017.06.26-17.37.04:878][426]LogModuleManager: Shutting down and abandoning module AndroidMediaFactory (472)
[2017.06.26-17.37.04:878][426]LogModuleManager: Shutting down and abandoning module Media (471)
[2017.06.26-17.37.04:878][426]LogModuleManager: Shutting down and abandoning module AndroidMediaEditor (468)
[2017.06.26-17.37.04:878][426]LogModuleManager: Shutting down and abandoning module CharacterAI (466)
[2017.06.26-17.37.04:878][426]LogModuleManager: Shutting down and abandoning module AudioCapture (464)
[2017.06.26-17.37.04:878][426]LogModuleManager: Shutting down and abandoning module SequenceRecorder (463)
[2017.06.26-17.37.04:879][426]LogModuleManager: Shutting down and abandoning module SmartSnapping (460)
[2017.06.26-17.37.04:879][426]LogModuleManager: Shutting down and abandoning module SessionServices (458)
[2017.06.26-17.37.04:879][426]LogModuleManager: Shutting down and abandoning module ViewportSnapping (456)
[2017.06.26-17.37.04:879][426]LogModuleManager: Shutting down and abandoning module ViewportInteraction (454)
[2017.06.26-17.37.04:879][426]LogModuleManager: Shutting down and abandoning module ClothPainter (452)
[2017.06.26-17.37.04:880][426]LogModuleManager: Shutting down and abandoning module LogVisualizer (450)
[2017.06.26-17.37.04:881][426]LogModuleManager: Shutting down and abandoning module IntroTutorials (448)
[2017.06.26-17.37.04:881][426]LogModuleManager: Shutting down and abandoning module GameProjectGeneration (447)
[2017.06.26-17.37.04:882][426]LogModuleManager: Shutting down and abandoning module EditorLiveStreaming (444)
[2017.06.26-17.37.04:882][426]LogModuleManager: Shutting down and abandoning module IOSPlatformEditor (442)
[2017.06.26-17.37.04:882][426]LogModuleManager: Shutting down and abandoning module HTML5PlatformEditor (440)
[2017.06.26-17.37.04:882][426]LogModuleManager: Shutting down and abandoning module AndroidPlatformEditor (438)
[2017.06.26-17.37.04:882][426]LogModuleManager: Shutting down and abandoning module AndroidDeviceDetection (437)
[2017.06.26-17.37.05:400][426]LogModuleManager: Shutting down and abandoning module IOSRuntimeSettings (434)
[2017.06.26-17.37.05:400][426]LogModuleManager: Shutting down and abandoning module AndroidRuntimeSettings (432)
[2017.06.26-17.37.05:400][426]LogModuleManager: Shutting down and abandoning module InputBindingEditor (430)
[2017.06.26-17.37.05:401][426]LogModuleManager: Shutting down and abandoning module MergeActors (428)
[2017.06.26-17.37.05:401][426]LogModuleManager: Shutting down and abandoning module SizeMap (426)
[2017.06.26-17.37.05:401][426]LogModuleManager: Shutting down and abandoning module TreeMap (424)
[2017.06.26-17.37.05:402][426]LogModuleManager: Shutting down and abandoning module ReferenceViewer (422)
[2017.06.26-17.37.05:402][426]LogModuleManager: Shutting down and abandoning module LocalizationDashboard (420)
[2017.06.26-17.37.05:402][426]LogModuleManager: Shutting down and abandoning module LocalizationService (419)
[2017.06.26-17.37.05:402][426]LogModuleManager: Shutting down and abandoning module HardwareTargeting (416)
[2017.06.26-17.37.05:402][426]LogModuleManager: Shutting down and abandoning module DeviceProfileEditor (414)
[2017.06.26-17.37.05:403][426]LogModuleManager: Shutting down and abandoning module UndoHistory (412)
[2017.06.26-17.37.05:403][426]LogModuleManager: Shutting down and abandoning module UserFeedback (410)
[2017.06.26-17.37.05:403][426]LogModuleManager: Shutting down and abandoning module XmlParser (408)
[2017.06.26-17.37.05:403][426]LogModuleManager: Shutting down and abandoning module Blutility (406)
[2017.06.26-17.37.05:403][426]LogModuleManager: Shutting down and abandoning module ProjectSettingsViewer (404)
[2017.06.26-17.37.05:403][426]LogModuleManager: Shutting down and abandoning module ProjectTargetPlatformEditor (403)
[2017.06.26-17.37.05:403][426]LogModuleManager: Shutting down and abandoning module EditorSettingsViewer (400)
[2017.06.26-17.37.05:403][426]LogModuleManager: Shutting down and abandoning module SettingsEditor (398)
[2017.06.26-17.37.05:403][426]LogModuleManager: Shutting down and abandoning module ProjectLauncher (396)
[2017.06.26-17.37.05:403][426]LogModuleManager: Shutting down and abandoning module SessionFrontend (394)
[2017.06.26-17.37.05:403][426]LogModuleManager: Shutting down and abandoning module ProfilerClient (392)
[2017.06.26-17.37.05:403][426]LogModuleManager: Shutting down and abandoning module DeviceManager (390)
[2017.06.26-17.37.05:404][426]LogModuleManager: Shutting down and abandoning module TargetDeviceServices (389)
[2017.06.26-17.37.05:457][426]LogModuleManager: Shutting down and abandoning module AutomationController (386)
[2017.06.26-17.37.05:458][426]LogModuleManager: Shutting down and abandoning module AutomationWindow (384)
[2017.06.26-17.37.05:459][426]LogModuleManager: Shutting down and abandoning module Layers (382)
[2017.06.26-17.37.05:460][426]LogModuleManager: Shutting down and abandoning module ComponentVisualizers (380)
[2017.06.26-17.37.05:460][426]LogModuleManager: Shutting down and abandoning module DetailCustomizations (378)
[2017.06.26-17.37.05:461][426]LogModuleManager: Shutting down and abandoning module PackagesDialog (376)
[2017.06.26-17.37.05:461][426]LogModuleManager: Shutting down and abandoning module Persona (374)
[2017.06.26-17.37.05:462][426]LogModuleManager: Shutting down and abandoning module AdvancedPreviewScene (373)
[2017.06.26-17.37.05:462][426]LogModuleManager: Shutting down and abandoning module AnimGraph (371)
[2017.06.26-17.37.05:462][426]LogModuleManager: Shutting down and abandoning module Kismet (368)
[2017.06.26-17.37.05:469][426]LogModuleManager: Shutting down and abandoning module ClassViewer (366)
[2017.06.26-17.37.05:469][426]LogModuleManager: Shutting down and abandoning module Toolbox (364)
[2017.06.26-17.37.05:469][426]LogModuleManager: Shutting down and abandoning module ModuleUI (362)
[2017.06.26-17.37.05:469][426]LogModuleManager: Shutting down and abandoning module MovieSceneTools (360)
[2017.06.26-17.37.05:470][426]LogModuleManager: Shutting down and abandoning module OutputLog (358)
[2017.06.26-17.37.05:470][426]LogModuleManager: Shutting down and abandoning module GammaUI (356)
[2017.06.26-17.37.05:470][426]LogModuleManager: Shutting down and abandoning module Documentation (354)
[2017.06.26-17.37.05:470][426]LogModuleManager: Shutting down and abandoning module MovieSceneTracks (352)
[2017.06.26-17.37.05:470][426]LogModuleManager: Shutting down and abandoning module MovieScene (350)
[2017.06.26-17.37.05:471][426]LogModuleManager: Shutting down and abandoning module Niagara (348)
[2017.06.26-17.37.05:471][426]LogModuleManager: Shutting down and abandoning module NiagaraEditor (347)
[2017.06.26-17.37.05:471][426]LogModuleManager: Shutting down and abandoning module StreamingPauseRendering (344)
[2017.06.26-17.37.05:471][426]LogModuleManager: Shutting down and abandoning module AnalyticsET (342)
[2017.06.26-17.37.05:471][426]LogModuleManager: Shutting down and abandoning module PortalServices (340)
[2017.06.26-17.37.05:471][426]LogModuleManager: Shutting down and abandoning module PortalRpc (338)
[2017.06.26-17.37.05:471][426]LogModuleManager: Shutting down and abandoning module MessagingRpc (336)
[2017.06.26-17.37.05:471][426]LogModuleManager: Shutting down and abandoning module AIModule (334)
[2017.06.26-17.37.05:471][426]LogModuleManager: Shutting down and abandoning module GameplayDebugger (333)
[2017.06.26-17.37.05:471][426]LogModuleManager: Shutting down and abandoning module AITestSuite (331)
[2017.06.26-17.37.05:471][426]LogModuleManager: Shutting down and abandoning module ProfilerService (328)
[2017.06.26-17.37.05:587][426]LogModuleManager: Shutting down and abandoning module TaskGraph (326)
[2017.06.26-17.37.05:587][426]LogModuleManager: Shutting down and abandoning module SteamVRController (324)
[2017.06.26-17.37.05:587][426]LogModuleManager: Shutting down and abandoning module SteamVR (322)
[2017.06.26-17.37.05:587][426]LogModuleManager: Shutting down and abandoning module ProceduralMeshComponentEditor (320)
[2017.06.26-17.37.05:588][426]LogModuleManager: Shutting down and abandoning module ProceduralMeshComponent (318)
[2017.06.26-17.37.05:588][426]LogModuleManager: Shutting down and abandoning module OculusLibrary (316)
[2017.06.26-17.37.05:588][426]LogModuleManager: Shutting down and abandoning module OculusInput (314)
[2017.06.26-17.37.05:588][426]LogModuleManager: Shutting down and abandoning module MobilePatchingUtils (312)
[2017.06.26-17.37.05:588][426]LogModuleManager: Shutting down and abandoning module CustomMeshComponent (310)
[2017.06.26-17.37.05:588][426]LogModuleManager: Shutting down and abandoning module CableComponent (308)
[2017.06.26-17.37.05:589][426]LogModuleManager: Shutting down and abandoning module ArchVisCharacter (306)
[2017.06.26-17.37.05:589][426]LogModuleManager: Shutting down and abandoning module AndroidPermission (304)
[2017.06.26-17.37.05:589][426]LogModuleManager: Shutting down and abandoning module MediaPlayerEditor (300)
[2017.06.26-17.37.05:590][426]LogModuleManager: Shutting down and abandoning module HTML5Networking (298)
[2017.06.26-17.37.05:590][426]LogModuleManager: Shutting down and abandoning module AlembicImporter (296)
[2017.06.26-17.37.05:591][426]LogModuleManager: Shutting down and abandoning module AlembicLibrary (295)
[2017.06.26-17.37.05:591][426]LogModuleManager: Shutting down and abandoning module GeometryCache (294)
[2017.06.26-17.37.05:591][426]LogModuleManager: Shutting down and abandoning module GeometryCacheEd (293)
[2017.06.26-17.37.05:591][426]LogModuleManager: Shutting down and abandoning module SuperSearchEditor (288)
[2017.06.26-17.37.05:591][426]LogModuleManager: Shutting down and abandoning module SuperSearch (287)
[2017.06.26-17.37.05:591][426]LogModuleManager: Shutting down and abandoning module SpeedTreeImporter (284)
[2017.06.26-17.37.05:591][426]LogModuleManager: Shutting down and abandoning module PluginBrowser (282)
[2017.06.26-17.37.05:592][426]LogModuleManager: Shutting down and abandoning module MobileLauncherProfileWizard (280)
[2017.06.26-17.37.05:592][426]LogModuleManager: Shutting down and abandoning module VisualStudioSourceCodeAccess (278)
[2017.06.26-17.37.05:592][426]LogModuleManager: Shutting down and abandoning module DesktopPlatform (277)
[2017.06.26-17.37.05:593][426]LogModuleManager: Shutting down and abandoning module UObjectPlugin (274)
[2017.06.26-17.37.05:593][426]LogModuleManager: Shutting down and abandoning module SubversionSourceControl (272)
[2017.06.26-17.37.05:593][426]LogModuleManager: Shutting down and abandoning module PerforceSourceControl (270)
[2017.06.26-17.37.05:593][426]LogModuleManager: Shutting down and abandoning module GitSourceControl (268)
[2017.06.26-17.37.05:594][426]LogModuleManager: Shutting down and abandoning module SourceControl (267)
[2017.06.26-17.37.05:594][426]LogModuleManager: Shutting down and abandoning module LightPropagationVolumeEditor (264)
[2017.06.26-17.37.05:594][426]LogModuleManager: Shutting down and abandoning module PaperTiledImporter (262)
[2017.06.26-17.37.05:594][426]LogModuleManager: Shutting down and abandoning module PaperSpriteSheetImporter (260)
[2017.06.26-17.37.05:594][426]LogModuleManager: Shutting down and abandoning module Paper2DEditor (258)
[2017.06.26-17.37.05:594][426]LogModuleManager: Shutting down and abandoning module MeshPaint (257)
[2017.06.26-17.37.05:594][426]LogModuleManager: Shutting down and abandoning module LevelEditor (255)
[2017.06.26-17.37.05:595][426]LogModuleManager: Shutting down and abandoning module PixelInspectorModule (254)
[2017.06.26-17.37.05:595][426]LogModuleManager: Shutting down and abandoning module MainFrame (252)
[2017.06.26-17.37.05:596][426]LogModuleManager: Shutting down and abandoning module HotReload (251)
[2017.06.26-17.37.05:597][426]LogModuleManager: Shutting down and abandoning module PhysXVehiclesEditor (246)
[2017.06.26-17.37.05:597][426]LogModuleManager: Shutting down and abandoning module PhysXVehicles (244)
[2017.06.26-17.37.05:597][426]LogModuleManager: Shutting down and abandoning module LocationServicesBPLibrary (242)
[2017.06.26-17.37.05:597][426]LogModuleManager: Shutting down and abandoning module ImmediatePhysicsEditor (240)
[2017.06.26-17.37.05:597][426]LogModuleManager: Shutting down and abandoning module ImmediatePhysics (238)
[2017.06.26-17.37.05:597][426]LogModuleManager: Shutting down and abandoning module UdpMessaging (236)
[2017.06.26-17.37.05:699][426]LogModuleManager: Shutting down and abandoning module TcpMessaging (234)
[2017.06.26-17.37.05:800][426]LogModuleManager: Shutting down and abandoning module GameplayTagsEditor (232)
[2017.06.26-17.37.05:801][426]LogModuleManager: Shutting down and abandoning module FacialAnimationEditor (230)
[2017.06.26-17.37.05:801][426]LogModuleManager: Shutting down and abandoning module FacialAnimation (228)
[2017.06.26-17.37.05:801][426]LogModuleManager: Shutting down and abandoning module AssetManagerEditor (226)
[2017.06.26-17.37.05:802][426]LogModuleManager: Shutting down and abandoning module GraphEditor (225)
[2017.06.26-17.37.05:802][426]LogModuleManager: Shutting down and abandoning module ContentBrowser (223)
[2017.06.26-17.37.05:803][426]LogModuleManager: Shutting down and abandoning module LightPropagationVolumeRuntime (220)
[2017.06.26-17.37.05:803][426]LogModuleManager: Shutting down and abandoning module Paper2D (218)
[2017.06.26-17.37.05:803][426]LogModuleManager: Shutting down and abandoning module WindowsMoviePlayer (216)
[2017.06.26-17.37.05:803][426]LogModuleManager: Shutting down and abandoning module WmfMedia (214)
[2017.06.26-17.37.05:803][426]LogModuleManager: Shutting down and abandoning module ClothingSystemEditor (212)
[2017.06.26-17.37.05:804][426]LogModuleManager: Shutting down and abandoning module ClothingSystemRuntime (210)
[2017.06.26-17.37.05:804][426]LogModuleManager: Shutting down and abandoning module MediaAssets (208)
[2017.06.26-17.37.05:804][426]LogModuleManager: Shutting down and abandoning module GameLiveStreaming (206)
[2017.06.26-17.37.05:804][426]LogModuleManager: Shutting down and abandoning module VREditor (204)
[2017.06.26-17.37.05:805][426]LogModuleManager: Shutting down and abandoning module StringTableEditor (202)
[2017.06.26-17.37.05:805][426]LogModuleManager: Shutting down and abandoning module GameplayTasksEditor (200)
[2017.06.26-17.37.05:805][426]LogModuleManager: Shutting down and abandoning module BehaviorTreeEditor (198)
[2017.06.26-17.37.05:806][426]LogModuleManager: Shutting down and abandoning module FunctionalTesting (196)
[2017.06.26-17.37.05:806][426]LogModuleManager: Shutting down and abandoning module CollisionAnalyzer (194)
[2017.06.26-17.37.05:807][426]LogModuleManager: Shutting down and abandoning module UMG (192)
[2017.06.26-17.37.05:807][426]LogModuleManager: Shutting down and abandoning module UMGEditor (191)
[2017.06.26-17.37.05:807][426]LogModuleManager: Shutting down and abandoning module Sequencer (190)
[2017.06.26-17.37.05:808][426]LogModuleManager: Shutting down and abandoning module AssetTools (188)
[2017.06.26-17.37.05:808][426]LogModuleManager: Shutting down and abandoning module MessageLog (187)
[2017.06.26-17.37.05:808][426]LogModuleManager: Shutting down and abandoning module WorkspaceMenuStructure (186)
[2017.06.26-17.37.05:808][426]LogModuleManager: Shutting down and abandoning module SlateReflector (180)
[2017.06.26-17.37.05:810][426]LogModuleManager: Shutting down and abandoning module Slate (178)
[2017.06.26-17.37.05:810][426]LogModuleManager: Shutting down and abandoning module EditorStyle (176)
[2017.06.26-17.37.05:812][426]LogModuleManager: Shutting down and abandoning module SourceCodeAccess (174)
[2017.06.26-17.37.05:812][426]LogModuleManager: Shutting down and abandoning module HeadMountedDisplay (172)
[2017.06.26-17.37.05:812][426]LogModuleManager: Shutting down and abandoning module XAudio2 (170)
[2017.06.26-17.37.05:812][426]LogModuleManager: Shutting down and abandoning module Networking (168)
[2017.06.26-17.37.05:812][426]LogModuleManager: Shutting down and abandoning module Core (164)
[2017.06.26-17.37.05:812][426]LogModuleManager: Shutting down and abandoning module AssetRegistry (162)
[2017.06.26-17.37.05:985][426]LogDirectoryWatcher: A directory notification for '../../../Engine/Content/' was aborted.
[2017.06.26-17.37.05:985][426]LogDirectoryWatcher: A directory notification for '../../../../../../supers-master/supers-master 4.16/supers/Content/' was aborted.
[2017.06.26-17.37.05:985][426]LogDirectoryWatcher: A directory notification for '../../../Engine/Plugins/2D/Paper2D/Content/' was aborted.
[2017.06.26-17.37.05:985][426]LogDirectoryWatcher: A directory notification for '../../../Engine/Plugins/Runtime/GearVR/Content/' was aborted.
[2017.06.26-17.37.05:987][426]LogModuleManager: Shutting down and abandoning module DirectoryWatcher (161)
[2017.06.26-17.37.05:988][426]LogModuleManager: Shutting down and abandoning module KismetCompiler (158)
[2017.06.26-17.37.05:988][426]LogModuleManager: Shutting down and abandoning module LevelSequence (156)
[2017.06.26-17.37.05:988][426]LogModuleManager: Shutting down and abandoning module PhysXFormats (154)
[2017.06.26-17.37.05:988][426]LogModuleManager: Shutting down and abandoning module MeshUtilities (152)
[2017.06.26-17.37.05:988][426]LogModuleManager: Shutting down and abandoning module SimplygonSwarm (151)
[2017.06.26-17.37.05:988][426]LogModuleManager: Shutting down and abandoning module SimplygonMeshReduction (149)
[2017.06.26-17.37.05:988][426]LogModuleManager: Shutting down and abandoning module QuadricMeshReduction (147)
[2017.06.26-17.37.05:988][426]LogModuleManager: Shutting down and abandoning module DerivedDataCache (144)
[2017.06.26-17.37.06:083][426]LogDerivedDataCache: Shutdown
[2017.06.26-17.37.06:083][426]LogModuleManager: Shutting down and abandoning module TargetPlatform (142)
[2017.06.26-17.37.06:083][426]LogModuleManager: Shutting down and abandoning module VulkanShaderFormat (141)
[2017.06.26-17.37.06:083][426]LogModuleManager: Shutting down and abandoning module ShaderFormatVectorVM (139)
[2017.06.26-17.37.06:084][426]LogModuleManager: Shutting down and abandoning module ShaderFormatOpenGL (137)
[2017.06.26-17.37.06:084][426]LogModuleManager: Shutting down and abandoning module ShaderFormatD3D (135)
[2017.06.26-17.37.06:084][426]LogModuleManager: Shutting down and abandoning module MetalShaderFormat (133)
[2017.06.26-17.37.06:084][426]LogModuleManager: Shutting down and abandoning module TextureFormatUncompressed (131)
[2017.06.26-17.37.06:085][426]LogModuleManager: Shutting down and abandoning module TextureFormatPVR (129)
[2017.06.26-17.37.06:085][426]LogModuleManager: Shutting down and abandoning module TextureFormatDXT (127)
[2017.06.26-17.37.06:085][426]LogModuleManager: Shutting down and abandoning module TextureFormatIntelISPCTexComp (125)
[2017.06.26-17.37.06:085][426]LogModuleManager: Shutting down and abandoning module TextureFormatASTC (123)
[2017.06.26-17.37.06:085][426]LogModuleManager: Shutting down and abandoning module ImageWrapper (122)
[2017.06.26-17.37.06:085][426]LogModuleManager: Shutting down and abandoning module TextureFormatAndroid (119)
[2017.06.26-17.37.06:085][426]LogModuleManager: Shutting down and abandoning module AudioFormatOpus (117)
[2017.06.26-17.37.06:085][426]LogModuleManager: Shutting down and abandoning module AudioFormatOgg (115)
[2017.06.26-17.37.06:085][426]LogModuleManager: Shutting down and abandoning module AudioFormatADPCM (113)
[2017.06.26-17.37.06:085][426]LogModuleManager: Shutting down and abandoning module LinuxTargetPlatform (111)
[2017.06.26-17.37.06:085][426]LogModuleManager: Shutting down and abandoning module LinuxServerTargetPlatform (109)
[2017.06.26-17.37.06:085][426]LogModuleManager: Shutting down and abandoning module LinuxNoEditorTargetPlatform (107)
[2017.06.26-17.37.06:085][426]LogModuleManager: Shutting down and abandoning module LinuxClientTargetPlatform (105)
[2017.06.26-17.37.06:085][426]LogModuleManager: Shutting down and abandoning module TVOSTargetPlatform (103)
[2017.06.26-17.37.06:085][426]LogModuleManager: Shutting down and abandoning module Messaging (101)
[2017.06.26-17.37.06:085][426]LogModuleManager: Shutting down and abandoning module IOSTargetPlatform (99)
[2017.06.26-17.37.06:085][426]LogModuleManager: Shutting down and abandoning module HTML5TargetPlatform (97)
[2017.06.26-17.37.06:085][426]LogModuleManager: Shutting down and abandoning module Android_PVRTCTargetPlatform (95)
[2017.06.26-17.37.06:085][426]LogModuleManager: Shutting down and abandoning module Android_MultiTargetPlatform (93)
[2017.06.26-17.37.06:085][426]LogModuleManager: Shutting down and abandoning module Android_ETC2TargetPlatform (91)
[2017.06.26-17.37.06:085][426]LogModuleManager: Shutting down and abandoning module Android_ETC1TargetPlatform (89)
[2017.06.26-17.37.06:085][426]LogModuleManager: Shutting down and abandoning module Android_DXTTargetPlatform (87)
[2017.06.26-17.37.06:085][426]LogModuleManager: Shutting down and abandoning module Android_ATCTargetPlatform (85)
[2017.06.26-17.37.06:085][426]LogModuleManager: Shutting down and abandoning module Android_ASTCTargetPlatform (83)
[2017.06.26-17.37.06:085][426]LogModuleManager: Shutting down and abandoning module AndroidTargetPlatform (81)
[2017.06.26-17.37.06:085][426]LogModuleManager: Shutting down and abandoning module WindowsTargetPlatform (79)
[2017.06.26-17.37.06:085][426]LogModuleManager: Shutting down and abandoning module WindowsServerTargetPlatform (77)
[2017.06.26-17.37.06:085][426]LogModuleManager: Shutting down and abandoning module WindowsNoEditorTargetPlatform (75)
[2017.06.26-17.37.06:085][426]LogModuleManager: Shutting down and abandoning module WindowsClientTargetPlatform (73)
[2017.06.26-17.37.06:085][426]LogModuleManager: Shutting down and abandoning module MacTargetPlatform (71)
[2017.06.26-17.37.06:085][426]LogModuleManager: Shutting down and abandoning module MacServerTargetPlatform (69)
[2017.06.26-17.37.06:085][426]LogModuleManager: Shutting down and abandoning module MacNoEditorTargetPlatform (67)
[2017.06.26-17.37.06:085][426]LogModuleManager: Shutting down and abandoning module MacClientTargetPlatform (65)
[2017.06.26-17.37.06:085][426]LogModuleManager: Shutting down and abandoning module AllDesktopTargetPlatform (63)
[2017.06.26-17.37.06:085][426]LogModuleManager: Shutting down and abandoning module InputCore (60)
[2017.06.26-17.37.06:085][426]LogModuleManager: Shutting down and abandoning module Settings (58)
[2017.06.26-17.37.06:085][426]LogModuleManager: Shutting down and abandoning module OculusRift (56)
[2017.06.26-17.37.06:085][426]LogModuleManager: Shutting down and abandoning module GearVRController (54)
[2017.06.26-17.37.06:085][426]LogModuleManager: Shutting down and abandoning module GearVR (52)
[2017.06.26-17.37.06:086][426]LogModuleManager: Shutting down and abandoning module ExampleDeviceProfileSelector (50)
[2017.06.26-17.37.06:086][426]LogModuleManager: Shutting down and abandoning module OnlineBlueprintSupport (48)
[2017.06.26-17.37.06:086][426]LogModuleManager: Shutting down and abandoning module OnlineSubsystem (44)
[2017.06.26-17.37.06:086][426]LogOnline:Display: Unloading online subsystem: NULL
[2017.06.26-17.37.06:087][426]LogModuleManager: Shutting down and abandoning module XMPP (43)
[2017.06.26-17.37.06:088][426]LogModuleManager: Shutting down and abandoning module HTTP (41)
[2017.06.26-17.37.06:088][426]LogHttp:Display: Http module shutting down, but needs to wait on 1 outstanding Http requests:
[2017.06.26-17.37.06:088][426]LogHttp:Display: 	verb=[POST] url=[https://datarouter.ol.epicgames.com/datarouter/api/v1/public/data?SessionID=%7B7FD60B0C-4974-3DAA-293D-54AD50E5F4F5%7D&AppID=UEEditor.Rocket.Release&AppVersion=4.16.1-3466753%2B%2B%2BUE4%2BRelease-4.16&UserID=ccbd696a430c42306ac6d1845b8e8cc2%7Cbccad1b3b1304992b6c7a115ad0c5f38%7C64686fe7-a4cd-47f8-aa0b-7720796a3ca2&AppEnvironment=datacollector-binary&UploadType=eteventstream] status=Processing
[2017.06.26-17.37.06:109][426]LogModuleManager: Shutting down and abandoning module SSL (40)
[2017.06.26-17.37.06:110][426]LogModuleManager: Shutting down and abandoning module HTTPChunkInstaller (36)
[2017.06.26-17.37.06:110][426]LogModuleManager: Shutting down and abandoning module AnimationModifiers (34)
[2017.06.26-17.37.06:111][426]LogModuleManager: Shutting down and abandoning module PropertyEditor (33)
[2017.06.26-17.37.06:111][426]LogModuleManager: Shutting down and abandoning module AudioEditor (30)
[2017.06.26-17.37.06:112][426]LogModuleManager: Shutting down and abandoning module TextureCompressor (28)
[2017.06.26-17.37.06:112][426]LogModuleManager: Shutting down and abandoning module ShaderCore (26)
[2017.06.26-17.37.06:112][426]LogModuleManager: Shutting down and abandoning module Landscape (24)
[2017.06.26-17.37.06:112][426]LogModuleManager: Shutting down and abandoning module SlateRHIRenderer (22)
[2017.06.26-17.37.06:113][426]LogModuleManager: Shutting down and abandoning module OpenGLDrv (20)
[2017.06.26-17.37.06:114][426]LogModuleManager: Shutting down and abandoning module D3D11RHI (18)
[2017.06.26-17.37.06:114][426]LogModuleManager: Shutting down and abandoning module AnimGraphRuntime (16)
[2017.06.26-17.37.06:114][426]LogModuleManager: Shutting down and abandoning module Renderer (14)
[2017.06.26-17.37.06:114][426]LogModuleManager: Shutting down and abandoning module Engine (12)
[2017.06.26-17.37.06:114][426]LogModuleManager: Shutting down and abandoning module CoreUObject (10)
[2017.06.26-17.37.06:114][426]LogModuleManager: Shutting down and abandoning module NetworkFile (8)
[2017.06.26-17.37.06:114][426]LogModuleManager: Shutting down and abandoning module StreamingFile (6)
[2017.06.26-17.37.06:114][426]LogModuleManager: Shutting down and abandoning module SandboxFile (4)
[2017.06.26-17.37.06:114][426]LogModuleManager: Shutting down and abandoning module PakFile (2)
[2017.06.26-17.37.06:116][426]LogExit: Exiting.
[2017.06.26-17.37.06:131][426]Log file closed, 06/26/17 10:37:06
