Log file open, 06/28/17 18:27:17
LogInit:Display: Running engine for game: Supers
LogPlatformFile: Not using cached read wrapper
LogInit:Display: RandInit(-1661709019) SRandInit(-1661709019).
LogTaskGraph: Started task graph with 5 named threads and 8 total threads with 1 sets of task threads.
LogStats: Stats thread started at 0.089799
LogInit: Using libcurl 7.47.1
LogInit:  - built for x86_64-pc-win32
LogInit:  - supports SSL with OpenSSL/1.0.2g
LogInit:  - supports HTTP deflate (compression) using libz 1.2.8
LogInit:  - other features:
LogInit:      CURL_VERSION_SSL
LogInit:      CURL_VERSION_LIBZ
LogInit:      CURL_VERSION_IPV6
LogInit:      CURL_VERSION_ASYNCHDNS
LogInit:      CURL_VERSION_LARGEFILE
LogInit:      CURL_VERSION_IDN
LogInit:  CurlRequestOptions (configurable via config and command line):
LogInit:  - bVerifyPeer = false  - Libcurl will NOT verify peer certificate
LogInit:  - bUseHttpProxy = false  - Libcurl will NOT use HTTP proxy
LogInit:  - bDontReuseConnections = false  - Libcurl will reuse connections
LogInit:  - CertBundlePath = nullptr  - Libcurl will use whatever was configured at build time.
LogInit: Build: ++UE4+Release-4.16-CL-3466753
LogInit: Engine Version: 4.16.1-3466753+++UE4+Release-4.16
LogInit: Compatible Engine Version: 4.16.0-3452394+++UE4+Release-4.16
LogInit: Net CL: 3452394
LogDevObjectVersion: Number of dev versions registered: 16
LogDevObjectVersion:   Dev-Blueprints (B0D832E4-1F89-4F0D-ACCF-7EB736FD4AA2): 9
LogDevObjectVersion:   Dev-Build (E1C64328-A22C-4D53-A36C-8E866417BD8C): 0
LogDevObjectVersion:   Dev-Core (375EC13C-06E4-48FB-B500-84F0262A717E): 2
LogDevObjectVersion:   Dev-Editor (E4B068ED-F494-42E9-A231-DA0B2E46BB41): 17
LogDevObjectVersion:   Dev-Framework (CFFC743F-43B0-4480-9391-14DF171D2073): 23
LogDevObjectVersion:   Dev-Mobile (B02B49B5-BB20-44E9-A304-32B752E40360): 0
LogDevObjectVersion:   Dev-Networking (A4E4105C-59A1-49B5-A7C5-40C4547EDFEE): 0
LogDevObjectVersion:   Dev-Online (39C831C9-5AE6-47DC-9A44-9C173E1C8E7C): 0
LogDevObjectVersion:   Dev-Physics (78F01B33-EBEA-4F98-B9B4-84EACCB95AA2): 0
LogDevObjectVersion:   Dev-Platform (6631380F-2D4D-43E0-8009-CF276956A95A): 0
LogDevObjectVersion:   Dev-Rendering (12F88B9F-8875-4AFC-A67C-D90C383ABD29): 15
LogDevObjectVersion:   Dev-Sequencer (7B5AE74C-D270-4C10-A958-57980B212A5A): 4
LogDevObjectVersion:   Dev-VR (D7296918-1DD6-4BDD-9DE2-64A83CC13884): 0
LogDevObjectVersion:   Dev-LoadTimes (C2A15278-BFE7-4AFE-6C17-90FF531DF755): 1
LogDevObjectVersion:   Private-Geometry (6EACA3D4-40EC-4CC1-B786-8BED09428FC5): 1
LogDevObjectVersion:   Dev-AnimPhys (29E575DD-E0A3-4627-9D10-D276232CDCEA): 3
LogInit: Compiled (64-bit): May 31 2017 02:03:30
LogInit: Compiled with Visual C++: 19.00.24215.01
LogInit: Build Configuration: Development
LogInit: Branch Name: ++UE4+Release-4.16
LogInit: Command line:  
LogInit: Base directory: C:/Program Files/Epic Games/UE_4.16/Engine/Binaries/Win64/
LogInit: Installed Engine Build: 1
LogInit: Presizing for max 8388607 objects, including 0 objects not considered by GC, pre-allocating 0 bytes for permanent pool.
LogInit: Object subsystem initialized
[2017.06.29-01.27.17:812][  0]LogInit: Selected Device Profile: [Windows]
[2017.06.29-01.27.17:812][  0]LogInit: Applying CVar settings loaded from the selected device profile: [Windows]
[2017.06.29-01.27.17:827][  0]LogInit: Computer: DESKTOP-2T88I18
[2017.06.29-01.27.17:827][  0]LogInit: User: NewXB
[2017.06.29-01.27.17:827][  0]LogInit: CPU Page size=4096, Cores=4
[2017.06.29-01.27.17:827][  0]LogInit: High frequency timer resolution =2.648439 MHz
[2017.06.29-01.27.17:827][  0]LogMemory: Memory total: Physical=31.9GB (32GB approx)
[2017.06.29-01.27.17:827][  0]LogMemory: Platform Memory Stats for Windows
[2017.06.29-01.27.17:827][  0]LogMemory: Process Physical Memory: 274.11 MB used, 274.11 MB peak
[2017.06.29-01.27.17:827][  0]LogMemory: Process Virtual Memory: 260.83 MB used, 260.83 MB peak
[2017.06.29-01.27.17:827][  0]LogMemory: Physical Memory: 8079.96 MB used,  24623.78 MB free, 32703.74 MB total
[2017.06.29-01.27.17:827][  0]LogMemory: Virtual Memory: 638.44 MB used,  24623.78 MB free, 134217728.00 MB total
[2017.06.29-01.27.18:306][  0]LogInit: Using OS detected language (en-US).
[2017.06.29-01.27.18:306][  0]LogInit: Using OS detected locale (en-US).
[2017.06.29-01.27.18:311][  0]LogTextLocalizationManager: No specific localization for 'en-US' exists, so the 'en' localization will be used.
[2017.06.29-01.27.20:051][  0]LogD3D11RHI: D3D11 adapters:
[2017.06.29-01.27.20:614][  0]LogD3D11RHI:    0. 'NVIDIA GeForce GTX 1070' (Feature Level 11_0)
[2017.06.29-01.27.20:614][  0]LogD3D11RHI:       8113/0/16351 MB DedicatedVideo/DedicatedSystem/SharedSystem, Outputs:1, VendorId:0x10de
[2017.06.29-01.27.20:615][  0]LogD3D11RHI:    1. 'Microsoft Basic Render Driver' (Feature Level 11_0)
[2017.06.29-01.27.20:615][  0]LogD3D11RHI:       0/0/16351 MB DedicatedVideo/DedicatedSystem/SharedSystem, Outputs:0, VendorId:0x1414
[2017.06.29-01.27.20:615][  0]LogD3D11RHI: Chosen D3D11 Adapter: 0
[2017.06.29-01.27.20:622][  0]LogD3D11RHI: Creating new Direct3DDevice
[2017.06.29-01.27.20:623][  0]LogD3D11RHI:     GPU DeviceId: 0x1be1 (for the marketing name, search the web for "GPU Device Id")
[2017.06.29-01.27.20:623][  0]LogWindows: EnumDisplayDevices:
[2017.06.29-01.27.20:623][  0]LogWindows:    0. 'NVIDIA GeForce GTX 1070' (P:1 D:1)
[2017.06.29-01.27.20:623][  0]LogWindows:    1. 'NVIDIA GeForce GTX 1070' (P:0 D:0)
[2017.06.29-01.27.20:623][  0]LogWindows:    2. 'NVIDIA GeForce GTX 1070' (P:0 D:0)
[2017.06.29-01.27.20:623][  0]LogWindows:    3. 'NVIDIA GeForce GTX 1070' (P:0 D:0)
[2017.06.29-01.27.20:623][  0]LogWindows: DebugString: FoundDriverCount:4 
[2017.06.29-01.27.20:623][  0]LogD3D11RHI:     Adapter Name: NVIDIA GeForce GTX 1070
[2017.06.29-01.27.20:623][  0]LogD3D11RHI:   Driver Version: 382.33 (internal:22.21.13.8233, unified:382.33)
[2017.06.29-01.27.20:623][  0]LogD3D11RHI:      Driver Date: 5-17-2017
[2017.06.29-01.27.20:623][  0]LogRHI: Texture pool is 1361 MB (70% of 1945 MB)
[2017.06.29-01.27.21:134][  0]LogD3D11RHI: Async texture creation enabled
[2017.06.29-01.27.21:164][  0]LogD3D11RHI: GPU Timing Frequency: 1000.000000 (Debug: 2 1)
[2017.06.29-01.27.21:206][  0]LogShaderCompilers: Guid format shader working directory is -11 characters bigger than the processId version (../../../../../../supers-master/supers-master 4.16/supers/Intermediate/Shaders/WorkingDirectory/4476/).
[2017.06.29-01.27.21:206][  0]LogShaderCompilers: Cleaned the shader compiler working directory 'C:/Users/NewXB/AppData/Local/Temp/UnrealShaderWorkingDir/402DCCA14AC783111968E2A6B7A0D3E2/'.
[2017.06.29-01.27.21:206][  0]LogShaderCompilers:Display: Using Local Shader Compiler.
[2017.06.29-01.27.22:395][  0]LogTemp:Display: Loaded TP AllDesktopTargetPlatform
[2017.06.29-01.27.22:452][  0]LogTemp:Display: Loaded TP MacClientTargetPlatform
[2017.06.29-01.27.22:507][  0]LogTemp:Display: Loaded TP MacNoEditorTargetPlatform
[2017.06.29-01.27.22:562][  0]LogTemp:Display: Loaded TP MacServerTargetPlatform
[2017.06.29-01.27.22:620][  0]LogTemp:Display: Loaded TP MacTargetPlatform
[2017.06.29-01.27.22:676][  0]LogTemp:Display: Loaded TP WindowsClientTargetPlatform
[2017.06.29-01.27.22:734][  0]LogTemp:Display: Loaded TP WindowsNoEditorTargetPlatform
[2017.06.29-01.27.22:793][  0]LogTemp:Display: Loaded TP WindowsServerTargetPlatform
[2017.06.29-01.27.22:843][  0]LogTemp:Display: Loaded TP WindowsTargetPlatform
[2017.06.29-01.27.22:896][  0]LogTemp:Display: Loaded TP AndroidTargetPlatform
[2017.06.29-01.27.22:960][  0]LogTemp:Display: Loaded TP Android_ASTCTargetPlatform
[2017.06.29-01.27.23:014][  0]LogTemp:Display: Loaded TP Android_ATCTargetPlatform
[2017.06.29-01.27.23:072][  0]LogTemp:Display: Loaded TP Android_DXTTargetPlatform
[2017.06.29-01.27.23:127][  0]LogTemp:Display: Loaded TP Android_ETC1TargetPlatform
[2017.06.29-01.27.23:182][  0]LogTemp:Display: Loaded TP Android_ETC2TargetPlatform
[2017.06.29-01.27.23:292][  0]LogTemp:Display: Loaded TP Android_MultiTargetPlatform
[2017.06.29-01.27.23:292][  0]LogTemp:Display: Loaded TP Android_PVRTCTargetPlatform
[2017.06.29-01.27.23:336][  0]LogTemp:Display: Loaded TP HTML5TargetPlatform
[2017.06.29-01.27.23:435][  0]LogTemp:Display: Loaded TP IOSTargetPlatform
[2017.06.29-01.27.23:462][  0]LogTemp:Display: Loaded TP TVOSTargetPlatform
[2017.06.29-01.27.23:516][  0]LogTemp:Display: Loaded TP LinuxClientTargetPlatform
[2017.06.29-01.27.23:570][  0]LogTemp:Display: Loaded TP LinuxNoEditorTargetPlatform
[2017.06.29-01.27.23:624][  0]LogTemp:Display: Loaded TP LinuxServerTargetPlatform
[2017.06.29-01.27.23:679][  0]LogTemp:Display: Loaded TP LinuxTargetPlatform
[2017.06.29-01.27.23:679][  0]LogTargetPlatformManager:Display: Building Assets For Windows
[2017.06.29-01.27.24:208][  0]LogDerivedDataCache:Display: Max Cache Size: 512 MB
[2017.06.29-01.27.24:291][  0]LogDerivedDataCache: Loaded boot cache 0.08s 89MB C:/Users/NewXB/AppData/Local/UnrealEngine/4.16/DerivedDataCache/Boot.ddc.
[2017.06.29-01.27.24:291][  0]LogDerivedDataCache:Display: Loaded Boot cache: C:/Users/NewXB/AppData/Local/UnrealEngine/4.16/DerivedDataCache/Boot.ddc
[2017.06.29-01.27.24:291][  0]LogDerivedDataCache: FDerivedDataBackendGraph:  Pak pak cache file ../../../../../../supers-master/supers-master 4.16/supers/DerivedDataCache/DDC.ddp not found, will not use a pak cache.
[2017.06.29-01.27.24:291][  0]LogDerivedDataCache: Unable to find inner node Pak for hierarchical cache Hierarchy.
[2017.06.29-01.27.24:291][  0]LogDerivedDataCache: FDerivedDataBackendGraph:  CompressedPak pak cache file ../../../../../../supers-master/supers-master 4.16/supers/DerivedDataCache/Compressed.ddp not found, will not use a pak cache.
[2017.06.29-01.27.24:291][  0]LogDerivedDataCache: Unable to find inner node CompressedPak for hierarchical cache Hierarchy.
[2017.06.29-01.27.24:306][  0]LogDerivedDataCache:Display: Pak cache opened for reading ../../../Engine/DerivedDataCache/Compressed.ddp.
[2017.06.29-01.27.24:320][  0]LogDerivedDataCache: Using Local data cache path C:/Users/NewXB/AppData/Local/UnrealEngine/Common/DerivedDataCache: Writable
[2017.06.29-01.27.24:330][  0]LogMaterial: Verifying Global Shaders for PCD3D_SM5
[2017.06.29-01.27.24:331][  0]LogSlate: Using Freetype 2.6.0
[2017.06.29-01.27.24:331][  0]LogSlate: SlateFontCache - WITH_FREETYPE: 1, WITH_HARFBUZZ: 1
[2017.06.29-01.27.24:331][  0]LogSlate: SlateFontCache - WITH_FREETYPE: 1, WITH_HARFBUZZ: 1
[2017.06.29-01.27.24:882][  0]LogInit: Selected Device Profile: [Windows]
[2017.06.29-01.27.24:956][  0]LogContentStreaming: Texture pool size is 0.00 MB
[2017.06.29-01.27.25:114][  0]LogMeshUtilities: Using QuadricMeshReduction for automatic static mesh reduction
[2017.06.29-01.27.25:166][  0]LogSimplygon: Simplygon DLL not present - disabling.
[2017.06.29-01.27.25:224][  0]LogMeshUtilities: Using SimplygonSwarm for distributed automatic mesh merging
[2017.06.29-01.27.25:224][  0]LogMeshUtilities: No automatic skeletal mesh reduction module available
[2017.06.29-01.27.25:224][  0]LogMeshUtilities: No automatic mesh merging module available
[2017.06.29-01.27.25:816][  0]LogNetVersion: Supers , NetCL: 3452394, EngineNetVer: 2, GameNetVer: 0 (Checksum: 3304520363)
[2017.06.29-01.27.25:874][  0]LogAssetRegistry: FAssetRegistry took 0.0259 seconds to start up
[2017.06.29-01.27.25:963][  0]LogPackageLocalizationCache: Processed 4 localized package path(s) for 2 prioritized culture(s) in 0.069767 seconds
[2017.06.29-01.27.25:968][  0]LogUObjectArray: 34194 objects as part of root set at end of initial load.
[2017.06.29-01.27.25:968][  0]LogUObjectAllocator: 7260416 out of 0 bytes used by permanent object pool.
[2017.06.29-01.27.25:968][  0]LogUObjectArray: CloseDisregardForGC: 0/0 objects in disregard for GC pool
[2017.06.29-01.27.26:026][  0]LogInit: WinSock: version 1.1 (2.2), MaxSocks=32767, MaxUdp=65467
[2017.06.29-01.27.29:579][  0]LogTcpMessaging: Initializing TcpMessaging bridge
[2017.06.29-01.27.29:620][  0]LogUdpMessaging: Initializing bridge on interface 0.0.0.0:0 to multicast group 230.0.0.1:6666.
[2017.06.29-01.27.30:211][  0]LogMaterial: Uniform references updated for custom material expression Custom.
[2017.06.29-01.27.30:665][  0]SourceControl: Info Source control is disabled
[2017.06.29-01.27.30:731][  0]SourceControl: Info Source control is disabled
[2017.06.29-01.27.30:791][  0]SourceControl: Info Source control is disabled
[2017.06.29-01.27.30:847][  0]SourceControl: Info Source control is disabled
[2017.06.29-01.27.31:618][  0]LogAndroidPermission: UAndroidPermissionCallbackProxy::GetInstance
[2017.06.29-01.27.32:294][  0]LogEngine: Initializing Engine...
[2017.06.29-01.27.32:315][  0]LogHMD: Failed to initialize OpenVR with code 126
[2017.06.29-01.27.32:534][  0]LogStats: UGameplayTagsManager::ConstructGameplayTagTree: Construct from data asset -  0.000 s
[2017.06.29-01.27.32:534][  0]LogStats: UGameplayTagsManager::ConstructGameplayTagTree: GameplayTagTreeChangedEvent.Broadcast -  0.000 s
[2017.06.29-01.27.32:677][  0]LogAIModule: Creating AISystem for world Untitled
[2017.06.29-01.27.32:687][  0]LogInit: XAudio2 using 'Speakers (Realtek High Definition Audio)' : 6 channels at 48 kHz using 32 bits per sample (channel mask 0x3f)
[2017.06.29-01.27.32:851][  0]LogInit: FAudioDevice initialized.
[2017.06.29-01.27.32:900][  0]LogDerivedDataCache: Saved boot cache 0.05s 89MB C:/Users/NewXB/AppData/Local/UnrealEngine/4.16/DerivedDataCache/Boot.ddc.
[2017.06.29-01.27.32:913][  0]LogInit: Texture streaming: Enabled
[2017.06.29-01.27.33:012][  0]LogEngineSessionManager: EngineSessionManager initialized
[2017.06.29-01.27.33:269][  0]LogInit: Transaction tracking system initialized
[2017.06.29-01.27.33:639][  0]BlueprintLog: New page: Editor Load
[2017.06.29-01.27.34:712][  0]LocalizationService: Info Localization service is disabled
[2017.06.29-01.27.35:491][  0]LogConsoleResponse:Display: 
[2017.06.29-01.27.35:653][  0]LogCook:Display: Max memory allowance for cook 16384mb min free memory 0mb
[2017.06.29-01.27.35:653][  0]LogCook:Display: Mobile HDR setting 1
[2017.06.29-01.27.36:012][  0]LogFileCache: Scanning file cache for directory 'C:/supers-master/supers-master 4.16/supers/Content/' took 0.01s
[2017.06.29-01.27.36:780][  0]SourceControl: Info Source control is disabled
[2017.06.29-01.27.36:781][  0]Cmd: MAP LOAD FILE="../../../../../../supers-master/supers-master 4.16/supers/Content/TwinStickBP/Maps/TwinStickExampleMap.umap" TEMPLATE=0 SHOWPROGRESS=1 FEATURELEVEL=3
[2017.06.29-01.27.36:781][  0]LightingResults: New page: Lighting Build
[2017.06.29-01.27.36:831][  0]MapCheck: New page: Map Check
[2017.06.29-01.27.36:831][  0]LightingResults: New page: Lighting Build
[2017.06.29-01.27.37:125][  0]LogBlueprint:Warning: Node '/Game/StarterContent/Blueprints/Blueprint_Effect_Sparks.Blueprint_Effect_Sparks:EdGraph_0.K2Node_FunctionEntry_37' missing NodeGuid because of upgrade from old package version, this can cause deterministic cooking issues please resave package.
[2017.06.29-01.27.37:126][  0]LogBlueprint:Warning: Node '/Game/StarterContent/Blueprints/Blueprint_Effect_Sparks.Blueprint_Effect_Sparks:EdGraph_1.K2Node_FunctionEntry_37' missing NodeGuid because of upgrade from old package version, this can cause deterministic cooking issues please resave package.
[2017.06.29-01.27.37:749][  0]LogBlueprint:Warning: Node '/Game/StarterContent/Blueprints/Blueprint_Effect_Sparks.Blueprint_Effect_Sparks:EdGraph_2.K2Node_FunctionEntry_37' missing NodeGuid because of upgrade from old package version, this can cause deterministic cooking issues please resave package.
[2017.06.29-01.27.38:177][  0]LogBlueprint:Warning: Node '/Game/StarterContent/Audio/Fire_Sparks01_Cue.Fire_Sparks01_Cue:SoundCueGraph_7.SoundCueGraphNode_6' missing NodeGuid because of upgrade from old package version, this can cause deterministic cooking issues please resave package.
[2017.06.29-01.27.38:177][  0]LogBlueprint:Warning: Node '/Game/StarterContent/Audio/Fire_Sparks01_Cue.Fire_Sparks01_Cue:SoundCueGraph_7.SoundCueGraphNode_Root_7' missing NodeGuid because of upgrade from old package version, this can cause deterministic cooking issues please resave package.
[2017.06.29-01.27.38:178][  0]LogBlueprint:Warning: Node '/Game/StarterContent/Blueprints/Blueprint_Effect_Sparks.Blueprint_Effect_Sparks:UserConstructionScript.K2Node_FunctionEntry_37' missing NodeGuid because of upgrade from old package version, this can cause deterministic cooking issues please resave package.
[2017.06.29-01.27.38:569][  0]LogAIModule: Creating AISystem for world TwinStickExampleMap
[2017.06.29-01.27.38:590][  0]LogEditorServer: Finished looking for orphan Actors (0.000 secs)
[2017.06.29-01.27.38:619][  0]Cmd: MAP CHECKDEP NOCLEARLOG
[2017.06.29-01.27.38:722][  0]MapCheck:Warning: Warning player1_1352 player1_C /Game/TwinStickBP/Maps/TwinStickExampleMap.TwinStickExampleMap:PersistentLevel.player1_1352 : Externally referenced 
[2017.06.29-01.27.38:722][  0]MapCheck:Warning: Warning player2_2572 player2_C /Game/TwinStickBP/Maps/TwinStickExampleMap.TwinStickExampleMap:PersistentLevel.player2_2572 : Externally referenced 
[2017.06.29-01.27.38:722][  0]MapCheck:Warning: Warning player3_1752 player3_C /Game/TwinStickBP/Maps/TwinStickExampleMap.TwinStickExampleMap:PersistentLevel.player3_1752 : Externally referenced 
[2017.06.29-01.27.38:722][  0]MapCheck:Warning: Warning player4_2142 player4_C /Game/TwinStickBP/Maps/TwinStickExampleMap.TwinStickExampleMap:PersistentLevel.player4_2142 : Externally referenced 
[2017.06.29-01.27.38:722][  0]MapCheck:Warning: Warning player5_6470 player5_C /Game/TwinStickBP/Maps/TwinStickExampleMap.TwinStickExampleMap:PersistentLevel.player5_6470 : Externally referenced 
[2017.06.29-01.27.38:722][  0]MapCheck:Warning: Warning player6_1522 player6_C /Game/TwinStickBP/Maps/TwinStickExampleMap.TwinStickExampleMap:PersistentLevel.player6_1522 : Externally referenced 
[2017.06.29-01.27.38:722][  0]MapCheck:Warning: Warning ShipMeshComponent StaticMeshComponent /Game/TwinStickBP/Maps/TwinStickExampleMap.TwinStickExampleMap:PersistentLevel.player1_1352.ShipMeshComponent : Externally referenced 
[2017.06.29-01.27.38:722][  0]MapCheck:Warning: Warning EnergyShield StaticMeshComponent /Game/TwinStickBP/Maps/TwinStickExampleMap.TwinStickExampleMap:PersistentLevel.player1_1352.EnergyShield : Externally referenced 
[2017.06.29-01.27.38:722][  0]MapCheck:Warning: Warning Shield StaticMeshComponent /Game/TwinStickBP/Maps/TwinStickExampleMap.TwinStickExampleMap:PersistentLevel.player1_1352.Shield : Externally referenced 
[2017.06.29-01.27.38:722][  0]MapCheck:Warning: Warning ShipMeshComponent StaticMeshComponent /Game/TwinStickBP/Maps/TwinStickExampleMap.TwinStickExampleMap:PersistentLevel.player2_2572.ShipMeshComponent : Externally referenced 
[2017.06.29-01.27.38:722][  0]MapCheck:Warning: Warning EnergyShield StaticMeshComponent /Game/TwinStickBP/Maps/TwinStickExampleMap.TwinStickExampleMap:PersistentLevel.player2_2572.EnergyShield : Externally referenced 
[2017.06.29-01.27.38:722][  0]MapCheck:Warning: Warning Shield StaticMeshComponent /Game/TwinStickBP/Maps/TwinStickExampleMap.TwinStickExampleMap:PersistentLevel.player2_2572.Shield : Externally referenced 
[2017.06.29-01.27.38:722][  0]MapCheck:Warning: Warning ShipMeshComponent StaticMeshComponent /Game/TwinStickBP/Maps/TwinStickExampleMap.TwinStickExampleMap:PersistentLevel.player3_1752.ShipMeshComponent : Externally referenced 
[2017.06.29-01.27.38:722][  0]MapCheck:Warning: Warning EnergyShield StaticMeshComponent /Game/TwinStickBP/Maps/TwinStickExampleMap.TwinStickExampleMap:PersistentLevel.player3_1752.EnergyShield : Externally referenced 
[2017.06.29-01.27.38:722][  0]MapCheck:Warning: Warning Shield StaticMeshComponent /Game/TwinStickBP/Maps/TwinStickExampleMap.TwinStickExampleMap:PersistentLevel.player3_1752.Shield : Externally referenced 
[2017.06.29-01.27.38:722][  0]MapCheck:Warning: Warning ShipMeshComponent StaticMeshComponent /Game/TwinStickBP/Maps/TwinStickExampleMap.TwinStickExampleMap:PersistentLevel.player4_2142.ShipMeshComponent : Externally referenced 
[2017.06.29-01.27.38:722][  0]MapCheck:Warning: Warning EnergyShield StaticMeshComponent /Game/TwinStickBP/Maps/TwinStickExampleMap.TwinStickExampleMap:PersistentLevel.player4_2142.EnergyShield : Externally referenced 
[2017.06.29-01.27.38:722][  0]MapCheck:Warning: Warning Shield StaticMeshComponent /Game/TwinStickBP/Maps/TwinStickExampleMap.TwinStickExampleMap:PersistentLevel.player4_2142.Shield : Externally referenced 
[2017.06.29-01.27.38:722][  0]MapCheck:Warning: Warning ShipMeshComponent StaticMeshComponent /Game/TwinStickBP/Maps/TwinStickExampleMap.TwinStickExampleMap:PersistentLevel.player5_6470.ShipMeshComponent : Externally referenced 
[2017.06.29-01.27.38:722][  0]MapCheck:Warning: Warning EnergyShield StaticMeshComponent /Game/TwinStickBP/Maps/TwinStickExampleMap.TwinStickExampleMap:PersistentLevel.player5_6470.EnergyShield : Externally referenced 
[2017.06.29-01.27.38:722][  0]MapCheck:Warning: Warning Shield StaticMeshComponent /Game/TwinStickBP/Maps/TwinStickExampleMap.TwinStickExampleMap:PersistentLevel.player5_6470.Shield : Externally referenced 
[2017.06.29-01.27.38:722][  0]MapCheck:Warning: Warning ShipMeshComponent StaticMeshComponent /Game/TwinStickBP/Maps/TwinStickExampleMap.TwinStickExampleMap:PersistentLevel.player6_1522.ShipMeshComponent : Externally referenced 
[2017.06.29-01.27.38:722][  0]MapCheck:Warning: Warning EnergyShield StaticMeshComponent /Game/TwinStickBP/Maps/TwinStickExampleMap.TwinStickExampleMap:PersistentLevel.player6_1522.EnergyShield : Externally referenced 
[2017.06.29-01.27.38:722][  0]MapCheck:Warning: Warning Shield StaticMeshComponent /Game/TwinStickBP/Maps/TwinStickExampleMap.TwinStickExampleMap:PersistentLevel.player6_1522.Shield : Externally referenced 
[2017.06.29-01.27.38:722][  0]MapCheck:Warning: Warning StaticMeshComponent0 StaticMeshComponent /Game/TwinStickBP/Maps/TwinStickExampleMap.TwinStickExampleMap:PersistentLevel.Floor_18.StaticMeshComponent0 : Externally referenced 
[2017.06.29-01.27.38:722][  0]MapCheck:Warning: Warning StaticMeshComponent0 StaticMeshComponent /Game/TwinStickBP/Maps/TwinStickExampleMap.TwinStickExampleMap:PersistentLevel.Obstacle2_3.StaticMeshComponent0 : Externally referenced 
[2017.06.29-01.27.38:722][  0]MapCheck:Warning: Warning StaticMeshComponent0 StaticMeshComponent /Game/TwinStickBP/Maps/TwinStickExampleMap.TwinStickExampleMap:PersistentLevel.Wall1_17.StaticMeshComponent0 : Externally referenced 
[2017.06.29-01.27.38:722][  0]MapCheck:Warning: Warning StaticMeshComponent0 StaticMeshComponent /Game/TwinStickBP/Maps/TwinStickExampleMap.TwinStickExampleMap:PersistentLevel.Wall5.StaticMeshComponent0 : Externally referenced 
[2017.06.29-01.27.38:722][  0]MapCheck:Warning: Warning StaticMeshComponent0 StaticMeshComponent /Game/TwinStickBP/Maps/TwinStickExampleMap.TwinStickExampleMap:PersistentLevel.Wall6.StaticMeshComponent0 : Externally referenced 
[2017.06.29-01.27.38:722][  0]MapCheck:Warning: Warning StaticMeshComponent0 StaticMeshComponent /Game/TwinStickBP/Maps/TwinStickExampleMap.TwinStickExampleMap:PersistentLevel.Wall7.StaticMeshComponent0 : Externally referenced 
[2017.06.29-01.27.38:722][  0]MapCheck:Warning: Warning K2Node_CallFunction_2339 K2Node_CallFunction /Game/TwinStickBP/Maps/TwinStickExampleMap.TwinStickExampleMap:PersistentLevel.TwinStickExampleMap.EventGraph.K2Node_CallFunction_2339 : Externally referenced 
[2017.06.29-01.27.38:722][  0]MapCheck: Info Map check complete: 0 Error(s), 31 Warning(s), took 103.004ms to complete.
[2017.06.29-01.27.38:730][  0]LogFileHelpers: Loading map 'TwinStickExampleMap' took 1.950
[2017.06.29-01.27.38:853][  0]LogCollectionManager: Loaded 0 collections in 0.001282 seconds
[2017.06.29-01.27.38:934][  0]LogFileCache: Scanning file cache for directory 'C:/supers-master/supers-master 4.16/supers/Saved/Collections/' took 0.01s
[2017.06.29-01.27.38:934][  0]LogFileCache: Scanning file cache for directory 'C:/supers-master/supers-master 4.16/supers/Content/Developers/NewXB/Collections/' took 0.01s
[2017.06.29-01.27.38:934][  0]LogFileCache: Scanning file cache for directory 'C:/supers-master/supers-master 4.16/supers/Content/Collections/' took 0.01s
[2017.06.29-01.27.38:934][  0]LogCollectionManager: Rebuilt the GUID cache for 0 collections in 0.000001 seconds
[2017.06.29-01.27.38:943][  0]LogContentBrowser: Native class hierarchy populated in 0.0082 seconds. Added 2329 classes and 491 folders.
[2017.06.29-01.27.39:011][  0]LogContentBrowser: Native class hierarchy updated for 'WidgetCarousel' in 0.0006 seconds. Added 0 classes and 0 folders.
[2017.06.29-01.27.39:061][  0]LogContentBrowser: Native class hierarchy updated for 'AddContentDialog' in 0.0005 seconds. Added 0 classes and 0 folders.
[2017.06.29-01.27.39:108][  0]LogContentBrowser: Native class hierarchy updated for 'SceneOutliner' in 0.0005 seconds. Added 1 classes and 2 folders.
[2017.06.29-01.27.39:145][  0]LogCrashTracker: Crashtracker disabled due to settings.
[2017.06.29-01.27.39:153][  0]LogSlate: Took 0.000426 seconds to synchronously load lazily loaded font '../../../Engine/Content/Slate/Fonts/Roboto-Regular.ttf' (155K)
[2017.06.29-01.27.39:156][  0]LogSlate: Took 0.000361 seconds to synchronously load lazily loaded font '../../../Engine/Content/Slate/Fonts/Roboto-Bold.ttf' (160K)
[2017.06.29-01.27.39:160][  0]LogSlate: Took 0.000299 seconds to synchronously load lazily loaded font '../../../Engine/Content/Editor/Slate/Fonts/FontAwesome.ttf' (139K)
[2017.06.29-01.27.39:259][  0]LogRenderer: Reallocating scene render targets to support 1208x576 NumSamples 1 (Frame:1).
[2017.06.29-01.27.39:309][  0]LogSlate: Took 0.000714 seconds to synchronously load lazily loaded font '../../../Engine/Content/Slate/Fonts/Roboto-Light.ttf' (159K)
[2017.06.29-01.27.39:404][  0]LogUObjectGlobals:Warning: Failed to find object 'Class None.'
[2017.06.29-01.27.39:483][  0]LogContentBrowser: Native class hierarchy updated for 'HierarchicalLODOutliner' in 0.0007 seconds. Added 1 classes and 2 folders.
[2017.06.29-01.27.39:483][  0]LogLoad: (Engine Initialization) Total time: 23.48 seconds
[2017.06.29-01.27.39:483][  0]LogLoad: (Engine Initialization) Total Blueprint compile time: 0.64 seconds
[2017.06.29-01.27.39:483][  0]LogExternalProfiler: Found external profiler: VSPerf
[2017.06.29-01.27.39:483][  0]LogExternalProfiler: Using external profiler: VSPerf
[2017.06.29-01.27.39:503][  0]LogWindowsTextInputMethodSystem:Display: IME system now deactivated.
[2017.06.29-01.27.39:505][  0]LogOcInput: OculusInput pre-init called
[2017.06.29-01.27.39:505][  0]LogHMD: Starting GearVRController plugin
[2017.06.29-01.27.39:535][  0]LogContentStreaming: Texture pool size now 1000 MB
[2017.06.29-01.27.39:584][  1]LogAssetRegistry: Asset discovery search completed in 13.7325 seconds
[2017.06.29-01.27.39:586][  1]LogCollectionManager: Rebuilt the object cache for 0 collections in 0.000000 seconds (found 0 objects)
[2017.06.29-01.27.39:586][  1]LogCollectionManager: Fixed up redirectors for 0 collections in 0.000031 seconds (updated 0 objects)
[2017.06.29-01.27.51:791][729]LogTemp: Repeting last play command: New Editor Window (PIE)
[2017.06.29-01.27.51:842][729]LogBlueprintUserMessages: Early PlayInEditor Detection: Level '/Game/TwinStickBP/Maps/TwinStickExampleMap.TwinStickExampleMap:PersistentLevel' has LevelScriptBlueprint '/Game/TwinStickBP/Maps/TwinStickExampleMap.TwinStickExampleMap:PersistentLevel.TwinStickExampleMap' with GeneratedClass '/Game/TwinStickBP/Maps/TwinStickExampleMap.TwinStickExampleMap_C' with ClassGeneratedBy '/Game/TwinStickBP/Maps/TwinStickExampleMap.TwinStickExampleMap:PersistentLevel.TwinStickExampleMap'
[2017.06.29-01.27.51:842][729]LogPlayLevel: PlayLevel: No blueprints needed recompiling
[2017.06.29-01.27.51:843][729]PIE: New page: PIE session: TwinStickExampleMap (Jun 28, 2017, 11:27:51 AM)
[2017.06.29-01.27.51:843][729]LogPlayLevel: Creating play world package: /Game/TwinStickBP/Maps/UEDPIE_0_TwinStickExampleMap
[2017.06.29-01.27.51:849][729]LogPlayLevel: PIE: StaticDuplicateObject took: (0.006589s)
[2017.06.29-01.27.51:850][729]LogAIModule: Creating AISystem for world TwinStickExampleMap
[2017.06.29-01.27.51:850][729]LogPlayLevel: PIE: World Init took: (0.000800s)
[2017.06.29-01.27.51:850][729]LogPlayLevel: PIE: Created PIE world by copying editor world from /Game/TwinStickBP/Maps/TwinStickExampleMap.TwinStickExampleMap to /Game/TwinStickBP/Maps/UEDPIE_0_TwinStickExampleMap.TwinStickExampleMap (0.007660s)
[2017.06.29-01.27.51:866][729]LogInit: XAudio2 using 'Speakers (Realtek High Definition Audio)' : 6 channels at 48 kHz using 32 bits per sample (channel mask 0x3f)
[2017.06.29-01.27.51:935][729]LogInit: FAudioDevice initialized.
[2017.06.29-01.27.51:988][729]LogLoad: Game class is 'TwinStickGameMode_C'
[2017.06.29-01.27.51:993][729]LogWorld: Bringing World /Game/TwinStickBP/Maps/UEDPIE_0_TwinStickExampleMap.TwinStickExampleMap up for play (max tick rate 60) at 2017.06.28-18.27.51
[2017.06.29-01.27.51:994][729]LogWorld: Bringing up level for play took: 0.003562
[2017.06.29-01.27.52:040][729]LogContentBrowser: Native class hierarchy updated for 'MovieSceneCapture' in 0.0006 seconds. Added 11 classes and 0 folders.
[2017.06.29-01.27.52:040][729]LogGameMode:Display: Match State Changed from EnteringMap to WaitingToStart
[2017.06.29-01.27.52:040][729]LogGameState: Match State Changed from EnteringMap to WaitingToStart
[2017.06.29-01.27.52:040][729]LogGameMode:Display: Match State Changed from WaitingToStart to InProgress
[2017.06.29-01.27.52:043][729]LogPlayerManagement:Error: Failed to Create Player: Maximum number of players (4) already created.  Unable to create more.
[2017.06.29-01.27.52:043][729]LogPlayerManagement:Error: Failed to Create Player: Maximum number of players (4) already created.  Unable to create more.
[2017.06.29-01.27.52:043][729]LogScript:Warning: Accessed None trying to read property CallFunc_GetPlayerController_ReturnValue3
	TwinStickExampleMap_C /Game/TwinStickBP/Maps/UEDPIE_0_TwinStickExampleMap.TwinStickExampleMap:PersistentLevel.TwinStickExampleMap_C_1
	Function /Game/TwinStickBP/Maps/TwinStickExampleMap.TwinStickExampleMap_C:ExecuteUbergraph_TwinStickExampleMap:03AA
[2017.06.29-01.27.52:044][729]PIE:Error: Error Blueprint Runtime Error: Accessed None trying to read property CallFunc_GetPlayerController_ReturnValue3 from function: 'ExecuteUbergraph_TwinStickExampleMap' from node: Possess in graph: EventGraph in object: TwinStickExampleMap with description: Accessed None trying to read property CallFunc_GetPlayerController_ReturnValue3
[2017.06.29-01.27.52:044][729]LogScript:Warning: Accessed None trying to read property CallFunc_GetPlayerController_ReturnValue6
	TwinStickExampleMap_C /Game/TwinStickBP/Maps/UEDPIE_0_TwinStickExampleMap.TwinStickExampleMap:PersistentLevel.TwinStickExampleMap_C_1
	Function /Game/TwinStickBP/Maps/TwinStickExampleMap.TwinStickExampleMap_C:ExecuteUbergraph_TwinStickExampleMap:00C6
[2017.06.29-01.27.52:044][729]PIE:Error: Error Blueprint Runtime Error: Accessed None trying to read property CallFunc_GetPlayerController_ReturnValue6 from function: 'ExecuteUbergraph_TwinStickExampleMap' from node: Possess in graph: EventGraph in object: TwinStickExampleMap with description: Accessed None trying to read property CallFunc_GetPlayerController_ReturnValue6
[2017.06.29-01.27.52:045][729]LogGameState: Match State Changed from WaitingToStart to InProgress
[2017.06.29-01.27.52:048][729]PIE: Info Play in editor start time for /Game/TwinStickBP/Maps/UEDPIE_0_TwinStickExampleMap -0.109
[2017.06.29-01.27.52:048][729]LogBlueprintUserMessages: Late PlayInEditor Detection: Level '/Game/TwinStickBP/Maps/TwinStickExampleMap.TwinStickExampleMap:PersistentLevel' has LevelScriptBlueprint '/Game/TwinStickBP/Maps/TwinStickExampleMap.TwinStickExampleMap:PersistentLevel.TwinStickExampleMap' with GeneratedClass '/Game/TwinStickBP/Maps/TwinStickExampleMap.TwinStickExampleMap_C' with ClassGeneratedBy '/Game/TwinStickBP/Maps/TwinStickExampleMap.TwinStickExampleMap:PersistentLevel.TwinStickExampleMap'
[2017.06.29-01.27.52:074][729]LogRenderer: Reallocating scene render targets to support 1292x756 NumSamples 1 (Frame:1).
[2017.06.29-01.28.42:536][705]LogBlueprintUserMessages: Early EndPlayMap Detection: Level '/Game/TwinStickBP/Maps/TwinStickExampleMap.TwinStickExampleMap:PersistentLevel' has LevelScriptBlueprint '/Game/TwinStickBP/Maps/TwinStickExampleMap.TwinStickExampleMap:PersistentLevel.TwinStickExampleMap' with GeneratedClass '/Game/TwinStickBP/Maps/TwinStickExampleMap.TwinStickExampleMap_C' with ClassGeneratedBy '/Game/TwinStickBP/Maps/TwinStickExampleMap.TwinStickExampleMap:PersistentLevel.TwinStickExampleMap'
[2017.06.29-01.28.42:598][705]LogBlueprintUserMessages: Late EndPlayMap Detection: Level '/Game/TwinStickBP/Maps/TwinStickExampleMap.TwinStickExampleMap:PersistentLevel' has LevelScriptBlueprint '/Game/TwinStickBP/Maps/TwinStickExampleMap.TwinStickExampleMap:PersistentLevel.TwinStickExampleMap' with GeneratedClass '/Game/TwinStickBP/Maps/TwinStickExampleMap.TwinStickExampleMap_C' with ClassGeneratedBy '/Game/TwinStickBP/Maps/TwinStickExampleMap.TwinStickExampleMap:PersistentLevel.TwinStickExampleMap'
[2017.06.29-01.29.39:224][100]LogSlate: Took 0.000204 seconds to synchronously load lazily loaded font '../../../Engine/Content/Slate/Fonts/Roboto-Light.ttf' (159K)
[2017.06.29-01.29.39:613][100]LogContentBrowser: Native class hierarchy updated for 'BlueprintGraph' in 0.0008 seconds. Added 112 classes and 0 folders.
[2017.06.29-01.29.40:165][100]LogSlate: Took 0.000210 seconds to synchronously load lazily loaded font '../../../Engine/Content/Slate/Fonts/Roboto-Regular.ttf' (155K)
[2017.06.29-01.29.40:259][100]LogSlate: Took 0.001068 seconds to synchronously load lazily loaded font '../../../Engine/Content/Editor/Slate/Fonts/Roboto-BoldCondensed.ttf' (158K)
[2017.06.29-01.29.40:638][101]LogSlate: Took 0.005554 seconds to synchronously load lazily loaded font '../../../Engine/Content/Editor/Slate/Fonts/Roboto-Italic.ttf' (157K)
[2017.06.29-01.31.44:691][507]BlueprintLog: New page: Compile player2
[2017.06.29-01.31.47:079][587]Cmd: OBJ SAVEPACKAGE PACKAGE="/Game/TwinStickBP/Blueprints/player2" FILE="../../../../../../supers-master/supers-master 4.16/supers/Content/TwinStickBP/Blueprints/player2.uasset" SILENT=true
[2017.06.29-01.31.47:356][587]LogSavePackage: Save=252.36ms
[2017.06.29-01.31.47:356][587]LogSavePackage: Moving '../../../../../../supers-master/supers-master 4.16/supers/Saved/player2BDC619434717E06ABABFBB8FBE490C90.tmp' to '../../../../../../supers-master/supers-master 4.16/supers/Content/TwinStickBP/Blueprints/player2.uasset'
[2017.06.29-01.31.47:360][587]LogSavePackage:Display: Finished SavePackage ../../../../../../supers-master/supers-master 4.16/supers/Content/TwinStickBP/Blueprints/player2.uasset
[2017.06.29-01.33.06:944][284]BlueprintLog: New page: Compile player2
[2017.06.29-01.33.19:033][935]Cmd: OBJ SAVEPACKAGE PACKAGE="/Game/TwinStickBP/Blueprints/player2" FILE="../../../../../../supers-master/supers-master 4.16/supers/Content/TwinStickBP/Blueprints/player2.uasset" SILENT=true
[2017.06.29-01.33.19:304][935]LogSavePackage: Save=250.32ms
[2017.06.29-01.33.19:304][935]LogSavePackage: Moving '../../../../../../supers-master/supers-master 4.16/supers/Saved/player249848D8A439C24BC356C058BF35DCB3A.tmp' to '../../../../../../supers-master/supers-master 4.16/supers/Content/TwinStickBP/Blueprints/player2.uasset'
[2017.06.29-01.33.19:308][935]LogSavePackage:Display: Finished SavePackage ../../../../../../supers-master/supers-master 4.16/supers/Content/TwinStickBP/Blueprints/player2.uasset
[2017.06.29-01.34.05:570][631]BlueprintLog: New page: Compile Runner
[2017.06.29-01.39.32:704][ 84]BlueprintLog: New page: Compile Runner
[2017.06.29-01.39.34:670][116]LogCrashTracker: 


[2017.06.29-01.39.34:670][116]LogCrashTracker: 


[2017.06.29-01.39.34:670][116]LogWindows:Error: === Critical error: ===
[2017.06.29-01.39.34:670][116]LogWindows:Error: 
[2017.06.29-01.39.34:670][116]LogWindows:Error: Fatal error!
[2017.06.29-01.39.34:670][116]LogWindows:Error: 
[2017.06.29-01.39.34:670][116]LogWindows:Error: Unhandled Exception: EXCEPTION_ACCESS_VIOLATION reading address 0xffffffff
[2017.06.29-01.39.34:670][116]LogWindows:Error: 
[2017.06.29-01.39.34:670][116]LogWindows:Error: SS2OSD.dll!0x00000000CD8C29E3
[2017.06.29-01.39.34:670][116]LogWindows:Error: SS2OSD.dll!0x00000000CD8C21D2
[2017.06.29-01.39.34:670][116]LogWindows:Error: UE4Editor-Core.dll!0x00000000AE5E58E3
[2017.06.29-01.39.34:670][116]LogWindows:Error: UE4Editor-SlateCore.dll!0x00000000AFD24BC5
[2017.06.29-01.39.34:670][116]LogWindows:Error: UE4Editor-Slate.dll!0x00000000AD776B92
[2017.06.29-01.39.34:670][116]LogWindows:Error: UE4Editor-Slate.dll!0x00000000AD780017
[2017.06.29-01.39.34:670][116]LogWindows:Error: UE4Editor-Slate.dll!0x00000000AD7577FC
[2017.06.29-01.39.34:670][116]LogWindows:Error: UE4Editor-Slate.dll!0x00000000AD74814C
[2017.06.29-01.39.34:670][116]LogWindows:Error: UE4Editor-Core.dll!0x00000000AE5D14C0
[2017.06.29-01.39.34:670][116]LogWindows:Error: UE4Editor-Core.dll!0x00000000AE5BB6E1
[2017.06.29-01.39.34:670][116]LogWindows:Error: UE4Editor-Core.dll!0x00000000AE5D32EB
[2017.06.29-01.39.34:670][116]LogWindows:Error: UE4Editor-Core.dll!0x00000000AE5B7A32
[2017.06.29-01.39.34:670][116]LogWindows:Error: USER32.dll!0x000000000AF5BC50
[2017.06.29-01.39.34:670][116]LogWindows:Error: USER32.dll!0x000000000AF5B5CF
[2017.06.29-01.39.34:670][116]LogWindows:Error: UE4Editor-Core.dll!0x00000000AE5D3BF6
[2017.06.29-01.39.34:670][116]LogWindows:Error: UE4Editor.exe!0x000000006525DB44
[2017.06.29-01.39.34:670][116]LogWindows:Error: UE4Editor.exe!0x000000006524F0B0
[2017.06.29-01.39.34:670][116]LogWindows:Error: UE4Editor.exe!0x000000006524F12A
[2017.06.29-01.39.34:670][116]LogWindows:Error: UE4Editor.exe!0x0000000065260CF9
[2017.06.29-01.39.34:670][116]LogWindows:Error: UE4Editor.exe!0x00000000652625F7
[2017.06.29-01.39.34:670][116]LogWindows:Error: KERNEL32.DLL!0x000000000A942774
[2017.06.29-01.39.34:670][116]LogWindows:Error: ntdll.dll!0x000000000BB00D61
[2017.06.29-01.39.34:670][116]LogWindows:Error: ntdll.dll!0x000000000BB00D61
[2017.06.29-01.39.34:670][116]LogWindows:Error: 
[2017.06.29-01.39.34:687][116]LogExit: Executing StaticShutdownAfterError
[2017.06.29-01.39.34:690][116]LogWindows: FPlatformMisc::RequestExit(1)
[2017.06.29-01.39.34:690][116]Log file closed, 06/28/17 18:39:34
