Log file open, 06/27/17 22:25:18
LogInit:Display: Running engine for game: Supers
LogPlatformFile: Not using cached read wrapper
LogInit:Display: RandInit(609313341) SRandInit(609313341).
LogTaskGraph: Started task graph with 5 named threads and 8 total threads with 1 sets of task threads.
LogStats: Stats thread started at 0.092965
LogInit: Using libcurl 7.47.1
LogInit:  - built for x86_64-pc-win32
LogInit:  - supports SSL with OpenSSL/1.0.2g
LogInit:  - supports HTTP deflate (compression) using libz 1.2.8
LogInit:  - other features:
LogInit:      CURL_VERSION_SSL
LogInit:      CURL_VERSION_LIBZ
LogInit:      CURL_VERSION_IPV6
LogInit:      CURL_VERSION_ASYNCHDNS
LogInit:      CURL_VERSION_LARGEFILE
LogInit:      CURL_VERSION_IDN
LogInit:  CurlRequestOptions (configurable via config and command line):
LogInit:  - bVerifyPeer = false  - Libcurl will NOT verify peer certificate
LogInit:  - bUseHttpProxy = false  - Libcurl will NOT use HTTP proxy
LogInit:  - bDontReuseConnections = false  - Libcurl will reuse connections
LogInit:  - CertBundlePath = nullptr  - Libcurl will use whatever was configured at build time.
LogInit: Build: ++UE4+Release-4.16-CL-3466753
LogInit: Engine Version: 4.16.1-3466753+++UE4+Release-4.16
LogInit: Compatible Engine Version: 4.16.0-3452394+++UE4+Release-4.16
LogInit: Net CL: 3452394
LogDevObjectVersion: Number of dev versions registered: 16
LogDevObjectVersion:   Dev-Blueprints (B0D832E4-1F89-4F0D-ACCF-7EB736FD4AA2): 9
LogDevObjectVersion:   Dev-Build (E1C64328-A22C-4D53-A36C-8E866417BD8C): 0
LogDevObjectVersion:   Dev-Core (375EC13C-06E4-48FB-B500-84F0262A717E): 2
LogDevObjectVersion:   Dev-Editor (E4B068ED-F494-42E9-A231-DA0B2E46BB41): 17
LogDevObjectVersion:   Dev-Framework (CFFC743F-43B0-4480-9391-14DF171D2073): 23
LogDevObjectVersion:   Dev-Mobile (B02B49B5-BB20-44E9-A304-32B752E40360): 0
LogDevObjectVersion:   Dev-Networking (A4E4105C-59A1-49B5-A7C5-40C4547EDFEE): 0
LogDevObjectVersion:   Dev-Online (39C831C9-5AE6-47DC-9A44-9C173E1C8E7C): 0
LogDevObjectVersion:   Dev-Physics (78F01B33-EBEA-4F98-B9B4-84EACCB95AA2): 0
LogDevObjectVersion:   Dev-Platform (6631380F-2D4D-43E0-8009-CF276956A95A): 0
LogDevObjectVersion:   Dev-Rendering (12F88B9F-8875-4AFC-A67C-D90C383ABD29): 15
LogDevObjectVersion:   Dev-Sequencer (7B5AE74C-D270-4C10-A958-57980B212A5A): 4
LogDevObjectVersion:   Dev-VR (D7296918-1DD6-4BDD-9DE2-64A83CC13884): 0
LogDevObjectVersion:   Dev-LoadTimes (C2A15278-BFE7-4AFE-6C17-90FF531DF755): 1
LogDevObjectVersion:   Private-Geometry (6EACA3D4-40EC-4CC1-B786-8BED09428FC5): 1
LogDevObjectVersion:   Dev-AnimPhys (29E575DD-E0A3-4627-9D10-D276232CDCEA): 3
LogInit: Compiled (64-bit): May 31 2017 02:03:30
LogInit: Compiled with Visual C++: 19.00.24215.01
LogInit: Build Configuration: Development
LogInit: Branch Name: ++UE4+Release-4.16
LogInit: Command line:  
LogInit: Base directory: C:/Program Files/Epic Games/UE_4.16/Engine/Binaries/Win64/
LogInit: Installed Engine Build: 1
LogInit: Presizing for max 8388607 objects, including 0 objects not considered by GC, pre-allocating 0 bytes for permanent pool.
LogInit: Object subsystem initialized
[2017.06.28-05.25.18:987][  0]LogInit: Selected Device Profile: [Windows]
[2017.06.28-05.25.18:987][  0]LogInit: Applying CVar settings loaded from the selected device profile: [Windows]
[2017.06.28-05.25.18:999][  0]LogInit: Computer: DESKTOP-2T88I18
[2017.06.28-05.25.18:999][  0]LogInit: User: NewXB
[2017.06.28-05.25.18:999][  0]LogInit: CPU Page size=4096, Cores=4
[2017.06.28-05.25.18:999][  0]LogInit: High frequency timer resolution =2.648439 MHz
[2017.06.28-05.25.18:999][  0]LogMemory: Memory total: Physical=31.9GB (32GB approx)
[2017.06.28-05.25.18:999][  0]LogMemory: Platform Memory Stats for Windows
[2017.06.28-05.25.18:999][  0]LogMemory: Process Physical Memory: 273.71 MB used, 273.71 MB peak
[2017.06.28-05.25.18:999][  0]LogMemory: Process Virtual Memory: 260.80 MB used, 260.80 MB peak
[2017.06.28-05.25.18:999][  0]LogMemory: Physical Memory: 8153.41 MB used,  24550.34 MB free, 32703.74 MB total
[2017.06.28-05.25.18:999][  0]LogMemory: Virtual Memory: 638.44 MB used,  24550.34 MB free, 134217728.00 MB total
[2017.06.28-05.25.19:545][  0]LogInit: Using OS detected language (en-US).
[2017.06.28-05.25.19:545][  0]LogInit: Using OS detected locale (en-US).
[2017.06.28-05.25.19:554][  0]LogTextLocalizationManager: No specific localization for 'en-US' exists, so the 'en' localization will be used.
[2017.06.28-05.25.20:801][  0]LogD3D11RHI: D3D11 adapters:
[2017.06.28-05.25.21:348][  0]LogD3D11RHI:    0. 'NVIDIA GeForce GTX 1070' (Feature Level 11_0)
[2017.06.28-05.25.21:348][  0]LogD3D11RHI:       8113/0/16351 MB DedicatedVideo/DedicatedSystem/SharedSystem, Outputs:1, VendorId:0x10de
[2017.06.28-05.25.21:350][  0]LogD3D11RHI:    1. 'Microsoft Basic Render Driver' (Feature Level 11_0)
[2017.06.28-05.25.21:350][  0]LogD3D11RHI:       0/0/16351 MB DedicatedVideo/DedicatedSystem/SharedSystem, Outputs:0, VendorId:0x1414
[2017.06.28-05.25.21:350][  0]LogD3D11RHI: Chosen D3D11 Adapter: 0
[2017.06.28-05.25.21:358][  0]LogD3D11RHI: Creating new Direct3DDevice
[2017.06.28-05.25.21:358][  0]LogD3D11RHI:     GPU DeviceId: 0x1be1 (for the marketing name, search the web for "GPU Device Id")
[2017.06.28-05.25.21:358][  0]LogWindows: EnumDisplayDevices:
[2017.06.28-05.25.21:358][  0]LogWindows:    0. 'NVIDIA GeForce GTX 1070' (P:1 D:1)
[2017.06.28-05.25.21:359][  0]LogWindows:    1. 'NVIDIA GeForce GTX 1070' (P:0 D:0)
[2017.06.28-05.25.21:359][  0]LogWindows:    2. 'NVIDIA GeForce GTX 1070' (P:0 D:0)
[2017.06.28-05.25.21:359][  0]LogWindows:    3. 'NVIDIA GeForce GTX 1070' (P:0 D:0)
[2017.06.28-05.25.21:359][  0]LogWindows: DebugString: FoundDriverCount:4 
[2017.06.28-05.25.21:359][  0]LogD3D11RHI:     Adapter Name: NVIDIA GeForce GTX 1070
[2017.06.28-05.25.21:359][  0]LogD3D11RHI:   Driver Version: 382.33 (internal:22.21.13.8233, unified:382.33)
[2017.06.28-05.25.21:359][  0]LogD3D11RHI:      Driver Date: 5-17-2017
[2017.06.28-05.25.21:359][  0]LogRHI: Texture pool is 1361 MB (70% of 1945 MB)
[2017.06.28-05.25.21:895][  0]LogD3D11RHI: Async texture creation enabled
[2017.06.28-05.25.21:933][  0]LogD3D11RHI: GPU Timing Frequency: 1000.000000 (Debug: 2 1)
[2017.06.28-05.25.21:976][  0]LogShaderCompilers: Guid format shader working directory is -12 characters bigger than the processId version (../../../../../../supers-master/supers-master 4.16/supers/Intermediate/Shaders/WorkingDirectory/15376/).
[2017.06.28-05.25.21:976][  0]LogShaderCompilers: Cleaned the shader compiler working directory 'C:/Users/NewXB/AppData/Local/Temp/UnrealShaderWorkingDir/CACA43EF476B3A59B1FE96BF388E3F22/'.
[2017.06.28-05.25.21:976][  0]LogShaderCompilers:Display: Using Local Shader Compiler.
[2017.06.28-05.25.23:148][  0]LogTemp:Display: Loaded TP AllDesktopTargetPlatform
[2017.06.28-05.25.23:201][  0]LogTemp:Display: Loaded TP MacClientTargetPlatform
[2017.06.28-05.25.23:259][  0]LogTemp:Display: Loaded TP MacNoEditorTargetPlatform
[2017.06.28-05.25.23:316][  0]LogTemp:Display: Loaded TP MacServerTargetPlatform
[2017.06.28-05.25.23:375][  0]LogTemp:Display: Loaded TP MacTargetPlatform
[2017.06.28-05.25.23:430][  0]LogTemp:Display: Loaded TP WindowsClientTargetPlatform
[2017.06.28-05.25.23:486][  0]LogTemp:Display: Loaded TP WindowsNoEditorTargetPlatform
[2017.06.28-05.25.23:541][  0]LogTemp:Display: Loaded TP WindowsServerTargetPlatform
[2017.06.28-05.25.23:596][  0]LogTemp:Display: Loaded TP WindowsTargetPlatform
[2017.06.28-05.25.23:651][  0]LogTemp:Display: Loaded TP AndroidTargetPlatform
[2017.06.28-05.25.23:710][  0]LogTemp:Display: Loaded TP Android_ASTCTargetPlatform
[2017.06.28-05.25.23:767][  0]LogTemp:Display: Loaded TP Android_ATCTargetPlatform
[2017.06.28-05.25.23:823][  0]LogTemp:Display: Loaded TP Android_DXTTargetPlatform
[2017.06.28-05.25.23:876][  0]LogTemp:Display: Loaded TP Android_ETC1TargetPlatform
[2017.06.28-05.25.23:936][  0]LogTemp:Display: Loaded TP Android_ETC2TargetPlatform
[2017.06.28-05.25.24:047][  0]LogTemp:Display: Loaded TP Android_MultiTargetPlatform
[2017.06.28-05.25.24:047][  0]LogTemp:Display: Loaded TP Android_PVRTCTargetPlatform
[2017.06.28-05.25.24:090][  0]LogTemp:Display: Loaded TP HTML5TargetPlatform
[2017.06.28-05.25.24:186][  0]LogTemp:Display: Loaded TP IOSTargetPlatform
[2017.06.28-05.25.24:217][  0]LogTemp:Display: Loaded TP TVOSTargetPlatform
[2017.06.28-05.25.24:273][  0]LogTemp:Display: Loaded TP LinuxClientTargetPlatform
[2017.06.28-05.25.24:329][  0]LogTemp:Display: Loaded TP LinuxNoEditorTargetPlatform
[2017.06.28-05.25.24:389][  0]LogTemp:Display: Loaded TP LinuxServerTargetPlatform
[2017.06.28-05.25.24:444][  0]LogTemp:Display: Loaded TP LinuxTargetPlatform
[2017.06.28-05.25.24:444][  0]LogTargetPlatformManager:Display: Building Assets For Windows
[2017.06.28-05.25.24:971][  0]LogDerivedDataCache:Display: Max Cache Size: 512 MB
[2017.06.28-05.25.25:055][  0]LogDerivedDataCache: Loaded boot cache 0.08s 89MB C:/Users/NewXB/AppData/Local/UnrealEngine/4.16/DerivedDataCache/Boot.ddc.
[2017.06.28-05.25.25:055][  0]LogDerivedDataCache:Display: Loaded Boot cache: C:/Users/NewXB/AppData/Local/UnrealEngine/4.16/DerivedDataCache/Boot.ddc
[2017.06.28-05.25.25:055][  0]LogDerivedDataCache: FDerivedDataBackendGraph:  Pak pak cache file ../../../../../../supers-master/supers-master 4.16/supers/DerivedDataCache/DDC.ddp not found, will not use a pak cache.
[2017.06.28-05.25.25:055][  0]LogDerivedDataCache: Unable to find inner node Pak for hierarchical cache Hierarchy.
[2017.06.28-05.25.25:055][  0]LogDerivedDataCache: FDerivedDataBackendGraph:  CompressedPak pak cache file ../../../../../../supers-master/supers-master 4.16/supers/DerivedDataCache/Compressed.ddp not found, will not use a pak cache.
[2017.06.28-05.25.25:055][  0]LogDerivedDataCache: Unable to find inner node CompressedPak for hierarchical cache Hierarchy.
[2017.06.28-05.25.25:069][  0]LogDerivedDataCache:Display: Pak cache opened for reading ../../../Engine/DerivedDataCache/Compressed.ddp.
[2017.06.28-05.25.25:083][  0]LogDerivedDataCache: Using Local data cache path C:/Users/NewXB/AppData/Local/UnrealEngine/Common/DerivedDataCache: Writable
[2017.06.28-05.25.25:093][  0]LogMaterial: Verifying Global Shaders for PCD3D_SM5
[2017.06.28-05.25.25:093][  0]LogSlate: Using Freetype 2.6.0
[2017.06.28-05.25.25:094][  0]LogSlate: SlateFontCache - WITH_FREETYPE: 1, WITH_HARFBUZZ: 1
[2017.06.28-05.25.25:094][  0]LogSlate: SlateFontCache - WITH_FREETYPE: 1, WITH_HARFBUZZ: 1
[2017.06.28-05.25.25:819][  0]LogInit: Selected Device Profile: [Windows]
[2017.06.28-05.25.25:912][  0]LogContentStreaming: Texture pool size is 0.00 MB
[2017.06.28-05.25.26:082][  0]LogMeshUtilities: Using QuadricMeshReduction for automatic static mesh reduction
[2017.06.28-05.25.26:133][  0]LogSimplygon: Simplygon DLL not present - disabling.
[2017.06.28-05.25.26:188][  0]LogMeshUtilities: Using SimplygonSwarm for distributed automatic mesh merging
[2017.06.28-05.25.26:188][  0]LogMeshUtilities: No automatic skeletal mesh reduction module available
[2017.06.28-05.25.26:188][  0]LogMeshUtilities: No automatic mesh merging module available
[2017.06.28-05.25.26:868][  0]LogNetVersion: Supers , NetCL: 3452394, EngineNetVer: 2, GameNetVer: 0 (Checksum: 3304520363)
[2017.06.28-05.25.26:931][  0]LogAssetRegistry: FAssetRegistry took 0.0256 seconds to start up
[2017.06.28-05.25.27:026][  0]LogPackageLocalizationCache: Processed 4 localized package path(s) for 2 prioritized culture(s) in 0.074631 seconds
[2017.06.28-05.25.27:031][  0]LogUObjectArray: 34194 objects as part of root set at end of initial load.
[2017.06.28-05.25.27:031][  0]LogUObjectAllocator: 7260424 out of 0 bytes used by permanent object pool.
[2017.06.28-05.25.27:031][  0]LogUObjectArray: CloseDisregardForGC: 0/0 objects in disregard for GC pool
[2017.06.28-05.25.27:090][  0]LogInit: WinSock: version 1.1 (2.2), MaxSocks=32767, MaxUdp=65467
[2017.06.28-05.25.30:328][  0]LogTcpMessaging: Initializing TcpMessaging bridge
[2017.06.28-05.25.30:367][  0]LogUdpMessaging: Initializing bridge on interface 0.0.0.0:0 to multicast group 230.0.0.1:6666.
[2017.06.28-05.25.30:954][  0]LogMaterial: Uniform references updated for custom material expression Custom.
[2017.06.28-05.25.31:419][  0]SourceControl: Info Source control is disabled
[2017.06.28-05.25.31:476][  0]SourceControl: Info Source control is disabled
[2017.06.28-05.25.31:533][  0]SourceControl: Info Source control is disabled
[2017.06.28-05.25.31:593][  0]SourceControl: Info Source control is disabled
[2017.06.28-05.25.32:434][  0]LogAndroidPermission: UAndroidPermissionCallbackProxy::GetInstance
[2017.06.28-05.25.33:136][  0]LogEngine: Initializing Engine...
[2017.06.28-05.25.33:157][  0]LogHMD: Failed to initialize OpenVR with code 126
[2017.06.28-05.25.33:376][  0]LogStats: UGameplayTagsManager::ConstructGameplayTagTree: Construct from data asset -  0.000 s
[2017.06.28-05.25.33:376][  0]LogStats: UGameplayTagsManager::ConstructGameplayTagTree: GameplayTagTreeChangedEvent.Broadcast -  0.000 s
[2017.06.28-05.25.33:519][  0]LogAIModule: Creating AISystem for world Untitled
[2017.06.28-05.25.33:530][  0]LogInit: XAudio2 using 'Speakers (Realtek High Definition Audio)' : 6 channels at 48 kHz using 32 bits per sample (channel mask 0x3f)
[2017.06.28-05.25.33:731][  0]LogInit: FAudioDevice initialized.
[2017.06.28-05.25.33:794][  0]LogDerivedDataCache: Saved boot cache 0.06s 89MB C:/Users/NewXB/AppData/Local/UnrealEngine/4.16/DerivedDataCache/Boot.ddc.
[2017.06.28-05.25.33:804][  0]LogInit: Texture streaming: Enabled
[2017.06.28-05.25.33:905][  0]LogEngineSessionManager: EngineSessionManager initialized
[2017.06.28-05.25.34:154][  0]LogInit: Transaction tracking system initialized
[2017.06.28-05.25.34:490][  0]BlueprintLog: New page: Editor Load
[2017.06.28-05.25.35:460][  0]LocalizationService: Info Localization service is disabled
[2017.06.28-05.25.36:178][  0]LogConsoleResponse:Display: 
[2017.06.28-05.25.36:352][  0]LogCook:Display: Max memory allowance for cook 16384mb min free memory 0mb
[2017.06.28-05.25.36:352][  0]LogCook:Display: Mobile HDR setting 1
[2017.06.28-05.25.36:513][  0]LogFileCache: Scanning file cache for directory 'C:/supers-master/supers-master 4.16/supers/Content/' took 0.01s
[2017.06.28-05.25.37:469][  0]SourceControl: Info Source control is disabled
[2017.06.28-05.25.37:469][  0]Cmd: MAP LOAD FILE="../../../../../../supers-master/supers-master 4.16/supers/Content/TwinStickBP/Maps/TwinStickExampleMap.umap" TEMPLATE=0 SHOWPROGRESS=1 FEATURELEVEL=3
[2017.06.28-05.25.37:469][  0]LightingResults: New page: Lighting Build
[2017.06.28-05.25.37:513][  0]MapCheck: New page: Map Check
[2017.06.28-05.25.37:513][  0]LightingResults: New page: Lighting Build
[2017.06.28-05.25.37:791][  0]LogBlueprint:Warning: Node '/Game/StarterContent/Blueprints/Blueprint_Effect_Sparks.Blueprint_Effect_Sparks:EdGraph_0.K2Node_FunctionEntry_37' missing NodeGuid because of upgrade from old package version, this can cause deterministic cooking issues please resave package.
[2017.06.28-05.25.37:792][  0]LogBlueprint:Warning: Node '/Game/StarterContent/Blueprints/Blueprint_Effect_Sparks.Blueprint_Effect_Sparks:EdGraph_1.K2Node_FunctionEntry_37' missing NodeGuid because of upgrade from old package version, this can cause deterministic cooking issues please resave package.
[2017.06.28-05.25.38:376][  0]LogBlueprint:Warning: Node '/Game/StarterContent/Blueprints/Blueprint_Effect_Sparks.Blueprint_Effect_Sparks:EdGraph_2.K2Node_FunctionEntry_37' missing NodeGuid because of upgrade from old package version, this can cause deterministic cooking issues please resave package.
[2017.06.28-05.25.38:855][  0]LogBlueprint:Warning: Node '/Game/StarterContent/Audio/Fire_Sparks01_Cue.Fire_Sparks01_Cue:SoundCueGraph_7.SoundCueGraphNode_6' missing NodeGuid because of upgrade from old package version, this can cause deterministic cooking issues please resave package.
[2017.06.28-05.25.38:856][  0]LogBlueprint:Warning: Node '/Game/StarterContent/Audio/Fire_Sparks01_Cue.Fire_Sparks01_Cue:SoundCueGraph_7.SoundCueGraphNode_Root_7' missing NodeGuid because of upgrade from old package version, this can cause deterministic cooking issues please resave package.
[2017.06.28-05.25.38:867][  0]LogBlueprint:Warning: Node '/Game/StarterContent/Blueprints/Blueprint_Effect_Sparks.Blueprint_Effect_Sparks:UserConstructionScript.K2Node_FunctionEntry_37' missing NodeGuid because of upgrade from old package version, this can cause deterministic cooking issues please resave package.
[2017.06.28-05.25.39:172][  0]LogAIModule: Creating AISystem for world TwinStickExampleMap
[2017.06.28-05.25.39:189][  0]LogEditorServer: Finished looking for orphan Actors (0.000 secs)
[2017.06.28-05.25.39:219][  0]Cmd: MAP CHECKDEP NOCLEARLOG
[2017.06.28-05.25.39:321][  0]MapCheck:Warning: Warning player1_1352 player1_C /Game/TwinStickBP/Maps/TwinStickExampleMap.TwinStickExampleMap:PersistentLevel.player1_1352 : Externally referenced 
[2017.06.28-05.25.39:321][  0]MapCheck:Warning: Warning player2_2572 player2_C /Game/TwinStickBP/Maps/TwinStickExampleMap.TwinStickExampleMap:PersistentLevel.player2_2572 : Externally referenced 
[2017.06.28-05.25.39:321][  0]MapCheck:Warning: Warning player3_1752 player3_C /Game/TwinStickBP/Maps/TwinStickExampleMap.TwinStickExampleMap:PersistentLevel.player3_1752 : Externally referenced 
[2017.06.28-05.25.39:321][  0]MapCheck:Warning: Warning player4_2142 player4_C /Game/TwinStickBP/Maps/TwinStickExampleMap.TwinStickExampleMap:PersistentLevel.player4_2142 : Externally referenced 
[2017.06.28-05.25.39:321][  0]MapCheck:Warning: Warning player5_6470 player5_C /Game/TwinStickBP/Maps/TwinStickExampleMap.TwinStickExampleMap:PersistentLevel.player5_6470 : Externally referenced 
[2017.06.28-05.25.39:321][  0]MapCheck:Warning: Warning player6_1522 player6_C /Game/TwinStickBP/Maps/TwinStickExampleMap.TwinStickExampleMap:PersistentLevel.player6_1522 : Externally referenced 
[2017.06.28-05.25.39:321][  0]MapCheck:Warning: Warning ShipMeshComponent StaticMeshComponent /Game/TwinStickBP/Maps/TwinStickExampleMap.TwinStickExampleMap:PersistentLevel.player1_1352.ShipMeshComponent : Externally referenced 
[2017.06.28-05.25.39:321][  0]MapCheck:Warning: Warning EnergyShield StaticMeshComponent /Game/TwinStickBP/Maps/TwinStickExampleMap.TwinStickExampleMap:PersistentLevel.player1_1352.EnergyShield : Externally referenced 
[2017.06.28-05.25.39:321][  0]MapCheck:Warning: Warning Shield StaticMeshComponent /Game/TwinStickBP/Maps/TwinStickExampleMap.TwinStickExampleMap:PersistentLevel.player1_1352.Shield : Externally referenced 
[2017.06.28-05.25.39:321][  0]MapCheck:Warning: Warning ShipMeshComponent StaticMeshComponent /Game/TwinStickBP/Maps/TwinStickExampleMap.TwinStickExampleMap:PersistentLevel.player2_2572.ShipMeshComponent : Externally referenced 
[2017.06.28-05.25.39:321][  0]MapCheck:Warning: Warning EnergyShield StaticMeshComponent /Game/TwinStickBP/Maps/TwinStickExampleMap.TwinStickExampleMap:PersistentLevel.player2_2572.EnergyShield : Externally referenced 
[2017.06.28-05.25.39:321][  0]MapCheck:Warning: Warning Shield StaticMeshComponent /Game/TwinStickBP/Maps/TwinStickExampleMap.TwinStickExampleMap:PersistentLevel.player2_2572.Shield : Externally referenced 
[2017.06.28-05.25.39:321][  0]MapCheck:Warning: Warning ShipMeshComponent StaticMeshComponent /Game/TwinStickBP/Maps/TwinStickExampleMap.TwinStickExampleMap:PersistentLevel.player3_1752.ShipMeshComponent : Externally referenced 
[2017.06.28-05.25.39:321][  0]MapCheck:Warning: Warning EnergyShield StaticMeshComponent /Game/TwinStickBP/Maps/TwinStickExampleMap.TwinStickExampleMap:PersistentLevel.player3_1752.EnergyShield : Externally referenced 
[2017.06.28-05.25.39:321][  0]MapCheck:Warning: Warning Shield StaticMeshComponent /Game/TwinStickBP/Maps/TwinStickExampleMap.TwinStickExampleMap:PersistentLevel.player3_1752.Shield : Externally referenced 
[2017.06.28-05.25.39:321][  0]MapCheck:Warning: Warning ShipMeshComponent StaticMeshComponent /Game/TwinStickBP/Maps/TwinStickExampleMap.TwinStickExampleMap:PersistentLevel.player4_2142.ShipMeshComponent : Externally referenced 
[2017.06.28-05.25.39:321][  0]MapCheck:Warning: Warning EnergyShield StaticMeshComponent /Game/TwinStickBP/Maps/TwinStickExampleMap.TwinStickExampleMap:PersistentLevel.player4_2142.EnergyShield : Externally referenced 
[2017.06.28-05.25.39:321][  0]MapCheck:Warning: Warning Shield StaticMeshComponent /Game/TwinStickBP/Maps/TwinStickExampleMap.TwinStickExampleMap:PersistentLevel.player4_2142.Shield : Externally referenced 
[2017.06.28-05.25.39:321][  0]MapCheck:Warning: Warning ShipMeshComponent StaticMeshComponent /Game/TwinStickBP/Maps/TwinStickExampleMap.TwinStickExampleMap:PersistentLevel.player5_6470.ShipMeshComponent : Externally referenced 
[2017.06.28-05.25.39:321][  0]MapCheck:Warning: Warning EnergyShield StaticMeshComponent /Game/TwinStickBP/Maps/TwinStickExampleMap.TwinStickExampleMap:PersistentLevel.player5_6470.EnergyShield : Externally referenced 
[2017.06.28-05.25.39:321][  0]MapCheck:Warning: Warning Shield StaticMeshComponent /Game/TwinStickBP/Maps/TwinStickExampleMap.TwinStickExampleMap:PersistentLevel.player5_6470.Shield : Externally referenced 
[2017.06.28-05.25.39:321][  0]MapCheck:Warning: Warning ShipMeshComponent StaticMeshComponent /Game/TwinStickBP/Maps/TwinStickExampleMap.TwinStickExampleMap:PersistentLevel.player6_1522.ShipMeshComponent : Externally referenced 
[2017.06.28-05.25.39:321][  0]MapCheck:Warning: Warning EnergyShield StaticMeshComponent /Game/TwinStickBP/Maps/TwinStickExampleMap.TwinStickExampleMap:PersistentLevel.player6_1522.EnergyShield : Externally referenced 
[2017.06.28-05.25.39:321][  0]MapCheck:Warning: Warning Shield StaticMeshComponent /Game/TwinStickBP/Maps/TwinStickExampleMap.TwinStickExampleMap:PersistentLevel.player6_1522.Shield : Externally referenced 
[2017.06.28-05.25.39:321][  0]MapCheck:Warning: Warning StaticMeshComponent0 StaticMeshComponent /Game/TwinStickBP/Maps/TwinStickExampleMap.TwinStickExampleMap:PersistentLevel.Floor_18.StaticMeshComponent0 : Externally referenced 
[2017.06.28-05.25.39:321][  0]MapCheck:Warning: Warning StaticMeshComponent0 StaticMeshComponent /Game/TwinStickBP/Maps/TwinStickExampleMap.TwinStickExampleMap:PersistentLevel.Obstacle2_3.StaticMeshComponent0 : Externally referenced 
[2017.06.28-05.25.39:321][  0]MapCheck:Warning: Warning StaticMeshComponent0 StaticMeshComponent /Game/TwinStickBP/Maps/TwinStickExampleMap.TwinStickExampleMap:PersistentLevel.Wall1_17.StaticMeshComponent0 : Externally referenced 
[2017.06.28-05.25.39:321][  0]MapCheck:Warning: Warning StaticMeshComponent0 StaticMeshComponent /Game/TwinStickBP/Maps/TwinStickExampleMap.TwinStickExampleMap:PersistentLevel.Wall5.StaticMeshComponent0 : Externally referenced 
[2017.06.28-05.25.39:321][  0]MapCheck:Warning: Warning StaticMeshComponent0 StaticMeshComponent /Game/TwinStickBP/Maps/TwinStickExampleMap.TwinStickExampleMap:PersistentLevel.Wall6.StaticMeshComponent0 : Externally referenced 
[2017.06.28-05.25.39:321][  0]MapCheck:Warning: Warning StaticMeshComponent0 StaticMeshComponent /Game/TwinStickBP/Maps/TwinStickExampleMap.TwinStickExampleMap:PersistentLevel.Wall7.StaticMeshComponent0 : Externally referenced 
[2017.06.28-05.25.39:321][  0]MapCheck:Warning: Warning K2Node_CallFunction_2339 K2Node_CallFunction /Game/TwinStickBP/Maps/TwinStickExampleMap.TwinStickExampleMap:PersistentLevel.TwinStickExampleMap.EventGraph.K2Node_CallFunction_2339 : Externally referenced 
[2017.06.28-05.25.39:321][  0]MapCheck: Info Map check complete: 0 Error(s), 31 Warning(s), took 102.689ms to complete.
[2017.06.28-05.25.39:331][  0]LogFileHelpers: Loading map 'TwinStickExampleMap' took 1.863
[2017.06.28-05.25.39:452][  0]LogCollectionManager: Loaded 0 collections in 0.002185 seconds
[2017.06.28-05.25.39:538][  0]LogFileCache: Scanning file cache for directory 'C:/supers-master/supers-master 4.16/supers/Saved/Collections/' took 0.01s
[2017.06.28-05.25.39:538][  0]LogFileCache: Scanning file cache for directory 'C:/supers-master/supers-master 4.16/supers/Content/Developers/NewXB/Collections/' took 0.01s
[2017.06.28-05.25.39:538][  0]LogFileCache: Scanning file cache for directory 'C:/supers-master/supers-master 4.16/supers/Content/Collections/' took 0.01s
[2017.06.28-05.25.39:538][  0]LogCollectionManager: Rebuilt the GUID cache for 0 collections in 0.000001 seconds
[2017.06.28-05.25.39:547][  0]LogContentBrowser: Native class hierarchy populated in 0.0090 seconds. Added 2329 classes and 491 folders.
[2017.06.28-05.25.39:613][  0]LogContentBrowser: Native class hierarchy updated for 'WidgetCarousel' in 0.0005 seconds. Added 0 classes and 0 folders.
[2017.06.28-05.25.39:678][  0]LogContentBrowser: Native class hierarchy updated for 'AddContentDialog' in 0.0005 seconds. Added 0 classes and 0 folders.
[2017.06.28-05.25.39:726][  0]LogContentBrowser: Native class hierarchy updated for 'SceneOutliner' in 0.0005 seconds. Added 1 classes and 2 folders.
[2017.06.28-05.25.39:771][  0]LogCrashTracker: Crashtracker disabled due to settings.
[2017.06.28-05.25.39:778][  0]LogSlate: Took 0.000305 seconds to synchronously load lazily loaded font '../../../Engine/Content/Slate/Fonts/Roboto-Regular.ttf' (155K)
[2017.06.28-05.25.39:780][  0]LogSlate: Took 0.000365 seconds to synchronously load lazily loaded font '../../../Engine/Content/Slate/Fonts/Roboto-Bold.ttf' (160K)
[2017.06.28-05.25.39:785][  0]LogSlate: Took 0.000256 seconds to synchronously load lazily loaded font '../../../Engine/Content/Editor/Slate/Fonts/FontAwesome.ttf' (139K)
[2017.06.28-05.25.39:888][  0]LogRenderer: Reallocating scene render targets to support 1208x576 NumSamples 1 (Frame:1).
[2017.06.28-05.25.39:935][  0]LogSlate: Took 0.000225 seconds to synchronously load lazily loaded font '../../../Engine/Content/Slate/Fonts/Roboto-Light.ttf' (159K)
[2017.06.28-05.25.40:018][  0]LogUObjectGlobals:Warning: Failed to find object 'Class None.'
[2017.06.28-05.25.40:096][  0]LogContentBrowser: Native class hierarchy updated for 'HierarchicalLODOutliner' in 0.0005 seconds. Added 1 classes and 2 folders.
[2017.06.28-05.25.40:096][  0]LogLoad: (Engine Initialization) Total time: 23.00 seconds
[2017.06.28-05.25.40:096][  0]LogLoad: (Engine Initialization) Total Blueprint compile time: 0.62 seconds
[2017.06.28-05.25.40:096][  0]LogExternalProfiler: Found external profiler: VSPerf
[2017.06.28-05.25.40:096][  0]LogExternalProfiler: Using external profiler: VSPerf
[2017.06.28-05.25.40:115][  0]LogWindowsTextInputMethodSystem:Display: IME system now deactivated.
[2017.06.28-05.25.40:116][  0]LogOcInput: OculusInput pre-init called
[2017.06.28-05.25.40:116][  0]LogHMD: Starting GearVRController plugin
[2017.06.28-05.25.40:147][  0]LogContentStreaming: Texture pool size now 1000 MB
[2017.06.28-05.25.40:202][  1]LogAssetRegistry: Asset discovery search completed in 13.2933 seconds
[2017.06.28-05.25.40:204][  1]LogCollectionManager: Rebuilt the object cache for 0 collections in 0.000000 seconds (found 0 objects)
[2017.06.28-05.25.40:204][  1]LogCollectionManager: Fixed up redirectors for 0 collections in 0.000041 seconds (updated 0 objects)
[2017.06.28-05.25.42:587][140]LogSlate: Took 0.000190 seconds to synchronously load lazily loaded font '../../../Engine/Content/Slate/Fonts/Roboto-Light.ttf' (159K)
[2017.06.28-05.25.42:956][140]LogContentBrowser: Native class hierarchy updated for 'BlueprintGraph' in 0.0008 seconds. Added 112 classes and 0 folders.
[2017.06.28-05.25.43:474][140]LogSlate: Took 0.000238 seconds to synchronously load lazily loaded font '../../../Engine/Content/Slate/Fonts/Roboto-Regular.ttf' (155K)
[2017.06.28-05.25.43:572][140]LogSlate: Took 0.000237 seconds to synchronously load lazily loaded font '../../../Engine/Content/Editor/Slate/Fonts/Roboto-BoldCondensed.ttf' (158K)
[2017.06.28-05.25.43:950][141]LogSlate: Took 0.000278 seconds to synchronously load lazily loaded font '../../../Engine/Content/Editor/Slate/Fonts/Roboto-Italic.ttf' (157K)
[2017.06.28-05.25.55:960][820]BlueprintLog: New page: Compile player4
[2017.06.28-05.26.11:250][637]BlueprintLog: New page: Compile player4
[2017.06.28-05.26.49:263][786]Cmd: OBJ SAVEPACKAGE PACKAGE="/Game/TwinStickBP/Blueprints/player4" FILE="../../../../../../supers-master/supers-master 4.16/supers/Content/TwinStickBP/Blueprints/player4.uasset" SILENT=true
[2017.06.28-05.26.49:524][786]LogSavePackage: Save=241.47ms
[2017.06.28-05.26.49:524][786]LogSavePackage: Moving '../../../../../../supers-master/supers-master 4.16/supers/Saved/player4E30E90714459A10059AEDD851324E091.tmp' to '../../../../../../supers-master/supers-master 4.16/supers/Content/TwinStickBP/Blueprints/player4.uasset'
[2017.06.28-05.26.49:529][786]LogSavePackage:Display: Finished SavePackage ../../../../../../supers-master/supers-master 4.16/supers/Content/TwinStickBP/Blueprints/player4.uasset
[2017.06.28-05.26.54:068][ 58]LogTemp: Repeting last play command: New Editor Window (PIE)
[2017.06.28-05.26.54:117][ 58]LogBlueprintUserMessages: Early PlayInEditor Detection: Level '/Game/TwinStickBP/Maps/TwinStickExampleMap.TwinStickExampleMap:PersistentLevel' has LevelScriptBlueprint '/Game/TwinStickBP/Maps/TwinStickExampleMap.TwinStickExampleMap:PersistentLevel.TwinStickExampleMap' with GeneratedClass '/Game/TwinStickBP/Maps/TwinStickExampleMap.TwinStickExampleMap_C' with ClassGeneratedBy '/Game/TwinStickBP/Maps/TwinStickExampleMap.TwinStickExampleMap:PersistentLevel.TwinStickExampleMap'
[2017.06.28-05.26.54:117][ 58]LogPlayLevel: PlayLevel: No blueprints needed recompiling
[2017.06.28-05.26.54:118][ 58]PIE: New page: PIE session: TwinStickExampleMap (Jun 27, 2017, 3:26:54 PM)
[2017.06.28-05.26.54:118][ 58]LogPlayLevel: Creating play world package: /Game/TwinStickBP/Maps/UEDPIE_0_TwinStickExampleMap
[2017.06.28-05.26.54:130][ 58]LogPlayLevel: PIE: StaticDuplicateObject took: (0.012138s)
[2017.06.28-05.26.54:131][ 58]LogAIModule: Creating AISystem for world TwinStickExampleMap
[2017.06.28-05.26.54:131][ 58]LogPlayLevel: PIE: World Init took: (0.000662s)
[2017.06.28-05.26.54:131][ 58]LogPlayLevel: PIE: Created PIE world by copying editor world from /Game/TwinStickBP/Maps/TwinStickExampleMap.TwinStickExampleMap to /Game/TwinStickBP/Maps/UEDPIE_0_TwinStickExampleMap.TwinStickExampleMap (0.013066s)
[2017.06.28-05.26.54:158][ 58]LogInit: XAudio2 using 'Speakers (Realtek High Definition Audio)' : 6 channels at 48 kHz using 32 bits per sample (channel mask 0x3f)
[2017.06.28-05.26.54:224][ 58]LogInit: FAudioDevice initialized.
[2017.06.28-05.26.54:293][ 58]LogLoad: Game class is 'TwinStickGameMode_C'
[2017.06.28-05.26.54:299][ 58]LogWorld: Bringing World /Game/TwinStickBP/Maps/UEDPIE_0_TwinStickExampleMap.TwinStickExampleMap up for play (max tick rate 60) at 2017.06.27-22.26.54
[2017.06.28-05.26.54:299][ 58]LogWorld: Bringing up level for play took: 0.003384
[2017.06.28-05.26.54:347][ 58]LogContentBrowser: Native class hierarchy updated for 'MovieSceneCapture' in 0.0006 seconds. Added 11 classes and 0 folders.
[2017.06.28-05.26.54:347][ 58]LogGameMode:Display: Match State Changed from EnteringMap to WaitingToStart
[2017.06.28-05.26.54:347][ 58]LogGameState: Match State Changed from EnteringMap to WaitingToStart
[2017.06.28-05.26.54:347][ 58]LogGameMode:Display: Match State Changed from WaitingToStart to InProgress
[2017.06.28-05.26.54:348][ 58]LogPlayerManagement:Error: Failed to Create Player: Maximum number of players (4) already created.  Unable to create more.
[2017.06.28-05.26.54:348][ 58]LogPlayerManagement:Error: Failed to Create Player: Maximum number of players (4) already created.  Unable to create more.
[2017.06.28-05.26.54:348][ 58]LogScript:Warning: Accessed None trying to read property CallFunc_GetPlayerController_ReturnValue3
	TwinStickExampleMap_C /Game/TwinStickBP/Maps/UEDPIE_0_TwinStickExampleMap.TwinStickExampleMap:PersistentLevel.TwinStickExampleMap_C_0
	Function /Game/TwinStickBP/Maps/TwinStickExampleMap.TwinStickExampleMap_C:ExecuteUbergraph_TwinStickExampleMap:03AA
[2017.06.28-05.26.54:349][ 58]PIE:Error: Error Blueprint Runtime Error: Accessed None trying to read property CallFunc_GetPlayerController_ReturnValue3 from function: 'ExecuteUbergraph_TwinStickExampleMap' from node: Possess in graph: EventGraph in object: TwinStickExampleMap with description: Accessed None trying to read property CallFunc_GetPlayerController_ReturnValue3
[2017.06.28-05.26.54:349][ 58]LogScript:Warning: Accessed None trying to read property CallFunc_GetPlayerController_ReturnValue6
	TwinStickExampleMap_C /Game/TwinStickBP/Maps/UEDPIE_0_TwinStickExampleMap.TwinStickExampleMap:PersistentLevel.TwinStickExampleMap_C_0
	Function /Game/TwinStickBP/Maps/TwinStickExampleMap.TwinStickExampleMap_C:ExecuteUbergraph_TwinStickExampleMap:00C6
[2017.06.28-05.26.54:349][ 58]PIE:Error: Error Blueprint Runtime Error: Accessed None trying to read property CallFunc_GetPlayerController_ReturnValue6 from function: 'ExecuteUbergraph_TwinStickExampleMap' from node: Possess in graph: EventGraph in object: TwinStickExampleMap with description: Accessed None trying to read property CallFunc_GetPlayerController_ReturnValue6
[2017.06.28-05.26.54:350][ 58]LogGameState: Match State Changed from WaitingToStart to InProgress
[2017.06.28-05.26.54:360][ 58]PIE: Info Play in editor start time for /Game/TwinStickBP/Maps/UEDPIE_0_TwinStickExampleMap 0.203
[2017.06.28-05.26.54:361][ 58]LogBlueprintUserMessages: Late PlayInEditor Detection: Level '/Game/TwinStickBP/Maps/TwinStickExampleMap.TwinStickExampleMap:PersistentLevel' has LevelScriptBlueprint '/Game/TwinStickBP/Maps/TwinStickExampleMap.TwinStickExampleMap:PersistentLevel.TwinStickExampleMap' with GeneratedClass '/Game/TwinStickBP/Maps/TwinStickExampleMap.TwinStickExampleMap_C' with ClassGeneratedBy '/Game/TwinStickBP/Maps/TwinStickExampleMap.TwinStickExampleMap:PersistentLevel.TwinStickExampleMap'
[2017.06.28-05.26.54:409][ 58]LogRenderer: Reallocating scene render targets to support 1292x756 NumSamples 1 (Frame:1).
[2017.06.28-05.27.16:062][339]LogBlueprintUserMessages: Early EndPlayMap Detection: Level '/Game/TwinStickBP/Maps/TwinStickExampleMap.TwinStickExampleMap:PersistentLevel' has LevelScriptBlueprint '/Game/TwinStickBP/Maps/TwinStickExampleMap.TwinStickExampleMap:PersistentLevel.TwinStickExampleMap' with GeneratedClass '/Game/TwinStickBP/Maps/TwinStickExampleMap.TwinStickExampleMap_C' with ClassGeneratedBy '/Game/TwinStickBP/Maps/TwinStickExampleMap.TwinStickExampleMap:PersistentLevel.TwinStickExampleMap'
[2017.06.28-05.27.16:142][339]LogBlueprintUserMessages: Late EndPlayMap Detection: Level '/Game/TwinStickBP/Maps/TwinStickExampleMap.TwinStickExampleMap:PersistentLevel' has LevelScriptBlueprint '/Game/TwinStickBP/Maps/TwinStickExampleMap.TwinStickExampleMap:PersistentLevel.TwinStickExampleMap' with GeneratedClass '/Game/TwinStickBP/Maps/TwinStickExampleMap.TwinStickExampleMap_C' with ClassGeneratedBy '/Game/TwinStickBP/Maps/TwinStickExampleMap.TwinStickExampleMap:PersistentLevel.TwinStickExampleMap'
[2017.06.28-05.27.18:005][431]LogTemp: Repeting last play command: New Editor Window (PIE)
[2017.06.28-05.27.18:021][431]LogBlueprintUserMessages: Early PlayInEditor Detection: Level '/Game/TwinStickBP/Maps/TwinStickExampleMap.TwinStickExampleMap:PersistentLevel' has LevelScriptBlueprint '/Game/TwinStickBP/Maps/TwinStickExampleMap.TwinStickExampleMap:PersistentLevel.TwinStickExampleMap' with GeneratedClass '/Game/TwinStickBP/Maps/TwinStickExampleMap.TwinStickExampleMap_C' with ClassGeneratedBy '/Game/TwinStickBP/Maps/TwinStickExampleMap.TwinStickExampleMap:PersistentLevel.TwinStickExampleMap'
[2017.06.28-05.27.18:021][431]LogPlayLevel: PlayLevel: No blueprints needed recompiling
[2017.06.28-05.27.18:021][431]PIE: New page: PIE session: TwinStickExampleMap (Jun 27, 2017, 3:27:18 PM)
[2017.06.28-05.27.18:021][431]LogPlayLevel: Creating play world package: /Game/TwinStickBP/Maps/UEDPIE_0_TwinStickExampleMap
[2017.06.28-05.27.18:028][431]LogPlayLevel: PIE: StaticDuplicateObject took: (0.006562s)
[2017.06.28-05.27.18:028][431]LogAIModule: Creating AISystem for world TwinStickExampleMap
[2017.06.28-05.27.18:028][431]LogPlayLevel: PIE: World Init took: (0.000556s)
[2017.06.28-05.27.18:028][431]LogPlayLevel: PIE: Created PIE world by copying editor world from /Game/TwinStickBP/Maps/TwinStickExampleMap.TwinStickExampleMap to /Game/TwinStickBP/Maps/UEDPIE_0_TwinStickExampleMap.TwinStickExampleMap (0.007297s)
[2017.06.28-05.27.18:050][431]LogInit: XAudio2 using 'Speakers (Realtek High Definition Audio)' : 6 channels at 48 kHz using 32 bits per sample (channel mask 0x3f)
[2017.06.28-05.27.18:114][431]LogInit: FAudioDevice initialized.
[2017.06.28-05.27.18:169][431]LogLoad: Game class is 'TwinStickGameMode_C'
[2017.06.28-05.27.18:173][431]LogWorld: Bringing World /Game/TwinStickBP/Maps/UEDPIE_0_TwinStickExampleMap.TwinStickExampleMap up for play (max tick rate 60) at 2017.06.27-22.27.18
[2017.06.28-05.27.18:173][431]LogWorld: Bringing up level for play took: 0.002214
[2017.06.28-05.27.18:174][431]LogGameMode:Display: Match State Changed from EnteringMap to WaitingToStart
[2017.06.28-05.27.18:174][431]LogGameState: Match State Changed from EnteringMap to WaitingToStart
[2017.06.28-05.27.18:174][431]LogGameMode:Display: Match State Changed from WaitingToStart to InProgress
[2017.06.28-05.27.18:175][431]LogPlayerManagement:Error: Failed to Create Player: Maximum number of players (4) already created.  Unable to create more.
[2017.06.28-05.27.18:175][431]LogPlayerManagement:Error: Failed to Create Player: Maximum number of players (4) already created.  Unable to create more.
[2017.06.28-05.27.18:175][431]LogScript:Warning: Accessed None trying to read property CallFunc_GetPlayerController_ReturnValue3
	TwinStickExampleMap_C /Game/TwinStickBP/Maps/UEDPIE_0_TwinStickExampleMap.TwinStickExampleMap:PersistentLevel.TwinStickExampleMap_C_0
	Function /Game/TwinStickBP/Maps/TwinStickExampleMap.TwinStickExampleMap_C:ExecuteUbergraph_TwinStickExampleMap:03AA
[2017.06.28-05.27.18:175][431]PIE:Error: Error Blueprint Runtime Error: Accessed None trying to read property CallFunc_GetPlayerController_ReturnValue3 from function: 'ExecuteUbergraph_TwinStickExampleMap' from node: Possess in graph: EventGraph in object: TwinStickExampleMap with description: Accessed None trying to read property CallFunc_GetPlayerController_ReturnValue3
[2017.06.28-05.27.18:175][431]LogScript:Warning: Accessed None trying to read property CallFunc_GetPlayerController_ReturnValue6
	TwinStickExampleMap_C /Game/TwinStickBP/Maps/UEDPIE_0_TwinStickExampleMap.TwinStickExampleMap:PersistentLevel.TwinStickExampleMap_C_0
	Function /Game/TwinStickBP/Maps/TwinStickExampleMap.TwinStickExampleMap_C:ExecuteUbergraph_TwinStickExampleMap:00C6
[2017.06.28-05.27.18:175][431]PIE:Error: Error Blueprint Runtime Error: Accessed None trying to read property CallFunc_GetPlayerController_ReturnValue6 from function: 'ExecuteUbergraph_TwinStickExampleMap' from node: Possess in graph: EventGraph in object: TwinStickExampleMap with description: Accessed None trying to read property CallFunc_GetPlayerController_ReturnValue6
[2017.06.28-05.27.18:176][431]LogGameState: Match State Changed from WaitingToStart to InProgress
[2017.06.28-05.27.18:187][431]PIE: Info Play in editor start time for /Game/TwinStickBP/Maps/UEDPIE_0_TwinStickExampleMap 0.029
[2017.06.28-05.27.18:187][431]LogBlueprintUserMessages: Late PlayInEditor Detection: Level '/Game/TwinStickBP/Maps/TwinStickExampleMap.TwinStickExampleMap:PersistentLevel' has LevelScriptBlueprint '/Game/TwinStickBP/Maps/TwinStickExampleMap.TwinStickExampleMap:PersistentLevel.TwinStickExampleMap' with GeneratedClass '/Game/TwinStickBP/Maps/TwinStickExampleMap.TwinStickExampleMap_C' with ClassGeneratedBy '/Game/TwinStickBP/Maps/TwinStickExampleMap.TwinStickExampleMap:PersistentLevel.TwinStickExampleMap'
[2017.06.28-05.27.36:861][541]LogBlueprintUserMessages: Early EndPlayMap Detection: Level '/Game/TwinStickBP/Maps/TwinStickExampleMap.TwinStickExampleMap:PersistentLevel' has LevelScriptBlueprint '/Game/TwinStickBP/Maps/TwinStickExampleMap.TwinStickExampleMap:PersistentLevel.TwinStickExampleMap' with GeneratedClass '/Game/TwinStickBP/Maps/TwinStickExampleMap.TwinStickExampleMap_C' with ClassGeneratedBy '/Game/TwinStickBP/Maps/TwinStickExampleMap.TwinStickExampleMap:PersistentLevel.TwinStickExampleMap'
[2017.06.28-05.27.36:942][541]LogBlueprintUserMessages: Late EndPlayMap Detection: Level '/Game/TwinStickBP/Maps/TwinStickExampleMap.TwinStickExampleMap:PersistentLevel' has LevelScriptBlueprint '/Game/TwinStickBP/Maps/TwinStickExampleMap.TwinStickExampleMap:PersistentLevel.TwinStickExampleMap' with GeneratedClass '/Game/TwinStickBP/Maps/TwinStickExampleMap.TwinStickExampleMap_C' with ClassGeneratedBy '/Game/TwinStickBP/Maps/TwinStickExampleMap.TwinStickExampleMap:PersistentLevel.TwinStickExampleMap'
[2017.06.28-05.27.50:131][936]Cmd: QUIT_EDITOR
[2017.06.28-05.27.50:686][936]LogWindowsTextInputMethodSystem:Display: IME system now deactivated.
[2017.06.28-05.27.50:698][936]LogExit: Preparing to exit.
[2017.06.28-05.27.51:551][936]LogDirectoryWatcher: A directory notification for 'C:/supers-master/supers-master 4.16/supers/Content/' was aborted.
[2017.06.28-05.27.51:585][936]LogExit: Editor shut down
[2017.06.28-05.27.51:586][936]LogExit: Transaction tracking system shut down
[2017.06.28-05.27.51:669][936]LogObj: Freed 0b from 0 cluster array pools.
[2017.06.28-05.27.51:669][936]LogExit: Object subsystem successfully closed.
[2017.06.28-05.27.51:687][936]LogD3D11RHI: Shutdown
[2017.06.28-05.27.51:687][936]LogD3D11RHI: CleanupD3DDevice
[2017.06.28-05.27.51:688][936]LogD3D11RHI: ~FD3D11DynamicRHI
[2017.06.28-05.27.51:707][936]LogModuleManager: Shutting down and abandoning module MovieSceneCapture (530)
[2017.06.28-05.27.51:707][936]LogModuleManager: Shutting down and abandoning module BlueprintGraph (528)
[2017.06.28-05.27.51:707][936]LogModuleManager: Shutting down and abandoning module BlueprintProfiler (526)
[2017.06.28-05.27.51:707][936]LogModuleManager: Shutting down and abandoning module HierarchicalLODOutliner (524)
[2017.06.28-05.27.51:707][936]LogModuleManager: Shutting down and abandoning module CrashTracker (522)
[2017.06.28-05.27.51:707][936]LogModuleManager: Shutting down and abandoning module SceneOutliner (520)
[2017.06.28-05.27.51:707][936]LogModuleManager: Shutting down and abandoning module AddContentDialog (518)
[2017.06.28-05.27.51:707][936]LogDirectoryWatcher: A directory notification for 'C:/Program Files/Epic Games/UE_4.16/FeaturePacks/' was aborted.
[2017.06.28-05.27.51:708][936]LogModuleManager: Shutting down and abandoning module WidgetCarousel (517)
[2017.06.28-05.27.51:708][936]LogModuleManager: Shutting down and abandoning module EditorWidgets (514)
[2017.06.28-05.27.51:708][936]LogModuleManager: Shutting down and abandoning module CollectionManager (512)
[2017.06.28-05.27.51:708][936]LogDirectoryWatcher: A directory notification for 'C:/supers-master/supers-master 4.16/supers/Content/Collections/' was aborted.
[2017.06.28-05.27.51:708][936]LogDirectoryWatcher: A directory notification for 'C:/supers-master/supers-master 4.16/supers/Content/Developers/NewXB/Collections/' was aborted.
[2017.06.28-05.27.51:708][936]LogDirectoryWatcher: A directory notification for 'C:/supers-master/supers-master 4.16/supers/Saved/Collections/' was aborted.
[2017.06.28-05.27.51:709][936]LogModuleManager: Shutting down and abandoning module StatsViewer (510)
[2017.06.28-05.27.51:709][936]LogModuleManager: Shutting down and abandoning module FoliageEdit (508)
[2017.06.28-05.27.51:709][936]LogModuleManager: Shutting down and abandoning module LandscapeEditor (506)
[2017.06.28-05.27.51:709][936]LogModuleManager: Shutting down and abandoning module MeshPaintMode (504)
[2017.06.28-05.27.51:709][936]LogModuleManager: Shutting down and abandoning module SceneDepthPickerMode (502)
[2017.06.28-05.27.51:709][936]LogModuleManager: Shutting down and abandoning module ActorPickerMode (500)
[2017.06.28-05.27.51:709][936]LogModuleManager: Shutting down and abandoning module GeometryMode (498)
[2017.06.28-05.27.51:709][936]LogModuleManager: Shutting down and abandoning module TextureAlignMode (496)
[2017.06.28-05.27.51:709][936]LogModuleManager: Shutting down and abandoning module BspMode (494)
[2017.06.28-05.27.51:709][936]LogModuleManager: Shutting down and abandoning module HardwareSurvey (492)
[2017.06.28-05.27.51:709][936]LogModuleManager: Shutting down and abandoning module SequenceRecorderSections (490)
[2017.06.28-05.27.51:709][936]LogModuleManager: Shutting down and abandoning module AutomationWorker (488)
[2017.06.28-05.27.51:709][936]LogModuleManager: Shutting down and abandoning module MatineeToLevelSequence (486)
[2017.06.28-05.27.51:709][936]LogModuleManager: Shutting down and abandoning module LevelSequenceEditor (484)
[2017.06.28-05.27.51:709][936]LogModuleManager: Shutting down and abandoning module PlacementMode (483)
[2017.06.28-05.27.51:709][936]LogModuleManager: Shutting down and abandoning module WmfMediaFactory (480)
[2017.06.28-05.27.51:709][936]LogModuleManager: Shutting down and abandoning module WmfMediaEditor (478)
[2017.06.28-05.27.51:709][936]LogModuleManager: Shutting down and abandoning module AvfMediaFactory (476)
[2017.06.28-05.27.51:709][936]LogModuleManager: Shutting down and abandoning module AvfMediaEditor (474)
[2017.06.28-05.27.51:709][936]LogModuleManager: Shutting down and abandoning module AndroidMediaFactory (472)
[2017.06.28-05.27.51:709][936]LogModuleManager: Shutting down and abandoning module Media (471)
[2017.06.28-05.27.51:709][936]LogModuleManager: Shutting down and abandoning module AndroidMediaEditor (468)
[2017.06.28-05.27.51:709][936]LogModuleManager: Shutting down and abandoning module CharacterAI (466)
[2017.06.28-05.27.51:709][936]LogModuleManager: Shutting down and abandoning module AudioCapture (464)
[2017.06.28-05.27.51:709][936]LogModuleManager: Shutting down and abandoning module SequenceRecorder (463)
[2017.06.28-05.27.51:709][936]LogModuleManager: Shutting down and abandoning module SmartSnapping (460)
[2017.06.28-05.27.51:709][936]LogModuleManager: Shutting down and abandoning module SessionServices (458)
[2017.06.28-05.27.51:709][936]LogModuleManager: Shutting down and abandoning module ViewportSnapping (456)
[2017.06.28-05.27.51:709][936]LogModuleManager: Shutting down and abandoning module ViewportInteraction (454)
[2017.06.28-05.27.51:709][936]LogModuleManager: Shutting down and abandoning module ClothPainter (452)
[2017.06.28-05.27.51:709][936]LogModuleManager: Shutting down and abandoning module LogVisualizer (450)
[2017.06.28-05.27.51:709][936]LogModuleManager: Shutting down and abandoning module IntroTutorials (448)
[2017.06.28-05.27.51:709][936]LogModuleManager: Shutting down and abandoning module GameProjectGeneration (447)
[2017.06.28-05.27.51:709][936]LogModuleManager: Shutting down and abandoning module EditorLiveStreaming (444)
[2017.06.28-05.27.51:709][936]LogModuleManager: Shutting down and abandoning module IOSPlatformEditor (442)
[2017.06.28-05.27.51:709][936]LogModuleManager: Shutting down and abandoning module HTML5PlatformEditor (440)
[2017.06.28-05.27.51:709][936]LogModuleManager: Shutting down and abandoning module AndroidPlatformEditor (438)
[2017.06.28-05.27.51:709][936]LogModuleManager: Shutting down and abandoning module AndroidDeviceDetection (437)
[2017.06.28-05.27.51:856][936]LogModuleManager: Shutting down and abandoning module IOSRuntimeSettings (434)
[2017.06.28-05.27.51:856][936]LogModuleManager: Shutting down and abandoning module AndroidRuntimeSettings (432)
[2017.06.28-05.27.51:856][936]LogModuleManager: Shutting down and abandoning module InputBindingEditor (430)
[2017.06.28-05.27.51:856][936]LogModuleManager: Shutting down and abandoning module MergeActors (428)
[2017.06.28-05.27.51:856][936]LogModuleManager: Shutting down and abandoning module SizeMap (426)
[2017.06.28-05.27.51:856][936]LogModuleManager: Shutting down and abandoning module TreeMap (424)
[2017.06.28-05.27.51:856][936]LogModuleManager: Shutting down and abandoning module ReferenceViewer (422)
[2017.06.28-05.27.51:856][936]LogModuleManager: Shutting down and abandoning module LocalizationDashboard (420)
[2017.06.28-05.27.51:856][936]LogModuleManager: Shutting down and abandoning module LocalizationService (419)
[2017.06.28-05.27.51:856][936]LogModuleManager: Shutting down and abandoning module HardwareTargeting (416)
[2017.06.28-05.27.51:856][936]LogModuleManager: Shutting down and abandoning module DeviceProfileEditor (414)
[2017.06.28-05.27.51:856][936]LogModuleManager: Shutting down and abandoning module UndoHistory (412)
[2017.06.28-05.27.51:856][936]LogModuleManager: Shutting down and abandoning module UserFeedback (410)
[2017.06.28-05.27.51:856][936]LogModuleManager: Shutting down and abandoning module XmlParser (408)
[2017.06.28-05.27.51:856][936]LogModuleManager: Shutting down and abandoning module Blutility (406)
[2017.06.28-05.27.51:856][936]LogModuleManager: Shutting down and abandoning module ProjectSettingsViewer (404)
[2017.06.28-05.27.51:856][936]LogModuleManager: Shutting down and abandoning module ProjectTargetPlatformEditor (403)
[2017.06.28-05.27.51:856][936]LogModuleManager: Shutting down and abandoning module EditorSettingsViewer (400)
[2017.06.28-05.27.51:856][936]LogModuleManager: Shutting down and abandoning module SettingsEditor (398)
[2017.06.28-05.27.51:857][936]LogModuleManager: Shutting down and abandoning module ProjectLauncher (396)
[2017.06.28-05.27.51:857][936]LogModuleManager: Shutting down and abandoning module SessionFrontend (394)
[2017.06.28-05.27.51:857][936]LogModuleManager: Shutting down and abandoning module ProfilerClient (392)
[2017.06.28-05.27.51:857][936]LogModuleManager: Shutting down and abandoning module DeviceManager (390)
[2017.06.28-05.27.51:857][936]LogModuleManager: Shutting down and abandoning module TargetDeviceServices (389)
[2017.06.28-05.27.51:910][936]LogModuleManager: Shutting down and abandoning module AutomationController (386)
[2017.06.28-05.27.51:910][936]LogModuleManager: Shutting down and abandoning module AutomationWindow (384)
[2017.06.28-05.27.51:910][936]LogModuleManager: Shutting down and abandoning module Layers (382)
[2017.06.28-05.27.51:910][936]LogModuleManager: Shutting down and abandoning module ComponentVisualizers (380)
[2017.06.28-05.27.51:910][936]LogModuleManager: Shutting down and abandoning module DetailCustomizations (378)
[2017.06.28-05.27.51:910][936]LogModuleManager: Shutting down and abandoning module PackagesDialog (376)
[2017.06.28-05.27.51:910][936]LogModuleManager: Shutting down and abandoning module Persona (374)
[2017.06.28-05.27.51:910][936]LogModuleManager: Shutting down and abandoning module AdvancedPreviewScene (373)
[2017.06.28-05.27.51:910][936]LogModuleManager: Shutting down and abandoning module AnimGraph (371)
[2017.06.28-05.27.51:910][936]LogModuleManager: Shutting down and abandoning module Kismet (368)
[2017.06.28-05.27.51:917][936]LogModuleManager: Shutting down and abandoning module ClassViewer (366)
[2017.06.28-05.27.51:917][936]LogModuleManager: Shutting down and abandoning module Toolbox (364)
[2017.06.28-05.27.51:917][936]LogModuleManager: Shutting down and abandoning module ModuleUI (362)
[2017.06.28-05.27.51:917][936]LogModuleManager: Shutting down and abandoning module MovieSceneTools (360)
[2017.06.28-05.27.51:917][936]LogModuleManager: Shutting down and abandoning module OutputLog (358)
[2017.06.28-05.27.51:918][936]LogModuleManager: Shutting down and abandoning module GammaUI (356)
[2017.06.28-05.27.51:918][936]LogModuleManager: Shutting down and abandoning module Documentation (354)
[2017.06.28-05.27.51:918][936]LogModuleManager: Shutting down and abandoning module MovieSceneTracks (352)
[2017.06.28-05.27.51:918][936]LogModuleManager: Shutting down and abandoning module MovieScene (350)
[2017.06.28-05.27.51:918][936]LogModuleManager: Shutting down and abandoning module Niagara (348)
[2017.06.28-05.27.51:918][936]LogModuleManager: Shutting down and abandoning module NiagaraEditor (347)
[2017.06.28-05.27.51:918][936]LogModuleManager: Shutting down and abandoning module StreamingPauseRendering (344)
[2017.06.28-05.27.51:918][936]LogModuleManager: Shutting down and abandoning module AnalyticsET (342)
[2017.06.28-05.27.51:918][936]LogModuleManager: Shutting down and abandoning module PortalServices (340)
[2017.06.28-05.27.51:918][936]LogModuleManager: Shutting down and abandoning module PortalRpc (338)
[2017.06.28-05.27.51:918][936]LogModuleManager: Shutting down and abandoning module MessagingRpc (336)
[2017.06.28-05.27.51:918][936]LogModuleManager: Shutting down and abandoning module AIModule (334)
[2017.06.28-05.27.51:918][936]LogModuleManager: Shutting down and abandoning module GameplayDebugger (333)
[2017.06.28-05.27.51:918][936]LogModuleManager: Shutting down and abandoning module AITestSuite (331)
[2017.06.28-05.27.51:918][936]LogModuleManager: Shutting down and abandoning module ProfilerService (328)
[2017.06.28-05.27.52:014][936]LogModuleManager: Shutting down and abandoning module TaskGraph (326)
[2017.06.28-05.27.52:014][936]LogModuleManager: Shutting down and abandoning module SteamVRController (324)
[2017.06.28-05.27.52:014][936]LogModuleManager: Shutting down and abandoning module SteamVR (322)
[2017.06.28-05.27.52:014][936]LogModuleManager: Shutting down and abandoning module ProceduralMeshComponentEditor (320)
[2017.06.28-05.27.52:014][936]LogModuleManager: Shutting down and abandoning module ProceduralMeshComponent (318)
[2017.06.28-05.27.52:014][936]LogModuleManager: Shutting down and abandoning module OculusLibrary (316)
[2017.06.28-05.27.52:014][936]LogModuleManager: Shutting down and abandoning module OculusInput (314)
[2017.06.28-05.27.52:014][936]LogModuleManager: Shutting down and abandoning module MobilePatchingUtils (312)
[2017.06.28-05.27.52:014][936]LogModuleManager: Shutting down and abandoning module CustomMeshComponent (310)
[2017.06.28-05.27.52:014][936]LogModuleManager: Shutting down and abandoning module CableComponent (308)
[2017.06.28-05.27.52:014][936]LogModuleManager: Shutting down and abandoning module ArchVisCharacter (306)
[2017.06.28-05.27.52:014][936]LogModuleManager: Shutting down and abandoning module AndroidPermission (304)
[2017.06.28-05.27.52:014][936]LogModuleManager: Shutting down and abandoning module MediaPlayerEditor (300)
[2017.06.28-05.27.52:014][936]LogModuleManager: Shutting down and abandoning module HTML5Networking (298)
[2017.06.28-05.27.52:014][936]LogModuleManager: Shutting down and abandoning module AlembicImporter (296)
[2017.06.28-05.27.52:014][936]LogModuleManager: Shutting down and abandoning module AlembicLibrary (295)
[2017.06.28-05.27.52:014][936]LogModuleManager: Shutting down and abandoning module GeometryCache (294)
[2017.06.28-05.27.52:014][936]LogModuleManager: Shutting down and abandoning module GeometryCacheEd (293)
[2017.06.28-05.27.52:014][936]LogModuleManager: Shutting down and abandoning module SuperSearchEditor (288)
[2017.06.28-05.27.52:015][936]LogModuleManager: Shutting down and abandoning module SuperSearch (287)
[2017.06.28-05.27.52:015][936]LogModuleManager: Shutting down and abandoning module SpeedTreeImporter (284)
[2017.06.28-05.27.52:015][936]LogModuleManager: Shutting down and abandoning module PluginBrowser (282)
[2017.06.28-05.27.52:015][936]LogModuleManager: Shutting down and abandoning module MobileLauncherProfileWizard (280)
[2017.06.28-05.27.52:015][936]LogModuleManager: Shutting down and abandoning module VisualStudioSourceCodeAccess (278)
[2017.06.28-05.27.52:015][936]LogModuleManager: Shutting down and abandoning module DesktopPlatform (277)
[2017.06.28-05.27.52:015][936]LogModuleManager: Shutting down and abandoning module UObjectPlugin (274)
[2017.06.28-05.27.52:015][936]LogModuleManager: Shutting down and abandoning module SubversionSourceControl (272)
[2017.06.28-05.27.52:015][936]LogModuleManager: Shutting down and abandoning module PerforceSourceControl (270)
[2017.06.28-05.27.52:015][936]LogModuleManager: Shutting down and abandoning module GitSourceControl (268)
[2017.06.28-05.27.52:015][936]LogModuleManager: Shutting down and abandoning module SourceControl (267)
[2017.06.28-05.27.52:015][936]LogModuleManager: Shutting down and abandoning module LightPropagationVolumeEditor (264)
[2017.06.28-05.27.52:015][936]LogModuleManager: Shutting down and abandoning module PaperTiledImporter (262)
[2017.06.28-05.27.52:015][936]LogModuleManager: Shutting down and abandoning module PaperSpriteSheetImporter (260)
[2017.06.28-05.27.52:015][936]LogModuleManager: Shutting down and abandoning module Paper2DEditor (258)
[2017.06.28-05.27.52:015][936]LogModuleManager: Shutting down and abandoning module MeshPaint (257)
[2017.06.28-05.27.52:015][936]LogModuleManager: Shutting down and abandoning module LevelEditor (255)
[2017.06.28-05.27.52:015][936]LogModuleManager: Shutting down and abandoning module PixelInspectorModule (254)
[2017.06.28-05.27.52:015][936]LogModuleManager: Shutting down and abandoning module MainFrame (252)
[2017.06.28-05.27.52:015][936]LogModuleManager: Shutting down and abandoning module HotReload (251)
[2017.06.28-05.27.52:016][936]LogModuleManager: Shutting down and abandoning module PhysXVehiclesEditor (246)
[2017.06.28-05.27.52:016][936]LogModuleManager: Shutting down and abandoning module PhysXVehicles (244)
[2017.06.28-05.27.52:016][936]LogModuleManager: Shutting down and abandoning module LocationServicesBPLibrary (242)
[2017.06.28-05.27.52:016][936]LogModuleManager: Shutting down and abandoning module ImmediatePhysicsEditor (240)
[2017.06.28-05.27.52:016][936]LogModuleManager: Shutting down and abandoning module ImmediatePhysics (238)
[2017.06.28-05.27.52:016][936]LogModuleManager: Shutting down and abandoning module UdpMessaging (236)
[2017.06.28-05.27.52:117][936]LogModuleManager: Shutting down and abandoning module TcpMessaging (234)
[2017.06.28-05.27.52:377][936]LogModuleManager: Shutting down and abandoning module GameplayTagsEditor (232)
[2017.06.28-05.27.52:377][936]LogModuleManager: Shutting down and abandoning module FacialAnimationEditor (230)
[2017.06.28-05.27.52:377][936]LogModuleManager: Shutting down and abandoning module FacialAnimation (228)
[2017.06.28-05.27.52:377][936]LogModuleManager: Shutting down and abandoning module AssetManagerEditor (226)
[2017.06.28-05.27.52:377][936]LogModuleManager: Shutting down and abandoning module GraphEditor (225)
[2017.06.28-05.27.52:377][936]LogModuleManager: Shutting down and abandoning module ContentBrowser (223)
[2017.06.28-05.27.52:378][936]LogModuleManager: Shutting down and abandoning module LightPropagationVolumeRuntime (220)
[2017.06.28-05.27.52:378][936]LogModuleManager: Shutting down and abandoning module Paper2D (218)
[2017.06.28-05.27.52:378][936]LogModuleManager: Shutting down and abandoning module WindowsMoviePlayer (216)
[2017.06.28-05.27.52:378][936]LogModuleManager: Shutting down and abandoning module WmfMedia (214)
[2017.06.28-05.27.52:378][936]LogModuleManager: Shutting down and abandoning module ClothingSystemEditor (212)
[2017.06.28-05.27.52:378][936]LogModuleManager: Shutting down and abandoning module ClothingSystemRuntime (210)
[2017.06.28-05.27.52:378][936]LogModuleManager: Shutting down and abandoning module MediaAssets (208)
[2017.06.28-05.27.52:378][936]LogModuleManager: Shutting down and abandoning module GameLiveStreaming (206)
[2017.06.28-05.27.52:378][936]LogModuleManager: Shutting down and abandoning module VREditor (204)
[2017.06.28-05.27.52:378][936]LogModuleManager: Shutting down and abandoning module StringTableEditor (202)
[2017.06.28-05.27.52:378][936]LogModuleManager: Shutting down and abandoning module GameplayTasksEditor (200)
[2017.06.28-05.27.52:378][936]LogModuleManager: Shutting down and abandoning module BehaviorTreeEditor (198)
[2017.06.28-05.27.52:378][936]LogModuleManager: Shutting down and abandoning module FunctionalTesting (196)
[2017.06.28-05.27.52:378][936]LogModuleManager: Shutting down and abandoning module CollisionAnalyzer (194)
[2017.06.28-05.27.52:378][936]LogModuleManager: Shutting down and abandoning module UMG (192)
[2017.06.28-05.27.52:378][936]LogModuleManager: Shutting down and abandoning module UMGEditor (191)
[2017.06.28-05.27.52:379][936]LogModuleManager: Shutting down and abandoning module Sequencer (190)
[2017.06.28-05.27.52:379][936]LogModuleManager: Shutting down and abandoning module AssetTools (188)
[2017.06.28-05.27.52:379][936]LogModuleManager: Shutting down and abandoning module MessageLog (187)
[2017.06.28-05.27.52:379][936]LogModuleManager: Shutting down and abandoning module WorkspaceMenuStructure (186)
[2017.06.28-05.27.52:379][936]LogModuleManager: Shutting down and abandoning module SlateReflector (180)
[2017.06.28-05.27.52:379][936]LogModuleManager: Shutting down and abandoning module Slate (178)
[2017.06.28-05.27.52:379][936]LogModuleManager: Shutting down and abandoning module EditorStyle (176)
[2017.06.28-05.27.52:382][936]LogModuleManager: Shutting down and abandoning module SourceCodeAccess (174)
[2017.06.28-05.27.52:382][936]LogModuleManager: Shutting down and abandoning module HeadMountedDisplay (172)
[2017.06.28-05.27.52:382][936]LogModuleManager: Shutting down and abandoning module XAudio2 (170)
[2017.06.28-05.27.52:382][936]LogModuleManager: Shutting down and abandoning module Networking (168)
[2017.06.28-05.27.52:382][936]LogModuleManager: Shutting down and abandoning module Core (164)
[2017.06.28-05.27.52:382][936]LogModuleManager: Shutting down and abandoning module AssetRegistry (162)
[2017.06.28-05.27.52:528][936]LogDirectoryWatcher: A directory notification for '../../../Engine/Content/' was aborted.
[2017.06.28-05.27.52:529][936]LogDirectoryWatcher: A directory notification for '../../../../../../supers-master/supers-master 4.16/supers/Content/' was aborted.
[2017.06.28-05.27.52:529][936]LogDirectoryWatcher: A directory notification for '../../../Engine/Plugins/2D/Paper2D/Content/' was aborted.
[2017.06.28-05.27.52:529][936]LogDirectoryWatcher: A directory notification for '../../../Engine/Plugins/Runtime/GearVR/Content/' was aborted.
[2017.06.28-05.27.52:531][936]LogModuleManager: Shutting down and abandoning module DirectoryWatcher (161)
[2017.06.28-05.27.52:531][936]LogModuleManager: Shutting down and abandoning module KismetCompiler (158)
[2017.06.28-05.27.52:531][936]LogModuleManager: Shutting down and abandoning module LevelSequence (156)
[2017.06.28-05.27.52:531][936]LogModuleManager: Shutting down and abandoning module PhysXFormats (154)
[2017.06.28-05.27.52:531][936]LogModuleManager: Shutting down and abandoning module MeshUtilities (152)
[2017.06.28-05.27.52:531][936]LogModuleManager: Shutting down and abandoning module SimplygonSwarm (151)
[2017.06.28-05.27.52:531][936]LogModuleManager: Shutting down and abandoning module SimplygonMeshReduction (149)
[2017.06.28-05.27.52:531][936]LogModuleManager: Shutting down and abandoning module QuadricMeshReduction (147)
[2017.06.28-05.27.52:531][936]LogModuleManager: Shutting down and abandoning module DerivedDataCache (144)
[2017.06.28-05.27.52:575][936]LogDerivedDataCache: Shutdown
[2017.06.28-05.27.52:575][936]LogModuleManager: Shutting down and abandoning module TargetPlatform (142)
[2017.06.28-05.27.52:575][936]LogModuleManager: Shutting down and abandoning module VulkanShaderFormat (141)
[2017.06.28-05.27.52:575][936]LogModuleManager: Shutting down and abandoning module ShaderFormatVectorVM (139)
[2017.06.28-05.27.52:575][936]LogModuleManager: Shutting down and abandoning module ShaderFormatOpenGL (137)
[2017.06.28-05.27.52:575][936]LogModuleManager: Shutting down and abandoning module ShaderFormatD3D (135)
[2017.06.28-05.27.52:575][936]LogModuleManager: Shutting down and abandoning module MetalShaderFormat (133)
[2017.06.28-05.27.52:575][936]LogModuleManager: Shutting down and abandoning module TextureFormatUncompressed (131)
[2017.06.28-05.27.52:575][936]LogModuleManager: Shutting down and abandoning module TextureFormatPVR (129)
[2017.06.28-05.27.52:575][936]LogModuleManager: Shutting down and abandoning module TextureFormatDXT (127)
[2017.06.28-05.27.52:575][936]LogModuleManager: Shutting down and abandoning module TextureFormatIntelISPCTexComp (125)
[2017.06.28-05.27.52:575][936]LogModuleManager: Shutting down and abandoning module TextureFormatASTC (123)
[2017.06.28-05.27.52:575][936]LogModuleManager: Shutting down and abandoning module ImageWrapper (122)
[2017.06.28-05.27.52:575][936]LogModuleManager: Shutting down and abandoning module TextureFormatAndroid (119)
[2017.06.28-05.27.52:575][936]LogModuleManager: Shutting down and abandoning module AudioFormatOpus (117)
[2017.06.28-05.27.52:575][936]LogModuleManager: Shutting down and abandoning module AudioFormatOgg (115)
[2017.06.28-05.27.52:575][936]LogModuleManager: Shutting down and abandoning module AudioFormatADPCM (113)
[2017.06.28-05.27.52:575][936]LogModuleManager: Shutting down and abandoning module LinuxTargetPlatform (111)
[2017.06.28-05.27.52:575][936]LogModuleManager: Shutting down and abandoning module LinuxServerTargetPlatform (109)
[2017.06.28-05.27.52:575][936]LogModuleManager: Shutting down and abandoning module LinuxNoEditorTargetPlatform (107)
[2017.06.28-05.27.52:575][936]LogModuleManager: Shutting down and abandoning module LinuxClientTargetPlatform (105)
[2017.06.28-05.27.52:575][936]LogModuleManager: Shutting down and abandoning module TVOSTargetPlatform (103)
[2017.06.28-05.27.52:575][936]LogModuleManager: Shutting down and abandoning module Messaging (101)
[2017.06.28-05.27.52:575][936]LogModuleManager: Shutting down and abandoning module IOSTargetPlatform (99)
[2017.06.28-05.27.52:575][936]LogModuleManager: Shutting down and abandoning module HTML5TargetPlatform (97)
[2017.06.28-05.27.52:575][936]LogModuleManager: Shutting down and abandoning module Android_PVRTCTargetPlatform (95)
[2017.06.28-05.27.52:575][936]LogModuleManager: Shutting down and abandoning module Android_MultiTargetPlatform (93)
[2017.06.28-05.27.52:575][936]LogModuleManager: Shutting down and abandoning module Android_ETC2TargetPlatform (91)
[2017.06.28-05.27.52:575][936]LogModuleManager: Shutting down and abandoning module Android_ETC1TargetPlatform (89)
[2017.06.28-05.27.52:575][936]LogModuleManager: Shutting down and abandoning module Android_DXTTargetPlatform (87)
[2017.06.28-05.27.52:575][936]LogModuleManager: Shutting down and abandoning module Android_ATCTargetPlatform (85)
[2017.06.28-05.27.52:575][936]LogModuleManager: Shutting down and abandoning module Android_ASTCTargetPlatform (83)
[2017.06.28-05.27.52:575][936]LogModuleManager: Shutting down and abandoning module AndroidTargetPlatform (81)
[2017.06.28-05.27.52:575][936]LogModuleManager: Shutting down and abandoning module WindowsTargetPlatform (79)
[2017.06.28-05.27.52:575][936]LogModuleManager: Shutting down and abandoning module WindowsServerTargetPlatform (77)
[2017.06.28-05.27.52:575][936]LogModuleManager: Shutting down and abandoning module WindowsNoEditorTargetPlatform (75)
[2017.06.28-05.27.52:575][936]LogModuleManager: Shutting down and abandoning module WindowsClientTargetPlatform (73)
[2017.06.28-05.27.52:575][936]LogModuleManager: Shutting down and abandoning module MacTargetPlatform (71)
[2017.06.28-05.27.52:575][936]LogModuleManager: Shutting down and abandoning module MacServerTargetPlatform (69)
[2017.06.28-05.27.52:575][936]LogModuleManager: Shutting down and abandoning module MacNoEditorTargetPlatform (67)
[2017.06.28-05.27.52:575][936]LogModuleManager: Shutting down and abandoning module MacClientTargetPlatform (65)
[2017.06.28-05.27.52:575][936]LogModuleManager: Shutting down and abandoning module AllDesktopTargetPlatform (63)
[2017.06.28-05.27.52:575][936]LogModuleManager: Shutting down and abandoning module InputCore (60)
[2017.06.28-05.27.52:575][936]LogModuleManager: Shutting down and abandoning module Settings (58)
[2017.06.28-05.27.52:575][936]LogModuleManager: Shutting down and abandoning module OculusRift (56)
[2017.06.28-05.27.52:575][936]LogModuleManager: Shutting down and abandoning module GearVRController (54)
[2017.06.28-05.27.52:575][936]LogModuleManager: Shutting down and abandoning module GearVR (52)
[2017.06.28-05.27.52:575][936]LogModuleManager: Shutting down and abandoning module ExampleDeviceProfileSelector (50)
[2017.06.28-05.27.52:575][936]LogModuleManager: Shutting down and abandoning module OnlineBlueprintSupport (48)
[2017.06.28-05.27.52:575][936]LogModuleManager: Shutting down and abandoning module OnlineSubsystem (44)
[2017.06.28-05.27.52:575][936]LogOnline:Display: Unloading online subsystem: NULL
[2017.06.28-05.27.52:575][936]LogModuleManager: Shutting down and abandoning module XMPP (43)
[2017.06.28-05.27.52:575][936]LogModuleManager: Shutting down and abandoning module HTTP (41)
[2017.06.28-05.27.52:575][936]LogHttp:Display: Http module shutting down, but needs to wait on 1 outstanding Http requests:
[2017.06.28-05.27.52:575][936]LogHttp:Display: 	verb=[POST] url=[https://datarouter.ol.epicgames.com/datarouter/api/v1/public/data?SessionID=%7BC3306AB1-4207-D06C-9A48-1CA12EADC705%7D&AppID=UEEditor.Rocket.Release&AppVersion=4.16.1-3466753%2B%2B%2BUE4%2BRelease-4.16&UserID=ccbd696a430c42306ac6d1845b8e8cc2%7Cbccad1b3b1304992b6c7a115ad0c5f38%7C64686fe7-a4cd-47f8-aa0b-7720796a3ca2&AppEnvironment=datacollector-binary&UploadType=eteventstream] status=Processing
[2017.06.28-05.27.52:602][936]LogModuleManager: Shutting down and abandoning module SSL (40)
[2017.06.28-05.27.52:603][936]LogModuleManager: Shutting down and abandoning module HTTPChunkInstaller (36)
[2017.06.28-05.27.52:603][936]LogModuleManager: Shutting down and abandoning module AnimationModifiers (34)
[2017.06.28-05.27.52:603][936]LogModuleManager: Shutting down and abandoning module PropertyEditor (33)
[2017.06.28-05.27.52:603][936]LogModuleManager: Shutting down and abandoning module AudioEditor (30)
[2017.06.28-05.27.52:603][936]LogModuleManager: Shutting down and abandoning module TextureCompressor (28)
[2017.06.28-05.27.52:603][936]LogModuleManager: Shutting down and abandoning module ShaderCore (26)
[2017.06.28-05.27.52:603][936]LogModuleManager: Shutting down and abandoning module Landscape (24)
[2017.06.28-05.27.52:603][936]LogModuleManager: Shutting down and abandoning module SlateRHIRenderer (22)
[2017.06.28-05.27.52:604][936]LogModuleManager: Shutting down and abandoning module OpenGLDrv (20)
[2017.06.28-05.27.52:604][936]LogModuleManager: Shutting down and abandoning module D3D11RHI (18)
[2017.06.28-05.27.52:604][936]LogModuleManager: Shutting down and abandoning module AnimGraphRuntime (16)
[2017.06.28-05.27.52:604][936]LogModuleManager: Shutting down and abandoning module Renderer (14)
[2017.06.28-05.27.52:604][936]LogModuleManager: Shutting down and abandoning module Engine (12)
[2017.06.28-05.27.52:604][936]LogModuleManager: Shutting down and abandoning module CoreUObject (10)
[2017.06.28-05.27.52:604][936]LogModuleManager: Shutting down and abandoning module NetworkFile (8)
[2017.06.28-05.27.52:604][936]LogModuleManager: Shutting down and abandoning module StreamingFile (6)
[2017.06.28-05.27.52:604][936]LogModuleManager: Shutting down and abandoning module SandboxFile (4)
[2017.06.28-05.27.52:604][936]LogModuleManager: Shutting down and abandoning module PakFile (2)
[2017.06.28-05.27.52:605][936]LogExit: Exiting.
[2017.06.28-05.27.52:622][936]Log file closed, 06/27/17 22:27:52
