Log file open, 06/27/17 00:36:03
LogInit:Display: Running engine for game: Supers
LogPlatformFile: Not using cached read wrapper
LogInit:Display: RandInit(-1275030579) SRandInit(-1275030579).
LogTaskGraph: Started task graph with 5 named threads and 8 total threads with 1 sets of task threads.
LogStats: Stats thread started at 0.089238
LogInit: Using libcurl 7.47.1
LogInit:  - built for x86_64-pc-win32
LogInit:  - supports SSL with OpenSSL/1.0.2g
LogInit:  - supports HTTP deflate (compression) using libz 1.2.8
LogInit:  - other features:
LogInit:      CURL_VERSION_SSL
LogInit:      CURL_VERSION_LIBZ
LogInit:      CURL_VERSION_IPV6
LogInit:      CURL_VERSION_ASYNCHDNS
LogInit:      CURL_VERSION_LARGEFILE
LogInit:      CURL_VERSION_IDN
LogInit:  CurlRequestOptions (configurable via config and command line):
LogInit:  - bVerifyPeer = false  - Libcurl will NOT verify peer certificate
LogInit:  - bUseHttpProxy = false  - Libcurl will NOT use HTTP proxy
LogInit:  - bDontReuseConnections = false  - Libcurl will reuse connections
LogInit:  - CertBundlePath = nullptr  - Libcurl will use whatever was configured at build time.
LogInit: Build: ++UE4+Release-4.16-CL-3466753
LogInit: Engine Version: 4.16.1-3466753+++UE4+Release-4.16
LogInit: Compatible Engine Version: 4.16.0-3452394+++UE4+Release-4.16
LogInit: Net CL: 3452394
LogDevObjectVersion: Number of dev versions registered: 16
LogDevObjectVersion:   Dev-Blueprints (B0D832E4-1F89-4F0D-ACCF-7EB736FD4AA2): 9
LogDevObjectVersion:   Dev-Build (E1C64328-A22C-4D53-A36C-8E866417BD8C): 0
LogDevObjectVersion:   Dev-Core (375EC13C-06E4-48FB-B500-84F0262A717E): 2
LogDevObjectVersion:   Dev-Editor (E4B068ED-F494-42E9-A231-DA0B2E46BB41): 17
LogDevObjectVersion:   Dev-Framework (CFFC743F-43B0-4480-9391-14DF171D2073): 23
LogDevObjectVersion:   Dev-Mobile (B02B49B5-BB20-44E9-A304-32B752E40360): 0
LogDevObjectVersion:   Dev-Networking (A4E4105C-59A1-49B5-A7C5-40C4547EDFEE): 0
LogDevObjectVersion:   Dev-Online (39C831C9-5AE6-47DC-9A44-9C173E1C8E7C): 0
LogDevObjectVersion:   Dev-Physics (78F01B33-EBEA-4F98-B9B4-84EACCB95AA2): 0
LogDevObjectVersion:   Dev-Platform (6631380F-2D4D-43E0-8009-CF276956A95A): 0
LogDevObjectVersion:   Dev-Rendering (12F88B9F-8875-4AFC-A67C-D90C383ABD29): 15
LogDevObjectVersion:   Dev-Sequencer (7B5AE74C-D270-4C10-A958-57980B212A5A): 4
LogDevObjectVersion:   Dev-VR (D7296918-1DD6-4BDD-9DE2-64A83CC13884): 0
LogDevObjectVersion:   Dev-LoadTimes (C2A15278-BFE7-4AFE-6C17-90FF531DF755): 1
LogDevObjectVersion:   Private-Geometry (6EACA3D4-40EC-4CC1-B786-8BED09428FC5): 1
LogDevObjectVersion:   Dev-AnimPhys (29E575DD-E0A3-4627-9D10-D276232CDCEA): 3
LogInit: Compiled (64-bit): May 31 2017 02:03:30
LogInit: Compiled with Visual C++: 19.00.24215.01
LogInit: Build Configuration: Development
LogInit: Branch Name: ++UE4+Release-4.16
LogInit: Command line:  
LogInit: Base directory: C:/Program Files/Epic Games/UE_4.16/Engine/Binaries/Win64/
LogInit: Installed Engine Build: 1
LogInit: Presizing for max 8388607 objects, including 0 objects not considered by GC, pre-allocating 0 bytes for permanent pool.
LogInit: Object subsystem initialized
[2017.06.27-07.36.04:026][  0]LogInit: Selected Device Profile: [Windows]
[2017.06.27-07.36.04:026][  0]LogInit: Applying CVar settings loaded from the selected device profile: [Windows]
[2017.06.27-07.36.04:035][  0]LogInit: Computer: DESKTOP-2T88I18
[2017.06.27-07.36.04:035][  0]LogInit: User: NewXB
[2017.06.27-07.36.04:035][  0]LogInit: CPU Page size=4096, Cores=4
[2017.06.27-07.36.04:035][  0]LogInit: High frequency timer resolution =2.648439 MHz
[2017.06.27-07.36.04:035][  0]LogMemory: Memory total: Physical=31.9GB (32GB approx)
[2017.06.27-07.36.04:035][  0]LogMemory: Platform Memory Stats for Windows
[2017.06.27-07.36.04:035][  0]LogMemory: Process Physical Memory: 273.75 MB used, 273.75 MB peak
[2017.06.27-07.36.04:035][  0]LogMemory: Process Virtual Memory: 260.86 MB used, 260.86 MB peak
[2017.06.27-07.36.04:035][  0]LogMemory: Physical Memory: 7610.47 MB used,  25093.27 MB free, 32703.74 MB total
[2017.06.27-07.36.04:035][  0]LogMemory: Virtual Memory: 638.44 MB used,  25093.27 MB free, 134217728.00 MB total
[2017.06.27-07.36.04:512][  0]LogInit: Using OS detected language (en-US).
[2017.06.27-07.36.04:512][  0]LogInit: Using OS detected locale (en-US).
[2017.06.27-07.36.04:529][  0]LogTextLocalizationManager: No specific localization for 'en-US' exists, so the 'en' localization will be used.
[2017.06.27-07.36.06:234][  0]LogD3D11RHI: D3D11 adapters:
[2017.06.27-07.36.06:760][  0]LogD3D11RHI:    0. 'NVIDIA GeForce GTX 1070' (Feature Level 11_0)
[2017.06.27-07.36.06:760][  0]LogD3D11RHI:       8113/0/16351 MB DedicatedVideo/DedicatedSystem/SharedSystem, Outputs:1, VendorId:0x10de
[2017.06.27-07.36.06:762][  0]LogD3D11RHI:    1. 'Microsoft Basic Render Driver' (Feature Level 11_0)
[2017.06.27-07.36.06:762][  0]LogD3D11RHI:       0/0/16351 MB DedicatedVideo/DedicatedSystem/SharedSystem, Outputs:0, VendorId:0x1414
[2017.06.27-07.36.06:762][  0]LogD3D11RHI: Chosen D3D11 Adapter: 0
[2017.06.27-07.36.06:768][  0]LogD3D11RHI: Creating new Direct3DDevice
[2017.06.27-07.36.06:768][  0]LogD3D11RHI:     GPU DeviceId: 0x1be1 (for the marketing name, search the web for "GPU Device Id")
[2017.06.27-07.36.06:768][  0]LogWindows: EnumDisplayDevices:
[2017.06.27-07.36.06:768][  0]LogWindows:    0. 'NVIDIA GeForce GTX 1070' (P:1 D:1)
[2017.06.27-07.36.06:768][  0]LogWindows:    1. 'NVIDIA GeForce GTX 1070' (P:0 D:0)
[2017.06.27-07.36.06:768][  0]LogWindows:    2. 'NVIDIA GeForce GTX 1070' (P:0 D:0)
[2017.06.27-07.36.06:768][  0]LogWindows:    3. 'NVIDIA GeForce GTX 1070' (P:0 D:0)
[2017.06.27-07.36.06:768][  0]LogWindows: DebugString: FoundDriverCount:4 
[2017.06.27-07.36.06:768][  0]LogD3D11RHI:     Adapter Name: NVIDIA GeForce GTX 1070
[2017.06.27-07.36.06:768][  0]LogD3D11RHI:   Driver Version: 382.33 (internal:22.21.13.8233, unified:382.33)
[2017.06.27-07.36.06:768][  0]LogD3D11RHI:      Driver Date: 5-17-2017
[2017.06.27-07.36.06:768][  0]LogRHI: Texture pool is 1361 MB (70% of 1945 MB)
[2017.06.27-07.36.07:263][  0]LogD3D11RHI: Async texture creation enabled
[2017.06.27-07.36.07:311][  0]LogD3D11RHI: GPU Timing Frequency: 1000.000000 (Debug: 2 2)
[2017.06.27-07.36.07:354][  0]LogShaderCompilers: Guid format shader working directory is -12 characters bigger than the processId version (../../../../../../supers-master/supers-master 4.16/supers/Intermediate/Shaders/WorkingDirectory/16924/).
[2017.06.27-07.36.07:354][  0]LogShaderCompilers: Cleaned the shader compiler working directory 'C:/Users/NewXB/AppData/Local/Temp/UnrealShaderWorkingDir/2C927AEB4270EB22F101CFAEFBE72BC7/'.
[2017.06.27-07.36.07:354][  0]LogShaderCompilers:Display: Using Local Shader Compiler.
[2017.06.27-07.36.08:921][  0]LogTemp:Display: Loaded TP AllDesktopTargetPlatform
[2017.06.27-07.36.08:973][  0]LogTemp:Display: Loaded TP MacClientTargetPlatform
[2017.06.27-07.36.09:026][  0]LogTemp:Display: Loaded TP MacNoEditorTargetPlatform
[2017.06.27-07.36.09:079][  0]LogTemp:Display: Loaded TP MacServerTargetPlatform
[2017.06.27-07.36.09:131][  0]LogTemp:Display: Loaded TP MacTargetPlatform
[2017.06.27-07.36.09:186][  0]LogTemp:Display: Loaded TP WindowsClientTargetPlatform
[2017.06.27-07.36.09:239][  0]LogTemp:Display: Loaded TP WindowsNoEditorTargetPlatform
[2017.06.27-07.36.09:293][  0]LogTemp:Display: Loaded TP WindowsServerTargetPlatform
[2017.06.27-07.36.09:340][  0]LogTemp:Display: Loaded TP WindowsTargetPlatform
[2017.06.27-07.36.09:392][  0]LogTemp:Display: Loaded TP AndroidTargetPlatform
[2017.06.27-07.36.09:442][  0]LogTemp:Display: Loaded TP Android_ASTCTargetPlatform
[2017.06.27-07.36.09:493][  0]LogTemp:Display: Loaded TP Android_ATCTargetPlatform
[2017.06.27-07.36.09:546][  0]LogTemp:Display: Loaded TP Android_DXTTargetPlatform
[2017.06.27-07.36.09:598][  0]LogTemp:Display: Loaded TP Android_ETC1TargetPlatform
[2017.06.27-07.36.09:652][  0]LogTemp:Display: Loaded TP Android_ETC2TargetPlatform
[2017.06.27-07.36.09:768][  0]LogTemp:Display: Loaded TP Android_MultiTargetPlatform
[2017.06.27-07.36.09:768][  0]LogTemp:Display: Loaded TP Android_PVRTCTargetPlatform
[2017.06.27-07.36.09:812][  0]LogTemp:Display: Loaded TP HTML5TargetPlatform
[2017.06.27-07.36.09:907][  0]LogTemp:Display: Loaded TP IOSTargetPlatform
[2017.06.27-07.36.09:934][  0]LogTemp:Display: Loaded TP TVOSTargetPlatform
[2017.06.27-07.36.09:987][  0]LogTemp:Display: Loaded TP LinuxClientTargetPlatform
[2017.06.27-07.36.10:039][  0]LogTemp:Display: Loaded TP LinuxNoEditorTargetPlatform
[2017.06.27-07.36.10:108][  0]LogTemp:Display: Loaded TP LinuxServerTargetPlatform
[2017.06.27-07.36.10:159][  0]LogTemp:Display: Loaded TP LinuxTargetPlatform
[2017.06.27-07.36.10:159][  0]LogTargetPlatformManager:Display: Building Assets For Windows
[2017.06.27-07.36.10:712][  0]LogDerivedDataCache:Display: Max Cache Size: 512 MB
[2017.06.27-07.36.10:796][  0]LogDerivedDataCache: Loaded boot cache 0.08s 89MB C:/Users/NewXB/AppData/Local/UnrealEngine/4.16/DerivedDataCache/Boot.ddc.
[2017.06.27-07.36.10:796][  0]LogDerivedDataCache:Display: Loaded Boot cache: C:/Users/NewXB/AppData/Local/UnrealEngine/4.16/DerivedDataCache/Boot.ddc
[2017.06.27-07.36.10:796][  0]LogDerivedDataCache: FDerivedDataBackendGraph:  Pak pak cache file ../../../../../../supers-master/supers-master 4.16/supers/DerivedDataCache/DDC.ddp not found, will not use a pak cache.
[2017.06.27-07.36.10:796][  0]LogDerivedDataCache: Unable to find inner node Pak for hierarchical cache Hierarchy.
[2017.06.27-07.36.10:796][  0]LogDerivedDataCache: FDerivedDataBackendGraph:  CompressedPak pak cache file ../../../../../../supers-master/supers-master 4.16/supers/DerivedDataCache/Compressed.ddp not found, will not use a pak cache.
[2017.06.27-07.36.10:796][  0]LogDerivedDataCache: Unable to find inner node CompressedPak for hierarchical cache Hierarchy.
[2017.06.27-07.36.10:809][  0]LogDerivedDataCache:Display: Pak cache opened for reading ../../../Engine/DerivedDataCache/Compressed.ddp.
[2017.06.27-07.36.10:823][  0]LogDerivedDataCache: Using Local data cache path C:/Users/NewXB/AppData/Local/UnrealEngine/Common/DerivedDataCache: Writable
[2017.06.27-07.36.10:832][  0]LogMaterial: Verifying Global Shaders for PCD3D_SM5
[2017.06.27-07.36.10:833][  0]LogSlate: Using Freetype 2.6.0
[2017.06.27-07.36.10:837][  0]LogSlate: SlateFontCache - WITH_FREETYPE: 1, WITH_HARFBUZZ: 1
[2017.06.27-07.36.10:837][  0]LogSlate: SlateFontCache - WITH_FREETYPE: 1, WITH_HARFBUZZ: 1
[2017.06.27-07.36.12:108][  0]LogInit: Selected Device Profile: [Windows]
[2017.06.27-07.36.12:198][  0]LogContentStreaming: Texture pool size is 0.00 MB
[2017.06.27-07.36.12:350][  0]LogMeshUtilities: Using QuadricMeshReduction for automatic static mesh reduction
[2017.06.27-07.36.12:397][  0]LogSimplygon: Simplygon DLL not present - disabling.
[2017.06.27-07.36.12:449][  0]LogMeshUtilities: Using SimplygonSwarm for distributed automatic mesh merging
[2017.06.27-07.36.12:449][  0]LogMeshUtilities: No automatic skeletal mesh reduction module available
[2017.06.27-07.36.12:449][  0]LogMeshUtilities: No automatic mesh merging module available
[2017.06.27-07.36.13:111][  0]LogNetVersion: Supers , NetCL: 3452394, EngineNetVer: 2, GameNetVer: 0 (Checksum: 3304520363)
[2017.06.27-07.36.13:173][  0]LogAssetRegistry: FAssetRegistry took 0.0247 seconds to start up
[2017.06.27-07.36.13:268][  0]LogPackageLocalizationCache: Processed 4 localized package path(s) for 2 prioritized culture(s) in 0.073619 seconds
[2017.06.27-07.36.13:272][  0]LogUObjectArray: 34194 objects as part of root set at end of initial load.
[2017.06.27-07.36.13:272][  0]LogUObjectAllocator: 7260416 out of 0 bytes used by permanent object pool.
[2017.06.27-07.36.13:272][  0]LogUObjectArray: CloseDisregardForGC: 0/0 objects in disregard for GC pool
[2017.06.27-07.36.13:333][  0]LogInit: WinSock: version 1.1 (2.2), MaxSocks=32767, MaxUdp=65467
[2017.06.27-07.36.17:169][  0]LogTcpMessaging: Initializing TcpMessaging bridge
[2017.06.27-07.36.17:208][  0]LogUdpMessaging: Initializing bridge on interface 0.0.0.0:0 to multicast group 230.0.0.1:6666.
[2017.06.27-07.36.17:816][  0]LogMaterial: Uniform references updated for custom material expression Custom.
[2017.06.27-07.36.18:260][  0]SourceControl: Info Source control is disabled
[2017.06.27-07.36.18:419][  0]SourceControl: Info Source control is disabled
[2017.06.27-07.36.18:472][  0]SourceControl: Info Source control is disabled
[2017.06.27-07.36.18:525][  0]SourceControl: Info Source control is disabled
[2017.06.27-07.36.19:293][  0]LogAndroidPermission: UAndroidPermissionCallbackProxy::GetInstance
[2017.06.27-07.36.19:947][  0]LogEngine: Initializing Engine...
[2017.06.27-07.36.19:990][  0]LogHMD: Failed to initialize OpenVR with code 126
[2017.06.27-07.36.20:200][  0]LogStats: UGameplayTagsManager::ConstructGameplayTagTree: Construct from data asset -  0.000 s
[2017.06.27-07.36.20:200][  0]LogStats: UGameplayTagsManager::ConstructGameplayTagTree: GameplayTagTreeChangedEvent.Broadcast -  0.000 s
[2017.06.27-07.36.20:336][  0]LogAIModule: Creating AISystem for world Untitled
[2017.06.27-07.36.20:355][  0]LogInit: XAudio2 using 'Speakers (Realtek High Definition Audio)' : 6 channels at 48 kHz using 32 bits per sample (channel mask 0x3f)
[2017.06.27-07.36.20:563][  0]LogInit: FAudioDevice initialized.
[2017.06.27-07.36.20:608][  0]LogDerivedDataCache: Saved boot cache 0.04s 89MB C:/Users/NewXB/AppData/Local/UnrealEngine/4.16/DerivedDataCache/Boot.ddc.
[2017.06.27-07.36.20:616][  0]LogInit: Texture streaming: Enabled
[2017.06.27-07.36.20:708][  0]LogEngineSessionManager: EngineSessionManager initialized
[2017.06.27-07.36.20:957][  0]LogInit: Transaction tracking system initialized
[2017.06.27-07.36.21:301][  0]BlueprintLog: New page: Editor Load
[2017.06.27-07.36.22:313][  0]LocalizationService: Info Localization service is disabled
[2017.06.27-07.36.23:059][  0]LogConsoleResponse:Display: 
[2017.06.27-07.36.23:284][  0]LogCook:Display: Max memory allowance for cook 16384mb min free memory 0mb
[2017.06.27-07.36.23:284][  0]LogCook:Display: Mobile HDR setting 1
[2017.06.27-07.36.24:325][  0]LogFileCache: Scanning file cache for directory 'C:/supers-master/supers-master 4.16/supers/Content/' took 0.02s
[2017.06.27-07.36.24:375][  0]SourceControl: Info Source control is disabled
[2017.06.27-07.36.24:375][  0]Cmd: MAP LOAD FILE="../../../../../../supers-master/supers-master 4.16/supers/Content/TwinStickBP/Maps/TwinStickExampleMap.umap" TEMPLATE=0 SHOWPROGRESS=1 FEATURELEVEL=3
[2017.06.27-07.36.24:379][  0]LightingResults: New page: Lighting Build
[2017.06.27-07.36.24:424][  0]MapCheck: New page: Map Check
[2017.06.27-07.36.24:425][  0]LightingResults: New page: Lighting Build
[2017.06.27-07.36.24:693][  0]LogBlueprint:Warning: Node '/Game/StarterContent/Blueprints/Blueprint_Effect_Sparks.Blueprint_Effect_Sparks:EdGraph_0.K2Node_FunctionEntry_37' missing NodeGuid because of upgrade from old package version, this can cause deterministic cooking issues please resave package.
[2017.06.27-07.36.24:694][  0]LogBlueprint:Warning: Node '/Game/StarterContent/Blueprints/Blueprint_Effect_Sparks.Blueprint_Effect_Sparks:EdGraph_1.K2Node_FunctionEntry_37' missing NodeGuid because of upgrade from old package version, this can cause deterministic cooking issues please resave package.
[2017.06.27-07.36.25:296][  0]LogBlueprint:Warning: Node '/Game/StarterContent/Blueprints/Blueprint_Effect_Sparks.Blueprint_Effect_Sparks:EdGraph_2.K2Node_FunctionEntry_37' missing NodeGuid because of upgrade from old package version, this can cause deterministic cooking issues please resave package.
[2017.06.27-07.36.26:004][  0]LogBlueprint:Warning: Node '/Game/StarterContent/Audio/Fire_Sparks01_Cue.Fire_Sparks01_Cue:SoundCueGraph_7.SoundCueGraphNode_6' missing NodeGuid because of upgrade from old package version, this can cause deterministic cooking issues please resave package.
[2017.06.27-07.36.26:004][  0]LogBlueprint:Warning: Node '/Game/StarterContent/Audio/Fire_Sparks01_Cue.Fire_Sparks01_Cue:SoundCueGraph_7.SoundCueGraphNode_Root_7' missing NodeGuid because of upgrade from old package version, this can cause deterministic cooking issues please resave package.
[2017.06.27-07.36.26:004][  0]LogBlueprint:Warning: Node '/Game/StarterContent/Blueprints/Blueprint_Effect_Sparks.Blueprint_Effect_Sparks:UserConstructionScript.K2Node_FunctionEntry_37' missing NodeGuid because of upgrade from old package version, this can cause deterministic cooking issues please resave package.
[2017.06.27-07.36.26:051][  0]LogAIModule: Creating AISystem for world TwinStickExampleMap
[2017.06.27-07.36.26:071][  0]LogEditorServer: Finished looking for orphan Actors (0.000 secs)
[2017.06.27-07.36.26:096][  0]Cmd: MAP CHECKDEP NOCLEARLOG
[2017.06.27-07.36.26:203][  0]MapCheck:Warning: Warning player1_1352 player1_C /Game/TwinStickBP/Maps/TwinStickExampleMap.TwinStickExampleMap:PersistentLevel.player1_1352 : Externally referenced 
[2017.06.27-07.36.26:203][  0]MapCheck:Warning: Warning player2_2572 player2_C /Game/TwinStickBP/Maps/TwinStickExampleMap.TwinStickExampleMap:PersistentLevel.player2_2572 : Externally referenced 
[2017.06.27-07.36.26:203][  0]MapCheck:Warning: Warning player3_1752 player3_C /Game/TwinStickBP/Maps/TwinStickExampleMap.TwinStickExampleMap:PersistentLevel.player3_1752 : Externally referenced 
[2017.06.27-07.36.26:203][  0]MapCheck:Warning: Warning player4_2142 player4_C /Game/TwinStickBP/Maps/TwinStickExampleMap.TwinStickExampleMap:PersistentLevel.player4_2142 : Externally referenced 
[2017.06.27-07.36.26:203][  0]MapCheck:Warning: Warning player5_6470 player5_C /Game/TwinStickBP/Maps/TwinStickExampleMap.TwinStickExampleMap:PersistentLevel.player5_6470 : Externally referenced 
[2017.06.27-07.36.26:203][  0]MapCheck:Warning: Warning player6_1522 player6_C /Game/TwinStickBP/Maps/TwinStickExampleMap.TwinStickExampleMap:PersistentLevel.player6_1522 : Externally referenced 
[2017.06.27-07.36.26:203][  0]MapCheck:Warning: Warning ShipMeshComponent StaticMeshComponent /Game/TwinStickBP/Maps/TwinStickExampleMap.TwinStickExampleMap:PersistentLevel.player1_1352.ShipMeshComponent : Externally referenced 
[2017.06.27-07.36.26:203][  0]MapCheck:Warning: Warning EnergyShield StaticMeshComponent /Game/TwinStickBP/Maps/TwinStickExampleMap.TwinStickExampleMap:PersistentLevel.player1_1352.EnergyShield : Externally referenced 
[2017.06.27-07.36.26:203][  0]MapCheck:Warning: Warning Shield StaticMeshComponent /Game/TwinStickBP/Maps/TwinStickExampleMap.TwinStickExampleMap:PersistentLevel.player1_1352.Shield : Externally referenced 
[2017.06.27-07.36.26:203][  0]MapCheck:Warning: Warning ShipMeshComponent StaticMeshComponent /Game/TwinStickBP/Maps/TwinStickExampleMap.TwinStickExampleMap:PersistentLevel.player2_2572.ShipMeshComponent : Externally referenced 
[2017.06.27-07.36.26:203][  0]MapCheck:Warning: Warning EnergyShield StaticMeshComponent /Game/TwinStickBP/Maps/TwinStickExampleMap.TwinStickExampleMap:PersistentLevel.player2_2572.EnergyShield : Externally referenced 
[2017.06.27-07.36.26:203][  0]MapCheck:Warning: Warning Shield StaticMeshComponent /Game/TwinStickBP/Maps/TwinStickExampleMap.TwinStickExampleMap:PersistentLevel.player2_2572.Shield : Externally referenced 
[2017.06.27-07.36.26:203][  0]MapCheck:Warning: Warning ShipMeshComponent StaticMeshComponent /Game/TwinStickBP/Maps/TwinStickExampleMap.TwinStickExampleMap:PersistentLevel.player3_1752.ShipMeshComponent : Externally referenced 
[2017.06.27-07.36.26:203][  0]MapCheck:Warning: Warning EnergyShield StaticMeshComponent /Game/TwinStickBP/Maps/TwinStickExampleMap.TwinStickExampleMap:PersistentLevel.player3_1752.EnergyShield : Externally referenced 
[2017.06.27-07.36.26:203][  0]MapCheck:Warning: Warning Shield StaticMeshComponent /Game/TwinStickBP/Maps/TwinStickExampleMap.TwinStickExampleMap:PersistentLevel.player3_1752.Shield : Externally referenced 
[2017.06.27-07.36.26:203][  0]MapCheck:Warning: Warning ShipMeshComponent StaticMeshComponent /Game/TwinStickBP/Maps/TwinStickExampleMap.TwinStickExampleMap:PersistentLevel.player4_2142.ShipMeshComponent : Externally referenced 
[2017.06.27-07.36.26:203][  0]MapCheck:Warning: Warning EnergyShield StaticMeshComponent /Game/TwinStickBP/Maps/TwinStickExampleMap.TwinStickExampleMap:PersistentLevel.player4_2142.EnergyShield : Externally referenced 
[2017.06.27-07.36.26:203][  0]MapCheck:Warning: Warning Shield StaticMeshComponent /Game/TwinStickBP/Maps/TwinStickExampleMap.TwinStickExampleMap:PersistentLevel.player4_2142.Shield : Externally referenced 
[2017.06.27-07.36.26:203][  0]MapCheck:Warning: Warning ShipMeshComponent StaticMeshComponent /Game/TwinStickBP/Maps/TwinStickExampleMap.TwinStickExampleMap:PersistentLevel.player5_6470.ShipMeshComponent : Externally referenced 
[2017.06.27-07.36.26:203][  0]MapCheck:Warning: Warning EnergyShield StaticMeshComponent /Game/TwinStickBP/Maps/TwinStickExampleMap.TwinStickExampleMap:PersistentLevel.player5_6470.EnergyShield : Externally referenced 
[2017.06.27-07.36.26:203][  0]MapCheck:Warning: Warning Shield StaticMeshComponent /Game/TwinStickBP/Maps/TwinStickExampleMap.TwinStickExampleMap:PersistentLevel.player5_6470.Shield : Externally referenced 
[2017.06.27-07.36.26:203][  0]MapCheck:Warning: Warning ShipMeshComponent StaticMeshComponent /Game/TwinStickBP/Maps/TwinStickExampleMap.TwinStickExampleMap:PersistentLevel.player6_1522.ShipMeshComponent : Externally referenced 
[2017.06.27-07.36.26:203][  0]MapCheck:Warning: Warning EnergyShield StaticMeshComponent /Game/TwinStickBP/Maps/TwinStickExampleMap.TwinStickExampleMap:PersistentLevel.player6_1522.EnergyShield : Externally referenced 
[2017.06.27-07.36.26:203][  0]MapCheck:Warning: Warning Shield StaticMeshComponent /Game/TwinStickBP/Maps/TwinStickExampleMap.TwinStickExampleMap:PersistentLevel.player6_1522.Shield : Externally referenced 
[2017.06.27-07.36.26:203][  0]MapCheck:Warning: Warning StaticMeshComponent0 StaticMeshComponent /Game/TwinStickBP/Maps/TwinStickExampleMap.TwinStickExampleMap:PersistentLevel.Floor_18.StaticMeshComponent0 : Externally referenced 
[2017.06.27-07.36.26:203][  0]MapCheck:Warning: Warning StaticMeshComponent0 StaticMeshComponent /Game/TwinStickBP/Maps/TwinStickExampleMap.TwinStickExampleMap:PersistentLevel.Obstacle2_3.StaticMeshComponent0 : Externally referenced 
[2017.06.27-07.36.26:203][  0]MapCheck:Warning: Warning StaticMeshComponent0 StaticMeshComponent /Game/TwinStickBP/Maps/TwinStickExampleMap.TwinStickExampleMap:PersistentLevel.Wall1_17.StaticMeshComponent0 : Externally referenced 
[2017.06.27-07.36.26:203][  0]MapCheck:Warning: Warning StaticMeshComponent0 StaticMeshComponent /Game/TwinStickBP/Maps/TwinStickExampleMap.TwinStickExampleMap:PersistentLevel.Wall5.StaticMeshComponent0 : Externally referenced 
[2017.06.27-07.36.26:203][  0]MapCheck:Warning: Warning StaticMeshComponent0 StaticMeshComponent /Game/TwinStickBP/Maps/TwinStickExampleMap.TwinStickExampleMap:PersistentLevel.Wall6.StaticMeshComponent0 : Externally referenced 
[2017.06.27-07.36.26:203][  0]MapCheck:Warning: Warning StaticMeshComponent0 StaticMeshComponent /Game/TwinStickBP/Maps/TwinStickExampleMap.TwinStickExampleMap:PersistentLevel.Wall7.StaticMeshComponent0 : Externally referenced 
[2017.06.27-07.36.26:203][  0]MapCheck:Warning: Warning K2Node_CallFunction_2339 K2Node_CallFunction /Game/TwinStickBP/Maps/TwinStickExampleMap.TwinStickExampleMap:PersistentLevel.TwinStickExampleMap.EventGraph.K2Node_CallFunction_2339 : Externally referenced 
[2017.06.27-07.36.26:203][  0]MapCheck: Info Map check complete: 0 Error(s), 31 Warning(s), took 107.841ms to complete.
[2017.06.27-07.36.26:210][  0]LogFileHelpers: Loading map 'TwinStickExampleMap' took 1.835
[2017.06.27-07.36.26:342][  0]LogCollectionManager: Loaded 0 collections in 0.002310 seconds
[2017.06.27-07.36.26:441][  0]LogFileCache: Scanning file cache for directory 'C:/supers-master/supers-master 4.16/supers/Saved/Collections/' took 0.01s
[2017.06.27-07.36.26:441][  0]LogFileCache: Scanning file cache for directory 'C:/supers-master/supers-master 4.16/supers/Content/Developers/NewXB/Collections/' took 0.01s
[2017.06.27-07.36.26:441][  0]LogFileCache: Scanning file cache for directory 'C:/supers-master/supers-master 4.16/supers/Content/Collections/' took 0.01s
[2017.06.27-07.36.26:441][  0]LogCollectionManager: Rebuilt the GUID cache for 0 collections in 0.000002 seconds
[2017.06.27-07.36.26:450][  0]LogContentBrowser: Native class hierarchy populated in 0.0094 seconds. Added 2329 classes and 491 folders.
[2017.06.27-07.36.26:518][  0]LogContentBrowser: Native class hierarchy updated for 'WidgetCarousel' in 0.0005 seconds. Added 0 classes and 0 folders.
[2017.06.27-07.36.26:696][  0]LogContentBrowser: Native class hierarchy updated for 'AddContentDialog' in 0.0007 seconds. Added 0 classes and 0 folders.
[2017.06.27-07.36.26:741][  0]LogContentBrowser: Native class hierarchy updated for 'SceneOutliner' in 0.0006 seconds. Added 1 classes and 2 folders.
[2017.06.27-07.36.26:778][  0]LogCrashTracker: Crashtracker disabled due to settings.
[2017.06.27-07.36.26:786][  0]LogSlate: Took 0.000349 seconds to synchronously load lazily loaded font '../../../Engine/Content/Slate/Fonts/Roboto-Regular.ttf' (155K)
[2017.06.27-07.36.26:794][  0]LogSlate: Took 0.006177 seconds to synchronously load lazily loaded font '../../../Engine/Content/Slate/Fonts/Roboto-Bold.ttf' (160K)
[2017.06.27-07.36.26:803][  0]LogSlate: Took 0.005151 seconds to synchronously load lazily loaded font '../../../Engine/Content/Editor/Slate/Fonts/FontAwesome.ttf' (139K)
[2017.06.27-07.36.26:932][  0]LogRenderer: Reallocating scene render targets to support 1208x576 NumSamples 1 (Frame:1).
[2017.06.27-07.36.26:984][  0]LogSlate: Took 0.000226 seconds to synchronously load lazily loaded font '../../../Engine/Content/Slate/Fonts/Roboto-Light.ttf' (159K)
[2017.06.27-07.36.27:075][  0]LogUObjectGlobals:Warning: Failed to find object 'Class None.'
[2017.06.27-07.36.27:150][  0]LogContentBrowser: Native class hierarchy updated for 'HierarchicalLODOutliner' in 0.0006 seconds. Added 1 classes and 2 folders.
[2017.06.27-07.36.27:150][  0]LogLoad: (Engine Initialization) Total time: 25.27 seconds
[2017.06.27-07.36.27:150][  0]LogLoad: (Engine Initialization) Total Blueprint compile time: 0.58 seconds
[2017.06.27-07.36.27:150][  0]LogExternalProfiler: Found external profiler: VSPerf
[2017.06.27-07.36.27:150][  0]LogExternalProfiler: Using external profiler: VSPerf
[2017.06.27-07.36.27:170][  0]LogWindowsTextInputMethodSystem:Display: IME system now deactivated.
[2017.06.27-07.36.27:172][  0]LogOcInput: OculusInput pre-init called
[2017.06.27-07.36.27:172][  0]LogHMD: Starting GearVRController plugin
[2017.06.27-07.36.27:200][  0]LogAssetRegistry: Asset discovery search completed in 14.0483 seconds
[2017.06.27-07.36.27:202][  0]LogCollectionManager: Rebuilt the object cache for 0 collections in 0.000001 seconds (found 0 objects)
[2017.06.27-07.36.27:202][  0]LogCollectionManager: Fixed up redirectors for 0 collections in 0.000032 seconds (updated 0 objects)
[2017.06.27-07.36.27:203][  0]LogContentStreaming: Texture pool size now 1000 MB
[2017.06.27-07.36.30:461][188]LogSlate: Took 0.000223 seconds to synchronously load lazily loaded font '../../../Engine/Content/Slate/Fonts/Roboto-Light.ttf' (159K)
[2017.06.27-07.36.30:851][188]LogContentBrowser: Native class hierarchy updated for 'BlueprintGraph' in 0.0009 seconds. Added 112 classes and 0 folders.
[2017.06.27-07.36.31:383][188]LogSlate: Took 0.000200 seconds to synchronously load lazily loaded font '../../../Engine/Content/Slate/Fonts/Roboto-Regular.ttf' (155K)
[2017.06.27-07.36.31:458][188]LogSlate: Took 0.000278 seconds to synchronously load lazily loaded font '../../../Engine/Content/Editor/Slate/Fonts/Roboto-BoldCondensed.ttf' (158K)
[2017.06.27-07.36.31:777][189]LogSlate: Took 0.000307 seconds to synchronously load lazily loaded font '../../../Engine/Content/Editor/Slate/Fonts/Roboto-Italic.ttf' (157K)
[2017.06.27-07.36.39:643][653]LogRenderer: Reallocating scene render targets to support 1208x712 NumSamples 1 (Frame:1).
[2017.06.27-07.37.23:249][265]BlueprintLog: New page: Compile Runner
[2017.06.27-07.37.27:747][454]LogTemp: Repeting last play command: New Editor Window (PIE)
[2017.06.27-07.37.27:794][454]LogBlueprintUserMessages: Early PlayInEditor Detection: Level '/Game/TwinStickBP/Maps/TwinStickExampleMap.TwinStickExampleMap:PersistentLevel' has LevelScriptBlueprint '/Game/TwinStickBP/Maps/TwinStickExampleMap.TwinStickExampleMap:PersistentLevel.TwinStickExampleMap' with GeneratedClass '/Game/TwinStickBP/Maps/TwinStickExampleMap.TwinStickExampleMap_C' with ClassGeneratedBy '/Game/TwinStickBP/Maps/TwinStickExampleMap.TwinStickExampleMap:PersistentLevel.TwinStickExampleMap'
[2017.06.27-07.37.27:794][454]LogPlayLevel: PlayLevel: No blueprints needed recompiling
[2017.06.27-07.37.27:794][454]PIE: New page: PIE session: TwinStickExampleMap (Jun 26, 2017, 5:37:27 PM)
[2017.06.27-07.37.27:794][454]LogPlayLevel: Creating play world package: /Game/TwinStickBP/Maps/UEDPIE_0_TwinStickExampleMap
[2017.06.27-07.37.27:816][454]LogPlayLevel: PIE: StaticDuplicateObject took: (0.021470s)
[2017.06.27-07.37.27:816][454]LogAIModule: Creating AISystem for world TwinStickExampleMap
[2017.06.27-07.37.27:816][454]LogPlayLevel: PIE: World Init took: (0.000512s)
[2017.06.27-07.37.27:816][454]LogPlayLevel: PIE: Created PIE world by copying editor world from /Game/TwinStickBP/Maps/TwinStickExampleMap.TwinStickExampleMap to /Game/TwinStickBP/Maps/UEDPIE_0_TwinStickExampleMap.TwinStickExampleMap (0.022147s)
[2017.06.27-07.37.28:036][454]LogInit: XAudio2 using 'Speakers (Realtek High Definition Audio)' : 6 channels at 48 kHz using 32 bits per sample (channel mask 0x3f)
[2017.06.27-07.37.28:112][454]LogInit: FAudioDevice initialized.
[2017.06.27-07.37.28:350][454]LogLoad: Game class is 'TwinStickGameMode_C'
[2017.06.27-07.37.28:355][454]LogWorld: Bringing World /Game/TwinStickBP/Maps/UEDPIE_0_TwinStickExampleMap.TwinStickExampleMap up for play (max tick rate 60) at 2017.06.27-00.37.28
[2017.06.27-07.37.28:356][454]LogWorld: Bringing up level for play took: 0.002938
[2017.06.27-07.37.28:422][454]LogContentBrowser: Native class hierarchy updated for 'MovieSceneCapture' in 0.0005 seconds. Added 11 classes and 0 folders.
[2017.06.27-07.37.28:422][454]LogGameMode:Display: Match State Changed from EnteringMap to WaitingToStart
[2017.06.27-07.37.28:422][454]LogGameState: Match State Changed from EnteringMap to WaitingToStart
[2017.06.27-07.37.28:422][454]LogGameMode:Display: Match State Changed from WaitingToStart to InProgress
[2017.06.27-07.37.28:423][454]LogPlayerManagement:Error: Failed to Create Player: Maximum number of players (4) already created.  Unable to create more.
[2017.06.27-07.37.28:423][454]LogPlayerManagement:Error: Failed to Create Player: Maximum number of players (4) already created.  Unable to create more.
[2017.06.27-07.37.28:423][454]LogScript:Warning: Accessed None trying to read property CallFunc_GetPlayerController_ReturnValue3
	TwinStickExampleMap_C /Game/TwinStickBP/Maps/UEDPIE_0_TwinStickExampleMap.TwinStickExampleMap:PersistentLevel.TwinStickExampleMap_C_1
	Function /Game/TwinStickBP/Maps/TwinStickExampleMap.TwinStickExampleMap_C:ExecuteUbergraph_TwinStickExampleMap:03AA
[2017.06.27-07.37.28:423][454]PIE:Error: Error Blueprint Runtime Error: Accessed None trying to read property CallFunc_GetPlayerController_ReturnValue3 from function: 'ExecuteUbergraph_TwinStickExampleMap' from node: Possess in graph: EventGraph in object: TwinStickExampleMap with description: Accessed None trying to read property CallFunc_GetPlayerController_ReturnValue3
[2017.06.27-07.37.28:423][454]LogScript:Warning: Accessed None trying to read property CallFunc_GetPlayerController_ReturnValue6
	TwinStickExampleMap_C /Game/TwinStickBP/Maps/UEDPIE_0_TwinStickExampleMap.TwinStickExampleMap:PersistentLevel.TwinStickExampleMap_C_1
	Function /Game/TwinStickBP/Maps/TwinStickExampleMap.TwinStickExampleMap_C:ExecuteUbergraph_TwinStickExampleMap:00C6
[2017.06.27-07.37.28:423][454]PIE:Error: Error Blueprint Runtime Error: Accessed None trying to read property CallFunc_GetPlayerController_ReturnValue6 from function: 'ExecuteUbergraph_TwinStickExampleMap' from node: Possess in graph: EventGraph in object: TwinStickExampleMap with description: Accessed None trying to read property CallFunc_GetPlayerController_ReturnValue6
[2017.06.27-07.37.28:424][454]LogGameState: Match State Changed from WaitingToStart to InProgress
[2017.06.27-07.37.28:428][454]PIE: Info Play in editor start time for /Game/TwinStickBP/Maps/UEDPIE_0_TwinStickExampleMap 0.509
[2017.06.27-07.37.28:429][454]LogBlueprintUserMessages: Late PlayInEditor Detection: Level '/Game/TwinStickBP/Maps/TwinStickExampleMap.TwinStickExampleMap:PersistentLevel' has LevelScriptBlueprint '/Game/TwinStickBP/Maps/TwinStickExampleMap.TwinStickExampleMap:PersistentLevel.TwinStickExampleMap' with GeneratedClass '/Game/TwinStickBP/Maps/TwinStickExampleMap.TwinStickExampleMap_C' with ClassGeneratedBy '/Game/TwinStickBP/Maps/TwinStickExampleMap.TwinStickExampleMap:PersistentLevel.TwinStickExampleMap'
[2017.06.27-07.37.28:450][454]LogRenderer: Reallocating scene render targets to support 1292x756 NumSamples 1 (Frame:1).
[2017.06.27-07.37.56:604][140]LogBlueprintUserMessages: Early EndPlayMap Detection: Level '/Game/TwinStickBP/Maps/TwinStickExampleMap.TwinStickExampleMap:PersistentLevel' has LevelScriptBlueprint '/Game/TwinStickBP/Maps/TwinStickExampleMap.TwinStickExampleMap:PersistentLevel.TwinStickExampleMap' with GeneratedClass '/Game/TwinStickBP/Maps/TwinStickExampleMap.TwinStickExampleMap_C' with ClassGeneratedBy '/Game/TwinStickBP/Maps/TwinStickExampleMap.TwinStickExampleMap:PersistentLevel.TwinStickExampleMap'
[2017.06.27-07.37.56:657][140]LogBlueprintUserMessages: Late EndPlayMap Detection: Level '/Game/TwinStickBP/Maps/TwinStickExampleMap.TwinStickExampleMap:PersistentLevel' has LevelScriptBlueprint '/Game/TwinStickBP/Maps/TwinStickExampleMap.TwinStickExampleMap:PersistentLevel.TwinStickExampleMap' with GeneratedClass '/Game/TwinStickBP/Maps/TwinStickExampleMap.TwinStickExampleMap_C' with ClassGeneratedBy '/Game/TwinStickBP/Maps/TwinStickExampleMap.TwinStickExampleMap:PersistentLevel.TwinStickExampleMap'
[2017.06.27-07.41.34:015][122]BlueprintLog: New page: Compile Runner
[2017.06.27-07.41.36:610][229]Cmd: OBJ SAVEPACKAGE PACKAGE="/Game/Runner" FILE="../../../../../../supers-master/supers-master 4.16/supers/Content/Runner.uasset" SILENT=true
[2017.06.27-07.41.36:911][229]LogSavePackage: Save=275.28ms
[2017.06.27-07.41.36:911][229]LogSavePackage: Moving '../../../../../../supers-master/supers-master 4.16/supers/Saved/Runner902083FB4EFB9232E427178B8FAE9C0B.tmp' to '../../../../../../supers-master/supers-master 4.16/supers/Content/Runner.uasset'
[2017.06.27-07.41.36:916][229]LogSavePackage:Display: Finished SavePackage ../../../../../../supers-master/supers-master 4.16/supers/Content/Runner.uasset
[2017.06.27-07.42.42:588][119]LogUObjectBase:Warning: Object is not registered
[2017.06.27-07.42.42:748][119]LogStats: FPlatformStackWalk::StackWalkAndDump -  0.160 s
[2017.06.27-07.42.42:748][119]LogOutputDevice:Error: === Handled ensure: ===
[2017.06.27-07.42.42:748][119]LogOutputDevice:Error: 
[2017.06.27-07.42.42:748][119]LogOutputDevice:Error: Ensure condition failed: false [File:D:\Build\++UE4+Release-4.16+Compile\Sync\Engine\Source\Editor\UnrealEd\Private\Kismet2\KismetDebugUtilities.cpp] [Line: 1037]
[2017.06.27-07.42.42:748][119]LogOutputDevice:Error: Error: Invalid (but non-null) property associated with pin; cannot get variable value
[2017.06.27-07.42.42:748][119]LogOutputDevice:Error: Stack: 
[2017.06.27-07.42.42:748][119]LogOutputDevice:Error: UE4Editor-Core.dll!0x00000000AC97E1C6
[2017.06.27-07.42.42:748][119]LogOutputDevice:Error: UE4Editor-Core.dll!0x00000000AC72B7D2
[2017.06.27-07.42.42:748][119]LogOutputDevice:Error: UE4Editor-Core.dll!0x00000000AC741D96
[2017.06.27-07.42.42:748][119]LogOutputDevice:Error: UE4Editor-UnrealEd.dll!0x00000000A9A872D6
[2017.06.27-07.42.42:748][119]LogOutputDevice:Error: UE4Editor-BlueprintGraph.dll!0x00000000AB68D27B
[2017.06.27-07.42.42:748][119]LogOutputDevice:Error: UE4Editor-GraphEditor.dll!0x00000000A8A624EA
[2017.06.27-07.42.42:748][119]LogOutputDevice:Error: UE4Editor-GraphEditor.dll!0x00000000A89072CC
[2017.06.27-07.42.42:748][119]LogOutputDevice:Error: UE4Editor-GraphEditor.dll!0x00000000A890A6D9
[2017.06.27-07.42.42:748][119]LogOutputDevice:Error: UE4Editor-GraphEditor.dll!0x00000000A8A280A5
[2017.06.27-07.42.42:748][119]LogOutputDevice:Error: UE4Editor-Slate.dll!0x00000000AEB7DB57
[2017.06.27-07.42.42:748][119]LogOutputDevice:Error: UE4Editor-Slate.dll!0x00000000AEB84B61
[2017.06.27-07.42.42:748][119]LogOutputDevice:Error: UE4Editor-Slate.dll!0x00000000AEDA48D3
[2017.06.27-07.42.42:748][119]LogOutputDevice:Error: UE4Editor-Slate.dll!0x00000000AEBDF604
[2017.06.27-07.42.42:748][119]LogOutputDevice:Error: UE4Editor-Slate.dll!0x00000000AEBB77FC
[2017.06.27-07.42.42:748][119]LogOutputDevice:Error: UE4Editor-Slate.dll!0x00000000AEBA814C
[2017.06.27-07.42.42:748][119]LogOutputDevice:Error: UE4Editor-Core.dll!0x00000000AC9714C0
[2017.06.27-07.42.42:748][119]LogOutputDevice:Error: UE4Editor-Core.dll!0x00000000AC95B6E1
[2017.06.27-07.42.42:748][119]LogOutputDevice:Error: UE4Editor-Core.dll!0x00000000AC9732EB
[2017.06.27-07.42.42:748][119]LogOutputDevice:Error: UE4Editor-Core.dll!0x00000000AC957A32
[2017.06.27-07.42.42:748][119]LogOutputDevice:Error: USER32.dll!0x000000000AF5BC50
[2017.06.27-07.42.42:748][119]LogOutputDevice:Error: USER32.dll!0x000000000AF5B5CF
[2017.06.27-07.42.42:748][119]LogOutputDevice:Error: UE4Editor-Core.dll!0x00000000AC973BF6
[2017.06.27-07.42.42:748][119]LogOutputDevice:Error: UE4Editor.exe!0x00000000806BDB44
[2017.06.27-07.42.42:748][119]LogOutputDevice:Error: UE4Editor.exe!0x00000000806AF0B0
[2017.06.27-07.42.42:748][119]LogOutputDevice:Error: UE4Editor.exe!0x00000000806AF12A
[2017.06.27-07.42.42:748][119]LogOutputDevice:Error: UE4Editor.exe!0x00000000806C0CF9
[2017.06.27-07.42.42:748][119]LogOutputDevice:Error: UE4Editor.exe!0x00000000806C25F7
[2017.06.27-07.42.42:748][119]LogOutputDevice:Error: KERNEL32.DLL!0x000000000A942774
[2017.06.27-07.42.42:748][119]LogOutputDevice:Error: ntdll.dll!0x000000000BB00D61
[2017.06.27-07.42.42:748][119]LogOutputDevice:Error: 
[2017.06.27-07.42.42:749][119]LogStats:                SubmitErrorReport -  0.000 s
[2017.06.27-07.42.43:303][119]LogStats:                    SendNewReport -  0.553 s
[2017.06.27-07.42.43:303][119]LogStats:             FDebug::EnsureFailed -  0.715 s
[2017.06.27-07.42.43:303][119]LogUObjectBase:Warning: Object is not registered
[2017.06.27-07.42.46:055][284]LogUObjectArray:Warning: Other object in slot
[2017.06.27-07.42.46:057][284]LogUObjectArray:Warning: Other object in slot
[2017.06.27-07.42.46:059][284]LogUObjectArray:Warning: Other object in slot
[2017.06.27-07.42.46:062][284]LogUObjectArray:Warning: Other object in slot
[2017.06.27-07.42.46:071][285]LogUObjectArray:Warning: Other object in slot
[2017.06.27-07.42.46:072][285]LogUObjectArray:Warning: Other object in slot
[2017.06.27-07.42.46:078][285]LogUObjectArray:Warning: Other object in slot
[2017.06.27-07.43.56:765][471]LogUObjectBase:Warning: Object is not registered
[2017.06.27-07.43.56:767][471]LogUObjectBase:Warning: Object is not registered
[2017.06.27-07.43.56:769][471]LogUObjectBase:Warning: Object is not registered
[2017.06.27-07.43.56:773][471]LogUObjectBase:Warning: Object is not registered
[2017.06.27-07.46.47:259][666]LogSlate: Took 0.000335 seconds to synchronously load lazily loaded font '../../../Engine/Content/Slate/Fonts/Roboto-Light.ttf' (159K)
[2017.06.27-07.46.56:805][202]LogSavePackage: Save=451.57ms
[2017.06.27-07.46.56:805][202]LogSavePackage: Moving '../../../../../../supers-master/supers-master 4.16/supers/Saved/TwinStickExampleMap_Auto16C93E9754D65AF4ACCA13381A9BA230D.tmp' to '../../../../../../supers-master/supers-master 4.16/supers/Saved/Autosaves/Game/TwinStickBP/Maps/TwinStickExampleMap_Auto1.umap'
[2017.06.27-07.46.56:808][202]LogSavePackage:Display: Finished SavePackage ../../../../../../supers-master/supers-master 4.16/supers/Saved/Autosaves/Game/TwinStickBP/Maps/TwinStickExampleMap_Auto1.umap
[2017.06.27-07.46.56:810][202]LogFileHelpers: Editor autosave (incl. sublevels) for '/Game/TwinStickBP/Maps/TwinStickExampleMap' took 0.531
[2017.06.27-07.46.56:810][202]LogFileHelpers: Editor autosave (incl. sublevels) for all levels took 0.531
[2017.06.27-07.46.56:815][202]OBJ SavePackage: Generating thumbnails for [1] asset(s) in package [/Game/TwinStickBP/Blueprints/player1] ([1] browsable assets)...
[2017.06.27-07.46.56:826][202]OBJ SavePackage:     Rendered thumbnail for [Blueprint /Game/TwinStickBP/Blueprints/player1.player1]
[2017.06.27-07.46.56:826][202]OBJ SavePackage: Finished generating thumbnails for package [/Game/TwinStickBP/Blueprints/player1]
[2017.06.27-07.46.57:077][202]LogSavePackage: Save=230.33ms
[2017.06.27-07.46.57:077][202]LogSavePackage: Moving '../../../../../../supers-master/supers-master 4.16/supers/Saved/player1_Auto1336E903B400C3D5A07DCA9BE1245FA2D.tmp' to '../../../../../../supers-master/supers-master 4.16/supers/Saved/Autosaves/Game/TwinStickBP/Blueprints/player1_Auto1.uasset'
[2017.06.27-07.46.57:079][202]LogSavePackage:Display: Finished SavePackage ../../../../../../supers-master/supers-master 4.16/supers/Saved/Autosaves/Game/TwinStickBP/Blueprints/player1_Auto1.uasset
[2017.06.27-07.46.57:079][202]LogFileHelpers: Auto-saving content packages took 0.265
[2017.06.27-07.47.19:160][526]BlueprintLog: New page: Compile player1
[2017.06.27-07.47.23:355][705]Cmd: OBJ SAVEPACKAGE PACKAGE="/Game/TwinStickBP/Blueprints/player1" FILE="../../../../../../supers-master/supers-master 4.16/supers/Content/TwinStickBP/Blueprints/player1.uasset" SILENT=true
[2017.06.27-07.47.23:597][705]LogSavePackage: Save=225.95ms
[2017.06.27-07.47.23:597][705]LogSavePackage: Moving '../../../../../../supers-master/supers-master 4.16/supers/Saved/player1CC5A1E594BC747429F7F0C93FBC360A0.tmp' to '../../../../../../supers-master/supers-master 4.16/supers/Content/TwinStickBP/Blueprints/player1.uasset'
[2017.06.27-07.47.23:601][705]LogSavePackage:Display: Finished SavePackage ../../../../../../supers-master/supers-master 4.16/supers/Content/TwinStickBP/Blueprints/player1.uasset
[2017.06.27-07.49.12:783][140]BlueprintLog: New page: Compile Runner
[2017.06.27-07.49.23:508][695]Cmd: OBJ SAVEPACKAGE PACKAGE="/Game/Runner" FILE="../../../../../../supers-master/supers-master 4.16/supers/Content/Runner.uasset" SILENT=true
[2017.06.27-07.49.23:807][695]LogSavePackage: Save=274.31ms
[2017.06.27-07.49.23:807][695]LogSavePackage: Moving '../../../../../../supers-master/supers-master 4.16/supers/Saved/Runner9655E69048E6400D43E286A7088A8A8B.tmp' to '../../../../../../supers-master/supers-master 4.16/supers/Content/Runner.uasset'
[2017.06.27-07.49.23:812][695]LogSavePackage:Display: Finished SavePackage ../../../../../../supers-master/supers-master 4.16/supers/Content/Runner.uasset
[2017.06.27-07.52.41:353][310]BlueprintLog: New page: Compile player1
[2017.06.27-07.52.43:881][365]Cmd: OBJ SAVEPACKAGE PACKAGE="/Game/TwinStickBP/Blueprints/player1" FILE="../../../../../../supers-master/supers-master 4.16/supers/Content/TwinStickBP/Blueprints/player1.uasset" SILENT=true
[2017.06.27-07.52.44:144][365]LogSavePackage: Save=239.47ms
[2017.06.27-07.52.44:144][365]LogSavePackage: Moving '../../../../../../supers-master/supers-master 4.16/supers/Saved/player1C0807B604F8DC20BBF1CC2866190AA7F.tmp' to '../../../../../../supers-master/supers-master 4.16/supers/Content/TwinStickBP/Blueprints/player1.uasset'
[2017.06.27-07.52.44:148][365]LogSavePackage:Display: Finished SavePackage ../../../../../../supers-master/supers-master 4.16/supers/Content/TwinStickBP/Blueprints/player1.uasset
[2017.06.27-07.53.17:527][324]BlueprintLog: New page: Compile Runner
[2017.06.27-07.53.19:408][394]Cmd: OBJ SAVEPACKAGE PACKAGE="/Game/Runner" FILE="../../../../../../supers-master/supers-master 4.16/supers/Content/Runner.uasset" SILENT=true
[2017.06.27-07.53.19:700][394]LogSavePackage: Save=277.11ms
[2017.06.27-07.53.19:700][394]LogSavePackage: Moving '../../../../../../supers-master/supers-master 4.16/supers/Saved/Runner353FC20A4484032B185FAB859779EC99.tmp' to '../../../../../../supers-master/supers-master 4.16/supers/Content/Runner.uasset'
[2017.06.27-07.53.19:703][394]LogSavePackage:Display: Finished SavePackage ../../../../../../supers-master/supers-master 4.16/supers/Content/Runner.uasset
[2017.06.27-07.53.29:106][958]LogTemp: Repeting last play command: New Editor Window (PIE)
[2017.06.27-07.53.29:124][958]LogBlueprintUserMessages: Early PlayInEditor Detection: Level '/Game/TwinStickBP/Maps/TwinStickExampleMap.TwinStickExampleMap:PersistentLevel' has LevelScriptBlueprint '/Game/TwinStickBP/Maps/TwinStickExampleMap.TwinStickExampleMap:PersistentLevel.TwinStickExampleMap' with GeneratedClass '/Game/TwinStickBP/Maps/TwinStickExampleMap.TwinStickExampleMap_C' with ClassGeneratedBy '/Game/TwinStickBP/Maps/TwinStickExampleMap.TwinStickExampleMap:PersistentLevel.TwinStickExampleMap'
[2017.06.27-07.53.29:124][958]LogPlayLevel: PlayLevel: No blueprints needed recompiling
[2017.06.27-07.53.29:125][958]PIE: New page: PIE session: TwinStickExampleMap (Jun 26, 2017, 5:53:29 PM)
[2017.06.27-07.53.29:125][958]LogPlayLevel: Creating play world package: /Game/TwinStickBP/Maps/UEDPIE_0_TwinStickExampleMap
[2017.06.27-07.53.29:133][958]LogPlayLevel: PIE: StaticDuplicateObject took: (0.007944s)
[2017.06.27-07.53.29:133][958]LogAIModule: Creating AISystem for world TwinStickExampleMap
[2017.06.27-07.53.29:134][958]LogPlayLevel: PIE: World Init took: (0.000851s)
[2017.06.27-07.53.29:134][958]LogPlayLevel: PIE: Created PIE world by copying editor world from /Game/TwinStickBP/Maps/TwinStickExampleMap.TwinStickExampleMap to /Game/TwinStickBP/Maps/UEDPIE_0_TwinStickExampleMap.TwinStickExampleMap (0.009154s)
[2017.06.27-07.53.29:156][958]LogInit: XAudio2 using 'Speakers (Realtek High Definition Audio)' : 6 channels at 48 kHz using 32 bits per sample (channel mask 0x3f)
[2017.06.27-07.53.29:220][958]LogInit: FAudioDevice initialized.
[2017.06.27-07.53.29:266][958]LogLoad: Game class is 'TwinStickGameMode_C'
[2017.06.27-07.53.29:269][958]LogWorld: Bringing World /Game/TwinStickBP/Maps/UEDPIE_0_TwinStickExampleMap.TwinStickExampleMap up for play (max tick rate 60) at 2017.06.27-00.53.29
[2017.06.27-07.53.29:269][958]LogWorld: Bringing up level for play took: 0.002193
[2017.06.27-07.53.29:270][958]LogGameMode:Display: Match State Changed from EnteringMap to WaitingToStart
[2017.06.27-07.53.29:270][958]LogGameState: Match State Changed from EnteringMap to WaitingToStart
[2017.06.27-07.53.29:270][958]LogGameMode:Display: Match State Changed from WaitingToStart to InProgress
[2017.06.27-07.53.29:271][958]LogPlayerManagement:Error: Failed to Create Player: Maximum number of players (4) already created.  Unable to create more.
[2017.06.27-07.53.29:271][958]LogPlayerManagement:Error: Failed to Create Player: Maximum number of players (4) already created.  Unable to create more.
[2017.06.27-07.53.29:271][958]LogScript:Warning: Accessed None trying to read property CallFunc_GetPlayerController_ReturnValue3
	TwinStickExampleMap_C /Game/TwinStickBP/Maps/UEDPIE_0_TwinStickExampleMap.TwinStickExampleMap:PersistentLevel.TwinStickExampleMap_C_0
	Function /Game/TwinStickBP/Maps/TwinStickExampleMap.TwinStickExampleMap_C:ExecuteUbergraph_TwinStickExampleMap:03AA
[2017.06.27-07.53.29:271][958]PIE:Error: Error Blueprint Runtime Error: Accessed None trying to read property CallFunc_GetPlayerController_ReturnValue3 from function: 'ExecuteUbergraph_TwinStickExampleMap' from node: Possess in graph: EventGraph in object: TwinStickExampleMap with description: Accessed None trying to read property CallFunc_GetPlayerController_ReturnValue3
[2017.06.27-07.53.29:271][958]LogScript:Warning: Accessed None trying to read property CallFunc_GetPlayerController_ReturnValue6
	TwinStickExampleMap_C /Game/TwinStickBP/Maps/UEDPIE_0_TwinStickExampleMap.TwinStickExampleMap:PersistentLevel.TwinStickExampleMap_C_0
	Function /Game/TwinStickBP/Maps/TwinStickExampleMap.TwinStickExampleMap_C:ExecuteUbergraph_TwinStickExampleMap:00C6
[2017.06.27-07.53.29:271][958]PIE:Error: Error Blueprint Runtime Error: Accessed None trying to read property CallFunc_GetPlayerController_ReturnValue6 from function: 'ExecuteUbergraph_TwinStickExampleMap' from node: Possess in graph: EventGraph in object: TwinStickExampleMap with description: Accessed None trying to read property CallFunc_GetPlayerController_ReturnValue6
[2017.06.27-07.53.29:272][958]LogGameState: Match State Changed from WaitingToStart to InProgress
[2017.06.27-07.53.29:277][958]PIE: Info Play in editor start time for /Game/TwinStickBP/Maps/UEDPIE_0_TwinStickExampleMap -0.642
[2017.06.27-07.53.29:278][958]LogBlueprintUserMessages: Late PlayInEditor Detection: Level '/Game/TwinStickBP/Maps/TwinStickExampleMap.TwinStickExampleMap:PersistentLevel' has LevelScriptBlueprint '/Game/TwinStickBP/Maps/TwinStickExampleMap.TwinStickExampleMap:PersistentLevel.TwinStickExampleMap' with GeneratedClass '/Game/TwinStickBP/Maps/TwinStickExampleMap.TwinStickExampleMap_C' with ClassGeneratedBy '/Game/TwinStickBP/Maps/TwinStickExampleMap.TwinStickExampleMap:PersistentLevel.TwinStickExampleMap'
[2017.06.27-07.53.52:437][342]LogBlueprintUserMessages: Early EndPlayMap Detection: Level '/Game/TwinStickBP/Maps/TwinStickExampleMap.TwinStickExampleMap:PersistentLevel' has LevelScriptBlueprint '/Game/TwinStickBP/Maps/TwinStickExampleMap.TwinStickExampleMap:PersistentLevel.TwinStickExampleMap' with GeneratedClass '/Game/TwinStickBP/Maps/TwinStickExampleMap.TwinStickExampleMap_C' with ClassGeneratedBy '/Game/TwinStickBP/Maps/TwinStickExampleMap.TwinStickExampleMap:PersistentLevel.TwinStickExampleMap'
[2017.06.27-07.53.52:494][342]LogBlueprintUserMessages: Late EndPlayMap Detection: Level '/Game/TwinStickBP/Maps/TwinStickExampleMap.TwinStickExampleMap:PersistentLevel' has LevelScriptBlueprint '/Game/TwinStickBP/Maps/TwinStickExampleMap.TwinStickExampleMap:PersistentLevel.TwinStickExampleMap' with GeneratedClass '/Game/TwinStickBP/Maps/TwinStickExampleMap.TwinStickExampleMap_C' with ClassGeneratedBy '/Game/TwinStickBP/Maps/TwinStickExampleMap.TwinStickExampleMap:PersistentLevel.TwinStickExampleMap'
[2017.06.27-07.53.56:793][597]LogTemp: Repeting last play command: New Editor Window (PIE)
[2017.06.27-07.53.56:810][597]LogBlueprintUserMessages: Early PlayInEditor Detection: Level '/Game/TwinStickBP/Maps/TwinStickExampleMap.TwinStickExampleMap:PersistentLevel' has LevelScriptBlueprint '/Game/TwinStickBP/Maps/TwinStickExampleMap.TwinStickExampleMap:PersistentLevel.TwinStickExampleMap' with GeneratedClass '/Game/TwinStickBP/Maps/TwinStickExampleMap.TwinStickExampleMap_C' with ClassGeneratedBy '/Game/TwinStickBP/Maps/TwinStickExampleMap.TwinStickExampleMap:PersistentLevel.TwinStickExampleMap'
[2017.06.27-07.53.56:810][597]LogPlayLevel: PlayLevel: No blueprints needed recompiling
[2017.06.27-07.53.56:810][597]PIE: New page: PIE session: TwinStickExampleMap (Jun 26, 2017, 5:53:56 PM)
[2017.06.27-07.53.56:810][597]LogPlayLevel: Creating play world package: /Game/TwinStickBP/Maps/UEDPIE_0_TwinStickExampleMap
[2017.06.27-07.53.56:817][597]LogPlayLevel: PIE: StaticDuplicateObject took: (0.006958s)
[2017.06.27-07.53.56:818][597]LogAIModule: Creating AISystem for world TwinStickExampleMap
[2017.06.27-07.53.56:818][597]LogPlayLevel: PIE: World Init took: (0.000748s)
[2017.06.27-07.53.56:818][597]LogPlayLevel: PIE: Created PIE world by copying editor world from /Game/TwinStickBP/Maps/TwinStickExampleMap.TwinStickExampleMap to /Game/TwinStickBP/Maps/UEDPIE_0_TwinStickExampleMap.TwinStickExampleMap (0.007942s)
[2017.06.27-07.53.56:842][597]LogInit: XAudio2 using 'Speakers (Realtek High Definition Audio)' : 6 channels at 48 kHz using 32 bits per sample (channel mask 0x3f)
[2017.06.27-07.53.56:907][597]LogInit: FAudioDevice initialized.
[2017.06.27-07.53.56:955][597]LogLoad: Game class is 'TwinStickGameMode_C'
[2017.06.27-07.53.56:958][597]LogWorld: Bringing World /Game/TwinStickBP/Maps/UEDPIE_0_TwinStickExampleMap.TwinStickExampleMap up for play (max tick rate 60) at 2017.06.27-00.53.56
[2017.06.27-07.53.56:959][597]LogWorld: Bringing up level for play took: 0.002215
[2017.06.27-07.53.56:959][597]LogGameMode:Display: Match State Changed from EnteringMap to WaitingToStart
[2017.06.27-07.53.56:959][597]LogGameState: Match State Changed from EnteringMap to WaitingToStart
[2017.06.27-07.53.56:959][597]LogGameMode:Display: Match State Changed from WaitingToStart to InProgress
[2017.06.27-07.53.56:961][597]LogPlayerManagement:Error: Failed to Create Player: Maximum number of players (4) already created.  Unable to create more.
[2017.06.27-07.53.56:961][597]LogPlayerManagement:Error: Failed to Create Player: Maximum number of players (4) already created.  Unable to create more.
[2017.06.27-07.53.56:961][597]LogScript:Warning: Accessed None trying to read property CallFunc_GetPlayerController_ReturnValue3
	TwinStickExampleMap_C /Game/TwinStickBP/Maps/UEDPIE_0_TwinStickExampleMap.TwinStickExampleMap:PersistentLevel.TwinStickExampleMap_C_0
	Function /Game/TwinStickBP/Maps/TwinStickExampleMap.TwinStickExampleMap_C:ExecuteUbergraph_TwinStickExampleMap:03AA
[2017.06.27-07.53.56:961][597]PIE:Error: Error Blueprint Runtime Error: Accessed None trying to read property CallFunc_GetPlayerController_ReturnValue3 from function: 'ExecuteUbergraph_TwinStickExampleMap' from node: Possess in graph: EventGraph in object: TwinStickExampleMap with description: Accessed None trying to read property CallFunc_GetPlayerController_ReturnValue3
[2017.06.27-07.53.56:961][597]LogScript:Warning: Accessed None trying to read property CallFunc_GetPlayerController_ReturnValue6
	TwinStickExampleMap_C /Game/TwinStickBP/Maps/UEDPIE_0_TwinStickExampleMap.TwinStickExampleMap:PersistentLevel.TwinStickExampleMap_C_0
	Function /Game/TwinStickBP/Maps/TwinStickExampleMap.TwinStickExampleMap_C:ExecuteUbergraph_TwinStickExampleMap:00C6
[2017.06.27-07.53.56:961][597]PIE:Error: Error Blueprint Runtime Error: Accessed None trying to read property CallFunc_GetPlayerController_ReturnValue6 from function: 'ExecuteUbergraph_TwinStickExampleMap' from node: Possess in graph: EventGraph in object: TwinStickExampleMap with description: Accessed None trying to read property CallFunc_GetPlayerController_ReturnValue6
[2017.06.27-07.53.56:962][597]LogGameState: Match State Changed from WaitingToStart to InProgress
[2017.06.27-07.53.56:967][597]PIE: Info Play in editor start time for /Game/TwinStickBP/Maps/UEDPIE_0_TwinStickExampleMap 1.048
[2017.06.27-07.53.56:967][597]LogBlueprintUserMessages: Late PlayInEditor Detection: Level '/Game/TwinStickBP/Maps/TwinStickExampleMap.TwinStickExampleMap:PersistentLevel' has LevelScriptBlueprint '/Game/TwinStickBP/Maps/TwinStickExampleMap.TwinStickExampleMap:PersistentLevel.TwinStickExampleMap' with GeneratedClass '/Game/TwinStickBP/Maps/TwinStickExampleMap.TwinStickExampleMap_C' with ClassGeneratedBy '/Game/TwinStickBP/Maps/TwinStickExampleMap.TwinStickExampleMap:PersistentLevel.TwinStickExampleMap'
[2017.06.27-07.54.42:710][270]LogCharacterMovement: Runner_C_178 is stuck and failed to move! Velocity: X=62.11 Y=33.39 Z=0.00 Location: X=19.24 Y=-9.34 Z=248.03 Normal: X=-0.93 Y=-0.35 Z=-0.10 PenetrationDepth:61.754 Actor:player1_1352 Component:EnergyShield BoneName:None (0 other events since notify)
[2017.06.27-07.54.42:748][272]LogCharacterMovement: Runner_C_162 is stuck and failed to move! Velocity: X=-27.72 Y=28.21 Z=0.00 Location: X=-160.31 Y=253.58 Z=250.15 Normal: X=-0.99 Y=0.06 Z=-0.09 PenetrationDepth:6.134 Actor:player1_1352 Component:EnergyShield BoneName:None (0 other events since notify)
[2017.06.27-07.54.44:579][369]LogCharacterMovement: Runner_C_71 is stuck and failed to move! Velocity: X=64.18 Y=356.51 Z=0.00 Location: X=-480.00 Y=205.86 Z=248.79 Normal: X=-0.99 Y=-0.05 Z=-0.09 PenetrationDepth:0.204 Actor:player1_1352 Component:EnergyShield BoneName:None (0 other events since notify)
[2017.06.27-07.54.45:816][442]LogCharacterMovement: Runner_C_185 is stuck and failed to move! Velocity: X=9.81 Y=136.10 Z=0.00 Location: X=-598.84 Y=166.14 Z=248.09 Normal: X=-0.89 Y=-0.46 Z=-0.09 PenetrationDepth:15.311 Actor:player1_1352 Component:EnergyShield BoneName:None (0 other events since notify)
[2017.06.27-07.54.45:866][445]LogCharacterMovement: Runner_C_184 is stuck and failed to move! Velocity: X=316.24 Y=-57.83 Z=0.00 Location: X=-666.95 Y=783.66 Z=248.09 Normal: X=-0.83 Y=0.54 Z=-0.09 PenetrationDepth:26.684 Actor:player1_1352 Component:EnergyShield BoneName:None (0 other events since notify)
[2017.06.27-07.54.45:866][445]LogCharacterMovement: Runner_C_133 is stuck and failed to move! Velocity: X=268.43 Y=-225.94 Z=0.00 Location: X=-702.03 Y=667.47 Z=248.04 Normal: X=-0.94 Y=0.33 Z=-0.10 PenetrationDepth:46.567 Actor:player1_1352 Component:EnergyShield BoneName:None (0 other events since notify)
[2017.06.27-07.54.53:884][926]LogBlueprintUserMessages: Early EndPlayMap Detection: Level '/Game/TwinStickBP/Maps/TwinStickExampleMap.TwinStickExampleMap:PersistentLevel' has LevelScriptBlueprint '/Game/TwinStickBP/Maps/TwinStickExampleMap.TwinStickExampleMap:PersistentLevel.TwinStickExampleMap' with GeneratedClass '/Game/TwinStickBP/Maps/TwinStickExampleMap.TwinStickExampleMap_C' with ClassGeneratedBy '/Game/TwinStickBP/Maps/TwinStickExampleMap.TwinStickExampleMap:PersistentLevel.TwinStickExampleMap'
[2017.06.27-07.54.53:942][926]LogBlueprintUserMessages: Late EndPlayMap Detection: Level '/Game/TwinStickBP/Maps/TwinStickExampleMap.TwinStickExampleMap:PersistentLevel' has LevelScriptBlueprint '/Game/TwinStickBP/Maps/TwinStickExampleMap.TwinStickExampleMap:PersistentLevel.TwinStickExampleMap' with GeneratedClass '/Game/TwinStickBP/Maps/TwinStickExampleMap.TwinStickExampleMap_C' with ClassGeneratedBy '/Game/TwinStickBP/Maps/TwinStickExampleMap.TwinStickExampleMap:PersistentLevel.TwinStickExampleMap'
[2017.06.27-07.55.10:428][637]LogSavePackage: Save=398.15ms
[2017.06.27-07.55.10:428][637]LogSavePackage: Moving '../../../../../../supers-master/supers-master 4.16/supers/Saved/TwinStickExampleMap0B5A6E04462A6444D75EC4A716BD3796.tmp' to '../../../../../../supers-master/supers-master 4.16/supers/Content/TwinStickBP/Maps/TwinStickExampleMap.umap'
[2017.06.27-07.55.10:432][637]LogSavePackage:Display: Finished SavePackage ../../../../../../supers-master/supers-master 4.16/supers/Content/TwinStickBP/Maps/TwinStickExampleMap.umap
[2017.06.27-07.55.10:463][637]LogFileHelpers: Saving map 'TwinStickExampleMap' took 2.134
[2017.06.27-07.55.10:545][637]LogWindowsTextInputMethodSystem:Display: IME system now deactivated.
[2017.06.27-07.55.10:715][638]Cmd: QUIT_EDITOR
[2017.06.27-07.55.11:667][638]LogExit: Preparing to exit.
[2017.06.27-07.55.12:729][638]LogDirectoryWatcher: A directory notification for 'C:/supers-master/supers-master 4.16/supers/Content/' was aborted.
[2017.06.27-07.55.12:762][638]LogExit: Editor shut down
[2017.06.27-07.55.12:765][638]LogExit: Transaction tracking system shut down
[2017.06.27-07.55.12:847][638]LogObj: Freed 0b from 0 cluster array pools.
[2017.06.27-07.55.12:847][638]LogExit: Object subsystem successfully closed.
[2017.06.27-07.55.12:870][638]LogD3D11RHI: Shutdown
[2017.06.27-07.55.12:870][638]LogD3D11RHI: CleanupD3DDevice
[2017.06.27-07.55.12:961][638]LogD3D11RHI: ~FD3D11DynamicRHI
[2017.06.27-07.55.12:980][638]LogModuleManager: Shutting down and abandoning module MovieSceneCapture (530)
[2017.06.27-07.55.12:980][638]LogModuleManager: Shutting down and abandoning module BlueprintGraph (528)
[2017.06.27-07.55.12:980][638]LogModuleManager: Shutting down and abandoning module BlueprintProfiler (526)
[2017.06.27-07.55.12:980][638]LogModuleManager: Shutting down and abandoning module HierarchicalLODOutliner (524)
[2017.06.27-07.55.12:980][638]LogModuleManager: Shutting down and abandoning module CrashTracker (522)
[2017.06.27-07.55.12:980][638]LogModuleManager: Shutting down and abandoning module SceneOutliner (520)
[2017.06.27-07.55.12:980][638]LogModuleManager: Shutting down and abandoning module AddContentDialog (518)
[2017.06.27-07.55.12:980][638]LogDirectoryWatcher: A directory notification for 'C:/Program Files/Epic Games/UE_4.16/FeaturePacks/' was aborted.
[2017.06.27-07.55.12:981][638]LogModuleManager: Shutting down and abandoning module WidgetCarousel (517)
[2017.06.27-07.55.12:981][638]LogModuleManager: Shutting down and abandoning module EditorWidgets (514)
[2017.06.27-07.55.12:981][638]LogModuleManager: Shutting down and abandoning module CollectionManager (512)
[2017.06.27-07.55.12:981][638]LogDirectoryWatcher: A directory notification for 'C:/supers-master/supers-master 4.16/supers/Content/Collections/' was aborted.
[2017.06.27-07.55.12:981][638]LogDirectoryWatcher: A directory notification for 'C:/supers-master/supers-master 4.16/supers/Content/Developers/NewXB/Collections/' was aborted.
[2017.06.27-07.55.12:981][638]LogDirectoryWatcher: A directory notification for 'C:/supers-master/supers-master 4.16/supers/Saved/Collections/' was aborted.
[2017.06.27-07.55.12:981][638]LogModuleManager: Shutting down and abandoning module StatsViewer (510)
[2017.06.27-07.55.12:981][638]LogModuleManager: Shutting down and abandoning module FoliageEdit (508)
[2017.06.27-07.55.12:981][638]LogModuleManager: Shutting down and abandoning module LandscapeEditor (506)
[2017.06.27-07.55.12:981][638]LogModuleManager: Shutting down and abandoning module MeshPaintMode (504)
[2017.06.27-07.55.12:981][638]LogModuleManager: Shutting down and abandoning module SceneDepthPickerMode (502)
[2017.06.27-07.55.12:981][638]LogModuleManager: Shutting down and abandoning module ActorPickerMode (500)
[2017.06.27-07.55.12:981][638]LogModuleManager: Shutting down and abandoning module GeometryMode (498)
[2017.06.27-07.55.12:981][638]LogModuleManager: Shutting down and abandoning module TextureAlignMode (496)
[2017.06.27-07.55.12:981][638]LogModuleManager: Shutting down and abandoning module BspMode (494)
[2017.06.27-07.55.12:981][638]LogModuleManager: Shutting down and abandoning module HardwareSurvey (492)
[2017.06.27-07.55.12:981][638]LogModuleManager: Shutting down and abandoning module SequenceRecorderSections (490)
[2017.06.27-07.55.12:981][638]LogModuleManager: Shutting down and abandoning module AutomationWorker (488)
[2017.06.27-07.55.12:981][638]LogModuleManager: Shutting down and abandoning module MatineeToLevelSequence (486)
[2017.06.27-07.55.12:981][638]LogModuleManager: Shutting down and abandoning module LevelSequenceEditor (484)
[2017.06.27-07.55.12:981][638]LogModuleManager: Shutting down and abandoning module PlacementMode (483)
[2017.06.27-07.55.12:981][638]LogModuleManager: Shutting down and abandoning module WmfMediaFactory (480)
[2017.06.27-07.55.12:981][638]LogModuleManager: Shutting down and abandoning module WmfMediaEditor (478)
[2017.06.27-07.55.12:981][638]LogModuleManager: Shutting down and abandoning module AvfMediaFactory (476)
[2017.06.27-07.55.12:981][638]LogModuleManager: Shutting down and abandoning module AvfMediaEditor (474)
[2017.06.27-07.55.12:981][638]LogModuleManager: Shutting down and abandoning module AndroidMediaFactory (472)
[2017.06.27-07.55.12:981][638]LogModuleManager: Shutting down and abandoning module Media (471)
[2017.06.27-07.55.12:981][638]LogModuleManager: Shutting down and abandoning module AndroidMediaEditor (468)
[2017.06.27-07.55.12:981][638]LogModuleManager: Shutting down and abandoning module CharacterAI (466)
[2017.06.27-07.55.12:981][638]LogModuleManager: Shutting down and abandoning module AudioCapture (464)
[2017.06.27-07.55.12:981][638]LogModuleManager: Shutting down and abandoning module SequenceRecorder (463)
[2017.06.27-07.55.12:981][638]LogModuleManager: Shutting down and abandoning module SmartSnapping (460)
[2017.06.27-07.55.12:981][638]LogModuleManager: Shutting down and abandoning module SessionServices (458)
[2017.06.27-07.55.12:981][638]LogModuleManager: Shutting down and abandoning module ViewportSnapping (456)
[2017.06.27-07.55.12:981][638]LogModuleManager: Shutting down and abandoning module ViewportInteraction (454)
[2017.06.27-07.55.12:981][638]LogModuleManager: Shutting down and abandoning module ClothPainter (452)
[2017.06.27-07.55.12:981][638]LogModuleManager: Shutting down and abandoning module LogVisualizer (450)
[2017.06.27-07.55.12:981][638]LogModuleManager: Shutting down and abandoning module IntroTutorials (448)
[2017.06.27-07.55.12:981][638]LogModuleManager: Shutting down and abandoning module GameProjectGeneration (447)
[2017.06.27-07.55.12:981][638]LogModuleManager: Shutting down and abandoning module EditorLiveStreaming (444)
[2017.06.27-07.55.12:981][638]LogModuleManager: Shutting down and abandoning module IOSPlatformEditor (442)
[2017.06.27-07.55.12:981][638]LogModuleManager: Shutting down and abandoning module HTML5PlatformEditor (440)
[2017.06.27-07.55.12:981][638]LogModuleManager: Shutting down and abandoning module AndroidPlatformEditor (438)
[2017.06.27-07.55.12:981][638]LogModuleManager: Shutting down and abandoning module AndroidDeviceDetection (437)
[2017.06.27-07.55.13:544][638]LogModuleManager: Shutting down and abandoning module IOSRuntimeSettings (434)
[2017.06.27-07.55.13:544][638]LogModuleManager: Shutting down and abandoning module AndroidRuntimeSettings (432)
[2017.06.27-07.55.13:544][638]LogModuleManager: Shutting down and abandoning module InputBindingEditor (430)
[2017.06.27-07.55.13:544][638]LogModuleManager: Shutting down and abandoning module MergeActors (428)
[2017.06.27-07.55.13:544][638]LogModuleManager: Shutting down and abandoning module SizeMap (426)
[2017.06.27-07.55.13:544][638]LogModuleManager: Shutting down and abandoning module TreeMap (424)
[2017.06.27-07.55.13:544][638]LogModuleManager: Shutting down and abandoning module ReferenceViewer (422)
[2017.06.27-07.55.13:544][638]LogModuleManager: Shutting down and abandoning module LocalizationDashboard (420)
[2017.06.27-07.55.13:544][638]LogModuleManager: Shutting down and abandoning module LocalizationService (419)
[2017.06.27-07.55.13:544][638]LogModuleManager: Shutting down and abandoning module HardwareTargeting (416)
[2017.06.27-07.55.13:544][638]LogModuleManager: Shutting down and abandoning module DeviceProfileEditor (414)
[2017.06.27-07.55.13:544][638]LogModuleManager: Shutting down and abandoning module UndoHistory (412)
[2017.06.27-07.55.13:544][638]LogModuleManager: Shutting down and abandoning module UserFeedback (410)
[2017.06.27-07.55.13:544][638]LogModuleManager: Shutting down and abandoning module XmlParser (408)
[2017.06.27-07.55.13:544][638]LogModuleManager: Shutting down and abandoning module Blutility (406)
[2017.06.27-07.55.13:544][638]LogModuleManager: Shutting down and abandoning module ProjectSettingsViewer (404)
[2017.06.27-07.55.13:544][638]LogModuleManager: Shutting down and abandoning module ProjectTargetPlatformEditor (403)
[2017.06.27-07.55.13:544][638]LogModuleManager: Shutting down and abandoning module EditorSettingsViewer (400)
[2017.06.27-07.55.13:544][638]LogModuleManager: Shutting down and abandoning module SettingsEditor (398)
[2017.06.27-07.55.13:544][638]LogModuleManager: Shutting down and abandoning module ProjectLauncher (396)
[2017.06.27-07.55.13:545][638]LogModuleManager: Shutting down and abandoning module SessionFrontend (394)
[2017.06.27-07.55.13:545][638]LogModuleManager: Shutting down and abandoning module ProfilerClient (392)
[2017.06.27-07.55.13:545][638]LogModuleManager: Shutting down and abandoning module DeviceManager (390)
[2017.06.27-07.55.13:545][638]LogModuleManager: Shutting down and abandoning module TargetDeviceServices (389)
[2017.06.27-07.55.13:600][638]LogModuleManager: Shutting down and abandoning module AutomationController (386)
[2017.06.27-07.55.13:600][638]LogModuleManager: Shutting down and abandoning module AutomationWindow (384)
[2017.06.27-07.55.13:600][638]LogModuleManager: Shutting down and abandoning module Layers (382)
[2017.06.27-07.55.13:600][638]LogModuleManager: Shutting down and abandoning module ComponentVisualizers (380)
[2017.06.27-07.55.13:600][638]LogModuleManager: Shutting down and abandoning module DetailCustomizations (378)
[2017.06.27-07.55.13:600][638]LogModuleManager: Shutting down and abandoning module PackagesDialog (376)
[2017.06.27-07.55.13:600][638]LogModuleManager: Shutting down and abandoning module Persona (374)
[2017.06.27-07.55.13:600][638]LogModuleManager: Shutting down and abandoning module AdvancedPreviewScene (373)
[2017.06.27-07.55.13:600][638]LogModuleManager: Shutting down and abandoning module AnimGraph (371)
[2017.06.27-07.55.13:600][638]LogModuleManager: Shutting down and abandoning module Kismet (368)
[2017.06.27-07.55.13:608][638]LogModuleManager: Shutting down and abandoning module ClassViewer (366)
[2017.06.27-07.55.13:608][638]LogModuleManager: Shutting down and abandoning module Toolbox (364)
[2017.06.27-07.55.13:608][638]LogModuleManager: Shutting down and abandoning module ModuleUI (362)
[2017.06.27-07.55.13:608][638]LogModuleManager: Shutting down and abandoning module MovieSceneTools (360)
[2017.06.27-07.55.13:608][638]LogModuleManager: Shutting down and abandoning module OutputLog (358)
[2017.06.27-07.55.13:608][638]LogModuleManager: Shutting down and abandoning module GammaUI (356)
[2017.06.27-07.55.13:608][638]LogModuleManager: Shutting down and abandoning module Documentation (354)
[2017.06.27-07.55.13:608][638]LogModuleManager: Shutting down and abandoning module MovieSceneTracks (352)
[2017.06.27-07.55.13:608][638]LogModuleManager: Shutting down and abandoning module MovieScene (350)
[2017.06.27-07.55.13:608][638]LogModuleManager: Shutting down and abandoning module Niagara (348)
[2017.06.27-07.55.13:608][638]LogModuleManager: Shutting down and abandoning module NiagaraEditor (347)
[2017.06.27-07.55.13:608][638]LogModuleManager: Shutting down and abandoning module StreamingPauseRendering (344)
[2017.06.27-07.55.13:608][638]LogModuleManager: Shutting down and abandoning module AnalyticsET (342)
[2017.06.27-07.55.13:608][638]LogModuleManager: Shutting down and abandoning module PortalServices (340)
[2017.06.27-07.55.13:608][638]LogModuleManager: Shutting down and abandoning module PortalRpc (338)
[2017.06.27-07.55.13:608][638]LogModuleManager: Shutting down and abandoning module MessagingRpc (336)
[2017.06.27-07.55.13:608][638]LogModuleManager: Shutting down and abandoning module AIModule (334)
[2017.06.27-07.55.13:608][638]LogModuleManager: Shutting down and abandoning module GameplayDebugger (333)
[2017.06.27-07.55.13:608][638]LogModuleManager: Shutting down and abandoning module AITestSuite (331)
[2017.06.27-07.55.13:608][638]LogModuleManager: Shutting down and abandoning module ProfilerService (328)
[2017.06.27-07.55.13:736][638]LogModuleManager: Shutting down and abandoning module TaskGraph (326)
[2017.06.27-07.55.13:736][638]LogModuleManager: Shutting down and abandoning module SteamVRController (324)
[2017.06.27-07.55.13:736][638]LogModuleManager: Shutting down and abandoning module SteamVR (322)
[2017.06.27-07.55.13:736][638]LogModuleManager: Shutting down and abandoning module ProceduralMeshComponentEditor (320)
[2017.06.27-07.55.13:736][638]LogModuleManager: Shutting down and abandoning module ProceduralMeshComponent (318)
[2017.06.27-07.55.13:736][638]LogModuleManager: Shutting down and abandoning module OculusLibrary (316)
[2017.06.27-07.55.13:736][638]LogModuleManager: Shutting down and abandoning module OculusInput (314)
[2017.06.27-07.55.13:736][638]LogModuleManager: Shutting down and abandoning module MobilePatchingUtils (312)
[2017.06.27-07.55.13:736][638]LogModuleManager: Shutting down and abandoning module CustomMeshComponent (310)
[2017.06.27-07.55.13:736][638]LogModuleManager: Shutting down and abandoning module CableComponent (308)
[2017.06.27-07.55.13:736][638]LogModuleManager: Shutting down and abandoning module ArchVisCharacter (306)
[2017.06.27-07.55.13:736][638]LogModuleManager: Shutting down and abandoning module AndroidPermission (304)
[2017.06.27-07.55.13:736][638]LogModuleManager: Shutting down and abandoning module MediaPlayerEditor (300)
[2017.06.27-07.55.13:736][638]LogModuleManager: Shutting down and abandoning module HTML5Networking (298)
[2017.06.27-07.55.13:736][638]LogModuleManager: Shutting down and abandoning module AlembicImporter (296)
[2017.06.27-07.55.13:736][638]LogModuleManager: Shutting down and abandoning module AlembicLibrary (295)
[2017.06.27-07.55.13:736][638]LogModuleManager: Shutting down and abandoning module GeometryCache (294)
[2017.06.27-07.55.13:736][638]LogModuleManager: Shutting down and abandoning module GeometryCacheEd (293)
[2017.06.27-07.55.13:736][638]LogModuleManager: Shutting down and abandoning module SuperSearchEditor (288)
[2017.06.27-07.55.13:736][638]LogModuleManager: Shutting down and abandoning module SuperSearch (287)
[2017.06.27-07.55.13:736][638]LogModuleManager: Shutting down and abandoning module SpeedTreeImporter (284)
[2017.06.27-07.55.13:736][638]LogModuleManager: Shutting down and abandoning module PluginBrowser (282)
[2017.06.27-07.55.13:736][638]LogModuleManager: Shutting down and abandoning module MobileLauncherProfileWizard (280)
[2017.06.27-07.55.13:736][638]LogModuleManager: Shutting down and abandoning module VisualStudioSourceCodeAccess (278)
[2017.06.27-07.55.13:736][638]LogModuleManager: Shutting down and abandoning module DesktopPlatform (277)
[2017.06.27-07.55.13:736][638]LogModuleManager: Shutting down and abandoning module UObjectPlugin (274)
[2017.06.27-07.55.13:736][638]LogModuleManager: Shutting down and abandoning module SubversionSourceControl (272)
[2017.06.27-07.55.13:736][638]LogModuleManager: Shutting down and abandoning module PerforceSourceControl (270)
[2017.06.27-07.55.13:736][638]LogModuleManager: Shutting down and abandoning module GitSourceControl (268)
[2017.06.27-07.55.13:736][638]LogModuleManager: Shutting down and abandoning module SourceControl (267)
[2017.06.27-07.55.13:737][638]LogModuleManager: Shutting down and abandoning module LightPropagationVolumeEditor (264)
[2017.06.27-07.55.13:737][638]LogModuleManager: Shutting down and abandoning module PaperTiledImporter (262)
[2017.06.27-07.55.13:737][638]LogModuleManager: Shutting down and abandoning module PaperSpriteSheetImporter (260)
[2017.06.27-07.55.13:737][638]LogModuleManager: Shutting down and abandoning module Paper2DEditor (258)
[2017.06.27-07.55.13:737][638]LogModuleManager: Shutting down and abandoning module MeshPaint (257)
[2017.06.27-07.55.13:737][638]LogModuleManager: Shutting down and abandoning module LevelEditor (255)
[2017.06.27-07.55.13:737][638]LogModuleManager: Shutting down and abandoning module PixelInspectorModule (254)
[2017.06.27-07.55.13:737][638]LogModuleManager: Shutting down and abandoning module MainFrame (252)
[2017.06.27-07.55.13:737][638]LogModuleManager: Shutting down and abandoning module HotReload (251)
[2017.06.27-07.55.13:738][638]LogModuleManager: Shutting down and abandoning module PhysXVehiclesEditor (246)
[2017.06.27-07.55.13:738][638]LogModuleManager: Shutting down and abandoning module PhysXVehicles (244)
[2017.06.27-07.55.13:738][638]LogModuleManager: Shutting down and abandoning module LocationServicesBPLibrary (242)
[2017.06.27-07.55.13:738][638]LogModuleManager: Shutting down and abandoning module ImmediatePhysicsEditor (240)
[2017.06.27-07.55.13:738][638]LogModuleManager: Shutting down and abandoning module ImmediatePhysics (238)
[2017.06.27-07.55.13:738][638]LogModuleManager: Shutting down and abandoning module UdpMessaging (236)
[2017.06.27-07.55.13:839][638]LogModuleManager: Shutting down and abandoning module TcpMessaging (234)
[2017.06.27-07.55.13:940][638]LogModuleManager: Shutting down and abandoning module GameplayTagsEditor (232)
[2017.06.27-07.55.13:940][638]LogModuleManager: Shutting down and abandoning module FacialAnimationEditor (230)
[2017.06.27-07.55.13:940][638]LogModuleManager: Shutting down and abandoning module FacialAnimation (228)
[2017.06.27-07.55.13:940][638]LogModuleManager: Shutting down and abandoning module AssetManagerEditor (226)
[2017.06.27-07.55.13:940][638]LogModuleManager: Shutting down and abandoning module GraphEditor (225)
[2017.06.27-07.55.13:940][638]LogModuleManager: Shutting down and abandoning module ContentBrowser (223)
[2017.06.27-07.55.13:941][638]LogModuleManager: Shutting down and abandoning module LightPropagationVolumeRuntime (220)
[2017.06.27-07.55.13:941][638]LogModuleManager: Shutting down and abandoning module Paper2D (218)
[2017.06.27-07.55.13:941][638]LogModuleManager: Shutting down and abandoning module WindowsMoviePlayer (216)
[2017.06.27-07.55.13:941][638]LogModuleManager: Shutting down and abandoning module WmfMedia (214)
[2017.06.27-07.55.13:941][638]LogModuleManager: Shutting down and abandoning module ClothingSystemEditor (212)
[2017.06.27-07.55.13:941][638]LogModuleManager: Shutting down and abandoning module ClothingSystemRuntime (210)
[2017.06.27-07.55.13:941][638]LogModuleManager: Shutting down and abandoning module MediaAssets (208)
[2017.06.27-07.55.13:941][638]LogModuleManager: Shutting down and abandoning module GameLiveStreaming (206)
[2017.06.27-07.55.13:941][638]LogModuleManager: Shutting down and abandoning module VREditor (204)
[2017.06.27-07.55.13:941][638]LogModuleManager: Shutting down and abandoning module StringTableEditor (202)
[2017.06.27-07.55.13:941][638]LogModuleManager: Shutting down and abandoning module GameplayTasksEditor (200)
[2017.06.27-07.55.13:941][638]LogModuleManager: Shutting down and abandoning module BehaviorTreeEditor (198)
[2017.06.27-07.55.13:941][638]LogModuleManager: Shutting down and abandoning module FunctionalTesting (196)
[2017.06.27-07.55.13:941][638]LogModuleManager: Shutting down and abandoning module CollisionAnalyzer (194)
[2017.06.27-07.55.13:941][638]LogModuleManager: Shutting down and abandoning module UMG (192)
[2017.06.27-07.55.13:941][638]LogModuleManager: Shutting down and abandoning module UMGEditor (191)
[2017.06.27-07.55.13:941][638]LogModuleManager: Shutting down and abandoning module Sequencer (190)
[2017.06.27-07.55.13:941][638]LogModuleManager: Shutting down and abandoning module AssetTools (188)
[2017.06.27-07.55.13:941][638]LogModuleManager: Shutting down and abandoning module MessageLog (187)
[2017.06.27-07.55.13:941][638]LogModuleManager: Shutting down and abandoning module WorkspaceMenuStructure (186)
[2017.06.27-07.55.13:941][638]LogModuleManager: Shutting down and abandoning module SlateReflector (180)
[2017.06.27-07.55.13:941][638]LogModuleManager: Shutting down and abandoning module Slate (178)
[2017.06.27-07.55.13:941][638]LogModuleManager: Shutting down and abandoning module EditorStyle (176)
[2017.06.27-07.55.13:943][638]LogModuleManager: Shutting down and abandoning module SourceCodeAccess (174)
[2017.06.27-07.55.13:943][638]LogModuleManager: Shutting down and abandoning module HeadMountedDisplay (172)
[2017.06.27-07.55.13:943][638]LogModuleManager: Shutting down and abandoning module XAudio2 (170)
[2017.06.27-07.55.13:943][638]LogModuleManager: Shutting down and abandoning module Networking (168)
[2017.06.27-07.55.13:943][638]LogModuleManager: Shutting down and abandoning module Core (164)
[2017.06.27-07.55.13:943][638]LogModuleManager: Shutting down and abandoning module AssetRegistry (162)
[2017.06.27-07.55.14:050][638]LogDirectoryWatcher: A directory notification for '../../../Engine/Content/' was aborted.
[2017.06.27-07.55.14:050][638]LogDirectoryWatcher: A directory notification for '../../../../../../supers-master/supers-master 4.16/supers/Content/' was aborted.
[2017.06.27-07.55.14:051][638]LogDirectoryWatcher: A directory notification for '../../../Engine/Plugins/2D/Paper2D/Content/' was aborted.
[2017.06.27-07.55.14:051][638]LogDirectoryWatcher: A directory notification for '../../../Engine/Plugins/Runtime/GearVR/Content/' was aborted.
[2017.06.27-07.55.14:053][638]LogModuleManager: Shutting down and abandoning module DirectoryWatcher (161)
[2017.06.27-07.55.14:054][638]LogModuleManager: Shutting down and abandoning module KismetCompiler (158)
[2017.06.27-07.55.14:054][638]LogModuleManager: Shutting down and abandoning module LevelSequence (156)
[2017.06.27-07.55.14:054][638]LogModuleManager: Shutting down and abandoning module PhysXFormats (154)
[2017.06.27-07.55.14:054][638]LogModuleManager: Shutting down and abandoning module MeshUtilities (152)
[2017.06.27-07.55.14:054][638]LogModuleManager: Shutting down and abandoning module SimplygonSwarm (151)
[2017.06.27-07.55.14:054][638]LogModuleManager: Shutting down and abandoning module SimplygonMeshReduction (149)
[2017.06.27-07.55.14:054][638]LogModuleManager: Shutting down and abandoning module QuadricMeshReduction (147)
[2017.06.27-07.55.14:054][638]LogModuleManager: Shutting down and abandoning module DerivedDataCache (144)
[2017.06.27-07.55.14:122][638]LogDerivedDataCache: Shutdown
[2017.06.27-07.55.14:122][638]LogModuleManager: Shutting down and abandoning module TargetPlatform (142)
[2017.06.27-07.55.14:122][638]LogModuleManager: Shutting down and abandoning module VulkanShaderFormat (141)
[2017.06.27-07.55.14:122][638]LogModuleManager: Shutting down and abandoning module ShaderFormatVectorVM (139)
[2017.06.27-07.55.14:122][638]LogModuleManager: Shutting down and abandoning module ShaderFormatOpenGL (137)
[2017.06.27-07.55.14:122][638]LogModuleManager: Shutting down and abandoning module ShaderFormatD3D (135)
[2017.06.27-07.55.14:122][638]LogModuleManager: Shutting down and abandoning module MetalShaderFormat (133)
[2017.06.27-07.55.14:122][638]LogModuleManager: Shutting down and abandoning module TextureFormatUncompressed (131)
[2017.06.27-07.55.14:122][638]LogModuleManager: Shutting down and abandoning module TextureFormatPVR (129)
[2017.06.27-07.55.14:122][638]LogModuleManager: Shutting down and abandoning module TextureFormatDXT (127)
[2017.06.27-07.55.14:122][638]LogModuleManager: Shutting down and abandoning module TextureFormatIntelISPCTexComp (125)
[2017.06.27-07.55.14:122][638]LogModuleManager: Shutting down and abandoning module TextureFormatASTC (123)
[2017.06.27-07.55.14:122][638]LogModuleManager: Shutting down and abandoning module ImageWrapper (122)
[2017.06.27-07.55.14:122][638]LogModuleManager: Shutting down and abandoning module TextureFormatAndroid (119)
[2017.06.27-07.55.14:122][638]LogModuleManager: Shutting down and abandoning module AudioFormatOpus (117)
[2017.06.27-07.55.14:122][638]LogModuleManager: Shutting down and abandoning module AudioFormatOgg (115)
[2017.06.27-07.55.14:122][638]LogModuleManager: Shutting down and abandoning module AudioFormatADPCM (113)
[2017.06.27-07.55.14:122][638]LogModuleManager: Shutting down and abandoning module LinuxTargetPlatform (111)
[2017.06.27-07.55.14:122][638]LogModuleManager: Shutting down and abandoning module LinuxServerTargetPlatform (109)
[2017.06.27-07.55.14:122][638]LogModuleManager: Shutting down and abandoning module LinuxNoEditorTargetPlatform (107)
[2017.06.27-07.55.14:122][638]LogModuleManager: Shutting down and abandoning module LinuxClientTargetPlatform (105)
[2017.06.27-07.55.14:122][638]LogModuleManager: Shutting down and abandoning module TVOSTargetPlatform (103)
[2017.06.27-07.55.14:122][638]LogModuleManager: Shutting down and abandoning module Messaging (101)
[2017.06.27-07.55.14:122][638]LogModuleManager: Shutting down and abandoning module IOSTargetPlatform (99)
[2017.06.27-07.55.14:122][638]LogModuleManager: Shutting down and abandoning module HTML5TargetPlatform (97)
[2017.06.27-07.55.14:122][638]LogModuleManager: Shutting down and abandoning module Android_PVRTCTargetPlatform (95)
[2017.06.27-07.55.14:122][638]LogModuleManager: Shutting down and abandoning module Android_MultiTargetPlatform (93)
[2017.06.27-07.55.14:122][638]LogModuleManager: Shutting down and abandoning module Android_ETC2TargetPlatform (91)
[2017.06.27-07.55.14:122][638]LogModuleManager: Shutting down and abandoning module Android_ETC1TargetPlatform (89)
[2017.06.27-07.55.14:122][638]LogModuleManager: Shutting down and abandoning module Android_DXTTargetPlatform (87)
[2017.06.27-07.55.14:122][638]LogModuleManager: Shutting down and abandoning module Android_ATCTargetPlatform (85)
[2017.06.27-07.55.14:123][638]LogModuleManager: Shutting down and abandoning module Android_ASTCTargetPlatform (83)
[2017.06.27-07.55.14:123][638]LogModuleManager: Shutting down and abandoning module AndroidTargetPlatform (81)
[2017.06.27-07.55.14:123][638]LogModuleManager: Shutting down and abandoning module WindowsTargetPlatform (79)
[2017.06.27-07.55.14:123][638]LogModuleManager: Shutting down and abandoning module WindowsServerTargetPlatform (77)
[2017.06.27-07.55.14:123][638]LogModuleManager: Shutting down and abandoning module WindowsNoEditorTargetPlatform (75)
[2017.06.27-07.55.14:123][638]LogModuleManager: Shutting down and abandoning module WindowsClientTargetPlatform (73)
[2017.06.27-07.55.14:123][638]LogModuleManager: Shutting down and abandoning module MacTargetPlatform (71)
[2017.06.27-07.55.14:123][638]LogModuleManager: Shutting down and abandoning module MacServerTargetPlatform (69)
[2017.06.27-07.55.14:123][638]LogModuleManager: Shutting down and abandoning module MacNoEditorTargetPlatform (67)
[2017.06.27-07.55.14:123][638]LogModuleManager: Shutting down and abandoning module MacClientTargetPlatform (65)
[2017.06.27-07.55.14:123][638]LogModuleManager: Shutting down and abandoning module AllDesktopTargetPlatform (63)
[2017.06.27-07.55.14:123][638]LogModuleManager: Shutting down and abandoning module InputCore (60)
[2017.06.27-07.55.14:123][638]LogModuleManager: Shutting down and abandoning module Settings (58)
[2017.06.27-07.55.14:123][638]LogModuleManager: Shutting down and abandoning module OculusRift (56)
[2017.06.27-07.55.14:123][638]LogModuleManager: Shutting down and abandoning module GearVRController (54)
[2017.06.27-07.55.14:123][638]LogModuleManager: Shutting down and abandoning module GearVR (52)
[2017.06.27-07.55.14:123][638]LogModuleManager: Shutting down and abandoning module ExampleDeviceProfileSelector (50)
[2017.06.27-07.55.14:123][638]LogModuleManager: Shutting down and abandoning module OnlineBlueprintSupport (48)
[2017.06.27-07.55.14:123][638]LogModuleManager: Shutting down and abandoning module OnlineSubsystem (44)
[2017.06.27-07.55.14:123][638]LogOnline:Display: Unloading online subsystem: NULL
[2017.06.27-07.55.14:123][638]LogModuleManager: Shutting down and abandoning module XMPP (43)
[2017.06.27-07.55.14:123][638]LogModuleManager: Shutting down and abandoning module HTTP (41)
[2017.06.27-07.55.14:123][638]LogHttp:Display: Http module shutting down, but needs to wait on 1 outstanding Http requests:
[2017.06.27-07.55.14:123][638]LogHttp:Display: 	verb=[POST] url=[https://datarouter.ol.epicgames.com/datarouter/api/v1/public/data?SessionID=%7B99EC142E-4823-1E7D-78AD-FB9CFD3E54A6%7D&AppID=UEEditor.Rocket.Release&AppVersion=4.16.1-3466753%2B%2B%2BUE4%2BRelease-4.16&UserID=ccbd696a430c42306ac6d1845b8e8cc2%7Cbccad1b3b1304992b6c7a115ad0c5f38%7C64686fe7-a4cd-47f8-aa0b-7720796a3ca2&AppEnvironment=datacollector-binary&UploadType=eteventstream] status=Processing
[2017.06.27-07.55.14:143][638]LogModuleManager: Shutting down and abandoning module SSL (40)
[2017.06.27-07.55.14:144][638]LogModuleManager: Shutting down and abandoning module HTTPChunkInstaller (36)
[2017.06.27-07.55.14:144][638]LogModuleManager: Shutting down and abandoning module AnimationModifiers (34)
[2017.06.27-07.55.14:144][638]LogModuleManager: Shutting down and abandoning module PropertyEditor (33)
[2017.06.27-07.55.14:144][638]LogModuleManager: Shutting down and abandoning module AudioEditor (30)
[2017.06.27-07.55.14:144][638]LogModuleManager: Shutting down and abandoning module TextureCompressor (28)
[2017.06.27-07.55.14:144][638]LogModuleManager: Shutting down and abandoning module ShaderCore (26)
[2017.06.27-07.55.14:144][638]LogModuleManager: Shutting down and abandoning module Landscape (24)
[2017.06.27-07.55.14:144][638]LogModuleManager: Shutting down and abandoning module SlateRHIRenderer (22)
[2017.06.27-07.55.14:145][638]LogModuleManager: Shutting down and abandoning module OpenGLDrv (20)
[2017.06.27-07.55.14:145][638]LogModuleManager: Shutting down and abandoning module D3D11RHI (18)
[2017.06.27-07.55.14:145][638]LogModuleManager: Shutting down and abandoning module AnimGraphRuntime (16)
[2017.06.27-07.55.14:145][638]LogModuleManager: Shutting down and abandoning module Renderer (14)
[2017.06.27-07.55.14:145][638]LogModuleManager: Shutting down and abandoning module Engine (12)
[2017.06.27-07.55.14:145][638]LogModuleManager: Shutting down and abandoning module CoreUObject (10)
[2017.06.27-07.55.14:145][638]LogModuleManager: Shutting down and abandoning module NetworkFile (8)
[2017.06.27-07.55.14:145][638]LogModuleManager: Shutting down and abandoning module StreamingFile (6)
[2017.06.27-07.55.14:145][638]LogModuleManager: Shutting down and abandoning module SandboxFile (4)
[2017.06.27-07.55.14:145][638]LogModuleManager: Shutting down and abandoning module PakFile (2)
[2017.06.27-07.55.14:148][638]LogExit: Exiting.
[2017.06.27-07.55.14:162][638]Log file closed, 06/27/17 00:55:14
