[2016.08.12-03.42.06:053][  0]Log file open, 08/11/16 20:42:06
[2016.08.12-03.42.06:053][  0]LogInit:Display: Running engine for game: Supers
[2016.08.12-03.42.06:053][  0]LogPlatformFile: Not using cached read wrapper
[2016.08.12-03.42.06:053][  0]LogInit:Display: RandInit(-501571031) SRandInit(-501571030).
[2016.08.12-03.42.06:053][  0]LogTaskGraph: Started task graph with 4 named threads and 7 total threads.
[2016.08.12-03.42.06:053][  0]LogStats: Stats thread started at 0.179819
[2016.08.12-03.42.06:053][  0]LogInit: Version: 4.10.4-2872498+++depot+UE4-Releases+4.10
[2016.08.12-03.42.06:053][  0]LogInit: API Version: 2758231
[2016.08.12-03.42.06:053][  0]LogInit: Compiled (64-bit): Feb 18 2016 15:47:04
[2016.08.12-03.42.06:053][  0]LogInit: Compiled with Visual C++: 19.00.23026.00
[2016.08.12-03.42.06:053][  0]LogInit: Build Configuration: Development
[2016.08.12-03.42.06:053][  0]LogInit: Branch Name: ++depot+UE4-Releases+4.10
[2016.08.12-03.42.06:053][  0]LogInit: Command line:  
[2016.08.12-03.42.06:053][  0]LogInit: Base directory: C:/Program Files (x86)/Epic Games/4.10/Engine/Binaries/Win64/
[2016.08.12-03.42.06:053][  0]LogInit: Rocket: 1
[2016.08.12-03.42.06:117][  0]LogInit: Using libcurl 7.41.0
[2016.08.12-03.42.06:117][  0]LogInit:  - built for x86_64-pc-win32
[2016.08.12-03.42.06:117][  0]LogInit:  - supports SSL with WinSSL
[2016.08.12-03.42.06:117][  0]LogInit:  - other features:
[2016.08.12-03.42.06:117][  0]LogInit:      CURL_VERSION_SSL
[2016.08.12-03.42.06:117][  0]LogInit:      CURL_VERSION_IPV6
[2016.08.12-03.42.06:117][  0]LogInit:      CURL_VERSION_ASYNCHDNS
[2016.08.12-03.42.06:117][  0]LogInit:      CURL_VERSION_LARGEFILE
[2016.08.12-03.42.06:117][  0]LogInit:      CURL_VERSION_IDN
[2016.08.12-03.42.06:117][  0]LogInit:  CurlRequestOptions (configurable via config and command line):
[2016.08.12-03.42.06:117][  0]LogInit:  - bVerifyPeer = true  - Libcurl will verify peer certificate
[2016.08.12-03.42.06:117][  0]LogInit:  - bUseHttpProxy = false  - Libcurl will NOT use HTTP proxy
[2016.08.12-03.42.06:117][  0]LogInit:  - bDontReuseConnections = false  - Libcurl will reuse connections
[2016.08.12-03.42.06:117][  0]LogInit:  - CertBundlePath = nullptr  - Libcurl will use whatever was configured at build time.
[2016.08.12-03.42.06:183][  0]LogInit: Presizing for 0 objects not considered by GC, pre-allocating 0 bytes.
[2016.08.12-03.42.06:191][  0]LogInit: Object subsystem initialized
[2016.08.12-03.42.06:192][  0]LogInit: Selected Device Profile: [Windows]
[2016.08.12-03.42.06:192][  0]LogInit: Applying CVar settings loaded from the selected device profile: [Windows]
[2016.08.12-03.42.06:214][  0]LogInit: Computer: DESKTOP-L2MBQP1
[2016.08.12-03.42.06:214][  0]LogInit: User: NewXB
[2016.08.12-03.42.06:214][  0]LogInit: CPU Page size=4096, Cores=4
[2016.08.12-03.42.06:214][  0]LogInit: High frequency timer resolution =3.263309 MHz
[2016.08.12-03.42.06:214][  0]LogMemory: Memory total: Physical=12.0GB (12GB approx)
[2016.08.12-03.42.06:214][  0]LogMemory: Platform Memory Stats for Windows
[2016.08.12-03.42.06:214][  0]LogMemory: Process Physical Memory: 55.93 MB used, 55.93 MB peak
[2016.08.12-03.42.06:214][  0]LogMemory: Process Virtual Memory: 58.63 MB used, 58.63 MB peak
[2016.08.12-03.42.06:214][  0]LogMemory: Physical Memory: 3141.65 MB used, 12278.98 MB total
[2016.08.12-03.42.06:214][  0]LogMemory: Virtual Memory: 384.78 MB used, 134217728.00 MB total
[2016.08.12-03.42.06:557][  0]LogTextLocalizationManager: No specific translations for ('en-US') exist, so ('en') translations will be used.
[2016.08.12-03.42.07:127][  0]LogD3D11RHI: Found D3D11 adapter 0: NVIDIA GeForce GTX 295 (Feature Level 10_0)
[2016.08.12-03.42.07:127][  0]LogD3D11RHI: Adapter has 863MB of dedicated video memory, 0MB of dedicated system memory, and 3199MB of shared system memory, 2 output[s]
[2016.08.12-03.42.07:129][  0]LogD3D11RHI: Found D3D11 adapter 1: Microsoft Basic Render Driver (Feature Level 11_0)
[2016.08.12-03.42.07:129][  0]LogD3D11RHI: Adapter has 0MB of dedicated video memory, 0MB of dedicated system memory, and 6139MB of shared system memory, 0 output[s]
[2016.08.12-03.42.07:129][  0]LogD3D11RHI: Chosen D3D11 Adapter Id = 0
[2016.08.12-03.42.07:132][  0]LogD3D11RHI: !Direct3DDevice
[2016.08.12-03.42.07:132][  0]LogRHI: Texture pool is 604 MB (70% of 863 MB)
[2016.08.12-03.42.07:142][  0]LogD3D11RHI: Async texture creation enabled
[2016.08.12-03.42.07:164][  0]LogShaderCompilers: Guid format shader working directory is -5 characters bigger than the processId version (../../../../../../Users/NewXB/Desktop/Supers/supers/Intermediate/Shaders/WorkingDirectory/7220/).
[2016.08.12-03.42.07:164][  0]LogShaderCompilers: Cleaned the shader compiler working directory 'C:/Users/NewXB/AppData/Local/Temp/UnrealShaderWorkingDir/554467CB452E3301F2E18A91212FCE27/'.
[2016.08.12-03.42.07:164][  0]LogShaderCompilers:Display: Using Local Shader Compiler.
[2016.08.12-03.42.14:163][  0]LogTemp:Display: Loaded TP AllDesktopTargetPlatform
[2016.08.12-03.42.14:169][  0]LogTemp:Display: Loaded TP WindowsClientTargetPlatform
[2016.08.12-03.42.14:175][  0]LogTemp:Display: Loaded TP WindowsNoEditorTargetPlatform
[2016.08.12-03.42.14:180][  0]LogTemp:Display: Loaded TP WindowsServerTargetPlatform
[2016.08.12-03.42.14:186][  0]LogTemp:Display: Loaded TP WindowsTargetPlatform
[2016.08.12-03.42.14:191][  0]LogTemp:Display: Loaded TP AndroidTargetPlatform
[2016.08.12-03.42.14:195][  0]LogTemp:Display: Loaded TP Android_ASTCTargetPlatform
[2016.08.12-03.42.14:198][  0]LogTemp:Display: Loaded TP Android_ATCTargetPlatform
[2016.08.12-03.42.14:202][  0]LogTemp:Display: Loaded TP Android_DXTTargetPlatform
[2016.08.12-03.42.14:205][  0]LogTemp:Display: Loaded TP Android_ETC1TargetPlatform
[2016.08.12-03.42.14:208][  0]LogTemp:Display: Loaded TP Android_ETC2TargetPlatform
[2016.08.12-03.42.14:215][  0]LogTemp:Display: Loaded TP Android_MultiTargetPlatform
[2016.08.12-03.42.14:215][  0]LogTemp:Display: Loaded TP Android_PVRTCTargetPlatform
[2016.08.12-03.42.14:216][  0]LogTemp:Display: Loaded TP HTML5TargetPlatform
[2016.08.12-03.42.14:305][  0]LogTemp:Display: Loaded TP IOSTargetPlatform
[2016.08.12-03.42.14:311][  0]LogTemp:Display: Loaded TP LinuxNoEditorTargetPlatform
[2016.08.12-03.42.14:317][  0]LogTemp:Display: Loaded TP LinuxServerTargetPlatform
[2016.08.12-03.42.14:329][  0]LogTemp:Display: Loaded TP LinuxTargetPlatform
[2016.08.12-03.42.14:329][  0]LogTargetPlatformManager:Display: Building Assets For Windows
[2016.08.12-03.42.14:988][  0]LogDerivedDataCache:Display: Max Cache Size: 512 MB
[2016.08.12-03.42.15:483][  0]LogDerivedDataCache: Loaded boot cache 0.50s 36MB C:/Users/NewXB/AppData/Local/UnrealEngine/4.10/DerivedDataCache/Boot.ddc.
[2016.08.12-03.42.15:483][  0]LogDerivedDataCache:Display: Loaded Boot cache: C:/Users/NewXB/AppData/Local/UnrealEngine/4.10/DerivedDataCache/Boot.ddc
[2016.08.12-03.42.15:483][  0]LogDerivedDataCache: FDerivedDataBackendGraph:  Pak pak cache file ../../../../../../Users/NewXB/Desktop/Supers/supers/DerivedDataCache/DDC.ddp not found, will not use a pak cache.
[2016.08.12-03.42.15:483][  0]LogDerivedDataCache: Unable to find inner node Pak for hierarchical cache Hierarchy.
[2016.08.12-03.42.15:484][  0]LogDerivedDataCache: FDerivedDataBackendGraph:  CompressedPak pak cache file ../../../../../../Users/NewXB/Desktop/Supers/supers/DerivedDataCache/Compressed.ddp not found, will not use a pak cache.
[2016.08.12-03.42.15:484][  0]LogDerivedDataCache: Unable to find inner node CompressedPak for hierarchical cache Hierarchy.
[2016.08.12-03.42.15:627][  0]LogDerivedDataCache:Display: Pak cache opened for reading ../../../Engine/DerivedDataCache/Compressed.ddp.
[2016.08.12-03.42.15:639][  0]LogDerivedDataCache: Using Local data cache path C:/Users/NewXB/AppData/Local/UnrealEngine/Common/DerivedDataCache: Writable
[2016.08.12-03.42.22:418][  0]LogInit: Selected Device Profile: [Windows]
[2016.08.12-03.42.22:424][  0]LogContentStreaming: Texture pool size is 0.000000MB
[2016.08.12-03.42.22:578][  0]LogMeshUtilities: No automatic mesh reduction module available
[2016.08.12-03.42.22:578][  0]LogMeshUtilities: No automatic mesh merging module available
[2016.08.12-03.42.23:272][  0]LogInit: WinSock: version 1.1 (2.2), MaxSocks=32767, MaxUdp=65467
[2016.08.12-03.42.29:041][  0]UdpMessaging: Initializing bridge on interface 0.0.0.0:0 to multicast group 230.0.0.1:6666.
[2016.08.12-03.42.29:331][  0]LogAssetRegistry: FAssetRegistry took 0.0112 seconds to start up
[2016.08.12-03.42.29:591][  0]SourceControl: Info Source control is disabled
[2016.08.12-03.42.29:591][  0]SourceControl: Info Source control is disabled
[2016.08.12-03.42.29:609][  0]SourceControl: Info Source control is disabled
[2016.08.12-03.42.29:624][  0]SourceControl: Info Source control is disabled
[2016.08.12-03.42.30:197][  0]LogObj: 28633 objects as part of root set at end of initial load.
[2016.08.12-03.42.30:197][  0]LogUObjectAllocator: 6099744 out of 0 bytes used by permanent object pool.
[2016.08.12-03.42.30:476][  0]LogEngine: Initializing Engine...
[2016.08.12-03.42.30:478][  0]LogHMD: Can't find Oculus library dev build: is proper Runtime installed? Version: 0.8.0.0
[2016.08.12-03.42.30:513][  0]LogHMD: SteamVR failed to initialize.  Err: 110
[2016.08.12-03.42.30:730][  0]LogAIModule: Creating AISystem for world NewWorld
[2016.08.12-03.42.30:735][  0]LogInit: XAudio2 using 'Speakers (High Definition Audio Device)' : 2 channels at 44.1 kHz using 16 bits per sample (channel mask 0x3)
[2016.08.12-03.42.30:753][  0]LogInit: FAudioDevice initialized.
[2016.08.12-03.42.30:771][  0]LogDerivedDataCache: Saved boot cache 0.02s 36MB C:/Users/NewXB/AppData/Local/UnrealEngine/4.10/DerivedDataCache/Boot.ddc.
[2016.08.12-03.42.30:778][  0]LogInit: Texture streaming: Enabled
[2016.08.12-03.42.30:785][  0]LogAnalytics: Creating configured Analytics provider AnalyticsET
[2016.08.12-03.42.30:785][  0]LogAnalytics: [UEEditor.Rocket.Release] APIServer = http://et2.epicgames.com/ET2/. AppVersion = 4.10.4-2872498+++depot+UE4-Releases+4.10
[2016.08.12-03.42.30:785][  0]LogAnalytics: [UEEditor.Rocket.Release] SetUserId ece583814e9348fb62113dbfb66ef682|bccad1b3b1304992b6c7a115ad0c5f38|62b997dc-dbc2-4b17-ab0c-81ec4270b588
[2016.08.12-03.42.30:785][  0]LogAnalytics: [UEEditor.Rocket.Release] AnalyticsET::StartSession
[2016.08.12-03.42.30:810][  0]LogInit: Transaction tracking system initialized
[2016.08.12-03.42.30:846][  0]BlueprintLog: New page: Editor Load
[2016.08.12-03.42.30:993][  0]LocalizationService: Info Localization service is disabled
[2016.08.12-03.42.31:369][  0]LogConsoleResponse:Display: 
[2016.08.12-03.42.32:014][  0]LogCook:Display: Done creating registry. It took  0.00s.
[2016.08.12-03.42.32:181][  0]LogFileCache: Scanning file cache for directory 'C:/Users/NewXB/Desktop/Supers/supers/Content/' took 0.02s
[2016.08.12-03.42.32:221][  0]SourceControl: Info Source control is disabled
[2016.08.12-03.42.32:221][  0]Cmd: MAP LOAD FILE="../../../../../../Users/NewXB/Desktop/Supers/supers/Content/TwinStickBP/Maps/TwinStickExampleMap.umap" TEMPLATE=0 SHOWPROGRESS=1 FEATURELEVEL=2
[2016.08.12-03.42.32:305][  0]LightingResults: New page: Lighting Build
[2016.08.12-03.42.32:308][  0]MapCheck: New page: Map Check
[2016.08.12-03.42.32:309][  0]LightingResults: New page: Lighting Build
[2016.08.12-03.42.32:319][  0]LogParticles: Destroying 0 GPU particle simulations for FXSystem 0x0000026A1A672160
[2016.08.12-03.42.32:576][  0]LogLinker:Warning: Can't find file '/Game/Actions1'
[2016.08.12-03.42.32:576][  0]LogLinker:Warning: Can't find file for asset '/Game/Actions1' while loading ../../../../../../Users/NewXB/Desktop/Supers/supers/Content/TwinStickBP/Blueprints/TwinStickPawn.uasset.
[2016.08.12-03.42.32:585][  0]LoadErrors:Error: Error /Game/TwinStickBP/Blueprints/TwinStickPawn : Can't find file for asset. /Game/Actions1
[2016.08.12-03.42.32:860][  0]LogLinker:Warning: Can't find file '/Game/Actions1'
[2016.08.12-03.42.32:861][  0]LogLinker:Warning: Can't find file for asset '/Game/Actions1' while loading ../../../../../../Users/NewXB/Desktop/Supers/supers/Content/TwinStickBP/Blueprints/TwinStickPawn.uasset.
[2016.08.12-03.42.32:861][  0]LoadErrors:Error: Error /Game/TwinStickBP/Blueprints/TwinStickPawn : Can't find file for asset. /Game/Actions1
[2016.08.12-03.42.33:359][  0]LogLinker:Warning: Can't find file '/Game/Actions1'
[2016.08.12-03.42.33:359][  0]LogLinker:Warning: Can't find file for asset '/Game/Actions1' while loading ../../../../../../Users/NewXB/Desktop/Supers/supers/Content/TwinStickBP/Blueprints/TwinStickPawn.uasset.
[2016.08.12-03.42.33:359][  0]LoadErrors:Error: Error /Game/TwinStickBP/Blueprints/TwinStickPawn : Can't find file for asset. /Game/Actions1
[2016.08.12-03.42.33:457][  0]LogLinker:Warning: Can't find file '/Game/Actions1'
[2016.08.12-03.42.33:457][  0]LogLinker:Warning: Can't find file for asset '/Game/Actions1' while loading ../../../../../../Users/NewXB/Desktop/Supers/supers/Content/TwinStickBP/Blueprints/TwinStickPawn.uasset.
[2016.08.12-03.42.33:457][  0]LoadErrors:Error: Error /Game/TwinStickBP/Blueprints/TwinStickPawn : Can't find file for asset. /Game/Actions1
[2016.08.12-03.42.33:552][  0]LogLinker:Warning: Can't find file '/Game/Actions1'
[2016.08.12-03.42.33:552][  0]LoadErrors: Info Failed to load /Game/TwinStickBP/Blueprints/TwinStickPawn.TwinStickPawn_C Referenced by TwinStickPawn
[2016.08.12-03.42.33:552][  0]LogLinker:Warning: Can't find file for asset '/Game/Actions1' while loading ../../../../../../Users/NewXB/Desktop/Supers/supers/Content/TwinStickBP/Blueprints/TwinStickPawn.uasset.
[2016.08.12-03.42.33:552][  0]LoadErrors: Info Failed to load /Game/TwinStickBP/Blueprints/TwinStickPawn.TwinStickPawn_C Referenced by TwinStickPawn
[2016.08.12-03.42.33:552][  0]LoadErrors:Error: Error /Game/TwinStickBP/Blueprints/TwinStickPawn : Can't find file for asset. /Game/Actions1
[2016.08.12-03.42.33:770][  0]LogLinker:Warning: Can't find file '/Game/Actions1'
[2016.08.12-03.42.33:771][  0]LogLinker:Warning: Can't find file for asset '/Game/Actions1' while loading ../../../../../../Users/NewXB/Desktop/Supers/supers/Content/TwinStickBP/Blueprints/TwinStickPawn.uasset.
[2016.08.12-03.42.33:771][  0]LoadErrors:Error: Error /Game/TwinStickBP/Blueprints/TwinStickPawn : Can't find file for asset. /Game/Actions1
[2016.08.12-03.42.38:672][  0]LogAIModule: Creating AISystem for world TwinStickExampleMap
[2016.08.12-03.42.38:752][  0]LogEditorServer: Finished looking for orphan Actors (0.000 secs)
[2016.08.12-03.42.38:753][  0]Cmd: MAP CHECKDEP NOCLEARLOG
[2016.08.12-03.42.38:819][  0]MapCheck: Info Map check complete: 0 Error(s), 0 Warning(s), took 65.588ms to complete.
[2016.08.12-03.42.38:819][  0]LogFileHelpers: Loading map 'TwinStickExampleMap' took 6.597
[2016.08.12-03.42.38:974][  0]LogCollectionManager: Loaded 0 collections in 0.002474 seconds
[2016.08.12-03.42.39:020][  0]LogFileCache: Scanning file cache for directory 'C:/Users/NewXB/Desktop/Supers/supers/Saved/Collections/' took 0.01s
[2016.08.12-03.42.39:020][  0]LogFileCache: Scanning file cache for directory 'C:/Users/NewXB/Desktop/Supers/supers/Content/Developers/NewXB/Collections/' took 0.01s
[2016.08.12-03.42.39:020][  0]LogFileCache: Scanning file cache for directory 'C:/Users/NewXB/Desktop/Supers/supers/Content/Collections/' took 0.01s
[2016.08.12-03.42.39:020][  0]LogCollectionManager: Rebuilt the GUID cache for 0 collections in 0.000002 seconds
[2016.08.12-03.42.39:029][  0]LogContentBrowser: Native class hierarchy populated in 0.0091 seconds. Added 1893 classes and 338 folders.
[2016.08.12-03.42.39:063][  0]LogContentBrowser: Native class hierarchy updated for 'WidgetCarousel' in 0.0007 seconds. Added 0 classes and 0 folders.
[2016.08.12-03.42.40:839][  0]LogContentBrowser: Native class hierarchy updated for 'AddContentDialog' in 0.0004 seconds. Added 0 classes and 0 folders.
[2016.08.12-03.42.40:844][  0]LogContentBrowser: Native class hierarchy updated for 'SceneOutliner' in 0.0003 seconds. Added 1 classes and 2 folders.
[2016.08.12-03.42.43:218][  0]LogCrashTracker: Crashtracker disabled due to settings.
[2016.08.12-03.42.43:223][  0]LogUObjectGlobals:Warning: Failed to find object 'Class None.'
[2016.08.12-03.42.43:245][  0]LogLoad: Full Startup: 38.41 seconds (BP compile: 0.28 seconds)
[2016.08.12-03.42.43:257][  0]LogOcInput: Can't find Oculus library dev build: is proper Runtime installed? Version: 0.8.0.0
[2016.08.12-03.42.43:623][  0]LogContentStreaming: Texture pool size now 1000 MB
[2016.08.12-03.42.44:685][  0]LogRenderer: Reallocating scene render targets to support 1208x572 (Frame:2).
[2016.08.12-03.42.45:998][  4]LogAssetRegistry: Asset discovery search completed in 16.6778 seconds
[2016.08.12-03.42.45:998][  4]LogCollectionManager: Rebuilt the object cache for 0 collections in 0.000001 seconds (found 0 objects)
[2016.08.12-03.42.45:998][  4]LogCollectionManager: Fixed up redirectors for 0 collections in 0.000033 seconds (updated 0 objects)
[2016.08.12-03.42.58:335][302]LogEditorViewport: Clicking on Actor (LMB): StaticMeshActor (Floor)
[2016.08.12-03.43.00:132][503]LogEditorViewport: Clicking on Actor (LMB): StaticMeshActor (Floor)
[2016.08.12-03.43.03:646][914]LogEditorViewport: Clicking on Actor (LMB): TwinStickPawn_C (TwinStickPawn)
[2016.08.12-03.43.06:127][126]LogLinker:Warning: Asset '../../../Engine/Content/ArtTools/RenderToTexture/Macros/RenderToTextureMacros.uasset' has been saved with empty engine version. The asset will be loaded but may be incompatible.
[2016.08.12-03.43.06:754][126]LogContentBrowser: Native class hierarchy updated for 'BlueprintGraph' in 0.0009 seconds. Added 107 classes and 0 folders.
[2016.08.12-03.43.07:962][127]LogSynthBenchmark:Display: FSynthBenchmark (V0.95):  requested WorkScale=1.00
[2016.08.12-03.43.07:962][127]LogSynthBenchmark:Display: ===============
[2016.08.12-03.43.07:962][127]LogSynthBenchmark:Display: Main Processor:
[2016.08.12-03.43.08:007][127]LogSynthBenchmark:Display:          ... 0.023533 s/Run 'RayIntersect'
[2016.08.12-03.43.08:008][127]LogSynthBenchmark:Display:          ... 0.021379 s/Run 'Fractal'
[2016.08.12-03.43.08:008][127]LogSynthBenchmark:Display: 
[2016.08.12-03.43.08:008][127]LogSynthBenchmark:Display:   CompiledTarget_x_Bits: 64
[2016.08.12-03.43.08:008][127]LogSynthBenchmark:Display:   UE_BUILD_SHIPPING: 0
[2016.08.12-03.43.08:008][127]LogSynthBenchmark:Display:   UE_BUILD_TEST: 0
[2016.08.12-03.43.08:008][127]LogSynthBenchmark:Display:   UE_BUILD_DEBUG: 0
[2016.08.12-03.43.08:008][127]LogSynthBenchmark:Display:   TotalPhysicalGBRam: 12
[2016.08.12-03.43.08:008][127]LogSynthBenchmark:Display:   NumberOfCores (physical): 4
[2016.08.12-03.43.08:008][127]LogSynthBenchmark:Display:   NumberOfCores (logical): 8
[2016.08.12-03.43.08:008][127]LogSynthBenchmark:Display:   CPU Perf Index 0: 108.8
[2016.08.12-03.43.08:008][127]LogSynthBenchmark:Display:   CPU Perf Index 1: 133.8
[2016.08.12-03.43.08:008][127]LogSynthBenchmark:Display:  
[2016.08.12-03.43.08:008][127]LogSynthBenchmark:Display: Graphics:
[2016.08.12-03.43.08:008][127]LogSynthBenchmark:Display:   Adapter Name: 'NVIDIA GeForce GTX 295'
[2016.08.12-03.43.08:008][127]LogSynthBenchmark:Display:   (On Optimus the name might be wrong, memory should be ok)
[2016.08.12-03.43.08:008][127]LogSynthBenchmark:Display:   Vendor Id: 0x10de
[2016.08.12-03.43.08:008][127]LogSynthBenchmark:Display:   GPU Memory: 864/0/3200 MB
[2016.08.12-03.43.08:008][127]LogSynthBenchmark:Display:   CPUIndex: 108.8
[2016.08.12-03.43.08:008][127]LogSynthBenchmark:Display:   GPUIndex: -nan(ind)
[2016.08.12-03.43.08:008][127]LogSynthBenchmark:Display: 
[2016.08.12-03.43.08:008][127]LogSynthBenchmark:Display:          ... Total Time: 0.045192 sec
[2016.08.12-03.45.48:321][179]LogBlueprintUserMessages: Early PlayInEditor Detection: Level '/Game/TwinStickBP/Maps/TwinStickExampleMap.TwinStickExampleMap:PersistentLevel' has LevelScriptBlueprint '/Game/TwinStickBP/Maps/TwinStickExampleMap.TwinStickExampleMap:PersistentLevel.TwinStickExampleMap' with GeneratedClass '/Game/TwinStickBP/Maps/TwinStickExampleMap.TwinStickExampleMap_C' with ClassGeneratedBy '/Game/TwinStickBP/Maps/TwinStickExampleMap.TwinStickExampleMap:PersistentLevel.TwinStickExampleMap'
[2016.08.12-03.45.48:321][179]LogPlayLevel: PlayLevel: No blueprints needed recompiling
[2016.08.12-03.45.48:322][179]PIE: New page: PIE session: TwinStickExampleMap (Aug 11, 2016, 1:45:48 PM)
[2016.08.12-03.45.48:322][179]LogPlayLevel: Creating play world package: /Game/TwinStickBP/Maps/UEDPIE_0_TwinStickExampleMap
[2016.08.12-03.45.48:345][179]LogPlayLevel: PIE: StaticDuplicateObject took: (0.023184s)
[2016.08.12-03.45.48:346][179]LogAIModule: Creating AISystem for world TwinStickExampleMap
[2016.08.12-03.45.48:346][179]LogPlayLevel: PIE: World Init took: (0.000782s)
[2016.08.12-03.45.48:346][179]LogPlayLevel: PIE: Created PIE world by copying editor world from /Game/TwinStickBP/Maps/TwinStickExampleMap.TwinStickExampleMap to /Game/TwinStickBP/Maps/UEDPIE_0_TwinStickExampleMap.TwinStickExampleMap (0.024208s)
[2016.08.12-03.45.48:346][179]LogActorComponent: UnregisterComponent: (/Engine/Transient.CharMoveComp) Not registered. Aborting.
[2016.08.12-03.45.48:346][179]LogActorComponent: UnregisterComponent: (/Engine/Transient.PawnSensing_GEN_VARIABLE) Not registered. Aborting.
[2016.08.12-03.45.48:346][179]LogActorComponent: UnregisterComponent: (/Engine/Transient.ProjectileMovementComponent_8) Not registered. Aborting.
[2016.08.12-03.45.48:346][179]LogActorComponent: UnregisterComponent: (/Engine/Transient.ProjectileMovement_GEN_VARIABLE) Not registered. Aborting.
[2016.08.12-03.45.48:346][179]LogActorComponent: UnregisterComponent: (/Engine/Transient.ProjectileMovementComponent_0) Not registered. Aborting.
[2016.08.12-03.45.48:381][179]LogParticles: Destroying 0 GPU particle simulations for FXSystem 0x0000026A55911F80
[2016.08.12-03.45.48:426][179]LogInit: XAudio2 using 'Speakers (High Definition Audio Device)' : 2 channels at 44.1 kHz using 16 bits per sample (channel mask 0x3)
[2016.08.12-03.45.48:431][179]LogInit: FAudioDevice initialized.
[2016.08.12-03.45.48:544][179]LogWorld: Game class is 'TwinStickGameMode_C'
[2016.08.12-03.45.48:558][179]LogWorld: Bringing World /Game/TwinStickBP/Maps/UEDPIE_0_TwinStickExampleMap.TwinStickExampleMap up for play (max tick rate 0) at 2016.08.11-20.45.48
[2016.08.12-03.45.48:558][179]LogActor:Warning: GameSession /Game/TwinStickBP/Maps/UEDPIE_0_TwinStickExampleMap.TwinStickExampleMap:PersistentLevel.GameSession_0 has natively added scene component(s), but none of them were set as the actor's RootComponent - picking one arbitrarily
[2016.08.12-03.45.48:559][179]LogActor:Warning: GameNetworkManager /Game/TwinStickBP/Maps/UEDPIE_0_TwinStickExampleMap.TwinStickExampleMap:PersistentLevel.GameNetworkManager_0 has natively added scene component(s), but none of them were set as the actor's RootComponent - picking one arbitrarily
[2016.08.12-03.45.48:567][179]LogWorld: Bringing up level for play took: 0.021201
[2016.08.12-03.45.48:594][179]PIE: Info Play in editor start time for /Game/TwinStickBP/Maps/UEDPIE_0_TwinStickExampleMap 0.036
[2016.08.12-03.45.48:594][179]LogBlueprintUserMessages: Late PlayInEditor Detection: Level '/Game/TwinStickBP/Maps/TwinStickExampleMap.TwinStickExampleMap:PersistentLevel' has LevelScriptBlueprint '/Game/TwinStickBP/Maps/TwinStickExampleMap.TwinStickExampleMap:PersistentLevel.TwinStickExampleMap' with GeneratedClass '/Game/TwinStickBP/Maps/TwinStickExampleMap.TwinStickExampleMap_C' with ClassGeneratedBy '/Game/TwinStickBP/Maps/TwinStickExampleMap.TwinStickExampleMap:PersistentLevel.TwinStickExampleMap'
[2016.08.12-03.45.48:626][180]LogRenderer: Reallocating scene render targets to support 1280x720 (Frame:177).
[2016.08.12-03.45.49:941][181]LogCharacterMovement:Warning: GetSimulationTimeStep() - Max iterations 8 hit while remaining time 0.099137 > MaxSimulationTimeStep (0.050) for 'Runner_C_57'
[2016.08.12-03.48.09:025][673]LogBlueprintUserMessages: Early EndPlayMap Detection: Level '/Game/TwinStickBP/Maps/TwinStickExampleMap.TwinStickExampleMap:PersistentLevel' has LevelScriptBlueprint '/Game/TwinStickBP/Maps/TwinStickExampleMap.TwinStickExampleMap:PersistentLevel.TwinStickExampleMap' with GeneratedClass '/Game/TwinStickBP/Map