Log file open, 06/26/17 00:27:40
LogInit:Display: Running engine for game: Supers
LogPlatformFile: Not using cached read wrapper
LogInit:Display: RandInit(498015804) SRandInit(498015804).
LogTaskGraph: Started task graph with 5 named threads and 8 total threads with 1 sets of task threads.
LogStats: Stats thread started at 0.098027
LogInit: Using libcurl 7.47.1
LogInit:  - built for x86_64-pc-win32
LogInit:  - supports SSL with OpenSSL/1.0.2g
LogInit:  - supports HTTP deflate (compression) using libz 1.2.8
LogInit:  - other features:
LogInit:      CURL_VERSION_SSL
LogInit:      CURL_VERSION_LIBZ
LogInit:      CURL_VERSION_IPV6
LogInit:      CURL_VERSION_ASYNCHDNS
LogInit:      CURL_VERSION_LARGEFILE
LogInit:      CURL_VERSION_IDN
LogInit:  CurlRequestOptions (configurable via config and command line):
LogInit:  - bVerifyPeer = false  - Libcurl will NOT verify peer certificate
LogInit:  - bUseHttpProxy = false  - Libcurl will NOT use HTTP proxy
LogInit:  - bDontReuseConnections = false  - Libcurl will reuse connections
LogInit:  - CertBundlePath = nullptr  - Libcurl will use whatever was configured at build time.
LogInit: Build: ++UE4+Release-4.16-CL-3466753
LogInit: Engine Version: 4.16.1-3466753+++UE4+Release-4.16
LogInit: Compatible Engine Version: 4.16.0-3452394+++UE4+Release-4.16
LogInit: Net CL: 3452394
LogDevObjectVersion: Number of dev versions registered: 16
LogDevObjectVersion:   Dev-Blueprints (B0D832E4-1F89-4F0D-ACCF-7EB736FD4AA2): 9
LogDevObjectVersion:   Dev-Build (E1C64328-A22C-4D53-A36C-8E866417BD8C): 0
LogDevObjectVersion:   Dev-Core (375EC13C-06E4-48FB-B500-84F0262A717E): 2
LogDevObjectVersion:   Dev-Editor (E4B068ED-F494-42E9-A231-DA0B2E46BB41): 17
LogDevObjectVersion:   Dev-Framework (CFFC743F-43B0-4480-9391-14DF171D2073): 23
LogDevObjectVersion:   Dev-Mobile (B02B49B5-BB20-44E9-A304-32B752E40360): 0
LogDevObjectVersion:   Dev-Networking (A4E4105C-59A1-49B5-A7C5-40C4547EDFEE): 0
LogDevObjectVersion:   Dev-Online (39C831C9-5AE6-47DC-9A44-9C173E1C8E7C): 0
LogDevObjectVersion:   Dev-Physics (78F01B33-EBEA-4F98-B9B4-84EACCB95AA2): 0
LogDevObjectVersion:   Dev-Platform (6631380F-2D4D-43E0-8009-CF276956A95A): 0
LogDevObjectVersion:   Dev-Rendering (12F88B9F-8875-4AFC-A67C-D90C383ABD29): 15
LogDevObjectVersion:   Dev-Sequencer (7B5AE74C-D270-4C10-A958-57980B212A5A): 4
LogDevObjectVersion:   Dev-VR (D7296918-1DD6-4BDD-9DE2-64A83CC13884): 0
LogDevObjectVersion:   Dev-LoadTimes (C2A15278-BFE7-4AFE-6C17-90FF531DF755): 1
LogDevObjectVersion:   Private-Geometry (6EACA3D4-40EC-4CC1-B786-8BED09428FC5): 1
LogDevObjectVersion:   Dev-AnimPhys (29E575DD-E0A3-4627-9D10-D276232CDCEA): 3
LogInit: Compiled (64-bit): May 31 2017 02:03:30
LogInit: Compiled with Visual C++: 19.00.24215.01
LogInit: Build Configuration: Development
LogInit: Branch Name: ++UE4+Release-4.16
LogInit: Command line:  /Temp/Autosaves/Game/TwinStickBP/Maps/UEDPCTwinStickExampleMap -game -PIEVIACONSOLE -ResX=1280 -ResY=720  -Multiprocess -messaging -SessionName="Play in Standalone Game" -windowed 
LogInit: Base directory: C:/Program Files/Epic Games/UE_4.16/Engine/Binaries/Win64/
LogInit: Installed Engine Build: 1
LogInit: Presizing for max 8388607 objects, including 0 objects not considered by GC, pre-allocating 0 bytes for permanent pool.
LogInit: Object subsystem initialized
[2017.06.26-07.27.41:378][  0]LogInit: Selected Device Profile: [Windows]
[2017.06.26-07.27.41:378][  0]LogInit: Applying CVar settings loaded from the selected device profile: [Windows]
[2017.06.26-07.27.41:382][  0]LogInit: Computer: DESKTOP-2T88I18
[2017.06.26-07.27.41:382][  0]LogInit: User: NewXB
[2017.06.26-07.27.41:382][  0]LogInit: CPU Page size=4096, Cores=4
[2017.06.26-07.27.41:382][  0]LogInit: High frequency timer resolution =2.648439 MHz
[2017.06.26-07.27.41:382][  0]LogMemory: Memory total: Physical=31.9GB (32GB approx)
[2017.06.26-07.27.41:382][  0]LogMemory: Platform Memory Stats for Windows
[2017.06.26-07.27.41:382][  0]LogMemory: Process Physical Memory: 273.77 MB used, 273.77 MB peak
[2017.06.26-07.27.41:382][  0]LogMemory: Process Virtual Memory: 260.87 MB used, 260.87 MB peak
[2017.06.26-07.27.41:382][  0]LogMemory: Physical Memory: 11163.91 MB used,  21539.84 MB free, 32703.74 MB total
[2017.06.26-07.27.41:382][  0]LogMemory: Virtual Memory: 638.44 MB used,  21539.84 MB free, 134217728.00 MB total
[2017.06.26-07.27.41:921][  0]LogInit: Using OS detected language (en-US).
[2017.06.26-07.27.41:921][  0]LogInit: Using OS detected locale (en-US).
[2017.06.26-07.27.41:927][  0]LogTextLocalizationManager: No specific localization for 'en-US' exists, so the 'en' localization will be used.
[2017.06.26-07.27.42:663][  0]LogD3D11RHI: D3D11 adapters:
[2017.06.26-07.27.43:216][  0]LogD3D11RHI:    0. 'NVIDIA GeForce GTX 1070' (Feature Level 11_0)
[2017.06.26-07.27.43:216][  0]LogD3D11RHI:       8113/0/16351 MB DedicatedVideo/DedicatedSystem/SharedSystem, Outputs:1, VendorId:0x10de
[2017.06.26-07.27.43:218][  0]LogD3D11RHI:    1. 'Microsoft Basic Render Driver' (Feature Level 11_0)
[2017.06.26-07.27.43:218][  0]LogD3D11RHI:       0/0/16351 MB DedicatedVideo/DedicatedSystem/SharedSystem, Outputs:0, VendorId:0x1414
[2017.06.26-07.27.43:218][  0]LogD3D11RHI: Chosen D3D11 Adapter: 0
[2017.06.26-07.27.43:225][  0]LogD3D11RHI: Creating new Direct3DDevice
[2017.06.26-07.27.43:225][  0]LogD3D11RHI:     GPU DeviceId: 0x1be1 (for the marketing name, search the web for "GPU Device Id")
[2017.06.26-07.27.43:225][  0]LogWindows: EnumDisplayDevices:
[2017.06.26-07.27.43:225][  0]LogWindows:    0. 'NVIDIA GeForce GTX 1070' (P:1 D:1)
[2017.06.26-07.27.43:225][  0]LogWindows:    1. 'NVIDIA GeForce GTX 1070' (P:0 D:0)
[2017.06.26-07.27.43:226][  0]LogWindows:    2. 'NVIDIA GeForce GTX 1070' (P:0 D:0)
[2017.06.26-07.27.43:226][  0]LogWindows:    3. 'NVIDIA GeForce GTX 1070' (P:0 D:0)
[2017.06.26-07.27.43:226][  0]LogWindows: DebugString: FoundDriverCount:4 
[2017.06.26-07.27.43:226][  0]LogD3D11RHI:     Adapter Name: NVIDIA GeForce GTX 1070
[2017.06.26-07.27.43:226][  0]LogD3D11RHI:   Driver Version: 382.33 (internal:22.21.13.8233, unified:382.33)
[2017.06.26-07.27.43:226][  0]LogD3D11RHI:      Driver Date: 5-17-2017
[2017.06.26-07.27.43:226][  0]LogRHI: Texture pool is 1361 MB (70% of 1945 MB)
[2017.06.26-07.27.43:748][  0]LogD3D11RHI: Async texture creation enabled
[2017.06.26-07.27.43:790][  0]LogD3D11RHI: GPU Timing Frequency: 1000.000000 (Debug: 2 1)
[2017.06.26-07.27.43:833][  0]LogShaderCompilers: Guid format shader working directory is -11 characters bigger than the processId version (../../../../../../supers-master/supers-master 4.16/supers/Intermediate/Shaders/WorkingDirectory/5340/).
[2017.06.26-07.27.43:833][  0]LogShaderCompilers: Cleaned the shader compiler working directory 'C:/Users/NewXB/AppData/Local/Temp/UnrealShaderWorkingDir/ACF4B0344A1AB111F08CF18F4CF12C86/'.
[2017.06.26-07.27.43:833][  0]LogShaderCompilers:Display: Using Local Shader Compiler.
[2017.06.26-07.27.44:874][  0]LogTemp:Display: Loaded TP WindowsClientTargetPlatform
[2017.06.26-07.27.44:931][  0]LogTemp:Display: Loaded TP WindowsNoEditorTargetPlatform
[2017.06.26-07.27.45:004][  0]LogTemp:Display: Loaded TP WindowsServerTargetPlatform
[2017.06.26-07.27.45:061][  0]LogTemp:Display: Loaded TP WindowsTargetPlatform
[2017.06.26-07.27.45:061][  0]LogTargetPlatformManager:Display: Building Assets For Windows
[2017.06.26-07.27.45:590][  0]LogDerivedDataCache:Display: Max Cache Size: 512 MB
[2017.06.26-07.27.45:675][  0]LogDerivedDataCache: Loaded boot cache 0.08s 89MB C:/Users/NewXB/AppData/Local/UnrealEngine/4.16/DerivedDataCache/Boot.ddc.
[2017.06.26-07.27.45:675][  0]LogDerivedDataCache:Display: Loaded Boot cache: C:/Users/NewXB/AppData/Local/UnrealEngine/4.16/DerivedDataCache/Boot.ddc
[2017.06.26-07.27.45:675][  0]LogDerivedDataCache: FDerivedDataBackendGraph:  Pak pak cache file ../../../../../../supers-master/supers-master 4.16/supers/DerivedDataCache/DDC.ddp not found, will not use a pak cache.
[2017.06.26-07.27.45:675][  0]LogDerivedDataCache: Unable to find inner node Pak for hierarchical cache Hierarchy.
[2017.06.26-07.27.45:675][  0]LogDerivedDataCache: FDerivedDataBackendGraph:  CompressedPak pak cache file ../../../../../../supers-master/supers-master 4.16/supers/DerivedDataCache/Compressed.ddp not found, will not use a pak cache.
[2017.06.26-07.27.45:675][  0]LogDerivedDataCache: Unable to find inner node CompressedPak for hierarchical cache Hierarchy.
[2017.06.26-07.27.45:689][  0]LogDerivedDataCache:Display: Pak cache opened for reading ../../../Engine/DerivedDataCache/Compressed.ddp.
[2017.06.26-07.27.45:702][  0]LogDerivedDataCache: Using Local data cache path C:/Users/NewXB/AppData/Local/UnrealEngine/Common/DerivedDataCache: Writable
[2017.06.26-07.27.45:712][  0]LogMaterial: Verifying Global Shaders for PCD3D_SM5
[2017.06.26-07.27.45:712][  0]LogSlate: Using Freetype 2.6.0
[2017.06.26-07.27.45:713][  0]LogSlate: SlateFontCache - WITH_FREETYPE: 1, WITH_HARFBUZZ: 1
[2017.06.26-07.27.45:713][  0]LogSlate: SlateFontCache - WITH_FREETYPE: 1, WITH_HARFBUZZ: 1
[2017.06.26-07.27.45:986][  0]LogAssetRegistry: FAssetRegistry took 0.0040 seconds to start up
[2017.06.26-07.27.45:992][  0]LogPackageLocalizationCache: Processed 4 localized package path(s) for 2 prioritized culture(s) in 0.006233 seconds
[2017.06.26-07.27.46:074][  0]LogInit: Selected Device Profile: [Windows]
[2017.06.26-07.27.46:137][  0]LogContentStreaming: Texture pool size is 1000.00 MB
[2017.06.26-07.27.46:295][  0]LogMeshUtilities: Using QuadricMeshReduction for automatic static mesh reduction
[2017.06.26-07.27.46:345][  0]LogSimplygon: Simplygon DLL not present - disabling.
[2017.06.26-07.27.46:400][  0]LogMeshUtilities: Using SimplygonSwarm for distributed automatic mesh merging
[2017.06.26-07.27.46:400][  0]LogMeshUtilities: No automatic skeletal mesh reduction module available
[2017.06.26-07.27.46:400][  0]LogMeshUtilities: No automatic mesh merging module available
[2017.06.26-07.27.46:908][  0]LogNetVersion: Supers , NetCL: 3452394, EngineNetVer: 2, GameNetVer: 0 (Checksum: 3304520363)
[2017.06.26-07.27.46:983][  0]LogInit: WinSock: version 1.1 (2.2), MaxSocks=32767, MaxUdp=65467
[2017.06.26-07.27.48:153][  0]LogMoviePlayer: Initializing movie player
[2017.06.26-07.27.48:521][  0]LogCollectionManager: Loaded 0 collections in 0.001468 seconds
[2017.06.26-07.27.48:575][  0]LogFileCache: Scanning file cache for directory 'C:/supers-master/supers-master 4.16/supers/Saved/Collections/' took 0.01s
[2017.06.26-07.27.48:575][  0]LogFileCache: Scanning file cache for directory 'C:/supers-master/supers-master 4.16/supers/Content/Developers/NewXB/Collections/' took 0.01s
[2017.06.26-07.27.48:575][  0]LogFileCache: Scanning file cache for directory 'C:/supers-master/supers-master 4.16/supers/Content/Collections/' took 0.01s
[2017.06.26-07.27.48:575][  0]LogCollectionManager: Rebuilt the object cache for 0 collections in 0.000001 seconds (found 0 objects)
[2017.06.26-07.27.48:575][  0]LogCollectionManager: Fixed up redirectors for 0 collections in 0.000026 seconds (updated 0 objects)
[2017.06.26-07.27.48:763][  0]LogTcpMessaging: Initializing TcpMessaging bridge
[2017.06.26-07.27.48:802][  0]LogUdpMessaging: Initializing bridge on interface 0.0.0.0:0 to multicast group 230.0.0.1:6666.
[2017.06.26-07.27.49:249][  0]SourceControl: Info Source control is disabled
[2017.06.26-07.27.49:249][  0]SourceControl: Info Source control is disabled
[2017.06.26-07.27.49:304][  0]SourceControl: Info Source control is disabled
[2017.06.26-07.27.49:587][  0]LogAndroidPermission: UAndroidPermissionCallbackProxy::GetInstance
[2017.06.26-07.27.50:079][  0]LogUObjectArray: 37220 objects as part of root set at end of initial load.
[2017.06.26-07.27.50:079][  0]LogUObjectAllocator: 8398840 out of 0 bytes used by permanent object pool.
[2017.06.26-07.27.50:079][  0]LogUObjectArray: CloseDisregardForGC: 0/0 objects in disregard for GC pool
[2017.06.26-07.27.50:191][  0]LogEngine: Initializing Engine...
[2017.06.26-07.27.50:211][  0]LogHMD: Failed to initialize OpenVR with code 126
[2017.06.26-07.27.50:388][  0]LogStats: UGameplayTagsManager::ConstructGameplayTagTree: Construct from data asset -  0.000 s
[2017.06.26-07.27.50:388][  0]LogStats: UGameplayTagsManager::ConstructGameplayTagTree: GameplayTagTreeChangedEvent.Broadcast -  0.000 s
[2017.06.26-07.27.50:399][  0]LogInit: XAudio2 using 'Speakers (Realtek High Definition Audio)' : 6 channels at 48 kHz using 32 bits per sample (channel mask 0x3f)
[2017.06.26-07.27.50:466][  0]LogInit: FAudioDevice initialized.
[2017.06.26-07.27.50:488][  0]LogInit: Texture streaming: Enabled
[2017.06.26-07.27.50:506][  0]LogMaterial: Uniform references updated for custom material expression Custom.
[2017.06.26-07.27.50:804][  0]LogSlateStyle:Warning: Unable to find Slate Widget Style 'NormalText'. Using FTextBlockStyle defaults instead.
[2017.06.26-07.27.50:804][  0]LogSlateStyle:Warning: Unable to find Slate Widget Style 'SpinBox'. Using FSpinBoxStyle defaults instead.
[2017.06.26-07.27.51:064][  0]LogInit:Display: Game Engine Initialized.
[2017.06.26-07.27.51:226][  0]LogInit:Display: Starting Game.
[2017.06.26-07.27.51:227][  0]LogNet: Browse: /Temp/Autosaves/Game/TwinStickBP/Maps/UEDPCTwinStickExampleMap?Name=Player
[2017.06.26-07.27.51:227][  0]LogLoad: LoadMap: /Temp/Autosaves/Game/TwinStickBP/Maps/UEDPCTwinStickExampleMap?Name=Player
[2017.06.26-07.27.51:246][  0]LogMemory: Platform Memory Stats for Windows
[2017.06.26-07.27.51:246][  0]LogMemory: Process Physical Memory: 798.57 MB used, 921.24 MB peak
[2017.06.26-07.27.51:246][  0]LogMemory: Process Virtual Memory: 903.15 MB used, 978.84 MB peak
[2017.06.26-07.27.51:246][  0]LogMemory: Physical Memory: 11618.80 MB used,  21084.94 MB free, 32703.74 MB total
[2017.06.26-07.27.51:246][  0]LogMemory: Virtual Memory: 1579.88 MB used,  21084.94 MB free, 134217728.00 MB total
[2017.06.26-07.27.51:246][  0]LogMemory: 
[2017.06.26-07.27.51:246][  0]Allocator Stats for TBB: (not implemented)
[2017.06.26-07.27.51:350][  0]LogBlueprint:Warning: Node '/Game/StarterContent/Blueprints/Blueprint_Effect_Sparks.Blueprint_Effect_Sparks:EdGraph_0.K2Node_FunctionEntry_37' missing NodeGuid because of upgrade from old package version, this can cause deterministic cooking issues please resave package.
[2017.06.26-07.27.51:351][  0]LogBlueprint:Warning: Node '/Game/StarterContent/Blueprints/Blueprint_Effect_Sparks.Blueprint_Effect_Sparks:EdGraph_1.K2Node_FunctionEntry_37' missing NodeGuid because of upgrade from old package version, this can cause deterministic cooking issues please resave package.
[2017.06.26-07.27.51:640][  0]LogBlueprint:Error: [Compiler ExplosiveKnockBack] Error  CustomEvent_0  : unable to determine expected signature - is the delegate pin connected?
[2017.06.26-07.27.51:640][  0]LogBlueprint:Error: [Compiler ExplosiveKnockBack] Error Failed to create property K2Node_CreateDelegate_OutputDelegate from  <None>  due to a bad or unknown type (Delegate)
[2017.06.26-07.27.51:641][  0]LogBlueprint:Error: [Compiler ExplosiveKnockBack] Error  CustomEvent_0  Signature Error: Unable to determine expected signature - is the delegate pin connected?
[2017.06.26-07.27.51:644][  0]LogBlueprint:Warning: [Compiler ExplosiveKnockBack] Warning [0011.98] Compile of ExplosiveKnockBack failed. 3 Fatal Issue(s) 0 Warning(s) [in 5 ms] (/Game/ExplosiveKnockBack.ExplosiveKnockBack)
[2017.06.26-07.27.51:645][  0]LogBlueprint:Warning: [Compiler ExplosiveKnockBack] Warning [0011.98] Compile of ExplosiveKnockBack failed. 3 Fatal Issue(s) 1 Warning(s) [in 0 ms] (/Game/ExplosiveKnockBack.ExplosiveKnockBack)
[2017.06.26-07.27.51:645][  0]LogBlueprint:Warning: [Compiler ExplosiveKnockBack] Warning [0011.98] Compile of ExplosiveKnockBack failed. 3 Fatal Issue(s) 2 Warning(s) [in 0 ms] (/Game/ExplosiveKnockBack.ExplosiveKnockBack)
[2017.06.26-07.27.51:931][  0]LogBlueprint:Warning: Node '/Game/StarterContent/Blueprints/Blueprint_Effect_Sparks.Blueprint_Effect_Sparks:EdGraph_2.K2Node_FunctionEntry_37' missing NodeGuid because of upgrade from old package version, this can cause deterministic cooking issues please resave package.
[2017.06.26-07.27.52:236][  0]LogBlueprint:Warning: Node '/Game/StarterContent/Audio/Fire_Sparks01_Cue.Fire_Sparks01_Cue:SoundCueGraph_7.SoundCueGraphNode_6' missing NodeGuid because of upgrade from old package version, this can cause deterministic cooking issues please resave package.
[2017.06.26-07.27.52:236][  0]LogBlueprint:Warning: Node '/Game/StarterContent/Audio/Fire_Sparks01_Cue.Fire_Sparks01_Cue:SoundCueGraph_7.SoundCueGraphNode_Root_7' missing NodeGuid because of upgrade from old package version, this can cause deterministic cooking issues please resave package.
[2017.06.26-07.27.52:263][  0]LogBlueprint:Warning: Node '/Game/StarterContent/Blueprints/Blueprint_Effect_Sparks.Blueprint_Effect_Sparks:UserConstructionScript.K2Node_FunctionEntry_37' missing NodeGuid because of upgrade from old package version, this can cause deterministic cooking issues please resave package.
[2017.06.26-07.27.52:412][  0]LogAIModule: Creating AISystem for world TwinStickExampleMap
[2017.06.26-07.27.52:412][  0]LogLoad: Game class is 'TwinStickGameMode_C'
[2017.06.26-07.27.52:422][  0]LogWorld: Bringing World /Temp/Autosaves/Game/TwinStickBP/Maps/UEDPCTwinStickExampleMap.TwinStickExampleMap up for play (max tick rate 0) at 2017.06.26-00.27.52
[2017.06.26-07.27.52:422][  0]LogWorld: Bringing up level for play took: 0.008116
[2017.06.26-07.27.52:423][  0]LogGameMode:Display: Match State Changed from EnteringMap to WaitingToStart
[2017.06.26-07.27.52:423][  0]LogGameState: Match State Changed from EnteringMap to WaitingToStart
[2017.06.26-07.27.52:423][  0]LogGameMode:Display: Match State Changed from WaitingToStart to InProgress
[2017.06.26-07.27.52:424][  0]LogPlayerManagement:Error: Failed to Create Player: Maximum number of players (4) already created.  Unable to create more.
[2017.06.26-07.27.52:424][  0]LogPlayerManagement:Error: Failed to Create Player: Maximum number of players (4) already created.  Unable to create more.
[2017.06.26-07.27.52:424][  0]LogScript:Warning: Accessed None trying to read property CallFunc_GetPlayerController_ReturnValue3
	TwinStickExampleMap_C /Temp/Autosaves/Game/TwinStickBP/Maps/UEDPCTwinStickExampleMap.TwinStickExampleMap:PersistentLevel.TwinStickExampleMap_C_0
	Function /Temp/Autosaves/Game/TwinStickBP/Maps/UEDPCTwinStickExampleMap.TwinStickExampleMap_C:ExecuteUbergraph_TwinStickExampleMap:02ED
[2017.06.26-07.27.52:424][  0]LogScript:Warning: Script call stack:
	Function /Temp/Autosaves/Game/TwinStickBP/Maps/UEDPCTwinStickExampleMap.TwinStickExampleMap_C:ReceiveBeginPlay
	Function /Temp/Autosaves/Game/TwinStickBP/Maps/UEDPCTwinStickExampleMap.TwinStickExampleMap_C:ExecuteUbergraph_TwinStickExampleMap

[2017.06.26-07.27.52:424][  0]LogScript:Warning: Accessed None trying to read property CallFunc_GetPlayerController_ReturnValue6
	TwinStickExampleMap_C /Temp/Autosaves/Game/TwinStickBP/Maps/UEDPCTwinStickExampleMap.TwinStickExampleMap:PersistentLevel.TwinStickExampleMap_C_0
	Function /Temp/Autosaves/Game/TwinStickBP/Maps/UEDPCTwinStickExampleMap.TwinStickExampleMap_C:ExecuteUbergraph_TwinStickExampleMap:034B
[2017.06.26-07.27.52:424][  0]LogScript:Warning: Script call stack:
	Function /Temp/Autosaves/Game/TwinStickBP/Maps/UEDPCTwinStickExampleMap.TwinStickExampleMap_C:ReceiveBeginPlay
	Function /Temp/Autosaves/Game/TwinStickBP/Maps/UEDPCTwinStickExampleMap.TwinStickExampleMap_C:ExecuteUbergraph_TwinStickExampleMap

[2017.06.26-07.27.52:425][  0]LogGameState: Match State Changed from WaitingToStart to InProgress
[2017.06.26-07.27.52:425][  0]LogLoad: Took 1.198208 seconds to LoadMap(/Temp/Autosaves/Game/TwinStickBP/Maps/UEDPCTwinStickExampleMap)
[2017.06.26-07.27.52:638][  0]LogRenderer: Reallocating scene render targets to support 1280x720 NumSamples 1 (Frame:1).
[2017.06.26-07.27.52:638][  0]LogLoad: (Engine Initialization) Total time: 12.97 seconds
[2017.06.26-07.27.52:638][  0]LogLoad: (Engine Initialization) Total Blueprint compile time: 0.52 seconds
[2017.06.26-07.27.52:638][  0]LogExternalProfiler: Found external profiler: VSPerf
[2017.06.26-07.27.52:638][  0]LogExternalProfiler: Using external profiler: VSPerf
[2017.06.26-07.27.52:655][  0]LogWindowsTextInputMethodSystem:Display: IME system now deactivated.
[2017.06.26-07.27.52:655][  0]LogOcInput: OculusInput pre-init called
[2017.06.26-07.27.52:655][  0]LogHMD: Starting GearVRController plugin
[2017.06.26-07.28.09:493][ 43]LogCharacterMovement: Runner_C_42 is stuck and failed to move! Velocity: X=-6.16 Y=65.80 Z=0.00 Location: X=-495.95 Y=157.17 Z=250.15 Normal: X=0.71 Y=-0.70 Z=0.00 PenetrationDepth:1.165 Actor:Runner_C_36 Component:CollisionCylinder BoneName:None (0 other events since notify)
[2017.06.26-07.28.19:349][654]LogCharacterMovement: Runner_C_46 is stuck and failed to move! Velocity: X=6.38 Y=-32.41 Z=0.00 Location: X=-586.02 Y=871.61 Z=250.15 Normal: X=-0.37 Y=-0.93 Z=-0.00 PenetrationDepth:1.379 Actor:Runner_C_98 Component:CollisionCylinder BoneName:None (0 other events since notify)
[2017.06.26-07.28.20:349][716]LogCharacterMovement: Runner_C_46 is stuck and failed to move! Velocity: X=407.67 Y=-2040.82 Z=0.00 Location: X=-586.14 Y=870.97 Z=250.15 Normal: X=0.79 Y=0.61 Z=0.00 PenetrationDepth:1.415 Actor:Runner_C_41 Component:CollisionCylinder BoneName:None (61 other events since notify)
[2017.06.26-07.28.21:349][778]LogCharacterMovement: Runner_C_46 is stuck and failed to move! Velocity: X=470.13 Y=-2353.50 Z=0.00 Location: X=-586.14 Y=870.97 Z=250.15 Normal: X=0.79 Y=0.61 Z=0.00 PenetrationDepth:1.415 Actor:Runner_C_41 Component:CollisionCylinder BoneName:None (61 other events since notify)
[2017.06.26-07.28.22:349][840]LogCharacterMovement: Runner_C_46 is stuck and failed to move! Velocity: X=470.13 Y=-2353.50 Z=0.00 Location: X=-586.14 Y=870.97 Z=250.15 Normal: X=0.79 Y=0.61 Z=0.00 PenetrationDepth:1.415 Actor:Runner_C_41 Component:CollisionCylinder BoneName:None (61 other events since notify)
[2017.06.26-07.28.23:349][902]LogCharacterMovement: Runner_C_46 is stuck and failed to move! Velocity: X=470.13 Y=-2353.50 Z=0.00 Location: X=-586.14 Y=870.97 Z=250.15 Normal: X=0.79 Y=0.61 Z=0.00 PenetrationDepth:1.415 Actor:Runner_C_41 Component:CollisionCylinder BoneName:None (61 other events since notify)
[2017.06.26-07.28.24:349][964]LogCharacterMovement: Runner_C_46 is stuck and failed to move! Velocity: X=470.13 Y=-2353.50 Z=0.00 Location: X=-586.14 Y=870.97 Z=250.15 Normal: X=0.79 Y=0.61 Z=0.00 PenetrationDepth:1.415 Actor:Runner_C_41 Component:CollisionCylinder BoneName:None (61 other events since notify)
[2017.06.26-07.28.25:365][ 27]LogCharacterMovement: Runner_C_46 is stuck and failed to move! Velocity: X=470.13 Y=-2353.50 Z=0.00 Location: X=-586.14 Y=870.97 Z=250.15 Normal: X=0.79 Y=0.61 Z=0.00 PenetrationDepth:1.415 Actor:Runner_C_41 Component:CollisionCylinder BoneName:None (62 other events since notify)
[2017.06.26-07.28.26:366][ 89]LogCharacterMovement: Runner_C_46 is stuck and failed to move! Velocity: X=470.13 Y=-2353.50 Z=0.00 Location: X=-586.14 Y=870.97 Z=250.15 Normal: X=0.79 Y=0.61 Z=0.00 PenetrationDepth:1.415 Actor:Runner_C_41 Component:CollisionCylinder BoneName:None (61 other events since notify)
[2017.06.26-07.28.27:382][152]LogCharacterMovement: Runner_C_46 is stuck and failed to move! Velocity: X=470.13 Y=-2353.50 Z=0.00 Location: X=-586.14 Y=870.97 Z=250.15 Normal: X=0.79 Y=0.61 Z=0.00 PenetrationDepth:1.415 Actor:Runner_C_41 Component:CollisionCylinder BoneName:None (62 other events since notify)
[2017.06.26-07.28.28:399][215]LogCharacterMovement: Runner_C_46 is stuck and failed to move! Velocity: X=470.13 Y=-2353.50 Z=0.00 Location: X=-586.14 Y=870.97 Z=250.15 Normal: X=0.79 Y=0.61 Z=0.00 PenetrationDepth:1.415 Actor:Runner_C_41 Component:CollisionCylinder BoneName:None (62 other events since notify)
[2017.06.26-07.28.29:398][277]LogCharacterMovement: Runner_C_46 is stuck and failed to move! Velocity: X=470.13 Y=-2353.50 Z=0.00 Location: X=-586.14 Y=870.97 Z=250.15 Normal: X=0.79 Y=0.61 Z=0.00 PenetrationDepth:1.415 Actor:Runner_C_41 Component:CollisionCylinder BoneName:None (61 other events since notify)
[2017.06.26-07.28.30:398][339]LogCharacterMovement: Runner_C_46 is stuck and failed to move! Velocity: X=470.13 Y=-2353.50 Z=0.00 Location: X=-586.14 Y=870.97 Z=250.15 Normal: X=0.79 Y=0.61 Z=0.00 PenetrationDepth:1.415 Actor:Runner_C_41 Component:CollisionCylinder BoneName:None (61 other events since notify)
[2017.06.26-07.28.31:399][401]LogCharacterMovement: Runner_C_46 is stuck and failed to move! Velocity: X=470.13 Y=-2353.50 Z=0.00 Location: X=-586.14 Y=870.97 Z=250.15 Normal: X=0.79 Y=0.61 Z=0.00 PenetrationDepth:1.415 Actor:Runner_C_41 Component:CollisionCylinder BoneName:None (61 other events since notify)
[2017.06.26-07.28.32:414][464]LogCharacterMovement: Runner_C_46 is stuck and failed to move! Velocity: X=470.13 Y=-2353.50 Z=0.00 Location: X=-586.14 Y=870.97 Z=250.15 Normal: X=0.79 Y=0.61 Z=0.00 PenetrationDepth:1.415 Actor:Runner_C_41 Component:CollisionCylinder BoneName:None (62 other events since notify)
[2017.06.26-07.28.33:414][526]LogCharacterMovement: Runner_C_46 is stuck and failed to move! Velocity: X=470.13 Y=-2353.50 Z=0.00 Location: X=-586.14 Y=870.97 Z=250.15 Normal: X=0.79 Y=0.61 Z=0.00 PenetrationDepth:1.415 Actor:Runner_C_41 Component:CollisionCylinder BoneName:None (61 other events since notify)
[2017.06.26-07.28.34:414][588]LogCharacterMovement: Runner_C_46 is stuck and failed to move! Velocity: X=470.13 Y=-2353.50 Z=0.00 Location: X=-586.14 Y=870.97 Z=250.15 Normal: X=0.79 Y=0.61 Z=0.00 PenetrationDepth:1.415 Actor:Runner_C_41 Component:CollisionCylinder BoneName:None (61 other events since notify)
[2017.06.26-07.28.35:415][650]LogCharacterMovement: Runner_C_46 is stuck and failed to move! Velocity: X=470.13 Y=-2353.50 Z=0.00 Location: X=-586.14 Y=870.97 Z=250.15 Normal: X=0.79 Y=0.61 Z=0.00 PenetrationDepth:1.415 Actor:Runner_C_41 Component:CollisionCylinder BoneName:None (61 other events since notify)
[2017.06.26-07.28.36:431][713]LogCharacterMovement: Runner_C_46 is stuck and failed to move! Velocity: X=470.13 Y=-2353.50 Z=0.00 Location: X=-586.14 Y=870.97 Z=250.15 Normal: X=0.79 Y=0.61 Z=0.00 PenetrationDepth:1.415 Actor:Runner_C_41 Component:CollisionCylinder BoneName:None (62 other events since notify)
[2017.06.26-07.28.37:447][776]LogCharacterMovement: Runner_C_46 is stuck and failed to move! Velocity: X=470.13 Y=-2353.50 Z=0.00 Location: X=-586.14 Y=870.97 Z=250.15 Normal: X=0.79 Y=0.61 Z=0.00 PenetrationDepth:1.415 Actor:Runner_C_41 Component:CollisionCylinder BoneName:None (62 other events since notify)
[2017.06.26-07.28.38:447][838]LogCharacterMovement: Runner_C_46 is stuck and failed to move! Velocity: X=470.13 Y=-2353.50 Z=0.00 Location: X=-586.14 Y=870.97 Z=250.15 Normal: X=0.79 Y=0.61 Z=0.00 PenetrationDepth:1.415 Actor:Runner_C_41 Component:CollisionCylinder BoneName:None (61 other events since notify)
[2017.06.26-07.28.39:463][901]LogCharacterMovement: Runner_C_46 is stuck and failed to move! Velocity: X=470.13 Y=-2353.50 Z=0.00 Location: X=-586.14 Y=870.97 Z=250.15 Normal: X=0.79 Y=0.61 Z=0.00 PenetrationDepth:1.415 Actor:Runner_C_41 Component:CollisionCylinder BoneName:None (62 other events since notify)
[2017.06.26-07.28.40:464][963]LogCharacterMovement: Runner_C_46 is stuck and failed to move! Velocity: X=470.13 Y=-2353.50 Z=0.00 Location: X=-586.14 Y=870.97 Z=250.15 Normal: X=0.79 Y=0.61 Z=0.00 PenetrationDepth:1.415 Actor:Runner_C_41 Component:CollisionCylinder BoneName:None (61 other events since notify)
[2017.06.26-07.28.41:464][ 25]LogCharacterMovement: Runner_C_46 is stuck and failed to move! Velocity: X=470.13 Y=-2353.50 Z=0.00 Location: X=-586.14 Y=870.97 Z=250.15 Normal: X=0.79 Y=0.61 Z=0.00 PenetrationDepth:1.415 Actor:Runner_C_41 Component:CollisionCylinder BoneName:None (61 other events since notify)
[2017.06.26-07.28.42:464][ 87]LogCharacterMovement: Runner_C_46 is stuck and failed to move! Velocity: X=470.13 Y=-2353.50 Z=0.00 Location: X=-586.14 Y=870.97 Z=250.15 Normal: X=0.79 Y=0.61 Z=0.00 PenetrationDepth:1.415 Actor:Runner_C_41 Component:CollisionCylinder BoneName:None (61 other events since notify)
[2017.06.26-07.28.43:464][149]LogCharacterMovement: Runner_C_46 is stuck and failed to move! Velocity: X=470.13 Y=-2353.50 Z=0.00 Location: X=-586.14 Y=870.97 Z=250.15 Normal: X=0.79 Y=0.61 Z=0.00 PenetrationDepth:1.415 Actor:Runner_C_41 Component:CollisionCylinder BoneName:None (61 other events since notify)
[2017.06.26-07.28.44:463][211]LogCharacterMovement: Runner_C_46 is stuck and failed to move! Velocity: X=470.13 Y=-2353.50 Z=0.00 Location: X=-586.14 Y=870.97 Z=250.15 Normal: X=0.79 Y=0.61 Z=0.00 PenetrationDepth:1.415 Actor:Runner_C_41 Component:CollisionCylinder BoneName:None (61 other events since notify)
[2017.06.26-07.28.45:463][273]LogCharacterMovement: Runner_C_46 is stuck and failed to move! Velocity: X=470.13 Y=-2353.50 Z=0.00 Location: X=-586.14 Y=870.97 Z=250.15 Normal: X=0.79 Y=0.61 Z=0.00 PenetrationDepth:1.415 Actor:Runner_C_41 Component:CollisionCylinder BoneName:None (61 other events since notify)
[2017.06.26-07.28.46:464][335]LogCharacterMovement: Runner_C_46 is stuck and failed to move! Velocity: X=470.13 Y=-2353.50 Z=0.00 Location: X=-586.14 Y=870.97 Z=250.15 Normal: X=0.79 Y=0.61 Z=0.00 PenetrationDepth:1.415 Actor:Runner_C_41 Component:CollisionCylinder BoneName:None (61 other events since notify)
[2017.06.26-07.28.47:468][397]LogCharacterMovement: Runner_C_46 is stuck and failed to move! Velocity: X=470.13 Y=-2353.50 Z=0.00 Location: X=-586.14 Y=870.97 Z=250.15 Normal: X=0.79 Y=0.61 Z=0.00 PenetrationDepth:1.415 Actor:Runner_C_41 Component:CollisionCylinder BoneName:None (61 other events since notify)
[2017.06.26-07.28.48:468][459]LogCharacterMovement: Runner_C_46 is stuck and failed to move! Velocity: X=470.13 Y=-2353.50 Z=0.00 Location: X=-586.14 Y=870.97 Z=250.15 Normal: X=0.79 Y=0.61 Z=0.00 PenetrationDepth:1.415 Actor:Runner_C_41 Component:CollisionCylinder BoneName:None (61 other events since notify)
[2017.06.26-07.28.49:484][521]LogCharacterMovement: Runner_C_46 is stuck and failed to move! Velocity: X=470.13 Y=-2353.50 Z=0.00 Location: X=-586.14 Y=870.97 Z=250.15 Normal: X=0.79 Y=0.61 Z=0.00 PenetrationDepth:1.415 Actor:Runner_C_41 Component:CollisionCylinder BoneName:None (61 other events since notify)
[2017.06.26-07.28.50:482][583]LogCharacterMovement: Runner_C_46 is stuck and failed to move! Velocity: X=470.13 Y=-2353.50 Z=0.00 Location: X=-586.14 Y=870.97 Z=250.15 Normal: X=0.79 Y=0.61 Z=0.00 PenetrationDepth:1.415 Actor:Runner_C_41 Component:CollisionCylinder BoneName:None (61 other events since notify)
[2017.06.26-07.28.51:483][645]LogCharacterMovement: Runner_C_46 is stuck and failed to move! Velocity: X=470.13 Y=-2353.50 Z=0.00 Location: X=-586.14 Y=870.97 Z=250.15 Normal: X=0.79 Y=0.61 Z=0.00 PenetrationDepth:1.415 Actor:Runner_C_41 Component:CollisionCylinder BoneName:None (61 other events since notify)
[2017.06.26-07.28.52:483][707]LogCharacterMovement: Runner_C_46 is stuck and failed to move! Velocity: X=470.13 Y=-2353.50 Z=0.00 Location: X=-586.14 Y=870.97 Z=250.15 Normal: X=0.79 Y=0.61 Z=0.00 PenetrationDepth:1.415 Actor:Runner_C_41 Component:CollisionCylinder BoneName:None (61 other events since notify)
[2017.06.26-07.28.53:494][769]LogCharacterMovement: Runner_C_46 is stuck and failed to move! Velocity: X=470.13 Y=-2353.50 Z=0.00 Location: X=-586.14 Y=870.97 Z=250.15 Normal: X=0.79 Y=0.61 Z=0.00 PenetrationDepth:1.415 Actor:Runner_C_41 Component:CollisionCylinder BoneName:None (61 other events since notify)
[2017.06.26-07.28.54:494][831]LogCharacterMovement: Runner_C_46 is stuck and failed to move! Velocity: X=470.13 Y=-2353.50 Z=0.00 Location: X=-586.14 Y=870.97 Z=250.15 Normal: X=0.79 Y=0.61 Z=0.00 PenetrationDepth:1.415 Actor:Runner_C_41 Component:CollisionCylinder BoneName:None (61 other events since notify)
[2017.06.26-07.28.55:494][893]LogCharacterMovement: Runner_C_46 is stuck and failed to move! Velocity: X=470.13 Y=-2353.50 Z=0.00 Location: X=-586.14 Y=870.97 Z=250.15 Normal: X=0.79 Y=0.61 Z=0.00 PenetrationDepth:1.415 Actor:Runner_C_41 Component:CollisionCylinder BoneName:None (61 other events since notify)
[2017.06.26-07.28.56:494][955]LogCharacterMovement: Runner_C_46 is stuck and failed to move! Velocity: X=470.13 Y=-2353.50 Z=0.00 Location: X=-586.14 Y=870.97 Z=250.15 Normal: X=0.79 Y=0.61 Z=0.00 PenetrationDepth:1.415 Actor:Runner_C_41 Component:CollisionCylinder BoneName:None (61 other events since notify)
[2017.06.26-07.28.57:510][ 18]LogCharacterMovement: Runner_C_46 is stuck and failed to move! Velocity: X=470.13 Y=-2353.50 Z=0.00 Location: X=-586.14 Y=870.97 Z=250.15 Normal: X=0.79 Y=0.61 Z=0.00 PenetrationDepth:1.415 Actor:Runner_C_41 Component:CollisionCylinder BoneName:None (62 other events since notify)
[2017.06.26-07.28.58:510][ 80]LogCharacterMovement: Runner_C_46 is stuck and failed to move! Velocity: X=470.13 Y=-2353.50 Z=0.00 Location: X=-586.14 Y=870.97 Z=250.15 Normal: X=0.79 Y=0.61 Z=0.00 PenetrationDepth:1.415 Actor:Runner_C_41 Component:CollisionCylinder BoneName:None (61 other events since notify)
[2017.06.26-07.28.59:510][142]LogCharacterMovement: Runner_C_46 is stuck and failed to move! Velocity: X=470.13 Y=-2353.50 Z=0.00 Location: X=-586.14 Y=870.97 Z=250.15 Normal: X=0.79 Y=0.61 Z=0.00 PenetrationDepth:1.415 Actor:Runner_C_41 Component:CollisionCylinder BoneName:None (61 other events since notify)
[2017.06.26-07.29.00:512][204]LogCharacterMovement: Runner_C_46 is stuck and failed to move! Velocity: X=470.13 Y=-2353.50 Z=0.00 Location: X=-586.14 Y=870.97 Z=250.15 Normal: X=0.79 Y=0.61 Z=0.00 PenetrationDepth:1.415 Actor:Runner_C_41 Component:CollisionCylinder BoneName:None (61 other events since notify)
[2017.06.26-07.29.01:511][266]LogCharacterMovement: Runner_C_46 is stuck and failed to move! Velocity: X=470.13 Y=-2353.50 Z=0.00 Location: X=-586.14 Y=870.97 Z=250.15 Normal: X=0.79 Y=0.61 Z=0.00 PenetrationDepth:1.415 Actor:Runner_C_41 Component:CollisionCylinder BoneName:None (61 other events since notify)
[2017.06.26-07.29.02:512][328]LogCharacterMovement: Runner_C_46 is stuck and failed to move! Velocity: X=470.13 Y=-2353.50 Z=0.00 Location: X=-586.14 Y=870.97 Z=250.15 Normal: X=0.79 Y=0.61 Z=0.00 PenetrationDepth:1.415 Actor:Runner_C_41 Component:CollisionCylinder BoneName:None (61 other events since notify)
[2017.06.26-07.29.03:511][390]LogCharacterMovement: Runner_C_46 is stuck and failed to move! Velocity: X=470.13 Y=-2353.50 Z=0.00 Location: X=-586.14 Y=870.97 Z=250.15 Normal: X=0.79 Y=0.61 Z=0.00 PenetrationDepth:1.415 Actor:Runner_C_41 Component:CollisionCylinder BoneName:None (61 other events since notify)
[2017.06.26-07.29.04:511][452]LogCharacterMovement: Runner_C_46 is stuck and failed to move! Velocity: X=470.13 Y=-2353.50 Z=0.00 Location: X=-586.14 Y=870.97 Z=250.15 Normal: X=0.79 Y=0.61 Z=0.00 PenetrationDepth:1.415 Actor:Runner_C_41 Component:CollisionCylinder BoneName:None (61 other events since notify)
[2017.06.26-07.29.05:515][514]LogCharacterMovement: Runner_C_46 is stuck and failed to move! Velocity: X=470.13 Y=-2353.50 Z=0.00 Location: X=-586.14 Y=870.97 Z=250.15 Normal: X=0.79 Y=0.61 Z=0.00 PenetrationDepth:1.415 Actor:Runner_C_41 Component:CollisionCylinder BoneName:None (61 other events since notify)
[2017.06.26-07.29.06:515][576]LogCharacterMovement: Runner_C_46 is stuck and failed to move! Velocity: X=470.13 Y=-2353.50 Z=0.00 Location: X=-586.14 Y=870.97 Z=250.15 Normal: X=0.79 Y=0.61 Z=0.00 PenetrationDepth:1.415 Actor:Runner_C_41 Component:CollisionCylinder BoneName:None (61 other events since notify)
[2017.06.26-07.29.07:516][638]LogCharacterMovement: Runner_C_46 is stuck and failed to move! Velocity: X=470.13 Y=-2353.50 Z=0.00 Location: X=-586.14 Y=870.97 Z=250.15 Normal: X=0.79 Y=0.61 Z=0.00 PenetrationDepth:1.415 Actor:Runner_C_41 Component:CollisionCylinder BoneName:None (61 other events since notify)
[2017.06.26-07.29.08:516][700]LogCharacterMovement: Runner_C_46 is stuck and failed to move! Velocity: X=470.13 Y=-2353.50 Z=0.00 Location: X=-586.14 Y=870.97 Z=250.15 Normal: X=0.79 Y=0.61 Z=0.00 PenetrationDepth:1.415 Actor:Runner_C_41 Component:CollisionCylinder BoneName:None (61 other events since notify)
[2017.06.26-07.29.09:516][762]LogCharacterMovement: Runner_C_46 is stuck and failed to move! Velocity: X=470.13 Y=-2353.50 Z=0.00 Location: X=-586.14 Y=870.97 Z=250.15 Normal: X=0.79 Y=0.61 Z=0.00 PenetrationDepth:1.415 Actor:Runner_C_41 Component:CollisionCylinder BoneName:None (61 other events since notify)
[2017.06.26-07.29.10:518][824]LogCharacterMovement: Runner_C_46 is stuck and failed to move! Velocity: X=470.13 Y=-2353.50 Z=0.00 Location: X=-586.14 Y=870.97 Z=250.15 Normal: X=0.79 Y=0.61 Z=0.00 PenetrationDepth:1.415 Actor:Runner_C_41 Component:CollisionCylinder BoneName:None (61 other events since notify)
[2017.06.26-07.29.11:518][886]LogCharacterMovement: Runner_C_46 is stuck and failed to move! Velocity: X=470.13 Y=-2353.50 Z=0.00 Location: X=-586.14 Y=870.97 Z=250.15 Normal: X=0.79 Y=0.61 Z=0.00 PenetrationDepth:1.415 Actor:Runner_C_41 Component:CollisionCylinder BoneName:None (61 other events since notify)
[2017.06.26-07.29.12:518][948]LogCharacterMovement: Runner_C_46 is stuck and failed to move! Velocity: X=470.13 Y=-2353.50 Z=0.00 Location: X=-586.14 Y=870.97 Z=250.15 Normal: X=0.79 Y=0.61 Z=0.00 PenetrationDepth:1.415 Actor:Runner_C_41 Component:CollisionCylinder BoneName:None (61 other events since notify)
[2017.06.26-07.29.13:518][ 10]LogCharacterMovement: Runner_C_46 is stuck and failed to move! Velocity: X=470.13 Y=-2353.50 Z=0.00 Location: X=-586.14 Y=870.97 Z=250.15 Normal: X=0.79 Y=0.61 Z=0.00 PenetrationDepth:1.415 Actor:Runner_C_41 Component:CollisionCylinder BoneName:None (61 other events since notify)
[2017.06.26-07.29.14:518][ 72]LogCharacterMovement: Runner_C_46 is stuck and failed to move! Velocity: X=470.13 Y=-2353.50 Z=0.00 Location: X=-586.14 Y=870.97 Z=250.15 Normal: X=0.79 Y=0.61 Z=0.00 PenetrationDepth:1.415 Actor:Runner_C_41 Component:CollisionCylinder BoneName:None (61 other events since notify)
[2017.06.26-07.29.15:518][134]LogCharacterMovement: Runner_C_46 is stuck and failed to move! Velocity: X=470.13 Y=-2353.50 Z=0.00 Location: X=-586.14 Y=870.97 Z=250.15 Normal: X=0.79 Y=0.61 Z=0.00 PenetrationDepth:1.415 Actor:Runner_C_41 Component:CollisionCylinder BoneName:None (61 other events since notify)
[2017.06.26-07.29.16:518][196]LogCharacterMovement: Runner_C_46 is stuck and failed to move! Velocity: X=470.13 Y=-2353.50 Z=0.00 Location: X=-586.14 Y=870.97 Z=250.15 Normal: X=0.79 Y=0.61 Z=0.00 PenetrationDepth:1.415 Actor:Runner_C_41 Component:CollisionCylinder BoneName:None (61 other events since notify)
[2017.06.26-07.29.17:518][258]LogCharacterMovement: Runner_C_46 is stuck and failed to move! Velocity: X=470.13 Y=-2353.50 Z=0.00 Location: X=-586.14 Y=870.97 Z=250.15 Normal: X=0.79 Y=0.61 Z=0.00 PenetrationDepth:1.415 Actor:Runner_C_41 Component:CollisionCylinder BoneName:None (61 other events since notify)
[2017.06.26-07.29.18:534][321]LogCharacterMovement: Runner_C_46 is stuck and failed to move! Velocity: X=470.13 Y=-2353.50 Z=0.00 Location: X=-586.14 Y=870.97 Z=250.15 Normal: X=0.79 Y=0.61 Z=0.00 PenetrationDepth:1.415 Actor:Runner_C_41 Component:CollisionCylinder BoneName:None (62 other events since notify)
[2017.06.26-07.29.19:534][383]LogCharacterMovement: Runner_C_46 is stuck and failed to move! Velocity: X=470.13 Y=-2353.50 Z=0.00 Location: X=-586.14 Y=870.97 Z=250.15 Normal: X=0.79 Y=0.61 Z=0.00 PenetrationDepth:1.415 Actor:Runner_C_41 Component:CollisionCylinder BoneName:None (61 other events since notify)
[2017.06.26-07.29.20:534][445]LogCharacterMovement: Runner_C_46 is stuck and failed to move! Velocity: X=470.13 Y=-2353.50 Z=0.00 Location: X=-586.14 Y=870.97 Z=250.15 Normal: X=0.79 Y=0.61 Z=0.00 PenetrationDepth:1.415 Actor:Runner_C_41 Component:CollisionCylinder BoneName:None (61 other events since notify)
[2017.06.26-07.29.21:534][507]LogCharacterMovement: Runner_C_46 is stuck and failed to move! Velocity: X=470.13 Y=-2353.50 Z=0.00 Location: X=-586.14 Y=870.97 Z=250.15 Normal: X=0.79 Y=0.61 Z=0.00 PenetrationDepth:1.415 Actor:Runner_C_41 Component:CollisionCylinder BoneName:None (61 other events since notify)
[2017.06.26-07.29.22:544][569]LogCharacterMovement: Runner_C_46 is stuck and failed to move! Velocity: X=470.13 Y=-2353.50 Z=0.00 Location: X=-586.14 Y=870.97 Z=250.15 Normal: X=0.79 Y=0.61 Z=0.00 PenetrationDepth:1.415 Actor:Runner_C_41 Component:CollisionCylinder BoneName:None (61 other events since notify)
[2017.06.26-07.29.23:546][631]LogCharacterMovement: Runner_C_46 is stuck and failed to move! Velocity: X=470.13 Y=-2353.50 Z=0.00 Location: X=-586.14 Y=870.97 Z=250.15 Normal: X=0.79 Y=0.61 Z=0.00 PenetrationDepth:1.415 Actor:Runner_C_41 Component:CollisionCylinder BoneName:None (61 other events since notify)
[2017.06.26-07.29.24:547][693]LogCharacterMovement: Runner_C_46 is stuck and failed to move! Velocity: X=470.13 Y=-2353.50 Z=0.00 Location: X=-586.14 Y=870.97 Z=250.15 Normal: X=0.79 Y=0.61 Z=0.00 PenetrationDepth:1.415 Actor:Runner_C_41 Component:CollisionCylinder BoneName:None (61 other events since notify)
[2017.06.26-07.29.25:546][755]LogCharacterMovement: Runner_C_46 is stuck and failed to move! Velocity: X=470.13 Y=-2353.50 Z=0.00 Location: X=-586.14 Y=870.97 Z=250.15 Normal: X=0.79 Y=0.61 Z=0.00 PenetrationDepth:1.415 Actor:Runner_C_41 Component:CollisionCylinder BoneName:None (61 other events since notify)
[2017.06.26-07.29.26:547][817]LogCharacterMovement: Runner_C_46 is stuck and failed to move! Velocity: X=470.13 Y=-2353.50 Z=0.00 Location: X=-586.14 Y=870.97 Z=250.15 Normal: X=0.79 Y=0.61 Z=0.00 PenetrationDepth:1.415 Actor:Runner_C_41 Component:CollisionCylinder BoneName:None (61 other events since notify)
[2017.06.26-07.29.27:547][879]LogCharacterMovement: Runner_C_46 is stuck and failed to move! Velocity: X=470.13 Y=-2353.50 Z=0.00 Location: X=-586.14 Y=870.97 Z=250.15 Normal: X=0.79 Y=0.61 Z=0.00 PenetrationDepth:1.415 Actor:Runner_C_41 Component:CollisionCylinder BoneName:None (61 other events since notify)
[2017.06.26-07.29.28:547][941]LogCharacterMovement: Runner_C_46 is stuck and failed to move! Velocity: X=470.13 Y=-2353.50 Z=0.00 Location: X=-586.14 Y=870.97 Z=250.15 Normal: X=0.79 Y=0.61 Z=0.00 PenetrationDepth:1.415 Actor:Runner_C_41 Component:CollisionCylinder BoneName:None (61 other events since notify)
[2017.06.26-07.29.29:548][  3]LogCharacterMovement: Runner_C_46 is stuck and failed to move! Velocity: X=470.13 Y=-2353.50 Z=0.00 Location: X=-586.14 Y=870.97 Z=250.15 Normal: X=0.79 Y=0.61 Z=0.00 PenetrationDepth:1.415 Actor:Runner_C_41 Component:CollisionCylinder BoneName:None (61 other events since notify)
[2017.06.26-07.29.30:550][ 65]LogCharacterMovement: Runner_C_46 is stuck and failed to move! Velocity: X=470.13 Y=-2353.50 Z=0.00 Location: X=-586.14 Y=870.97 Z=250.15 Normal: X=0.79 Y=0.61 Z=0.00 PenetrationDepth:1.415 Actor:Runner_C_41 Component:CollisionCylinder BoneName:None (61 other events since notify)
[2017.06.26-07.29.31:550][127]LogCharacterMovement: Runner_C_46 is stuck and failed to move! Velocity: X=470.13 Y=-2353.50 Z=0.00 Location: X=-586.14 Y=870.97 Z=250.15 Normal: X=0.79 Y=0.61 Z=0.00 PenetrationDepth:1.415 Actor:Runner_C_41 Component:CollisionCylinder BoneName:None (61 other events since notify)
[2017.06.26-07.29.32:550][189]LogCharacterMovement: Runner_C_46 is stuck and failed to move! Velocity: X=470.13 Y=-2353.50 Z=0.00 Location: X=-586.14 Y=870.97 Z=250.15 Normal: X=0.79 Y=0.61 Z=0.00 PenetrationDepth:1.415 Actor:Runner_C_41 Component:CollisionCylinder BoneName:None (61 other events since notify)
[2017.06.26-07.29.33:551][251]LogCharacterMovement: Runner_C_46 is stuck and failed to move! Velocity: X=470.13 Y=-2353.50 Z=0.00 Location: X=-586.14 Y=870.97 Z=250.15 Normal: X=0.79 Y=0.61 Z=0.00 PenetrationDepth:1.415 Actor:Runner_C_41 Component:CollisionCylinder BoneName:None (61 other events since notify)
[2017.06.26-07.29.34:552][313]LogCharacterMovement: Runner_C_46 is stuck and failed to move! Velocity: X=470.13 Y=-2353.50 Z=0.00 Location: X=-586.14 Y=870.97 Z=250.15 Normal: X=0.79 Y=0.61 Z=0.00 PenetrationDepth:1.415 Actor:Runner_C_41 Component:CollisionCylinder BoneName:None (61 other events since notify)
[2017.06.26-07.29.35:550][375]LogCharacterMovement: Runner_C_46 is stuck and failed to move! Velocity: X=470.13 Y=-2353.50 Z=0.00 Location: X=-586.14 Y=870.97 Z=250.15 Normal: X=0.79 Y=0.61 Z=0.00 PenetrationDepth:1.415 Actor:Runner_C_41 Component:CollisionCylinder BoneName:None (61 other events since notify)
[2017.06.26-07.29.36:551][437]LogCharacterMovement: Runner_C_46 is stuck and failed to move! Velocity: X=470.13 Y=-2353.50 Z=0.00 Location: X=-586.14 Y=870.97 Z=250.15 Normal: X=0.79 Y=0.61 Z=0.00 PenetrationDepth:1.415 Actor:Runner_C_41 Component:CollisionCylinder BoneName:None (61 other events since notify)
[2017.06.26-07.29.37:554][499]LogCharacterMovement: Runner_C_46 is stuck and failed to move! Velocity: X=470.13 Y=-2353.50 Z=0.00 Location: X=-586.14 Y=870.97 Z=250.15 Normal: X=0.79 Y=0.61 Z=0.00 PenetrationDepth:1.415 Actor:Runner_C_41 Component:CollisionCylinder BoneName:None (61 other events since notify)
[2017.06.26-07.29.38:551][561]LogCharacterMovement: Runner_C_46 is stuck and failed to move! Velocity: X=470.13 Y=-2353.50 Z=0.00 Location: X=-586.14 Y=870.97 Z=250.15 Normal: X=0.79 Y=0.61 Z=0.00 PenetrationDepth:1.415 Actor:Runner_C_41 Component:CollisionCylinder BoneName:None (61 other events since notify)
[2017.06.26-07.29.39:567][624]LogCharacterMovement: Runner_C_46 is stuck and failed to move! Velocity: X=470.13 Y=-2353.50 Z=0.00 Location: X=-586.14 Y=870.97 Z=250.15 Normal: X=0.79 Y=0.61 Z=0.00 PenetrationDepth:1.415 Actor:Runner_C_41 Component:CollisionCylinder BoneName:None (62 other events since notify)
[2017.06.26-07.29.40:569][685]LogCharacterMovement: Runner_C_46 is stuck and failed to move! Velocity: X=470.13 Y=-2353.50 Z=0.00 Location: X=-586.14 Y=870.97 Z=250.15 Normal: X=0.79 Y=0.61 Z=0.00 PenetrationDepth:1.415 Actor:Runner_C_41 Component:CollisionCylinder BoneName:None (60 other events since notify)
[2017.06.26-07.29.41:581][747]LogCharacterMovement: Runner_C_46 is stuck and failed to move! Velocity: X=470.13 Y=-2353.50 Z=0.00 Location: X=-586.14 Y=870.97 Z=250.15 Normal: X=0.79 Y=0.61 Z=0.00 PenetrationDepth:1.415 Actor:Runner_C_41 Component:CollisionCylinder BoneName:None (61 other events since notify)
[2017.06.26-07.29.42:580][809]LogCharacterMovement: Runner_C_46 is stuck and failed to move! Velocity: X=470.13 Y=-2353.50 Z=0.00 Location: X=-586.14 Y=870.97 Z=250.15 Normal: X=0.79 Y=0.61 Z=0.00 PenetrationDepth:1.415 Actor:Runner_C_41 Component:CollisionCylinder BoneName:None (61 other events since notify)
[2017.06.26-07.29.43:580][871]LogCharacterMovement: Runner_C_46 is stuck and failed to move! Velocity: X=470.13 Y=-2353.50 Z=0.00 Location: X=-586.14 Y=870.97 Z=250.15 Normal: X=0.79 Y=0.61 Z=0.00 PenetrationDepth:1.415 Actor:Runner_C_41 Component:CollisionCylinder BoneName:None (61 other events since notify)
[2017.06.26-07.29.44:580][933]LogCharacterMovement: Runner_C_46 is stuck and failed to move! Velocity: X=470.13 Y=-2353.50 Z=0.00 Location: X=-586.14 Y=870.97 Z=250.15 Normal: X=0.79 Y=0.61 Z=0.00 PenetrationDepth:1.415 Actor:Runner_C_41 Component:CollisionCylinder BoneName:None (61 other events since notify)
[2017.06.26-07.29.45:580][995]LogCharacterMovement: Runner_C_46 is stuck and failed to move! Velocity: X=470.13 Y=-2353.50 Z=0.00 Location: X=-586.14 Y=870.97 Z=250.15 Normal: X=0.79 Y=0.61 Z=0.00 PenetrationDepth:1.415 Actor:Runner_C_41 Component:CollisionCylinder BoneName:None (61 other events since notify)
[2017.06.26-07.29.46:580][ 57]LogCharacterMovement: Runner_C_46 is stuck and failed to move! Velocity: X=470.13 Y=-2353.50 Z=0.00 Location: X=-586.14 Y=870.97 Z=250.15 Normal: X=0.79 Y=0.61 Z=0.00 PenetrationDepth:1.415 Actor:Runner_C_41 Component:CollisionCylinder BoneName:None (61 other events since notify)
[2017.06.26-07.29.47:581][119]LogCharacterMovement: Runner_C_46 is stuck and failed to move! Velocity: X=470.13 Y=-2353.50 Z=0.00 Location: X=-586.14 Y=870.97 Z=250.15 Normal: X=0.79 Y=0.61 Z=0.00 PenetrationDepth:1.415 Actor:Runner_C_41 Component:CollisionCylinder BoneName:None (61 other events since notify)
[2017.06.26-07.29.48:580][181]LogCharacterMovement: Runner_C_46 is stuck and failed to move! Velocity: X=470.13 Y=-2353.50 Z=0.00 Location: X=-586.14 Y=870.97 Z=250.15 Normal: X=0.79 Y=0.61 Z=0.00 PenetrationDepth:1.415 Actor:Runner_C_41 Component:CollisionCylinder BoneName:None (61 other events since notify)
[2017.06.26-07.29.49:580][243]LogCharacterMovement: Runner_C_46 is stuck and failed to move! Velocity: X=470.13 Y=-2353.50 Z=0.00 Location: X=-586.14 Y=870.97 Z=250.15 Normal: X=0.79 Y=0.61 Z=0.00 PenetrationDepth:1.415 Actor:Runner_C_41 Component:CollisionCylinder BoneName:None (61 other events since notify)
[2017.06.26-07.29.50:581][305]LogCharacterMovement: Runner_C_46 is stuck and failed to move! Velocity: X=470.13 Y=-2353.50 Z=0.00 Location: X=-586.14 Y=870.97 Z=250.15 Normal: X=0.79 Y=0.61 Z=0.00 PenetrationDepth:1.415 Actor:Runner_C_41 Component:CollisionCylinder BoneName:None (61 other events since notify)
[2017.06.26-07.29.51:581][367]LogCharacterMovement: Runner_C_46 is stuck and failed to move! Velocity: X=470.13 Y=-2353.50 Z=0.00 Location: X=-586.14 Y=870.97 Z=250.15 Normal: X=0.79 Y=0.61 Z=0.00 PenetrationDepth:1.415 Actor:Runner_C_41 Component:CollisionCylinder BoneName:None (61 other events since notify)
[2017.06.26-07.29.52:581][429]LogCharacterMovement: Runner_C_46 is stuck and failed to move! Velocity: X=470.13 Y=-2353.50 Z=0.00 Location: X=-586.14 Y=870.97 Z=250.15 Normal: X=0.79 Y=0.61 Z=0.00 PenetrationDepth:1.415 Actor:Runner_C_41 Component:CollisionCylinder BoneName:None (61 other events since notify)
[2017.06.26-07.29.53:595][491]LogCharacterMovement: Runner_C_46 is stuck and failed to move! Velocity: X=470.13 Y=-2353.50 Z=0.00 Location: X=-586.14 Y=870.97 Z=250.15 Normal: X=0.79 Y=0.61 Z=0.00 PenetrationDepth:1.415 Actor:Runner_C_41 Component:CollisionCylinder BoneName:None (61 other events since notify)
[2017.06.26-07.29.54:594][553]LogCharacterMovement: Runner_C_46 is stuck and failed to move! Velocity: X=470.13 Y=-2353.50 Z=0.00 Location: X=-586.14 Y=870.97 Z=250.15 Normal: X=0.79 Y=0.61 Z=0.00 PenetrationDepth:1.415 Actor:Runner_C_41 Component:CollisionCylinder BoneName:None (61 other events since notify)
[2017.06.26-07.29.55:594][615]LogCharacterMovement: Runner_C_46 is stuck and failed to move! Velocity: X=470.13 Y=-2353.50 Z=0.00 Location: X=-586.14 Y=870.97 Z=250.15 Normal: X=0.79 Y=0.61 Z=0.00 PenetrationDepth:1.415 Actor:Runner_C_41 Component:CollisionCylinder BoneName:None (61 other events since notify)
[2017.06.26-07.29.56:594][677]LogCharacterMovement: Runner_C_46 is stuck and failed to move! Velocity: X=470.13 Y=-2353.50 Z=0.00 Location: X=-586.14 Y=870.97 Z=250.15 Normal: X=0.79 Y=0.61 Z=0.00 PenetrationDepth:1.415 Actor:Runner_C_41 Component:CollisionCylinder BoneName:None (61 other events since notify)
[2017.06.26-07.29.56:696][682]LogWindowsTextInputMethodSystem:Display: IME system now deactivated.
[2017.06.26-07.29.56:700][682]LogEngine: All Windows Closed
[2017.06.26-07.29.56:700][682]LogWindows: FPlatformMisc::RequestExit(0)
[2017.06.26-07.29.57:260][683]LogExit: Preparing to exit.
[2017.06.26-07.29.57:260][683]LogMoviePlayer: Shutting down movie player
[2017.06.26-07.29.57:984][683]LogExit: Game engine shut down
[2017.06.26-07.29.58:034][683]LogObj: Freed 0b from 0 cluster array pools.
[2017.06.26-07.29.58:034][683]LogExit: Object subsystem successfully closed.
[2017.06.26-07.29.58:051][683]LogD3D11RHI: Shutdown
[2017.06.26-07.29.58:051][683]LogD3D11RHI: CleanupD3DDevice
[2017.06.26-07.29.58:099][683]LogD3D11RHI: ~FD3D11DynamicRHI
[2017.06.26-07.29.58:111][683]LogModuleManager: Shutting down and abandoning module SequenceRecorderSections (296)
[2017.06.26-07.29.58:111][683]LogModuleManager: Shutting down and abandoning module SequenceRecorder (294)
[2017.06.26-07.29.58:111][683]LogModuleManager: Shutting down and abandoning module AutomationController (292)
[2017.06.26-07.29.58:111][683]LogModuleManager: Shutting down and abandoning module AutomationWorker (290)
[2017.06.26-07.29.58:111][683]LogModuleManager: Shutting down and abandoning module AIModule (288)
[2017.06.26-07.29.58:111][683]LogModuleManager: Shutting down and abandoning module GameplayDebugger (287)
[2017.06.26-07.29.58:112][683]LogModuleManager: Shutting down and abandoning module AITestSuite (285)
[2017.06.26-07.29.58:112][683]LogModuleManager: Shutting down and abandoning module WmfMediaFactory (282)
[2017.06.26-07.29.58:112][683]LogModuleManager: Shutting down and abandoning module AvfMediaFactory (280)
[2017.06.26-07.29.58:112][683]LogModuleManager: Shutting down and abandoning module AndroidMediaFactory (278)
[2017.06.26-07.29.58:112][683]LogModuleManager: Shutting down and abandoning module Media (277)
[2017.06.26-07.29.58:112][683]LogModuleManager: Shutting down and abandoning module CharacterAI (274)
[2017.06.26-07.29.58:112][683]LogModuleManager: Shutting down and abandoning module SessionServices (272)
[2017.06.26-07.29.58:112][683]LogModuleManager: Shutting down and abandoning module MovieSceneCapture (270)
[2017.06.26-07.29.58:112][683]LogModuleManager: Shutting down and abandoning module MovieSceneTracks (268)
[2017.06.26-07.29.58:112][683]LogModuleManager: Shutting down and abandoning module MovieScene (266)
[2017.06.26-07.29.58:112][683]LogModuleManager: Shutting down and abandoning module GeometryCache (264)
[2017.06.26-07.29.58:112][683]LogModuleManager: Shutting down and abandoning module GeometryCacheEd (263)
[2017.06.26-07.29.58:112][683]LogModuleManager: Shutting down and abandoning module Niagara (260)
[2017.06.26-07.29.58:112][683]LogModuleManager: Shutting down and abandoning module NiagaraEditor (259)
[2017.06.26-07.29.58:112][683]LogModuleManager: Shutting down and abandoning module StreamingPauseRendering (256)
[2017.06.26-07.29.58:112][683]LogModuleManager: Shutting down and abandoning module PortalServices (254)
[2017.06.26-07.29.58:112][683]LogModuleManager: Shutting down and abandoning module PortalRpc (252)
[2017.06.26-07.29.58:112][683]LogModuleManager: Shutting down and abandoning module MessagingRpc (250)
[2017.06.26-07.29.58:112][683]LogModuleManager: Shutting down and abandoning module ProfilerService (248)
[2017.06.26-07.29.58:295][683]LogModuleManager: Shutting down and abandoning module TaskGraph (246)
[2017.06.26-07.29.58:295][683]LogModuleManager: Shutting down and abandoning module SteamVRController (244)
[2017.06.26-07.29.58:295][683]LogModuleManager: Shutting down and abandoning module SteamVR (242)
[2017.06.26-07.29.58:295][683]LogModuleManager: Shutting down and abandoning module ProceduralMeshComponent (240)
[2017.06.26-07.29.58:295][683]LogModuleManager: Shutting down and abandoning module OculusLibrary (238)
[2017.06.26-07.29.58:295][683]LogModuleManager: Shutting down and abandoning module OculusInput (236)
[2017.06.26-07.29.58:295][683]LogModuleManager: Shutting down and abandoning module MobilePatchingUtils (234)
[2017.06.26-07.29.58:295][683]LogModuleManager: Shutting down and abandoning module CustomMeshComponent (232)
[2017.06.26-07.29.58:295][683]LogModuleManager: Shutting down and abandoning module CableComponent (230)
[2017.06.26-07.29.58:295][683]LogModuleManager: Shutting down and abandoning module ArchVisCharacter (228)
[2017.06.26-07.29.58:295][683]LogModuleManager: Shutting down and abandoning module AndroidPermission (226)
[2017.06.26-07.29.58:295][683]LogModuleManager: Shutting down and abandoning module HTML5Networking (222)
[2017.06.26-07.29.58:295][683]LogModuleManager: Shutting down and abandoning module VisualStudioSourceCodeAccess (220)
[2017.06.26-07.29.58:295][683]LogModuleManager: Shutting down and abandoning module DesktopPlatform (219)
[2017.06.26-07.29.58:295][683]LogModuleManager: Shutting down and abandoning module HotReload (217)
[2017.06.26-07.29.58:295][683]LogModuleManager: Shutting down and abandoning module UObjectPlugin (214)
[2017.06.26-07.29.58:295][683]LogModuleManager: Shutting down and abandoning module SubversionSourceControl (212)
[2017.06.26-07.29.58:295][683]LogModuleManager: Shutting down and abandoning module PerforceSourceControl (210)
[2017.06.26-07.29.58:295][683]LogModuleManager: Shutting down and abandoning module SourceControl (209)
[2017.06.26-07.29.58:295][683]LogModuleManager: Shutting down and abandoning module PhysXVehiclesEditor (206)
[2017.06.26-07.29.58:295][683]LogModuleManager: Shutting down and abandoning module PhysXVehicles (204)
[2017.06.26-07.29.58:295][683]LogModuleManager: Shutting down and abandoning module LocationServicesBPLibrary (202)
[2017.06.26-07.29.58:295][683]LogModuleManager: Shutting down and abandoning module ImmediatePhysicsEditor (200)
[2017.06.26-07.29.58:295][683]LogModuleManager: Shutting down and abandoning module ImmediatePhysics (198)
[2017.06.26-07.29.58:295][683]LogModuleManager: Shutting down and abandoning module UdpMessaging (196)
[2017.06.26-07.29.58:396][683]LogModuleManager: Shutting down and abandoning module TcpMessaging (194)
[2017.06.26-07.29.58:803][683]LogModuleManager: Shutting down and abandoning module GameplayTagsEditor (192)
[2017.06.26-07.29.58:803][683]LogModuleManager: Shutting down and abandoning module FacialAnimation (190)
[2017.06.26-07.29.58:803][683]LogModuleManager: Shutting down and abandoning module AssetManagerEditor (188)
[2017.06.26-07.29.58:803][683]LogModuleManager: Shutting down and abandoning module GraphEditor (187)
[2017.06.26-07.29.58:803][683]LogModuleManager: Shutting down and abandoning module ContentBrowser (185)
[2017.06.26-07.29.58:803][683]LogModuleManager: Shutting down and abandoning module CollectionManager (184)
[2017.06.26-07.29.58:803][683]LogDirectoryWatcher: A directory notification for 'C:/supers-master/supers-master 4.16/supers/Content/Collections/' was aborted.
[2017.06.26-07.29.58:803][683]LogDirectoryWatcher: A directory notification for 'C:/supers-master/supers-master 4.16/supers/Content/Developers/NewXB/Collections/' was aborted.
[2017.06.26-07.29.58:803][683]LogDirectoryWatcher: A directory notification for 'C:/supers-master/supers-master 4.16/supers/Saved/Collections/' was aborted.
[2017.06.26-07.29.58:803][683]LogModuleManager: Shutting down and abandoning module DirectoryWatcher (183)
[2017.06.26-07.29.58:803][683]LogModuleManager: Shutting down and abandoning module LightPropagationVolumeRuntime (178)
[2017.06.26-07.29.58:803][683]LogModuleManager: Shutting down and abandoning module Paper2D (176)
[2017.06.26-07.29.58:803][683]LogModuleManager: Shutting down and abandoning module WindowsMoviePlayer (174)
[2017.06.26-07.29.58:804][683]LogModuleManager: Shutting down and abandoning module WmfMedia (172)
[2017.06.26-07.29.58:804][683]LogModuleManager: Shutting down and abandoning module ClothingSystemEditor (170)
[2017.06.26-07.29.58:804][683]LogModuleManager: Shutting down and abandoning module ClothingSystemRuntime (168)
[2017.06.26-07.29.58:804][683]LogModuleManager: Shutting down and abandoning module MediaAssets (166)
[2017.06.26-07.29.58:804][683]LogModuleManager: Shutting down and abandoning module GameLiveStreaming (164)
[2017.06.26-07.29.58:804][683]LogModuleManager: Shutting down and abandoning module VREditor (162)
[2017.06.26-07.29.58:804][683]LogModuleManager: Shutting down and abandoning module StringTableEditor (160)
[2017.06.26-07.29.58:804][683]LogModuleManager: Shutting down and abandoning module GameplayTasksEditor (158)
[2017.06.26-07.29.58:804][683]LogModuleManager: Shutting down and abandoning module BehaviorTreeEditor (156)
[2017.06.26-07.29.58:804][683]LogModuleManager: Shutting down and abandoning module FunctionalTesting (154)
[2017.06.26-07.29.58:804][683]LogModuleManager: Shutting down and abandoning module CollisionAnalyzer (152)
[2017.06.26-07.29.58:804][683]LogModuleManager: Shutting down and abandoning module UMG (150)
[2017.06.26-07.29.58:804][683]LogModuleManager: Shutting down and abandoning module UMGEditor (149)
[2017.06.26-07.29.58:804][683]LogModuleManager: Shutting down and abandoning module Sequencer (148)
[2017.06.26-07.29.58:804][683]LogModuleManager: Shutting down and abandoning module AssetTools (146)
[2017.06.26-07.29.58:804][683]LogModuleManager: Shutting down and abandoning module MessageLog (145)
[2017.06.26-07.29.58:804][683]LogModuleManager: Shutting down and abandoning module WorkspaceMenuStructure (144)
[2017.06.26-07.29.58:804][683]LogModuleManager: Shutting down and abandoning module SlateReflector (138)
[2017.06.26-07.29.58:804][683]LogModuleManager: Shutting down and abandoning module Slate (136)
[2017.06.26-07.29.58:804][683]LogModuleManager: Shutting down and abandoning module EditorStyle (134)
[2017.06.26-07.29.58:806][683]LogModuleManager: Shutting down and abandoning module Messaging (132)
[2017.06.26-07.29.58:806][683]LogModuleManager: Shutting down and abandoning module SourceCodeAccess (130)
[2017.06.26-07.29.58:806][683]LogModuleManager: Shutting down and abandoning module HeadMountedDisplay (128)
[2017.06.26-07.29.58:806][683]LogModuleManager: Shutting down and abandoning module XAudio2 (126)
[2017.06.26-07.29.58:806][683]LogModuleManager: Shutting down and abandoning module Networking (124)
[2017.06.26-07.29.58:806][683]LogModuleManager: Shutting down and abandoning module Core (120)
[2017.06.26-07.29.58:806][683]LogModuleManager: Shutting down and abandoning module KismetCompiler (118)
[2017.06.26-07.29.58:807][683]LogModuleManager: Shutting down and abandoning module LevelSequence (116)
[2017.06.26-07.29.58:807][683]LogModuleManager: Shutting down and abandoning module PhysXFormats (114)
[2017.06.26-07.29.58:807][683]LogModuleManager: Shutting down and abandoning module MeshUtilities (112)
[2017.06.26-07.29.58:807][683]LogModuleManager: Shutting down and abandoning module SimplygonSwarm (111)
[2017.06.26-07.29.58:807][683]LogModuleManager: Shutting down and abandoning module SimplygonMeshReduction (109)
[2017.06.26-07.29.58:807][683]LogModuleManager: Shutting down and abandoning module QuadricMeshReduction (107)
[2017.06.26-07.29.58:807][683]LogModuleManager: Shutting down and abandoning module AssetRegistry (104)
[2017.06.26-07.29.58:807][683]LogModuleManager: Shutting down and abandoning module DerivedDataCache (102)
[2017.06.26-07.29.58:894][683]LogDerivedDataCache: Shutdown
[2017.06.26-07.29.58:894][683]LogModuleManager: Shutting down and abandoning module TargetPlatform (100)
[2017.06.26-07.29.58:894][683]LogModuleManager: Shutting down and abandoning module VulkanShaderFormat (99)
[2017.06.26-07.29.58:894][683]LogModuleManager: Shutting down and abandoning module ShaderFormatVectorVM (97)
[2017.06.26-07.29.58:894][683]LogModuleManager: Shutting down and abandoning module ShaderFormatOpenGL (95)
[2017.06.26-07.29.58:894][683]LogModuleManager: Shutting down and abandoning module ShaderFormatD3D (93)
[2017.06.26-07.29.58:894][683]LogModuleManager: Shutting down and abandoning module MetalShaderFormat (91)
[2017.06.26-07.29.58:894][683]LogModuleManager: Shutting down and abandoning module TextureFormatUncompressed (89)
[2017.06.26-07.29.58:894][683]LogModuleManager: Shutting down and abandoning module TextureFormatPVR (87)
[2017.06.26-07.29.58:894][683]LogModuleManager: Shutting down and abandoning module TextureFormatDXT (85)
[2017.06.26-07.29.58:894][683]LogModuleManager: Shutting down and abandoning module TextureFormatIntelISPCTexComp (83)
[2017.06.26-07.29.58:894][683]LogModuleManager: Shutting down and abandoning module TextureFormatASTC (81)
[2017.06.26-07.29.58:894][683]LogModuleManager: Shutting down and abandoning module ImageWrapper (80)
[2017.06.26-07.29.58:894][683]LogModuleManager: Shutting down and abandoning module TextureFormatAndroid (77)
[2017.06.26-07.29.58:894][683]LogModuleManager: Shutting down and abandoning module AudioFormatOpus (75)
[2017.06.26-07.29.58:894][683]LogModuleManager: Shutting down and abandoning module AudioFormatOgg (73)
[2017.06.26-07.29.58:894][683]LogModuleManager: Shutting down and abandoning module AudioFormatADPCM (71)
[2017.06.26-07.29.58:894][683]LogModuleManager: Shutting down and abandoning module WindowsTargetPlatform (69)
[2017.06.26-07.29.58:894][683]LogModuleManager: Shutting down and abandoning module WindowsServerTargetPlatform (67)
[2017.06.26-07.29.58:894][683]LogModuleManager: Shutting down and abandoning module WindowsNoEditorTargetPlatform (65)
[2017.06.26-07.29.58:894][683]LogModuleManager: Shutting down and abandoning module WindowsClientTargetPlatform (63)
[2017.06.26-07.29.58:894][683]LogModuleManager: Shutting down and abandoning module InputCore (60)
[2017.06.26-07.29.58:894][683]LogModuleManager: Shutting down and abandoning module Settings (58)
[2017.06.26-07.29.58:894][683]LogModuleManager: Shutting down and abandoning module OculusRift (56)
[2017.06.26-07.29.58:894][683]LogModuleManager: Shutting down and abandoning module GearVRController (54)
[2017.06.26-07.29.58:894][683]LogModuleManager: Shutting down and abandoning module GearVR (52)
[2017.06.26-07.29.58:894][683]LogModuleManager: Shutting down and abandoning module ExampleDeviceProfileSelector (50)
[2017.06.26-07.29.58:894][683]LogModuleManager: Shutting down and abandoning module OnlineBlueprintSupport (48)
[2017.06.26-07.29.58:894][683]LogModuleManager: Shutting down and abandoning module OnlineSubsystem (44)
[2017.06.26-07.29.58:894][683]LogOnline:Display: Unloading online subsystem: NULL
[2017.06.26-07.29.58:894][683]LogModuleManager: Shutting down and abandoning module XMPP (43)
[2017.06.26-07.29.58:894][683]LogModuleManager: Shutting down and abandoning module HTTP (41)
[2017.06.26-07.29.58:919][683]LogModuleManager: Shutting down and abandoning module SSL (40)
[2017.06.26-07.29.58:921][683]LogModuleManager: Shutting down and abandoning module HTTPChunkInstaller (36)
[2017.06.26-07.29.58:921][683]LogModuleManager: Shutting down and abandoning module AnimationModifiers (34)
[2017.06.26-07.29.58:921][683]LogModuleManager: Shutting down and abandoning module PropertyEditor (33)
[2017.06.26-07.29.58:921][683]LogModuleManager: Shutting down and abandoning module AudioEditor (30)
[2017.06.26-07.29.58:921][683]LogModuleManager: Shutting down and abandoning module TextureCompressor (28)
[2017.06.26-07.29.58:921][683]LogModuleManager: Shutting down and abandoning module ShaderCore (26)
[2017.06.26-07.29.58:921][683]LogModuleManager: Shutting down and abandoning module Landscape (24)
[2017.06.26-07.29.58:921][683]LogModuleManager: Shutting down and abandoning module SlateRHIRenderer (22)
[2017.06.26-07.29.58:921][683]LogModuleManager: Shutting down and abandoning module OpenGLDrv (20)
[2017.06.26-07.29.58:921][683]LogModuleManager: Shutting down and abandoning module D3D11RHI (18)
[2017.06.26-07.29.58:921][683]LogModuleManager: Shutting down and abandoning module AnimGraphRuntime (16)
[2017.06.26-07.29.58:921][683]LogModuleManager: Shutting down and abandoning module Renderer (14)
[2017.06.26-07.29.58:921][683]LogModuleManager: Shutting down and abandoning module Engine (12)
[2017.06.26-07.29.58:921][683]LogModuleManager: Shutting down and abandoning module CoreUObject (10)
[2017.06.26-07.29.58:921][683]LogModuleManager: Shutting down and abandoning module NetworkFile (8)
[2017.06.26-07.29.58:921][683]LogModuleManager: Shutting down and abandoning module StreamingFile (6)
[2017.06.26-07.29.58:921][683]LogModuleManager: Shutting down and abandoning module SandboxFile (4)
[2017.06.26-07.29.58:921][683]LogModuleManager: Shutting down and abandoning module PakFile (2)
[2017.06.26-07.29.58:922][683]LogExit: Exiting.
[2017.06.26-07.29.58:924][683]Log file closed, 06/26/17 00:29:58
