Log file open, 06/23/17 15:50:03
LogInit:Display: Running engine for game: Supers
LogPlatformFile: Not using cached read wrapper
LogInit:Display: RandInit(1767591846) SRandInit(1767591846).
LogTaskGraph: Started task graph with 5 named threads and 8 total threads with 1 sets of task threads.
LogStats: Stats thread started at 0.089705
LogInit: Using libcurl 7.47.1
LogInit:  - built for x86_64-pc-win32
LogInit:  - supports SSL with OpenSSL/1.0.2g
LogInit:  - supports HTTP deflate (compression) using libz 1.2.8
LogInit:  - other features:
LogInit:      CURL_VERSION_SSL
LogInit:      CURL_VERSION_LIBZ
LogInit:      CURL_VERSION_IPV6
LogInit:      CURL_VERSION_ASYNCHDNS
LogInit:      CURL_VERSION_LARGEFILE
LogInit:      CURL_VERSION_IDN
LogInit:  CurlRequestOptions (configurable via config and command line):
LogInit:  - bVerifyPeer = false  - Libcurl will NOT verify peer certificate
LogInit:  - bUseHttpProxy = false  - Libcurl will NOT use HTTP proxy
LogInit:  - bDontReuseConnections = false  - Libcurl will reuse connections
LogInit:  - CertBundlePath = nullptr  - Libcurl will use whatever was configured at build time.
LogInit: Build: ++UE4+Release-4.16-CL-3466753
LogInit: Engine Version: 4.16.1-3466753+++UE4+Release-4.16
LogInit: Compatible Engine Version: 4.16.0-3452394+++UE4+Release-4.16
LogInit: Net CL: 3452394
LogDevObjectVersion: Number of dev versions registered: 16
LogDevObjectVersion:   Dev-Blueprints (B0D832E4-1F89-4F0D-ACCF-7EB736FD4AA2): 9
LogDevObjectVersion:   Dev-Build (E1C64328-A22C-4D53-A36C-8E866417BD8C): 0
LogDevObjectVersion:   Dev-Core (375EC13C-06E4-48FB-B500-84F0262A717E): 2
LogDevObjectVersion:   Dev-Editor (E4B068ED-F494-42E9-A231-DA0B2E46BB41): 17
LogDevObjectVersion:   Dev-Framework (CFFC743F-43B0-4480-9391-14DF171D2073): 23
LogDevObjectVersion:   Dev-Mobile (B02B49B5-BB20-44E9-A304-32B752E40360): 0
LogDevObjectVersion:   Dev-Networking (A4E4105C-59A1-49B5-A7C5-40C4547EDFEE): 0
LogDevObjectVersion:   Dev-Online (39C831C9-5AE6-47DC-9A44-9C173E1C8E7C): 0
LogDevObjectVersion:   Dev-Physics (78F01B33-EBEA-4F98-B9B4-84EACCB95AA2): 0
LogDevObjectVersion:   Dev-Platform (6631380F-2D4D-43E0-8009-CF276956A95A): 0
LogDevObjectVersion:   Dev-Rendering (12F88B9F-8875-4AFC-A67C-D90C383ABD29): 15
LogDevObjectVersion:   Dev-Sequencer (7B5AE74C-D270-4C10-A958-57980B212A5A): 4
LogDevObjectVersion:   Dev-VR (D7296918-1DD6-4BDD-9DE2-64A83CC13884): 0
LogDevObjectVersion:   Dev-LoadTimes (C2A15278-BFE7-4AFE-6C17-90FF531DF755): 1
LogDevObjectVersion:   Private-Geometry (6EACA3D4-40EC-4CC1-B786-8BED09428FC5): 1
LogDevObjectVersion:   Dev-AnimPhys (29E575DD-E0A3-4627-9D10-D276232CDCEA): 3
LogInit: Compiled (64-bit): May 31 2017 02:03:30
LogInit: Compiled with Visual C++: 19.00.24215.01
LogInit: Build Configuration: Development
LogInit: Branch Name: ++UE4+Release-4.16
LogInit: Command line:  
LogInit: Base directory: C:/Program Files/Epic Games/UE_4.16/Engine/Binaries/Win64/
LogInit: Installed Engine Build: 1
LogInit: Presizing for max 8388607 objects, including 0 objects not considered by GC, pre-allocating 0 bytes for permanent pool.
LogInit: Object subsystem initialized
[2017.06.23-22.50.03:711][  0]LogInit: Selected Device Profile: [Windows]
[2017.06.23-22.50.03:711][  0]LogInit: Applying CVar settings loaded from the selected device profile: [Windows]
[2017.06.23-22.50.03:720][  0]LogInit: Computer: DESKTOP-2T88I18
[2017.06.23-22.50.03:720][  0]LogInit: User: NewXB
[2017.06.23-22.50.03:720][  0]LogInit: CPU Page size=4096, Cores=4
[2017.06.23-22.50.03:720][  0]LogInit: High frequency timer resolution =2.648439 MHz
[2017.06.23-22.50.03:720][  0]LogMemory: Memory total: Physical=31.9GB (32GB approx)
[2017.06.23-22.50.03:720][  0]LogMemory: Platform Memory Stats for Windows
[2017.06.23-22.50.03:720][  0]LogMemory: Process Physical Memory: 273.63 MB used, 273.63 MB peak
[2017.06.23-22.50.03:720][  0]LogMemory: Process Virtual Memory: 260.94 MB used, 260.94 MB peak
[2017.06.23-22.50.03:720][  0]LogMemory: Physical Memory: 7122.45 MB used,  25581.29 MB free, 32703.74 MB total
[2017.06.23-22.50.03:720][  0]LogMemory: Virtual Memory: 638.44 MB used,  25581.29 MB free, 134217728.00 MB total
[2017.06.23-22.50.04:174][  0]LogInit: Using OS detected language (en-US).
[2017.06.23-22.50.04:174][  0]LogInit: Using OS detected locale (en-US).
[2017.06.23-22.50.04:178][  0]LogTextLocalizationManager: No specific localization for 'en-US' exists, so the 'en' localization will be used.
[2017.06.23-22.50.05:099][  0]LogD3D11RHI: D3D11 adapters:
[2017.06.23-22.50.05:657][  0]LogD3D11RHI:    0. 'NVIDIA GeForce GTX 1070' (Feature Level 11_0)
[2017.06.23-22.50.05:657][  0]LogD3D11RHI:       8113/0/16351 MB DedicatedVideo/DedicatedSystem/SharedSystem, Outputs:1, VendorId:0x10de
[2017.06.23-22.50.05:658][  0]LogD3D11RHI:    1. 'Microsoft Basic Render Driver' (Feature Level 11_0)
[2017.06.23-22.50.05:658][  0]LogD3D11RHI:       0/0/16351 MB DedicatedVideo/DedicatedSystem/SharedSystem, Outputs:0, VendorId:0x1414
[2017.06.23-22.50.05:658][  0]LogD3D11RHI: Chosen D3D11 Adapter: 0
[2017.06.23-22.50.05:665][  0]LogD3D11RHI: Creating new Direct3DDevice
[2017.06.23-22.50.05:665][  0]LogD3D11RHI:     GPU DeviceId: 0x1be1 (for the marketing name, search the web for "GPU Device Id")
[2017.06.23-22.50.05:665][  0]LogWindows: EnumDisplayDevices:
[2017.06.23-22.50.05:665][  0]LogWindows:    0. 'NVIDIA GeForce GTX 1070' (P:1 D:1)
[2017.06.23-22.50.05:665][  0]LogWindows:    1. 'NVIDIA GeForce GTX 1070' (P:0 D:0)
[2017.06.23-22.50.05:665][  0]LogWindows:    2. 'NVIDIA GeForce GTX 1070' (P:0 D:0)
[2017.06.23-22.50.05:665][  0]LogWindows:    3. 'NVIDIA GeForce GTX 1070' (P:0 D:0)
[2017.06.23-22.50.05:665][  0]LogWindows: DebugString: FoundDriverCount:4 
[2017.06.23-22.50.05:665][  0]LogD3D11RHI:     Adapter Name: NVIDIA GeForce GTX 1070
[2017.06.23-22.50.05:665][  0]LogD3D11RHI:   Driver Version: 382.33 (internal:22.21.13.8233, unified:382.33)
[2017.06.23-22.50.05:665][  0]LogD3D11RHI:      Driver Date: 5-17-2017
[2017.06.23-22.50.05:665][  0]LogRHI: Texture pool is 1361 MB (70% of 1945 MB)
[2017.06.23-22.50.06:184][  0]LogD3D11RHI: Async texture creation enabled
[2017.06.23-22.50.06:213][  0]LogD3D11RHI: GPU Timing Frequency: 1000.000000 (Debug: 2 1)
[2017.06.23-22.50.06:255][  0]LogShaderCompilers: Guid format shader working directory is -12 characters bigger than the processId version (../../../../../../supers-master/supers-master 4.16/supers/Intermediate/Shaders/WorkingDirectory/12568/).
[2017.06.23-22.50.06:256][  0]LogShaderCompilers: Cleaned the shader compiler working directory 'C:/Users/NewXB/AppData/Local/Temp/UnrealShaderWorkingDir/BDA9726C49307B6971A18CA05AC17AA1/'.
[2017.06.23-22.50.06:256][  0]LogShaderCompilers:Display: Using Local Shader Compiler.
[2017.06.23-22.50.07:213][  0]LogTemp:Display: Loaded TP AllDesktopTargetPlatform
[2017.06.23-22.50.07:265][  0]LogTemp:Display: Loaded TP MacClientTargetPlatform
[2017.06.23-22.50.07:317][  0]LogTemp:Display: Loaded TP MacNoEditorTargetPlatform
[2017.06.23-22.50.07:368][  0]LogTemp:Display: Loaded TP MacServerTargetPlatform
[2017.06.23-22.50.07:422][  0]LogTemp:Display: Loaded TP MacTargetPlatform
[2017.06.23-22.50.07:476][  0]LogTemp:Display: Loaded TP WindowsClientTargetPlatform
[2017.06.23-22.50.07:528][  0]LogTemp:Display: Loaded TP WindowsNoEditorTargetPlatform
[2017.06.23-22.50.07:582][  0]LogTemp:Display: Loaded TP WindowsServerTargetPlatform
[2017.06.23-22.50.07:628][  0]LogTemp:Display: Loaded TP WindowsTargetPlatform
[2017.06.23-22.50.07:694][  0]LogTemp:Display: Loaded TP AndroidTargetPlatform
[2017.06.23-22.50.07:748][  0]LogTemp:Display: Loaded TP Android_ASTCTargetPlatform
[2017.06.23-22.50.07:798][  0]LogTemp:Display: Loaded TP Android_ATCTargetPlatform
[2017.06.23-22.50.07:850][  0]LogTemp:Display: Loaded TP Android_DXTTargetPlatform
[2017.06.23-22.50.07:900][  0]LogTemp:Display: Loaded TP Android_ETC1TargetPlatform
[2017.06.23-22.50.07:954][  0]LogTemp:Display: Loaded TP Android_ETC2TargetPlatform
[2017.06.23-22.50.08:057][  0]LogTemp:Display: Loaded TP Android_MultiTargetPlatform
[2017.06.23-22.50.08:057][  0]LogTemp:Display: Loaded TP Android_PVRTCTargetPlatform
[2017.06.23-22.50.08:100][  0]LogTemp:Display: Loaded TP HTML5TargetPlatform
[2017.06.23-22.50.08:199][  0]LogTemp:Display: Loaded TP IOSTargetPlatform
[2017.06.23-22.50.08:235][  0]LogTemp:Display: Loaded TP TVOSTargetPlatform
[2017.06.23-22.50.08:306][  0]LogTemp:Display: Loaded TP LinuxClientTargetPlatform
[2017.06.23-22.50.08:372][  0]LogTemp:Display: Loaded TP LinuxNoEditorTargetPlatform
[2017.06.23-22.50.08:421][  0]LogTemp:Display: Loaded TP LinuxServerTargetPlatform
[2017.06.23-22.50.08:474][  0]LogTemp:Display: Loaded TP LinuxTargetPlatform
[2017.06.23-22.50.08:474][  0]LogTargetPlatformManager:Display: Building Assets For Windows
[2017.06.23-22.50.08:949][  0]LogDerivedDataCache:Display: Max Cache Size: 512 MB
[2017.06.23-22.50.09:033][  0]LogDerivedDataCache: Loaded boot cache 0.08s 89MB C:/Users/NewXB/AppData/Local/UnrealEngine/4.16/DerivedDataCache/Boot.ddc.
[2017.06.23-22.50.09:034][  0]LogDerivedDataCache:Display: Loaded Boot cache: C:/Users/NewXB/AppData/Local/UnrealEngine/4.16/DerivedDataCache/Boot.ddc
[2017.06.23-22.50.09:034][  0]LogDerivedDataCache: FDerivedDataBackendGraph:  Pak pak cache file ../../../../../../supers-master/supers-master 4.16/supers/DerivedDataCache/DDC.ddp not found, will not use a pak cache.
[2017.06.23-22.50.09:034][  0]LogDerivedDataCache: Unable to find inner node Pak for hierarchical cache Hierarchy.
[2017.06.23-22.50.09:034][  0]LogDerivedDataCache: FDerivedDataBackendGraph:  CompressedPak pak cache file ../../../../../../supers-master/supers-master 4.16/supers/DerivedDataCache/Compressed.ddp not found, will not use a pak cache.
[2017.06.23-22.50.09:034][  0]LogDerivedDataCache: Unable to find inner node CompressedPak for hierarchical cache Hierarchy.
[2017.06.23-22.50.09:048][  0]LogDerivedDataCache:Display: Pak cache opened for reading ../../../Engine/DerivedDataCache/Compressed.ddp.
[2017.06.23-22.50.09:062][  0]LogDerivedDataCache: Using Local data cache path C:/Users/NewXB/AppData/Local/UnrealEngine/Common/DerivedDataCache: Writable
[2017.06.23-22.50.09:071][  0]LogMaterial: Verifying Global Shaders for PCD3D_SM5
[2017.06.23-22.50.09:071][  0]LogSlate: Using Freetype 2.6.0
[2017.06.23-22.50.09:072][  0]LogSlate: SlateFontCache - WITH_FREETYPE: 1, WITH_HARFBUZZ: 1
[2017.06.23-22.50.09:072][  0]LogSlate: SlateFontCache - WITH_FREETYPE: 1, WITH_HARFBUZZ: 1
[2017.06.23-22.50.09:399][  0]LogInit: Selected Device Profile: [Windows]
[2017.06.23-22.50.09:465][  0]LogContentStreaming: Texture pool size is 0.00 MB
[2017.06.23-22.50.09:616][  0]LogMeshUtilities: Using QuadricMeshReduction for automatic static mesh reduction
[2017.06.23-22.50.09:664][  0]LogSimplygon: Simplygon DLL not present - disabling.
[2017.06.23-22.50.09:716][  0]LogMeshUtilities: Using SimplygonSwarm for distributed automatic mesh merging
[2017.06.23-22.50.09:716][  0]LogMeshUtilities: No automatic skeletal mesh reduction module available
[2017.06.23-22.50.09:716][  0]LogMeshUtilities: No automatic mesh merging module available
[2017.06.23-22.50.10:255][  0]LogNetVersion: Supers , NetCL: 3452394, EngineNetVer: 2, GameNetVer: 0 (Checksum: 3304520363)
[2017.06.23-22.50.10:313][  0]LogAssetRegistry: FAssetRegistry took 0.0260 seconds to start up
[2017.06.23-22.50.10:408][  0]LogPackageLocalizationCache: Processed 4 localized package path(s) for 2 prioritized culture(s) in 0.074416 seconds
[2017.06.23-22.50.10:414][  0]LogUObjectArray: 34194 objects as part of root set at end of initial load.
[2017.06.23-22.50.10:414][  0]LogUObjectAllocator: 7260424 out of 0 bytes used by permanent object pool.
[2017.06.23-22.50.10:414][  0]LogUObjectArray: CloseDisregardForGC: 0/0 objects in disregard for GC pool
[2017.06.23-22.50.10:480][  0]LogInit: WinSock: version 1.1 (2.2), MaxSocks=32767, MaxUdp=65467
[2017.06.23-22.50.13:110][  0]LogTcpMessaging: Initializing TcpMessaging bridge
[2017.06.23-22.50.13:150][  0]LogUdpMessaging: Initializing bridge on interface 0.0.0.0:0 to multicast group 230.0.0.1:6666.
[2017.06.23-22.50.13:704][  0]LogMaterial: Uniform references updated for custom material expression Custom.
[2017.06.23-22.50.14:126][  0]SourceControl: Info Source control is disabled
[2017.06.23-22.50.14:173][  0]SourceControl: Info Source control is disabled
[2017.06.23-22.50.14:223][  0]SourceControl: Info Source control is disabled
[2017.06.23-22.50.14:273][  0]SourceControl: Info Source control is disabled
[2017.06.23-22.50.14:976][  0]LogAndroidPermission: UAndroidPermissionCallbackProxy::GetInstance
[2017.06.23-22.50.15:598][  0]LogEngine: Initializing Engine...
[2017.06.23-22.50.15:617][  0]LogHMD: Failed to initialize OpenVR with code 126
[2017.06.23-22.50.15:814][  0]LogStats: UGameplayTagsManager::ConstructGameplayTagTree: Construct from data asset -  0.000 s
[2017.06.23-22.50.15:814][  0]LogStats: UGameplayTagsManager::ConstructGameplayTagTree: GameplayTagTreeChangedEvent.Broadcast -  0.000 s
[2017.06.23-22.50.15:953][  0]LogAIModule: Creating AISystem for world Untitled
[2017.06.23-22.50.15:963][  0]LogInit: XAudio2 using 'Speakers (Realtek High Definition Audio)' : 6 channels at 48 kHz using 32 bits per sample (channel mask 0x3f)
[2017.06.23-22.50.16:104][  0]LogInit: FAudioDevice initialized.
[2017.06.23-22.50.16:150][  0]LogDerivedDataCache: Saved boot cache 0.05s 89MB C:/Users/NewXB/AppData/Local/UnrealEngine/4.16/DerivedDataCache/Boot.ddc.
[2017.06.23-22.50.16:160][  0]LogInit: Texture streaming: Enabled
[2017.06.23-22.50.16:246][  0]LogEngineSessionManager: EngineSessionManager initialized
[2017.06.23-22.50.16:535][  0]LogInit: Transaction tracking system initialized
[2017.06.23-22.50.16:986][  0]BlueprintLog: New page: Editor Load
[2017.06.23-22.50.18:078][  0]LocalizationService: Info Localization service is disabled
[2017.06.23-22.50.18:794][  0]LogConsoleResponse:Display: 
[2017.06.23-22.50.18:955][  0]LogCook:Display: Max memory allowance for cook 16384mb min free memory 0mb
[2017.06.23-22.50.18:955][  0]LogCook:Display: Mobile HDR setting 1
[2017.06.23-22.50.19:987][  0]LogFileCache: Scanning file cache for directory 'C:/supers-master/supers-master 4.16/supers/Content/' took 0.01s
[2017.06.23-22.50.20:036][  0]SourceControl: Info Source control is disabled
[2017.06.23-22.50.20:036][  0]Cmd: MAP LOAD FILE="../../../../../../supers-master/supers-master 4.16/supers/Content/TwinStickBP/Maps/TwinStickExampleMap.umap" TEMPLATE=0 SHOWPROGRESS=1 FEATURELEVEL=3
[2017.06.23-22.50.20:037][  0]LightingResults: New page: Lighting Build
[2017.06.23-22.50.20:081][  0]MapCheck: New page: Map Check
[2017.06.23-22.50.20:081][  0]LightingResults: New page: Lighting Build
[2017.06.23-22.50.20:303][  0]LogBlueprint:Warning: Node '/Game/StarterContent/Blueprints/Blueprint_Effect_Sparks.Blueprint_Effect_Sparks:EdGraph_0.K2Node_FunctionEntry_37' missing NodeGuid because of upgrade from old package version, this can cause deterministic cooking issues please resave package.
[2017.06.23-22.50.20:304][  0]LogBlueprint:Warning: Node '/Game/StarterContent/Blueprints/Blueprint_Effect_Sparks.Blueprint_Effect_Sparks:EdGraph_1.K2Node_FunctionEntry_37' missing NodeGuid because of upgrade from old package version, this can cause deterministic cooking issues please resave package.
[2017.06.23-22.50.20:453][  0]LogBlueprint:Warning: Node '/Game/StarterContent/Blueprints/Blueprint_Effect_Sparks.Blueprint_Effect_Sparks:EdGraph_2.K2Node_FunctionEntry_37' missing NodeGuid because of upgrade from old package version, this can cause deterministic cooking issues please resave package.
[2017.06.23-22.50.21:281][  0]LogBlueprint:Warning: Node '/Game/StarterContent/Audio/Fire_Sparks01_Cue.Fire_Sparks01_Cue:SoundCueGraph_7.SoundCueGraphNode_6' missing NodeGuid because of upgrade from old package version, this can cause deterministic cooking issues please resave package.
[2017.06.23-22.50.21:281][  0]LogBlueprint:Warning: Node '/Game/StarterContent/Audio/Fire_Sparks01_Cue.Fire_Sparks01_Cue:SoundCueGraph_7.SoundCueGraphNode_Root_7' missing NodeGuid because of upgrade from old package version, this can cause deterministic cooking issues please resave package.
[2017.06.23-22.50.21:282][  0]LogBlueprint:Warning: Node '/Game/StarterContent/Blueprints/Blueprint_Effect_Sparks.Blueprint_Effect_Sparks:UserConstructionScript.K2Node_FunctionEntry_37' missing NodeGuid because of upgrade from old package version, this can cause deterministic cooking issues please resave package.
[2017.06.23-22.50.21:356][  0]LogAIModule: Creating AISystem for world TwinStickExampleMap
[2017.06.23-22.50.21:371][  0]LogEditorServer: Finished looking for orphan Actors (0.000 secs)
[2017.06.23-22.50.21:395][  0]Cmd: MAP CHECKDEP NOCLEARLOG
[2017.06.23-22.50.21:490][  0]MapCheck:Warning: Warning player1_1352 player1_C /Game/TwinStickBP/Maps/TwinStickExampleMap.TwinStickExampleMap:PersistentLevel.player1_1352 : Externally referenced 
[2017.06.23-22.50.21:490][  0]MapCheck:Warning: Warning player2_2572 player2_C /Game/TwinStickBP/Maps/TwinStickExampleMap.TwinStickExampleMap:PersistentLevel.player2_2572 : Externally referenced 
[2017.06.23-22.50.21:490][  0]MapCheck:Warning: Warning player3_1752 player3_C /Game/TwinStickBP/Maps/TwinStickExampleMap.TwinStickExampleMap:PersistentLevel.player3_1752 : Externally referenced 
[2017.06.23-22.50.21:490][  0]MapCheck:Warning: Warning player4_2142 player4_C /Game/TwinStickBP/Maps/TwinStickExampleMap.TwinStickExampleMap:PersistentLevel.player4_2142 : Externally referenced 
[2017.06.23-22.50.21:490][  0]MapCheck:Warning: Warning player5_6470 player5_C /Game/TwinStickBP/Maps/TwinStickExampleMap.TwinStickExampleMap:PersistentLevel.player5_6470 : Externally referenced 
[2017.06.23-22.50.21:490][  0]MapCheck:Warning: Warning player6_1522 player6_C /Game/TwinStickBP/Maps/TwinStickExampleMap.TwinStickExampleMap:PersistentLevel.player6_1522 : Externally referenced 
[2017.06.23-22.50.21:491][  0]MapCheck:Warning: Warning ShipMeshComponent StaticMeshComponent /Game/TwinStickBP/Maps/TwinStickExampleMap.TwinStickExampleMap:PersistentLevel.player1_1352.ShipMeshComponent : Externally referenced 
[2017.06.23-22.50.21:491][  0]MapCheck:Warning: Warning EnergyShield StaticMeshComponent /Game/TwinStickBP/Maps/TwinStickExampleMap.TwinStickExampleMap:PersistentLevel.player1_1352.EnergyShield : Externally referenced 
[2017.06.23-22.50.21:491][  0]MapCheck:Warning: Warning Shield StaticMeshComponent /Game/TwinStickBP/Maps/TwinStickExampleMap.TwinStickExampleMap:PersistentLevel.player1_1352.Shield : Externally referenced 
[2017.06.23-22.50.21:491][  0]MapCheck:Warning: Warning ShipMeshComponent StaticMeshComponent /Game/TwinStickBP/Maps/TwinStickExampleMap.TwinStickExampleMap:PersistentLevel.player2_2572.ShipMeshComponent : Externally referenced 
[2017.06.23-22.50.21:491][  0]MapCheck:Warning: Warning EnergyShield StaticMeshComponent /Game/TwinStickBP/Maps/TwinStickExampleMap.TwinStickExampleMap:PersistentLevel.player2_2572.EnergyShield : Externally referenced 
[2017.06.23-22.50.21:491][  0]MapCheck:Warning: Warning Shield StaticMeshComponent /Game/TwinStickBP/Maps/TwinStickExampleMap.TwinStickExampleMap:PersistentLevel.player2_2572.Shield : Externally referenced 
[2017.06.23-22.50.21:491][  0]MapCheck:Warning: Warning ShipMeshComponent StaticMeshComponent /Game/TwinStickBP/Maps/TwinStickExampleMap.TwinStickExampleMap:PersistentLevel.player3_1752.ShipMeshComponent : Externally referenced 
[2017.06.23-22.50.21:491][  0]MapCheck:Warning: Warning EnergyShield StaticMeshComponent /Game/TwinStickBP/Maps/TwinStickExampleMap.TwinStickExampleMap:PersistentLevel.player3_1752.EnergyShield : Externally referenced 
[2017.06.23-22.50.21:491][  0]MapCheck:Warning: Warning Shield StaticMeshComponent /Game/TwinStickBP/Maps/TwinStickExampleMap.TwinStickExampleMap:PersistentLevel.player3_1752.Shield : Externally referenced 
[2017.06.23-22.50.21:491][  0]MapCheck:Warning: Warning ShipMeshComponent StaticMeshComponent /Game/TwinStickBP/Maps/TwinStickExampleMap.TwinStickExampleMap:PersistentLevel.player4_2142.ShipMeshComponent : Externally referenced 
[2017.06.23-22.50.21:491][  0]MapCheck:Warning: Warning EnergyShield StaticMeshComponent /Game/TwinStickBP/Maps/TwinStickExampleMap.TwinStickExampleMap:PersistentLevel.player4_2142.EnergyShield : Externally referenced 
[2017.06.23-22.50.21:491][  0]MapCheck:Warning: Warning Shield StaticMeshComponent /Game/TwinStickBP/Maps/TwinStickExampleMap.TwinStickExampleMap:PersistentLevel.player4_2142.Shield : Externally referenced 
[2017.06.23-22.50.21:491][  0]MapCheck:Warning: Warning ShipMeshComponent StaticMeshComponent /Game/TwinStickBP/Maps/TwinStickExampleMap.TwinStickExampleMap:PersistentLevel.player5_6470.ShipMeshComponent : Externally referenced 
[2017.06.23-22.50.21:491][  0]MapCheck:Warning: Warning EnergyShield StaticMeshComponent /Game/TwinStickBP/Maps/TwinStickExampleMap.TwinStickExampleMap:PersistentLevel.player5_6470.EnergyShield : Externally referenced 
[2017.06.23-22.50.21:491][  0]MapCheck:Warning: Warning Shield StaticMeshComponent /Game/TwinStickBP/Maps/TwinStickExampleMap.TwinStickExampleMap:PersistentLevel.player5_6470.Shield : Externally referenced 
[2017.06.23-22.50.21:491][  0]MapCheck:Warning: Warning ShipMeshComponent StaticMeshComponent /Game/TwinStickBP/Maps/TwinStickExampleMap.TwinStickExampleMap:PersistentLevel.player6_1522.ShipMeshComponent : Externally referenced 
[2017.06.23-22.50.21:491][  0]MapCheck:Warning: Warning EnergyShield StaticMeshComponent /Game/TwinStickBP/Maps/TwinStickExampleMap.TwinStickExampleMap:PersistentLevel.player6_1522.EnergyShield : Externally referenced 
[2017.06.23-22.50.21:491][  0]MapCheck:Warning: Warning Shield StaticMeshComponent /Game/TwinStickBP/Maps/TwinStickExampleMap.TwinStickExampleMap:PersistentLevel.player6_1522.Shield : Externally referenced 
[2017.06.23-22.50.21:491][  0]MapCheck:Warning: Warning StaticMeshComponent0 StaticMeshComponent /Game/TwinStickBP/Maps/TwinStickExampleMap.TwinStickExampleMap:PersistentLevel.Floor_18.StaticMeshComponent0 : Externally referenced 
[2017.06.23-22.50.21:491][  0]MapCheck:Warning: Warning StaticMeshComponent0 StaticMeshComponent /Game/TwinStickBP/Maps/TwinStickExampleMap.TwinStickExampleMap:PersistentLevel.Obstacle2_3.StaticMeshComponent0 : Externally referenced 
[2017.06.23-22.50.21:491][  0]MapCheck:Warning: Warning StaticMeshComponent0 StaticMeshComponent /Game/TwinStickBP/Maps/TwinStickExampleMap.TwinStickExampleMap:PersistentLevel.Wall1_17.StaticMeshComponent0 : Externally referenced 
[2017.06.23-22.50.21:491][  0]MapCheck:Warning: Warning StaticMeshComponent0 StaticMeshComponent /Game/TwinStickBP/Maps/TwinStickExampleMap.TwinStickExampleMap:PersistentLevel.Wall5.StaticMeshComponent0 : Externally referenced 
[2017.06.23-22.50.21:491][  0]MapCheck:Warning: Warning StaticMeshComponent0 StaticMeshComponent /Game/TwinStickBP/Maps/TwinStickExampleMap.TwinStickExampleMap:PersistentLevel.Wall6.StaticMeshComponent0 : Externally referenced 
[2017.06.23-22.50.21:491][  0]MapCheck:Warning: Warning StaticMeshComponent0 StaticMeshComponent /Game/TwinStickBP/Maps/TwinStickExampleMap.TwinStickExampleMap:PersistentLevel.Wall7.StaticMeshComponent0 : Externally referenced 
[2017.06.23-22.50.21:491][  0]MapCheck:Warning: Warning K2Node_CallFunction_2339 K2Node_CallFunction /Game/TwinStickBP/Maps/TwinStickExampleMap.TwinStickExampleMap:PersistentLevel.TwinStickExampleMap.EventGraph.K2Node_CallFunction_2339 : Externally referenced 
[2017.06.23-22.50.21:491][  0]MapCheck: Info Map check complete: 0 Error(s), 31 Warning(s), took 96.804ms to complete.
[2017.06.23-22.50.21:500][  0]LogFileHelpers: Loading map 'TwinStickExampleMap' took 1.464
[2017.06.23-22.50.21:633][  0]LogCollectionManager: Loaded 0 collections in 0.001372 seconds
[2017.06.23-22.50.21:715][  0]LogFileCache: Scanning file cache for directory 'C:/supers-master/supers-master 4.16/supers/Saved/Collections/' took 0.01s
[2017.06.23-22.50.21:715][  0]LogFileCache: Scanning file cache for directory 'C:/supers-master/supers-master 4.16/supers/Content/Developers/NewXB/Collections/' took 0.01s
[2017.06.23-22.50.21:715][  0]LogFileCache: Scanning file cache for directory 'C:/supers-master/supers-master 4.16/supers/Content/Collections/' took 0.01s
[2017.06.23-22.50.21:715][  0]LogCollectionManager: Rebuilt the GUID cache for 0 collections in 0.000002 seconds
[2017.06.23-22.50.21:723][  0]LogContentBrowser: Native class hierarchy populated in 0.0078 seconds. Added 2329 classes and 491 folders.
[2017.06.23-22.50.21:789][  0]LogContentBrowser: Native class hierarchy updated for 'WidgetCarousel' in 0.0005 seconds. Added 0 classes and 0 folders.
[2017.06.23-22.50.21:838][  0]LogContentBrowser: Native class hierarchy updated for 'AddContentDialog' in 0.0006 seconds. Added 0 classes and 0 folders.
[2017.06.23-22.50.21:888][  0]LogContentBrowser: Native class hierarchy updated for 'SceneOutliner' in 0.0006 seconds. Added 1 classes and 2 folders.
[2017.06.23-22.50.21:925][  0]LogCrashTracker: Crashtracker disabled due to settings.
[2017.06.23-22.50.21:935][  0]LogSlate: Took 0.000333 seconds to synchronously load lazily loaded font '../../../Engine/Content/Slate/Fonts/Roboto-Regular.ttf' (155K)
[2017.06.23-22.50.21:937][  0]LogSlate: Took 0.000207 seconds to synchronously load lazily loaded font '../../../Engine/Content/Slate/Fonts/Roboto-Bold.ttf' (160K)
[2017.06.23-22.50.21:941][  0]LogSlate: Took 0.000253 seconds to synchronously load lazily loaded font '../../../Engine/Content/Editor/Slate/Fonts/FontAwesome.ttf' (139K)
[2017.06.23-22.50.22:042][  0]LogRenderer: Reallocating scene render targets to support 1208x576 NumSamples 1 (Frame:1).
[2017.06.23-22.50.22:092][  0]LogSlate: Took 0.000386 seconds to synchronously load lazily loaded font '../../../Engine/Content/Slate/Fonts/Roboto-Light.ttf' (159K)
[2017.06.23-22.50.22:187][  0]LogUObjectGlobals:Warning: Failed to find object 'Class None.'
[2017.06.23-22.50.22:264][  0]LogContentBrowser: Native class hierarchy updated for 'HierarchicalLODOutliner' in 0.0008 seconds. Added 1 classes and 2 folders.
[2017.06.23-22.50.22:264][  0]LogLoad: (Engine Initialization) Total time: 20.17 seconds
[2017.06.23-22.50.22:264][  0]LogLoad: (Engine Initialization) Total Blueprint compile time: 0.44 seconds
[2017.06.23-22.50.22:264][  0]LogExternalProfiler: Found external profiler: VSPerf
[2017.06.23-22.50.22:264][  0]LogExternalProfiler: Using external profiler: VSPerf
[2017.06.23-22.50.22:285][  0]LogWindowsTextInputMethodSystem:Display: IME system now deactivated.
[2017.06.23-22.50.22:287][  0]LogOcInput: OculusInput pre-init called
[2017.06.23-22.50.22:287][  0]LogHMD: Starting GearVRController plugin
[2017.06.23-22.50.22:315][  0]LogContentStreaming: Texture pool size now 1000 MB
[2017.06.23-22.50.22:371][  1]LogAssetRegistry: Asset discovery search completed in 12.0799 seconds
[2017.06.23-22.50.22:372][  1]LogCollectionManager: Rebuilt the object cache for 0 collections in 0.000000 seconds (found 0 objects)
[2017.06.23-22.50.22:372][  1]LogCollectionManager: Fixed up redirectors for 0 collections in 0.000026 seconds (updated 0 objects)
[2017.06.23-22.50.23:300][ 52]LogSlate: Took 0.000258 seconds to synchronously load lazily loaded font '../../../Engine/Content/Slate/Fonts/Roboto-Light.ttf' (159K)
[2017.06.23-22.51.48:241][251]LogSlate: Took 0.000183 seconds to synchronously load lazily loaded font '../../../Engine/Content/Slate/Fonts/Roboto-Light.ttf' (159K)
[2017.06.23-22.51.48:597][251]LogContentBrowser: Native class hierarchy updated for 'BlueprintGraph' in 0.0010 seconds. Added 112 classes and 0 folders.
[2017.06.23-22.51.49:122][251]LogSlate: Took 0.000183 seconds to synchronously load lazily loaded font '../../../Engine/Content/Slate/Fonts/Roboto-Regular.ttf' (155K)
[2017.06.23-22.51.49:185][251]LogSlate: Took 0.000250 seconds to synchronously load lazily loaded font '../../../Engine/Content/Editor/Slate/Fonts/Roboto-BoldCondensed.ttf' (158K)
[2017.06.23-22.51.49:452][252]LogSlate: Took 0.000285 seconds to synchronously load lazily loaded font '../../../Engine/Content/Editor/Slate/Fonts/Roboto-Italic.ttf' (157K)
[2017.06.23-22.51.56:331][645]LogRenderer: Reallocating scene render targets to support 1208x712 NumSamples 1 (Frame:1).
[2017.06.23-22.53.09:542][ 28]LogMaterial: Missing cached shader map for material Yellow, compiling. 
[2017.06.23-22.53.13:242][245]LogMaterial: Missing cached shader map for material Yellow, compiling. 
[2017.06.23-22.53.13:328][245]LogMaterial: Missing cached shader map for material Yellow, compiling. 
[2017.06.23-22.53.13:339][245]LogMaterial: Missing cached shader map for material Yellow, compiling. 
[2017.06.23-22.53.13:376][245]LogMaterial: Missing cached shader map for material FMatExpressionPreview MaterialExpressionConstant3Vector_1, compiling. 
[2017.06.23-22.53.20:957][693]LogMaterial: Missing cached shader map for material Yellow, compiling. 
[2017.06.23-22.53.20:974][693]LogMaterial: Missing cached shader map for material FMatExpressionPreview MaterialExpressionConstant3Vector_1, compiling. 
[2017.06.23-22.53.23:968][871]LogMaterial: Missing cached shader map for material Yellow, compiling. 
[2017.06.23-22.53.23:984][871]LogMaterial: Missing cached shader map for material FMatExpressionPreview MaterialExpressionConstant3Vector_1, compiling. 
[2017.06.23-22.53.34:008][471]LogMaterial: Missing cached shader map for material Yellow, compiling. 
[2017.06.23-22.53.34:026][471]LogMaterial: Missing cached shader map for material FMatExpressionPreview MaterialExpressionConstant3Vector_1, compiling. 
[2017.06.23-22.53.38:068][712]LogMaterial: Missing cached shader map for material Yellow, compiling. 
[2017.06.23-22.53.38:082][712]LogMaterial: Missing cached shader map for material FMatExpressionPreview MaterialExpressionConstant3Vector_1, compiling. 
[2017.06.23-22.53.41:374][908]LogMaterial: Missing cached shader map for material Yellow, compiling. 
[2017.06.23-22.53.41:387][908]LogMaterial: Missing cached shader map for material FMatExpressionPreview MaterialExpressionConstant3Vector_1, compiling. 
[2017.06.23-22.53.45:477][152]LogMaterial: Missing cached shader map for material Yellow, compiling. 
[2017.06.23-22.53.45:495][152]LogMaterial: Missing cached shader map for material FMatExpressionPreview MaterialExpressionConstant3Vector_1, compiling. 
[2017.06.23-22.54.05:141][117]LogMaterial: Missing cached shader map for material Yellow, compiling. 
[2017.06.23-22.54.05:188][117]LogMaterial: Missing cached shader map for material Yellow, compiling. 
[2017.06.23-22.54.05:209][117]LogMaterial: Missing cached shader map for material Yellow, compiling. 
[2017.06.23-22.54.05:251][117]LogMaterial: Missing cached shader map for material FDebugViewModeMaterialProxy Yellow, compiling. 
[2017.06.23-22.54.05:947][117]TextureStreamingBuild:Display: Compiling optional shaders took 0.703 seconds.
[2017.06.23-22.54.22:127][ 71]LogMaterial: Missing cached shader map for material Red, compiling. 
[2017.06.23-22.54.25:172][252]LogMaterial: Missing cached shader map for material Red, compiling. 
[2017.06.23-22.54.25:242][252]LogMaterial: Missing cached shader map for material Red, compiling. 
[2017.06.23-22.54.25:255][252]LogMaterial: Missing cached shader map for material Red, compiling. 
[2017.06.23-22.54.25:294][252]LogMaterial: Missing cached shader map for material FMatExpressionPreview MaterialExpressionConstant3Vector_1, compiling. 
[2017.06.23-22.54.31:908][643]LogMaterial: Missing cached shader map for material Red, compiling. 
[2017.06.23-22.54.31:925][643]LogMaterial: Missing cached shader map for material FMatExpressionPreview MaterialExpressionConstant3Vector_1, compiling. 
[2017.06.23-22.54.35:766][872]LogMaterial: Missing cached shader map for material Red, compiling. 
[2017.06.23-22.54.35:781][872]LogMaterial: Missing cached shader map for material FMatExpressionPreview MaterialExpressionConstant3Vector_1, compiling. 
[2017.06.23-22.54.51:171][696]LogMaterial: Missing cached shader map for material Red, compiling. 
[2017.06.23-22.54.51:214][696]LogMaterial: Missing cached shader map for material Red, compiling. 
[2017.06.23-22.54.51:235][696]LogMaterial: Missing cached shader map for material Red, compiling. 
[2017.06.23-22.54.51:274][696]LogMaterial: Missing cached shader map for material FDebugViewModeMaterialProxy Red, compiling. 
[2017.06.23-22.54.51:885][696]TextureStreamingBuild:Display: Compiling optional shaders took 0.618 seconds.
[2017.06.23-22.55.11:166][843]LogMaterial: Missing cached shader map for material Green, compiling. 
[2017.06.23-22.55.14:425][ 37]LogMaterial: Missing cached shader map for material Green, compiling. 
[2017.06.23-22.55.14:481][ 37]LogMaterial: Missing cached shader map for material Green, compiling. 
[2017.06.23-22.55.14:493][ 37]LogMaterial: Missing cached shader map for material Green, compiling. 
[2017.06.23-22.55.14:528][ 37]LogMaterial: Missing cached shader map for material FMatExpressionPreview MaterialExpressionConstant3Vector_1, compiling. 
[2017.06.23-22.55.23:867][592]LogMaterial: Missing cached shader map for material Green, compiling. 
[2017.06.23-22.55.23:880][592]LogMaterial: Missing cached shader map for material FMatExpressionPreview MaterialExpressionConstant3Vector_1, compiling. 
[2017.06.23-22.55.28:907][892]LogMaterial: Missing cached shader map for material Green, compiling. 
[2017.06.23-22.55.28:919][892]LogMaterial: Missing cached shader map for material FMatExpressionPreview MaterialExpressionConstant3Vector_1, compiling. 
[2017.06.23-22.55.37:231][257]LogMaterial: Missing cached shader map for material Green, compiling. 
[2017.06.23-22.55.37:272][257]LogMaterial: Missing cached shader map for material Green, compiling. 
[2017.06.23-22.55.37:292][257]LogMaterial: Missing cached shader map for material Green, compiling. 
[2017.06.23-22.55.37:329][257]LogMaterial: Missing cached shader map for material FDebugViewModeMaterialProxy Green, compiling. 
[2017.06.23-22.55.37:839][257]TextureStreamingBuild:Display: Compiling optional shaders took 0.515 seconds.
[2017.06.23-22.56.20:563][810]LogMaterial: Missing cached shader map for material Grey, compiling. 
[2017.06.23-22.56.22:956][952]LogMaterial: Missing cached shader map for material Grey, compiling. 
[2017.06.23-22.56.23:013][952]LogMaterial: Missing cached shader map for material Grey, compiling. 
[2017.06.23-22.56.23:026][952]LogMaterial: Missing cached shader map for material Grey, compiling. 
[2017.06.23-22.56.23:062][952]LogMaterial: Missing cached shader map for material FMatExpressionPreview MaterialExpressionConstant3Vector_1, compiling. 
[2017.06.23-22.56.34:295][620]LogMaterial: Missing cached shader map for material Grey, compiling. 
[2017.06.23-22.56.34:311][620]LogMaterial: Missing cached shader map for material FMatExpressionPreview MaterialExpressionConstant3Vector_1, compiling. 
[2017.06.23-22.56.51:097][459]LogMaterial: Missing cached shader map for material Grey, compiling. 
[2017.06.23-22.56.51:139][459]LogMaterial: Missing cached shader map for material Grey, compiling. 
[2017.06.23-22.56.51:159][459]LogMaterial: Missing cached shader map for material Grey, compiling. 
[2017.06.23-22.56.51:195][459]LogMaterial: Missing cached shader map for material FDebugViewModeMaterialProxy Grey, compiling. 
[2017.06.23-22.56.51:818][459]TextureStreamingBuild:Display: Compiling optional shaders took 0.629 seconds.
[2017.06.23-22.56.59:301][895]Cmd: OBJ SAVEPACKAGE PACKAGE="/Game/Purple" FILE="../../../../../../supers-master/supers-master 4.16/supers/Content/Purple.uasset" SILENT=true
[2017.06.23-22.56.59:317][895]LogSavePackage: Save=12.56ms
[2017.06.23-22.56.59:317][895]LogSavePackage: Moving '../../../../../../supers-master/supers-master 4.16/supers/Saved/PurpleF3A9D2984A95F18282497792CDE4D067.tmp' to '../../../../../../supers-master/supers-master 4.16/supers/Content/Purple.uasset'
[2017.06.23-22.56.59:320][895]LogSavePackage:Display: Finished SavePackage ../../../../../../supers-master/supers-master 4.16/supers/Content/Purple.uasset
[2017.06.23-22.59.14:066][926]BlueprintLog: New page: Compile player1
[2017.06.23-22.59.24:610][505]Cmd: OBJ SAVEPACKAGE PACKAGE="/Game/TwinStickBP/Blueprints/player1" FILE="../../../../../../supers-master/supers-master 4.16/supers/Content/TwinStickBP/Blueprints/player1.uasset" SILENT=true
[2017.06.23-22.59.24:832][505]LogSavePackage: Save=195.89ms
[2017.06.23-22.59.24:832][505]LogSavePackage: Moving '../../../../../../supers-master/supers-master 4.16/supers/Saved/player17DE432EE41E5919276F7F5A5763A2674.tmp' to '../../../../../../supers-master/supers-master 4.16/supers/Content/TwinStickBP/Blueprints/player1.uasset'
[2017.06.23-22.59.24:836][505]LogSavePackage:Display: Finished SavePackage ../../../../../../supers-master/supers-master 4.16/supers/Content/TwinStickBP/Blueprints/player1.uasset
[2017.06.23-22.59.44:636][637]BlueprintLog: New page: Compile player2
[2017.06.23-22.59.45:492][664]Cmd: OBJ SAVEPACKAGE PACKAGE="/Game/TwinStickBP/Blueprints/player2" FILE="../../../../../../supers-master/supers-master 4.16/supers/Content/TwinStickBP/Blueprints/player2.uasset" SILENT=true
[2017.06.23-22.59.45:702][664]LogSavePackage: Save=190.73ms
[2017.06.23-22.59.45:702][664]LogSavePackage: Moving '../../../../../../supers-master/supers-master 4.16/supers/Saved/player2BB8130D34359E15331D5A99DA14B2BDE.tmp' to '../../../../../../supers-master/supers-master 4.16/supers/Content/TwinStickBP/Blueprints/player2.uasset'
[2017.06.23-22.59.45:706][664]LogSavePackage:Display: Finished SavePackage ../../../../../../supers-master/supers-master 4.16/supers/Content/TwinStickBP/Blueprints/player2.uasset
[2017.06.23-23.00.36:220][653]LogSavePackage: Save=314.86ms
[2017.06.23-23.00.36:220][653]LogSavePackage: Moving '../../../../../../supers-master/supers-master 4.16/supers/Saved/TwinStickExampleMap_Auto1C7AD8392450391C2FD4871A86C37C481.tmp' to '../../../../../../supers-master/supers-master 4.16/supers/Saved/Autosaves/Game/TwinStickBP/Maps/TwinStickExampleMap_Auto1.umap'
[2017.06.23-23.00.36:223][653]LogSavePackage:Display: Finished SavePackage ../../../../../../supers-master/supers-master 4.16/supers/Saved/Autosaves/Game/TwinStickBP/Maps/TwinStickExampleMap_Auto1.umap
[2017.06.23-23.00.36:225][653]LogFileHelpers: Editor autosave (incl. sublevels) for '/Game/TwinStickBP/Maps/TwinStickExampleMap' took 0.363
[2017.06.23-23.00.36:225][653]LogFileHelpers: Editor autosave (incl. sublevels) for all levels took 0.363
[2017.06.23-23.00.36:229][653]OBJ SavePackage: Generating thumbnails for [0] asset(s) in package [/Game/TwinStickBP/Blueprints/player2] ([1] browsable assets)...
[2017.06.23-23.00.36:229][653]OBJ SavePackage: Finished generating thumbnails for package [/Game/TwinStickBP/Blueprints/player2]
[2017.06.23-23.00.36:434][653]LogSavePackage: Save=186.45ms
[2017.06.23-23.00.36:434][653]LogSavePackage: Moving '../../../../../../supers-master/supers-master 4.16/supers/Saved/player2_Auto11599BC3D4C881EC5355FABB02060A77E.tmp' to '../../../../../../supers-master/supers-master 4.16/supers/Saved/Autosaves/Game/TwinStickBP/Blueprints/player2_Auto1.uasset'
[2017.06.23-23.00.36:436][653]LogSavePackage:Display: Finished SavePackage ../../../../../../supers-master/supers-master 4.16/supers/Saved/Autosaves/Game/TwinStickBP/Blueprints/player2_Auto1.uasset
[2017.06.23-23.00.36:437][653]OBJ SavePackage: Generating thumbnails for [1] asset(s) in package [/Game/Yellow] ([1] browsable assets)...
[2017.06.23-23.00.36:447][653]OBJ SavePackage:     Rendered thumbnail for [Material /Game/Yellow.Yellow]
[2017.06.23-23.00.36:447][653]OBJ SavePackage: Finished generating thumbnails for package [/Game/Yellow]
[2017.06.23-23.00.36:447][653]Cmd: OBJ SAVEPACKAGE PACKAGE="/Game/Yellow" FILE="../../../../../../supers-master/supers-master 4.16/supers/Saved/Autosaves/Game/Yellow_Auto1.uasset" SILENT=false AUTOSAVING=true
[2017.06.23-23.00.36:462][653]LogSavePackage: Save=11.10ms
[2017.06.23-23.00.36:462][653]LogSavePackage: Moving '../../../../../../supers-master/supers-master 4.16/supers/Saved/Yellow_Auto1CEA4B5734449EE347C55E38737573541.tmp' to '../../../../../../supers-master/supers-master 4.16/supers/Saved/Autosaves/Game/Yellow_Auto1.uasset'
[2017.06.23-23.00.36:463][653]LogSavePackage:Display: Finished SavePackage ../../../../../../supers-master/supers-master 4.16/supers/Saved/Autosaves/Game/Yellow_Auto1.uasset
[2017.06.23-23.00.36:464][653]OBJ SavePackage: Generating thumbnails for [1] asset(s) in package [/Game/Red] ([1] browsable assets)...
[2017.06.23-23.00.36:474][653]OBJ SavePackage:     Rendered thumbnail for [Material /Game/Red.Red]
[2017.06.23-23.00.36:474][653]OBJ SavePackage: Finished generating thumbnails for package [/Game/Red]
[2017.06.23-23.00.36:474][653]Cmd: OBJ SAVEPACKAGE PACKAGE="/Game/Red" FILE="../../../../../../supers-master/supers-master 4.16/supers/Saved/Autosaves/Game/Red_Auto1.uasset" SILENT=false AUTOSAVING=true
[2017.06.23-23.00.36:488][653]LogSavePackage: Save=11.65ms
[2017.06.23-23.00.36:488][653]LogSavePackage: Moving '../../../../../../supers-master/supers-master 4.16/supers/Saved/Red_Auto19F043D8D46E8E5B0C897D7AC5473A520.tmp' to '../../../../../../supers-master/supers-master 4.16/supers/Saved/Autosaves/Game/Red_Auto1.uasset'
[2017.06.23-23.00.36:489][653]LogSavePackage:Display: Finished SavePackage ../../../../../../supers-master/supers-master 4.16/supers/Saved/Autosaves/Game/Red_Auto1.uasset
[2017.06.23-23.00.36:490][653]OBJ SavePackage: Generating thumbnails for [1] asset(s) in package [/Game/Green] ([1] browsable assets)...
[2017.06.23-23.00.36:502][653]OBJ SavePackage:     Rendered thumbnail for [Material /Game/Green.Green]
[2017.06.23-23.00.36:502][653]OBJ SavePackage: Finished generating thumbnails for package [/Game/Green]
[2017.06.23-23.00.36:502][653]Cmd: OBJ SAVEPACKAGE PACKAGE="/Game/Green" FILE="../../../../../../supers-master/supers-master 4.16/supers/Saved/Autosaves/Game/Green_Auto1.uasset" SILENT=false AUTOSAVING=true
[2017.06.23-23.00.36:517][653]LogSavePackage: Save=13.05ms
[2017.06.23-23.00.36:517][653]LogSavePackage: Moving '../../../../../../supers-master/supers-master 4.16/supers/Saved/Green_Auto1DAFC531949505F2185B4CB8D1011C6ED.tmp' to '../../../../../../supers-master/supers-master 4.16/supers/Saved/Autosaves/Game/Green_Auto1.uasset'
[2017.06.23-23.00.36:519][653]LogSavePackage:Display: Finished SavePackage ../../../../../../supers-master/supers-master 4.16/supers/Saved/Autosaves/Game/Green_Auto1.uasset
[2017.06.23-23.00.36:519][653]LogFileHelpers: Auto-saving content packages took 0.290
[2017.06.23-23.14.26:465][460]BlueprintLog: New page: Compile player3
[2017.06.23-23.14.27:396][489]Cmd: OBJ SAVEPACKAGE PACKAGE="/Game/TwinStickBP/Blueprints/player3" FILE="../../../../../../supers-master/supers-master 4.16/supers/Content/TwinStickBP/Blueprints/player3.uasset" SILENT=true
[2017.06.23-23.14.27:607][489]LogSavePackage: Save=188.58ms
[2017.06.23-23.14.27:607][489]LogSavePackage: Moving '../../../../../../supers-master/supers-master 4.16/supers/Saved/player3F3EC9149413A1E68CF550DA6E1B9A543.tmp' to '../../../../../../supers-master/supers-master 4.16/supers/Content/TwinStickBP/Blueprints/player3.uasset'
[2017.06.23-23.14.27:612][489]LogSavePackage:Display: Finished SavePackage ../../../../../../supers-master/supers-master 4.16/supers/Content/TwinStickBP/Blueprints/player3.uasset
[2017.06.23-23.14.31:613][723]Cmd: OBJ SAVEPACKAGE PACKAGE="/Game/TwinStickBP/Blueprints/player2" FILE="../../../../../../supers-master/supers-master 4.16/supers/Content/TwinStickBP/Blueprints/player2.uasset" SILENT=true
[2017.06.23-23.14.31:815][723]LogSavePackage: Save=180.96ms
[2017.06.23-23.14.31:816][723]LogSavePackage: Moving '../../../../../../supers-master/supers-master 4.16/supers/Saved/player248FA354841D5988B6B90C1BC5D9B005A.tmp' to '../../../../../../supers-master/supers-master 4.16/supers/Content/TwinStickBP/Blueprints/player2.uasset'
[2017.06.23-23.14.31:819][723]LogSavePackage:Display: Finished SavePackage ../../../../../../supers-master/supers-master 4.16/supers/Content/TwinStickBP/Blueprints/player2.uasset
[2017.06.23-23.14.34:004][853]LogActorComponent: UnregisterComponent: (/Engine/Transient.EditorFloorComp) Not registered. Aborting.
[2017.06.23-23.14.58:090][249]BlueprintLog: New page: Compile player4
[2017.06.23-23.15.08:885][864]Cmd: OBJ SAVEPACKAGE PACKAGE="/Game/TwinStickBP/Blueprints/player4" FILE="../../../../../../supers-master/supers-master 4.16/supers/Content/TwinStickBP/Blueprints/player4.uasset" SILENT=true
[2017.06.23-23.15.09:099][864]LogSavePackage: Save=191.86ms
[2017.06.23-23.15.09:099][864]LogSavePackage: Moving '../../../../../../supers-master/supers-master 4.16/supers/Saved/player48603049C4233D905CB7A7C931B75C72E.tmp' to '../../../../../../supers-master/supers-master 4.16/supers/Content/TwinStickBP/Blueprints/player4.uasset'
[2017.06.23-23.15.09:104][864]LogSavePackage:Display: Finished SavePackage ../../../../../../supers-master/supers-master 4.16/supers/Content/TwinStickBP/Blueprints/player4.uasset
[2017.06.23-23.15.30:246][ 77]BlueprintLog: New page: Compile player5
[2017.06.23-23.15.45:376][951]Cmd: OBJ SAVEPACKAGE PACKAGE="/Game/TwinStickBP/Blueprints/player5" FILE="../../../../../../supers-master/supers-master 4.16/supers/Content/TwinStickBP/Blueprints/player5.uasset" SILENT=true
[2017.06.23-23.15.45:593][951]LogSavePackage: Save=192.53ms
[2017.06.23-23.15.45:593][951]LogSavePackage: Moving '../../../../../../supers-master/supers-master 4.16/supers/Saved/player59E2F8EA24C3A370712FA2B96D08A4A55.tmp' to '../../../../../../supers-master/supers-master 4.16/supers/Content/TwinStickBP/Blueprints/player5.uasset'
[2017.06.23-23.15.45:598][951]LogSavePackage:Display: Finished SavePackage ../../../../../../supers-master/supers-master 4.16/supers/Content/TwinStickBP/Blueprints/player5.uasset
[2017.06.23-23.16.02:499][914]BlueprintLog: New page: Compile player6
[2017.06.23-23.16.18:443][834]Cmd: OBJ SAVEPACKAGE PACKAGE="/Game/TwinStickBP/Blueprints/player6" FILE="../../../../../../supers-master/supers-master 4.16/supers/Content/TwinStickBP/Blueprints/player6.uasset" SILENT=true
[2017.06.23-23.16.18:656][834]LogSavePackage: Save=191.64ms
[2017.06.23-23.16.18:656][834]LogSavePackage: Moving '../../../../../../supers-master/supers-master 4.16/supers/Saved/player69EB5C7E84350B4B2F8B08E835569963F.tmp' to '../../../../../../supers-master/supers-master 4.16/supers/Content/TwinStickBP/Blueprints/player6.uasset'
[2017.06.23-23.16.18:659][834]LogSavePackage:Display: Finished SavePackage ../../../../../../supers-master/supers-master 4.16/supers/Content/TwinStickBP/Blueprints/player6.uasset
[2017.06.23-23.16.22:631][ 67]LogTemp: Repeting last play command: New Editor Window (PIE)
[2017.06.23-23.16.22:742][ 67]LogBlueprintUserMessages: Early PlayInEditor Detection: Level '/Game/TwinStickBP/Maps/TwinStickExampleMap.TwinStickExampleMap:PersistentLevel' has LevelScriptBlueprint '/Game/TwinStickBP/Maps/TwinStickExampleMap.TwinStickExampleMap:PersistentLevel.TwinStickExampleMap' with GeneratedClass '/Game/TwinStickBP/Maps/TwinStickExampleMap.TwinStickExampleMap_C' with ClassGeneratedBy '/Game/TwinStickBP/Maps/TwinStickExampleMap.TwinStickExampleMap:PersistentLevel.TwinStickExampleMap'
[2017.06.23-23.16.22:742][ 67]LogPlayLevel: PlayLevel: No blueprints needed recompiling
[2017.06.23-23.16.22:743][ 67]PIE: New page: PIE session: TwinStickExampleMap (Jun 23, 2017, 9:16:22 AM)
[2017.06.23-23.16.22:743][ 67]LogPlayLevel: Creating play world package: /Game/TwinStickBP/Maps/UEDPIE_0_TwinStickExampleMap
[2017.06.23-23.16.22:750][ 67]LogPlayLevel: PIE: StaticDuplicateObject took: (0.007049s)
[2017.06.23-23.16.22:750][ 67]LogAIModule: Creating AISystem for world TwinStickExampleMap
[2017.06.23-23.16.22:751][ 67]LogPlayLevel: PIE: World Init took: (0.000796s)
[2017.06.23-23.16.22:751][ 67]LogPlayLevel: PIE: Created PIE world by copying editor world from /Game/TwinStickBP/Maps/TwinStickExampleMap.TwinStickExampleMap to /Game/TwinStickBP/Maps/UEDPIE_0_TwinStickExampleMap.TwinStickExampleMap (0.008038s)
[2017.06.23-23.16.22:774][ 67]LogInit: XAudio2 using 'Speakers (Realtek High Definition Audio)' : 6 channels at 48 kHz using 32 bits per sample (channel mask 0x3f)
[2017.06.23-23.16.22:839][ 67]LogInit: FAudioDevice initialized.
[2017.06.23-23.16.22:893][ 67]LogLoad: Game class is 'TwinStickGameMode_C'
[2017.06.23-23.16.22:897][ 67]LogWorld: Bringing World /Game/TwinStickBP/Maps/UEDPIE_0_TwinStickExampleMap.TwinStickExampleMap up for play (max tick rate 60) at 2017.06.23-16.16.22
[2017.06.23-23.16.22:898][ 67]LogWorld: Bringing up level for play took: 0.002310
[2017.06.23-23.16.22:943][ 67]LogContentBrowser: Native class hierarchy updated for 'MovieSceneCapture' in 0.0005 seconds. Added 11 classes and 0 folders.
[2017.06.23-23.16.22:943][ 67]LogGameMode:Display: Match State Changed from EnteringMap to WaitingToStart
[2017.06.23-23.16.22:943][ 67]LogGameState: Match State Changed from EnteringMap to WaitingToStart
[2017.06.23-23.16.22:943][ 67]LogGameMode:Display: Match State Changed from WaitingToStart to InProgress
[2017.06.23-23.16.22:944][ 67]LogGameState: Match State Changed from WaitingToStart to InProgress
[2017.06.23-23.16.22:948][ 67]PIE: Info Play in editor start time for /Game/TwinStickBP/Maps/UEDPIE_0_TwinStickExampleMap 0.073
[2017.06.23-23.16.22:949][ 67]LogBlueprintUserMessages: Late PlayInEditor Detection: Level '/Game/TwinStickBP/Maps/TwinStickExampleMap.TwinStickExampleMap:PersistentLevel' has LevelScriptBlueprint '/Game/TwinStickBP/Maps/TwinStickExampleMap.TwinStickExampleMap:PersistentLevel.TwinStickExampleMap' with GeneratedClass '/Game/TwinStickBP/Maps/TwinStickExampleMap.TwinStickExampleMap_C' with ClassGeneratedBy '/Game/TwinStickBP/Maps/TwinStickExampleMap.TwinStickExampleMap:PersistentLevel.TwinStickExampleMap'
[2017.06.23-23.16.22:978][ 67]LogRenderer: Reallocating scene render targets to support 1292x756 NumSamples 1 (Frame:1).
[2017.06.23-23.16.46:014][447]LogBlueprintUserMessages: Early EndPlayMap Detection: Level '/Game/TwinStickBP/Maps/TwinStickExampleMap.TwinStickExampleMap:PersistentLevel' has LevelScriptBlueprint '/Game/TwinStickBP/Maps/TwinStickExampleMap.TwinStickExampleMap:PersistentLevel.TwinStickExampleMap' with GeneratedClass '/Game/TwinStickBP/Maps/TwinStickExampleMap.TwinStickExampleMap_C' with ClassGeneratedBy '/Game/TwinStickBP/Maps/TwinStickExampleMap.TwinStickExampleMap:PersistentLevel.TwinStickExampleMap'
[2017.06.23-23.16.46:075][447]LogBlueprintUserMessages: Late EndPlayMap Detection: Level '/Game/TwinStickBP/Maps/TwinStickExampleMap.TwinStickExampleMap:PersistentLevel' has LevelScriptBlueprint '/Game/TwinStickBP/Maps/TwinStickExampleMap.TwinStickExampleMap:PersistentLevel.TwinStickExampleMap' with GeneratedClass '/Game/TwinStickBP/Maps/TwinStickExampleMap.TwinStickExampleMap_C' with ClassGeneratedBy '/Game/TwinStickBP/Maps/TwinStickExampleMap.TwinStickExampleMap:PersistentLevel.TwinStickExampleMap'
[2017.06.23-23.16.51:761][764]LogSavePackage: Save=318.37ms
[2017.06.23-23.16.51:761][764]LogSavePackage: Moving '../../../../../../supers-master/supers-master 4.16/supers/Saved/TwinStickExampleMap841FBAC04E1E187AF9AD7DAF84E96CB2.tmp' to '../../../../../../supers-master/supers-master 4.16/supers/Content/TwinStickBP/Maps/TwinStickExampleMap.umap'
[2017.06.23-23.16.51:766][764]LogSavePackage:Display: Finished SavePackage ../../../../../../supers-master/supers-master 4.16/supers/Content/TwinStickBP/Maps/TwinStickExampleMap.umap
[2017.06.23-23.16.56:173][839]Cmd: OBJ SAVEPACKAGE PACKAGE="/Game/Green" FILE="../../../../../../supers-master/supers-master 4.16/supers/Content/Green.uasset" SILENT=true
[2017.06.23-23.16.56:190][839]LogSavePackage: Save=13.84ms
[2017.06.23-23.16.56:190][839]LogSavePackage: Moving '../../../../../../supers-master/supers-master 4.16/supers/Saved/Green2F4316A44039F4A869BFF48C5DC639A1.tmp' to '../../../../../../supers-master/supers-master 4.16/supers/Content/Green.uasset'
[2017.06.23-23.16.56:193][839]LogSavePackage:Display: Finished SavePackage ../../../../../../supers-master/supers-master 4.16/supers/Content/Green.uasset
[2017.06.23-23.16.56:207][839]Cmd: OBJ SAVEPACKAGE PACKAGE="/Game/Red" FILE="../../../../../../supers-master/supers-master 4.16/supers/Content/Red.uasset" SILENT=true
[2017.06.23-23.16.56:221][839]LogSavePackage: Save=11.85ms
[2017.06.23-23.16.56:221][839]LogSavePackage: Moving '../../../../../../supers-master/supers-master 4.16/supers/Saved/Red0D42674A4A46F200C6BFCFBBAE8695D4.tmp' to '../../../../../../supers-master/supers-master 4.16/supers/Content/Red.uasset'
[2017.06.23-23.16.56:225][839]LogSavePackage:Display: Finished SavePackage ../../../../../../supers-master/supers-master 4.16/supers/Content/Red.uasset
[2017.06.23-23.16.56:239][839]Cmd: OBJ SAVEPACKAGE PACKAGE="/Game/Yellow" FILE="../../../../../../supers-master/supers-master 4.16/supers/Content/Yellow.uasset" SILENT=true
[2017.06.23-23.16.56:254][839]LogSavePackage: Save=11.90ms
[2017.06.23-23.16.56:254][839]LogSavePackage: Moving '../../../../../../supers-master/supers-master 4.16/supers/Saved/YellowD94926F146049B8FA8CA63BDD26C9369.tmp' to '../../../../../../supers-master/supers-master 4.16/supers/Content/Yellow.uasset'
[2017.06.23-23.16.56:256][839]LogSavePackage:Display: Finished SavePackage ../../../../../../supers-master/supers-master 4.16/supers/Content/Yellow.uasset
[2017.06.23-23.16.56:343][839]LogWindowsTextInputMethodSystem:Display: IME system now deactivated.
[2017.06.23-23.16.56:520][840]Cmd: QUIT_EDITOR
[2017.06.23-23.16.57:424][840]LogExit: Preparing to exit.
[2017.06.23-23.16.57:820][840]LogDirectoryWatcher: A directory notification for 'C:/supers-master/supers-master 4.16/supers/Content/' was aborted.
[2017.06.23-23.16.57:852][840]LogExit: Editor shut down
[2017.06.23-23.16.57:856][840]LogExit: Transaction tracking system shut down
[2017.06.23-23.16.57:937][840]LogObj: Freed 0b from 0 cluster array pools.
[2017.06.23-23.16.57:938][840]LogExit: Object subsystem successfully closed.
[2017.06.23-23.16.57:960][840]LogD3D11RHI: Shutdown
[2017.06.23-23.16.57:960][840]LogD3D11RHI: CleanupD3DDevice
[2017.06.23-23.16.58:051][840]LogD3D11RHI: ~FD3D11DynamicRHI
[2017.06.23-23.16.58:069][840]LogModuleManager: Shutting down and abandoning module MovieSceneCapture (534)
[2017.06.23-23.16.58:069][840]LogModuleManager: Shutting down and abandoning module HierarchicalLODUtilities (532)
[2017.06.23-23.16.58:069][840]LogModuleManager: Shutting down and abandoning module MaterialEditor (530)
[2017.06.23-23.16.58:069][840]LogModuleManager: Shutting down and abandoning module BlueprintGraph (528)
[2017.06.23-23.16.58:069][840]LogModuleManager: Shutting down and abandoning module BlueprintProfiler (526)
[2017.06.23-23.16.58:069][840]LogModuleManager: Shutting down and abandoning module HierarchicalLODOutliner (524)
[2017.06.23-23.16.58:069][840]LogModuleManager: Shutting down and abandoning module CrashTracker (522)
[2017.06.23-23.16.58:069][840]LogModuleManager: Shutting down and abandoning module SceneOutliner (520)
[2017.06.23-23.16.58:069][840]LogModuleManager: Shutting down and abandoning module AddContentDialog (518)
[2017.06.23-23.16.58:069][840]LogDirectoryWatcher: A directory notification for 'C:/Program Files/Epic Games/UE_4.16/FeaturePacks/' was aborted.
[2017.06.23-23.16.58:070][840]LogModuleManager: Shutting down and abandoning module WidgetCarousel (517)
[2017.06.23-23.16.58:070][840]LogModuleManager: Shutting down and abandoning module EditorWidgets (514)
[2017.06.23-23.16.58:070][840]LogModuleManager: Shutting down and abandoning module CollectionManager (512)
[2017.06.23-23.16.58:070][840]LogDirectoryWatcher: A directory notification for 'C:/supers-master/supers-master 4.16/supers/Content/Collections/' was aborted.
[2017.06.23-23.16.58:070][840]LogDirectoryWatcher: A directory notification for 'C:/supers-master/supers-master 4.16/supers/Content/Developers/NewXB/Collections/' was aborted.
[2017.06.23-23.16.58:070][840]LogDirectoryWatcher: A directory notification for 'C:/supers-master/supers-master 4.16/supers/Saved/Collections/' was aborted.
[2017.06.23-23.16.58:070][840]LogModuleManager: Shutting down and abandoning module StatsViewer (510)
[2017.06.23-23.16.58:070][840]LogModuleManager: Shutting down and abandoning module FoliageEdit (508)
[2017.06.23-23.16.58:070][840]LogModuleManager: Shutting down and abandoning module LandscapeEditor (506)
[2017.06.23-23.16.58:070][840]LogModuleManager: Shutting down and abandoning module MeshPaintMode (504)
[2017.06.23-23.16.58:070][840]LogModuleManager: Shutting down and abandoning module SceneDepthPickerMode (502)
[2017.06.23-23.16.58:070][840]LogModuleManager: Shutting down and abandoning module ActorPickerMode (500)
[2017.06.23-23.16.58:070][840]LogModuleManager: Shutting down and abandoning module GeometryMode (498)
[2017.06.23-23.16.58:070][840]LogModuleManager: Shutting down and abandoning module TextureAlignMode (496)
[2017.06.23-23.16.58:070][840]LogModuleManager: Shutting down and abandoning module BspMode (494)
[2017.06.23-23.16.58:070][840]LogModuleManager: Shutting down and abandoning module HardwareSurvey (492)
[2017.06.23-23.16.58:070][840]LogModuleManager: Shutting down and abandoning module SequenceRecorderSections (490)
[2017.06.23-23.16.58:070][840]LogModuleManager: Shutting down and abandoning module AutomationWorker (488)
[2017.06.23-23.16.58:070][840]LogModuleManager: Shutting down and abandoning module MatineeToLevelSequence (486)
[2017.06.23-23.16.58:070][840]LogModuleManager: Shutting down and abandoning module LevelSequenceEditor (484)
[2017.06.23-23.16.58:070][840]LogModuleManager: Shutting down and abandoning module PlacementMode (483)
[2017.06.23-23.16.58:070][840]LogModuleManager: Shutting down and abandoning module WmfMediaFactory (480)
[2017.06.23-23.16.58:070][840]LogModuleManager: Shutting down and abandoning module WmfMediaEditor (478)
[2017.06.23-23.16.58:070][840]LogModuleManager: Shutting down and abandoning module AvfMediaFactory (476)
[2017.06.23-23.16.58:070][840]LogModuleManager: Shutting down and abandoning module AvfMediaEditor (474)
[2017.06.23-23.16.58:070][840]LogModuleManager: Shutting down and abandoning module AndroidMediaFactory (472)
[2017.06.23-23.16.58:070][840]LogModuleManager: Shutting down and abandoning module Media (471)
[2017.06.23-23.16.58:070][840]LogModuleManager: Shutting down and abandoning module AndroidMediaEditor (468)
[2017.06.23-23.16.58:070][840]LogModuleManager: Shutting down and abandoning module CharacterAI (466)
[2017.06.23-23.16.58:070][840]LogModuleManager: Shutting down and abandoning module AudioCapture (464)
[2017.06.23-23.16.58:070][840]LogModuleManager: Shutting down and abandoning module SequenceRecorder (463)
[2017.06.23-23.16.58:070][840]LogModuleManager: Shutting down and abandoning module SmartSnapping (460)
[2017.06.23-23.16.58:070][840]LogModuleManager: Shutting down and abandoning module SessionServices (458)
[2017.06.23-23.16.58:070][840]LogModuleManager: Shutting down and abandoning module ViewportSnapping (456)
[2017.06.23-23.16.58:070][840]LogModuleManager: Shutting down and abandoning module ViewportInteraction (454)
[2017.06.23-23.16.58:070][840]LogModuleManager: Shutting down and abandoning module ClothPainter (452)
[2017.06.23-23.16.58:070][840]LogModuleManager: Shutting down and abandoning module LogVisualizer (450)
[2017.06.23-23.16.58:070][840]LogModuleManager: Shutting down and abandoning module IntroTutorials (448)
[2017.06.23-23.16.58:070][840]LogModuleManager: Shutting down and abandoning module GameProjectGeneration (447)
[2017.06.23-23.16.58:070][840]LogModuleManager: Shutting down and abandoning module EditorLiveStreaming (444)
[2017.06.23-23.16.58:070][840]LogModuleManager: Shutting down and abandoning module IOSPlatformEditor (442)
[2017.06.23-23.16.58:070][840]LogModuleManager: Shutting down and abandoning module HTML5PlatformEditor (440)
[2017.06.23-23.16.58:070][840]LogModuleManager: Shutting down and abandoning module AndroidPlatformEditor (438)
[2017.06.23-23.16.58:070][840]LogModuleManager: Shutting down and abandoning module AndroidDeviceDetection (437)
[2017.06.23-23.16.59:059][840]LogModuleManager: Shutting down and abandoning module IOSRuntimeSettings (434)
[2017.06.23-23.16.59:059][840]LogModuleManager: Shutting down and abandoning module AndroidRuntimeSettings (432)
[2017.06.23-23.16.59:059][840]LogModuleManager: Shutting down and abandoning module InputBindingEditor (430)
[2017.06.23-23.16.59:059][840]LogModuleManager: Shutting down and abandoning module MergeActors (428)
[2017.06.23-23.16.59:059][840]LogModuleManager: Shutting down and abandoning module SizeMap (426)
[2017.06.23-23.16.59:059][840]LogModuleManager: Shutting down and abandoning module TreeMap (424)
[2017.06.23-23.16.59:059][840]LogModuleManager: Shutting down and abandoning module ReferenceViewer (422)
[2017.06.23-23.16.59:059][840]LogModuleManager: Shutting down and abandoning module LocalizationDashboard (420)
[2017.06.23-23.16.59:059][840]LogModuleManager: Shutting down and abandoning module LocalizationService (419)
[2017.06.23-23.16.59:059][840]LogModuleManager: Shutting down and abandoning module HardwareTargeting (416)
[2017.06.23-23.16.59:059][840]LogModuleManager: Shutting down and abandoning module DeviceProfileEditor (414)
[2017.06.23-23.16.59:059][840]LogModuleManager: Shutting down and abandoning module UndoHistory (412)
[2017.06.23-23.16.59:059][840]LogModuleManager: Shutting down and abandoning module UserFeedback (410)
[2017.06.23-23.16.59:059][840]LogModuleManager: Shutting down and abandoning module XmlParser (408)
[2017.06.23-23.16.59:059][840]LogModuleManager: Shutting down and abandoning module Blutility (406)
[2017.06.23-23.16.59:059][840]LogModuleManager: Shutting down and abandoning module ProjectSettingsViewer (404)
[2017.06.23-23.16.59:059][840]LogModuleManager: Shutting down and abandoning module ProjectTargetPlatformEditor (403)
[2017.06.23-23.16.59:059][840]LogModuleManager: Shutting down and abandoning module EditorSettingsViewer (400)
[2017.06.23-23.16.59:059][840]LogModuleManager: Shutting down and abandoning module SettingsEditor (398)
[2017.06.23-23.16.59:059][840]LogModuleManager: Shutting down and abandoning module ProjectLauncher (396)
[2017.06.23-23.16.59:059][840]LogModuleManager: Shutting down and abandoning module SessionFrontend (394)
[2017.06.23-23.16.59:059][840]LogModuleManager: Shutting down and abandoning module ProfilerClient (392)
[2017.06.23-23.16.59:059][840]LogModuleManager: Shutting down and abandoning module DeviceManager (390)
[2017.06.23-23.16.59:059][840]LogModuleManager: Shutting down and abandoning module TargetDeviceServices (389)
[2017.06.23-23.16.59:113][840]LogModuleManager: Shutting down and abandoning module AutomationController (386)
[2017.06.23-23.16.59:113][840]LogModuleManager: Shutting down and abandoning module AutomationWindow (384)
[2017.06.23-23.16.59:113][840]LogModuleManager: Shutting down and abandoning module Layers (382)
[2017.06.23-23.16.59:113][840]LogModuleManager: Shutting down and abandoning module ComponentVisualizers (380)
[2017.06.23-23.16.59:113][840]LogModuleManager: Shutting down and abandoning module DetailCustomizations (378)
[2017.06.23-23.16.59:113][840]LogModuleManager: Shutting down and abandoning module PackagesDialog (376)
[2017.06.23-23.16.59:113][840]LogModuleManager: Shutting down and abandoning module Persona (374)
[2017.06.23-23.16.59:113][840]LogModuleManager: Shutting down and abandoning module AdvancedPreviewScene (373)
[2017.06.23-23.16.59:113][840]LogModuleManager: Shutting down and abandoning module AnimGraph (371)
[2017.06.23-23.16.59:113][840]LogModuleManager: Shutting down and abandoning module Kismet (368)
[2017.06.23-23.16.59:120][840]LogModuleManager: Shutting down and abandoning module ClassViewer (366)
[2017.06.23-23.16.59:120][840]LogModuleManager: Shutting down and abandoning module Toolbox (364)
[2017.06.23-23.16.59:120][840]LogModuleManager: Shutting down and abandoning module ModuleUI (362)
[2017.06.23-23.16.59:120][840]LogModuleManager: Shutting down and abandoning module MovieSceneTools (360)
[2017.06.23-23.16.59:120][840]LogModuleManager: Shutting down and abandoning module OutputLog (358)
[2017.06.23-23.16.59:120][840]LogModuleManager: Shutting down and abandoning module GammaUI (356)
[2017.06.23-23.16.59:120][840]LogModuleManager: Shutting down and abandoning module Documentation (354)
[2017.06.23-23.16.59:120][840]LogModuleManager: Shutting down and abandoning module MovieSceneTracks (352)
[2017.06.23-23.16.59:120][840]LogModuleManager: Shutting down and abandoning module MovieScene (350)
[2017.06.23-23.16.59:120][840]LogModuleManager: Shutting down and abandoning module Niagara (348)
[2017.06.23-23.16.59:120][840]LogModuleManager: Shutting down and abandoning module NiagaraEditor (347)
[2017.06.23-23.16.59:120][840]LogModuleManager: Shutting down and abandoning module StreamingPauseRendering (344)
[2017.06.23-23.16.59:120][840]LogModuleManager: Shutting down and abandoning module AnalyticsET (342)
[2017.06.23-23.16.59:120][840]LogModuleManager: Shutting down and abandoning module PortalServices (340)
[2017.06.23-23.16.59:120][840]LogModuleManager: Shutting down and abandoning module PortalRpc (338)
[2017.06.23-23.16.59:120][840]LogModuleManager: Shutting down and abandoning module MessagingRpc (336)
[2017.06.23-23.16.59:120][840]LogModuleManager: Shutting down and abandoning module AIModule (334)
[2017.06.23-23.16.59:120][840]LogModuleManager: Shutting down and abandoning module GameplayDebugger (333)
[2017.06.23-23.16.59:120][840]LogModuleManager: Shutting down and abandoning module AITestSuite (331)
[2017.06.23-23.16.59:120][840]LogModuleManager: Shutting down and abandoning module ProfilerService (328)
[2017.06.23-23.16.59:316][840]LogModuleManager: Shutting down and abandoning module TaskGraph (326)
[2017.06.23-23.16.59:316][840]LogModuleManager: Shutting down and abandoning module SteamVRController (324)
[2017.06.23-23.16.59:316][840]LogModuleManager: Shutting down and abandoning module SteamVR (322)
[2017.06.23-23.16.59:316][840]LogModuleManager: Shutting down and abandoning module ProceduralMeshComponentEditor (320)
[2017.06.23-23.16.59:316][840]LogModuleManager: Shutting down and abandoning module ProceduralMeshComponent (318)
[2017.06.23-23.16.59:316][840]LogModuleManager: Shutting down and abandoning module OculusLibrary (316)
[2017.06.23-23.16.59:316][840]LogModuleManager: Shutting down and abandoning module OculusInput (314)
[2017.06.23-23.16.59:316][840]LogModuleManager: Shutting down and abandoning module MobilePatchingUtils (312)
[2017.06.23-23.16.59:316][840]LogModuleManager: Shutting down and abandoning module CustomMeshComponent (310)
[2017.06.23-23.16.59:316][840]LogModuleManager: Shutting down and abandoning module CableComponent (308)
[2017.06.23-23.16.59:316][840]LogModuleManager: Shutting down and abandoning module ArchVisCharacter (306)
[2017.06.23-23.16.59:316][840]LogModuleManager: Shutting down and abandoning module AndroidPermission (304)
[2017.06.23-23.16.59:316][840]LogModuleManager: Shutting down and abandoning module MediaPlayerEditor (300)
[2017.06.23-23.16.59:316][840]LogModuleManager: Shutting down and abandoning module HTML5Networking (298)
[2017.06.23-23.16.59:316][840]LogModuleManager: Shutting down and abandoning module AlembicImporter (296)
[2017.06.23-23.16.59:316][840]LogModuleManager: Shutting down and abandoning module AlembicLibrary (295)
[2017.06.23-23.16.59:316][840]LogModuleManager: Shutting down and abandoning module GeometryCache (294)
[2017.06.23-23.16.59:316][840]LogModuleManager: Shutting down and abandoning module GeometryCacheEd (293)
[2017.06.23-23.16.59:316][840]LogModuleManager: Shutting down and abandoning module SuperSearchEditor (288)
[2017.06.23-23.16.59:316][840]LogModuleManager: Shutting down and abandoning module SuperSearch (287)
[2017.06.23-23.16.59:316][840]LogModuleManager: Shutting down and abandoning module SpeedTreeImporter (284)
[2017.06.23-23.16.59:316][840]LogModuleManager: Shutting down and abandoning module PluginBrowser (282)
[2017.06.23-23.16.59:316][840]LogModuleManager: Shutting down and abandoning module MobileLauncherProfileWizard (280)
[2017.06.23-23.16.59:316][840]LogModuleManager: Shutting down and abandoning module VisualStudioSourceCodeAccess (278)
[2017.06.23-23.16.59:316][840]LogModuleManager: Shutting down and abandoning module DesktopPlatform (277)
[2017.06.23-23.16.59:316][840]LogModuleManager: Shutting down and abandoning module UObjectPlugin (274)
[2017.06.23-23.16.59:316][840]LogModuleManager: Shutting down and abandoning module SubversionSourceControl (272)
[2017.06.23-23.16.59:316][840]LogModuleManager: Shutting down and abandoning module PerforceSourceControl (270)
[2017.06.23-23.16.59:316][840]LogModuleManager: Shutting down and abandoning module GitSourceControl (268)
[2017.06.23-23.16.59:316][840]LogModuleManager: Shutting down and abandoning module SourceControl (267)
[2017.06.23-23.16.59:316][840]LogModuleManager: Shutting down and abandoning module LightPropagationVolumeEditor (264)
[2017.06.23-23.16.59:316][840]LogModuleManager: Shutting down and abandoning module PaperTiledImporter (262)
[2017.06.23-23.16.59:316][840]LogModuleManager: Shutting down and abandoning module PaperSpriteSheetImporter (260)
[2017.06.23-23.16.59:316][840]LogModuleManager: Shutting down and abandoning module Paper2DEditor (258)
[2017.06.23-23.16.59:316][840]LogModuleManager: Shutting down and abandoning module MeshPaint (257)
[2017.06.23-23.16.59:317][840]LogModuleManager: Shutting down and abandoning module LevelEditor (255)
[2017.06.23-23.16.59:317][840]LogModuleManager: Shutting down and abandoning module PixelInspectorModule (254)
[2017.06.23-23.16.59:317][840]LogModuleManager: Shutting down and abandoning module MainFrame (252)
[2017.06.23-23.16.59:317][840]LogModuleManager: Shutting down and abandoning module HotReload (251)
[2017.06.23-23.16.59:318][840]LogModuleManager: Shutting down and abandoning module PhysXVehiclesEditor (246)
[2017.06.23-23.16.59:318][840]LogModuleManager: Shutting down and abandoning module PhysXVehicles (244)
[2017.06.23-23.16.59:318][840]LogModuleManager: Shutting down and abandoning module LocationServicesBPLibrary (242)
[2017.06.23-23.16.59:318][840]LogModuleManager: Shutting down and abandoning module ImmediatePhysicsEditor (240)
[2017.06.23-23.16.59:318][840]LogModuleManager: Shutting down and abandoning module ImmediatePhysics (238)
[2017.06.23-23.16.59:318][840]LogModuleManager: Shutting down and abandoning module UdpMessaging (236)
[2017.06.23-23.16.59:418][840]LogModuleManager: Shutting down and abandoning module TcpMessaging (234)
[2017.06.23-23.16.59:519][840]LogModuleManager: Shutting down and abandoning module GameplayTagsEditor (232)
[2017.06.23-23.16.59:519][840]LogModuleManager: Shutting down and abandoning module FacialAnimationEditor (230)
[2017.06.23-23.16.59:519][840]LogModuleManager: Shutting down and abandoning module FacialAnimation (228)
[2017.06.23-23.16.59:519][840]LogModuleManager: Shutting down and abandoning module AssetManagerEditor (226)
[2017.06.23-23.16.59:519][840]LogModuleManager: Shutting down and abandoning module GraphEditor (225)
[2017.06.23-23.16.59:519][840]LogModuleManager: Shutting down and abandoning module ContentBrowser (223)
[2017.06.23-23.16.59:519][840]LogModuleManager: Shutting down and abandoning module LightPropagationVolumeRuntime (220)
[2017.06.23-23.16.59:519][840]LogModuleManager: Shutting down and abandoning module Paper2D (218)
[2017.06.23-23.16.59:519][840]LogModuleManager: Shutting down and abandoning module WindowsMoviePlayer (216)
[2017.06.23-23.16.59:519][840]LogModuleManager: Shutting down and abandoning module WmfMedia (214)
[2017.06.23-23.16.59:520][840]LogModuleManager: Shutting down and abandoning module ClothingSystemEditor (212)
[2017.06.23-23.16.59:520][840]LogModuleManager: Shutting down and abandoning module ClothingSystemRuntime (210)
[2017.06.23-23.16.59:520][840]LogModuleManager: Shutting down and abandoning module MediaAssets (208)
[2017.06.23-23.16.59:520][840]LogModuleManager: Shutting down and abandoning module GameLiveStreaming (206)
[2017.06.23-23.16.59:520][840]LogModuleManager: Shutting down and abandoning module VREditor (204)
[2017.06.23-23.16.59:520][840]LogModuleManager: Shutting down and abandoning module StringTableEditor (202)
[2017.06.23-23.16.59:520][840]LogModuleManager: Shutting down and abandoning module GameplayTasksEditor (200)
[2017.06.23-23.16.59:520][840]LogModuleManager: Shutting down and abandoning module BehaviorTreeEditor (198)
[2017.06.23-23.16.59:520][840]LogModuleManager: Shutting down and abandoning module FunctionalTesting (196)
[2017.06.23-23.16.59:520][840]LogModuleManager: Shutting down and abandoning module CollisionAnalyzer (194)
[2017.06.23-23.16.59:520][840]LogModuleManager: Shutting down and abandoning module UMG (192)
[2017.06.23-23.16.59:520][840]LogModuleManager: Shutting down and abandoning module UMGEditor (191)
[2017.06.23-23.16.59:520][840]LogModuleManager: Shutting down and abandoning module Sequencer (190)
[2017.06.23-23.16.59:520][840]LogModuleManager: Shutting down and abandoning module AssetTools (188)
[2017.06.23-23.16.59:520][840]LogModuleManager: Shutting down and abandoning module MessageLog (187)
[2017.06.23-23.16.59:520][840]LogModuleManager: Shutting down and abandoning module WorkspaceMenuStructure (186)
[2017.06.23-23.16.59:520][840]LogModuleManager: Shutting down and abandoning module SlateReflector (180)
[2017.06.23-23.16.59:520][840]LogModuleManager: Shutting down and abandoning module Slate (178)
[2017.06.23-23.16.59:520][840]LogModuleManager: Shutting down and abandoning module EditorStyle (176)
[2017.06.23-23.16.59:522][840]LogModuleManager: Shutting down and abandoning module SourceCodeAccess (174)
[2017.06.23-23.16.59:522][840]LogModuleManager: Shutting down and abandoning module HeadMountedDisplay (172)
[2017.06.23-23.16.59:522][840]LogModuleManager: Shutting down and abandoning module XAudio2 (170)
[2017.06.23-23.16.59:522][840]LogModuleManager: Shutting down and abandoning module Networking (168)
[2017.06.23-23.16.59:522][840]LogModuleManager: Shutting down and abandoning module Core (164)
[2017.06.23-23.16.59:522][840]LogModuleManager: Shutting down and abandoning module AssetRegistry (162)
[2017.06.23-23.16.59:706][840]LogDirectoryWatcher: A directory notification for '../../../Engine/Content/' was aborted.
[2017.06.23-23.16.59:706][840]LogDirectoryWatcher: A directory notification for '../../../../../../supers-master/supers-master 4.16/supers/Content/' was aborted.
[2017.06.23-23.16.59:706][840]LogDirectoryWatcher: A directory notification for '../../../Engine/Plugins/2D/Paper2D/Content/' was aborted.
[2017.06.23-23.16.59:706][840]LogDirectoryWatcher: A directory notification for '../../../Engine/Plugins/Runtime/GearVR/Content/' was aborted.
[2017.06.23-23.16.59:708][840]LogModuleManager: Shutting down and abandoning module DirectoryWatcher (161)
[2017.06.23-23.16.59:709][840]LogModuleManager: Shutting down and abandoning module KismetCompiler (158)
[2017.06.23-23.16.59:709][840]LogModuleManager: Shutting down and abandoning module LevelSequence (156)
[2017.06.23-23.16.59:709][840]LogModuleManager: Shutting down and abandoning module PhysXFormats (154)
[2017.06.23-23.16.59:709][840]LogModuleManager: Shutting down and abandoning module MeshUtilities (152)
[2017.06.23-23.16.59:709][840]LogModuleManager: Shutting down and abandoning module SimplygonSwarm (151)
[2017.06.23-23.16.59:709][840]LogModuleManager: Shutting down and abandoning module SimplygonMeshReduction (149)
[2017.06.23-23.16.59:709][840]LogModuleManager: Shutting down and abandoning module QuadricMeshReduction (147)
[2017.06.23-23.16.59:709][840]LogModuleManager: Shutting down and abandoning module DerivedDataCache (144)
[2017.06.23-23.16.59:769][840]LogDerivedDataCache: Shutdown
[2017.06.23-23.16.59:769][840]LogModuleManager: Shutting down and abandoning module TargetPlatform (142)
[2017.06.23-23.16.59:769][840]LogModuleManager: Shutting down and abandoning module VulkanShaderFormat (141)
[2017.06.23-23.16.59:769][840]LogModuleManager: Shutting down and abandoning module ShaderFormatVectorVM (139)
[2017.06.23-23.16.59:769][840]LogModuleManager: Shutting down and abandoning module ShaderFormatOpenGL (137)
[2017.06.23-23.16.59:769][840]LogModuleManager: Shutting down and abandoning module ShaderFormatD3D (135)
[2017.06.23-23.16.59:769][840]LogModuleManager: Shutting down and abandoning module MetalShaderFormat (133)
[2017.06.23-23.16.59:769][840]LogModuleManager: Shutting down and abandoning module TextureFormatUncompressed (131)
[2017.06.23-23.16.59:769][840]LogModuleManager: Shutting down and abandoning module TextureFormatPVR (129)
[2017.06.23-23.16.59:769][840]LogModuleManager: Shutting down and abandoning module TextureFormatDXT (127)
[2017.06.23-23.16.59:769][840]LogModuleManager: Shutting down and abandoning module TextureFormatIntelISPCTexComp (125)
[2017.06.23-23.16.59:770][840]LogModuleManager: Shutting down and abandoning module TextureFormatASTC (123)
[2017.06.23-23.16.59:770][840]LogModuleManager: Shutting down and abandoning module ImageWrapper (122)
[2017.06.23-23.16.59:770][840]LogModuleManager: Shutting down and abandoning module TextureFormatAndroid (119)
[2017.06.23-23.16.59:770][840]LogModuleManager: Shutting down and abandoning module AudioFormatOpus (117)
[2017.06.23-23.16.59:770][840]LogModuleManager: Shutting down and abandoning module AudioFormatOgg (115)
[2017.06.23-23.16.59:770][840]LogModuleManager: Shutting down and abandoning module AudioFormatADPCM (113)
[2017.06.23-23.16.59:770][840]LogModuleManager: Shutting down and abandoning module LinuxTargetPlatform (111)
[2017.06.23-23.16.59:770][840]LogModuleManager: Shutting down and abandoning module LinuxServerTargetPlatform (109)
[2017.06.23-23.16.59:770][840]LogModuleManager: Shutting down and abandoning module LinuxNoEditorTargetPlatform (107)
[2017.06.23-23.16.59:770][840]LogModuleManager: Shutting down and abandoning module LinuxClientTargetPlatform (105)
[2017.06.23-23.16.59:770][840]LogModuleManager: Shutting down and abandoning module TVOSTargetPlatform (103)
[2017.06.23-23.16.59:770][840]LogModuleManager: Shutting down and abandoning module Messaging (101)
[2017.06.23-23.16.59:770][840]LogModuleManager: Shutting down and abandoning module IOSTargetPlatform (99)
[2017.06.23-23.16.59:770][840]LogModuleManager: Shutting down and abandoning module HTML5TargetPlatform (97)
[2017.06.23-23.16.59:770][840]LogModuleManager: Shutting down and abandoning module Android_PVRTCTargetPlatform (95)
[2017.06.23-23.16.59:770][840]LogModuleManager: Shutting down and abandoning module Android_MultiTargetPlatform (93)
[2017.06.23-23.16.59:770][840]LogModuleManager: Shutting down and abandoning module Android_ETC2TargetPlatform (91)
[2017.06.23-23.16.59:770][840]LogModuleManager: Shutting down and abandoning module Android_ETC1TargetPlatform (89)
[2017.06.23-23.16.59:770][840]LogModuleManager: Shutting down and abandoning module Android_DXTTargetPlatform (87)
[2017.06.23-23.16.59:770][840]LogModuleManager: Shutting down and abandoning module Android_ATCTargetPlatform (85)
[2017.06.23-23.16.59:770][840]LogModuleManager: Shutting down and abandoning module Android_ASTCTargetPlatform (83)
[2017.06.23-23.16.59:770][840]LogModuleManager: Shutting down and abandoning module AndroidTargetPlatform (81)
[2017.06.23-23.16.59:770][840]LogModuleManager: Shutting down and abandoning module WindowsTargetPlatform (79)
[2017.06.23-23.16.59:770][840]LogModuleManager: Shutting down and abandoning module WindowsServerTargetPlatform (77)
[2017.06.23-23.16.59:770][840]LogModuleManager: Shutting down and abandoning module WindowsNoEditorTargetPlatform (75)
[2017.06.23-23.16.59:770][840]LogModuleManager: Shutting down and abandoning module WindowsClientTargetPlatform (73)
[2017.06.23-23.16.59:770][840]LogModuleManager: Shutting down and abandoning module MacTargetPlatform (71)
[2017.06.23-23.16.59:770][840]LogModuleManager: Shutting down and abandoning module MacServerTargetPlatform (69)
[2017.06.23-23.16.59:770][840]LogModuleManager: Shutting down and abandoning module MacNoEditorTargetPlatform (67)
[2017.06.23-23.16.59:770][840]LogModuleManager: Shutting down and abandoning module MacClientTargetPlatform (65)
[2017.06.23-23.16.59:770][840]LogModuleManager: Shutting down and abandoning module AllDesktopTargetPlatform (63)
[2017.06.23-23.16.59:770][840]LogModuleManager: Shutting down and abandoning module InputCore (60)
[2017.06.23-23.16.59:770][840]LogModuleManager: Shutting down and abandoning module Settings (58)
[2017.06.23-23.16.59:770][840]LogModuleManager: Shutting down and abandoning module OculusRift (56)
[2017.06.23-23.16.59:770][840]LogModuleManager: Shutting down and abandoning module GearVRController (54)
[2017.06.23-23.16.59:770][840]LogModuleManager: Shutting down and abandoning module GearVR (52)
[2017.06.23-23.16.59:770][840]LogModuleManager: Shutting down and abandoning module ExampleDeviceProfileSelector (50)
[2017.06.23-23.16.59:770][840]LogModuleManager: Shutting down and abandoning module OnlineBlueprintSupport (48)
[2017.06.23-23.16.59:770][840]LogModuleManager: Shutting down and abandoning module OnlineSubsystem (44)
[2017.06.23-23.16.59:770][840]LogOnline:Display: Unloading online subsystem: NULL
[2017.06.23-23.16.59:770][840]LogModuleManager: Shutting down and abandoning module XMPP (43)
[2017.06.23-23.16.59:770][840]LogModuleManager: Shutting down and abandoning module HTTP (41)
[2017.06.23-23.16.59:770][840]LogHttp:Display: Http module shutting down, but needs to wait on 1 outstanding Http requests:
[2017.06.23-23.16.59:770][840]LogHttp:Display: 	verb=[POST] url=[https://datarouter.ol.epicgames.com/datarouter/api/v1/public/data?SessionID=%7BDD6CC280-4A0C-3062-8A83-90B3B7C333D5%7D&AppID=UEEditor.Rocket.Release&AppVersion=4.16.1-3466753%2B%2B%2BUE4%2BRelease-4.16&UserID=ccbd696a430c42306ac6d1845b8e8cc2%7Cbccad1b3b1304992b6c7a115ad0c5f38%7C64686fe7-a4cd-47f8-aa0b-7720796a3ca2&AppEnvironment=datacollector-binary&UploadType=eteventstream] status=Processing
[2017.06.23-23.16.59:776][840]LogModuleManager: Shutting down and abandoning module SSL (40)
[2017.06.23-23.16.59:778][840]LogModuleManager: Shutting down and abandoning module HTTPChunkInstaller (36)
[2017.06.23-23.16.59:778][840]LogModuleManager: Shutting down and abandoning module AnimationModifiers (34)
[2017.06.23-23.16.59:778][840]LogModuleManager: Shutting down and abandoning module PropertyEditor (33)
[2017.06.23-23.16.59:778][840]LogModuleManager: Shutting down and abandoning module AudioEditor (30)
[2017.06.23-23.16.59:778][840]LogModuleManager: Shutting down and abandoning module TextureCompressor (28)
[2017.06.23-23.16.59:778][840]LogModuleManager: Shutting down and abandoning module ShaderCore (26)
[2017.06.23-23.16.59:778][840]LogModuleManager: Shutting down and abandoning module Landscape (24)
[2017.06.23-23.16.59:778][840]LogModuleManager: Shutting down and abandoning module SlateRHIRenderer (22)
[2017.06.23-23.16.59:779][840]LogModuleManager: Shutting down and abandoning module OpenGLDrv (20)
[2017.06.23-23.16.59:779][840]LogModuleManager: Shutting down and abandoning module D3D11RHI (18)
[2017.06.23-23.16.59:779][840]LogModuleManager: Shutting down and abandoning module AnimGraphRuntime (16)
[2017.06.23-23.16.59:779][840]LogModuleManager: Shutting down and abandoning module Renderer (14)
[2017.06.23-23.16.59:779][840]LogModuleManager: Shutting down and abandoning module Engine (12)
[2017.06.23-23.16.59:779][840]LogModuleManager: Shutting down and abandoning module CoreUObject (10)
[2017.06.23-23.16.59:779][840]LogModuleManager: Shutting down and abandoning module NetworkFile (8)
[2017.06.23-23.16.59:779][840]LogModuleManager: Shutting down and abandoning module StreamingFile (6)
[2017.06.23-23.16.59:779][840]LogModuleManager: Shutting down and abandoning module SandboxFile (4)
[2017.06.23-23.16.59:779][840]LogModuleManager: Shutting down and abandoning module PakFile (2)
[2017.06.23-23.16.59:780][840]LogExit: Exiting.
[2017.06.23-23.16.59:793][840]Log file closed, 06/23/17 16:16:59
