Log file open, 07/14/17 00:37:55
LogInit:Display: Running engine for game: Supers
LogPlatformFile: Not using cached read wrapper
LogInit:Display: RandInit(2143470948) SRandInit(2143470948).
LogTaskGraph: Started task graph with 5 named threads and 8 total threads with 1 sets of task threads.
LogStats: Stats thread started at 0.090759
LogInit: Using libcurl 7.47.1
LogInit:  - built for x86_64-pc-win32
LogInit:  - supports SSL with OpenSSL/1.0.2g
LogInit:  - supports HTTP deflate (compression) using libz 1.2.8
LogInit:  - other features:
LogInit:      CURL_VERSION_SSL
LogInit:      CURL_VERSION_LIBZ
LogInit:      CURL_VERSION_IPV6
LogInit:      CURL_VERSION_ASYNCHDNS
LogInit:      CURL_VERSION_LARGEFILE
LogInit:      CURL_VERSION_IDN
LogInit:  CurlRequestOptions (configurable via config and command line):
LogInit:  - bVerifyPeer = false  - Libcurl will NOT verify peer certificate
LogInit:  - bUseHttpProxy = false  - Libcurl will NOT use HTTP proxy
LogInit:  - bDontReuseConnections = false  - Libcurl will reuse connections
LogInit:  - CertBundlePath = nullptr  - Libcurl will use whatever was configured at build time.
LogInit: Build: ++UE4+Release-4.16-CL-3514769
LogInit: Engine Version: 4.16.2-3514769+++UE4+Release-4.16
LogInit: Compatible Engine Version: 4.16.0-3452394+++UE4+Release-4.16
LogInit: Net CL: 3452394
LogDevObjectVersion: Number of dev versions registered: 16
LogDevObjectVersion:   Dev-Blueprints (B0D832E4-1F89-4F0D-ACCF-7EB736FD4AA2): 9
LogDevObjectVersion:   Dev-Build (E1C64328-A22C-4D53-A36C-8E866417BD8C): 0
LogDevObjectVersion:   Dev-Core (375EC13C-06E4-48FB-B500-84F0262A717E): 2
LogDevObjectVersion:   Dev-Editor (E4B068ED-F494-42E9-A231-DA0B2E46BB41): 17
LogDevObjectVersion:   Dev-Framework (CFFC743F-43B0-4480-9391-14DF171D2073): 23
LogDevObjectVersion:   Dev-Mobile (B02B49B5-BB20-44E9-A304-32B752E40360): 0
LogDevObjectVersion:   Dev-Networking (A4E4105C-59A1-49B5-A7C5-40C4547EDFEE): 0
LogDevObjectVersion:   Dev-Online (39C831C9-5AE6-47DC-9A44-9C173E1C8E7C): 0
LogDevObjectVersion:   Dev-Physics (78F01B33-EBEA-4F98-B9B4-84EACCB95AA2): 0
LogDevObjectVersion:   Dev-Platform (6631380F-2D4D-43E0-8009-CF276956A95A): 0
LogDevObjectVersion:   Dev-Rendering (12F88B9F-8875-4AFC-A67C-D90C383ABD29): 15
LogDevObjectVersion:   Dev-Sequencer (7B5AE74C-D270-4C10-A958-57980B212A5A): 4
LogDevObjectVersion:   Dev-VR (D7296918-1DD6-4BDD-9DE2-64A83CC13884): 0
LogDevObjectVersion:   Dev-LoadTimes (C2A15278-BFE7-4AFE-6C17-90FF531DF755): 1
LogDevObjectVersion:   Private-Geometry (6EACA3D4-40EC-4CC1-B786-8BED09428FC5): 1
LogDevObjectVersion:   Dev-AnimPhys (29E575DD-E0A3-4627-9D10-D276232CDCEA): 3
LogInit: Compiled (64-bit): Jun 29 2017 02:03:24
LogInit: Compiled with Visual C++: 19.00.24215.01
LogInit: Build Configuration: Development
LogInit: Branch Name: ++UE4+Release-4.16
LogInit: Command line:  
LogInit: Base directory: C:/Program Files/Epic Games/UE_4.16/Engine/Binaries/Win64/
LogInit: Installed Engine Build: 1
LogInit: Presizing for max 8388607 objects, including 0 objects not considered by GC, pre-allocating 0 bytes for permanent pool.
LogInit: Object subsystem initialized
[2017.07.14-07.37.56:107][  0]LogInit: Selected Device Profile: [Windows]
[2017.07.14-07.37.56:107][  0]LogInit: Applying CVar settings loaded from the selected device profile: [Windows]
[2017.07.14-07.37.56:118][  0]LogInit: Computer: DESKTOP-2T88I18
[2017.07.14-07.37.56:118][  0]LogInit: User: NewXB
[2017.07.14-07.37.56:118][  0]LogInit: CPU Page size=4096, Cores=4
[2017.07.14-07.37.56:118][  0]LogInit: High frequency timer resolution =2.648439 MHz
[2017.07.14-07.37.56:119][  0]LogMemory: Memory total: Physical=31.9GB (32GB approx)
[2017.07.14-07.37.56:119][  0]LogMemory: Platform Memory Stats for Windows
[2017.07.14-07.37.56:119][  0]LogMemory: Process Physical Memory: 274.11 MB used, 274.11 MB peak
[2017.07.14-07.37.56:119][  0]LogMemory: Process Virtual Memory: 260.90 MB used, 260.90 MB peak
[2017.07.14-07.37.56:119][  0]LogMemory: Physical Memory: 12978.19 MB used,  19725.55 MB free, 32703.74 MB total
[2017.07.14-07.37.56:119][  0]LogMemory: Virtual Memory: 638.47 MB used,  19725.55 MB free, 134217728.00 MB total
[2017.07.14-07.37.56:603][  0]LogInit: Using OS detected language (en-US).
[2017.07.14-07.37.56:603][  0]LogInit: Using OS detected locale (en-US).
[2017.07.14-07.37.56:607][  0]LogTextLocalizationManager: No specific localization for 'en-US' exists, so the 'en' localization will be used.
[2017.07.14-07.37.57:516][  0]LogD3D11RHI: D3D11 adapters:
[2017.07.14-07.37.57:572][  0]LogD3D11RHI:    0. 'NVIDIA GeForce GTX 1070' (Feature Level 11_0)
[2017.07.14-07.37.57:572][  0]LogD3D11RHI:       8113/0/16351 MB DedicatedVideo/DedicatedSystem/SharedSystem, Outputs:1, VendorId:0x10de
[2017.07.14-07.37.57:573][  0]LogD3D11RHI:    1. 'Microsoft Basic Render Driver' (Feature Level 11_0)
[2017.07.14-07.37.57:573][  0]LogD3D11RHI:       0/0/16351 MB DedicatedVideo/DedicatedSystem/SharedSystem, Outputs:0, VendorId:0x1414
[2017.07.14-07.37.57:573][  0]LogD3D11RHI: Chosen D3D11 Adapter: 0
[2017.07.14-07.37.57:581][  0]LogD3D11RHI: Creating new Direct3DDevice
[2017.07.14-07.37.57:581][  0]LogD3D11RHI:     GPU DeviceId: 0x1be1 (for the marketing name, search the web for "GPU Device Id")
[2017.07.14-07.37.57:581][  0]LogWindows: EnumDisplayDevices:
[2017.07.14-07.37.57:581][  0]LogWindows:    0. 'NVIDIA GeForce GTX 1070' (P:1 D:1)
[2017.07.14-07.37.57:582][  0]LogWindows:    1. 'NVIDIA GeForce GTX 1070' (P:0 D:0)
[2017.07.14-07.37.57:582][  0]LogWindows:    2. 'NVIDIA GeForce GTX 1070' (P:0 D:0)
[2017.07.14-07.37.57:582][  0]LogWindows:    3. 'NVIDIA GeForce GTX 1070' (P:0 D:0)
[2017.07.14-07.37.57:582][  0]LogWindows: DebugString: FoundDriverCount:4 
[2017.07.14-07.37.57:582][  0]LogD3D11RHI:     Adapter Name: NVIDIA GeForce GTX 1070
[2017.07.14-07.37.57:582][  0]LogD3D11RHI:   Driver Version: 382.33 (internal:22.21.13.8233, unified:382.33)
[2017.07.14-07.37.57:582][  0]LogD3D11RHI:      Driver Date: 5-17-2017
[2017.07.14-07.37.57:582][  0]LogRHI: Texture pool is 1361 MB (70% of 1945 MB)
[2017.07.14-07.37.57:612][  0]LogD3D11RHI: Async texture creation enabled
[2017.07.14-07.37.57:622][  0]LogD3D11RHI: GPU Timing Frequency: 1000.000000 (Debug: 2 1)
[2017.07.14-07.37.57:665][  0]LogShaderCompilers: Guid format shader working directory is -12 characters bigger than the processId version (../../../../../../supers-master/supers-master 4.16/supers/Intermediate/Shaders/WorkingDirectory/22312/).
[2017.07.14-07.37.57:665][  0]LogShaderCompilers: Cleaned the shader compiler working directory 'C:/Users/NewXB/AppData/Local/Temp/UnrealShaderWorkingDir/1101EEFC40291E05149AC3AE89527022/'.
[2017.07.14-07.37.57:665][  0]LogShaderCompilers:Display: Using Local Shader Compiler.
[2017.07.14-07.37.58:652][  0]LogTemp:Display: Loaded TP AllDesktopTargetPlatform
[2017.07.14-07.37.58:706][  0]LogTemp:Display: Loaded TP MacClientTargetPlatform
[2017.07.14-07.37.58:761][  0]LogTemp:Display: Loaded TP MacNoEditorTargetPlatform
[2017.07.14-07.37.58:814][  0]LogTemp:Display: Loaded TP MacServerTargetPlatform
[2017.07.14-07.37.58:869][  0]LogTemp:Display: Loaded TP MacTargetPlatform
[2017.07.14-07.37.58:922][  0]LogTemp:Display: Loaded TP WindowsClientTargetPlatform
[2017.07.14-07.37.58:977][  0]LogTemp:Display: Loaded TP WindowsNoEditorTargetPlatform
[2017.07.14-07.37.59:032][  0]LogTemp:Display: Loaded TP WindowsServerTargetPlatform
[2017.07.14-07.37.59:081][  0]LogTemp:Display: Loaded TP WindowsTargetPlatform
[2017.07.14-07.37.59:137][  0]LogTemp:Display: Loaded TP AndroidTargetPlatform
[2017.07.14-07.37.59:190][  0]LogTemp:Display: Loaded TP Android_ASTCTargetPlatform
[2017.07.14-07.37.59:243][  0]LogTemp:Display: Loaded TP Android_ATCTargetPlatform
[2017.07.14-07.37.59:297][  0]LogTemp:Display: Loaded TP Android_DXTTargetPlatform
[2017.07.14-07.37.59:351][  0]LogTemp:Display: Loaded TP Android_ETC1TargetPlatform
[2017.07.14-07.37.59:404][  0]LogTemp:Display: Loaded TP Android_ETC2TargetPlatform
[2017.07.14-07.37.59:512][  0]LogTemp:Display: Loaded TP Android_MultiTargetPlatform
[2017.07.14-07.37.59:512][  0]LogTemp:Display: Loaded TP Android_PVRTCTargetPlatform
[2017.07.14-07.37.59:554][  0]LogTemp:Display: Loaded TP HTML5TargetPlatform
[2017.07.14-07.37.59:653][  0]LogTemp:Display: Loaded TP IOSTargetPlatform
[2017.07.14-07.37.59:683][  0]LogTemp:Display: Loaded TP TVOSTargetPlatform
[2017.07.14-07.37.59:738][  0]LogTemp:Display: Loaded TP LinuxClientTargetPlatform
[2017.07.14-07.37.59:792][  0]LogTemp:Display: Loaded TP LinuxNoEditorTargetPlatform
[2017.07.14-07.37.59:846][  0]LogTemp:Display: Loaded TP LinuxServerTargetPlatform
[2017.07.14-07.37.59:901][  0]LogTemp:Display: Loaded TP LinuxTargetPlatform
[2017.07.14-07.37.59:901][  0]LogTargetPlatformManager:Display: Building Assets For Windows
[2017.07.14-07.38.00:429][  0]LogDerivedDataCache:Display: Max Cache Size: 512 MB
[2017.07.14-07.38.00:514][  0]LogDerivedDataCache: Loaded boot cache 0.08s 89MB C:/Users/NewXB/AppData/Local/UnrealEngine/4.16/DerivedDataCache/Boot.ddc.
[2017.07.14-07.38.00:514][  0]LogDerivedDataCache:Display: Loaded Boot cache: C:/Users/NewXB/AppData/Local/UnrealEngine/4.16/DerivedDataCache/Boot.ddc
[2017.07.14-07.38.00:514][  0]LogDerivedDataCache: FDerivedDataBackendGraph:  Pak pak cache file ../../../../../../supers-master/supers-master 4.16/supers/DerivedDataCache/DDC.ddp not found, will not use a pak cache.
[2017.07.14-07.38.00:514][  0]LogDerivedDataCache: Unable to find inner node Pak for hierarchical cache Hierarchy.
[2017.07.14-07.38.00:514][  0]LogDerivedDataCache: FDerivedDataBackendGraph:  CompressedPak pak cache file ../../../../../../supers-master/supers-master 4.16/supers/DerivedDataCache/Compressed.ddp not found, will not use a pak cache.
[2017.07.14-07.38.00:514][  0]LogDerivedDataCache: Unable to find inner node CompressedPak for hierarchical cache Hierarchy.
[2017.07.14-07.38.00:528][  0]LogDerivedDataCache:Display: Pak cache opened for reading ../../../Engine/DerivedDataCache/Compressed.ddp.
[2017.07.14-07.38.00:541][  0]LogDerivedDataCache: Using Local data cache path C:/Users/NewXB/AppData/Local/UnrealEngine/Common/DerivedDataCache: Writable
[2017.07.14-07.38.00:551][  0]LogMaterial: Verifying Global Shaders for PCD3D_SM5
[2017.07.14-07.38.00:552][  0]LogSlate: Using Freetype 2.6.0
[2017.07.14-07.38.00:552][  0]LogSlate: SlateFontCache - WITH_FREETYPE: 1, WITH_HARFBUZZ: 1
[2017.07.14-07.38.00:552][  0]LogSlate: SlateFontCache - WITH_FREETYPE: 1, WITH_HARFBUZZ: 1
[2017.07.14-07.38.00:859][  0]LogInit: Selected Device Profile: [Windows]
[2017.07.14-07.38.00:925][  0]LogContentStreaming: Texture pool size is 0.00 MB
[2017.07.14-07.38.01:086][  0]LogMeshUtilities: Using QuadricMeshReduction for automatic static mesh reduction
[2017.07.14-07.38.01:135][  0]LogSimplygon: Simplygon DLL not present - disabling.
[2017.07.14-07.38.01:188][  0]LogMeshUtilities: Using SimplygonSwarm for distributed automatic mesh merging
[2017.07.14-07.38.01:188][  0]LogMeshUtilities: No automatic skeletal mesh reduction module available
[2017.07.14-07.38.01:188][  0]LogMeshUtilities: No automatic mesh merging module available
[2017.07.14-07.38.01:734][  0]LogNetVersion: Supers , NetCL: 3452394, EngineNetVer: 2, GameNetVer: 0 (Checksum: 3304520363)
[2017.07.14-07.38.01:797][  0]LogAssetRegistry: FAssetRegistry took 0.0258 seconds to start up
[2017.07.14-07.38.01:868][  0]LogPackageLocalizationCache: Processed 4 localized package path(s) for 2 prioritized culture(s) in 0.041674 seconds
[2017.07.14-07.38.01:872][  0]LogUObjectArray: 34194 objects as part of root set at end of initial load.
[2017.07.14-07.38.01:872][  0]LogUObjectAllocator: 7260416 out of 0 bytes used by permanent object pool.
[2017.07.14-07.38.01:872][  0]LogUObjectArray: CloseDisregardForGC: 0/0 objects in disregard for GC pool
[2017.07.14-07.38.01:940][  0]LogInit: WinSock: version 1.1 (2.2), MaxSocks=32767, MaxUdp=65467
[2017.07.14-07.38.04:395][  0]LogTcpMessaging: Initializing TcpMessaging bridge
[2017.07.14-07.38.04:439][  0]LogUdpMessaging: Initializing bridge on interface 0.0.0.0:0 to multicast group 230.0.0.1:6666.
[2017.07.14-07.38.05:018][  0]LogMaterial: Uniform references updated for custom material expression Custom.
[2017.07.14-07.38.05:462][  0]SourceControl: Info Source control is disabled
[2017.07.14-07.38.05:502][  0]SourceControl: Info Source control is disabled
[2017.07.14-07.38.05:554][  0]SourceControl: Info Source control is disabled
[2017.07.14-07.38.05:606][  0]SourceControl: Info Source control is disabled
[2017.07.14-07.38.06:365][  0]LogAndroidPermission: UAndroidPermissionCallbackProxy::GetInstance
[2017.07.14-07.38.07:025][  0]LogEngine: Initializing Engine...
[2017.07.14-07.38.07:049][  0]LogHMD: Failed to initialize OpenVR with code 126
[2017.07.14-07.38.07:243][  0]LogStats: UGameplayTagsManager::ConstructGameplayTagTree: Construct from data asset -  0.000 s
[2017.07.14-07.38.07:243][  0]LogStats: UGameplayTagsManager::ConstructGameplayTagTree: GameplayTagTreeChangedEvent.Broadcast -  0.000 s
[2017.07.14-07.38.07:389][  0]LogAIModule: Creating AISystem for world Untitled
[2017.07.14-07.38.07:400][  0]LogInit: XAudio2 using 'Speakers (Realtek High Definition Audio)' : 6 channels at 48 kHz using 32 bits per sample (channel mask 0x3f)
[2017.07.14-07.38.07:473][  0]LogInit: FAudioDevice initialized.
[2017.07.14-07.38.07:518][  0]LogDerivedDataCache: Saved boot cache 0.04s 89MB C:/Users/NewXB/AppData/Local/UnrealEngine/4.16/DerivedDataCache/Boot.ddc.
[2017.07.14-07.38.07:530][  0]LogInit: Texture streaming: Enabled
[2017.07.14-07.38.07:629][  0]LogEngineSessionManager: EngineSessionManager initialized
[2017.07.14-07.38.07:873][  0]LogInit: Transaction tracking system initialized
[2017.07.14-07.38.08:228][  0]BlueprintLog: New page: Editor Load
[2017.07.14-07.38.09:229][  0]LocalizationService: Info Localization service is disabled
[2017.07.14-07.38.09:970][  0]LogConsoleResponse:Display: 
[2017.07.14-07.38.10:114][  0]LogCook:Display: Max memory allowance for cook 16384mb min free memory 0mb
[2017.07.14-07.38.10:114][  0]LogCook:Display: Mobile HDR setting 1
[2017.07.14-07.38.10:488][  0]LogFileCache: Scanning file cache for directory 'C:/supers-master/supers-master 4.16/supers/Content/' took 0.01s
[2017.07.14-07.38.11:212][  0]SourceControl: Info Source control is disabled
[2017.07.14-07.38.11:212][  0]Cmd: MAP LOAD FILE="../../../../../../supers-master/supers-master 4.16/supers/Content/TwinStickBP/Maps/TwinStickExampleMap.umap" TEMPLATE=0 SHOWPROGRESS=1 FEATURELEVEL=3
[2017.07.14-07.38.11:212][  0]LightingResults: New page: Lighting Build
[2017.07.14-07.38.11:256][  0]MapCheck: New page: Map Check
[2017.07.14-07.38.11:257][  0]LightingResults: New page: Lighting Build
[2017.07.14-07.38.11:574][  0]LogBlueprint:Warning: Node '/Game/StarterContent/Blueprints/Blueprint_Effect_Sparks.Blueprint_Effect_Sparks:EdGraph_0.K2Node_FunctionEntry_37' missing NodeGuid because of upgrade from old package version, this can cause deterministic cooking issues please resave package.
[2017.07.14-07.38.11:575][  0]LogBlueprint:Warning: Node '/Game/StarterContent/Blueprints/Blueprint_Effect_Sparks.Blueprint_Effect_Sparks:EdGraph_1.K2Node_FunctionEntry_37' missing NodeGuid because of upgrade from old package version, this can cause deterministic cooking issues please resave package.
[2017.07.14-07.38.12:303][  0]LogBlueprint:Warning: Node '/Game/StarterContent/Blueprints/Blueprint_Effect_Sparks.Blueprint_Effect_Sparks:EdGraph_2.K2Node_FunctionEntry_37' missing NodeGuid because of upgrade from old package version, this can cause deterministic cooking issues please resave package.
[2017.07.14-07.38.13:014][  0]LogBlueprint:Warning: Node '/Game/StarterContent/Audio/Fire_Sparks01_Cue.Fire_Sparks01_Cue:SoundCueGraph_7.SoundCueGraphNode_6' missing NodeGuid because of upgrade from old package version, this can cause deterministic cooking issues please resave package.
[2017.07.14-07.38.13:014][  0]LogBlueprint:Warning: Node '/Game/StarterContent/Audio/Fire_Sparks01_Cue.Fire_Sparks01_Cue:SoundCueGraph_7.SoundCueGraphNode_Root_7' missing NodeGuid because of upgrade from old package version, this can cause deterministic cooking issues please resave package.
[2017.07.14-07.38.13:201][  0]LogBlueprint:Warning: Node '/Game/StarterContent/Blueprints/Blueprint_Effect_Sparks.Blueprint_Effect_Sparks:UserConstructionScript.K2Node_FunctionEntry_37' missing NodeGuid because of upgrade from old package version, this can cause deterministic cooking issues please resave package.
[2017.07.14-07.38.13:308][  0]LogAIModule: Creating AISystem for world TwinStickExampleMap
[2017.07.14-07.38.13:329][  0]LogEditorServer: Finished looking for orphan Actors (0.000 secs)
[2017.07.14-07.38.13:361][  0]Cmd: MAP CHECKDEP NOCLEARLOG
[2017.07.14-07.38.13:470][  0]MapCheck:Warning: Warning player6_1522 player6_C /Game/TwinStickBP/Maps/TwinStickExampleMap.TwinStickExampleMap:PersistentLevel.player6_1522 : Externally referenced 
[2017.07.14-07.38.13:470][  0]MapCheck:Warning: Warning player5_6470 player5_C /Game/TwinStickBP/Maps/TwinStickExampleMap.TwinStickExampleMap:PersistentLevel.player5_6470 : Externally referenced 
[2017.07.14-07.38.13:470][  0]MapCheck:Warning: Warning player4_2142 player4_C /Game/TwinStickBP/Maps/TwinStickExampleMap.TwinStickExampleMap:PersistentLevel.player4_2142 : Externally referenced 
[2017.07.14-07.38.13:470][  0]MapCheck:Warning: Warning player3_1752 player3_C /Game/TwinStickBP/Maps/TwinStickExampleMap.TwinStickExampleMap:PersistentLevel.player3_1752 : Externally referenced 
[2017.07.14-07.38.13:470][  0]MapCheck:Warning: Warning player2_2572 player2_C /Game/TwinStickBP/Maps/TwinStickExampleMap.TwinStickExampleMap:PersistentLevel.player2_2572 : Externally referenced 
[2017.07.14-07.38.13:470][  0]MapCheck:Warning: Warning player1_1352 player1_C /Game/TwinStickBP/Maps/TwinStickExampleMap.TwinStickExampleMap:PersistentLevel.player1_1352 : Externally referenced 
[2017.07.14-07.38.13:470][  0]MapCheck:Warning: Warning TwinStickExampleMap_C_0 TwinStickExampleMap_C /Game/TwinStickBP/Maps/TwinStickExampleMap.TwinStickExampleMap:PersistentLevel.TwinStickExampleMap_C_0 : Externally referenced 
[2017.07.14-07.38.13:470][  0]MapCheck:Warning: Warning ShipMeshComponent StaticMeshComponent /Game/TwinStickBP/Maps/TwinStickExampleMap.TwinStickExampleMap:PersistentLevel.player6_1522.ShipMeshComponent : Externally referenced 
[2017.07.14-07.38.13:470][  0]MapCheck:Warning: Warning EnergyShield StaticMeshComponent /Game/TwinStickBP/Maps/TwinStickExampleMap.TwinStickExampleMap:PersistentLevel.player6_1522.EnergyShield : Externally referenced 
[2017.07.14-07.38.13:470][  0]MapCheck:Warning: Warning Shield StaticMeshComponent /Game/TwinStickBP/Maps/TwinStickExampleMap.TwinStickExampleMap:PersistentLevel.player6_1522.Shield : Externally referenced 
[2017.07.14-07.38.13:470][  0]MapCheck:Warning: Warning ShipMeshComponent StaticMeshComponent /Game/TwinStickBP/Maps/TwinStickExampleMap.TwinStickExampleMap:PersistentLevel.player5_6470.ShipMeshComponent : Externally referenced 
[2017.07.14-07.38.13:470][  0]MapCheck:Warning: Warning EnergyShield StaticMeshComponent /Game/TwinStickBP/Maps/TwinStickExampleMap.TwinStickExampleMap:PersistentLevel.player5_6470.EnergyShield : Externally referenced 
[2017.07.14-07.38.13:470][  0]MapCheck:Warning: Warning Shield StaticMeshComponent /Game/TwinStickBP/Maps/TwinStickExampleMap.TwinStickExampleMap:PersistentLevel.player5_6470.Shield : Externally referenced 
[2017.07.14-07.38.13:470][  0]MapCheck:Warning: Warning ShipMeshComponent StaticMeshComponent /Game/TwinStickBP/Maps/TwinStickExampleMap.TwinStickExampleMap:PersistentLevel.player4_2142.ShipMeshComponent : Externally referenced 
[2017.07.14-07.38.13:470][  0]MapCheck:Warning: Warning EnergyShield StaticMeshComponent /Game/TwinStickBP/Maps/TwinStickExampleMap.TwinStickExampleMap:PersistentLevel.player4_2142.EnergyShield : Externally referenced 
[2017.07.14-07.38.13:470][  0]MapCheck:Warning: Warning Shield StaticMeshComponent /Game/TwinStickBP/Maps/TwinStickExampleMap.TwinStickExampleMap:PersistentLevel.player4_2142.Shield : Externally referenced 
[2017.07.14-07.38.13:470][  0]MapCheck:Warning: Warning ShipMeshComponent StaticMeshComponent /Game/TwinStickBP/Maps/TwinStickExampleMap.TwinStickExampleMap:PersistentLevel.player3_1752.ShipMeshComponent : Externally referenced 
[2017.07.14-07.38.13:470][  0]MapCheck:Warning: Warning EnergyShield StaticMeshComponent /Game/TwinStickBP/Maps/TwinStickExampleMap.TwinStickExampleMap:PersistentLevel.player3_1752.EnergyShield : Externally referenced 
[2017.07.14-07.38.13:470][  0]MapCheck:Warning: Warning Shield StaticMeshComponent /Game/TwinStickBP/Maps/TwinStickExampleMap.TwinStickExampleMap:PersistentLevel.player3_1752.Shield : Externally referenced 
[2017.07.14-07.38.13:470][  0]MapCheck:Warning: Warning ShipMeshComponent StaticMeshComponent /Game/TwinStickBP/Maps/TwinStickExampleMap.TwinStickExampleMap:PersistentLevel.player2_2572.ShipMeshComponent : Externally referenced 
[2017.07.14-07.38.13:471][  0]MapCheck:Warning: Warning EnergyShield StaticMeshComponent /Game/TwinStickBP/Maps/TwinStickExampleMap.TwinStickExampleMap:PersistentLevel.player2_2572.EnergyShield : Externally referenced 
[2017.07.14-07.38.13:471][  0]MapCheck:Warning: Warning Shield StaticMeshComponent /Game/TwinStickBP/Maps/TwinStickExampleMap.TwinStickExampleMap:PersistentLevel.player2_2572.Shield : Externally referenced 
[2017.07.14-07.38.13:471][  0]MapCheck:Warning: Warning ShipMeshComponent StaticMeshComponent /Game/TwinStickBP/Maps/TwinStickExampleMap.TwinStickExampleMap:PersistentLevel.player1_1352.ShipMeshComponent : Externally referenced 
[2017.07.14-07.38.13:471][  0]MapCheck:Warning: Warning EnergyShield StaticMeshComponent /Game/TwinStickBP/Maps/TwinStickExampleMap.TwinStickExampleMap:PersistentLevel.player1_1352.EnergyShield : Externally referenced 
[2017.07.14-07.38.13:471][  0]MapCheck:Warning: Warning Shield StaticMeshComponent /Game/TwinStickBP/Maps/TwinStickExampleMap.TwinStickExampleMap:PersistentLevel.player1_1352.Shield : Externally referenced 
[2017.07.14-07.38.13:471][  0]MapCheck:Warning: Warning StaticMeshComponent0 StaticMeshComponent /Game/TwinStickBP/Maps/TwinStickExampleMap.TwinStickExampleMap:PersistentLevel.Floor_18.StaticMeshComponent0 : Externally referenced 
[2017.07.14-07.38.13:471][  0]MapCheck:Warning: Warning StaticMeshComponent0 StaticMeshComponent /Game/TwinStickBP/Maps/TwinStickExampleMap.TwinStickExampleMap:PersistentLevel.Wall1_17.StaticMeshComponent0 : Externally referenced 
[2017.07.14-07.38.13:471][  0]MapCheck:Warning: Warning StaticMeshComponent0 StaticMeshComponent /Game/TwinStickBP/Maps/TwinStickExampleMap.TwinStickExampleMap:PersistentLevel.Wall5.StaticMeshComponent0 : Externally referenced 
[2017.07.14-07.38.13:471][  0]MapCheck:Warning: Warning StaticMeshComponent0 StaticMeshComponent /Game/TwinStickBP/Maps/TwinStickExampleMap.TwinStickExampleMap:PersistentLevel.Wall6.StaticMeshComponent0 : Externally referenced 
[2017.07.14-07.38.13:471][  0]MapCheck:Warning: Warning StaticMeshComponent0 StaticMeshComponent /Game/TwinStickBP/Maps/TwinStickExampleMap.TwinStickExampleMap:PersistentLevel.Wall7.StaticMeshComponent0 : Externally referenced 
[2017.07.14-07.38.13:471][  0]MapCheck:Warning: Warning K2Node_CallFunction_2339 K2Node_CallFunction /Game/TwinStickBP/Maps/TwinStickExampleMap.TwinStickExampleMap:PersistentLevel.TwinStickExampleMap.EventGraph.K2Node_CallFunction_2339 : Externally referenced 
[2017.07.14-07.38.13:471][  0]MapCheck:Warning: Warning K2Node_CallFunction_134 K2Node_CallFunction /Game/TwinStickBP/Maps/TwinStickExampleMap.TwinStickExampleMap:PersistentLevel.TwinStickExampleMap.EventGraph.K2Node_CallFunction_134 : Externally referenced 
[2017.07.14-07.38.13:471][  0]MapCheck: Info Map check complete: 0 Error(s), 32 Warning(s), took 109.626ms to complete.
[2017.07.14-07.38.13:479][  0]LogFileHelpers: Loading map 'TwinStickExampleMap' took 2.267
[2017.07.14-07.38.13:620][  0]LogCollectionManager: Loaded 0 collections in 0.001603 seconds
[2017.07.14-07.38.13:705][  0]LogFileCache: Scanning file cache for directory 'C:/supers-master/supers-master 4.16/supers/Saved/Collections/' took 0.01s
[2017.07.14-07.38.13:705][  0]LogFileCache: Scanning file cache for directory 'C:/supers-master/supers-master 4.16/supers/Content/Developers/NewXB/Collections/' took 0.01s
[2017.07.14-07.38.13:705][  0]LogFileCache: Scanning file cache for directory 'C:/supers-master/supers-master 4.16/supers/Content/Collections/' took 0.01s
[2017.07.14-07.38.13:705][  0]LogCollectionManager: Rebuilt the GUID cache for 0 collections in 0.000001 seconds
[2017.07.14-07.38.13:712][  0]LogContentBrowser: Native class hierarchy populated in 0.0073 seconds. Added 2329 classes and 491 folders.
[2017.07.14-07.38.13:784][  0]LogContentBrowser: Native class hierarchy updated for 'WidgetCarousel' in 0.0005 seconds. Added 0 classes and 0 folders.
[2017.07.14-07.38.13:827][  0]LogContentBrowser: Native class hierarchy updated for 'AddContentDialog' in 0.0005 seconds. Added 0 classes and 0 folders.
[2017.07.14-07.38.13:875][  0]LogContentBrowser: Native class hierarchy updated for 'SceneOutliner' in 0.0008 seconds. Added 1 classes and 2 folders.
[2017.07.14-07.38.13:914][  0]LogCrashTracker: Crashtracker disabled due to settings.
[2017.07.14-07.38.13:922][  0]LogSlate: Took 0.000185 seconds to synchronously load lazily loaded font '../../../Engine/Content/Slate/Fonts/Roboto-Regular.ttf' (155K)
[2017.07.14-07.38.13:924][  0]LogSlate: Took 0.000181 seconds to synchronously load lazily loaded font '../../../Engine/Content/Slate/Fonts/Roboto-Bold.ttf' (160K)
[2017.07.14-07.38.13:928][  0]LogSlate: Took 0.000236 seconds to synchronously load lazily loaded font '../../../Engine/Content/Editor/Slate/Fonts/FontAwesome.ttf' (139K)
[2017.07.14-07.38.14:025][  0]LogRenderer: Reallocating scene render targets to support 1208x576 NumSamples 1 (Frame:1).
[2017.07.14-07.38.14:082][  0]LogSlate: Took 0.000165 seconds to synchronously load lazily loaded font '../../../Engine/Content/Slate/Fonts/Roboto-Light.ttf' (159K)
[2017.07.14-07.38.14:189][  0]LogUObjectGlobals:Warning: Failed to find object 'Class None.'
[2017.07.14-07.38.14:258][  0]LogContentBrowser: Native class hierarchy updated for 'HierarchicalLODOutliner' in 0.0007 seconds. Added 1 classes and 2 folders.
[2017.07.14-07.38.14:258][  0]LogLoad: (Engine Initialization) Total time: 19.86 seconds
[2017.07.14-07.38.14:258][  0]LogLoad: (Engine Initialization) Total Blueprint compile time: 0.78 seconds
[2017.07.14-07.38.14:258][  0]LogExternalProfiler: Found external profiler: VSPerf
[2017.07.14-07.38.14:258][  0]LogExternalProfiler: Using external profiler: VSPerf
[2017.07.14-07.38.14:270][  0]LogWindowsTextInputMethodSystem:Display: IME system now deactivated.
[2017.07.14-07.38.14:271][  0]LogOcInput: OculusInput pre-init called
[2017.07.14-07.38.14:271][  0]LogHMD: Starting GearVRController plugin
[2017.07.14-07.38.14:323][  0]LogContentStreaming: Texture pool size now 1000 MB
[2017.07.14-07.38.14:370][  1]LogAssetRegistry: Asset discovery search completed in 12.5952 seconds
[2017.07.14-07.38.14:372][  1]LogCollectionManager: Rebuilt the object cache for 0 collections in 0.000001 seconds (found 0 objects)
[2017.07.14-07.38.14:372][  1]LogCollectionManager: Fixed up redirectors for 0 collections in 0.000030 seconds (updated 0 objects)
[2017.07.14-07.38.16:415][229]LogTemp: Repeting last play command: New Editor Window (PIE)
[2017.07.14-07.38.16:459][229]LogBlueprintUserMessages: Early PlayInEditor Detection: Level '/Game/TwinStickBP/Maps/TwinStickExampleMap.TwinStickExampleMap:PersistentLevel' has LevelScriptBlueprint '/Game/TwinStickBP/Maps/TwinStickExampleMap.TwinStickExampleMap:PersistentLevel.TwinStickExampleMap' with GeneratedClass '/Game/TwinStickBP/Maps/TwinStickExampleMap.TwinStickExampleMap_C' with ClassGeneratedBy '/Game/TwinStickBP/Maps/TwinStickExampleMap.TwinStickExampleMap:PersistentLevel.TwinStickExampleMap'
[2017.07.14-07.38.16:459][229]LogPlayLevel: PlayLevel: No blueprints needed recompiling
[2017.07.14-07.38.16:459][229]PIE: New page: PIE session: TwinStickExampleMap (Jul 13, 2017, 5:38:16 PM)
[2017.07.14-07.38.16:459][229]LogPlayLevel: Creating play world package: /Game/TwinStickBP/Maps/UEDPIE_0_TwinStickExampleMap
[2017.07.14-07.38.16:469][229]LogPlayLevel: PIE: StaticDuplicateObject took: (0.009186s)
[2017.07.14-07.38.16:469][229]LogAIModule: Creating AISystem for world TwinStickExampleMap
[2017.07.14-07.38.16:469][229]LogPlayLevel: PIE: World Init took: (0.000577s)
[2017.07.14-07.38.16:469][229]LogPlayLevel: PIE: Created PIE world by copying editor world from /Game/TwinStickBP/Maps/TwinStickExampleMap.TwinStickExampleMap to /Game/TwinStickBP/Maps/UEDPIE_0_TwinStickExampleMap.TwinStickExampleMap (0.010007s)
[2017.07.14-07.38.16:486][229]LogInit: XAudio2 using 'Speakers (Realtek High Definition Audio)' : 6 channels at 48 kHz using 32 bits per sample (channel mask 0x3f)
[2017.07.14-07.38.16:556][229]LogInit: FAudioDevice initialized.
[2017.07.14-07.38.16:608][229]LogLoad: Game class is 'TwinStickGameMode_C'
[2017.07.14-07.38.16:612][229]LogWorld: Bringing World /Game/TwinStickBP/Maps/UEDPIE_0_TwinStickExampleMap.TwinStickExampleMap up for play (max tick rate 0) at 2017.07.14-00.38.16
[2017.07.14-07.38.16:613][229]LogWorld: Bringing up level for play took: 0.002070
[2017.07.14-07.38.16:660][229]LogContentBrowser: Native class hierarchy updated for 'MovieSceneCapture' in 0.0006 seconds. Added 11 classes and 0 folders.
[2017.07.14-07.38.16:660][229]LogGameMode:Display: Match State Changed from EnteringMap to WaitingToStart
[2017.07.14-07.38.16:660][229]LogGameState: Match State Changed from EnteringMap to WaitingToStart
[2017.07.14-07.38.16:660][229]LogGameMode:Display: Match State Changed from WaitingToStart to InProgress
[2017.07.14-07.38.16:662][229]LogPlayerManagement:Error: Failed to Create Player: Maximum number of players (4) already created.  Unable to create more.
[2017.07.14-07.38.16:662][229]LogPlayerManagement:Error: Failed to Create Player: Maximum number of players (4) already created.  Unable to create more.
[2017.07.14-07.38.16:662][229]LogScript:Warning: Accessed None trying to read property CallFunc_GetPlayerController_ReturnValue5
	TwinStickExampleMap_C /Game/TwinStickBP/Maps/UEDPIE_0_TwinStickExampleMap.TwinStickExampleMap:PersistentLevel.TwinStickExampleMap_C_0
	Function /Game/TwinStickBP/Maps/TwinStickExampleMap.TwinStickExampleMap_C:ExecuteUbergraph_TwinStickExampleMap:0503
[2017.07.14-07.38.16:662][229]PIE:Error: Error Blueprint Runtime Error: Accessed None trying to read property CallFunc_GetPlayerController_ReturnValue5 from function: 'ExecuteUbergraph_TwinStickExampleMap' from node: Possess in graph: EventGraph in object: TwinStickExampleMap with description: Accessed None trying to read property CallFunc_GetPlayerController_ReturnValue5
[2017.07.14-07.38.16:662][229]LogScript:Warning: Accessed None trying to read property CallFunc_GetPlayerController_ReturnValue2
	TwinStickExampleMap_C /Game/TwinStickBP/Maps/UEDPIE_0_TwinStickExampleMap.TwinStickExampleMap:PersistentLevel.TwinStickExampleMap_C_0
	Function /Game/TwinStickBP/Maps/TwinStickExampleMap.TwinStickExampleMap_C:ExecuteUbergraph_TwinStickExampleMap:014A
[2017.07.14-07.38.16:663][229]PIE:Error: Error Blueprint Runtime Error: Accessed None trying to read property CallFunc_GetPlayerController_ReturnValue2 from function: 'ExecuteUbergraph_TwinStickExampleMap' from node: Possess in graph: EventGraph in object: TwinStickExampleMap with description: Accessed None trying to read property CallFunc_GetPlayerController_ReturnValue2
[2017.07.14-07.38.16:663][229]LogGameState: Match State Changed from WaitingToStart to InProgress
[2017.07.14-07.38.16:666][229]PIE: Info Play in editor start time for /Game/TwinStickBP/Maps/UEDPIE_0_TwinStickExampleMap -0.635
[2017.07.14-07.38.16:666][229]LogBlueprintUserMessages: Late PlayInEditor Detection: Level '/Game/TwinStickBP/Maps/TwinStickExampleMap.TwinStickExampleMap:PersistentLevel' has LevelScriptBlueprint '/Game/TwinStickBP/Maps/TwinStickExampleMap.TwinStickExampleMap:PersistentLevel.TwinStickExampleMap' with GeneratedClass '/Game/TwinStickBP/Maps/TwinStickExampleMap.TwinStickExampleMap_C' with ClassGeneratedBy '/Game/TwinStickBP/Maps/TwinStickExampleMap.TwinStickExampleMap:PersistentLevel.TwinStickExampleMap'
[2017.07.14-07.38.16:703][229]LogRenderer: Reallocating scene render targets to support 1292x756 NumSamples 1 (Frame:1).
[2017.07.14-07.38.27:298][489]LogBlueprintUserMessages: Early EndPlayMap Detection: Level '/Game/TwinStickBP/Maps/TwinStickExampleMap.TwinStickExampleMap:PersistentLevel' has LevelScriptBlueprint '/Game/TwinStickBP/Maps/TwinStickExampleMap.TwinStickExampleMap:PersistentLevel.TwinStickExampleMap' with GeneratedClass '/Game/TwinStickBP/Maps/TwinStickExampleMap.TwinStickExampleMap_C' with ClassGeneratedBy '/Game/TwinStickBP/Maps/TwinStickExampleMap.TwinStickExampleMap:PersistentLevel.TwinStickExampleMap'
[2017.07.14-07.38.27:346][489]LogBlueprintUserMessages: Late EndPlayMap Detection: Level '/Game/TwinStickBP/Maps/TwinStickExampleMap.TwinStickExampleMap:PersistentLevel' has LevelScriptBlueprint '/Game/TwinStickBP/Maps/TwinStickExampleMap.TwinStickExampleMap:PersistentLevel.TwinStickExampleMap' with GeneratedClass '/Game/TwinStickBP/Maps/TwinStickExampleMap.TwinStickExampleMap_C' with ClassGeneratedBy '/Game/TwinStickBP/Maps/TwinStickExampleMap.TwinStickExampleMap:PersistentLevel.TwinStickExampleMap'
[2017.07.14-07.38.41:718][198]Cmd: MAP LOAD FILE="../../../../../../supers-master/supers-master 4.16/supers/Content/TwinStickBP/Maps/SupersMain.umap" TEMPLATE=0 SHOWPROGRESS=1 FEATURELEVEL=3
[2017.07.14-07.38.41:722][198]LogSlate: Took 0.000128 seconds to synchronously load lazily loaded font '../../../Engine/Content/Slate/Fonts/Roboto-Light.ttf' (159K)
[2017.07.14-07.38.41:733][198]LightingResults: New page: Lighting Build
[2017.07.14-07.38.41:734][198]LoadErrors: New page: Loading map: SupersMain.umap
[2017.07.14-07.38.41:737][198]MapCheck: New page: Map Check
[2017.07.14-07.38.41:737][198]LightingResults: New page: Lighting Build
[2017.07.14-07.38.41:760][198]LogAIModule: Creating AISystem for world SupersMain
[2017.07.14-07.38.41:841][198]LogEditorServer: Finished looking for orphan Actors (0.000 secs)
[2017.07.14-07.38.41:889][198]Cmd: MAP CHECKDEP NOCLEARLOG
[2017.07.14-07.38.41:962][198]MapCheck: Info Map check complete: 0 Error(s), 0 Warning(s), took 73.212ms to complete.
[2017.07.14-07.38.41:962][198]LogFileHelpers: Loading map 'SupersMain' took 0.245
[2017.07.14-07.38.45:692][637]LogTemp: Repeting last play command: New Editor Window (PIE)
[2017.07.14-07.38.45:712][637]LogBlueprintUserMessages: Early PlayInEditor Detection: Level '/Game/TwinStickBP/Maps/SupersMain.SupersMain:PersistentLevel' has LevelScriptBlueprint '/Game/TwinStickBP/Maps/SupersMain.SupersMain:PersistentLevel.SupersMain' with GeneratedClass '/Game/TwinStickBP/Maps/SupersMain.SupersMain_C' with ClassGeneratedBy '/Game/TwinStickBP/Maps/SupersMain.SupersMain:PersistentLevel.SupersMain'
[2017.07.14-07.38.45:712][637]LogBlueprintUserMessages: Early PlayInEditor Detection: Level '/Game/TwinStickBP/Maps/TwinStickExampleMap.TwinStickExampleMap:PersistentLevel' has LevelScriptBlueprint '/Game/TwinStickBP/Maps/TwinStickExampleMap.TwinStickExampleMap:PersistentLevel.TwinStickExampleMap' with GeneratedClass '/Game/TwinStickBP/Maps/TwinStickExampleMap.TwinStickExampleMap_C' with ClassGeneratedBy '/Game/TwinStickBP/Maps/TwinStickExampleMap.TwinStickExampleMap:PersistentLevel.TwinStickExampleMap'
[2017.07.14-07.38.45:712][637]LogPlayLevel: PlayLevel: No blueprints needed recompiling
[2017.07.14-07.38.45:712][637]PIE: New page: PIE session: SupersMain (Jul 13, 2017, 5:38:45 PM)
[2017.07.14-07.38.45:712][637]LogPlayLevel: Creating play world package: /Game/TwinStickBP/Maps/UEDPIE_0_SupersMain
[2017.07.14-07.38.45:713][637]LogPlayLevel: PIE: StaticDuplicateObject took: (0.000862s)
[2017.07.14-07.38.45:714][637]LogAIModule: Creating AISystem for world SupersMain
[2017.07.14-07.38.45:714][637]LogPlayLevel: PIE: World Init took: (0.000504s)
[2017.07.14-07.38.45:714][637]LogPlayLevel: PIE: Created PIE world by copying editor world from /Game/TwinStickBP/Maps/SupersMain.SupersMain to /Game/TwinStickBP/Maps/UEDPIE_0_SupersMain.SupersMain (0.001537s)
[2017.07.14-07.38.45:730][637]LogInit: XAudio2 using 'Speakers (Realtek High Definition Audio)' : 6 channels at 48 kHz using 32 bits per sample (channel mask 0x3f)
[2017.07.14-07.38.45:798][637]LogInit: FAudioDevice initialized.
[2017.07.14-07.38.45:843][637]LogLoad: Game class is 'TwinStickGameMode_C'
[2017.07.14-07.38.45:845][637]LogWorld: Bringing World /Game/TwinStickBP/Maps/UEDPIE_0_SupersMain.SupersMain up for play (max tick rate 0) at 2017.07.14-00.38.45
[2017.07.14-07.38.45:846][637]LogWorld: Bringing up level for play took: 0.000853
[2017.07.14-07.38.45:846][637]LogGameMode:Display: Match State Changed from EnteringMap to WaitingToStart
[2017.07.14-07.38.45:846][637]LogGameState: Match State Changed from EnteringMap to WaitingToStart
[2017.07.14-07.38.45:846][637]LogGameMode:Display: Match State Changed from WaitingToStart to InProgress
[2017.07.14-07.38.45:848][637]LogLevel: ActivateLevel /Game/TwinStickBP/Maps/UEDPIE_0_TwinStickExampleMap 1 1 0
[2017.07.14-07.38.45:848][637]LogGameState: Match State Changed from WaitingToStart to InProgress
[2017.07.14-07.38.45:851][637]PIE: Info Play in editor start time for /Game/TwinStickBP/Maps/UEDPIE_0_SupersMain 0.55
[2017.07.14-07.38.45:851][637]LogBlueprintUserMessages: Late PlayInEditor Detection: Level '/Game/TwinStickBP/Maps/SupersMain.SupersMain:PersistentLevel' has LevelScriptBlueprint '/Game/TwinStickBP/Maps/SupersMain.SupersMain:PersistentLevel.SupersMain' with GeneratedClass '/Game/TwinStickBP/Maps/SupersMain.SupersMain_C' with ClassGeneratedBy '/Game/TwinStickBP/Maps/SupersMain.SupersMain:PersistentLevel.SupersMain'
[2017.07.14-07.38.45:851][637]LogBlueprintUserMessages: Late PlayInEditor Detection: Level '/Game/TwinStickBP/Maps/TwinStickExampleMap.TwinStickExampleMap:PersistentLevel' has LevelScriptBlueprint '/Game/TwinStickBP/Maps/TwinStickExampleMap.TwinStickExampleMap:PersistentLevel.TwinStickExampleMap' with GeneratedClass '/Game/TwinStickBP/Maps/TwinStickExampleMap.TwinStickExampleMap_C' with ClassGeneratedBy '/Game/TwinStickBP/Maps/TwinStickExampleMap.TwinStickExampleMap:PersistentLevel.TwinStickExampleMap'
[2017.07.14-07.38.45:873][637]LogPlayerManagement:Error: Failed to Create Player: Maximum number of players (4) already created.  Unable to create more.
[2017.07.14-07.38.45:873][637]LogPlayerManagement:Error: Failed to Create Player: Maximum number of players (4) already created.  Unable to create more.
[2017.07.14-07.38.45:873][637]LogScript:Warning: Accessed None trying to read property CallFunc_GetPlayerController_ReturnValue5
	TwinStickExampleMap_C /Game/TwinStickBP/Maps/UEDPIE_0_TwinStickExampleMap.TwinStickExampleMap:PersistentLevel.TwinStickExampleMap_C_0
	Function /Game/TwinStickBP/Maps/TwinStickExampleMap.TwinStickExampleMap_C:ExecuteUbergraph_TwinStickExampleMap:0503
[2017.07.14-07.38.45:873][637]PIE:Error: Error Blueprint Runtime Error: Accessed None trying to read property CallFunc_GetPlayerController_ReturnValue5 from function: 'ExecuteUbergraph_TwinStickExampleMap' from node: Possess in graph: EventGraph in object: TwinStickExampleMap with description: Accessed None trying to read property CallFunc_GetPlayerController_ReturnValue5
[2017.07.14-07.38.45:873][637]LogScript:Warning: Accessed None trying to read property CallFunc_GetPlayerController_ReturnValue2
	TwinStickExampleMap_C /Game/TwinStickBP/Maps/UEDPIE_0_TwinStickExampleMap.TwinStickExampleMap:PersistentLevel.TwinStickExampleMap_C_0
	Function /Game/TwinStickBP/Maps/TwinStickExampleMap.TwinStickExampleMap_C:ExecuteUbergraph_TwinStickExampleMap:014A
[2017.07.14-07.38.45:873][637]PIE:Error: Error Blueprint Runtime Error: Accessed None trying to read property CallFunc_GetPlayerController_ReturnValue2 from function: 'ExecuteUbergraph_TwinStickExampleMap' from node: Possess in graph: EventGraph in object: TwinStickExampleMap with description: Accessed None trying to read property CallFunc_GetPlayerController_ReturnValue2
[2017.07.14-07.39.26:142][356]LogBlueprintUserMessages: Early EndPlayMap Detection: Level '/Game/TwinStickBP/Maps/SupersMain.SupersMain:PersistentLevel' has LevelScriptBlueprint '/Game/TwinStickBP/Maps/SupersMain.SupersMain:PersistentLevel.SupersMain' with GeneratedClass '/Game/TwinStickBP/Maps/SupersMain.SupersMain_C' with ClassGeneratedBy '/Game/TwinStickBP/Maps/SupersMain.SupersMain:PersistentLevel.SupersMain'
[2017.07.14-07.39.26:142][356]LogBlueprintUserMessages: Early EndPlayMap Detection: Level '/Game/TwinStickBP/Maps/TwinStickExampleMap.TwinStickExampleMap:PersistentLevel' has LevelScriptBlueprint '/Game/TwinStickBP/Maps/TwinStickExampleMap.TwinStickExampleMap:PersistentLevel.TwinStickExampleMap' with GeneratedClass '/Game/TwinStickBP/Maps/TwinStickExampleMap.TwinStickExampleMap_C' with ClassGeneratedBy '/Game/TwinStickBP/Maps/TwinStickExampleMap.TwinStickExampleMap:PersistentLevel.TwinStickExampleMap'
[2017.07.14-07.39.26:193][356]LogBlueprintUserMessages: Late EndPlayMap Detection: Level '/Game/TwinStickBP/Maps/SupersMain.SupersMain:PersistentLevel' has LevelScriptBlueprint '/Game/TwinStickBP/Maps/SupersMain.SupersMain:PersistentLevel.SupersMain' with GeneratedClass '/Game/TwinStickBP/Maps/SupersMain.SupersMain_C' with ClassGeneratedBy '/Game/TwinStickBP/Maps/SupersMain.SupersMain:PersistentLevel.SupersMain'
[2017.07.14-07.39.26:193][356]LogBlueprintUserMessages: Late EndPlayMap Detection: Level '/Game/TwinStickBP/Maps/TwinStickExampleMap.TwinStickExampleMap:PersistentLevel' has LevelScriptBlueprint '/Game/TwinStickBP/Maps/TwinStickExampleMap.TwinStickExampleMap:PersistentLevel.TwinStickExampleMap' with GeneratedClass '/Game/TwinStickBP/Maps/TwinStickExampleMap.TwinStickExampleMap_C' with ClassGeneratedBy '/Game/TwinStickBP/Maps/TwinStickExampleMap.TwinStickExampleMap:PersistentLevel.TwinStickExampleMap'
[2017.07.14-07.39.36:627][556]LogContentBrowser: Native class hierarchy updated for 'BlueprintGraph' in 0.0008 seconds. Added 112 classes and 0 folders.
[2017.07.14-07.39.37:154][556]LogSlate: Took 0.000153 seconds to synchronously load lazily loaded font '../../../Engine/Content/Slate/Fonts/Roboto-Regular.ttf' (155K)
[2017.07.14-07.39.37:212][556]LogSlate: Took 0.000196 seconds to synchronously load lazily loaded font '../../../Engine/Content/Editor/Slate/Fonts/Roboto-BoldCondensed.ttf' (158K)
[2017.07.14-07.39.59:176][ 62]LogSlate: Took 0.000153 seconds to synchronously load lazily loaded font '../../../Engine/Content/Slate/Fonts/Roboto-Light.ttf' (159K)
[2017.07.14-07.40.03:705][541]LogSlate: Took 0.000196 seconds to synchronously load lazily loaded font '../../../Engine/Content/Editor/Slate/Fonts/Roboto-Italic.ttf' (157K)
[2017.07.14-07.40.41:317][637]BlueprintLog: New page: Compile TwinStickGameMode
[2017.07.14-07.40.47:650][355]LogTemp: Repeting last play command: New Editor Window (PIE)
[2017.07.14-07.40.47:680][355]LogBlueprintUserMessages: Early PlayInEditor Detection: Level '/Game/TwinStickBP/Maps/SupersMain.SupersMain:PersistentLevel' has LevelScriptBlueprint '/Game/TwinStickBP/Maps/SupersMain.SupersMain:PersistentLevel.SupersMain' with GeneratedClass '/Game/TwinStickBP/Maps/SupersMain.SupersMain_C' with ClassGeneratedBy '/Game/TwinStickBP/Maps/SupersMain.SupersMain:PersistentLevel.SupersMain'
[2017.07.14-07.40.47:680][355]LogBlueprintUserMessages: Early PlayInEditor Detection: Level '/Game/TwinStickBP/Maps/TwinStickExampleMap.TwinStickExampleMap:PersistentLevel' has LevelScriptBlueprint '/Game/TwinStickBP/Maps/TwinStickExampleMap.TwinStickExampleMap:PersistentLevel.TwinStickExampleMap' with GeneratedClass '/Game/TwinStickBP/Maps/TwinStickExampleMap.TwinStickExampleMap_C' with ClassGeneratedBy '/Game/TwinStickBP/Maps/TwinStickExampleMap.TwinStickExampleMap:PersistentLevel.TwinStickExampleMap'
[2017.07.14-07.40.47:680][355]LogPlayLevel: PlayLevel: No blueprints needed recompiling
[2017.07.14-07.40.47:681][355]PIE: New page: PIE session: SupersMain (Jul 13, 2017, 5:40:47 PM)
[2017.07.14-07.40.47:681][355]LogPlayLevel: Creating play world package: /Game/TwinStickBP/Maps/UEDPIE_0_SupersMain
[2017.07.14-07.40.47:681][355]LogPlayLevel: PIE: StaticDuplicateObject took: (0.000771s)
[2017.07.14-07.40.47:682][355]LogAIModule: Creating AISystem for world SupersMain
[2017.07.14-07.40.47:682][355]LogPlayLevel: PIE: World Init took: (0.000418s)
[2017.07.14-07.40.47:682][355]LogPlayLevel: PIE: Created PIE world by copying editor world from /Game/TwinStickBP/Maps/SupersMain.SupersMain to /Game/TwinStickBP/Maps/UEDPIE_0_SupersMain.SupersMain (0.001333s)
[2017.07.14-07.40.47:706][355]LogInit: XAudio2 using 'Speakers (Realtek High Definition Audio)' : 6 channels at 48 kHz using 32 bits per sample (channel mask 0x3f)
[2017.07.14-07.40.47:775][355]LogInit: FAudioDevice initialized.
[2017.07.14-07.40.47:818][355]LogLoad: Game class is 'TwinStickGameMode_C'
[2017.07.14-07.40.47:821][355]LogWorld: Bringing World /Game/TwinStickBP/Maps/UEDPIE_0_SupersMain.SupersMain up for play (max tick rate 0) at 2017.07.14-00.40.47
[2017.07.14-07.40.47:821][355]LogWorld: Bringing up level for play took: 0.001329
[2017.07.14-07.40.47:822][355]LogGameMode:Display: Match State Changed from EnteringMap to WaitingToStart
[2017.07.14-07.40.47:822][355]LogGameState: Match State Changed from EnteringMap to WaitingToStart
[2017.07.14-07.40.47:822][355]LogGameMode:Display: Match State Changed from WaitingToStart to InProgress
[2017.07.14-07.40.47:823][355]LogLevel: ActivateLevel /Game/TwinStickBP/Maps/UEDPIE_0_TwinStickExampleMap 1 1 0
[2017.07.14-07.40.47:823][355]LogGameState: Match State Changed from WaitingToStart to InProgress
[2017.07.14-07.40.47:827][355]PIE: Info Play in editor start time for /Game/TwinStickBP/Maps/UEDPIE_0_SupersMain 0.526
[2017.07.14-07.40.47:827][355]LogBlueprintUserMessages: Late PlayInEditor Detection: Level '/Game/TwinStickBP/Maps/SupersMain.SupersMain:PersistentLevel' has LevelScriptBlueprint '/Game/TwinStickBP/Maps/SupersMain.SupersMain:PersistentLevel.SupersMain' with GeneratedClass '/Game/TwinStickBP/Maps/SupersMain.SupersMain_C' with ClassGeneratedBy '/Game/TwinStickBP/Maps/SupersMain.SupersMain:PersistentLevel.SupersMain'
[2017.07.14-07.40.47:827][355]LogBlueprintUserMessages: Late PlayInEditor Detection: Level '/Game/TwinStickBP/Maps/TwinStickExampleMap.TwinStickExampleMap:PersistentLevel' has LevelScriptBlueprint '/Game/TwinStickBP/Maps/TwinStickExampleMap.TwinStickExampleMap:PersistentLevel.TwinStickExampleMap' with GeneratedClass '/Game/TwinStickBP/Maps/TwinStickExampleMap.TwinStickExampleMap_C' with ClassGeneratedBy '/Game/TwinStickBP/Maps/TwinStickExampleMap.TwinStickExampleMap:PersistentLevel.TwinStickExampleMap'
[2017.07.14-07.40.47:836][355]LogBlueprintUserMessages: Early EndPlayMap Detection: Level '/Game/TwinStickBP/Maps/SupersMain.SupersMain:PersistentLevel' has LevelScriptBlueprint '/Game/TwinStickBP/Maps/SupersMain.SupersMain:PersistentLevel.SupersMain' with GeneratedClass '/Game/TwinStickBP/Maps/SupersMain.SupersMain_C' with ClassGeneratedBy '/Game/TwinStickBP/Maps/SupersMain.SupersMain:PersistentLevel.SupersMain'
[2017.07.14-07.40.47:836][355]LogBlueprintUserMessages: Early EndPlayMap Detection: Level '/Game/TwinStickBP/Maps/TwinStickExampleMap.TwinStickExampleMap:PersistentLevel' has LevelScriptBlueprint '/Game/TwinStickBP/Maps/TwinStickExampleMap.TwinStickExampleMap:PersistentLevel.TwinStickExampleMap' with GeneratedClass '/Game/TwinStickBP/Maps/TwinStickExampleMap.TwinStickExampleMap_C' with ClassGeneratedBy '/Game/TwinStickBP/Maps/TwinStickExampleMap.TwinStickExampleMap:PersistentLevel.TwinStickExampleMap'
[2017.07.14-07.40.47:888][355]LogBlueprintUserMessages: Late EndPlayMap Detection: Level '/Game/TwinStickBP/Maps/SupersMain.SupersMain:PersistentLevel' has LevelScriptBlueprint '/Game/TwinStickBP/Maps/SupersMain.SupersMain:PersistentLevel.SupersMain' with GeneratedClass '/Game/TwinStickBP/Maps/SupersMain.SupersMain_C' with ClassGeneratedBy '/Game/TwinStickBP/Maps/SupersMain.SupersMain:PersistentLevel.SupersMain'
[2017.07.14-07.40.47:888][355]LogBlueprintUserMessages: Late EndPlayMap Detection: Level '/Game/TwinStickBP/Maps/TwinStickExampleMap.TwinStickExampleMap:PersistentLevel' has LevelScriptBlueprint '/Game/TwinStickBP/Maps/TwinStickExampleMap.TwinStickExampleMap:PersistentLevel.TwinStickExampleMap' with GeneratedClass '/Game/TwinStickBP/Maps/TwinStickExampleMap.TwinStickExampleMap_C' with ClassGeneratedBy '/Game/TwinStickBP/Maps/TwinStickExampleMap.TwinStickExampleMap:PersistentLevel.TwinStickExampleMap'
[2017.07.14-07.40.47:891][355]LogWindows: Windows GetLastError: The operation completed successfully. (0)
[2017.07.14-07.40.48:424][355]LogCrashTracker: 


[2017.07.14-07.40.48:424][355]LogCrashTracker: 


[2017.07.14-07.40.48:424][355]LogWindows:Error: === Critical error: ===
[2017.07.14-07.40.48:424][355]LogWindows:Error: 
[2017.07.14-07.40.48:424][355]LogWindows:Error: Assertion failed: Component->GetMarkedForEndOfFrameUpdateState() == EComponentMarkedForEndOfFrameUpdateState::MarkedForGameThread [File:D:\Build\++UE4+Release-4.16+Compile\Sync\Engine\Source\Runtime\Engine\Private\LevelTick.cpp] [Line: 937] 
[2017.07.14-07.40.48:424][355]LogWindows:Error: 
[2017.07.14-07.40.48:424][355]LogWindows:Error: 
[2017.07.14-07.40.48:424][355]LogWindows:Error: 
[2017.07.14-07.40.48:424][355]LogWindows:Error: KERNELBASE.dll!0x0000000008A19E08
[2017.07.14-07.40.48:424][355]LogWindows:Error: UE4Editor-Core.dll!0x00000000B773AF9E
[2017.07.14-07.40.48:424][355]LogWindows:Error: UE4Editor-Core.dll!0x00000000B755243B
[2017.07.14-07.40.48:424][355]LogWindows:Error: UE4Editor-Core.dll!0x00000000B74E07E9
[2017.07.14-07.40.48:424][355]LogWindows:Error: UE4Editor-Engine.dll!0x00000000A6A0950D
[2017.07.14-07.40.48:424][355]LogWindows:Error: UE4Editor-Engine.dll!0x00000000A6A3D79D
[2017.07.14-07.40.48:424][355]LogWindows:Error: UE4Editor-Engine.dll!0x00000000A6A4EDAC
[2017.07.14-07.40.48:424][355]LogWindows:Error: UE4Editor-Engine.dll!0x00000000A71ACF9E
[2017.07.14-07.40.48:424][355]LogWindows:Error: UE4Editor-Engine.dll!0x00000000A639F9F7
[2017.07.14-07.40.48:424][355]LogWindows:Error: UE4Editor-CoreUObject.dll!0x00000000BF630885
[2017.07.14-07.40.48:424][355]LogWindows:Error: UE4Editor-CoreUObject.dll!0x00000000BF7AB522
[2017.07.14-07.40.48:424][355]LogWindows:Error: UE4Editor-CoreUObject.dll!0x00000000BF7AAFD5
[2017.07.14-07.40.48:424][355]LogWindows:Error: UE4Editor-UnrealEd.dll!0x00000000A5152C9E
[2017.07.14-07.40.48:424][355]LogWindows:Error: UE4Editor-UnrealEd.dll!0x00000000A4C63B71
[2017.07.14-07.40.48:424][355]LogWindows:Error: UE4Editor-UnrealEd.dll!0x00000000A5488D76
[2017.07.14-07.40.48:424][355]LogWindows:Error: UE4Editor.exe!0x00000000B5D3E2B2
[2017.07.14-07.40.48:424][355]LogWindows:Error: UE4Editor.exe!0x00000000B5D2F0B0
[2017.07.14-07.40.48:424][355]LogWindows:Error: UE4Editor.exe!0x00000000B5D2F12A
[2017.07.14-07.40.48:424][355]LogWindows:Error: UE4Editor.exe!0x00000000B5D40CF9
[2017.07.14-07.40.48:424][355]LogWindows:Error: UE4Editor.exe!0x00000000B5D425F7
[2017.07.14-07.40.48:424][355]LogWindows:Error: KERNEL32.DLL!0x000000000A942774
[2017.07.14-07.40.48:424][355]LogWindows:Error: ntdll.dll!0x000000000BB00D61
[2017.07.14-07.40.48:424][355]LogWindows:Error: ntdll.dll!0x000000000BB00D61
[2017.07.14-07.40.48:424][355]LogWindows:Error: 
[2017.07.14-07.40.48:440][355]LogExit: Executing StaticShutdownAfterError
[2017.07.14-07.40.48:442][355]LogWindows: FPlatformMisc::RequestExit(1)
[2017.07.14-07.40.48:442][355]Log file closed, 07/14/17 00:40:48
