[2016.07.03-19.43.50:539][  0]Log file open, 07/03/16 12:43:50
[2016.07.03-19.43.50:539][  0]LogInit:Display: Running engine for game: Supers
[2016.07.03-19.43.50:539][  0]LogPlatformFile: Not using cached read wrapper
[2016.07.03-19.43.50:539][  0]LogInit:Display: RandInit(1338808538) SRandInit(1338808539).
[2016.07.03-19.43.50:539][  0]LogTaskGraph: Started task graph with 4 named threads and 7 total threads.
[2016.07.03-19.43.50:539][  0]LogStats: Stats thread started at 0.078227
[2016.07.03-19.43.50:539][  0]LogInit: Version: 4.10.4-2872498+++depot+UE4-Releases+4.10
[2016.07.03-19.43.50:539][  0]LogInit: API Version: 2758231
[2016.07.03-19.43.50:539][  0]LogInit: Compiled (64-bit): Feb 18 2016 15:47:04
[2016.07.03-19.43.50:539][  0]LogInit: Compiled with Visual C++: 19.00.23026.00
[2016.07.03-19.43.50:539][  0]LogInit: Build Configuration: Development
[2016.07.03-19.43.50:539][  0]LogInit: Branch Name: ++depot+UE4-Releases+4.10
[2016.07.03-19.43.50:539][  0]LogInit: Command line:  
[2016.07.03-19.43.50:539][  0]LogInit: Base directory: C:/Program Files (x86)/Epic Games/4.10/Engine/Binaries/Win64/
[2016.07.03-19.43.50:539][  0]LogInit: Rocket: 1
[2016.07.03-19.43.50:547][  0]LogInit: Using libcurl 7.41.0
[2016.07.03-19.43.50:547][  0]LogInit:  - built for x86_64-pc-win32
[2016.07.03-19.43.50:547][  0]LogInit:  - supports SSL with WinSSL
[2016.07.03-19.43.50:547][  0]LogInit:  - other features:
[2016.07.03-19.43.50:547][  0]LogInit:      CURL_VERSION_SSL
[2016.07.03-19.43.50:547][  0]LogInit:      CURL_VERSION_IPV6
[2016.07.03-19.43.50:547][  0]LogInit:      CURL_VERSION_ASYNCHDNS
[2016.07.03-19.43.50:547][  0]LogInit:      CURL_VERSION_LARGEFILE
[2016.07.03-19.43.50:547][  0]LogInit:      CURL_VERSION_IDN
[2016.07.03-19.43.50:547][  0]LogInit:  CurlRequestOptions (configurable via config and command line):
[2016.07.03-19.43.50:547][  0]LogInit:  - bVerifyPeer = true  - Libcurl will verify peer certificate
[2016.07.03-19.43.50:547][  0]LogInit:  - bUseHttpProxy = false  - Libcurl will NOT use HTTP proxy
[2016.07.03-19.43.50:547][  0]LogInit:  - bDontReuseConnections = false  - Libcurl will reuse connections
[2016.07.03-19.43.50:547][  0]LogInit:  - CertBundlePath = nullptr  - Libcurl will use whatever was configured at build time.
[2016.07.03-19.43.50:556][  0]LogInit: Presizing for 0 objects not considered by GC, pre-allocating 0 bytes.
[2016.07.03-19.43.50:563][  0]LogInit: Object subsystem initialized
[2016.07.03-19.43.50:564][  0]LogInit: Selected Device Profile: [Windows]
[2016.07.03-19.43.50:564][  0]LogInit: Applying CVar settings loaded from the selected device profile: [Windows]
[2016.07.03-19.43.50:574][  0]LogInit: Computer: DESKTOP-L2MBQP1
[2016.07.03-19.43.50:574][  0]LogInit: User: NewXB
[2016.07.03-19.43.50:574][  0]LogInit: CPU Page size=4096, Cores=4
[2016.07.03-19.43.50:574][  0]LogInit: High frequency timer resolution =3.263308 MHz
[2016.07.03-19.43.50:574][  0]LogMemory: Memory total: Physical=12.0GB (12GB approx)
[2016.07.03-19.43.50:574][  0]LogMemory: Platform Memory Stats for Windows
[2016.07.03-19.43.50:574][  0]LogMemory: Process Physical Memory: 55.87 MB used, 55.87 MB peak
[2016.07.03-19.43.50:574][  0]LogMemory: Process Virtual Memory: 58.73 MB used, 58.73 MB peak
[2016.07.03-19.43.50:574][  0]LogMemory: Physical Memory: 3093.88 MB used, 12278.98 MB total
[2016.07.03-19.43.50:574][  0]LogMemory: Virtual Memory: 384.51 MB used, 134217728.00 MB total
[2016.07.03-19.43.50:603][  0]LogTextLocalizationManager: No specific translations for ('en-US') exist, so ('en') translations will be used.
[2016.07.03-19.43.51:082][  0]LogD3D11RHI: Found D3D11 adapter 0: NVIDIA GeForce GTX 295 (Feature Level 10_0)
[2016.07.03-19.43.51:082][  0]LogD3D11RHI: Adapter has 863MB of dedicated video memory, 0MB of dedicated system memory, and 3199MB of shared system memory, 2 output[s]
[2016.07.03-19.43.51:084][  0]LogD3D11RHI: Found D3D11 adapter 1: Microsoft Basic Render Driver (Feature Level 11_0)
[2016.07.03-19.43.51:084][  0]LogD3D11RHI: Adapter has 0MB of dedicated video memory, 0MB of dedicated system memory, and 6139MB of shared system memory, 0 output[s]
[2016.07.03-19.43.51:084][  0]LogD3D11RHI: Chosen D3D11 Adapter Id = 0
[2016.07.03-19.43.51:086][  0]LogD3D11RHI: !Direct3DDevice
[2016.07.03-19.43.51:086][  0]LogRHI: Texture pool is 604 MB (70% of 863 MB)
[2016.07.03-19.43.51:095][  0]LogD3D11RHI: Async texture creation enabled
[2016.07.03-19.43.51:118][  0]LogShaderCompilers: Guid format shader working directory is 6 characters bigger than the processId version (../../../../../../Unreal Projects/Supers/Intermediate/Shaders/WorkingDirectory/2528/).
[2016.07.03-19.43.51:118][  0]LogShaderCompilers: Cleaned the shader compiler working directory 'C:/Users/NewXB/AppData/Local/Temp/UnrealShaderWorkingDir/B6CE2FBD425D29EB01F67EA262DDCC85/'.
[2016.07.03-19.43.51:118][  0]LogShaderCompilers:Display: Using Local Shader Compiler.
[2016.07.03-19.43.51:892][  0]LogTemp:Display: Loaded TP AllDesktopTargetPlatform
[2016.07.03-19.43.51:897][  0]LogTemp:Display: Loaded TP WindowsClientTargetPlatform
[2016.07.03-19.43.51:903][  0]LogTemp:Display: Loaded TP WindowsNoEditorTargetPlatform
[2016.07.03-19.43.51:908][  0]LogTemp:Display: Loaded TP WindowsServerTargetPlatform
[2016.07.03-19.43.51:913][  0]LogTemp:Display: Loaded TP WindowsTargetPlatform
[2016.07.03-19.43.51:916][  0]LogTemp:Display: Loaded TP AndroidTargetPlatform
[2016.07.03-19.43.51:919][  0]LogTemp:Display: Loaded TP Android_ASTCTargetPlatform
[2016.07.03-19.43.51:921][  0]LogTemp:Display: Loaded TP Android_ATCTargetPlatform
[2016.07.03-19.43.51:924][  0]LogTemp:Display: Loaded TP Android_DXTTargetPlatform
[2016.07.03-19.43.51:927][  0]LogTemp:Display: Loaded TP Android_ETC1TargetPlatform
[2016.07.03-19.43.51:930][  0]LogTemp:Display: Loaded TP Android_ETC2TargetPlatform
[2016.07.03-19.43.51:936][  0]LogTemp:Display: Loaded TP Android_MultiTargetPlatform
[2016.07.03-19.43.51:936][  0]LogTemp:Display: Loaded TP Android_PVRTCTargetPlatform
[2016.07.03-19.43.51:936][  0]LogTemp:Display: Loaded TP HTML5TargetPlatform
[2016.07.03-19.43.51:954][  0]LogTemp:Display: Loaded TP IOSTargetPlatform
[2016.07.03-19.43.51:956][  0]LogTemp:Display: Loaded TP LinuxNoEditorTargetPlatform
[2016.07.03-19.43.51:959][  0]LogTemp:Display: Loaded TP LinuxServerTargetPlatform
[2016.07.03-19.43.51:962][  0]LogTemp:Display: Loaded TP LinuxTargetPlatform
[2016.07.03-19.43.51:962][  0]LogTargetPlatformManager:Display: Building Assets For Windows
[2016.07.03-19.43.52:059][  0]LogDerivedDataCache:Display: Max Cache Size: 512 MB
[2016.07.03-19.43.52:099][  0]LogDerivedDataCache: Loaded boot cache 0.04s 36MB C:/Users/NewXB/AppData/Local/UnrealEngine/4.10/DerivedDataCache/Boot.ddc.
[2016.07.03-19.43.52:099][  0]LogDerivedDataCache:Display: Loaded Boot cache: C:/Users/NewXB/AppData/Local/UnrealEngine/4.10/DerivedDataCache/Boot.ddc
[2016.07.03-19.43.52:099][  0]LogDerivedDataCache: FDerivedDataBackendGraph:  Pak pak cache file ../../../../../../Unreal Projects/Supers/DerivedDataCache/DDC.ddp not found, will not use a pak cache.
[2016.07.03-19.43.52:099][  0]LogDerivedDataCache: Unable to find inner node Pak for hierarchical cache Hierarchy.
[2016.07.03-19.43.52:099][  0]LogDerivedDataCache: FDerivedDataBackendGraph:  CompressedPak pak cache file ../../../../../../Unreal Projects/Supers/DerivedDataCache/Compressed.ddp not found, will not use a pak cache.
[2016.07.03-19.43.52:099][  0]LogDerivedDataCache: Unable to find inner node CompressedPak for hierarchical cache Hierarchy.
[2016.07.03-19.43.52:172][  0]LogDerivedDataCache:Display: Pak cache opened for reading ../../../Engine/DerivedDataCache/Compressed.ddp.
[2016.07.03-19.43.52:184][  0]LogDerivedDataCache: Using Local data cache path C:/Users/NewXB/AppData/Local/UnrealEngine/Common/DerivedDataCache: Writable
[2016.07.03-19.43.52:391][  0]LogInit: Selected Device Profile: [Windows]
[2016.07.03-19.43.52:395][  0]LogContentStreaming: Texture pool size is 0.000000MB
[2016.07.03-19.43.52:508][  0]LogMeshUtilities: No automatic mesh reduction module available
[2016.07.03-19.43.52:508][  0]LogMeshUtilities: No automatic mesh merging module available
[2016.07.03-19.43.52:753][  0]LogInit: WinSock: version 1.1 (2.2), MaxSocks=32767, MaxUdp=65467
[2016.07.03-19.43.53:596][  0]UdpMessaging: Initializing bridge on interface 0.0.0.0:0 to multicast group 230.0.0.1:6666.
[2016.07.03-19.43.53:698][  0]LogAssetRegistry: FAssetRegistry took 0.0108 seconds to start up
[2016.07.03-19.43.53:881][  0]SourceControl: Info Source control is disabled
[2016.07.03-19.43.53:881][  0]SourceControl: Info Source control is disabled
[2016.07.03-19.43.53:896][  0]SourceControl: Info Source control is disabled
[2016.07.03-19.43.53:911][  0]SourceControl: Info Source control is disabled
[2016.07.03-19.43.54:207][  0]LogObj: 28633 objects as part of root set at end of initial load.
[2016.07.03-19.43.54:207][  0]LogUObjectAllocator: 6099744 out of 0 bytes used by permanent object pool.
[2016.07.03-19.43.54:267][  0]LogEngine: Initializing Engine...
[2016.07.03-19.43.54:269][  0]LogHMD: Can't find Oculus library dev build: is proper Runtime installed? Version: 0.8.0.0
[2016.07.03-19.43.54:270][  0]LogHMD: SteamVR failed to initialize.  Err: 110
[2016.07.03-19.43.54:384][  0]LogAIModule: Creating AISystem for world NewWorld
[2016.07.03-19.43.54:389][  0]LogInit: XAudio2 using 'Speakers (High Definition Audio Device)' : 2 channels at 44.1 kHz using 16 bits per sample (channel mask 0x3)
[2016.07.03-19.43.54:406][  0]LogInit: FAudioDevice initialized.
[2016.07.03-19.43.54:425][  0]LogDerivedDataCache: Saved boot cache 0.02s 36MB C:/Users/NewXB/AppData/Local/UnrealEngine/4.10/DerivedDataCache/Boot.ddc.
[2016.07.03-19.43.54:431][  0]LogInit: Texture streaming: Enabled
[2016.07.03-19.43.54:438][  0]LogAnalytics: Creating configured Analytics provider AnalyticsET
[2016.07.03-19.43.54:438][  0]LogAnalytics: [UEEditor.Rocket.Release] APIServer = http://et2.epicgames.com/ET2/. AppVersion = 4.10.4-2872498+++depot+UE4-Releases+4.10
[2016.07.03-19.43.54:438][  0]LogAnalytics: [UEEditor.Rocket.Release] SetUserId ece583814e9348fb62113dbfb66ef682|bccad1b3b1304992b6c7a115ad0c5f38|62b997dc-dbc2-4b17-ab0c-81ec4270b588
[2016.07.03-19.43.54:438][  0]LogAnalytics: [UEEditor.Rocket.Release] AnalyticsET::StartSession
[2016.07.03-19.43.54:448][  0]LogInit: Transaction tracking system initialized
[2016.07.03-19.43.54:480][  0]BlueprintLog: New page: Editor Load
[2016.07.03-19.43.54:571][  0]LocalizationService: Info Localization service is disabled
[2016.07.03-19.43.54:678][  0]LogConsoleResponse:Display: 
[2016.07.03-19.43.54:786][  0]LogCook:Display: Done creating registry. It took  0.00s.
[2016.07.03-19.43.54:855][  0]LogFileCache: Scanning file cache for directory 'C:/Unreal Projects/Supers/Content/' took 0.01s
[2016.07.03-19.43.54:855][  0]SourceControl: Info Source control is disabled
[2016.07.03-19.43.54:855][  0]Cmd: MAP LOAD FILE="../../../../../../Unreal Projects/Supers/Content/TwinStickBP/Maps/TwinStickExampleMap.umap" TEMPLATE=0 SHOWPROGRESS=1 FEATURELEVEL=2
[2016.07.03-19.43.54:855][  0]LightingResults: New page: Lighting Build
[2016.07.03-19.43.54:859][  0]MapCheck: New page: Map Check
[2016.07.03-19.43.54:859][  0]LightingResults: New page: Lighting Build
[2016.07.03-19.43.54:871][  0]LogParticles: Destroying 0 GPU particle simulations for FXSystem 0x0000020E5D465A80
[2016.07.03-19.43.55:780][  0]LogAIModule: Creating AISystem for world TwinStickExampleMap
[2016.07.03-19.43.55:806][  0]LogEditorServer: Finished looking for orphan Actors (0.000 secs)
[2016.07.03-19.43.55:806][  0]Cmd: MAP CHECKDEP NOCLEARLOG
[2016.07.03-19.43.55:865][  0]MapCheck: Info Map check complete: 0 Error(s), 0 Warning(s), took 58.594ms to complete.
[2016.07.03-19.43.55:865][  0]LogFileHelpers: Loading map 'TwinStickExampleMap' took 1.010
[2016.07.03-19.43.55:963][  0]LogCollectionManager: Loaded 0 collections in 0.002775 seconds
[2016.07.03-19.43.56:002][  0]LogFileCache: Scanning file cache for directory 'C:/Unreal Projects/Supers/Saved/Collections/' took 0.01s
[2016.07.03-19.43.56:002][  0]LogFileCache: Scanning file cache for directory 'C:/Unreal Projects/Supers/Content/Developers/NewXB/Collections/' took 0.01s
[2016.07.03-19.43.56:002][  0]LogFileCache: Scanning file cache for directory 'C:/Unreal Projects/Supers/Content/Collections/' took 0.01s
[2016.07.03-19.43.56:003][  0]LogCollectionManager: Rebuilt the GUID cache for 0 collections in 0.000002 seconds
[2016.07.03-19.43.56:011][  0]LogContentBrowser: Native class hierarchy populated in 0.0087 seconds. Added 1893 classes and 338 folders.
[2016.07.03-19.43.56:019][  0]LogContentBrowser: Native class hierarchy updated for 'WidgetCarousel' in 0.0004 seconds. Added 0 classes and 0 folders.
[2016.07.03-19.43.56:070][  0]LogContentBrowser: Native class hierarchy updated for 'AddContentDialog' in 0.0004 seconds. Added 0 classes and 0 folders.
[2016.07.03-19.43.56:075][  0]LogContentBrowser: Native class hierarchy updated for 'SceneOutliner' in 0.0003 seconds. Added 1 classes and 2 folders.
[2016.07.03-19.43.56:091][  0]LogCrashTracker: Crashtracker disabled due to settings.
[2016.07.03-19.43.56:095][  0]LogUObjectGlobals:Warning: Failed to find object 'Class None.'
[2016.07.03-19.43.56:117][  0]LogLoad: Full Startup: 6.01 seconds (BP compile: 0.21 seconds)
[2016.07.03-19.43.56:128][  0]LogOcInput: Can't find Oculus library dev build: is proper Runtime installed? Version: 0.8.0.0
[2016.07.03-19.43.56:214][  0]LogContentStreaming: Texture pool size now 1000 MB
[2016.07.03-19.43.56:355][  0]LogRenderer: Reallocating scene render targets to support 1208x572 (Frame:2).
[2016.07.03-19.43.57:500][  5]LogAssetRegistry: Asset discovery search completed in 3.8135 seconds
[2016.07.03-19.43.57:500][  5]LogCollectionManager: Rebuilt the object cache for 0 collections in 0.000001 seconds (found 0 objects)
[2016.07.03-19.43.57:500][  5]LogCollectionManager: Fixed up redirectors for 0 collections in 0.000020 seconds (updated 0 objects)
[2016.07.03-19.44.01:245][441]LogBlueprintUserMessages: Early PlayInEditor Detection: Level '/Game/TwinStickBP/Maps/TwinStickExampleMap.TwinStickExampleMap:PersistentLevel' has LevelScriptBlueprint '/Game/TwinStickBP/Maps/TwinStickExampleMap.TwinStickExampleMap:PersistentLevel.TwinStickExampleMap' with GeneratedClass '/Game/TwinStickBP/Maps/TwinStickExampleMap.TwinStickExampleMap_C' with ClassGeneratedBy '/Game/TwinStickBP/Maps/TwinStickExampleMap.TwinStickExampleMap:PersistentLevel.TwinStickExampleMap'
[2016.07.03-19.44.01:245][441]LogPlayLevel: PlayLevel: No blueprints needed recompiling
[2016.07.03-19.44.01:246][441]PIE: New page: PIE session: TwinStickExampleMap (Jul 3, 2016, 5:44:01 AM)
[2016.07.03-19.44.01:246][441]LogPlayLevel: Creating play world package: /Game/TwinStickBP/Maps/UEDPIE_0_TwinStickExampleMap
[2016.07.03-19.44.01:265][441]LogPlayLevel: PIE: StaticDuplicateObject took: (0.019117s)
[2016.07.03-19.44.01:265][441]LogAIModule: Creating AISystem for world TwinStickExampleMap
[2016.07.03-19.44.01:265][441]LogPlayLevel: PIE: World Init took: (0.000735s)
[2016.07.03-19.44.01:266][441]LogPlayLevel: PIE: Created PIE world by copying editor world from /Game/TwinStickBP/Maps/TwinStickExampleMap.TwinStickExampleMap to /Game/TwinStickBP/Maps/UEDPIE_0_TwinStickExampleMap.TwinStickExampleMap (0.020074s)
[2016.07.03-19.44.01:266][441]LogActorComponent: UnregisterComponent: (/Engine/Transient.CharMoveComp) Not registered. Aborting.
[2016.07.03-19.44.01:266][441]LogActorComponent: UnregisterComponent: (/Engine/Transient.PawnSensing_GEN_VARIABLE) Not registered. Aborting.
[2016.07.03-19.44.01:266][441]LogActorComponent: UnregisterComponent: (/Engine/Transient.ProjectileMovementComponent_8) Not registered. Aborting.
[2016.07.03-19.44.01:266][441]LogActorComponent: UnregisterComponent: (/Engine/Transient.ProjectileMovement_GEN_VARIABLE) Not registered. Aborting.
[2016.07.03-19.44.01:266][441]LogActorComponent: UnregisterComponent: (/Engine/Transient.CharacterMovementComponent_0) Not registered. Aborting.
[2016.07.03-19.44.01:266][441]LogActorComponent: UnregisterComponent: (/Engine/Transient.PawnSensingMoving_GEN_VARIABLE) Not registered. Aborting.
[2016.07.03-19.44.01:266][441]LogActorComponent: UnregisterComponent: (/Engine/Transient.PawnSensingShooting_GEN_VARIABLE) Not registered. Aborting.
[2016.07.03-19.44.01:266][441]LogActorComponent: UnregisterComponent: (/Engine/Transient.ProjectileMovementComponent_0) Not registered. Aborting.
[2016.07.03-19.44.01:266][441]LogActorComponent: UnregisterComponent: (/Engine/Transient.ProjectileMovementComponent_1) Not registered. Aborting.
[2016.07.03-19.44.01:300][441]LogInit: XAudio2 using 'Speakers (High Definition Audio Device)' : 2 channels at 44.1 kHz using 16 bits per sample (channel mask 0x3)
[2016.07.03-19.44.01:306][441]LogInit: FAudioDevice initialized.
[2016.07.03-19.44.01:355][441]LogWorld: Game class is 'TwinStickGameMode_C'
[2016.07.03-19.44.01:371][441]LogWorld: Bringing World /Game/TwinStickBP/Maps/UEDPIE_0_TwinStickExampleMap.TwinStickExampleMap up for play (max tick rate 0) at 2016.07.03-12.44.01
[2016.07.03-19.44.01:371][441]LogActor:Warning: GameSession /Game/TwinStickBP/Maps/UEDPIE_0_TwinStickExampleMap.TwinStickExampleMap:PersistentLevel.GameSession_0 has natively added scene component(s), but none of them were set as the actor's RootComponent - picking one arbitrarily
[2016.07.03-19.44.01:371][441]LogActor:Warning: GameNetworkManager /Game/TwinStickBP/Maps/UEDPIE_0_TwinStickExampleMap.TwinStickExampleMap:PersistentLevel.GameNetworkManager_0 has natively added scene component(s), but none of them were set as the actor's RootComponent - picking one arbitrarily
[2016.07.03-19.44.01:380][441]LogWorld: Bringing up level for play took: 0.022205
[2016.07.03-19.44.01:381][441]PIE: Info Play in editor start time for /Game/TwinStickBP/Maps/UEDPIE_0_TwinStickExampleMap -0.714
[2016.07.03-19.44.01:381][441]LogBlueprintUserMessages: Late PlayInEditor Detection: Level '/Game/TwinStickBP/Maps/TwinStickExampleMap.TwinStickExampleMap:PersistentLevel' has LevelScriptBlueprint '/Game/TwinStickBP/Maps/TwinStickExampleMap.TwinStickExampleMap:PersistentLevel.TwinStickExampleMap' with GeneratedClass '/Game/TwinStickBP/Maps/TwinStickExampleMap.TwinStickExampleMap_C' with ClassGeneratedBy '/Game/TwinStickBP/Maps/TwinStickExampleMap.TwinStickExampleMap:PersistentLevel.TwinStickExampleMap'
[2016.07.03-19.44.15:838][369]LogBlueprintUserMessages: Early EndPlayMap Detection: Level '/Game/TwinStickBP/Maps/TwinStickExampleMap.TwinStickExampleMap:PersistentLevel' has LevelScriptBlueprint '/Game/TwinStickBP/Maps/TwinStickExampleMap.TwinStickExampleMap:PersistentLevel.TwinStickExampleMap' with GeneratedClass '/Game/TwinStickBP/Maps/TwinStickExampleMap.TwinStickExampleMap_C' with ClassGeneratedBy '/Game/TwinStickBP/Maps/TwinStickExampleMap.TwinStickExampleMap:PersistentLevel.TwinStickExampleMap'
[2016.07.03-19.44.15:883][369]LogBlueprintUserMessages: Late EndPlayMap Detection: Level '/Game/TwinStickBP/Maps/TwinStickExampleMap.TwinStickExampleMap:PersistentLevel' has LevelScriptBlueprint '/Game/TwinStickBP/Maps/TwinStickExampleMap.TwinStickExampleMap:PersistentLevel.TwinStickExampleMap' with GeneratedClass '/Game/TwinStickBP/Maps/TwinStickExampleMap.TwinStickExampleMap_C' with ClassGeneratedBy '/Game/TwinStickBP/Maps/TwinStickExampleMap.TwinStickExampleMap:PersistentLevel.TwinStickExampleMap'
[2016.07.03-19.44.15:899][369]LogParticles: Destroying 0 GPU particle simulations for FXSystem 0x0000020E182AC2C0
[2016.07.03-19.44.20:140][777]LogWindowsTextInputMethodSystem:Display: IME system now deactivated.
[2016.07.03-19.44.20:345][778]Cmd: QUIT_EDITOR
[2016.07.03-19.44.21:034][778]LogExit: Preparing to exit.
[2016.07.03-19.44.21:680][778]LogExit: Editor shut down
[2016.07.03-19.44.21:680][778]LogExit: Transaction tracking system shut down
[2016.07.03-19.44.21:684][778]LogParticles: Destroying 0 GPU particle simulations for FXSystem 0x0000020E66473A60
[2016.07.03-19.44.21:685][778]LogParticles: Destroying 0 GPU particle simulations for FXSystem 0x0000020E73587880
[2016.07.03-19.44.21:685][778]LogParticles: Destroying 0 GPU particle simulations for FXSystem 0x0000020E66926660
[2016.07.03-19.44.21:685][778]LogParticles: Destroying 0 GPU particle simulations for FXSystem 0x0000020E16384540
[2016.07.03-19.44.21:685][778]LogParticles: Destroying 0 GPU particle simulations for FXSystem 0x0000020E16384360
[2016.07.03-19.44.21:837][778]LogExit: Object subsystem successfully closed.
[2016.07.03-19.44.21:848][778]LogD3D11RHI: Shutdown
[2016.07.03-19.44.21:848][778]LogD3D11RHI: CleanupD3DDevice
[2016.07.03-19.44.21:999][778]LogD3D11RHI: ~FD3D11DynamicRHI
[2016.07.03-19.44.22:015][778]LogModuleManager: Shutting down and abandoning module CrashTracker (198)
[2016.07.03-19.44.22:015][778]LogModuleManager: Shutting down and abandoning module SceneOutliner (197)
[2016.07.03-19.44.22:015][778]LogModuleManager: Shutting down and abandoning module SuperSearch (196)
[2016.07.03-19.44.22:015][778]LogModuleManager: Shutting down and abandoning module WidgetCarousel (195)
[2016.07.03-19.44.22:015][778]LogModuleManager: Shutting down and abandoning module AddContentDialog (194)
[2016.07.03-19.44.22:016][778]LogModuleManager: Shutting down and abandoning module EditorWidgets (193)
[2016.07.03-19.44.22:016][778]LogModuleManager: Shutting down and abandoning module CollectionManager (192)
[2016.07.03-19.44.22:016][778]LogModuleManager: Shutting down and abandoning module StatsViewer (191)
[2016.07.03-19.44.22:016][778]LogModuleManager: Shutting down and abandoning module FoliageEdit (190)
[2016.07.03-19.44.22:016][778]LogModuleManager: Shutting down and abandoning module LandscapeEditor (189)
[2016.07.03-19.44.22:016][778]LogModuleManager: Shutting down and abandoning module ActorPickerMode (188)
[2016.07.03-19.44.22:016][778]LogModuleManager: Shutting down and abandoning module GeometryMode (187)
[2016.07.03-19.44.22:016][778]LogModuleManager: Shutting down and abandoning module TextureAlignMode (186)
[2016.07.03-19.44.22:016][778]LogModuleManager: Shutting down and abandoning module BspMode (185)
[2016.07.03-19.44.22:016][778]LogModuleManager: Shutting down and abandoning module PlacementMode (184)
[2016.07.03-19.44.22:016][778]LogModuleManager: Shutting down and abandoning module AutomationWorker (183)
[2016.07.03-19.44.22:016][778]LogModuleManager: Shutting down and abandoning module CharacterAI (182)
[2016.07.03-19.44.22:016][778]LogModuleManager: Shutting down and abandoning module SmartSnapping (181)
[2016.07.03-19.44.22:016][778]LogModuleManager: Shutting down and abandoning module ViewportSnapping (180)
[2016.07.03-19.44.22:016][778]LogModuleManager: Shutting down and abandoning module LogVisualizer (179)
[2016.07.03-19.44.22:017][778]LogModuleManager: Shutting down and abandoning module GameProjectGeneration (178)
[2016.07.03-19.44.22:017][778]LogModuleManager: Shutting down and abandoning module IntroTutorials (177)
[2016.07.03-19.44.22:017][778]LogModuleManager: Shutting down and abandoning module EditorLiveStreaming (176)
[2016.07.03-19.44.22:017][778]LogModuleManager: Shutting down and abandoning module IOSPlatformEditor (175)
[2016.07.03-19.44.22:017][778]LogModuleManager: Shutting down and abandoning module HTML5PlatformEditor (174)
[2016.07.03-19.44.22:017][778]LogModuleManager: Shutting down and abandoning module AndroidDeviceDetection (173)
[2016.07.03-19.44.22:627][778]LogModuleManager: Shutting down and abandoning module AndroidPlatformEditor (172)
[2016.07.03-19.44.22:627][778]LogModuleManager: Shutting down and abandoning module IOSRuntimeSettings (171)
[2016.07.03-19.44.22:627][778]LogModuleManager: Shutting down and abandoning module AndroidRuntimeSettings (170)
[2016.07.03-19.44.22:627][778]LogModuleManager: Shutting down and abandoning module MergeActors (169)
[2016.07.03-19.44.22:627][778]LogModuleManager: Shutting down and abandoning module SizeMap (168)
[2016.07.03-19.44.22:627][778]LogModuleManager: Shutting down and abandoning module TreeMap (167)
[2016.07.03-19.44.22:627][778]LogModuleManager: Shutting down and abandoning module ReferenceViewer (166)
[2016.07.03-19.44.22:627][778]LogModuleManager: Shutting down and abandoning module LocalizationService (165)
[2016.07.03-19.44.22:627][778]LogModuleManager: Shutting down and abandoning module LocalizationDashboard (164)
[2016.07.03-19.44.22:627][778]LogModuleManager: Shutting down and abandoning module HardwareTargeting (163)
[2016.07.03-19.44.22:627][778]LogModuleManager: Shutting down and abandoning module DeviceProfileEditor (162)
[2016.07.03-19.44.22:627][778]LogModuleManager: Shutting down and abandoning module UndoHistory (161)
[2016.07.03-19.44.22:627][778]LogModuleManager: Shutting down and abandoning module GameplayTagsEditor (160)
[2016.07.03-19.44.22:627][778]LogModuleManager: Shutting down and abandoning module UserFeedback (159)
[2016.07.03-19.44.22:627][778]LogModuleManager: Shutting down and abandoning module XmlParser (158)
[2016.07.03-19.44.22:627][778]LogModuleManager: Shutting down and abandoning module Blutility (157)
[2016.07.03-19.44.22:627][778]LogModuleManager: Shutting down and abandoning module ProjectTargetPlatformEditor (156)
[2016.07.03-19.44.22:627][778]LogModuleManager: Shutting down and abandoning module ProjectSettingsViewer (155)
[2016.07.03-19.44.22:627][778]LogModuleManager: Shutting down and abandoning module InputBindingEditor (154)
[2016.07.03-19.44.22:628][778]LogModuleManager: Shutting down and abandoning module EditorSettingsViewer (153)
[2016.07.03-19.44.22:628][778]LogModuleManager: Shutting down and abandoning module SettingsEditor (152)
[2016.07.03-19.44.22:628][778]LogModuleManager: Shutting down and abandoning module ProjectLauncher (151)
[2016.07.03-19.44.22:628][778]LogModuleManager: Shutting down and abandoning module SessionFrontend (150)
[2016.07.03-19.44.22:628][778]LogModuleManager: Shutting down and abandoning module ProfilerClient (149)
[2016.07.03-19.44.22:628][778]LogModuleManager: Shutting down and abandoning module TargetDeviceServices (148)
[2016.07.03-19.44.22:628][778]LogModuleManager: Shutting down and abandoning module DeviceManager (147)
[2016.07.03-19.44.22:628][778]LogModuleManager: Shutting down and abandoning module AutomationController (146)
[2016.07.03-19.44.22:628][778]LogModuleManager: Shutting down and abandoning module AutomationWindow (145)
[2016.07.03-19.44.22:628][778]LogModuleManager: Shutting down and abandoning module Layers (144)
[2016.07.03-19.44.22:628][778]LogModuleManager: Shutting down and abandoning module ComponentVisualizers (143)
[2016.07.03-19.44.22:628][778]LogModuleManager: Shutting down and abandoning module DetailCustomizations (142)
[2016.07.03-19.44.22:628][778]LogModuleManager: Shutting down and abandoning module PackagesDialog (141)
[2016.07.03-19.44.22:628][778]LogModuleManager: Shutting down and abandoning module Persona (140)
[2016.07.03-19.44.22:628][778]LogModuleManager: Shutting down and abandoning module Kismet (139)
[2016.07.03-19.44.22:628][778]LogModuleManager: Shutting down and abandoning module GraphEditor (138)
[2016.07.03-19.44.22:628][778]LogModuleManager: Shutting down and abandoning module ClassViewer (137)
[2016.07.03-19.44.22:628][778]LogModuleManager: Shutting down and abandoning module Toolbox (136)
[2016.07.03-19.44.22:628][778]LogModuleManager: Shutting down and abandoning module ModuleUI (135)
[2016.07.03-19.44.22:628][778]LogModuleManager: Shutting down and abandoning module MovieSceneTools (134)
[2016.07.03-19.44.22:628][778]LogModuleManager: Shutting down and abandoning module OutputLog (133)
[2016.07.03-19.44.22:628][778]LogModuleManager: Shutting down and abandoning module GammaUI (132)
[2016.07.03-19.44.22:628][778]LogModuleManager: Shutting down and abandoning module Documentation (131)
[2016.07.03-19.44.22:628][778]LogModuleManager: Shutting down and abandoning module GameLiveStreaming (130)
[2016.07.03-19.44.22:628][778]LogModuleManager: Shutting down and abandoning module StreamingPauseRendering (129)
[2016.07.03-19.44.22:628][778]LogModuleManager: Shutting down and abandoning module AnalyticsET (128)
[2016.07.03-19.44.22:628][778]LogModuleManager: Shutting down and abandoning module Analytics (127)
[2016.07.03-19.44.22:628][778]LogModuleManager: Shutting down and abandoning module AITestSuite (126)
[2016.07.03-19.44.22:628][778]LogModuleManager: Shutting down and abandoning module GameplayDebugger (125)
[2016.07.03-19.44.22:628][778]LogModuleManager: Shutting down and abandoning module AIModule (124)
[2016.07.03-19.44.22:628][778]LogModuleManager: Shutting down and abandoning module ProfilerService (123)
[2016.07.03-19.44.22:744][778]LogModuleManager: Shutting down and abandoning module TaskGraph (122)
[2016.07.03-19.44.22:744][778]LogModuleManager: Shutting down and abandoning module SlateRemote (121)
[2016.07.03-19.44.22:744][778]LogModuleManager: Shutting down and abandoning module SteamVRController (120)
[2016.07.03-19.44.22:744][778]LogModuleManager: Shutting down and abandoning module SteamVR (119)
[2016.07.03-19.44.22:744][778]LogModuleManager: Shutting down and abandoning module ProceduralMeshComponent (118)
[2016.07.03-19.44.22:744][778]LogModuleManager: Shutting down and abandoning module OculusLibrary (117)
[2016.07.03-19.44.22:744][778]LogModuleManager: Shutting down and abandoning module OculusInput (116)
[2016.07.03-19.44.22:744][778]LogModuleManager: Shutting down and abandoning module LeapMotionController (115)
[2016.07.03-19.44.22:757][778]LogModuleManager: Shutting down and abandoning module CustomMeshComponent (114)
[2016.07.03-19.44.22:757][778]LogModuleManager: Shutting down and abandoning module CableComponent (113)
[2016.07.03-19.44.22:757][778]LogModuleManager: Shutting down and abandoning module ArchVisCharacter (112)
[2016.07.03-19.44.22:757][778]LogModuleManager: Shutting down and abandoning module MessagingDebugger (111)
[2016.07.03-19.44.22:757][778]LogModuleManager: Shutting down and abandoning module MediaPlayerEditor (110)
[2016.07.03-19.44.22:757][778]LogModuleManager: Shutting down and abandoning module HTML5Networking (109)
[2016.07.03-19.44.22:757][778]LogModuleManager: Shutting down and abandoning module SpeedTreeImporter (108)
[2016.07.03-19.44.22:757][778]LogModuleManager: Shutting down and abandoning module PluginBrowser (107)
[2016.07.03-19.44.22:757][778]LogModuleManager: Shutting down and abandoning module EpicSurvey (106)
[2016.07.03-19.44.22:757][778]LogModuleManager: Shutting down and abandoning module DesktopPlatform (105)
[2016.07.03-19.44.22:757][778]LogModuleManager: Shutting down and abandoning module VisualStudioSourceCodeAccess (104)
[2016.07.03-19.44.22:757][778]LogModuleManager: Shutting down and abandoning module UObjectPlugin (103)
[2016.07.03-19.44.22:757][778]LogModuleManager: Shutting down and abandoning module SubversionSourceControl (102)
[2016.07.03-19.44.22:757][778]LogModuleManager: Shutting down and abandoning module PerforceSourceControl (101)
[2016.07.03-19.44.22:757][778]LogModuleManager: Shutting down and abandoning module SourceControl (100)
[2016.07.03-19.44.22:757][778]LogModuleManager: Shutting down and abandoning module GitSourceControl (99)
[2016.07.03-19.44.22:757][778]LogModuleManager: Shutting down and abandoning module LightPropagationVolumeEditor (98)
[2016.07.03-19.44.22:758][778]LogModuleManager: Shutting down and abandoning module PaperTiledImporter (97)
[2016.07.03-19.44.22:758][778]LogModuleManager: Shutting down and abandoning module PaperSpriteSheetImporter (96)
[2016.07.03-19.44.22:758][778]LogModuleManager: Shutting down and abandoning module MeshPaint (95)
[2016.07.03-19.44.22:758][778]LogModuleManager: Shutting down and abandoning module SlateReflector (94)
[2016.07.03-19.44.22:758][778]LogModuleManager: Shutting down and abandoning module HotReload (93)
[2016.07.03-19.44.22:758][778]LogModuleManager: Shutting down and abandoning module MainFrame (92)
[2016.07.03-19.44.22:758][778]LogModuleManager: Shutting down and abandoning module LevelEditor (91)
[2016.07.03-19.44.22:759][778]LogModuleManager: Shutting down and abandoning module DirectoryWatcher (90)
[2016.07.03-19.44.22:759][778]LogModuleManager: Shutting down and abandoning module AssetRegistry (89)
[2016.07.03-19.44.22:797][778]LogModuleManager: Shutting down and abandoning module ContentBrowser (88)
[2016.07.03-19.44.22:798][778]LogModuleManager: Shutting down and abandoning module Paper2DEditor (87)
[2016.07.03-19.44.22:798][778]LogModuleManager: Shutting down and abandoning module UdpMessaging (86)
[2016.07.03-19.44.22:899][778]LogModuleManager: Shutting down and abandoning module LightPropagationVolumeRuntime (85)
[2016.07.03-19.44.22:899][778]LogModuleManager: Shutting down and abandoning module Paper2D (84)
[2016.07.03-19.44.22:899][778]LogModuleManager: Shutting down and abandoning module WindowsMoviePlayer (83)
[2016.07.03-19.44.22:901][778]LogModuleManager: Shutting down and abandoning module Media (82)
[2016.07.03-19.44.22:901][778]LogModuleManager: Shutting down and abandoning module WmfMedia (81)
[2016.07.03-19.44.22:901][778]LogModuleManager: Shutting down and abandoning module OnlineBlueprintSupport (80)
[2016.07.03-19.44.22:901][778]LogModuleManager: Shutting down and abandoning module GameplayTasksEditor (79)
[2016.07.03-19.44.22:901][778]LogModuleManager: Shutting down and abandoning module PropertyEditor (78)
[2016.07.03-19.44.22:901][778]LogModuleManager: Shutting down and abandoning module BehaviorTreeEditor (77)
[2016.07.03-19.44.22:901][778]LogModuleManager: Shutting down and abandoning module FunctionalTesting (76)
[2016.07.03-19.44.22:901][778]LogModuleManager: Shutting down and abandoning module CollisionAnalyzer (75)
[2016.07.03-19.44.22:901][778]LogModuleManager: Shutting down and abandoning module WorkspaceMenuStructure (74)
[2016.07.03-19.44.22:901][778]LogModuleManager: Shutting down and abandoning module MessageLog (73)
[2016.07.03-19.44.22:901][778]LogModuleManager: Shutting down and abandoning module Sequencer (72)
[2016.07.03-19.44.22:901][778]LogModuleManager: Shutting down and abandoning module AssetTools (71)
[2016.07.03-19.44.22:901][778]LogModuleManager: Shutting down and abandoning module UMGEditor (70)
[2016.07.03-19.44.22:901][778]LogModuleManager: Shutting down and abandoning module UMG (69)
[2016.07.03-19.44.22:901][778]LogModuleManager: Shutting down and abandoning module Slate (68)
[2016.07.03-19.44.22:901][778]LogModuleManager: Shutting down and abandoning module EditorStyle (67)
[2016.07.03-19.44.22:903][778]LogModuleManager: Shutting down and abandoning module SessionServices (66)
[2016.07.03-19.44.22:903][778]LogModuleManager: Shutting down and abandoning module SourceCodeAccess (65)
[2016.07.03-19.44.22:903][778]LogModuleManager: Shutting down and abandoning module HeadMountedDisplay (64)
[2016.07.03-19.44.22:903][778]LogModuleManager: Shutting down and abandoning module XAudio2 (63)
[2016.07.03-19.44.22:904][778]LogModuleManager: Shutting down and abandoning module Networking (61)
[2016.07.03-19.44.22:904][778]LogModuleManager: Shutting down and abandoning module Core (60)
[2016.07.03-19.44.22:904][778]LogModuleManager: Shutting down and abandoning module KismetCompiler (59)
[2016.07.03-19.44.22:904][778]LogModuleManager: Shutting down and abandoning module PhysXFormats (58)
[2016.07.03-19.44.22:904][778]LogModuleManager: Shutting down and abandoning module MeshUtilities (57)
[2016.07.03-19.44.22:904][778]LogModuleManager: Shutting down and abandoning module DerivedDataCache (56)
[2016.07.03-19.44.23:191][778]LogDerivedDataCache: Shutdown
[2016.07.03-19.44.23:192][778]LogModuleManager: Shutting down and abandoning module ShaderFormatOpenGL (55)
[2016.07.03-19.44.23:192][778]LogModuleManager: Shutting down and abandoning module ShaderFormatD3D (54)
[2016.07.03-19.44.23:192][778]LogModuleManager: Shutting down and abandoning module MetalShaderFormat (53)
[2016.07.03-19.44.23:192][778]LogModuleManager: Shutting down and abandoning module TextureFormatUncompressed (52)
[2016.07.03-19.44.23:192][778]LogModuleManager: Shutting down and abandoning module TextureFormatPVR (51)
[2016.07.03-19.44.23:192][778]LogModuleManager: Shutting down and abandoning module TextureFormatIntelISPCTexComp (50)
[2016.07.03-19.44.23:192][778]LogModuleManager: Shutting down and abandoning module TextureFormatDXT (49)
[2016.07.03-19.44.23:192][778]LogModuleManager: Shutting down and abandoning module ImageWrapper (48)
[2016.07.03-19.44.23:192][778]LogModuleManager: Shutting down and abandoning module TextureFormatASTC (47)
[2016.07.03-19.44.23:192][778]LogModuleManager: Shutting down and abandoning module TextureFormatAndroid (46)
[2016.07.03-19.44.23:192][778]LogModuleManager: Shutting down and abandoning module AudioFormatOpus (45)
[2016.07.03-19.44.23:192][778]LogModuleManager: Shutting down and abandoning module AudioFormatOgg (44)
[2016.07.03-19.44.23:192][778]LogModuleManager: Shutting down and abandoning module AudioFormatADPCM (43)
[2016.07.03-19.44.23:192][778]LogModuleManager: Shutting down and abandoning module LinuxTargetPlatform (42)
[2016.07.03-19.44.23:192][778]LogModuleManager: Shutting down and abandoning module LinuxServerTargetPlatform (41)
[2016.07.03-19.44.23:192][778]LogModuleManager: Shutting down and abandoning module LinuxNoEditorTargetPlatform (40)
[2016.07.03-19.44.23:192][778]LogModuleManager: Shutting down and abandoning module Messaging (39)
[2016.07.03-19.44.23:192][778]LogModuleManager: Shutting down and abandoning module IOSTargetPlatform (38)
[2016.07.03-19.44.23:192][778]LogModuleManager: Shutting down and abandoning module HTML5TargetPlatform (37)
[2016.07.03-19.44.23:192][778]LogModuleManager: Shutting down and abandoning module Android_PVRTCTargetPlatform (36)
[2016.07.03-19.44.23:192][778]LogModuleManager: Shutting down and abandoning module Android_MultiTargetPlatform (35)
[2016.07.03-19.44.23:192][778]LogModuleManager: Shutting down and abandoning module Android_ETC2TargetPlatform (34)
[2016.07.03-19.44.23:192][778]LogModuleManager: Shutting down and abandoning module Android_ETC1TargetPlatform (33)
[2016.07.03-19.44.23:192][778]LogModuleManager: Shutting down and abandoning module Android_DXTTargetPlatform (32)
[2016.07.03-19.44.23:192][778]LogModuleManager: Shutting down and abandoning module Android_ATCTargetPlatform (31)
[2016.07.03-19.44.23:192][778]LogModuleManager: Shutting down and abandoning module Android_ASTCTargetPlatform (30)
[2016.07.03-19.44.23:192][778]LogModuleManager: Shutting down and abandoning module AndroidTargetPlatform (29)
[2016.07.03-19.44.23:192][778]LogModuleManager: Shutting down and abandoning module WindowsTargetPlatform (28)
[2016.07.03-19.44.23:192][778]LogModuleManager: Shutting down and abandoning module WindowsServerTargetPlatform (27)
[2016.07.03-19.44.23:192][778]LogModuleManager: Shutting down and abandoning module WindowsNoEditorTargetPlatform (26)
[2016.07.03-19.44.23:192][778]LogModuleManager: Shutting down and abandoning module WindowsClientTargetPlatform (25)
[2016.07.03-19.44.23:192][778]LogModuleManager: Shutting down and abandoning module AllDesktopTargetPlatform (24)
[2016.07.03-19.44.23:192][778]LogModuleManager: Shutting down and abandoning module TargetPlatform (23)
[2016.07.03-19.44.23:192][778]LogModuleManager: Shutting down and abandoning module InputCore (22)
[2016.07.03-19.44.23:193][778]LogModuleManager: Shutting down and abandoning module Settings (21)
[2016.07.03-19.44.23:193][778]LogModuleManager: Shutting down and abandoning module OnlineSubsystem (19)
[2016.07.03-19.44.23:193][778]LogModuleManager: Shutting down and abandoning module HTTP (18)
[2016.07.03-19.44.25:196][778]LogModuleManager: Shutting down and abandoning module XMPP (17)
[2016.07.03-19.44.25:196][778]LogModuleManager: Shutting down and abandoning module OculusRift (16)
[2016.07.03-19.44.25:196][778]LogModuleManager: Shutting down and abandoning module ExampleDeviceProfileSelector (15)
[2016.07.03-19.44.25:196][778]LogModuleManager: Shutting down and abandoning module TextureCompressor (14)
[2016.07.03-19.44.25:196][778]LogModuleManager: Shutting down and abandoning module ShaderCore (13)
[2016.07.03-19.44.25:196][778]LogModuleManager: Shutting down and abandoning module Landscape (12)
[2016.07.03-19.44.25:196][778]LogModuleManager: Shutting down and abandoning module SlateRHIRenderer (11)
[2016.07.03-19.44.25:197][778]LogModuleManager: Shutting down and abandoning module OpenGLDrv (10)
[2016.07.03-19.44.25:197][778]LogModuleManager: Shutting down and abandoning module D3D11RHI (9)
[2016.07.03-19.44.25:197][778]LogModuleManager: Shutting down and abandoning module AnimGraphRuntime (8)
[2016.07.03-19.44.25:197][778]LogModuleManager: Shutting down and abandoning module Renderer (7)
[2016.07.03-19.44.25:197][778]LogModuleManager: Shutting down and abandoning module Engine (6)
[2016.07.03-19.44.25:197][778]LogModuleManager: Shutting down and abandoning module CoreUObject (5)
[2016.07.03-19.44.25:197][778]LogModuleManager: Shutting down and abandoning module NetworkFile (4)
[2016.07.03-19.44.25:197][778]LogModuleManager: Shutting down and abandoning module StreamingFile (3)
[2016.07.03-19.44.25:197][778]LogModuleManager: Shutting down and abandoning module SandboxFile (2)
[2016.07.03-19.44.25:197][778]LogModuleManager: Shutting down and abandoning module PakFile (1)
[2016.07.03-19.44.25:199][778]LogExit: Exiting.
[2016.07.03-19.44.25:201][778]Log file closed, 07/03/16 12:44:25
