Log file open, 06/26/17 00:22:20
LogInit:Display: Running engine for game: Supers
LogPlatformFile: Not using cached read wrapper
LogInit:Display: RandInit(-352250214) SRandInit(-352250214).
LogTaskGraph: Started task graph with 5 named threads and 8 total threads with 1 sets of task threads.
LogStats: Stats thread started at 0.089623
LogInit: Using libcurl 7.47.1
LogInit:  - built for x86_64-pc-win32
LogInit:  - supports SSL with OpenSSL/1.0.2g
LogInit:  - supports HTTP deflate (compression) using libz 1.2.8
LogInit:  - other features:
LogInit:      CURL_VERSION_SSL
LogInit:      CURL_VERSION_LIBZ
LogInit:      CURL_VERSION_IPV6
LogInit:      CURL_VERSION_ASYNCHDNS
LogInit:      CURL_VERSION_LARGEFILE
LogInit:      CURL_VERSION_IDN
LogInit:  CurlRequestOptions (configurable via config and command line):
LogInit:  - bVerifyPeer = false  - Libcurl will NOT verify peer certificate
LogInit:  - bUseHttpProxy = false  - Libcurl will NOT use HTTP proxy
LogInit:  - bDontReuseConnections = false  - Libcurl will reuse connections
LogInit:  - CertBundlePath = nullptr  - Libcurl will use whatever was configured at build time.
LogInit: Build: ++UE4+Release-4.16-CL-3466753
LogInit: Engine Version: 4.16.1-3466753+++UE4+Release-4.16
LogInit: Compatible Engine Version: 4.16.0-3452394+++UE4+Release-4.16
LogInit: Net CL: 3452394
LogDevObjectVersion: Number of dev versions registered: 16
LogDevObjectVersion:   Dev-Blueprints (B0D832E4-1F89-4F0D-ACCF-7EB736FD4AA2): 9
LogDevObjectVersion:   Dev-Build (E1C64328-A22C-4D53-A36C-8E866417BD8C): 0
LogDevObjectVersion:   Dev-Core (375EC13C-06E4-48FB-B500-84F0262A717E): 2
LogDevObjectVersion:   Dev-Editor (E4B068ED-F494-42E9-A231-DA0B2E46BB41): 17
LogDevObjectVersion:   Dev-Framework (CFFC743F-43B0-4480-9391-14DF171D2073): 23
LogDevObjectVersion:   Dev-Mobile (B02B49B5-BB20-44E9-A304-32B752E40360): 0
LogDevObjectVersion:   Dev-Networking (A4E4105C-59A1-49B5-A7C5-40C4547EDFEE): 0
LogDevObjectVersion:   Dev-Online (39C831C9-5AE6-47DC-9A44-9C173E1C8E7C): 0
LogDevObjectVersion:   Dev-Physics (78F01B33-EBEA-4F98-B9B4-84EACCB95AA2): 0
LogDevObjectVersion:   Dev-Platform (6631380F-2D4D-43E0-8009-CF276956A95A): 0
LogDevObjectVersion:   Dev-Rendering (12F88B9F-8875-4AFC-A67C-D90C383ABD29): 15
LogDevObjectVersion:   Dev-Sequencer (7B5AE74C-D270-4C10-A958-57980B212A5A): 4
LogDevObjectVersion:   Dev-VR (D7296918-1DD6-4BDD-9DE2-64A83CC13884): 0
LogDevObjectVersion:   Dev-LoadTimes (C2A15278-BFE7-4AFE-6C17-90FF531DF755): 1
LogDevObjectVersion:   Private-Geometry (6EACA3D4-40EC-4CC1-B786-8BED09428FC5): 1
LogDevObjectVersion:   Dev-AnimPhys (29E575DD-E0A3-4627-9D10-D276232CDCEA): 3
LogInit: Compiled (64-bit): May 31 2017 02:03:30
LogInit: Compiled with Visual C++: 19.00.24215.01
LogInit: Build Configuration: Development
LogInit: Branch Name: ++UE4+Release-4.16
LogInit: Command line:  
LogInit: Base directory: C:/Program Files/Epic Games/UE_4.16/Engine/Binaries/Win64/
LogInit: Installed Engine Build: 1
LogInit: Presizing for max 8388607 objects, including 0 objects not considered by GC, pre-allocating 0 bytes for permanent pool.
LogInit: Object subsystem initialized
[2017.06.26-07.22.20:542][  0]LogInit: Selected Device Profile: [Windows]
[2017.06.26-07.22.20:542][  0]LogInit: Applying CVar settings loaded from the selected device profile: [Windows]
[2017.06.26-07.22.20:550][  0]LogInit: Computer: DESKTOP-2T88I18
[2017.06.26-07.22.20:550][  0]LogInit: User: NewXB
[2017.06.26-07.22.20:550][  0]LogInit: CPU Page size=4096, Cores=4
[2017.06.26-07.22.20:550][  0]LogInit: High frequency timer resolution =2.648439 MHz
[2017.06.26-07.22.20:551][  0]LogMemory: Memory total: Physical=31.9GB (32GB approx)
[2017.06.26-07.22.20:551][  0]LogMemory: Platform Memory Stats for Windows
[2017.06.26-07.22.20:551][  0]LogMemory: Process Physical Memory: 273.52 MB used, 273.52 MB peak
[2017.06.26-07.22.20:551][  0]LogMemory: Process Virtual Memory: 260.91 MB used, 260.91 MB peak
[2017.06.26-07.22.20:551][  0]LogMemory: Physical Memory: 9537.88 MB used,  23165.86 MB free, 32703.74 MB total
[2017.06.26-07.22.20:551][  0]LogMemory: Virtual Memory: 638.44 MB used,  23165.86 MB free, 134217728.00 MB total
[2017.06.26-07.22.21:029][  0]LogInit: Using OS detected language (en-US).
[2017.06.26-07.22.21:029][  0]LogInit: Using OS detected locale (en-US).
[2017.06.26-07.22.21:033][  0]LogTextLocalizationManager: No specific localization for 'en-US' exists, so the 'en' localization will be used.
[2017.06.26-07.22.22:125][  0]LogD3D11RHI: D3D11 adapters:
[2017.06.26-07.22.22:662][  0]LogD3D11RHI:    0. 'NVIDIA GeForce GTX 1070' (Feature Level 11_0)
[2017.06.26-07.22.22:662][  0]LogD3D11RHI:       8113/0/16351 MB DedicatedVideo/DedicatedSystem/SharedSystem, Outputs:1, VendorId:0x10de
[2017.06.26-07.22.22:664][  0]LogD3D11RHI:    1. 'Microsoft Basic Render Driver' (Feature Level 11_0)
[2017.06.26-07.22.22:664][  0]LogD3D11RHI:       0/0/16351 MB DedicatedVideo/DedicatedSystem/SharedSystem, Outputs:0, VendorId:0x1414
[2017.06.26-07.22.22:664][  0]LogD3D11RHI: Chosen D3D11 Adapter: 0
[2017.06.26-07.22.22:672][  0]LogD3D11RHI: Creating new Direct3DDevice
[2017.06.26-07.22.22:672][  0]LogD3D11RHI:     GPU DeviceId: 0x1be1 (for the marketing name, search the web for "GPU Device Id")
[2017.06.26-07.22.22:672][  0]LogWindows: EnumDisplayDevices:
[2017.06.26-07.22.22:672][  0]LogWindows:    0. 'NVIDIA GeForce GTX 1070' (P:1 D:1)
[2017.06.26-07.22.22:672][  0]LogWindows:    1. 'NVIDIA GeForce GTX 1070' (P:0 D:0)
[2017.06.26-07.22.22:672][  0]LogWindows:    2. 'NVIDIA GeForce GTX 1070' (P:0 D:0)
[2017.06.26-07.22.22:672][  0]LogWindows:    3. 'NVIDIA GeForce GTX 1070' (P:0 D:0)
[2017.06.26-07.22.22:672][  0]LogWindows: DebugString: FoundDriverCount:4 
[2017.06.26-07.22.22:672][  0]LogD3D11RHI:     Adapter Name: NVIDIA GeForce GTX 1070
[2017.06.26-07.22.22:673][  0]LogD3D11RHI:   Driver Version: 382.33 (internal:22.21.13.8233, unified:382.33)
[2017.06.26-07.22.22:673][  0]LogD3D11RHI:      Driver Date: 5-17-2017
[2017.06.26-07.22.22:673][  0]LogRHI: Texture pool is 1361 MB (70% of 1945 MB)
[2017.06.26-07.22.23:174][  0]LogD3D11RHI: Async texture creation enabled
[2017.06.26-07.22.23:203][  0]LogD3D11RHI: GPU Timing Frequency: 1000.000000 (Debug: 2 1)
[2017.06.26-07.22.23:248][  0]LogShaderCompilers: Guid format shader working directory is -11 characters bigger than the processId version (../../../../../../supers-master/supers-master 4.16/supers/Intermediate/Shaders/WorkingDirectory/9340/).
[2017.06.26-07.22.23:248][  0]LogShaderCompilers: Cleaned the shader compiler working directory 'C:/Users/NewXB/AppData/Local/Temp/UnrealShaderWorkingDir/C31DE3454094C0E9A633F7B43F3FFE7B/'.
[2017.06.26-07.22.23:248][  0]LogShaderCompilers:Display: Using Local Shader Compiler.
[2017.06.26-07.22.24:345][  0]LogTemp:Display: Loaded TP AllDesktopTargetPlatform
[2017.06.26-07.22.24:402][  0]LogTemp:Display: Loaded TP MacClientTargetPlatform
[2017.06.26-07.22.24:456][  0]LogTemp:Display: Loaded TP MacNoEditorTargetPlatform
[2017.06.26-07.22.24:512][  0]LogTemp:Display: Loaded TP MacServerTargetPlatform
[2017.06.26-07.22.24:567][  0]LogTemp:Display: Loaded TP MacTargetPlatform
[2017.06.26-07.22.24:628][  0]LogTemp:Display: Loaded TP WindowsClientTargetPlatform
[2017.06.26-07.22.25:149][  0]LogTemp:Display: Loaded TP WindowsNoEditorTargetPlatform
[2017.06.26-07.22.25:204][  0]LogTemp:Display: Loaded TP WindowsServerTargetPlatform
[2017.06.26-07.22.25:255][  0]LogTemp:Display: Loaded TP WindowsTargetPlatform
[2017.06.26-07.22.25:310][  0]LogTemp:Display: Loaded TP AndroidTargetPlatform
[2017.06.26-07.22.25:369][  0]LogTemp:Display: Loaded TP Android_ASTCTargetPlatform
[2017.06.26-07.22.25:424][  0]LogTemp:Display: Loaded TP Android_ATCTargetPlatform
[2017.06.26-07.22.25:483][  0]LogTemp:Display: Loaded TP Android_DXTTargetPlatform
[2017.06.26-07.22.25:538][  0]LogTemp:Display: Loaded TP Android_ETC1TargetPlatform
[2017.06.26-07.22.25:595][  0]LogTemp:Display: Loaded TP Android_ETC2TargetPlatform
[2017.06.26-07.22.25:710][  0]LogTemp:Display: Loaded TP Android_MultiTargetPlatform
[2017.06.26-07.22.25:710][  0]LogTemp:Display: Loaded TP Android_PVRTCTargetPlatform
[2017.06.26-07.22.25:757][  0]LogTemp:Display: Loaded TP HTML5TargetPlatform
[2017.06.26-07.22.25:858][  0]LogTemp:Display: Loaded TP IOSTargetPlatform
[2017.06.26-07.22.25:887][  0]LogTemp:Display: Loaded TP TVOSTargetPlatform
[2017.06.26-07.22.25:949][  0]LogTemp:Display: Loaded TP LinuxClientTargetPlatform
[2017.06.26-07.22.26:007][  0]LogTemp:Display: Loaded TP LinuxNoEditorTargetPlatform
[2017.06.26-07.22.26:063][  0]LogTemp:Display: Loaded TP LinuxServerTargetPlatform
[2017.06.26-07.22.26:117][  0]LogTemp:Display: Loaded TP LinuxTargetPlatform
[2017.06.26-07.22.26:117][  0]LogTargetPlatformManager:Display: Building Assets For Windows
[2017.06.26-07.22.26:686][  0]LogDerivedDataCache:Display: Max Cache Size: 512 MB
[2017.06.26-07.22.26:771][  0]LogDerivedDataCache: Loaded boot cache 0.08s 89MB C:/Users/NewXB/AppData/Local/UnrealEngine/4.16/DerivedDataCache/Boot.ddc.
[2017.06.26-07.22.26:771][  0]LogDerivedDataCache:Display: Loaded Boot cache: C:/Users/NewXB/AppData/Local/UnrealEngine/4.16/DerivedDataCache/Boot.ddc
[2017.06.26-07.22.26:771][  0]LogDerivedDataCache: FDerivedDataBackendGraph:  Pak pak cache file ../../../../../../supers-master/supers-master 4.16/supers/DerivedDataCache/DDC.ddp not found, will not use a pak cache.
[2017.06.26-07.22.26:771][  0]LogDerivedDataCache: Unable to find inner node Pak for hierarchical cache Hierarchy.
[2017.06.26-07.22.26:771][  0]LogDerivedDataCache: FDerivedDataBackendGraph:  CompressedPak pak cache file ../../../../../../supers-master/supers-master 4.16/supers/DerivedDataCache/Compressed.ddp not found, will not use a pak cache.
[2017.06.26-07.22.26:771][  0]LogDerivedDataCache: Unable to find inner node CompressedPak for hierarchical cache Hierarchy.
[2017.06.26-07.22.26:785][  0]LogDerivedDataCache:Display: Pak cache opened for reading ../../../Engine/DerivedDataCache/Compressed.ddp.
[2017.06.26-07.22.26:798][  0]LogDerivedDataCache: Using Local data cache path C:/Users/NewXB/AppData/Local/UnrealEngine/Common/DerivedDataCache: Writable
[2017.06.26-07.22.26:807][  0]LogMaterial: Verifying Global Shaders for PCD3D_SM5
[2017.06.26-07.22.26:807][  0]LogSlate: Using Freetype 2.6.0
[2017.06.26-07.22.26:813][  0]LogSlate: SlateFontCache - WITH_FREETYPE: 1, WITH_HARFBUZZ: 1
[2017.06.26-07.22.26:813][  0]LogSlate: SlateFontCache - WITH_FREETYPE: 1, WITH_HARFBUZZ: 1
[2017.06.26-07.22.27:453][  0]LogInit: Selected Device Profile: [Windows]
[2017.06.26-07.22.27:521][  0]LogContentStreaming: Texture pool size is 0.00 MB
[2017.06.26-07.22.27:704][  0]LogMeshUtilities: Using QuadricMeshReduction for automatic static mesh reduction
[2017.06.26-07.22.27:760][  0]LogSimplygon: Simplygon DLL not present - disabling.
[2017.06.26-07.22.27:818][  0]LogMeshUtilities: Using SimplygonSwarm for distributed automatic mesh merging
[2017.06.26-07.22.27:818][  0]LogMeshUtilities: No automatic skeletal mesh reduction module available
[2017.06.26-07.22.27:818][  0]LogMeshUtilities: No automatic mesh merging module available
[2017.06.26-07.22.28:406][  0]LogNetVersion: Supers , NetCL: 3452394, EngineNetVer: 2, GameNetVer: 0 (Checksum: 3304520363)
[2017.06.26-07.22.28:475][  0]LogAssetRegistry: FAssetRegistry took 0.0255 seconds to start up
[2017.06.26-07.22.28:572][  0]LogPackageLocalizationCache: Processed 4 localized package path(s) for 2 prioritized culture(s) in 0.069529 seconds
[2017.06.26-07.22.28:576][  0]LogUObjectArray: 34194 objects as part of root set at end of initial load.
[2017.06.26-07.22.28:576][  0]LogUObjectAllocator: 7260416 out of 0 bytes used by permanent object pool.
[2017.06.26-07.22.28:576][  0]LogUObjectArray: CloseDisregardForGC: 0/0 objects in disregard for GC pool
[2017.06.26-07.22.28:642][  0]LogInit: WinSock: version 1.1 (2.2), MaxSocks=32767, MaxUdp=65467
[2017.06.26-07.22.31:599][  0]LogTcpMessaging: Initializing TcpMessaging bridge
[2017.06.26-07.22.31:642][  0]LogUdpMessaging: Initializing bridge on interface 0.0.0.0:0 to multicast group 230.0.0.1:6666.
[2017.06.26-07.22.32:249][  0]LogMaterial: Uniform references updated for custom material expression Custom.
[2017.06.26-07.22.32:695][  0]SourceControl: Info Source control is disabled
[2017.06.26-07.22.32:741][  0]SourceControl: Info Source control is disabled
[2017.06.26-07.22.32:797][  0]SourceControl: Info Source control is disabled
[2017.06.26-07.22.32:852][  0]SourceControl: Info Source control is disabled
[2017.06.26-07.22.33:655][  0]LogAndroidPermission: UAndroidPermissionCallbackProxy::GetInstance
[2017.06.26-07.22.34:349][  0]LogEngine: Initializing Engine...
[2017.06.26-07.22.34:382][  0]LogHMD: Failed to initialize OpenVR with code 126
[2017.06.26-07.22.34:602][  0]LogStats: UGameplayTagsManager::ConstructGameplayTagTree: Construct from data asset -  0.000 s
[2017.06.26-07.22.34:602][  0]LogStats: UGameplayTagsManager::ConstructGameplayTagTree: GameplayTagTreeChangedEvent.Broadcast -  0.000 s
[2017.06.26-07.22.34:791][  0]LogAIModule: Creating AISystem for world Untitled
[2017.06.26-07.22.34:803][  0]LogInit: XAudio2 using 'Speakers (Realtek High Definition Audio)' : 6 channels at 48 kHz using 32 bits per sample (channel mask 0x3f)
[2017.06.26-07.22.34:996][  0]LogInit: FAudioDevice initialized.
[2017.06.26-07.22.35:048][  0]LogDerivedDataCache: Saved boot cache 0.05s 89MB C:/Users/NewXB/AppData/Local/UnrealEngine/4.16/DerivedDataCache/Boot.ddc.
[2017.06.26-07.22.35:057][  0]LogInit: Texture streaming: Enabled
[2017.06.26-07.22.35:156][  0]LogEngineSessionManager: EngineSessionManager initialized
[2017.06.26-07.22.35:416][  0]LogInit: Transaction tracking system initialized
[2017.06.26-07.22.35:789][  0]BlueprintLog: New page: Editor Load
[2017.06.26-07.22.36:912][  0]LocalizationService: Info Localization service is disabled
[2017.06.26-07.22.37:738][  0]LogConsoleResponse:Display: 
[2017.06.26-07.22.37:889][  0]LogCook:Display: Max memory allowance for cook 16384mb min free memory 0mb
[2017.06.26-07.22.37:889][  0]LogCook:Display: Mobile HDR setting 1
[2017.06.26-07.22.38:053][  0]LogFileCache: Scanning file cache for directory 'C:/supers-master/supers-master 4.16/supers/Content/' took 0.01s
[2017.06.26-07.22.39:078][  0]SourceControl: Info Source control is disabled
[2017.06.26-07.22.39:078][  0]Cmd: MAP LOAD FILE="../../../../../../supers-master/supers-master 4.16/supers/Content/TwinStickBP/Maps/TwinStickExampleMap.umap" TEMPLATE=0 SHOWPROGRESS=1 FEATURELEVEL=3
[2017.06.26-07.22.39:078][  0]LightingResults: New page: Lighting Build
[2017.06.26-07.22.39:127][  0]MapCheck: New page: Map Check
[2017.06.26-07.22.39:127][  0]LightingResults: New page: Lighting Build
[2017.06.26-07.22.39:380][  0]LogBlueprint:Warning: Node '/Game/StarterContent/Blueprints/Blueprint_Effect_Sparks.Blueprint_Effect_Sparks:EdGraph_0.K2Node_FunctionEntry_37' missing NodeGuid because of upgrade from old package version, this can cause deterministic cooking issues please resave package.
[2017.06.26-07.22.39:380][  0]LogBlueprint:Warning: Node '/Game/StarterContent/Blueprints/Blueprint_Effect_Sparks.Blueprint_Effect_Sparks:EdGraph_1.K2Node_FunctionEntry_37' missing NodeGuid because of upgrade from old package version, this can cause deterministic cooking issues please resave package.
[2017.06.26-07.22.39:955][  0]LogBlueprint:Warning: Node '/Game/StarterContent/Blueprints/Blueprint_Effect_Sparks.Blueprint_Effect_Sparks:EdGraph_2.K2Node_FunctionEntry_37' missing NodeGuid because of upgrade from old package version, this can cause deterministic cooking issues please resave package.
[2017.06.26-07.22.40:621][  0]LogBlueprint:Warning: Node '/Game/StarterContent/Audio/Fire_Sparks01_Cue.Fire_Sparks01_Cue:SoundCueGraph_7.SoundCueGraphNode_6' missing NodeGuid because of upgrade from old package version, this can cause deterministic cooking issues please resave package.
[2017.06.26-07.22.40:621][  0]LogBlueprint:Warning: Node '/Game/StarterContent/Audio/Fire_Sparks01_Cue.Fire_Sparks01_Cue:SoundCueGraph_7.SoundCueGraphNode_Root_7' missing NodeGuid because of upgrade from old package version, this can cause deterministic cooking issues please resave package.
[2017.06.26-07.22.40:621][  0]LogBlueprint:Warning: Node '/Game/StarterContent/Blueprints/Blueprint_Effect_Sparks.Blueprint_Effect_Sparks:UserConstructionScript.K2Node_FunctionEntry_37' missing NodeGuid because of upgrade from old package version, this can cause deterministic cooking issues please resave package.
[2017.06.26-07.22.40:674][  0]LogAIModule: Creating AISystem for world TwinStickExampleMap
[2017.06.26-07.22.40:695][  0]LogEditorServer: Finished looking for orphan Actors (0.000 secs)
[2017.06.26-07.22.40:720][  0]Cmd: MAP CHECKDEP NOCLEARLOG
[2017.06.26-07.22.40:833][  0]MapCheck:Warning: Warning player1_1352 player1_C /Game/TwinStickBP/Maps/TwinStickExampleMap.TwinStickExampleMap:PersistentLevel.player1_1352 : Externally referenced 
[2017.06.26-07.22.40:833][  0]MapCheck:Warning: Warning player2_2572 player2_C /Game/TwinStickBP/Maps/TwinStickExampleMap.TwinStickExampleMap:PersistentLevel.player2_2572 : Externally referenced 
[2017.06.26-07.22.40:833][  0]MapCheck:Warning: Warning player3_1752 player3_C /Game/TwinStickBP/Maps/TwinStickExampleMap.TwinStickExampleMap:PersistentLevel.player3_1752 : Externally referenced 
[2017.06.26-07.22.40:833][  0]MapCheck:Warning: Warning player4_2142 player4_C /Game/TwinStickBP/Maps/TwinStickExampleMap.TwinStickExampleMap:PersistentLevel.player4_2142 : Externally referenced 
[2017.06.26-07.22.40:833][  0]MapCheck:Warning: Warning player5_6470 player5_C /Game/TwinStickBP/Maps/TwinStickExampleMap.TwinStickExampleMap:PersistentLevel.player5_6470 : Externally referenced 
[2017.06.26-07.22.40:833][  0]MapCheck:Warning: Warning player6_1522 player6_C /Game/TwinStickBP/Maps/TwinStickExampleMap.TwinStickExampleMap:PersistentLevel.player6_1522 : Externally referenced 
[2017.06.26-07.22.40:833][  0]MapCheck:Warning: Warning ShipMeshComponent StaticMeshComponent /Game/TwinStickBP/Maps/TwinStickExampleMap.TwinStickExampleMap:PersistentLevel.player1_1352.ShipMeshComponent : Externally referenced 
[2017.06.26-07.22.40:833][  0]MapCheck:Warning: Warning EnergyShield StaticMeshComponent /Game/TwinStickBP/Maps/TwinStickExampleMap.TwinStickExampleMap:PersistentLevel.player1_1352.EnergyShield : Externally referenced 
[2017.06.26-07.22.40:833][  0]MapCheck:Warning: Warning Shield StaticMeshComponent /Game/TwinStickBP/Maps/TwinStickExampleMap.TwinStickExampleMap:PersistentLevel.player1_1352.Shield : Externally referenced 
[2017.06.26-07.22.40:833][  0]MapCheck:Warning: Warning ShipMeshComponent StaticMeshComponent /Game/TwinStickBP/Maps/TwinStickExampleMap.TwinStickExampleMap:PersistentLevel.player2_2572.ShipMeshComponent : Externally referenced 
[2017.06.26-07.22.40:833][  0]MapCheck:Warning: Warning EnergyShield StaticMeshComponent /Game/TwinStickBP/Maps/TwinStickExampleMap.TwinStickExampleMap:PersistentLevel.player2_2572.EnergyShield : Externally referenced 
[2017.06.26-07.22.40:833][  0]MapCheck:Warning: Warning Shield StaticMeshComponent /Game/TwinStickBP/Maps/TwinStickExampleMap.TwinStickExampleMap:PersistentLevel.player2_2572.Shield : Externally referenced 
[2017.06.26-07.22.40:833][  0]MapCheck:Warning: Warning ShipMeshComponent StaticMeshComponent /Game/TwinStickBP/Maps/TwinStickExampleMap.TwinStickExampleMap:PersistentLevel.player3_1752.ShipMeshComponent : Externally referenced 
[2017.06.26-07.22.40:833][  0]MapCheck:Warning: Warning EnergyShield StaticMeshComponent /Game/TwinStickBP/Maps/TwinStickExampleMap.TwinStickExampleMap:PersistentLevel.player3_1752.EnergyShield : Externally referenced 
[2017.06.26-07.22.40:833][  0]MapCheck:Warning: Warning Shield StaticMeshComponent /Game/TwinStickBP/Maps/TwinStickExampleMap.TwinStickExampleMap:PersistentLevel.player3_1752.Shield : Externally referenced 
[2017.06.26-07.22.40:833][  0]MapCheck:Warning: Warning ShipMeshComponent StaticMeshComponent /Game/TwinStickBP/Maps/TwinStickExampleMap.TwinStickExampleMap:PersistentLevel.player4_2142.ShipMeshComponent : Externally referenced 
[2017.06.26-07.22.40:833][  0]MapCheck:Warning: Warning EnergyShield StaticMeshComponent /Game/TwinStickBP/Maps/TwinStickExampleMap.TwinStickExampleMap:PersistentLevel.player4_2142.EnergyShield : Externally referenced 
[2017.06.26-07.22.40:833][  0]MapCheck:Warning: Warning Shield StaticMeshComponent /Game/TwinStickBP/Maps/TwinStickExampleMap.TwinStickExampleMap:PersistentLevel.player4_2142.Shield : Externally referenced 
[2017.06.26-07.22.40:833][  0]MapCheck:Warning: Warning ShipMeshComponent StaticMeshComponent /Game/TwinStickBP/Maps/TwinStickExampleMap.TwinStickExampleMap:PersistentLevel.player5_6470.ShipMeshComponent : Externally referenced 
[2017.06.26-07.22.40:833][  0]MapCheck:Warning: Warning EnergyShield StaticMeshComponent /Game/TwinStickBP/Maps/TwinStickExampleMap.TwinStickExampleMap:PersistentLevel.player5_6470.EnergyShield : Externally referenced 
[2017.06.26-07.22.40:833][  0]MapCheck:Warning: Warning Shield StaticMeshComponent /Game/TwinStickBP/Maps/TwinStickExampleMap.TwinStickExampleMap:PersistentLevel.player5_6470.Shield : Externally referenced 
[2017.06.26-07.22.40:833][  0]MapCheck:Warning: Warning ShipMeshComponent StaticMeshComponent /Game/TwinStickBP/Maps/TwinStickExampleMap.TwinStickExampleMap:PersistentLevel.player6_1522.ShipMeshComponent : Externally referenced 
[2017.06.26-07.22.40:833][  0]MapCheck:Warning: Warning EnergyShield StaticMeshComponent /Game/TwinStickBP/Maps/TwinStickExampleMap.TwinStickExampleMap:PersistentLevel.player6_1522.EnergyShield : Externally referenced 
[2017.06.26-07.22.40:833][  0]MapCheck:Warning: Warning Shield StaticMeshComponent /Game/TwinStickBP/Maps/TwinStickExampleMap.TwinStickExampleMap:PersistentLevel.player6_1522.Shield : Externally referenced 
[2017.06.26-07.22.40:833][  0]MapCheck:Warning: Warning StaticMeshComponent0 StaticMeshComponent /Game/TwinStickBP/Maps/TwinStickExampleMap.TwinStickExampleMap:PersistentLevel.Floor_18.StaticMeshComponent0 : Externally referenced 
[2017.06.26-07.22.40:834][  0]MapCheck:Warning: Warning StaticMeshComponent0 StaticMeshComponent /Game/TwinStickBP/Maps/TwinStickExampleMap.TwinStickExampleMap:PersistentLevel.Obstacle2_3.StaticMeshComponent0 : Externally referenced 
[2017.06.26-07.22.40:834][  0]MapCheck:Warning: Warning StaticMeshComponent0 StaticMeshComponent /Game/TwinStickBP/Maps/TwinStickExampleMap.TwinStickExampleMap:PersistentLevel.Wall1_17.StaticMeshComponent0 : Externally referenced 
[2017.06.26-07.22.40:834][  0]MapCheck:Warning: Warning StaticMeshComponent0 StaticMeshComponent /Game/TwinStickBP/Maps/TwinStickExampleMap.TwinStickExampleMap:PersistentLevel.Wall5.StaticMeshComponent0 : Externally referenced 
[2017.06.26-07.22.40:834][  0]MapCheck:Warning: Warning StaticMeshComponent0 StaticMeshComponent /Game/TwinStickBP/Maps/TwinStickExampleMap.TwinStickExampleMap:PersistentLevel.Wall6.StaticMeshComponent0 : Externally referenced 
[2017.06.26-07.22.40:834][  0]MapCheck:Warning: Warning StaticMeshComponent0 StaticMeshComponent /Game/TwinStickBP/Maps/TwinStickExampleMap.TwinStickExampleMap:PersistentLevel.Wall7.StaticMeshComponent0 : Externally referenced 
[2017.06.26-07.22.40:834][  0]MapCheck:Warning: Warning K2Node_CallFunction_2339 K2Node_CallFunction /Game/TwinStickBP/Maps/TwinStickExampleMap.TwinStickExampleMap:PersistentLevel.TwinStickExampleMap.EventGraph.K2Node_CallFunction_2339 : Externally referenced 
[2017.06.26-07.22.40:834][  0]MapCheck: Info Map check complete: 0 Error(s), 31 Warning(s), took 113.557ms to complete.
[2017.06.26-07.22.40:841][  0]LogFileHelpers: Loading map 'TwinStickExampleMap' took 1.763
[2017.06.26-07.22.40:977][  0]LogCollectionManager: Loaded 0 collections in 0.002243 seconds
[2017.06.26-07.22.41:079][  0]LogFileCache: Scanning file cache for directory 'C:/supers-master/supers-master 4.16/supers/Saved/Collections/' took 0.01s
[2017.06.26-07.22.41:079][  0]LogFileCache: Scanning file cache for directory 'C:/supers-master/supers-master 4.16/supers/Content/Developers/NewXB/Collections/' took 0.01s
[2017.06.26-07.22.41:079][  0]LogFileCache: Scanning file cache for directory 'C:/supers-master/supers-master 4.16/supers/Content/Collections/' took 0.01s
[2017.06.26-07.22.41:079][  0]LogCollectionManager: Rebuilt the GUID cache for 0 collections in 0.000002 seconds
[2017.06.26-07.22.41:088][  0]LogContentBrowser: Native class hierarchy populated in 0.0093 seconds. Added 2329 classes and 491 folders.
[2017.06.26-07.22.41:162][  0]LogContentBrowser: Native class hierarchy updated for 'WidgetCarousel' in 0.0005 seconds. Added 0 classes and 0 folders.
[2017.06.26-07.22.41:235][  0]LogContentBrowser: Native class hierarchy updated for 'AddContentDialog' in 0.0006 seconds. Added 0 classes and 0 folders.
[2017.06.26-07.22.41:285][  0]LogContentBrowser: Native class hierarchy updated for 'SceneOutliner' in 0.0006 seconds. Added 1 classes and 2 folders.
[2017.06.26-07.22.41:332][  0]LogCrashTracker: Crashtracker disabled due to settings.
[2017.06.26-07.22.41:340][  0]LogSlate: Took 0.000262 seconds to synchronously load lazily loaded font '../../../Engine/Content/Slate/Fonts/Roboto-Regular.ttf' (155K)
[2017.06.26-07.22.41:342][  0]LogSlate: Took 0.000250 seconds to synchronously load lazily loaded font '../../../Engine/Content/Slate/Fonts/Roboto-Bold.ttf' (160K)
[2017.06.26-07.22.41:347][  0]LogSlate: Took 0.000247 seconds to synchronously load lazily loaded font '../../../Engine/Content/Editor/Slate/Fonts/FontAwesome.ttf' (139K)
[2017.06.26-07.22.41:451][  0]LogRenderer: Reallocating scene render targets to support 1208x576 NumSamples 1 (Frame:1).
[2017.06.26-07.22.41:508][  0]LogSlate: Took 0.000208 seconds to synchronously load lazily loaded font '../../../Engine/Content/Slate/Fonts/Roboto-Light.ttf' (159K)
[2017.06.26-07.22.41:604][  0]LogUObjectGlobals:Warning: Failed to find object 'Class None.'
[2017.06.26-07.22.41:689][  0]LogContentBrowser: Native class hierarchy updated for 'HierarchicalLODOutliner' in 0.0006 seconds. Added 1 classes and 2 folders.
[2017.06.26-07.22.41:689][  0]LogLoad: (Engine Initialization) Total time: 23.06 seconds
[2017.06.26-07.22.41:689][  0]LogLoad: (Engine Initialization) Total Blueprint compile time: 0.57 seconds
[2017.06.26-07.22.41:689][  0]LogExternalProfiler: Found external profiler: VSPerf
[2017.06.26-07.22.41:689][  0]LogExternalProfiler: Using external profiler: VSPerf
[2017.06.26-07.22.41:708][  0]LogWindowsTextInputMethodSystem:Display: IME system now deactivated.
[2017.06.26-07.22.41:709][  0]LogOcInput: OculusInput pre-init called
[2017.06.26-07.22.41:709][  0]LogHMD: Starting GearVRController plugin
[2017.06.26-07.22.41:736][  0]LogContentStreaming: Texture pool size now 1000 MB
[2017.06.26-07.22.41:786][  1]LogAssetRegistry: Asset discovery search completed in 13.3321 seconds
[2017.06.26-07.22.41:788][  1]LogCollectionManager: Rebuilt the object cache for 0 collections in 0.000000 seconds (found 0 objects)
[2017.06.26-07.22.41:788][  1]LogCollectionManager: Fixed up redirectors for 0 collections in 0.000035 seconds (updated 0 objects)
[2017.06.26-07.22.49:594][464]LogSlate: Took 0.000243 seconds to synchronously load lazily loaded font '../../../Engine/Content/Slate/Fonts/Roboto-Light.ttf' (159K)
[2017.06.26-07.22.49:992][464]LogContentBrowser: Native class hierarchy updated for 'BlueprintGraph' in 0.0014 seconds. Added 112 classes and 0 folders.
[2017.06.26-07.22.50:579][464]LogSlate: Took 0.000228 seconds to synchronously load lazily loaded font '../../../Engine/Content/Slate/Fonts/Roboto-Regular.ttf' (155K)
[2017.06.26-07.22.50:675][464]LogSlate: Took 0.000295 seconds to synchronously load lazily loaded font '../../../Engine/Content/Editor/Slate/Fonts/Roboto-BoldCondensed.ttf' (158K)
[2017.06.26-07.22.51:018][465]LogSlate: Took 0.000286 seconds to synchronously load lazily loaded font '../../../Engine/Content/Editor/Slate/Fonts/Roboto-Italic.ttf' (157K)
[2017.06.26-07.23.04:774][262]LogRenderer: Reallocating scene render targets to support 1208x712 NumSamples 1 (Frame:1).
[2017.06.26-07.24.28:949][201]LogBlueprintUserMessages: Early PlayInEditor Detection: Level '/Game/TwinStickBP/Maps/TwinStickExampleMap.TwinStickExampleMap:PersistentLevel' has LevelScriptBlueprint '/Game/TwinStickBP/Maps/TwinStickExampleMap.TwinStickExampleMap:PersistentLevel.TwinStickExampleMap' with GeneratedClass '/Game/TwinStickBP/Maps/TwinStickExampleMap.TwinStickExampleMap_C' with ClassGeneratedBy '/Game/TwinStickBP/Maps/TwinStickExampleMap.TwinStickExampleMap:PersistentLevel.TwinStickExampleMap'
[2017.06.26-07.24.28:949][201]LogPlayLevel: PlayLevel: No blueprints needed recompiling
[2017.06.26-07.24.28:949][201]PIE: New page: PIE session: TwinStickExampleMap (Jun 25, 2017, 5:24:28 PM)
[2017.06.26-07.24.28:949][201]LogPlayLevel: Creating play world package: /Game/TwinStickBP/Maps/UEDPIE_0_TwinStickExampleMap
[2017.06.26-07.24.28:957][201]LogPlayLevel: PIE: StaticDuplicateObject took: (0.007489s)
[2017.06.26-07.24.28:957][201]LogAIModule: Creating AISystem for world TwinStickExampleMap
[2017.06.26-07.24.28:957][201]LogPlayLevel: PIE: World Init took: (0.000715s)
[2017.06.26-07.24.28:958][201]LogPlayLevel: PIE: Created PIE world by copying editor world from /Game/TwinStickBP/Maps/TwinStickExampleMap.TwinStickExampleMap to /Game/TwinStickBP/Maps/UEDPIE_0_TwinStickExampleMap.TwinStickExampleMap (0.008418s)
[2017.06.26-07.24.28:983][201]LogInit: XAudio2 using 'Speakers (Realtek High Definition Audio)' : 6 channels at 48 kHz using 32 bits per sample (channel mask 0x3f)
[2017.06.26-07.24.29:047][201]LogInit: FAudioDevice initialized.
[2017.06.26-07.24.29:099][201]LogLoad: Game class is 'TwinStickGameMode_C'
[2017.06.26-07.24.29:104][201]LogWorld: Bringing World /Game/TwinStickBP/Maps/UEDPIE_0_TwinStickExampleMap.TwinStickExampleMap up for play (max tick rate 60) at 2017.06.26-00.24.29
[2017.06.26-07.24.29:104][201]LogWorld: Bringing up level for play took: 0.002451
[2017.06.26-07.24.29:172][201]LogContentBrowser: Native class hierarchy updated for 'MovieSceneCapture' in 0.0005 seconds. Added 11 classes and 0 folders.
[2017.06.26-07.24.29:172][201]LogGameMode:Display: Match State Changed from EnteringMap to WaitingToStart
[2017.06.26-07.24.29:172][201]LogGameState: Match State Changed from EnteringMap to WaitingToStart
[2017.06.26-07.24.29:172][201]LogGameMode:Display: Match State Changed from WaitingToStart to InProgress
[2017.06.26-07.24.29:176][201]LogPlayerManagement:Error: Failed to Create Player: Maximum number of players (4) already created.  Unable to create more.
[2017.06.26-07.24.29:176][201]LogPlayerManagement:Error: Failed to Create Player: Maximum number of players (4) already created.  Unable to create more.
[2017.06.26-07.24.29:177][201]LogScript:Warning: Accessed None trying to read property CallFunc_GetPlayerController_ReturnValue3
	TwinStickExampleMap_C /Game/TwinStickBP/Maps/UEDPIE_0_TwinStickExampleMap.TwinStickExampleMap:PersistentLevel.TwinStickExampleMap_C_1
	Function /Game/TwinStickBP/Maps/TwinStickExampleMap.TwinStickExampleMap_C:ExecuteUbergraph_TwinStickExampleMap:03AA
[2017.06.26-07.24.29:177][201]PIE:Error: Error Blueprint Runtime Error: Accessed None trying to read property CallFunc_GetPlayerController_ReturnValue3 from function: 'ExecuteUbergraph_TwinStickExampleMap' from node: Possess in graph: EventGraph in object: TwinStickExampleMap with description: Accessed None trying to read property CallFunc_GetPlayerController_ReturnValue3
[2017.06.26-07.24.29:177][201]LogScript:Warning: Accessed None trying to read property CallFunc_GetPlayerController_ReturnValue6
	TwinStickExampleMap_C /Game/TwinStickBP/Maps/UEDPIE_0_TwinStickExampleMap.TwinStickExampleMap:PersistentLevel.TwinStickExampleMap_C_1
	Function /Game/TwinStickBP/Maps/TwinStickExampleMap.TwinStickExampleMap_C:ExecuteUbergraph_TwinStickExampleMap:00C6
[2017.06.26-07.24.29:177][201]PIE:Error: Error Blueprint Runtime Error: Accessed None trying to read property CallFunc_GetPlayerController_ReturnValue6 from function: 'ExecuteUbergraph_TwinStickExampleMap' from node: Possess in graph: EventGraph in object: TwinStickExampleMap with description: Accessed None trying to read property CallFunc_GetPlayerController_ReturnValue6
[2017.06.26-07.24.29:178][201]LogGameState: Match State Changed from WaitingToStart to InProgress
[2017.06.26-07.24.29:178][201]PIE: Info Play in editor start time for /Game/TwinStickBP/Maps/UEDPIE_0_TwinStickExampleMap -0.742
[2017.06.26-07.24.29:178][201]LogBlueprintUserMessages: Late PlayInEditor Detection: Level '/Game/TwinStickBP/Maps/TwinStickExampleMap.TwinStickExampleMap:PersistentLevel' has LevelScriptBlueprint '/Game/TwinStickBP/Maps/TwinStickExampleMap.TwinStickExampleMap:PersistentLevel.TwinStickExampleMap' with GeneratedClass '/Game/TwinStickBP/Maps/TwinStickExampleMap.TwinStickExampleMap_C' with ClassGeneratedBy '/Game/TwinStickBP/Maps/TwinStickExampleMap.TwinStickExampleMap:PersistentLevel.TwinStickExampleMap'
[2017.06.26-07.25.12:870][540]LogBlueprintUserMessages: Early EndPlayMap Detection: Level '/Game/TwinStickBP/Maps/TwinStickExampleMap.TwinStickExampleMap:PersistentLevel' has LevelScriptBlueprint '/Game/TwinStickBP/Maps/TwinStickExampleMap.TwinStickExampleMap:PersistentLevel.TwinStickExampleMap' with GeneratedClass '/Game/TwinStickBP/Maps/TwinStickExampleMap.TwinStickExampleMap_C' with ClassGeneratedBy '/Game/TwinStickBP/Maps/TwinStickExampleMap.TwinStickExampleMap:PersistentLevel.TwinStickExampleMap'
[2017.06.26-07.25.12:929][540]LogBlueprintUserMessages: Late EndPlayMap Detection: Level '/Game/TwinStickBP/Maps/TwinStickExampleMap.TwinStickExampleMap:PersistentLevel' has LevelScriptBlueprint '/Game/TwinStickBP/Maps/TwinStickExampleMap.TwinStickExampleMap:PersistentLevel.TwinStickExampleMap' with GeneratedClass '/Game/TwinStickBP/Maps/TwinStickExampleMap.TwinStickExampleMap_C' with ClassGeneratedBy '/Game/TwinStickBP/Maps/TwinStickExampleMap.TwinStickExampleMap:PersistentLevel.TwinStickExampleMap'
[2017.06.26-07.26.49:470][294]LogTemp: Repeting last play command: Selected Viewport
[2017.06.26-07.26.49:487][294]LogBlueprintUserMessages: Early PlayInEditor Detection: Level '/Game/TwinStickBP/Maps/TwinStickExampleMap.TwinStickExampleMap:PersistentLevel' has LevelScriptBlueprint '/Game/TwinStickBP/Maps/TwinStickExampleMap.TwinStickExampleMap:PersistentLevel.TwinStickExampleMap' with GeneratedClass '/Game/TwinStickBP/Maps/TwinStickExampleMap.TwinStickExampleMap_C' with ClassGeneratedBy '/Game/TwinStickBP/Maps/TwinStickExampleMap.TwinStickExampleMap:PersistentLevel.TwinStickExampleMap'
[2017.06.26-07.26.49:487][294]BlueprintLog: New page: Pre-Play auto-recompile
[2017.06.26-07.26.49:487][294]LogPlayLevel: [PlayLevel] Compiling player1 before play...
[2017.06.26-07.26.50:639][294]LogPlayLevel: PlayLevel: Blueprint regeneration took 1151 ms (1 blueprints)
[2017.06.26-07.26.50:639][294]PIE: New page: PIE session: TwinStickExampleMap (Jun 25, 2017, 5:26:50 PM)
[2017.06.26-07.26.50:639][294]LogPlayLevel: Creating play world package: /Game/TwinStickBP/Maps/UEDPIE_0_TwinStickExampleMap
[2017.06.26-07.26.50:646][294]LogPlayLevel: PIE: StaticDuplicateObject took: (0.007105s)
[2017.06.26-07.26.50:647][294]LogAIModule: Creating AISystem for world TwinStickExampleMap
[2017.06.26-07.26.50:647][294]LogPlayLevel: PIE: World Init took: (0.000729s)
[2017.06.26-07.26.50:647][294]LogPlayLevel: PIE: Created PIE world by copying editor world from /Game/TwinStickBP/Maps/TwinStickExampleMap.TwinStickExampleMap to /Game/TwinStickBP/Maps/UEDPIE_0_TwinStickExampleMap.TwinStickExampleMap (0.007992s)
[2017.06.26-07.26.50:667][294]LogInit: XAudio2 using 'Speakers (Realtek High Definition Audio)' : 6 channels at 48 kHz using 32 bits per sample (channel mask 0x3f)
[2017.06.26-07.26.50:730][294]LogInit: FAudioDevice initialized.
[2017.06.26-07.26.50:776][294]LogLoad: Game class is 'TwinStickGameMode_C'
[2017.06.26-07.26.50:778][294]LogWorld: Bringing World /Game/TwinStickBP/Maps/UEDPIE_0_TwinStickExampleMap.TwinStickExampleMap up for play (max tick rate 60) at 2017.06.26-00.26.50
[2017.06.26-07.26.50:779][294]LogWorld: Bringing up level for play took: 0.001768
[2017.06.26-07.26.50:779][294]LogGameMode:Display: Match State Changed from EnteringMap to WaitingToStart
[2017.06.26-07.26.50:779][294]LogGameState: Match State Changed from EnteringMap to WaitingToStart
[2017.06.26-07.26.50:779][294]LogGameMode:Display: Match State Changed from WaitingToStart to InProgress
[2017.06.26-07.26.50:781][294]LogPlayerManagement:Error: Failed to Create Player: Maximum number of players (4) already created.  Unable to create more.
[2017.06.26-07.26.50:781][294]LogPlayerManagement:Error: Failed to Create Player: Maximum number of players (4) already created.  Unable to create more.
[2017.06.26-07.26.50:781][294]LogScript:Warning: Accessed None trying to read property CallFunc_GetPlayerController_ReturnValue3
	TwinStickExampleMap_C /Game/TwinStickBP/Maps/UEDPIE_0_TwinStickExampleMap.TwinStickExampleMap:PersistentLevel.TwinStickExampleMap_C_1
	Function /Game/TwinStickBP/Maps/TwinStickExampleMap.TwinStickExampleMap_C:ExecuteUbergraph_TwinStickExampleMap:03AA
[2017.06.26-07.26.50:781][294]PIE:Error: Error Blueprint Runtime Error: Accessed None trying to read property CallFunc_GetPlayerController_ReturnValue3 from function: 'ExecuteUbergraph_TwinStickExampleMap' from node: Possess in graph: EventGraph in object: TwinStickExampleMap with description: Accessed None trying to read property CallFunc_GetPlayerController_ReturnValue3
[2017.06.26-07.26.50:781][294]LogScript:Warning: Accessed None trying to read property CallFunc_GetPlayerController_ReturnValue6
	TwinStickExampleMap_C /Game/TwinStickBP/Maps/UEDPIE_0_TwinStickExampleMap.TwinStickExampleMap:PersistentLevel.TwinStickExampleMap_C_1
	Function /Game/TwinStickBP/Maps/TwinStickExampleMap.TwinStickExampleMap_C:ExecuteUbergraph_TwinStickExampleMap:00C6
[2017.06.26-07.26.50:781][294]PIE:Error: Error Blueprint Runtime Error: Accessed None trying to read property CallFunc_GetPlayerController_ReturnValue6 from function: 'ExecuteUbergraph_TwinStickExampleMap' from node: Possess in graph: EventGraph in object: TwinStickExampleMap with description: Accessed None trying to read property CallFunc_GetPlayerController_ReturnValue6
[2017.06.26-07.26.50:782][294]LogGameState: Match State Changed from WaitingToStart to InProgress
[2017.06.26-07.26.50:782][294]PIE: Info Play in editor start time for /Game/TwinStickBP/Maps/UEDPIE_0_TwinStickExampleMap 0.863
[2017.06.26-07.26.50:782][294]LogBlueprintUserMessages: Late PlayInEditor Detection: Level '/Game/TwinStickBP/Maps/TwinStickExampleMap.TwinStickExampleMap:PersistentLevel' has LevelScriptBlueprint '/Game/TwinStickBP/Maps/TwinStickExampleMap.TwinStickExampleMap:PersistentLevel.TwinStickExampleMap' with GeneratedClass '/Game/TwinStickBP/Maps/TwinStickExampleMap.TwinStickExampleMap_C' with ClassGeneratedBy '/Game/TwinStickBP/Maps/TwinStickExampleMap.TwinStickExampleMap:PersistentLevel.TwinStickExampleMap'
[2017.06.26-07.27.03:711][ 39]LogBlueprintUserMessages: Early EndPlayMap Detection: Level '/Game/TwinStickBP/Maps/TwinStickExampleMap.TwinStickExampleMap:PersistentLevel' has LevelScriptBlueprint '/Game/TwinStickBP/Maps/TwinStickExampleMap.TwinStickExampleMap:PersistentLevel.TwinStickExampleMap' with GeneratedClass '/Game/TwinStickBP/Maps/TwinStickExampleMap.TwinStickExampleMap_C' with ClassGeneratedBy '/Game/TwinStickBP/Maps/TwinStickExampleMap.TwinStickExampleMap:PersistentLevel.TwinStickExampleMap'
[2017.06.26-07.27.03:765][ 39]LogBlueprintUserMessages: Late EndPlayMap Detection: Level '/Game/TwinStickBP/Maps/TwinStickExampleMap.TwinStickExampleMap:PersistentLevel' has LevelScriptBlueprint '/Game/TwinStickBP/Maps/TwinStickExampleMap.TwinStickExampleMap:PersistentLevel.TwinStickExampleMap' with GeneratedClass '/Game/TwinStickBP/Maps/TwinStickExampleMap.TwinStickExampleMap_C' with ClassGeneratedBy '/Game/TwinStickBP/Maps/TwinStickExampleMap.TwinStickExampleMap:PersistentLevel.TwinStickExampleMap'
[2017.06.26-07.27.06:516][183]LogUObjectBase:Warning: Object is not registered
[2017.06.26-07.27.06:663][183]LogStats: FPlatformStackWalk::StackWalkAndDump -  0.147 s
[2017.06.26-07.27.06:663][183]LogOutputDevice:Error: === Handled ensure: ===
[2017.06.26-07.27.06:663][183]LogOutputDevice:Error: 
[2017.06.26-07.27.06:663][183]LogOutputDevice:Error: Ensure condition failed: false [File:D:\Build\++UE4+Release-4.16+Compile\Sync\Engine\Source\Editor\UnrealEd\Private\Kismet2\KismetDebugUtilities.cpp] [Line: 1037]
[2017.06.26-07.27.06:663][183]LogOutputDevice:Error: Error: Invalid (but non-null) property associated with pin; cannot get variable value
[2017.06.26-07.27.06:663][183]LogOutputDevice:Error: Stack: 
[2017.06.26-07.27.06:663][183]LogOutputDevice:Error: UE4Editor-Core.dll!0x00000000ACB4E1C6
[2017.06.26-07.27.06:664][183]LogOutputDevice:Error: UE4Editor-Core.dll!0x00000000AC8FB7D2
[2017.06.26-07.27.06:664][183]LogOutputDevice:Error: UE4Editor-Core.dll!0x00000000AC911D96
[2017.06.26-07.27.06:664][183]LogOutputDevice:Error: UE4Editor-UnrealEd.dll!0x00000000A66572D6
[2017.06.26-07.27.06:664][183]LogOutputDevice:Error: UE4Editor-BlueprintGraph.dll!0x00000000A4A3D27B
[2017.06.26-07.27.06:664][183]LogOutputDevice:Error: UE4Editor-GraphEditor.dll!0x00000000A3DC24EA
[2017.06.26-07.27.06:664][183]LogOutputDevice:Error: UE4Editor-GraphEditor.dll!0x00000000A3C672CC
[2017.06.26-07.27.06:664][183]LogOutputDevice:Error: UE4Editor-GraphEditor.dll!0x00000000A3C6A6D9
[2017.06.26-07.27.06:664][183]LogOutputDevice:Error: UE4Editor-GraphEditor.dll!0x00000000A3D880A5
[2017.06.26-07.27.06:664][183]LogOutputDevice:Error: UE4Editor-Slate.dll!0x00000000AC26DB57
[2017.06.26-07.27.06:664][183]LogOutputDevice:Error: UE4Editor-Slate.dll!0x00000000AC274B61
[2017.06.26-07.27.06:664][183]LogOutputDevice:Error: UE4Editor-Slate.dll!0x00000000AC4948D3
[2017.06.26-07.27.06:664][183]LogOutputDevice:Error: UE4Editor-Slate.dll!0x00000000AC2CF604
[2017.06.26-07.27.06:664][183]LogOutputDevice:Error: UE4Editor-Slate.dll!0x00000000AC2A77FC
[2017.06.26-07.27.06:664][183]LogOutputDevice:Error: UE4Editor-Slate.dll!0x00000000AC29814C
[2017.06.26-07.27.06:664][183]LogOutputDevice:Error: UE4Editor-Core.dll!0x00000000ACB414C0
[2017.06.26-07.27.06:664][183]LogOutputDevice:Error: UE4Editor-Core.dll!0x00000000ACB2B6E1
[2017.06.26-07.27.06:664][183]LogOutputDevice:Error: UE4Editor-Core.dll!0x00000000ACB432EB
[2017.06.26-07.27.06:664][183]LogOutputDevice:Error: UE4Editor-Core.dll!0x00000000ACB27A32
[2017.06.26-07.27.06:664][183]LogOutputDevice:Error: USER32.dll!0x000000000AF5BC50
[2017.06.26-07.27.06:664][183]LogOutputDevice:Error: USER32.dll!0x000000000AF5B5CF
[2017.06.26-07.27.06:664][183]LogOutputDevice:Error: UE4Editor-Core.dll!0x00000000ACB43BF6
[2017.06.26-07.27.06:664][183]LogOutputDevice:Error: UE4Editor.exe!0x00000000ABA8DB44
[2017.06.26-07.27.06:664][183]LogOutputDevice:Error: UE4Editor.exe!0x00000000ABA7F0B0
[2017.06.26-07.27.06:664][183]LogOutputDevice:Error: UE4Editor.exe!0x00000000ABA7F12A
[2017.06.26-07.27.06:664][183]LogOutputDevice:Error: UE4Editor.exe!0x00000000ABA90CF9
[2017.06.26-07.27.06:664][183]LogOutputDevice:Error: UE4Editor.exe!0x00000000ABA925F7
[2017.06.26-07.27.06:664][183]LogOutputDevice:Error: KERNEL32.DLL!0x000000000A942774
[2017.06.26-07.27.06:664][183]LogOutputDevice:Error: ntdll.dll!0x000000000BB00D61
[2017.06.26-07.27.06:664][183]LogOutputDevice:Error: 
[2017.06.26-07.27.06:669][183]LogStats:                SubmitErrorReport -  0.000 s
[2017.06.26-07.27.07:007][183]LogStats:                    SendNewReport -  0.338 s
[2017.06.26-07.27.07:007][183]LogStats:             FDebug::EnsureFailed -  0.491 s
[2017.06.26-07.27.07:011][183]LogUObjectBase:Warning: Object is not registered
[2017.06.26-07.27.38:805][586]Cmd: OBJ SAVEPACKAGE PACKAGE="/Game/TwinStickBP/Blueprints/player1" FILE="../../../../../../supers-master/supers-master 4.16/supers/Content/TwinStickBP/Blueprints/player1.uasset" SILENT=true
[2017.06.26-07.27.39:073][586]LogSavePackage: Save=241.25ms
[2017.06.26-07.27.39:073][586]LogSavePackage: Moving '../../../../../../supers-master/supers-master 4.16/supers/Saved/player1C1B332EA4E131BD3F71732BCA41DB2F4.tmp' to '../../../../../../supers-master/supers-master 4.16/supers/Content/TwinStickBP/Blueprints/player1.uasset'
[2017.06.26-07.27.39:077][586]LogSavePackage:Display: Finished SavePackage ../../../../../../supers-master/supers-master 4.16/supers/Content/TwinStickBP/Blueprints/player1.uasset
[2017.06.26-07.27.39:546][586]LogSavePackage: Save=401.51ms
[2017.06.26-07.27.39:546][586]LogSavePackage: Moving '../../../../../../supers-master/supers-master 4.16/supers/Saved/UEDPCTwinStickExampleMap44792A31402D630DCB6199AE8BFFB1AA.tmp' to '../../../../../../supers-master/supers-master 4.16/supers/Saved/Autosaves/Game/TwinStickBP/Maps/UEDPCTwinStickExampleMap.umap'
[2017.06.26-07.27.39:548][586]LogSavePackage:Display: Finished SavePackage ../../../../../../supers-master/supers-master 4.16/supers/Saved/Autosaves/Game/TwinStickBP/Maps/UEDPCTwinStickExampleMap.umap
[2017.06.26-07.27.39:558][586]LogEditorTransaction: Undo Spawn Play From Here Start
