Log file open, 06/24/17 19:51:09
LogInit:Display: Running engine for game: Supers
LogPlatformFile: Not using cached read wrapper
LogInit:Display: RandInit(-1679592665) SRandInit(-1679592665).
LogTaskGraph: Started task graph with 5 named threads and 8 total threads with 1 sets of task threads.
LogStats: Stats thread started at 0.087344
LogInit: Using libcurl 7.47.1
LogInit:  - built for x86_64-pc-win32
LogInit:  - supports SSL with OpenSSL/1.0.2g
LogInit:  - supports HTTP deflate (compression) using libz 1.2.8
LogInit:  - other features:
LogInit:      CURL_VERSION_SSL
LogInit:      CURL_VERSION_LIBZ
LogInit:      CURL_VERSION_IPV6
LogInit:      CURL_VERSION_ASYNCHDNS
LogInit:      CURL_VERSION_LARGEFILE
LogInit:      CURL_VERSION_IDN
LogInit:  CurlRequestOptions (configurable via config and command line):
LogInit:  - bVerifyPeer = false  - Libcurl will NOT verify peer certificate
LogInit:  - bUseHttpProxy = false  - Libcurl will NOT use HTTP proxy
LogInit:  - bDontReuseConnections = false  - Libcurl will reuse connections
LogInit:  - CertBundlePath = nullptr  - Libcurl will use whatever was configured at build time.
LogInit: Build: ++UE4+Release-4.16-CL-3466753
LogInit: Engine Version: 4.16.1-3466753+++UE4+Release-4.16
LogInit: Compatible Engine Version: 4.16.0-3452394+++UE4+Release-4.16
LogInit: Net CL: 3452394
LogDevObjectVersion: Number of dev versions registered: 16
LogDevObjectVersion:   Dev-Blueprints (B0D832E4-1F89-4F0D-ACCF-7EB736FD4AA2): 9
LogDevObjectVersion:   Dev-Build (E1C64328-A22C-4D53-A36C-8E866417BD8C): 0
LogDevObjectVersion:   Dev-Core (375EC13C-06E4-48FB-B500-84F0262A717E): 2
LogDevObjectVersion:   Dev-Editor (E4B068ED-F494-42E9-A231-DA0B2E46BB41): 17
LogDevObjectVersion:   Dev-Framework (CFFC743F-43B0-4480-9391-14DF171D2073): 23
LogDevObjectVersion:   Dev-Mobile (B02B49B5-BB20-44E9-A304-32B752E40360): 0
LogDevObjectVersion:   Dev-Networking (A4E4105C-59A1-49B5-A7C5-40C4547EDFEE): 0
LogDevObjectVersion:   Dev-Online (39C831C9-5AE6-47DC-9A44-9C173E1C8E7C): 0
LogDevObjectVersion:   Dev-Physics (78F01B33-EBEA-4F98-B9B4-84EACCB95AA2): 0
LogDevObjectVersion:   Dev-Platform (6631380F-2D4D-43E0-8009-CF276956A95A): 0
LogDevObjectVersion:   Dev-Rendering (12F88B9F-8875-4AFC-A67C-D90C383ABD29): 15
LogDevObjectVersion:   Dev-Sequencer (7B5AE74C-D270-4C10-A958-57980B212A5A): 4
LogDevObjectVersion:   Dev-VR (D7296918-1DD6-4BDD-9DE2-64A83CC13884): 0
LogDevObjectVersion:   Dev-LoadTimes (C2A15278-BFE7-4AFE-6C17-90FF531DF755): 1
LogDevObjectVersion:   Private-Geometry (6EACA3D4-40EC-4CC1-B786-8BED09428FC5): 1
LogDevObjectVersion:   Dev-AnimPhys (29E575DD-E0A3-4627-9D10-D276232CDCEA): 3
LogInit: Compiled (64-bit): May 31 2017 02:03:30
LogInit: Compiled with Visual C++: 19.00.24215.01
LogInit: Build Configuration: Development
LogInit: Branch Name: ++UE4+Release-4.16
LogInit: Command line:  
LogInit: Base directory: C:/Program Files/Epic Games/UE_4.16/Engine/Binaries/Win64/
LogInit: Installed Engine Build: 1
LogInit: Presizing for max 8388607 objects, including 0 objects not considered by GC, pre-allocating 0 bytes for permanent pool.
LogInit: Object subsystem initialized
[2017.06.25-02.51.09:881][  0]LogInit: Selected Device Profile: [Windows]
[2017.06.25-02.51.09:881][  0]LogInit: Applying CVar settings loaded from the selected device profile: [Windows]
[2017.06.25-02.51.09:891][  0]LogInit: Computer: DESKTOP-2T88I18
[2017.06.25-02.51.09:891][  0]LogInit: User: NewXB
[2017.06.25-02.51.09:891][  0]LogInit: CPU Page size=4096, Cores=4
[2017.06.25-02.51.09:891][  0]LogInit: High frequency timer resolution =2.648439 MHz
[2017.06.25-02.51.09:892][  0]LogMemory: Memory total: Physical=31.9GB (32GB approx)
[2017.06.25-02.51.09:892][  0]LogMemory: Platform Memory Stats for Windows
[2017.06.25-02.51.09:892][  0]LogMemory: Process Physical Memory: 273.51 MB used, 273.51 MB peak
[2017.06.25-02.51.09:892][  0]LogMemory: Process Virtual Memory: 260.77 MB used, 260.77 MB peak
[2017.06.25-02.51.09:892][  0]LogMemory: Physical Memory: 8451.19 MB used,  24252.55 MB free, 32703.74 MB total
[2017.06.25-02.51.09:892][  0]LogMemory: Virtual Memory: 638.44 MB used,  24252.55 MB free, 134217728.00 MB total
[2017.06.25-02.51.10:464][  0]LogInit: Using OS detected language (en-US).
[2017.06.25-02.51.10:464][  0]LogInit: Using OS detected locale (en-US).
[2017.06.25-02.51.10:488][  0]LogTextLocalizationManager: No specific localization for 'en-US' exists, so the 'en' localization will be used.
[2017.06.25-02.51.12:557][  0]LogD3D11RHI: D3D11 adapters:
[2017.06.25-02.51.13:076][  0]LogD3D11RHI:    0. 'NVIDIA GeForce GTX 1070' (Feature Level 11_0)
[2017.06.25-02.51.13:076][  0]LogD3D11RHI:       8113/0/16351 MB DedicatedVideo/DedicatedSystem/SharedSystem, Outputs:1, VendorId:0x10de
[2017.06.25-02.51.13:078][  0]LogD3D11RHI:    1. 'Microsoft Basic Render Driver' (Feature Level 11_0)
[2017.06.25-02.51.13:078][  0]LogD3D11RHI:       0/0/16351 MB DedicatedVideo/DedicatedSystem/SharedSystem, Outputs:0, VendorId:0x1414
[2017.06.25-02.51.13:078][  0]LogD3D11RHI: Chosen D3D11 Adapter: 0
[2017.06.25-02.51.13:086][  0]LogD3D11RHI: Creating new Direct3DDevice
[2017.06.25-02.51.13:086][  0]LogD3D11RHI:     GPU DeviceId: 0x1be1 (for the marketing name, search the web for "GPU Device Id")
[2017.06.25-02.51.13:086][  0]LogWindows: EnumDisplayDevices:
[2017.06.25-02.51.13:086][  0]LogWindows:    0. 'NVIDIA GeForce GTX 1070' (P:1 D:1)
[2017.06.25-02.51.13:086][  0]LogWindows:    1. 'NVIDIA GeForce GTX 1070' (P:0 D:0)
[2017.06.25-02.51.13:086][  0]LogWindows:    2. 'NVIDIA GeForce GTX 1070' (P:0 D:0)
[2017.06.25-02.51.13:087][  0]LogWindows:    3. 'NVIDIA GeForce GTX 1070' (P:0 D:0)
[2017.06.25-02.51.13:087][  0]LogWindows: DebugString: FoundDriverCount:4 
[2017.06.25-02.51.13:087][  0]LogD3D11RHI:     Adapter Name: NVIDIA GeForce GTX 1070
[2017.06.25-02.51.13:087][  0]LogD3D11RHI:   Driver Version: 382.33 (internal:22.21.13.8233, unified:382.33)
[2017.06.25-02.51.13:087][  0]LogD3D11RHI:      Driver Date: 5-17-2017
[2017.06.25-02.51.13:087][  0]LogRHI: Texture pool is 1361 MB (70% of 1945 MB)
[2017.06.25-02.51.13:573][  0]LogD3D11RHI: Async texture creation enabled
[2017.06.25-02.51.13:686][  0]LogD3D11RHI: GPU Timing Frequency: 1000.000000 (Debug: 2 1)
[2017.06.25-02.51.13:738][  0]LogShaderCompilers: Guid format shader working directory is -11 characters bigger than the processId version (../../../../../../supers-master/supers-master 4.16/supers/Intermediate/Shaders/WorkingDirectory/5152/).
[2017.06.25-02.51.13:738][  0]LogShaderCompilers: Cleaned the shader compiler working directory 'C:/Users/NewXB/AppData/Local/Temp/UnrealShaderWorkingDir/DDDCC7A141AD095E3395D4B6731EBDBB/'.
[2017.06.25-02.51.13:739][  0]LogShaderCompilers:Display: Using Local Shader Compiler.
[2017.06.25-02.51.15:508][  0]LogTemp:Display: Loaded TP AllDesktopTargetPlatform
[2017.06.25-02.51.15:561][  0]LogTemp:Display: Loaded TP MacClientTargetPlatform
[2017.06.25-02.51.15:615][  0]LogTemp:Display: Loaded TP MacNoEditorTargetPlatform
[2017.06.25-02.51.15:667][  0]LogTemp:Display: Loaded TP MacServerTargetPlatform
[2017.06.25-02.51.15:727][  0]LogTemp:Display: Loaded TP MacTargetPlatform
[2017.06.25-02.51.15:794][  0]LogTemp:Display: Loaded TP WindowsClientTargetPlatform
[2017.06.25-02.51.15:846][  0]LogTemp:Display: Loaded TP WindowsNoEditorTargetPlatform
[2017.06.25-02.51.15:899][  0]LogTemp:Display: Loaded TP WindowsServerTargetPlatform
[2017.06.25-02.51.15:948][  0]LogTemp:Display: Loaded TP WindowsTargetPlatform
[2017.06.25-02.51.16:001][  0]LogTemp:Display: Loaded TP AndroidTargetPlatform
[2017.06.25-02.51.16:054][  0]LogTemp:Display: Loaded TP Android_ASTCTargetPlatform
[2017.06.25-02.51.16:105][  0]LogTemp:Display: Loaded TP Android_ATCTargetPlatform
[2017.06.25-02.51.16:162][  0]LogTemp:Display: Loaded TP Android_DXTTargetPlatform
[2017.06.25-02.51.16:212][  0]LogTemp:Display: Loaded TP Android_ETC1TargetPlatform
[2017.06.25-02.51.16:264][  0]LogTemp:Display: Loaded TP Android_ETC2TargetPlatform
[2017.06.25-02.51.16:369][  0]LogTemp:Display: Loaded TP Android_MultiTargetPlatform
[2017.06.25-02.51.16:370][  0]LogTemp:Display: Loaded TP Android_PVRTCTargetPlatform
[2017.06.25-02.51.16:415][  0]LogTemp:Display: Loaded TP HTML5TargetPlatform
[2017.06.25-02.51.16:550][  0]LogTemp:Display: Loaded TP IOSTargetPlatform
[2017.06.25-02.51.16:576][  0]LogTemp:Display: Loaded TP TVOSTargetPlatform
[2017.06.25-02.51.16:628][  0]LogTemp:Display: Loaded TP LinuxClientTargetPlatform
[2017.06.25-02.51.16:680][  0]LogTemp:Display: Loaded TP LinuxNoEditorTargetPlatform
[2017.06.25-02.51.16:731][  0]LogTemp:Display: Loaded TP LinuxServerTargetPlatform
[2017.06.25-02.51.16:785][  0]LogTemp:Display: Loaded TP LinuxTargetPlatform
[2017.06.25-02.51.16:785][  0]LogTargetPlatformManager:Display: Building Assets For Windows
[2017.06.25-02.51.17:372][  0]LogDerivedDataCache:Display: Max Cache Size: 512 MB
[2017.06.25-02.51.17:631][  0]LogDerivedDataCache: Loaded boot cache 0.26s 89MB C:/Users/NewXB/AppData/Local/UnrealEngine/4.16/DerivedDataCache/Boot.ddc.
[2017.06.25-02.51.17:631][  0]LogDerivedDataCache:Display: Loaded Boot cache: C:/Users/NewXB/AppData/Local/UnrealEngine/4.16/DerivedDataCache/Boot.ddc
[2017.06.25-02.51.17:631][  0]LogDerivedDataCache: FDerivedDataBackendGraph:  Pak pak cache file ../../../../../../supers-master/supers-master 4.16/supers/DerivedDataCache/DDC.ddp not found, will not use a pak cache.
[2017.06.25-02.51.17:631][  0]LogDerivedDataCache: Unable to find inner node Pak for hierarchical cache Hierarchy.
[2017.06.25-02.51.17:632][  0]LogDerivedDataCache: FDerivedDataBackendGraph:  CompressedPak pak cache file ../../../../../../supers-master/supers-master 4.16/supers/DerivedDataCache/Compressed.ddp not found, will not use a pak cache.
[2017.06.25-02.51.17:632][  0]LogDerivedDataCache: Unable to find inner node CompressedPak for hierarchical cache Hierarchy.
[2017.06.25-02.51.17:654][  0]LogDerivedDataCache:Display: Pak cache opened for reading ../../../Engine/DerivedDataCache/Compressed.ddp.
[2017.06.25-02.51.17:668][  0]LogDerivedDataCache: Using Local data cache path C:/Users/NewXB/AppData/Local/UnrealEngine/Common/DerivedDataCache: Writable
[2017.06.25-02.51.17:682][  0]LogMaterial: Verifying Global Shaders for PCD3D_SM5
[2017.06.25-02.51.17:687][  0]LogSlate: Using Freetype 2.6.0
[2017.06.25-02.51.17:693][  0]LogSlate: SlateFontCache - WITH_FREETYPE: 1, WITH_HARFBUZZ: 1
[2017.06.25-02.51.17:693][  0]LogSlate: SlateFontCache - WITH_FREETYPE: 1, WITH_HARFBUZZ: 1
[2017.06.25-02.51.19:388][  0]LogInit: Selected Device Profile: [Windows]
[2017.06.25-02.51.19:538][  0]LogContentStreaming: Texture pool size is 0.00 MB
[2017.06.25-02.51.19:728][  0]LogMeshUtilities: Using QuadricMeshReduction for automatic static mesh reduction
[2017.06.25-02.51.19:818][  0]LogSimplygon: Simplygon DLL not present - disabling.
[2017.06.25-02.51.19:875][  0]LogMeshUtilities: Using SimplygonSwarm for distributed automatic mesh merging
[2017.06.25-02.51.19:875][  0]LogMeshUtilities: No automatic skeletal mesh reduction module available
[2017.06.25-02.51.19:875][  0]LogMeshUtilities: No automatic mesh merging module available
[2017.06.25-02.51.20:903][  0]LogNetVersion: Supers , NetCL: 3452394, EngineNetVer: 2, GameNetVer: 0 (Checksum: 3304520363)
[2017.06.25-02.51.20:983][  0]LogAssetRegistry: FAssetRegistry took 0.0277 seconds to start up
[2017.06.25-02.51.21:082][  0]LogPackageLocalizationCache: Processed 4 localized package path(s) for 2 prioritized culture(s) in 0.073682 seconds
[2017.06.25-02.51.21:087][  0]LogUObjectArray: 34194 objects as part of root set at end of initial load.
[2017.06.25-02.51.21:087][  0]LogUObjectAllocator: 7260416 out of 0 bytes used by permanent object pool.
[2017.06.25-02.51.21:087][  0]LogUObjectArray: CloseDisregardForGC: 0/0 objects in disregard for GC pool
[2017.06.25-02.51.21:148][  0]LogInit: WinSock: version 1.1 (2.2), MaxSocks=32767, MaxUdp=65467
[2017.06.25-02.51.26:602][  0]LogTcpMessaging: Initializing TcpMessaging bridge
[2017.06.25-02.51.26:649][  0]LogUdpMessaging: Initializing bridge on interface 0.0.0.0:0 to multicast group 230.0.0.1:6666.
[2017.06.25-02.51.27:387][  0]LogMaterial: Uniform references updated for custom material expression Custom.
[2017.06.25-02.51.27:927][  0]SourceControl: Info Source control is disabled
[2017.06.25-02.51.28:027][  0]SourceControl: Info Source control is disabled
[2017.06.25-02.51.28:089][  0]SourceControl: Info Source control is disabled
[2017.06.25-02.51.28:148][  0]SourceControl: Info Source control is disabled
[2017.06.25-02.51.29:002][  0]LogAndroidPermission: UAndroidPermissionCallbackProxy::GetInstance
[2017.06.25-02.51.29:738][  0]LogEngine: Initializing Engine...
[2017.06.25-02.51.29:802][  0]LogHMD: Failed to initialize OpenVR with code 126
[2017.06.25-02.51.30:071][  0]LogStats: UGameplayTagsManager::ConstructGameplayTagTree: Construct from data asset -  0.000 s
[2017.06.25-02.51.30:072][  0]LogStats: UGameplayTagsManager::ConstructGameplayTagTree: GameplayTagTreeChangedEvent.Broadcast -  0.000 s
[2017.06.25-02.51.30:268][  0]LogAIModule: Creating AISystem for world Untitled
[2017.06.25-02.51.30:301][  0]LogInit: XAudio2 using 'Speakers (Realtek High Definition Audio)' : 6 channels at 48 kHz using 32 bits per sample (channel mask 0x3f)
[2017.06.25-02.51.30:464][  0]LogInit: FAudioDevice initialized.
[2017.06.25-02.51.30:514][  0]LogDerivedDataCache: Saved boot cache 0.05s 89MB C:/Users/NewXB/AppData/Local/UnrealEngine/4.16/DerivedDataCache/Boot.ddc.
[2017.06.25-02.51.30:527][  0]LogInit: Texture streaming: Enabled
[2017.06.25-02.51.30:630][  0]LogEngineSessionManager: EngineSessionManager initialized
[2017.06.25-02.51.30:936][  0]LogInit: Transaction tracking system initialized
[2017.06.25-02.51.31:357][  0]BlueprintLog: New page: Editor Load
[2017.06.25-02.51.32:502][  0]LocalizationService: Info Localization service is disabled
[2017.06.25-02.51.33:340][  0]LogConsoleResponse:Display: 
[2017.06.25-02.51.33:643][  0]LogCook:Display: Max memory allowance for cook 16384mb min free memory 0mb
[2017.06.25-02.51.33:643][  0]LogCook:Display: Mobile HDR setting 1
[2017.06.25-02.51.34:279][  0]LogFileCache: Scanning file cache for directory 'C:/supers-master/supers-master 4.16/supers/Content/' took 0.02s
[2017.06.25-02.51.34:933][  0]SourceControl: Info Source control is disabled
[2017.06.25-02.51.34:934][  0]Cmd: MAP LOAD FILE="../../../../../../supers-master/supers-master 4.16/supers/Content/TwinStickBP/Maps/TwinStickExampleMap.umap" TEMPLATE=0 SHOWPROGRESS=1 FEATURELEVEL=3
[2017.06.25-02.51.34:941][  0]LightingResults: New page: Lighting Build
[2017.06.25-02.51.34:997][  0]MapCheck: New page: Map Check
[2017.06.25-02.51.34:997][  0]LightingResults: New page: Lighting Build
[2017.06.25-02.51.35:352][  0]LogBlueprint:Warning: Node '/Game/StarterContent/Blueprints/Blueprint_Effect_Sparks.Blueprint_Effect_Sparks:EdGraph_0.K2Node_FunctionEntry_37' missing NodeGuid because of upgrade from old package version, this can cause deterministic cooking issues please resave package.
[2017.06.25-02.51.35:353][  0]LogBlueprint:Warning: Node '/Game/StarterContent/Blueprints/Blueprint_Effect_Sparks.Blueprint_Effect_Sparks:EdGraph_1.K2Node_FunctionEntry_37' missing NodeGuid because of upgrade from old package version, this can cause deterministic cooking issues please resave package.
[2017.06.25-02.51.35:603][  0]LogBlueprint:Warning: Node '/Game/StarterContent/Blueprints/Blueprint_Effect_Sparks.Blueprint_Effect_Sparks:EdGraph_2.K2Node_FunctionEntry_37' missing NodeGuid because of upgrade from old package version, this can cause deterministic cooking issues please resave package.
[2017.06.25-02.51.36:143][  0]LogBlueprint:Warning: Node '/Game/StarterContent/Audio/Fire_Sparks01_Cue.Fire_Sparks01_Cue:SoundCueGraph_7.SoundCueGraphNode_6' missing NodeGuid because of upgrade from old package version, this can cause deterministic cooking issues please resave package.
[2017.06.25-02.51.36:143][  0]LogBlueprint:Warning: Node '/Game/StarterContent/Audio/Fire_Sparks01_Cue.Fire_Sparks01_Cue:SoundCueGraph_7.SoundCueGraphNode_Root_7' missing NodeGuid because of upgrade from old package version, this can cause deterministic cooking issues please resave package.
[2017.06.25-02.51.36:309][  0]LogBlueprint:Warning: Node '/Game/StarterContent/Blueprints/Blueprint_Effect_Sparks.Blueprint_Effect_Sparks:UserConstructionScript.K2Node_FunctionEntry_37' missing NodeGuid because of upgrade from old package version, this can cause deterministic cooking issues please resave package.
[2017.06.25-02.51.36:621][  0]LogAIModule: Creating AISystem for world TwinStickExampleMap
[2017.06.25-02.51.36:668][  0]LogEditorServer: Finished looking for orphan Actors (0.000 secs)
[2017.06.25-02.51.36:701][  0]Cmd: MAP CHECKDEP NOCLEARLOG
[2017.06.25-02.51.36:812][  0]MapCheck:Warning: Warning player1_1352 player1_C /Game/TwinStickBP/Maps/TwinStickExampleMap.TwinStickExampleMap:PersistentLevel.player1_1352 : Externally referenced 
[2017.06.25-02.51.36:812][  0]MapCheck:Warning: Warning player2_2572 player2_C /Game/TwinStickBP/Maps/TwinStickExampleMap.TwinStickExampleMap:PersistentLevel.player2_2572 : Externally referenced 
[2017.06.25-02.51.36:812][  0]MapCheck:Warning: Warning player3_1752 player3_C /Game/TwinStickBP/Maps/TwinStickExampleMap.TwinStickExampleMap:PersistentLevel.player3_1752 : Externally referenced 
[2017.06.25-02.51.36:812][  0]MapCheck:Warning: Warning player4_2142 player4_C /Game/TwinStickBP/Maps/TwinStickExampleMap.TwinStickExampleMap:PersistentLevel.player4_2142 : Externally referenced 
[2017.06.25-02.51.36:812][  0]MapCheck:Warning: Warning player5_6470 player5_C /Game/TwinStickBP/Maps/TwinStickExampleMap.TwinStickExampleMap:PersistentLevel.player5_6470 : Externally referenced 
[2017.06.25-02.51.36:812][  0]MapCheck:Warning: Warning player6_1522 player6_C /Game/TwinStickBP/Maps/TwinStickExampleMap.TwinStickExampleMap:PersistentLevel.player6_1522 : Externally referenced 
[2017.06.25-02.51.36:812][  0]MapCheck:Warning: Warning ShipMeshComponent StaticMeshComponent /Game/TwinStickBP/Maps/TwinStickExampleMap.TwinStickExampleMap:PersistentLevel.player1_1352.ShipMeshComponent : Externally referenced 
[2017.06.25-02.51.36:812][  0]MapCheck:Warning: Warning EnergyShield StaticMeshComponent /Game/TwinStickBP/Maps/TwinStickExampleMap.TwinStickExampleMap:PersistentLevel.player1_1352.EnergyShield : Externally referenced 
[2017.06.25-02.51.36:812][  0]MapCheck:Warning: Warning Shield StaticMeshComponent /Game/TwinStickBP/Maps/TwinStickExampleMap.TwinStickExampleMap:PersistentLevel.player1_1352.Shield : Externally referenced 
[2017.06.25-02.51.36:812][  0]MapCheck:Warning: Warning ShipMeshComponent StaticMeshComponent /Game/TwinStickBP/Maps/TwinStickExampleMap.TwinStickExampleMap:PersistentLevel.player2_2572.ShipMeshComponent : Externally referenced 
[2017.06.25-02.51.36:812][  0]MapCheck:Warning: Warning EnergyShield StaticMeshComponent /Game/TwinStickBP/Maps/TwinStickExampleMap.TwinStickExampleMap:PersistentLevel.player2_2572.EnergyShield : Externally referenced 
[2017.06.25-02.51.36:812][  0]MapCheck:Warning: Warning Shield StaticMeshComponent /Game/TwinStickBP/Maps/TwinStickExampleMap.TwinStickExampleMap:PersistentLevel.player2_2572.Shield : Externally referenced 
[2017.06.25-02.51.36:812][  0]MapCheck:Warning: Warning ShipMeshComponent StaticMeshComponent /Game/TwinStickBP/Maps/TwinStickExampleMap.TwinStickExampleMap:PersistentLevel.player3_1752.ShipMeshComponent : Externally referenced 
[2017.06.25-02.51.36:812][  0]MapCheck:Warning: Warning EnergyShield StaticMeshComponent /Game/TwinStickBP/Maps/TwinStickExampleMap.TwinStickExampleMap:PersistentLevel.player3_1752.EnergyShield : Externally referenced 
[2017.06.25-02.51.36:812][  0]MapCheck:Warning: Warning Shield StaticMeshComponent /Game/TwinStickBP/Maps/TwinStickExampleMap.TwinStickExampleMap:PersistentLevel.player3_1752.Shield : Externally referenced 
[2017.06.25-02.51.36:812][  0]MapCheck:Warning: Warning ShipMeshComponent StaticMeshComponent /Game/TwinStickBP/Maps/TwinStickExampleMap.TwinStickExampleMap:PersistentLevel.player4_2142.ShipMeshComponent : Externally referenced 
[2017.06.25-02.51.36:812][  0]MapCheck:Warning: Warning EnergyShield StaticMeshComponent /Game/TwinStickBP/Maps/TwinStickExampleMap.TwinStickExampleMap:PersistentLevel.player4_2142.EnergyShield : Externally referenced 
[2017.06.25-02.51.36:812][  0]MapCheck:Warning: Warning Shield StaticMeshComponent /Game/TwinStickBP/Maps/TwinStickExampleMap.TwinStickExampleMap:PersistentLevel.player4_2142.Shield : Externally referenced 
[2017.06.25-02.51.36:812][  0]MapCheck:Warning: Warning ShipMeshComponent StaticMeshComponent /Game/TwinStickBP/Maps/TwinStickExampleMap.TwinStickExampleMap:PersistentLevel.player5_6470.ShipMeshComponent : Externally referenced 
[2017.06.25-02.51.36:812][  0]MapCheck:Warning: Warning EnergyShield StaticMeshComponent /Game/TwinStickBP/Maps/TwinStickExampleMap.TwinStickExampleMap:PersistentLevel.player5_6470.EnergyShield : Externally referenced 
[2017.06.25-02.51.36:812][  0]MapCheck:Warning: Warning Shield StaticMeshComponent /Game/TwinStickBP/Maps/TwinStickExampleMap.TwinStickExampleMap:PersistentLevel.player5_6470.Shield : Externally referenced 
[2017.06.25-02.51.36:813][  0]MapCheck:Warning: Warning ShipMeshComponent StaticMeshComponent /Game/TwinStickBP/Maps/TwinStickExampleMap.TwinStickExampleMap:PersistentLevel.player6_1522.ShipMeshComponent : Externally referenced 
[2017.06.25-02.51.36:813][  0]MapCheck:Warning: Warning EnergyShield StaticMeshComponent /Game/TwinStickBP/Maps/TwinStickExampleMap.TwinStickExampleMap:PersistentLevel.player6_1522.EnergyShield : Externally referenced 
[2017.06.25-02.51.36:813][  0]MapCheck:Warning: Warning Shield StaticMeshComponent /Game/TwinStickBP/Maps/TwinStickExampleMap.TwinStickExampleMap:PersistentLevel.player6_1522.Shield : Externally referenced 
[2017.06.25-02.51.36:813][  0]MapCheck:Warning: Warning StaticMeshComponent0 StaticMeshComponent /Game/TwinStickBP/Maps/TwinStickExampleMap.TwinStickExampleMap:PersistentLevel.Floor_18.StaticMeshComponent0 : Externally referenced 
[2017.06.25-02.51.36:813][  0]MapCheck:Warning: Warning StaticMeshComponent0 StaticMeshComponent /Game/TwinStickBP/Maps/TwinStickExampleMap.TwinStickExampleMap:PersistentLevel.Obstacle2_3.StaticMeshComponent0 : Externally referenced 
[2017.06.25-02.51.36:813][  0]MapCheck:Warning: Warning StaticMeshComponent0 StaticMeshComponent /Game/TwinStickBP/Maps/TwinStickExampleMap.TwinStickExampleMap:PersistentLevel.Wall1_17.StaticMeshComponent0 : Externally referenced 
[2017.06.25-02.51.36:813][  0]MapCheck:Warning: Warning StaticMeshComponent0 StaticMeshComponent /Game/TwinStickBP/Maps/TwinStickExampleMap.TwinStickExampleMap:PersistentLevel.Wall5.StaticMeshComponent0 : Externally referenced 
[2017.06.25-02.51.36:813][  0]MapCheck:Warning: Warning StaticMeshComponent0 StaticMeshComponent /Game/TwinStickBP/Maps/TwinStickExampleMap.TwinStickExampleMap:PersistentLevel.Wall6.StaticMeshComponent0 : Externally referenced 
[2017.06.25-02.51.36:813][  0]MapCheck:Warning: Warning StaticMeshComponent0 StaticMeshComponent /Game/TwinStickBP/Maps/TwinStickExampleMap.TwinStickExampleMap:PersistentLevel.Wall7.StaticMeshComponent0 : Externally referenced 
[2017.06.25-02.51.36:813][  0]MapCheck:Warning: Warning K2Node_CallFunction_2339 K2Node_CallFunction /Game/TwinStickBP/Maps/TwinStickExampleMap.TwinStickExampleMap:PersistentLevel.TwinStickExampleMap.EventGraph.K2Node_CallFunction_2339 : Externally referenced 
[2017.06.25-02.51.36:813][  0]MapCheck: Info Map check complete: 0 Error(s), 31 Warning(s), took 111.454ms to complete.
[2017.06.25-02.51.36:832][  0]LogFileHelpers: Loading map 'TwinStickExampleMap' took 1.899
[2017.06.25-02.51.37:036][  0]LogCollectionManager: Loaded 0 collections in 0.001364 seconds
[2017.06.25-02.51.37:125][  0]LogFileCache: Scanning file cache for directory 'C:/supers-master/supers-master 4.16/supers/Saved/Collections/' took 0.01s
[2017.06.25-02.51.37:125][  0]LogFileCache: Scanning file cache for directory 'C:/supers-master/supers-master 4.16/supers/Content/Developers/NewXB/Collections/' took 0.01s
[2017.06.25-02.51.37:125][  0]LogFileCache: Scanning file cache for directory 'C:/supers-master/supers-master 4.16/supers/Content/Collections/' took 0.01s
[2017.06.25-02.51.37:125][  0]LogCollectionManager: Rebuilt the GUID cache for 0 collections in 0.000003 seconds
[2017.06.25-02.51.37:133][  0]LogContentBrowser: Native class hierarchy populated in 0.0081 seconds. Added 2329 classes and 491 folders.
[2017.06.25-02.51.37:204][  0]LogContentBrowser: Native class hierarchy updated for 'WidgetCarousel' in 0.0005 seconds. Added 0 classes and 0 folders.
[2017.06.25-02.51.37:397][  0]LogContentBrowser: Native class hierarchy updated for 'AddContentDialog' in 0.0006 seconds. Added 0 classes and 0 folders.
[2017.06.25-02.51.37:452][  0]LogContentBrowser: Native class hierarchy updated for 'SceneOutliner' in 0.0009 seconds. Added 1 classes and 2 folders.
[2017.06.25-02.51.37:523][  0]LogCrashTracker: Crashtracker disabled due to settings.
[2017.06.25-02.51.37:541][  0]LogSlate: Took 0.000935 seconds to synchronously load lazily loaded font '../../../Engine/Content/Slate/Fonts/Roboto-Regular.ttf' (155K)
[2017.06.25-02.51.37:548][  0]LogSlate: Took 0.005078 seconds to synchronously load lazily loaded font '../../../Engine/Content/Slate/Fonts/Roboto-Bold.ttf' (160K)
[2017.06.25-02.51.37:556][  0]LogSlate: Took 0.001515 seconds to synchronously load lazily loaded font '../../../Engine/Content/Editor/Slate/Fonts/FontAwesome.ttf' (139K)
[2017.06.25-02.51.37:685][  0]LogRenderer: Reallocating scene render targets to support 1208x576 NumSamples 1 (Frame:1).
[2017.06.25-02.51.37:765][  0]LogSlate: Took 0.001521 seconds to synchronously load lazily loaded font '../../../Engine/Content/Slate/Fonts/Roboto-Light.ttf' (159K)
[2017.06.25-02.51.37:874][  0]LogUObjectGlobals:Warning: Failed to find object 'Class None.'
[2017.06.25-02.51.37:961][  0]LogContentBrowser: Native class hierarchy updated for 'HierarchicalLODOutliner' in 0.0007 seconds. Added 1 classes and 2 folders.
[2017.06.25-02.51.37:961][  0]LogLoad: (Engine Initialization) Total time: 30.50 seconds
[2017.06.25-02.51.37:961][  0]LogLoad: (Engine Initialization) Total Blueprint compile time: 0.48 seconds
[2017.06.25-02.51.37:961][  0]LogExternalProfiler: Found external profiler: VSPerf
[2017.06.25-02.51.37:961][  0]LogExternalProfiler: Using external profiler: VSPerf
[2017.06.25-02.51.37:982][  0]LogWindowsTextInputMethodSystem:Display: IME system now deactivated.
[2017.06.25-02.51.37:984][  0]LogOcInput: OculusInput pre-init called
[2017.06.25-02.51.37:984][  0]LogHMD: Starting GearVRController plugin
[2017.06.25-02.51.38:015][  0]LogContentStreaming: Texture pool size now 1000 MB
[2017.06.25-02.51.38:078][  1]LogAssetRegistry: Asset discovery search completed in 17.1174 seconds
[2017.06.25-02.51.38:081][  1]LogCollectionManager: Rebuilt the object cache for 0 collections in 0.000001 seconds (found 0 objects)
[2017.06.25-02.51.38:081][  1]LogCollectionManager: Fixed up redirectors for 0 collections in 0.000054 seconds (updated 0 objects)
[2017.06.25-02.52.23:183][501]LogSlate: Took 0.000179 seconds to synchronously load lazily loaded font '../../../Engine/Content/Slate/Fonts/Roboto-Light.ttf' (159K)
[2017.06.25-02.52.23:585][501]LogContentBrowser: Native class hierarchy updated for 'BlueprintGraph' in 0.0008 seconds. Added 112 classes and 0 folders.
[2017.06.25-02.52.24:132][501]LogSlate: Took 0.000212 seconds to synchronously load lazily loaded font '../../../Engine/Content/Slate/Fonts/Roboto-Regular.ttf' (155K)
[2017.06.25-02.52.24:217][501]LogSlate: Took 0.000981 seconds to synchronously load lazily loaded font '../../../Engine/Content/Editor/Slate/Fonts/Roboto-BoldCondensed.ttf' (158K)
[2017.06.25-02.52.24:312][502]LogSlate: Took 0.001208 seconds to synchronously load lazily loaded font '../../../Engine/Content/Editor/Slate/Fonts/Roboto-Italic.ttf' (157K)
[2017.06.25-02.52.46:357][777]LogTemp: Repeting last play command: New Editor Window (PIE)
[2017.06.25-02.52.46:414][777]LogBlueprintUserMessages: Early PlayInEditor Detection: Level '/Game/TwinStickBP/Maps/TwinStickExampleMap.TwinStickExampleMap:PersistentLevel' has LevelScriptBlueprint '/Game/TwinStickBP/Maps/TwinStickExampleMap.TwinStickExampleMap:PersistentLevel.TwinStickExampleMap' with GeneratedClass '/Game/TwinStickBP/Maps/TwinStickExampleMap.TwinStickExampleMap_C' with ClassGeneratedBy '/Game/TwinStickBP/Maps/TwinStickExampleMap.TwinStickExampleMap:PersistentLevel.TwinStickExampleMap'
[2017.06.25-02.52.46:415][777]BlueprintLog: New page: Pre-Play auto-recompile
[2017.06.25-02.52.46:415][777]LogPlayLevel: [PlayLevel] Compiling EnemySpawner before play...
[2017.06.25-02.52.46:524][777]LogPlayLevel: PlayLevel: Blueprint regeneration took 109 ms (1 blueprints)
[2017.06.25-02.52.46:526][777]PIE: New page: PIE session: TwinStickExampleMap (Jun 24, 2017, 12:52:46 PM)
[2017.06.25-02.52.46:527][777]LogPlayLevel: Creating play world package: /Game/TwinStickBP/Maps/UEDPIE_0_TwinStickExampleMap
[2017.06.25-02.52.46:536][777]LogPlayLevel: PIE: StaticDuplicateObject took: (0.010086s)
[2017.06.25-02.52.46:537][777]LogAIModule: Creating AISystem for world TwinStickExampleMap
[2017.06.25-02.52.46:537][777]LogPlayLevel: PIE: World Init took: (0.000899s)
[2017.06.25-02.52.46:538][777]LogPlayLevel: PIE: Created PIE world by copying editor world from /Game/TwinStickBP/Maps/TwinStickExampleMap.TwinStickExampleMap to /Game/TwinStickBP/Maps/UEDPIE_0_TwinStickExampleMap.TwinStickExampleMap (0.011633s)
[2017.06.25-02.52.46:560][777]LogInit: XAudio2 using 'Speakers (Realtek High Definition Audio)' : 6 channels at 48 kHz using 32 bits per sample (channel mask 0x3f)
[2017.06.25-02.52.46:625][777]LogInit: FAudioDevice initialized.
[2017.06.25-02.52.46:685][777]LogLoad: Game class is 'TwinStickGameMode_C'
[2017.06.25-02.52.46:693][777]LogWorld: Bringing World /Game/TwinStickBP/Maps/UEDPIE_0_TwinStickExampleMap.TwinStickExampleMap up for play (max tick rate 60) at 2017.06.24-19.52.46
[2017.06.25-02.52.46:697][777]LogWorld: Bringing up level for play took: 0.004996
[2017.06.25-02.52.46:749][777]LogContentBrowser: Native class hierarchy updated for 'MovieSceneCapture' in 0.0005 seconds. Added 11 classes and 0 folders.
[2017.06.25-02.52.46:750][777]LogGameMode:Display: Match State Changed from EnteringMap to WaitingToStart
[2017.06.25-02.52.46:750][777]LogGameState: Match State Changed from EnteringMap to WaitingToStart
[2017.06.25-02.52.46:750][777]LogGameMode:Display: Match State Changed from WaitingToStart to InProgress
[2017.06.25-02.52.46:754][777]LogPlayerManagement:Error: Failed to Create Player: Maximum number of players (4) already created.  Unable to create more.
[2017.06.25-02.52.46:754][777]LogPlayerManagement:Error: Failed to Create Player: Maximum number of players (4) already created.  Unable to create more.
[2017.06.25-02.52.46:755][777]LogScript:Warning: Accessed None trying to read property CallFunc_GetPlayerController_ReturnValue3
	TwinStickExampleMap_C /Game/TwinStickBP/Maps/UEDPIE_0_TwinStickExampleMap.TwinStickExampleMap:PersistentLevel.TwinStickExampleMap_C_1
	Function /Game/TwinStickBP/Maps/TwinStickExampleMap.TwinStickExampleMap_C:ExecuteUbergraph_TwinStickExampleMap:03AA
[2017.06.25-02.52.46:755][777]PIE:Error: Error Blueprint Runtime Error: Accessed None trying to read property CallFunc_GetPlayerController_ReturnValue3 from function: 'ExecuteUbergraph_TwinStickExampleMap' from node: Possess in graph: EventGraph in object: TwinStickExampleMap with description: Accessed None trying to read property CallFunc_GetPlayerController_ReturnValue3
[2017.06.25-02.52.46:755][777]LogScript:Warning: Accessed None trying to read property CallFunc_GetPlayerController_ReturnValue6
	TwinStickExampleMap_C /Game/TwinStickBP/Maps/UEDPIE_0_TwinStickExampleMap.TwinStickExampleMap:PersistentLevel.TwinStickExampleMap_C_1
	Function /Game/TwinStickBP/Maps/TwinStickExampleMap.TwinStickExampleMap_C:ExecuteUbergraph_TwinStickExampleMap:00C6
[2017.06.25-02.52.46:755][777]PIE:Error: Error Blueprint Runtime Error: Accessed None trying to read property CallFunc_GetPlayerController_ReturnValue6 from function: 'ExecuteUbergraph_TwinStickExampleMap' from node: Possess in graph: EventGraph in object: TwinStickExampleMap with description: Accessed None trying to read property CallFunc_GetPlayerController_ReturnValue6
[2017.06.25-02.52.46:764][777]LogGameState: Match State Changed from WaitingToStart to InProgress
[2017.06.25-02.52.46:770][777]PIE: Info Play in editor start time for /Game/TwinStickBP/Maps/UEDPIE_0_TwinStickExampleMap -0.104
[2017.06.25-02.52.46:771][777]LogBlueprintUserMessages: Late PlayInEditor Detection: Level '/Game/TwinStickBP/Maps/TwinStickExampleMap.TwinStickExampleMap:PersistentLevel' has LevelScriptBlueprint '/Game/TwinStickBP/Maps/TwinStickExampleMap.TwinStickExampleMap:PersistentLevel.TwinStickExampleMap' with GeneratedClass '/Game/TwinStickBP/Maps/TwinStickExampleMap.TwinStickExampleMap_C' with ClassGeneratedBy '/Game/TwinStickBP/Maps/TwinStickExampleMap.TwinStickExampleMap:PersistentLevel.TwinStickExampleMap'
[2017.06.25-02.52.46:837][777]LogRenderer: Reallocating scene render targets to support 1292x756 NumSamples 1 (Frame:1).
[2017.06.25-02.52.53:263][159]LogBlueprintUserMessages: Early EndPlayMap Detection: Level '/Game/TwinStickBP/Maps/TwinStickExampleMap.TwinStickExampleMap:PersistentLevel' has LevelScriptBlueprint '/Game/TwinStickBP/Maps/TwinStickExampleMap.TwinStickExampleMap:PersistentLevel.TwinStickExampleMap' with GeneratedClass '/Game/TwinStickBP/Maps/TwinStickExampleMap.TwinStickExampleMap_C' with ClassGeneratedBy '/Game/TwinStickBP/Maps/TwinStickExampleMap.TwinStickExampleMap:PersistentLevel.TwinStickExampleMap'
[2017.06.25-02.52.53:319][159]LogBlueprintUserMessages: Late EndPlayMap Detection: Level '/Game/TwinStickBP/Maps/TwinStickExampleMap.TwinStickExampleMap:PersistentLevel' has LevelScriptBlueprint '/Game/TwinStickBP/Maps/TwinStickExampleMap.TwinStickExampleMap:PersistentLevel.TwinStickExampleMap' with GeneratedClass '/Game/TwinStickBP/Maps/TwinStickExampleMap.TwinStickExampleMap_C' with ClassGeneratedBy '/Game/TwinStickBP/Maps/TwinStickExampleMap.TwinStickExampleMap:PersistentLevel.TwinStickExampleMap'
[2017.06.25-02.53.22:438][900]LogTemp: Repeting last play command: New Editor Window (PIE)
[2017.06.25-02.53.22:454][900]LogBlueprintUserMessages: Early PlayInEditor Detection: Level '/Game/TwinStickBP/Maps/TwinStickExampleMap.TwinStickExampleMap:PersistentLevel' has LevelScriptBlueprint '/Game/TwinStickBP/Maps/TwinStickExampleMap.TwinStickExampleMap:PersistentLevel.TwinStickExampleMap' with GeneratedClass '/Game/TwinStickBP/Maps/TwinStickExampleMap.TwinStickExampleMap_C' with ClassGeneratedBy '/Game/TwinStickBP/Maps/TwinStickExampleMap.TwinStickExampleMap:PersistentLevel.TwinStickExampleMap'
[2017.06.25-02.53.22:454][900]BlueprintLog: New page: Pre-Play auto-recompile
[2017.06.25-02.53.22:454][900]LogPlayLevel: [PlayLevel] Compiling EnemySpawner before play...
[2017.06.25-02.53.22:542][900]LogPlayLevel: PlayLevel: Blueprint regeneration took 88 ms (1 blueprints)
[2017.06.25-02.53.22:543][900]PIE: New page: PIE session: TwinStickExampleMap (Jun 24, 2017, 12:53:22 PM)
[2017.06.25-02.53.22:543][900]LogPlayLevel: Creating play world package: /Game/TwinStickBP/Maps/UEDPIE_0_TwinStickExampleMap
[2017.06.25-02.53.22:550][900]LogPlayLevel: PIE: StaticDuplicateObject took: (0.007046s)
[2017.06.25-02.53.22:550][900]LogAIModule: Creating AISystem for world TwinStickExampleMap
[2017.06.25-02.53.22:551][900]LogPlayLevel: PIE: World Init took: (0.000886s)
[2017.06.25-02.53.22:551][900]LogPlayLevel: PIE: Created PIE world by copying editor world from /Game/TwinStickBP/Maps/TwinStickExampleMap.TwinStickExampleMap to /Game/TwinStickBP/Maps/UEDPIE_0_TwinStickExampleMap.TwinStickExampleMap (0.008306s)
[2017.06.25-02.53.22:571][900]LogInit: XAudio2 using 'Speakers (Realtek High Definition Audio)' : 6 channels at 48 kHz using 32 bits per sample (channel mask 0x3f)
[2017.06.25-02.53.22:636][900]LogInit: FAudioDevice initialized.
[2017.06.25-02.53.22:682][900]LogLoad: Game class is 'TwinStickGameMode_C'
[2017.06.25-02.53.22:686][900]LogWorld: Bringing World /Game/TwinStickBP/Maps/UEDPIE_0_TwinStickExampleMap.TwinStickExampleMap up for play (max tick rate 60) at 2017.06.24-19.53.22
[2017.06.25-02.53.22:686][900]LogWorld: Bringing up level for play took: 0.002595
[2017.06.25-02.53.22:686][900]LogGameMode:Display: Match State Changed from EnteringMap to WaitingToStart
[2017.06.25-02.53.22:686][900]LogGameState: Match State Changed from EnteringMap to WaitingToStart
[2017.06.25-02.53.22:686][900]LogGameMode:Display: Match State Changed from WaitingToStart to InProgress
[2017.06.25-02.53.22:688][900]LogPlayerManagement:Error: Failed to Create Player: Maximum number of players (4) already created.  Unable to create more.
[2017.06.25-02.53.22:688][900]LogPlayerManagement:Error: Failed to Create Player: Maximum number of players (4) already created.  Unable to create more.
[2017.06.25-02.53.22:688][900]LogScript:Warning: Accessed None trying to read property CallFunc_GetPlayerController_ReturnValue3
	TwinStickExampleMap_C /Game/TwinStickBP/Maps/UEDPIE_0_TwinStickExampleMap.TwinStickExampleMap:PersistentLevel.TwinStickExampleMap_C_1
	Function /Game/TwinStickBP/Maps/TwinStickExampleMap.TwinStickExampleMap_C:ExecuteUbergraph_TwinStickExampleMap:03AA
[2017.06.25-02.53.22:688][900]PIE:Error: Error Blueprint Runtime Error: Accessed None trying to read property CallFunc_GetPlayerController_ReturnValue3 from function: 'ExecuteUbergraph_TwinStickExampleMap' from node: Possess in graph: EventGraph in object: TwinStickExampleMap with description: Accessed None trying to read property CallFunc_GetPlayerController_ReturnValue3
[2017.06.25-02.53.22:688][900]LogScript:Warning: Accessed None trying to read property CallFunc_GetPlayerController_ReturnValue6
	TwinStickExampleMap_C /Game/TwinStickBP/Maps/UEDPIE_0_TwinStickExampleMap.TwinStickExampleMap:PersistentLevel.TwinStickExampleMap_C_1
	Function /Game/TwinStickBP/Maps/TwinStickExampleMap.TwinStickExampleMap_C:ExecuteUbergraph_TwinStickExampleMap:00C6
[2017.06.25-02.53.22:688][900]PIE:Error: Error Blueprint Runtime Error: Accessed None trying to read property CallFunc_GetPlayerController_ReturnValue6 from function: 'ExecuteUbergraph_TwinStickExampleMap' from node: Possess in graph: EventGraph in object: TwinStickExampleMap with description: Accessed None trying to read property CallFunc_GetPlayerController_ReturnValue6
[2017.06.25-02.53.22:689][900]LogGameState: Match State Changed from WaitingToStart to InProgress
[2017.06.25-02.53.22:695][900]PIE: Info Play in editor start time for /Game/TwinStickBP/Maps/UEDPIE_0_TwinStickExampleMap -0.18
[2017.06.25-02.53.22:695][900]LogBlueprintUserMessages: Late PlayInEditor Detection: Level '/Game/TwinStickBP/Maps/TwinStickExampleMap.TwinStickExampleMap:PersistentLevel' has LevelScriptBlueprint '/Game/TwinStickBP/Maps/TwinStickExampleMap.TwinStickExampleMap:PersistentLevel.TwinStickExampleMap' with GeneratedClass '/Game/TwinStickBP/Maps/TwinStickExampleMap.TwinStickExampleMap_C' with ClassGeneratedBy '/Game/TwinStickBP/Maps/TwinStickExampleMap.TwinStickExampleMap:PersistentLevel.TwinStickExampleMap'
[2017.06.25-02.53.40:917][989]LogBlueprintUserMessages: Early EndPlayMap Detection: Level '/Game/TwinStickBP/Maps/TwinStickExampleMap.TwinStickExampleMap:PersistentLevel' has LevelScriptBlueprint '/Game/TwinStickBP/Maps/TwinStickExampleMap.TwinStickExampleMap:PersistentLevel.TwinStickExampleMap' with GeneratedClass '/Game/TwinStickBP/Maps/TwinStickExampleMap.TwinStickExampleMap_C' with ClassGeneratedBy '/Game/TwinStickBP/Maps/TwinStickExampleMap.TwinStickExampleMap:PersistentLevel.TwinStickExampleMap'
[2017.06.25-02.53.40:971][989]LogBlueprintUserMessages: Late EndPlayMap Detection: Level '/Game/TwinStickBP/Maps/TwinStickExampleMap.TwinStickExampleMap:PersistentLevel' has LevelScriptBlueprint '/Game/TwinStickBP/Maps/TwinStickExampleMap.TwinStickExampleMap:PersistentLevel.TwinStickExampleMap' with GeneratedClass '/Game/TwinStickBP/Maps/TwinStickExampleMap.TwinStickExampleMap_C' with ClassGeneratedBy '/Game/TwinStickBP/Maps/TwinStickExampleMap.TwinStickExampleMap:PersistentLevel.TwinStickExampleMap'
[2017.06.25-02.53.55:111][833]LogTemp: Repeting last play command: New Editor Window (PIE)
[2017.06.25-02.53.55:126][833]LogBlueprintUserMessages: Early PlayInEditor Detection: Level '/Game/TwinStickBP/Maps/TwinStickExampleMap.TwinStickExampleMap:PersistentLevel' has LevelScriptBlueprint '/Game/TwinStickBP/Maps/TwinStickExampleMap.TwinStickExampleMap:PersistentLevel.TwinStickExampleMap' with GeneratedClass '/Game/TwinStickBP/Maps/TwinStickExampleMap.TwinStickExampleMap_C' with ClassGeneratedBy '/Game/TwinStickBP/Maps/TwinStickExampleMap.TwinStickExampleMap:PersistentLevel.TwinStickExampleMap'
[2017.06.25-02.53.55:126][833]BlueprintLog: New page: Pre-Play auto-recompile
[2017.06.25-02.53.55:126][833]LogPlayLevel: [PlayLevel] Compiling EnemySpawner before play...
[2017.06.25-02.53.55:219][833]LogPlayLevel: PlayLevel: Blueprint regeneration took 92 ms (1 blueprints)
[2017.06.25-02.53.55:219][833]PIE: New page: PIE session: TwinStickExampleMap (Jun 24, 2017, 12:53:55 PM)
[2017.06.25-02.53.55:219][833]LogPlayLevel: Creating play world package: /Game/TwinStickBP/Maps/UEDPIE_0_TwinStickExampleMap
[2017.06.25-02.53.55:226][833]LogPlayLevel: PIE: StaticDuplicateObject took: (0.006477s)
[2017.06.25-02.53.55:226][833]LogAIModule: Creating AISystem for world TwinStickExampleMap
[2017.06.25-02.53.55:227][833]LogPlayLevel: PIE: World Init took: (0.000682s)
[2017.06.25-02.53.55:227][833]LogPlayLevel: PIE: Created PIE world by copying editor world from /Game/TwinStickBP/Maps/TwinStickExampleMap.TwinStickExampleMap to /Game/TwinStickBP/Maps/UEDPIE_0_TwinStickExampleMap.TwinStickExampleMap (0.007382s)
[2017.06.25-02.53.55:248][833]LogInit: XAudio2 using 'Speakers (Realtek High Definition Audio)' : 6 channels at 48 kHz using 32 bits per sample (channel mask 0x3f)
[2017.06.25-02.53.55:316][833]LogInit: FAudioDevice initialized.
[2017.06.25-02.53.55:360][833]LogLoad: Game class is 'TwinStickGameMode_C'
[2017.06.25-02.53.55:363][833]LogWorld: Bringing World /Game/TwinStickBP/Maps/UEDPIE_0_TwinStickExampleMap.TwinStickExampleMap up for play (max tick rate 60) at 2017.06.24-19.53.55
[2017.06.25-02.53.55:364][833]LogWorld: Bringing up level for play took: 0.002489
[2017.06.25-02.53.55:364][833]LogGameMode:Display: Match State Changed from EnteringMap to WaitingToStart
[2017.06.25-02.53.55:364][833]LogGameState: Match State Changed from EnteringMap to WaitingToStart
[2017.06.25-02.53.55:364][833]LogGameMode:Display: Match State Changed from WaitingToStart to InProgress
[2017.06.25-02.53.55:365][833]LogPlayerManagement:Error: Failed to Create Player: Maximum number of players (4) already created.  Unable to create more.
[2017.06.25-02.53.55:366][833]LogPlayerManagement:Error: Failed to Create Player: Maximum number of players (4) already created.  Unable to create more.
[2017.06.25-02.53.55:366][833]LogScript:Warning: Accessed None trying to read property CallFunc_GetPlayerController_ReturnValue3
	TwinStickExampleMap_C /Game/TwinStickBP/Maps/UEDPIE_0_TwinStickExampleMap.TwinStickExampleMap:PersistentLevel.TwinStickExampleMap_C_1
	Function /Game/TwinStickBP/Maps/TwinStickExampleMap.TwinStickExampleMap_C:ExecuteUbergraph_TwinStickExampleMap:03AA
[2017.06.25-02.53.55:366][833]PIE:Error: Error Blueprint Runtime Error: Accessed None trying to read property CallFunc_GetPlayerController_ReturnValue3 from function: 'ExecuteUbergraph_TwinStickExampleMap' from node: Possess in graph: EventGraph in object: TwinStickExampleMap with description: Accessed None trying to read property CallFunc_GetPlayerController_ReturnValue3
[2017.06.25-02.53.55:366][833]LogScript:Warning: Accessed None trying to read property CallFunc_GetPlayerController_ReturnValue6
	TwinStickExampleMap_C /Game/TwinStickBP/Maps/UEDPIE_0_TwinStickExampleMap.TwinStickExampleMap:PersistentLevel.TwinStickExampleMap_C_1
	Function /Game/TwinStickBP/Maps/TwinStickExampleMap.TwinStickExampleMap_C:ExecuteUbergraph_TwinStickExampleMap:00C6
[2017.06.25-02.53.55:366][833]PIE:Error: Error Blueprint Runtime Error: Accessed None trying to read property CallFunc_GetPlayerController_ReturnValue6 from function: 'ExecuteUbergraph_TwinStickExampleMap' from node: Possess in graph: EventGraph in object: TwinStickExampleMap with description: Accessed None trying to read property CallFunc_GetPlayerController_ReturnValue6
[2017.06.25-02.53.55:366][833]LogGameState: Match State Changed from WaitingToStart to InProgress
[2017.06.25-02.53.55:371][833]PIE: Info Play in editor start time for /Game/TwinStickBP/Maps/UEDPIE_0_TwinStickExampleMap 0.497
[2017.06.25-02.53.55:372][833]LogBlueprintUserMessages: Late PlayInEditor Detection: Level '/Game/TwinStickBP/Maps/TwinStickExampleMap.TwinStickExampleMap:PersistentLevel' has LevelScriptBlueprint '/Game/TwinStickBP/Maps/TwinStickExampleMap.TwinStickExampleMap:PersistentLevel.TwinStickExampleMap' with GeneratedClass '/Game/TwinStickBP/Maps/TwinStickExampleMap.TwinStickExampleMap_C' with ClassGeneratedBy '/Game/TwinStickBP/Maps/TwinStickExampleMap.TwinStickExampleMap:PersistentLevel.TwinStickExampleMap'
[2017.06.25-02.54.13:392][910]LogBlueprintUserMessages: Early EndPlayMap Detection: Level '/Game/TwinStickBP/Maps/TwinStickExampleMap.TwinStickExampleMap:PersistentLevel' has LevelScriptBlueprint '/Game/TwinStickBP/Maps/TwinStickExampleMap.TwinStickExampleMap:PersistentLevel.TwinStickExampleMap' with GeneratedClass '/Game/TwinStickBP/Maps/TwinStickExampleMap.TwinStickExampleMap_C' with ClassGeneratedBy '/Game/TwinStickBP/Maps/TwinStickExampleMap.TwinStickExampleMap:PersistentLevel.TwinStickExampleMap'
[2017.06.25-02.54.13:451][910]LogBlueprintUserMessages: Late EndPlayMap Detection: Level '/Game/TwinStickBP/Maps/TwinStickExampleMap.TwinStickExampleMap:PersistentLevel' has LevelScriptBlueprint '/Game/TwinStickBP/Maps/TwinStickExampleMap.TwinStickExampleMap:PersistentLevel.TwinStickExampleMap' with GeneratedClass '/Game/TwinStickBP/Maps/TwinStickExampleMap.TwinStickExampleMap_C' with ClassGeneratedBy '/Game/TwinStickBP/Maps/TwinStickExampleMap.TwinStickExampleMap:PersistentLevel.TwinStickExampleMap'
[2017.06.25-02.54.31:929][ 14]LogTemp: Repeting last play command: New Editor Window (PIE)
[2017.06.25-02.54.31:945][ 14]LogBlueprintUserMessages: Early PlayInEditor Detection: Level '/Game/TwinStickBP/Maps/TwinStickExampleMap.TwinStickExampleMap:PersistentLevel' has LevelScriptBlueprint '/Game/TwinStickBP/Maps/TwinStickExampleMap.TwinStickExampleMap:PersistentLevel.TwinStickExampleMap' with GeneratedClass '/Game/TwinStickBP/Maps/TwinStickExampleMap.TwinStickExampleMap_C' with ClassGeneratedBy '/Game/TwinStickBP/Maps/TwinStickExampleMap.TwinStickExampleMap:PersistentLevel.TwinStickExampleMap'
[2017.06.25-02.54.31:945][ 14]BlueprintLog: New page: Pre-Play auto-recompile
[2017.06.25-02.54.31:945][ 14]LogPlayLevel: [PlayLevel] Compiling EnemySpawner before play...
[2017.06.25-02.54.32:033][ 14]LogPlayLevel: PlayLevel: Blueprint regeneration took 88 ms (1 blueprints)
[2017.06.25-02.54.32:033][ 14]PIE: New page: PIE session: TwinStickExampleMap (Jun 24, 2017, 12:54:32 PM)
[2017.06.25-02.54.32:033][ 14]LogPlayLevel: Creating play world package: /Game/TwinStickBP/Maps/UEDPIE_0_TwinStickExampleMap
[2017.06.25-02.54.32:040][ 14]LogPlayLevel: PIE: StaticDuplicateObject took: (0.006776s)
[2017.06.25-02.54.32:040][ 14]LogAIModule: Creating AISystem for world TwinStickExampleMap
[2017.06.25-02.54.32:040][ 14]LogPlayLevel: PIE: World Init took: (0.000660s)
[2017.06.25-02.54.32:041][ 14]LogPlayLevel: PIE: Created PIE world by copying editor world from /Game/TwinStickBP/Maps/TwinStickExampleMap.TwinStickExampleMap to /Game/TwinStickBP/Maps/UEDPIE_0_TwinStickExampleMap.TwinStickExampleMap (0.007744s)
[2017.06.25-02.54.32:061][ 14]LogInit: XAudio2 using 'Speakers (Realtek High Definition Audio)' : 6 channels at 48 kHz using 32 bits per sample (channel mask 0x3f)
[2017.06.25-02.54.32:125][ 14]LogInit: FAudioDevice initialized.
[2017.06.25-02.54.32:169][ 14]LogLoad: Game class is 'TwinStickGameMode_C'
[2017.06.25-02.54.32:172][ 14]LogWorld: Bringing World /Game/TwinStickBP/Maps/UEDPIE_0_TwinStickExampleMap.TwinStickExampleMap up for play (max tick rate 60) at 2017.06.24-19.54.32
[2017.06.25-02.54.32:173][ 14]LogWorld: Bringing up level for play took: 0.002110
[2017.06.25-02.54.32:173][ 14]LogGameMode:Display: Match State Changed from EnteringMap to WaitingToStart
[2017.06.25-02.54.32:173][ 14]LogGameState: Match State Changed from EnteringMap to WaitingToStart
[2017.06.25-02.54.32:173][ 14]LogGameMode:Display: Match State Changed from WaitingToStart to InProgress
[2017.06.25-02.54.32:174][ 14]LogPlayerManagement:Error: Failed to Create Player: Maximum number of players (4) already created.  Unable to create more.
[2017.06.25-02.54.32:174][ 14]LogPlayerManagement:Error: Failed to Create Player: Maximum number of players (4) already created.  Unable to create more.
[2017.06.25-02.54.32:174][ 14]LogScript:Warning: Accessed None trying to read property CallFunc_GetPlayerController_ReturnValue3
	TwinStickExampleMap_C /Game/TwinStickBP/Maps/UEDPIE_0_TwinStickExampleMap.TwinStickExampleMap:PersistentLevel.TwinStickExampleMap_C_1
	Function /Game/TwinStickBP/Maps/TwinStickExampleMap.TwinStickExampleMap_C:ExecuteUbergraph_TwinStickExampleMap:03AA
[2017.06.25-02.54.32:174][ 14]PIE:Error: Error Blueprint Runtime Error: Accessed None trying to read property CallFunc_GetPlayerController_ReturnValue3 from function: 'ExecuteUbergraph_TwinStickExampleMap' from node: Possess in graph: EventGraph in object: TwinStickExampleMap with description: Accessed None trying to read property CallFunc_GetPlayerController_ReturnValue3
[2017.06.25-02.54.32:174][ 14]LogScript:Warning: Accessed None trying to read property CallFunc_GetPlayerController_ReturnValue6
	TwinStickExampleMap_C /Game/TwinStickBP/Maps/UEDPIE_0_TwinStickExampleMap.TwinStickExampleMap:PersistentLevel.TwinStickExampleMap_C_1
	Function /Game/TwinStickBP/Maps/TwinStickExampleMap.TwinStickExampleMap_C:ExecuteUbergraph_TwinStickExampleMap:00C6
[2017.06.25-02.54.32:174][ 14]PIE:Error: Error Blueprint Runtime Error: Accessed None trying to read property CallFunc_GetPlayerController_ReturnValue6 from function: 'ExecuteUbergraph_TwinStickExampleMap' from node: Possess in graph: EventGraph in object: TwinStickExampleMap with description: Accessed None trying to read property CallFunc_GetPlayerController_ReturnValue6
[2017.06.25-02.54.32:175][ 14]LogGameState: Match State Changed from WaitingToStart to InProgress
[2017.06.25-02.54.32:180][ 14]PIE: Info Play in editor start time for /Game/TwinStickBP/Maps/UEDPIE_0_TwinStickExampleMap -0.694
[2017.06.25-02.54.32:180][ 14]LogBlueprintUserMessages: Late PlayInEditor Detection: Level '/Game/TwinStickBP/Maps/TwinStickExampleMap.TwinStickExampleMap:PersistentLevel' has LevelScriptBlueprint '/Game/TwinStickBP/Maps/TwinStickExampleMap.TwinStickExampleMap:PersistentLevel.TwinStickExampleMap' with GeneratedClass '/Game/TwinStickBP/Maps/TwinStickExampleMap.TwinStickExampleMap_C' with ClassGeneratedBy '/Game/TwinStickBP/Maps/TwinStickExampleMap.TwinStickExampleMap:PersistentLevel.TwinStickExampleMap'
[2017.06.25-02.55.13:686][497]LogBlueprintUserMessages: Early EndPlayMap Detection: Level '/Game/TwinStickBP/Maps/TwinStickExampleMap.TwinStickExampleMap:PersistentLevel' has LevelScriptBlueprint '/Game/TwinStickBP/Maps/TwinStickExampleMap.TwinStickExampleMap:PersistentLevel.TwinStickExampleMap' with GeneratedClass '/Game/TwinStickBP/Maps/TwinStickExampleMap.TwinStickExampleMap_C' with ClassGeneratedBy '/Game/TwinStickBP/Maps/TwinStickExampleMap.TwinStickExampleMap:PersistentLevel.TwinStickExampleMap'
[2017.06.25-02.55.13:746][497]LogBlueprintUserMessages: Late EndPlayMap Detection: Level '/Game/TwinStickBP/Maps/TwinStickExampleMap.TwinStickExampleMap:PersistentLevel' has LevelScriptBlueprint '/Game/TwinStickBP/Maps/TwinStickExampleMap.TwinStickExampleMap:PersistentLevel.TwinStickExampleMap' with GeneratedClass '/Game/TwinStickBP/Maps/TwinStickExampleMap.TwinStickExampleMap_C' with ClassGeneratedBy '/Game/TwinStickBP/Maps/TwinStickExampleMap.TwinStickExampleMap:PersistentLevel.TwinStickExampleMap'
[2017.06.25-02.55.23:752][ 93]LogTemp: Repeting last play command: New Editor Window (PIE)
[2017.06.25-02.55.23:768][ 93]LogBlueprintUserMessages: Early PlayInEditor Detection: Level '/Game/TwinStickBP/Maps/TwinStickExampleMap.TwinStickExampleMap:PersistentLevel' has LevelScriptBlueprint '/Game/TwinStickBP/Maps/TwinStickExampleMap.TwinStickExampleMap:PersistentLevel.TwinStickExampleMap' with GeneratedClass '/Game/TwinStickBP/Maps/TwinStickExampleMap.TwinStickExampleMap_C' with ClassGeneratedBy '/Game/TwinStickBP/Maps/TwinStickExampleMap.TwinStickExampleMap:PersistentLevel.TwinStickExampleMap'
[2017.06.25-02.55.23:768][ 93]LogPlayLevel: PlayLevel: No blueprints needed recompiling
[2017.06.25-02.55.23:768][ 93]PIE: New page: PIE session: TwinStickExampleMap (Jun 24, 2017, 12:55:23 PM)
[2017.06.25-02.55.23:768][ 93]LogPlayLevel: Creating play world package: /Game/TwinStickBP/Maps/UEDPIE_0_TwinStickExampleMap
[2017.06.25-02.55.23:775][ 93]LogPlayLevel: PIE: StaticDuplicateObject took: (0.006849s)
[2017.06.25-02.55.23:776][ 93]LogAIModule: Creating AISystem for world TwinStickExampleMap
[2017.06.25-02.55.23:776][ 93]LogPlayLevel: PIE: World Init took: (0.000777s)
[2017.06.25-02.55.23:776][ 93]LogPlayLevel: PIE: Created PIE world by copying editor world from /Game/TwinStickBP/Maps/TwinStickExampleMap.TwinStickExampleMap to /Game/TwinStickBP/Maps/UEDPIE_0_TwinStickExampleMap.TwinStickExampleMap (0.007864s)
[2017.06.25-02.55.23:796][ 93]LogInit: XAudio2 using 'Speakers (Realtek High Definition Audio)' : 6 channels at 48 kHz using 32 bits per sample (channel mask 0x3f)
[2017.06.25-02.55.23:863][ 93]LogInit: FAudioDevice initialized.
[2017.06.25-02.55.23:908][ 93]LogLoad: Game class is 'TwinStickGameMode_C'
[2017.06.25-02.55.23:912][ 93]LogWorld: Bringing World /Game/TwinStickBP/Maps/UEDPIE_0_TwinStickExampleMap.TwinStickExampleMap up for play (max tick rate 60) at 2017.06.24-19.55.23
[2017.06.25-02.55.23:912][ 93]LogWorld: Bringing up level for play took: 0.002291
[2017.06.25-02.55.23:913][ 93]LogGameMode:Display: Match State Changed from EnteringMap to WaitingToStart
[2017.06.25-02.55.23:913][ 93]LogGameState: Match State Changed from EnteringMap to WaitingToStart
[2017.06.25-02.55.23:913][ 93]LogGameMode:Display: Match State Changed from WaitingToStart to InProgress
[2017.06.25-02.55.23:914][ 93]LogPlayerManagement:Error: Failed to Create Player: Maximum number of players (4) already created.  Unable to create more.
[2017.06.25-02.55.23:914][ 93]LogPlayerManagement:Error: Failed to Create Player: Maximum number of players (4) already created.  Unable to create more.
[2017.06.25-02.55.23:914][ 93]LogScript:Warning: Accessed None trying to read property CallFunc_GetPlayerController_ReturnValue3
	TwinStickExampleMap_C /Game/TwinStickBP/Maps/UEDPIE_0_TwinStickExampleMap.TwinStickExampleMap:PersistentLevel.TwinStickExampleMap_C_1
	Function /Game/TwinStickBP/Maps/TwinStickExampleMap.TwinStickExampleMap_C:ExecuteUbergraph_TwinStickExampleMap:03AA
[2017.06.25-02.55.23:915][ 93]PIE:Error: Error Blueprint Runtime Error: Accessed None trying to read property CallFunc_GetPlayerController_ReturnValue3 from function: 'ExecuteUbergraph_TwinStickExampleMap' from node: Possess in graph: EventGraph in object: TwinStickExampleMap with description: Accessed None trying to read property CallFunc_GetPlayerController_ReturnValue3
[2017.06.25-02.55.23:915][ 93]LogScript:Warning: Accessed None trying to read property CallFunc_GetPlayerController_ReturnValue6
	TwinStickExampleMap_C /Game/TwinStickBP/Maps/UEDPIE_0_TwinStickExampleMap.TwinStickExampleMap:PersistentLevel.TwinStickExampleMap_C_1
	Function /Game/TwinStickBP/Maps/TwinStickExampleMap.TwinStickExampleMap_C:ExecuteUbergraph_TwinStickExampleMap:00C6
[2017.06.25-02.55.23:915][ 93]PIE:Error: Error Blueprint Runtime Error: Accessed None trying to read property CallFunc_GetPlayerController_ReturnValue6 from function: 'ExecuteUbergraph_TwinStickExampleMap' from node: Possess in graph: EventGraph in object: TwinStickExampleMap with description: Accessed None trying to read property CallFunc_GetPlayerController_ReturnValue6
[2017.06.25-02.55.23:915][ 93]LogGameState: Match State Changed from WaitingToStart to InProgress
[2017.06.25-02.55.23:920][ 93]PIE: Info Play in editor start time for /Game/TwinStickBP/Maps/UEDPIE_0_TwinStickExampleMap 1.046
[2017.06.25-02.55.23:920][ 93]LogBlueprintUserMessages: Late PlayInEditor Detection: Level '/Game/TwinStickBP/Maps/TwinStickExampleMap.TwinStickExampleMap:PersistentLevel' has LevelScriptBlueprint '/Game/TwinStickBP/Maps/TwinStickExampleMap.TwinStickExampleMap:PersistentLevel.TwinStickExampleMap' with GeneratedClass '/Game/TwinStickBP/Maps/TwinStickExampleMap.TwinStickExampleMap_C' with ClassGeneratedBy '/Game/TwinStickBP/Maps/TwinStickExampleMap.TwinStickExampleMap:PersistentLevel.TwinStickExampleMap'
[2017.06.25-02.56.04:552][525]LogBlueprintUserMessages: Early EndPlayMap Detection: Level '/Game/TwinStickBP/Maps/TwinStickExampleMap.TwinStickExampleMap:PersistentLevel' has LevelScriptBlueprint '/Game/TwinStickBP/Maps/TwinStickExampleMap.TwinStickExampleMap:PersistentLevel.TwinStickExampleMap' with GeneratedClass '/Game/TwinStickBP/Maps/TwinStickExampleMap.TwinStickExampleMap_C' with ClassGeneratedBy '/Game/TwinStickBP/Maps/TwinStickExampleMap.TwinStickExampleMap:PersistentLevel.TwinStickExampleMap'
[2017.06.25-02.56.04:611][525]LogBlueprintUserMessages: Late EndPlayMap Detection: Level '/Game/TwinStickBP/Maps/TwinStickExampleMap.TwinStickExampleMap:PersistentLevel' has LevelScriptBlueprint '/Game/TwinStickBP/Maps/TwinStickExampleMap.TwinStickExampleMap:PersistentLevel.TwinStickExampleMap' with GeneratedClass '/Game/TwinStickBP/Maps/TwinStickExampleMap.TwinStickExampleMap_C' with ClassGeneratedBy '/Game/TwinStickBP/Maps/TwinStickExampleMap.TwinStickExampleMap:PersistentLevel.TwinStickExampleMap'
[2017.06.25-02.57.01:772][913]LogEditorViewport: Clicking on Actor (LMB): player1_C (player1)
[2017.06.25-03.00.56:409][205]Cmd: QUIT_EDITOR
[2017.06.25-03.00.56:465][205]LogWindowsTextInputMethodSystem:Display: IME system now deactivated.
[2017.06.25-03.00.56:475][205]LogExit: Preparing to exit.
[2017.06.25-03.00.56:993][205]LogDirectoryWatcher: A directory notification for 'C:/supers-master/supers-master 4.16/supers/Content/' was aborted.
[2017.06.25-03.00.57:032][205]LogExit: Editor shut down
[2017.06.25-03.00.57:035][205]LogExit: Transaction tracking system shut down
[2017.06.25-03.00.57:144][205]LogObj: Freed 0b from 0 cluster array pools.
[2017.06.25-03.00.57:144][205]LogExit: Object subsystem successfully closed.
[2017.06.25-03.00.57:173][205]LogD3D11RHI: Shutdown
[2017.06.25-03.00.57:173][205]LogD3D11RHI: CleanupD3DDevice
[2017.06.25-03.00.57:175][205]LogD3D11RHI: ~FD3D11DynamicRHI
[2017.06.25-03.00.57:207][205]LogModuleManager: Shutting down and abandoning module MovieSceneCapture (530)
[2017.06.25-03.00.57:207][205]LogModuleManager: Shutting down and abandoning module BlueprintGraph (528)
[2017.06.25-03.00.57:207][205]LogModuleManager: Shutting down and abandoning module BlueprintProfiler (526)
[2017.06.25-03.00.57:207][205]LogModuleManager: Shutting down and abandoning module HierarchicalLODOutliner (524)
[2017.06.25-03.00.57:207][205]LogModuleManager: Shutting down and abandoning module CrashTracker (522)
[2017.06.25-03.00.57:207][205]LogModuleManager: Shutting down and abandoning module SceneOutliner (520)
[2017.06.25-03.00.57:207][205]LogModuleManager: Shutting down and abandoning module AddContentDialog (518)
[2017.06.25-03.00.57:208][205]LogDirectoryWatcher: A directory notification for 'C:/Program Files/Epic Games/UE_4.16/FeaturePacks/' was aborted.
[2017.06.25-03.00.57:209][205]LogModuleManager: Shutting down and abandoning module WidgetCarousel (517)
[2017.06.25-03.00.57:209][205]LogModuleManager: Shutting down and abandoning module EditorWidgets (514)
[2017.06.25-03.00.57:209][205]LogModuleManager: Shutting down and abandoning module CollectionManager (512)
[2017.06.25-03.00.57:209][205]LogDirectoryWatcher: A directory notification for 'C:/supers-master/supers-master 4.16/supers/Content/Collections/' was aborted.
[2017.06.25-03.00.57:209][205]LogDirectoryWatcher: A directory notification for 'C:/supers-master/supers-master 4.16/supers/Content/Developers/NewXB/Collections/' was aborted.
[2017.06.25-03.00.57:209][205]LogDirectoryWatcher: A directory notification for 'C:/supers-master/supers-master 4.16/supers/Saved/Collections/' was aborted.
[2017.06.25-03.00.57:209][205]LogModuleManager: Shutting down and abandoning module StatsViewer (510)
[2017.06.25-03.00.57:209][205]LogModuleManager: Shutting down and abandoning module FoliageEdit (508)
[2017.06.25-03.00.57:209][205]LogModuleManager: Shutting down and abandoning module LandscapeEditor (506)
[2017.06.25-03.00.57:209][205]LogModuleManager: Shutting down and abandoning module MeshPaintMode (504)
[2017.06.25-03.00.57:210][205]LogModuleManager: Shutting down and abandoning module SceneDepthPickerMode (502)
[2017.06.25-03.00.57:210][205]LogModuleManager: Shutting down and abandoning module ActorPickerMode (500)
[2017.06.25-03.00.57:210][205]LogModuleManager: Shutting down and abandoning module GeometryMode (498)
[2017.06.25-03.00.57:210][205]LogModuleManager: Shutting down and abandoning module TextureAlignMode (496)
[2017.06.25-03.00.57:210][205]LogModuleManager: Shutting down and abandoning module BspMode (494)
[2017.06.25-03.00.57:210][205]LogModuleManager: Shutting down and abandoning module HardwareSurvey (492)
[2017.06.25-03.00.57:210][205]LogModuleManager: Shutting down and abandoning module SequenceRecorderSections (490)
[2017.06.25-03.00.57:210][205]LogModuleManager: Shutting down and abandoning module AutomationWorker (488)
[2017.06.25-03.00.57:210][205]LogModuleManager: Shutting down and abandoning module MatineeToLevelSequence (486)
[2017.06.25-03.00.57:211][205]LogModuleManager: Shutting down and abandoning module LevelSequenceEditor (484)
[2017.06.25-03.00.57:213][205]LogModuleManager: Shutting down and abandoning module PlacementMode (483)
[2017.06.25-03.00.57:213][205]LogModuleManager: Shutting down and abandoning module WmfMediaFactory (480)
[2017.06.25-03.00.57:213][205]LogModuleManager: Shutting down and abandoning module WmfMediaEditor (478)
[2017.06.25-03.00.57:213][205]LogModuleManager: Shutting down and abandoning module AvfMediaFactory (476)
[2017.06.25-03.00.57:213][205]LogModuleManager: Shutting down and abandoning module AvfMediaEditor (474)
[2017.06.25-03.00.57:213][205]LogModuleManager: Shutting down and abandoning module AndroidMediaFactory (472)
[2017.06.25-03.00.57:213][205]LogModuleManager: Shutting down and abandoning module Media (471)
[2017.06.25-03.00.57:213][205]LogModuleManager: Shutting down and abandoning module AndroidMediaEditor (468)
[2017.06.25-03.00.57:213][205]LogModuleManager: Shutting down and abandoning module CharacterAI (466)
[2017.06.25-03.00.57:213][205]LogModuleManager: Shutting down and abandoning module AudioCapture (464)
[2017.06.25-03.00.57:213][205]LogModuleManager: Shutting down and abandoning module SequenceRecorder (463)
[2017.06.25-03.00.57:214][205]LogModuleManager: Shutting down and abandoning module SmartSnapping (460)
[2017.06.25-03.00.57:214][205]LogModuleManager: Shutting down and abandoning module SessionServices (458)
[2017.06.25-03.00.57:214][205]LogModuleManager: Shutting down and abandoning module ViewportSnapping (456)
[2017.06.25-03.00.57:214][205]LogModuleManager: Shutting down and abandoning module ViewportInteraction (454)
[2017.06.25-03.00.57:214][205]LogModuleManager: Shutting down and abandoning module ClothPainter (452)
[2017.06.25-03.00.57:215][205]LogModuleManager: Shutting down and abandoning module LogVisualizer (450)
[2017.06.25-03.00.57:215][205]LogModuleManager: Shutting down and abandoning module IntroTutorials (448)
[2017.06.25-03.00.57:216][205]LogModuleManager: Shutting down and abandoning module GameProjectGeneration (447)
[2017.06.25-03.00.57:216][205]LogModuleManager: Shutting down and abandoning module EditorLiveStreaming (444)
[2017.06.25-03.00.57:216][205]LogModuleManager: Shutting down and abandoning module IOSPlatformEditor (442)
[2017.06.25-03.00.57:216][205]LogModuleManager: Shutting down and abandoning module HTML5PlatformEditor (440)
[2017.06.25-03.00.57:216][205]LogModuleManager: Shutting down and abandoning module AndroidPlatformEditor (438)
[2017.06.25-03.00.57:217][205]LogModuleManager: Shutting down and abandoning module AndroidDeviceDetection (437)
[2017.06.25-03.00.58:127][205]LogModuleManager: Shutting down and abandoning module IOSRuntimeSettings (434)
[2017.06.25-03.00.58:127][205]LogModuleManager: Shutting down and abandoning module AndroidRuntimeSettings (432)
[2017.06.25-03.00.58:127][205]LogModuleManager: Shutting down and abandoning module InputBindingEditor (430)
[2017.06.25-03.00.58:135][205]LogModuleManager: Shutting down and abandoning module MergeActors (428)
[2017.06.25-03.00.58:135][205]LogModuleManager: Shutting down and abandoning module SizeMap (426)
[2017.06.25-03.00.58:135][205]LogModuleManager: Shutting down and abandoning module TreeMap (424)
[2017.06.25-03.00.58:135][205]LogModuleManager: Shutting down and abandoning module ReferenceViewer (422)
[2017.06.25-03.00.58:135][205]LogModuleManager: Shutting down and abandoning module LocalizationDashboard (420)
[2017.06.25-03.00.58:136][205]LogModuleManager: Shutting down and abandoning module LocalizationService (419)
[2017.06.25-03.00.58:136][205]LogModuleManager: Shutting down and abandoning module HardwareTargeting (416)
[2017.06.25-03.00.58:136][205]LogModuleManager: Shutting down and abandoning module DeviceProfileEditor (414)
[2017.06.25-03.00.58:136][205]LogModuleManager: Shutting down and abandoning module UndoHistory (412)
[2017.06.25-03.00.58:137][205]LogModuleManager: Shutting down and abandoning module UserFeedback (410)
[2017.06.25-03.00.58:137][205]LogModuleManager: Shutting down and abandoning module XmlParser (408)
[2017.06.25-03.00.58:137][205]LogModuleManager: Shutting down and abandoning module Blutility (406)
[2017.06.25-03.00.58:138][205]LogModuleManager: Shutting down and abandoning module ProjectSettingsViewer (404)
[2017.06.25-03.00.58:138][205]LogModuleManager: Shutting down and abandoning module ProjectTargetPlatformEditor (403)
[2017.06.25-03.00.58:138][205]LogModuleManager: Shutting down and abandoning module EditorSettingsViewer (400)
[2017.06.25-03.00.58:138][205]LogModuleManager: Shutting down and abandoning module SettingsEditor (398)
[2017.06.25-03.00.58:139][205]LogModuleManager: Shutting down and abandoning module ProjectLauncher (396)
[2017.06.25-03.00.58:139][205]LogModuleManager: Shutting down and abandoning module SessionFrontend (394)
[2017.06.25-03.00.58:139][205]LogModuleManager: Shutting down and abandoning module ProfilerClient (392)
[2017.06.25-03.00.58:139][205]LogModuleManager: Shutting down and abandoning module DeviceManager (390)
[2017.06.25-03.00.58:139][205]LogModuleManager: Shutting down and abandoning module TargetDeviceServices (389)
[2017.06.25-03.00.58:193][205]LogModuleManager: Shutting down and abandoning module AutomationController (386)
[2017.06.25-03.00.58:194][205]LogModuleManager: Shutting down and abandoning module AutomationWindow (384)
[2017.06.25-03.00.58:195][205]LogModuleManager: Shutting down and abandoning module Layers (382)
[2017.06.25-03.00.58:196][205]LogModuleManager: Shutting down and abandoning module ComponentVisualizers (380)
[2017.06.25-03.00.58:196][205]LogModuleManager: Shutting down and abandoning module DetailCustomizations (378)
[2017.06.25-03.00.58:197][205]LogModuleManager: Shutting down and abandoning module PackagesDialog (376)
[2017.06.25-03.00.58:197][205]LogModuleManager: Shutting down and abandoning module Persona (374)
[2017.06.25-03.00.58:198][205]LogModuleManager: Shutting down and abandoning module AdvancedPreviewScene (373)
[2017.06.25-03.00.58:198][205]LogModuleManager: Shutting down and abandoning module AnimGraph (371)
[2017.06.25-03.00.58:198][205]LogModuleManager: Shutting down and abandoning module Kismet (368)
[2017.06.25-03.00.58:204][205]LogModuleManager: Shutting down and abandoning module ClassViewer (366)
[2017.06.25-03.00.58:204][205]LogModuleManager: Shutting down and abandoning module Toolbox (364)
[2017.06.25-03.00.58:204][205]LogModuleManager: Shutting down and abandoning module ModuleUI (362)
[2017.06.25-03.00.58:204][205]LogModuleManager: Shutting down and abandoning module MovieSceneTools (360)
[2017.06.25-03.00.58:205][205]LogModuleManager: Shutting down and abandoning module OutputLog (358)
[2017.06.25-03.00.58:205][205]LogModuleManager: Shutting down and abandoning module GammaUI (356)
[2017.06.25-03.00.58:206][205]LogModuleManager: Shutting down and abandoning module Documentation (354)
[2017.06.25-03.00.58:206][205]LogModuleManager: Shutting down and abandoning module MovieSceneTracks (352)
[2017.06.25-03.00.58:206][205]LogModuleManager: Shutting down and abandoning module MovieScene (350)
[2017.06.25-03.00.58:206][205]LogModuleManager: Shutting down and abandoning module Niagara (348)
[2017.06.25-03.00.58:206][205]LogModuleManager: Shutting down and abandoning module NiagaraEditor (347)
[2017.06.25-03.00.58:208][205]LogModuleManager: Shutting down and abandoning module StreamingPauseRendering (344)
[2017.06.25-03.00.58:208][205]LogModuleManager: Shutting down and abandoning module AnalyticsET (342)
[2017.06.25-03.00.58:208][205]LogModuleManager: Shutting down and abandoning module PortalServices (340)
[2017.06.25-03.00.58:208][205]LogModuleManager: Shutting down and abandoning module PortalRpc (338)
[2017.06.25-03.00.58:208][205]LogModuleManager: Shutting down and abandoning module MessagingRpc (336)
[2017.06.25-03.00.58:208][205]LogModuleManager: Shutting down and abandoning module AIModule (334)
[2017.06.25-03.00.58:208][205]LogModuleManager: Shutting down and abandoning module GameplayDebugger (333)
[2017.06.25-03.00.58:208][205]LogModuleManager: Shutting down and abandoning module AITestSuite (331)
[2017.06.25-03.00.58:208][205]LogModuleManager: Shutting down and abandoning module ProfilerService (328)
[2017.06.25-03.00.58:448][205]LogModuleManager: Shutting down and abandoning module TaskGraph (326)
[2017.06.25-03.00.58:448][205]LogModuleManager: Shutting down and abandoning module SteamVRController (324)
[2017.06.25-03.00.58:448][205]LogModuleManager: Shutting down and abandoning module SteamVR (322)
[2017.06.25-03.00.58:449][205]LogModuleManager: Shutting down and abandoning module ProceduralMeshComponentEditor (320)
[2017.06.25-03.00.58:449][205]LogModuleManager: Shutting down and abandoning module ProceduralMeshComponent (318)
[2017.06.25-03.00.58:449][205]LogModuleManager: Shutting down and abandoning module OculusLibrary (316)
[2017.06.25-03.00.58:449][205]LogModuleManager: Shutting down and abandoning module OculusInput (314)
[2017.06.25-03.00.58:449][205]LogModuleManager: Shutting down and abandoning module MobilePatchingUtils (312)
[2017.06.25-03.00.58:449][205]LogModuleManager: Shutting down and abandoning module CustomMeshComponent (310)
[2017.06.25-03.00.58:449][205]LogModuleManager: Shutting down and abandoning module CableComponent (308)
[2017.06.25-03.00.58:449][205]LogModuleManager: Shutting down and abandoning module ArchVisCharacter (306)
[2017.06.25-03.00.58:449][205]LogModuleManager: Shutting down and abandoning module AndroidPermission (304)
[2017.06.25-03.00.58:449][205]LogModuleManager: Shutting down and abandoning module MediaPlayerEditor (300)
[2017.06.25-03.00.58:450][205]LogModuleManager: Shutting down and abandoning module HTML5Networking (298)
[2017.06.25-03.00.58:450][205]LogModuleManager: Shutting down and abandoning module AlembicImporter (296)
[2017.06.25-03.00.58:451][205]LogModuleManager: Shutting down and abandoning module AlembicLibrary (295)
[2017.06.25-03.00.58:451][205]LogModuleManager: Shutting down and abandoning module GeometryCache (294)
[2017.06.25-03.00.58:451][205]LogModuleManager: Shutting down and abandoning module GeometryCacheEd (293)
[2017.06.25-03.00.58:451][205]LogModuleManager: Shutting down and abandoning module SuperSearchEditor (288)
[2017.06.25-03.00.58:451][205]LogModuleManager: Shutting down and abandoning module SuperSearch (287)
[2017.06.25-03.00.58:451][205]LogModuleManager: Shutting down and abandoning module SpeedTreeImporter (284)
[2017.06.25-03.00.58:451][205]LogModuleManager: Shutting down and abandoning module PluginBrowser (282)
[2017.06.25-03.00.58:451][205]LogModuleManager: Shutting down and abandoning module MobileLauncherProfileWizard (280)
[2017.06.25-03.00.58:451][205]LogModuleManager: Shutting down and abandoning module VisualStudioSourceCodeAccess (278)
[2017.06.25-03.00.58:451][205]LogModuleManager: Shutting down and abandoning module DesktopPlatform (277)
[2017.06.25-03.00.58:451][205]LogModuleManager: Shutting down and abandoning module UObjectPlugin (274)
[2017.06.25-03.00.58:451][205]LogModuleManager: Shutting down and abandoning module SubversionSourceControl (272)
[2017.06.25-03.00.58:451][205]LogModuleManager: Shutting down and abandoning module PerforceSourceControl (270)
[2017.06.25-03.00.58:452][205]LogModuleManager: Shutting down and abandoning module GitSourceControl (268)
[2017.06.25-03.00.58:452][205]LogModuleManager: Shutting down and abandoning module SourceControl (267)
[2017.06.25-03.00.58:452][205]LogModuleManager: Shutting down and abandoning module LightPropagationVolumeEditor (264)
[2017.06.25-03.00.58:452][205]LogModuleManager: Shutting down and abandoning module PaperTiledImporter (262)
[2017.06.25-03.00.58:452][205]LogModuleManager: Shutting down and abandoning module PaperSpriteSheetImporter (260)
[2017.06.25-03.00.58:452][205]LogModuleManager: Shutting down and abandoning module Paper2DEditor (258)
[2017.06.25-03.00.58:453][205]LogModuleManager: Shutting down and abandoning module MeshPaint (257)
[2017.06.25-03.00.58:453][205]LogModuleManager: Shutting down and abandoning module LevelEditor (255)
[2017.06.25-03.00.58:454][205]LogModuleManager: Shutting down and abandoning module PixelInspectorModule (254)
[2017.06.25-03.00.58:454][205]LogModuleManager: Shutting down and abandoning module MainFrame (252)
[2017.06.25-03.00.58:454][205]LogModuleManager: Shutting down and abandoning module HotReload (251)
[2017.06.25-03.00.58:455][205]LogModuleManager: Shutting down and abandoning module PhysXVehiclesEditor (246)
[2017.06.25-03.00.58:455][205]LogModuleManager: Shutting down and abandoning module PhysXVehicles (244)
[2017.06.25-03.00.58:455][205]LogModuleManager: Shutting down and abandoning module LocationServicesBPLibrary (242)
[2017.06.25-03.00.58:455][205]LogModuleManager: Shutting down and abandoning module ImmediatePhysicsEditor (240)
[2017.06.25-03.00.58:455][205]LogModuleManager: Shutting down and abandoning module ImmediatePhysics (238)
[2017.06.25-03.00.58:455][205]LogModuleManager: Shutting down and abandoning module UdpMessaging (236)
[2017.06.25-03.00.58:556][205]LogModuleManager: Shutting down and abandoning module TcpMessaging (234)
[2017.06.25-03.00.58:657][205]LogModuleManager: Shutting down and abandoning module GameplayTagsEditor (232)
[2017.06.25-03.00.58:694][205]LogModuleManager: Shutting down and abandoning module FacialAnimationEditor (230)
[2017.06.25-03.00.58:694][205]LogModuleManager: Shutting down and abandoning module FacialAnimation (228)
[2017.06.25-03.00.58:694][205]LogModuleManager: Shutting down and abandoning module AssetManagerEditor (226)
[2017.06.25-03.00.58:694][205]LogModuleManager: Shutting down and abandoning module GraphEditor (225)
[2017.06.25-03.00.58:694][205]LogModuleManager: Shutting down and abandoning module ContentBrowser (223)
[2017.06.25-03.00.58:695][205]LogModuleManager: Shutting down and abandoning module LightPropagationVolumeRuntime (220)
[2017.06.25-03.00.58:695][205]LogModuleManager: Shutting down and abandoning module Paper2D (218)
[2017.06.25-03.00.58:695][205]LogModuleManager: Shutting down and abandoning module WindowsMoviePlayer (216)
[2017.06.25-03.00.58:695][205]LogModuleManager: Shutting down and abandoning module WmfMedia (214)
[2017.06.25-03.00.58:696][205]LogModuleManager: Shutting down and abandoning module ClothingSystemEditor (212)
[2017.06.25-03.00.58:696][205]LogModuleManager: Shutting down and abandoning module ClothingSystemRuntime (210)
[2017.06.25-03.00.58:696][205]LogModuleManager: Shutting down and abandoning module MediaAssets (208)
[2017.06.25-03.00.58:696][205]LogModuleManager: Shutting down and abandoning module GameLiveStreaming (206)
[2017.06.25-03.00.58:696][205]LogModuleManager: Shutting down and abandoning module VREditor (204)
[2017.06.25-03.00.58:697][205]LogModuleManager: Shutting down and abandoning module StringTableEditor (202)
[2017.06.25-03.00.58:697][205]LogModuleManager: Shutting down and abandoning module GameplayTasksEditor (200)
[2017.06.25-03.00.58:697][205]LogModuleManager: Shutting down and abandoning module BehaviorTreeEditor (198)
[2017.06.25-03.00.58:697][205]LogModuleManager: Shutting down and abandoning module FunctionalTesting (196)
[2017.06.25-03.00.58:697][205]LogModuleManager: Shutting down and abandoning module CollisionAnalyzer (194)
[2017.06.25-03.00.58:698][205]LogModuleManager: Shutting down and abandoning module UMG (192)
[2017.06.25-03.00.58:698][205]LogModuleManager: Shutting down and abandoning module UMGEditor (191)
[2017.06.25-03.00.58:698][205]LogModuleManager: Shutting down and abandoning module Sequencer (190)
[2017.06.25-03.00.58:699][205]LogModuleManager: Shutting down and abandoning module AssetTools (188)
[2017.06.25-03.00.58:701][205]LogModuleManager: Shutting down and abandoning module MessageLog (187)
[2017.06.25-03.00.58:701][205]LogModuleManager: Shutting down and abandoning module WorkspaceMenuStructure (186)
[2017.06.25-03.00.58:701][205]LogModuleManager: Shutting down and abandoning module SlateReflector (180)
[2017.06.25-03.00.58:702][205]LogModuleManager: Shutting down and abandoning module Slate (178)
[2017.06.25-03.00.58:702][205]LogModuleManager: Shutting down and abandoning module EditorStyle (176)
[2017.06.25-03.00.58:704][205]LogModuleManager: Shutting down and abandoning module SourceCodeAccess (174)
[2017.06.25-03.00.58:704][205]LogModuleManager: Shutting down and abandoning module HeadMountedDisplay (172)
[2017.06.25-03.00.58:704][205]LogModuleManager: Shutting down and abandoning module XAudio2 (170)
[2017.06.25-03.00.58:704][205]LogModuleManager: Shutting down and abandoning module Networking (168)
[2017.06.25-03.00.58:704][205]LogModuleManager: Shutting down and abandoning module Core (164)
[2017.06.25-03.00.58:704][205]LogModuleManager: Shutting down and abandoning module AssetRegistry (162)
[2017.06.25-03.00.58:914][205]LogDirectoryWatcher: A directory notification for '../../../Engine/Content/' was aborted.
[2017.06.25-03.00.58:914][205]LogDirectoryWatcher: A directory notification for '../../../../../../supers-master/supers-master 4.16/supers/Content/' was aborted.
[2017.06.25-03.00.58:914][205]LogDirectoryWatcher: A directory notification for '../../../Engine/Plugins/2D/Paper2D/Content/' was aborted.
[2017.06.25-03.00.58:914][205]LogDirectoryWatcher: A directory notification for '../../../Engine/Plugins/Runtime/GearVR/Content/' was aborted.
[2017.06.25-03.00.58:918][205]LogModuleManager: Shutting down and abandoning module DirectoryWatcher (161)
[2017.06.25-03.00.58:918][205]LogModuleManager: Shutting down and abandoning module KismetCompiler (158)
[2017.06.25-03.00.58:918][205]LogModuleManager: Shutting down and abandoning module LevelSequence (156)
[2017.06.25-03.00.58:918][205]LogModuleManager: Shutting down and abandoning module PhysXFormats (154)
[2017.06.25-03.00.58:918][205]LogModuleManager: Shutting down and abandoning module MeshUtilities (152)
[2017.06.25-03.00.58:920][205]LogModuleManager: Shutting down and abandoning module SimplygonSwarm (151)
[2017.06.25-03.00.58:920][205]LogModuleManager: Shutting down and abandoning module SimplygonMeshReduction (149)
[2017.06.25-03.00.58:920][205]LogModuleManager: Shutting down and abandoning module QuadricMeshReduction (147)
[2017.06.25-03.00.58:920][205]LogModuleManager: Shutting down and abandoning module DerivedDataCache (144)
[2017.06.25-03.00.59:020][205]LogDerivedDataCache: Shutdown
[2017.06.25-03.00.59:020][205]LogModuleManager: Shutting down and abandoning module TargetPlatform (142)
[2017.06.25-03.00.59:020][205]LogModuleManager: Shutting down and abandoning module VulkanShaderFormat (141)
[2017.06.25-03.00.59:021][205]LogModuleManager: Shutting down and abandoning module ShaderFormatVectorVM (139)
[2017.06.25-03.00.59:021][205]LogModuleManager: Shutting down and abandoning module ShaderFormatOpenGL (137)
[2017.06.25-03.00.59:022][205]LogModuleManager: Shutting down and abandoning module ShaderFormatD3D (135)
[2017.06.25-03.00.59:022][205]LogModuleManager: Shutting down and abandoning module MetalShaderFormat (133)
[2017.06.25-03.00.59:022][205]LogModuleManager: Shutting down and abandoning module TextureFormatUncompressed (131)
[2017.06.25-03.00.59:022][205]LogModuleManager: Shutting down and abandoning module TextureFormatPVR (129)
[2017.06.25-03.00.59:022][205]LogModuleManager: Shutting down and abandoning module TextureFormatDXT (127)
[2017.06.25-03.00.59:022][205]LogModuleManager: Shutting down and abandoning module TextureFormatIntelISPCTexComp (125)
[2017.06.25-03.00.59:022][205]LogModuleManager: Shutting down and abandoning module TextureFormatASTC (123)
[2017.06.25-03.00.59:022][205]LogModuleManager: Shutting down and abandoning module ImageWrapper (122)
[2017.06.25-03.00.59:022][205]LogModuleManager: Shutting down and abandoning module TextureFormatAndroid (119)
[2017.06.25-03.00.59:022][205]LogModuleManager: Shutting down and abandoning module AudioFormatOpus (117)
[2017.06.25-03.00.59:022][205]LogModuleManager: Shutting down and abandoning module AudioFormatOgg (115)
[2017.06.25-03.00.59:022][205]LogModuleManager: Shutting down and abandoning module AudioFormatADPCM (113)
[2017.06.25-03.00.59:022][205]LogModuleManager: Shutting down and abandoning module LinuxTargetPlatform (111)
[2017.06.25-03.00.59:022][205]LogModuleManager: Shutting down and abandoning module LinuxServerTargetPlatform (109)
[2017.06.25-03.00.59:022][205]LogModuleManager: Shutting down and abandoning module LinuxNoEditorTargetPlatform (107)
[2017.06.25-03.00.59:022][205]LogModuleManager: Shutting down and abandoning module LinuxClientTargetPlatform (105)
[2017.06.25-03.00.59:022][205]LogModuleManager: Shutting down and abandoning module TVOSTargetPlatform (103)
[2017.06.25-03.00.59:022][205]LogModuleManager: Shutting down and abandoning module Messaging (101)
[2017.06.25-03.00.59:022][205]LogModuleManager: Shutting down and abandoning module IOSTargetPlatform (99)
[2017.06.25-03.00.59:022][205]LogModuleManager: Shutting down and abandoning module HTML5TargetPlatform (97)
[2017.06.25-03.00.59:022][205]LogModuleManager: Shutting down and abandoning module Android_PVRTCTargetPlatform (95)
[2017.06.25-03.00.59:022][205]LogModuleManager: Shutting down and abandoning module Android_MultiTargetPlatform (93)
[2017.06.25-03.00.59:022][205]LogModuleManager: Shutting down and abandoning module Android_ETC2TargetPlatform (91)
[2017.06.25-03.00.59:022][205]LogModuleManager: Shutting down and abandoning module Android_ETC1TargetPlatform (89)
[2017.06.25-03.00.59:022][205]LogModuleManager: Shutting down and abandoning module Android_DXTTargetPlatform (87)
[2017.06.25-03.00.59:022][205]LogModuleManager: Shutting down and abandoning module Android_ATCTargetPlatform (85)
[2017.06.25-03.00.59:022][205]LogModuleManager: Shutting down and abandoning module Android_ASTCTargetPlatform (83)
[2017.06.25-03.00.59:022][205]LogModuleManager: Shutting down and abandoning module AndroidTargetPlatform (81)
[2017.06.25-03.00.59:022][205]LogModuleManager: Shutting down and abandoning module WindowsTargetPlatform (79)
[2017.06.25-03.00.59:022][205]LogModuleManager: Shutting down and abandoning module WindowsServerTargetPlatform (77)
[2017.06.25-03.00.59:022][205]LogModuleManager: Shutting down and abandoning module WindowsNoEditorTargetPlatform (75)
[2017.06.25-03.00.59:022][205]LogModuleManager: Shutting down and abandoning module WindowsClientTargetPlatform (73)
[2017.06.25-03.00.59:022][205]LogModuleManager: Shutting down and abandoning module MacTargetPlatform (71)
[2017.06.25-03.00.59:022][205]LogModuleManager: Shutting down and abandoning module MacServerTargetPlatform (69)
[2017.06.25-03.00.59:022][205]LogModuleManager: Shutting down and abandoning module MacNoEditorTargetPlatform (67)
[2017.06.25-03.00.59:022][205]LogModuleManager: Shutting down and abandoning module MacClientTargetPlatform (65)
[2017.06.25-03.00.59:022][205]LogModuleManager: Shutting down and abandoning module AllDesktopTargetPlatform (63)
[2017.06.25-03.00.59:022][205]LogModuleManager: Shutting down and abandoning module InputCore (60)
[2017.06.25-03.00.59:022][205]LogModuleManager: Shutting down and abandoning module Settings (58)
[2017.06.25-03.00.59:023][205]LogModuleManager: Shutting down and abandoning module OculusRift (56)
[2017.06.25-03.00.59:023][205]LogModuleManager: Shutting down and abandoning module GearVRController (54)
[2017.06.25-03.00.59:023][205]LogModuleManager: Shutting down and abandoning module GearVR (52)
[2017.06.25-03.00.59:023][205]LogModuleManager: Shutting down and abandoning module ExampleDeviceProfileSelector (50)
[2017.06.25-03.00.59:023][205]LogModuleManager: Shutting down and abandoning module OnlineBlueprintSupport (48)
[2017.06.25-03.00.59:023][205]LogModuleManager: Shutting down and abandoning module OnlineSubsystem (44)
[2017.06.25-03.00.59:023][205]LogOnline:Display: Unloading online subsystem: NULL
[2017.06.25-03.00.59:024][205]LogModuleManager: Shutting down and abandoning module XMPP (43)
[2017.06.25-03.00.59:024][205]LogModuleManager: Shutting down and abandoning module HTTP (41)
[2017.06.25-03.00.59:024][205]LogHttp:Display: Http module shutting down, but needs to wait on 1 outstanding Http requests:
[2017.06.25-03.00.59:024][205]LogHttp:Display: 	verb=[POST] url=[https://datarouter.ol.epicgames.com/datarouter/api/v1/public/data?SessionID=%7B56D2673E-447B-68F1-5796-3CB1EBA8ED51%7D&AppID=UEEditor.Rocket.Release&AppVersion=4.16.1-3466753%2B%2B%2BUE4%2BRelease-4.16&UserID=ccbd696a430c42306ac6d1845b8e8cc2%7Cbccad1b3b1304992b6c7a115ad0c5f38%7C64686fe7-a4cd-47f8-aa0b-7720796a3ca2&AppEnvironment=datacollector-binary&UploadType=eteventstream] status=Processing
[2017.06.25-03.00.59:056][205]LogModuleManager: Shutting down and abandoning module SSL (40)
[2017.06.25-03.00.59:057][205]LogModuleManager: Shutting down and abandoning module HTTPChunkInstaller (36)
[2017.06.25-03.00.59:057][205]LogModuleManager: Shutting down and abandoning module AnimationModifiers (34)
[2017.06.25-03.00.59:057][205]LogModuleManager: Shutting down and abandoning module PropertyEditor (33)
[2017.06.25-03.00.59:057][205]LogModuleManager: Shutting down and abandoning module AudioEditor (30)
[2017.06.25-03.00.59:058][205]LogModuleManager: Shutting down and abandoning module TextureCompressor (28)
[2017.06.25-03.00.59:058][205]LogModuleManager: Shutting down and abandoning module ShaderCore (26)
[2017.06.25-03.00.59:058][205]LogModuleManager: Shutting down and abandoning module Landscape (24)
[2017.06.25-03.00.59:058][205]LogModuleManager: Shutting down and abandoning module SlateRHIRenderer (22)
[2017.06.25-03.00.59:059][205]LogModuleManager: Shutting down and abandoning module OpenGLDrv (20)
[2017.06.25-03.00.59:059][205]LogModuleManager: Shutting down and abandoning module D3D11RHI (18)
[2017.06.25-03.00.59:059][205]LogModuleManager: Shutting down and abandoning module AnimGraphRuntime (16)
[2017.06.25-03.00.59:059][205]LogModuleManager: Shutting down and abandoning module Renderer (14)
[2017.06.25-03.00.59:059][205]LogModuleManager: Shutting down and abandoning module Engine (12)
[2017.06.25-03.00.59:059][205]LogModuleManager: Shutting down and abandoning module CoreUObject (10)
[2017.06.25-03.00.59:059][205]LogModuleManager: Shutting down and abandoning module NetworkFile (8)
[2017.06.25-03.00.59:059][205]LogModuleManager: Shutting down and abandoning module StreamingFile (6)
[2017.06.25-03.00.59:059][205]LogModuleManager: Shutting down and abandoning module SandboxFile (4)
[2017.06.25-03.00.59:060][205]LogModuleManager: Shutting down and abandoning module PakFile (2)
[2017.06.25-03.00.59:061][205]LogExit: Exiting.
[2017.06.25-03.00.59:074][205]Log file closed, 06/24/17 20:00:59
